00:17:35 INFO  [Nylon]: Wine was not detected. Assuming we are running on a Windows NT OS Please report this if this detection is an error.
00:17:35 INFO  [Nylon]: Minhook initialized!
00:17:35 INFO  [Nylon]: Setting up default hooks...
00:17:35 INFO  [Nylon]: Hooked function at address: 0x764E89E0
00:17:35 INFO  [Nylon]: Hooked function at address: 0x764E8320
00:17:35 INFO  [Nylon]: Hooked function at address: 0x764E2520
00:17:35 INFO  [Nylon]: Hooked function at address: 0x00530970
00:17:35 INFO  [Nylon]: Hooked function at address: 0x00530940
00:17:35 INFO  [Nylon]: Hooked function at address: 0x004A1780
00:17:35 INFO  [Nylon]: Hooked function at address: 0x00472B50
00:17:35 INFO  [Nylon]: Hooked function at address: 0x0057B940
00:17:36 INFO  [Nylon]: Hooked function at address: 0x00601D30
00:17:36 INFO  [Nylon]: Hooked function at address: 0x0047DFA0
00:17:36 INFO  [Nylon]: Hooked function at address: 0x0057AE20
00:17:36 INFO  [Nylon]: Hooked function at address: 0x00D94EE8
00:17:36 INFO  [Nylon]: Hooked function at address: 0x004A6820
00:17:36 INFO  [Nylon]: Hooked function at address: 0x0047E5B0
00:17:36 INFO  [Nylon]: Finished setting up default hooks.
00:17:36 INFO  [Nylon]: Loading mods...
00:17:36 INFO  [Nylon]: Loading mods from: "C:\Games\Guitar Hero III\nylon\Mods"
00:17:36 INFO  [Nylon]: Checking for: "C:\Games\Guitar Hero III\nylon\Mods\GH3Deluxe\modinfo.json"...
00:17:36 INFO  [Nylon]: Loading...
00:17:36 INFO  [Nylon]: Found mod: gh3dx
00:17:36 INFO  [Nylon]: Finished loading mods.
00:17:36 INFO  [Nylon]: Finished Core Initialization!
00:17:36 INFO  [Nylon]: Expecting: "GH3Deluxe\pak\gh3dx.pak"
00:17:36 INFO  [Nylon]: Found it! Loading...
00:17:36 INFO  [Nylon]: Done!
00:17:37 INFO  [Nylon]: Hooking DirectX 9...
00:17:37 INFO  [Nylon]: Hooked function at address: 0x58906500
00:17:37 INFO  [Nylon]: Hooked function at address: 0x58906120
00:17:37 INFO  [Nylon]: Hooked function at address: 0x7849B040
00:17:37 ERROR [Nylon]: Failed to hook function at address: 0x7849B040 Error Code: 3
00:17:37 INFO  [Nylon]: Finished hooking DirectX 9.
00:17:37 INFO  [Nylon]: Hooked function at address: 0x7849C550
00:17:37 ERROR [Nylon]: Failed to hook function at address: 0x7849C550 Error Code: 3
00:17:37 INFO  [Nylon]: KeyboardSetCooperativeLevel -> 6
00:17:37 INFO  [Nylon]: KeyboardSetCooperativeLevel -> 5
00:17:55 INFO  [GH3]: {
00:17:55 INFO  [GH3]:   Unknown(0x69d0dfaf) (QTypeInt) : 0
00:17:55 INFO  [GH3]:   Unknown(0xd4c98794) (QTypeWString) : "CHECKING..."
00:17:55 INFO  [GH3]:   Unknown(0x26bf66f3) (QTypeQbStruct) : 
00:17:55 INFO  [GH3]: 	{
00:17:55 INFO  [GH3]: 	  Unknown(0xc4745838) (QTypeWString) : "Checking storage device..."
00:17:55 INFO  [GH3]: 	}
00:17:55 INFO  [GH3]: }
00:17:55 INFO  [GH3]: {
00:17:55 INFO  [GH3]:   Unknown(0x69d0dfaf) (QTypeInt) : 0
00:17:55 INFO  [GH3]:   Unknown(0x26bf66f3) (QTypeQbStruct) : 
00:17:55 INFO  [GH3]: 	{
00:17:55 INFO  [GH3]: 	  Unknown(0xc4745838) (QTypeWString) : "Game content is damaged and cannot be used. Do you want to delete this content? All progress within this save content will be lost."
00:17:55 INFO  [GH3]: 	  Unknown(0x34a68574) (QTypePair) : (800, 500)
00:17:55 INFO  [GH3]: 	  Unknown(0x7f261953) (QTypePair) : (640, 375)
00:17:55 INFO  [GH3]: 	  Unknown(0x13b9da7b) (QTypeFloat) : 0.5
00:17:55 INFO  [GH3]: 	}
00:17:55 INFO  [GH3]:   Unknown(0xe787d761) (QTypePair) : (640, 465)
00:17:55 INFO  [GH3]:   Unknown(0xad8a5a63) (QTypePair) : (256, 64)
00:17:55 INFO  [GH3]:   Unknown(0x2fca0578) (QTypeQbArray) : Type:"QTypeQbArray" Size:1100632480
00:17:55 INFO  [GH3]: }
00:17:56 INFO  [GH3]: {
00:17:56 INFO  [GH3]:   Unknown(0x69d0dfaf) (QTypeInt) : 0
00:17:56 INFO  [GH3]:   Unknown(0xd4c98794) (QTypeWString) : "SUCCESSFUL"
00:17:56 INFO  [GH3]:   Unknown(0x26bf66f3) (QTypeQbStruct) : 
00:17:56 INFO  [GH3]: 	{
00:17:56 INFO  [GH3]: 	  Unknown(0xc4745838) (QTypeWString) : "Load successful."
00:17:56 INFO  [GH3]: 	}
00:17:56 INFO  [GH3]: }
00:18:01 INFO  [GH3]: {
00:18:01 INFO  [GH3]:   Unknown(0x7323e97c) (QTypeQbArray) : Type:"QTypeQbArray" Size:1104542624
00:18:01 INFO  [GH3]: }
00:18:35 INFO  [GH3]: {
00:18:35 INFO  [GH3]:   Unknown(0x40c698af) (QTypeQbKey) : 0xfad85b3f
00:18:35 INFO  [GH3]: }
00:18:35 INFO  [GH3]: {
00:18:35 INFO  [GH3]:   Unknown(0x40c698af) (QTypeQbKey) : 0xed108a91
00:18:35 INFO  [GH3]: }
00:18:35 INFO  [GH3]: {
00:18:35 INFO  [GH3]:   Unknown(0xb30d9965) (QTypeInt) : 0
00:18:35 INFO  [GH3]:   Unknown(0x40c698af) (QTypeQbKey) : 0xfa3fe312
00:18:35 INFO  [GH3]: }
00:18:35 INFO  [GH3]: {
00:18:35 INFO  [GH3]:   Unknown(0xb30d9965) (QTypeInt) : 0
00:18:35 INFO  [GH3]:   Unknown(0x40c698af) (QTypeQbKey) : 0x1d87ce15
00:18:35 INFO  [GH3]: }
00:18:35 INFO  [GH3]: {
00:18:35 INFO  [GH3]:   Unknown(0xb30d9965) (QTypeInt) : 0
00:18:35 INFO  [GH3]:   Unknown(0x40c698af) (QTypeQbKey) : 0xa477766
00:18:35 INFO  [GH3]: }
00:18:35 INFO  [GH3]: {
00:18:35 INFO  [GH3]:   Unknown(0xb30d9965) (QTypeInt) : 0
00:18:35 INFO  [GH3]:   Unknown(0x40c698af) (QTypeQbKey) : 0xe449164a
00:18:35 INFO  [GH3]: }
00:18:35 INFO  [GH3]: {
00:18:35 INFO  [GH3]:   Unknown(0xb30d9965) (QTypeInt) : 0
00:18:35 INFO  [GH3]:   Unknown(0x40c698af) (QTypeQbKey) : 0xd2ab37f
00:18:35 INFO  [GH3]: }
00:18:35 INFO  [GH3]: {
00:18:35 INFO  [GH3]:   Unknown(0xb30d9965) (QTypeInt) : 0
00:18:35 INFO  [GH3]:   Unknown(0x40c698af) (QTypeQbKey) : 0xe324d253
00:18:35 INFO  [GH3]: }
00:18:35 INFO  [GH3]: {
00:18:35 INFO  [GH3]:   Unknown(0xb30d9965) (QTypeInt) : 0
00:18:35 INFO  [GH3]:   Unknown(0x40c698af) (QTypeQbKey) : 0x49cff54
00:18:35 INFO  [GH3]: }
00:18:36 INFO  [GH3]: {
00:18:36 INFO  [GH3]:   Unknown(0x83aaa1a0) (QTypeQbKey) : 0xeb323e20
00:18:36 INFO  [GH3]:   Unknown(0xdb616875) (QTypeInt) : 3
00:18:36 INFO  [GH3]:   Unknown(0xd8f1a5c6) (QTypeQbKey) : 0x2fd14a88
00:18:36 INFO  [GH3]:   Unknown(0xb7822ed8) (QTypeInt) : 4
00:18:36 INFO  [GH3]:   Unknown(0xcc12115e) (QTypeQbKey) : 0x2fd14a88
00:18:36 INFO  [GH3]:   Unknown(0x8a4c762d) (QTypeQbKey) : 0x7c351c4a
00:18:36 INFO  [GH3]: }
00:18:36 INFO  [GH3]: {
00:18:36 INFO  [GH3]:   Unknown(0x00000000) (QTypeQbKey) : 0x6086aa70
00:18:36 INFO  [GH3]:   Unknown(0x520c0c9c) (QTypeQbKey) : 0x806fff30
00:18:36 INFO  [GH3]:   Unknown(0x26861025) (QTypeQbKey) : 0x0000
00:18:36 INFO  [GH3]:   Unknown(0xec953eec) (QTypeInt) : 0
00:18:36 INFO  [GH3]: }
00:18:36 INFO  [GH3]: {
00:18:36 INFO  [GH3]:   Unknown(0x7321a8d6) (QTypeQbKey) : 0x7acf53ca
00:18:36 INFO  [GH3]: }
00:18:36 INFO  [GH3]: {
00:18:36 INFO  [GH3]:   Unknown(0x00000000) (QTypeQbKey) : 0x6086aa70
00:18:36 INFO  [GH3]:   Unknown(0x520c0c9c) (QTypeQbKey) : 0x806fff30
00:18:36 INFO  [GH3]:   Unknown(0x26861025) (QTypeQbKey) : 0x0000
00:18:36 INFO  [GH3]:   Unknown(0xec953eec) (QTypeInt) : 0
00:18:36 INFO  [GH3]: }
00:18:37 INFO  [GH3]: {
00:18:37 INFO  [GH3]:   Unknown(0x00000000) (QTypeQbKey) : 0x6086aa70
00:18:37 INFO  [GH3]:   Unknown(0x520c0c9c) (QTypeQbKey) : 0x806fff30
00:18:37 INFO  [GH3]:   Unknown(0x26861025) (QTypeQbKey) : 0x0000
00:18:37 INFO  [GH3]:   Unknown(0xec953eec) (QTypeInt) : 0
00:18:37 INFO  [GH3]: }
00:18:37 INFO  [GH3]: {
00:18:37 INFO  [GH3]:   Unknown(0x00000000) (QTypeQbKey) : 0x6086aa70
00:18:37 INFO  [GH3]:   Unknown(0x520c0c9c) (QTypeQbKey) : 0x806fff30
00:18:37 INFO  [GH3]:   Unknown(0x26861025) (QTypeQbKey) : 0x0000
00:18:37 INFO  [GH3]:   Unknown(0xec953eec) (QTypeInt) : 0
00:18:37 INFO  [GH3]: }
00:18:37 INFO  [GH3]: {
00:18:37 INFO  [GH3]:   Unknown(0x00000000) (QTypeQbKey) : 0x6086aa70
00:18:37 INFO  [GH3]:   Unknown(0x520c0c9c) (QTypeQbKey) : 0x806fff30
00:18:37 INFO  [GH3]:   Unknown(0x26861025) (QTypeQbKey) : 0x0000
00:18:37 INFO  [GH3]:   Unknown(0xec953eec) (QTypeInt) : 0
00:18:37 INFO  [GH3]: }
00:18:37 INFO  [GH3]: {
00:18:37 INFO  [GH3]:   Unknown(0x00000000) (QTypeQbKey) : 0x6086aa70
00:18:37 INFO  [GH3]:   Unknown(0x520c0c9c) (QTypeQbKey) : 0x806fff30
00:18:37 INFO  [GH3]:   Unknown(0x26861025) (QTypeQbKey) : 0x0000
00:18:37 INFO  [GH3]:   Unknown(0xec953eec) (QTypeInt) : 0
00:18:37 INFO  [GH3]: }
00:18:37 INFO  [GH3]: {
00:18:37 INFO  [GH3]:   Unknown(0x00000000) (QTypeQbKey) : 0x6086aa70
00:18:37 INFO  [GH3]:   Unknown(0x520c0c9c) (QTypeQbKey) : 0x806fff30
00:18:37 INFO  [GH3]:   Unknown(0x26861025) (QTypeQbKey) : 0x0000
00:18:37 INFO  [GH3]:   Unknown(0xec953eec) (QTypeInt) : 0
00:18:37 INFO  [GH3]: }
00:18:37 INFO  [GH3]: {
00:18:37 INFO  [GH3]:   Unknown(0x00000000) (QTypeQbKey) : 0x6086aa70
00:18:37 INFO  [GH3]:   Unknown(0x520c0c9c) (QTypeQbKey) : 0x806fff30
00:18:37 INFO  [GH3]:   Unknown(0x26861025) (QTypeQbKey) : 0x0000
00:18:37 INFO  [GH3]:   Unknown(0xec953eec) (QTypeInt) : 0
00:18:37 INFO  [GH3]: }
00:18:37 INFO  [GH3]: {
00:18:37 INFO  [GH3]:   Unknown(0x00000000) (QTypeQbKey) : 0x6086aa70
00:18:37 INFO  [GH3]:   Unknown(0x520c0c9c) (QTypeQbKey) : 0x806fff30
00:18:37 INFO  [GH3]:   Unknown(0x26861025) (QTypeQbKey) : 0x0000
00:18:37 INFO  [GH3]:   Unknown(0xec953eec) (QTypeInt) : 0
00:18:37 INFO  [GH3]: }
00:18:37 INFO  [GH3]: {
00:18:37 INFO  [GH3]:   Unknown(0x00000000) (QTypeQbKey) : 0x6086aa70
00:18:37 INFO  [GH3]:   Unknown(0x520c0c9c) (QTypeQbKey) : 0x806fff30
00:18:37 INFO  [GH3]:   Unknown(0x26861025) (QTypeQbKey) : 0x0000
00:18:37 INFO  [GH3]:   Unknown(0xec953eec) (QTypeInt) : 0
00:18:37 INFO  [GH3]: }
00:18:37 INFO  [GH3]: {
00:18:37 INFO  [GH3]:   Unknown(0x00000000) (QTypeQbKey) : 0x6086aa70
00:18:37 INFO  [GH3]:   Unknown(0x520c0c9c) (QTypeQbKey) : 0x806fff30
00:18:37 INFO  [GH3]:   Unknown(0x26861025) (QTypeQbKey) : 0x0000
00:18:37 INFO  [GH3]:   Unknown(0xec953eec) (QTypeInt) : 0
00:18:37 INFO  [GH3]: }
00:18:43 INFO  [GH3]: {
00:18:43 INFO  [GH3]:   Unknown(0x26bf66f3) (QTypeQbStruct) : 
00:18:43 INFO  [GH3]: 	{
00:18:43 INFO  [GH3]: 	  Unknown(0xc4745838) (QTypeWString) : "You will lose all unsaved progress if you restart. Are you sure you want to restart this song?"
00:18:43 INFO  [GH3]: 	  Unknown(0x34a68574) (QTypePair) : (600, 400)
00:18:43 INFO  [GH3]: 	  Unknown(0x13b9da7b) (QTypeFloat) : 0.6
00:18:43 INFO  [GH3]: 	}
00:18:43 INFO  [GH3]:   Unknown(0x69d0dfaf) (QTypeInt) : 0
00:18:43 INFO  [GH3]:   Unknown(0x00000000) (QTypeQbKey) : 0xeafc692e
00:18:43 INFO  [GH3]:   Unknown(0xe787d761) (QTypePair) : (640, 480)
00:18:43 INFO  [GH3]:   Unknown(0xad8a5a63) (QTypePair) : (600, 80)
00:18:43 INFO  [GH3]:   Unknown(0x2fca0578) (QTypeQbArray) : Type:"QTypeQbArray" Size:1495685824
00:18:43 INFO  [GH3]: }
00:18:43 INFO  [GH3]: {
00:18:43 INFO  [GH3]:   Unknown(0x83aaa1a0) (QTypeQbKey) : 0xeb323e20
00:18:43 INFO  [GH3]:   Unknown(0xdb616875) (QTypeInt) : 3
00:18:43 INFO  [GH3]:   Unknown(0xd8f1a5c6) (QTypeQbKey) : 0x2fd14a88
00:18:43 INFO  [GH3]:   Unknown(0xb7822ed8) (QTypeInt) : 4
00:18:43 INFO  [GH3]:   Unknown(0xcc12115e) (QTypeQbKey) : 0x2fd14a88
00:18:43 INFO  [GH3]:   Unknown(0x8a4c762d) (QTypeQbKey) : 0x7c351c4a
00:18:43 INFO  [GH3]: }
00:18:43 INFO  [GH3]: {
00:18:43 INFO  [GH3]:   Unknown(0x2e41f796) (QTypeInt) : 3000
00:18:43 INFO  [GH3]:   Unknown(0x00000000) (QTypeQbKey) : 0xda99b63b
00:18:43 INFO  [GH3]: }
00:27:22 INFO  [GH3]: {
00:27:22 INFO  [GH3]:   Unknown(0x8d53f1a8) (QTypeCString) : "p1_career"
00:27:22 INFO  [GH3]:   Unknown(0x6f402ef3) (QTypeQbKey) : 0x27e6b559
00:27:22 INFO  [GH3]:   Unknown(0x68e4ef11) (QTypeInt) : 1
00:27:22 INFO  [GH3]:   Unknown(0xfc2cdee3) (QTypeQbKey) : 0x6840922f
00:27:22 INFO  [GH3]:   Unknown(0x1fbdbe71) (QTypeInt) : 4294967295
00:27:22 INFO  [GH3]:   Unknown(0xb38db12c) (QTypeInt) : 4294967295
00:27:22 INFO  [GH3]:   Unknown(0x97ca3b34) (QTypeInt) : 4294967295
00:27:22 INFO  [GH3]:   Unknown(0xa1dc81f9) (QTypeWString) : "AAA"
00:27:22 INFO  [GH3]:   Unknown(0x06afff1e) (QTypeInt) : 1
00:27:22 INFO  [GH3]:   Unknown(0x3ae567d9) (QTypeInt) : 0
00:27:22 INFO  [GH3]:   Unknown(0x56849e71) (QTypeInt) : 0
00:27:22 INFO  [GH3]:   Unknown(0xf9461a46) (QTypeInt) : 29130
00:27:22 INFO  [GH3]:   Unknown(0xb65414e8) (QTypeQbKey) : 0x6840922f
00:27:22 INFO  [GH3]:   Unknown(0xfaea61a2) (QTypeCString) : "AAA"
00:27:22 INFO  [GH3]:   Unknown(0x818af862) (QTypeCString) : "expert"
00:27:22 INFO  [GH3]:   Unknown(0x4fe8ccfa) (QTypeCString) : "expert"
00:27:22 INFO  [GH3]:   Unknown(0x28f07394) (QTypeQbArray) : Type:"QTypeQbArray" Size:1104670384
00:27:22 INFO  [GH3]:   Unknown(0xcbc90a15) (QTypeInt) : 9
00:27:22 INFO  [GH3]:   Unknown(0xd495ab7b) (QTypeQbArray) : Type:"QTypeQbArray" Size:1104669520
00:27:22 INFO  [GH3]:   Unknown(0xe926d35f) (QTypeInt) : 0
00:27:22 INFO  [GH3]:   Unknown(0x011baaf9) (QTypeInt) : 0
00:27:22 INFO  [GH3]:   Unknown(0x8b89537e) (QTypeInt) : 0
00:27:22 INFO  [GH3]:   Unknown(0x5a0d69b4) (QTypeInt) : 0
00:27:22 INFO  [GH3]:   Unknown(0x6151561a) (QTypeInt) : 0
00:27:22 INFO  [GH3]:   Unknown(0x896c2fbc) (QTypeInt) : 0
00:27:22 INFO  [GH3]:   Unknown(0x02e1858b) (QTypeInt) : 37
00:27:22 INFO  [GH3]:   Unknown(0xd365bf41) (QTypeInt) : 3870981
00:27:22 INFO  [GH3]:   Unknown(0x95e7b7e0) (QTypeInt) : 0
00:27:22 INFO  [GH3]:   Unknown(0x2f2a8266) (QTypeInt) : 0
00:27:22 INFO  [GH3]:   Unknown(0xa1519d6d) (QTypeInt) : 0
00:27:22 INFO  [GH3]:   Unknown(0xfddc5ce1) (QTypeInt) : 0
00:27:22 INFO  [GH3]:   Unknown(0x94fa81cd) (QTypeInt) : 0
00:27:22 INFO  [GH3]:   Unknown(0x47da89ec) (QTypeInt) : 0
00:27:22 INFO  [GH3]:   Unknown(0x841fb3b4) (QTypeInt) : 0
00:27:22 INFO  [GH3]:   Unknown(0x1a2c461f) (QTypeInt) : 0
00:27:22 INFO  [GH3]:   Unknown(0x4eac7a14) (QTypeInt) : 0
00:27:22 INFO  [GH3]:   Unknown(0x41a5caa6) (QTypeInt) : 0
00:27:22 INFO  [GH3]:   Unknown(0x20dd76c7) (QTypeInt) : 0
00:27:22 INFO  [GH3]:   Unknown(0x8ab4f025) (QTypeInt) : 0
00:27:22 INFO  [GH3]:   Unknown(0xfc3ed0e2) (QTypeInt) : 0
00:27:22 INFO  [GH3]:   Unknown(0x02c37560) (QTypeInt) : 0
00:27:22 INFO  [GH3]:   Unknown(0xb9131cee) (QTypeInt) : 0
00:27:22 INFO  [GH3]:   Unknown(0x2b039206) (QTypeInt) : 0
00:27:22 INFO  [GH3]:   Unknown(0xf646cb13) (QTypeInt) : 29130
00:27:22 INFO  [GH3]:   Unknown(0xb9d4f601) (QTypeInt) : 12385
00:27:22 INFO  [GH3]:   Unknown(0xfa991675) (QTypeFloat) : 3870981
00:27:22 INFO  [GH3]:   Unknown(0x75560617) (QTypeFloat) : 3870981
00:27:22 INFO  [GH3]: }
00:27:23 INFO  [GH3]: {
00:27:23 INFO  [GH3]:   Unknown(0x69d0dfaf) (QTypeInt) : 0
00:27:23 INFO  [GH3]:   Unknown(0xd4c98794) (QTypeWString) : "CHECKING..."
00:27:23 INFO  [GH3]:   Unknown(0x26bf66f3) (QTypeQbStruct) : 
00:27:23 INFO  [GH3]: 	{
00:27:23 INFO  [GH3]: 	  Unknown(0xc4745838) (QTypeWString) : "Checking storage device..."
00:27:23 INFO  [GH3]: 	}
00:27:23 INFO  [GH3]: }
00:27:23 INFO  [GH3]: {
00:27:23 INFO  [GH3]:   Unknown(0x69d0dfaf) (QTypeInt) : 0
00:27:23 INFO  [GH3]:   Unknown(0xd4c98794) (QTypeWString) : "SUCCESSFUL"
00:27:23 INFO  [GH3]:   Unknown(0x26bf66f3) (QTypeQbStruct) : 
00:27:23 INFO  [GH3]: 	{
00:27:23 INFO  [GH3]: 	  Unknown(0xc4745838) (QTypeWString) : "Overwrite successful."
00:27:23 INFO  [GH3]: 	}
00:27:23 INFO  [GH3]: }
00:27:23 INFO  [GH3]: {
00:27:23 INFO  [GH3]:   Unknown(0x40c698af) (QTypeQbKey) : 0xed108a91
00:27:23 INFO  [GH3]: }
00:27:23 INFO  [GH3]: {
00:27:23 INFO  [GH3]:   Unknown(0x40c698af) (QTypeQbKey) : 0x31eebbd
00:27:23 INFO  [GH3]: }
00:27:24 INFO  [GH3]: {
00:27:24 INFO  [GH3]:   Unknown(0xb30d9965) (QTypeInt) : 0
00:27:24 INFO  [GH3]:   Unknown(0x40c698af) (QTypeQbKey) : 0x6da7ad04
00:27:24 INFO  [GH3]: }
00:27:24 INFO  [GH3]: {
00:27:24 INFO  [GH3]:   Unknown(0xb30d9965) (QTypeInt) : 0
00:27:24 INFO  [GH3]:   Unknown(0x40c698af) (QTypeQbKey) : 0x7a671477
00:27:24 INFO  [GH3]: }
00:27:24 INFO  [GH3]: {
00:27:24 INFO  [GH3]:   Unknown(0xb30d9965) (QTypeInt) : 0
00:27:24 INFO  [GH3]:   Unknown(0x40c698af) (QTypeQbKey) : 0x9469755b
00:27:24 INFO  [GH3]: }
00:27:24 INFO  [GH3]: {
00:27:24 INFO  [GH3]:   Unknown(0xb30d9965) (QTypeInt) : 0
00:27:24 INFO  [GH3]:   Unknown(0x40c698af) (QTypeQbKey) : 0x7d0ad06e
00:27:24 INFO  [GH3]: }
00:27:24 INFO  [GH3]: {
00:27:24 INFO  [GH3]:   Unknown(0xb30d9965) (QTypeInt) : 0
00:27:24 INFO  [GH3]:   Unknown(0x40c698af) (QTypeQbKey) : 0x9304b142
00:27:24 INFO  [GH3]: }
00:27:24 INFO  [GH3]: {
00:27:24 INFO  [GH3]:   Unknown(0xb30d9965) (QTypeInt) : 0
00:27:24 INFO  [GH3]:   Unknown(0x40c698af) (QTypeQbKey) : 0x74bc9c45
00:27:24 INFO  [GH3]: }
00:27:24 INFO  [GH3]: {
00:27:24 INFO  [GH3]:   Unknown(0xb30d9965) (QTypeInt) : 0
00:27:24 INFO  [GH3]:   Unknown(0x40c698af) (QTypeQbKey) : 0x514a47b4
00:27:24 INFO  [GH3]: }
00:27:25 INFO  [GH3]: {
00:27:25 INFO  [GH3]:   Unknown(0x83aaa1a0) (QTypeQbKey) : 0xeb323e20
00:27:25 INFO  [GH3]:   Unknown(0xdb616875) (QTypeInt) : 4
00:27:25 INFO  [GH3]:   Unknown(0xd8f1a5c6) (QTypeQbKey) : 0xb7060102
00:27:25 INFO  [GH3]:   Unknown(0xb7822ed8) (QTypeInt) : 4
00:27:25 INFO  [GH3]:   Unknown(0xcc12115e) (QTypeQbKey) : 0x8d31120b
00:27:25 INFO  [GH3]:   Unknown(0x8a4c762d) (QTypeQbKey) : 0xe25189e9
00:27:25 INFO  [GH3]: }
00:27:25 INFO  [GH3]: {
00:27:25 INFO  [GH3]:   Unknown(0x00000000) (QTypeQbKey) : 0xff03cc4e
00:27:25 INFO  [GH3]:   Unknown(0x520c0c9c) (QTypeQbKey) : 0x806fff30
00:27:25 INFO  [GH3]:   Unknown(0x26861025) (QTypeQbKey) : 0x0000
00:27:25 INFO  [GH3]:   Unknown(0xec953eec) (QTypeInt) : 0
00:27:25 INFO  [GH3]: }
00:27:25 INFO  [GH3]: {
00:27:25 INFO  [GH3]:   Unknown(0x83aaa1a0) (QTypeQbKey) : 0xeb323e20
00:27:25 INFO  [GH3]:   Unknown(0xdb616875) (QTypeInt) : 4
00:27:25 INFO  [GH3]:   Unknown(0xd8f1a5c6) (QTypeQbKey) : 0xb7060102
00:27:25 INFO  [GH3]:   Unknown(0xb7822ed8) (QTypeInt) : 4
00:27:25 INFO  [GH3]:   Unknown(0xcc12115e) (QTypeQbKey) : 0x8d31120b
00:27:25 INFO  [GH3]:   Unknown(0x8a4c762d) (QTypeQbKey) : 0xe25189e9
00:27:25 INFO  [GH3]: }
00:27:25 INFO  [GH3]: {
00:27:25 INFO  [GH3]:   Unknown(0x7321a8d6) (QTypeQbKey) : 0xe5fa3adf
00:27:25 INFO  [GH3]: }
00:32:28 INFO  [GH3]: {
00:32:28 INFO  [GH3]:   Unknown(0x8b60022f) (QTypeQbKey) : 0xbf0f14db
00:32:28 INFO  [GH3]:   Unknown(0x0c853a87) (QTypeInt) : 0
00:32:28 INFO  [GH3]:   Unknown(0x40c698af) (QTypeQbKey) : 0xc0600d3b
00:32:28 INFO  [GH3]:   Unknown(0x34a68574) (QTypePair) : (100, 100)
00:32:28 INFO  [GH3]:   Unknown(0x7b820a11) (QTypeInt) : 1
00:32:28 INFO  [GH3]:   Unknown(0x2cfbddad) (QTypeInt) : 1
00:32:28 INFO  [GH3]:   Unknown(0x9a6d8aa5) (QTypeFloat) : 0.7
00:32:28 INFO  [GH3]:   Unknown(0x3c1a8111) (QTypeFloat) : 0.6
00:32:28 INFO  [GH3]:   Unknown(0x00000000) (QTypeQbKey) : 0x4f660a71
00:32:28 INFO  [GH3]:   Unknown(0x73e5bad0) (QTypeInt) : 77
00:32:28 INFO  [GH3]:   Unknown(0x0ab21af0) (QTypeInt) : 39
00:32:28 INFO  [GH3]:   Unknown(0xabf312ef) (QTypeFloat) : 100
00:32:28 INFO  [GH3]:   Unknown(0x96933b5f) (QTypeFloat) : 100
00:32:28 INFO  [GH3]:   Unknown(0x6aa8d676) (QTypeFloat) : 1.2987013
00:32:28 INFO  [GH3]:   Unknown(0xccdfddc2) (QTypeFloat) : 1.2987013
00:32:28 INFO  [GH3]: }
00:32:28 INFO  [GH3]: {
00:32:28 INFO  [GH3]:   Unknown(0xb30d9965) (QTypeInt) : 0
00:32:28 INFO  [GH3]:   Unknown(0x40c698af) (QTypeQbKey) : 0xde16f863
00:32:28 INFO  [GH3]: }
00:32:29 INFO  [GH3]: {
00:32:29 INFO  [GH3]:   Unknown(0x69d0dfaf) (QTypeInt) : 0
00:32:29 INFO  [GH3]:   Unknown(0xd4c98794) (QTypeWString) : "SAVING..."
00:32:29 INFO  [GH3]:   Unknown(0x26bf66f3) (QTypeQbStruct) : 
00:32:29 INFO  [GH3]: 	{
00:32:29 INFO  [GH3]: 	  Unknown(0xc4745838) (QTypeWString) : "Saving Content."
00:32:29 INFO  [GH3]: 	}
00:32:29 INFO  [GH3]: }
00:32:29 INFO  [GH3]: {
00:32:29 INFO  [GH3]:   Unknown(0xb30d9965) (QTypeInt) : 0
00:32:29 INFO  [GH3]:   Unknown(0x40c698af) (QTypeQbKey) : 0xd6ce6b30
00:32:29 INFO  [GH3]: }
00:32:29 INFO  [GH3]: {
00:32:29 INFO  [GH3]:   Unknown(0xb30d9965) (QTypeInt) : 0
00:32:29 INFO  [GH3]:   Unknown(0x40c698af) (QTypeQbKey) : 0x38c00a1c
00:32:29 INFO  [GH3]: }
00:32:29 INFO  [GH3]: {
00:32:29 INFO  [GH3]:   Unknown(0xb30d9965) (QTypeInt) : 0
00:32:29 INFO  [GH3]:   Unknown(0x40c698af) (QTypeQbKey) : 0xd1a3af29
00:32:29 INFO  [GH3]: }
00:32:29 INFO  [GH3]: {
00:32:29 INFO  [GH3]:   Unknown(0xb30d9965) (QTypeInt) : 0
00:32:29 INFO  [GH3]:   Unknown(0x40c698af) (QTypeQbKey) : 0x3fadce05
00:32:29 INFO  [GH3]: }
00:32:29 INFO  [GH3]: {
00:32:29 INFO  [GH3]:   Unknown(0xb30d9965) (QTypeInt) : 0
00:32:29 INFO  [GH3]:   Unknown(0x40c698af) (QTypeQbKey) : 0xd815e302
00:32:29 INFO  [GH3]: }
00:32:29 INFO  [GH3]: {
00:32:29 INFO  [GH3]:   Unknown(0xb30d9965) (QTypeInt) : 0
00:32:29 INFO  [GH3]:   Unknown(0x40c698af) (QTypeQbKey) : 0x6ceba4e
00:32:29 INFO  [GH3]: }
00:32:29 INFO  [GH3]: {
00:32:29 INFO  [GH3]:   Unknown(0xb30d9965) (QTypeInt) : 0
00:32:29 INFO  [GH3]:   Unknown(0x40c698af) (QTypeQbKey) : 0xe8c0db62
00:32:29 INFO  [GH3]: }
00:32:29 INFO  [GH3]: {
00:32:29 INFO  [GH3]:   Unknown(0xb30d9965) (QTypeInt) : 0
00:32:29 INFO  [GH3]:   Unknown(0x40c698af) (QTypeQbKey) : 0x1a37e57
00:32:29 INFO  [GH3]: }
00:32:31 INFO  [GH3]: {
00:32:31 INFO  [GH3]:   Unknown(0xb30d9965) (QTypeInt) : 0
00:32:31 INFO  [GH3]:   Unknown(0x40c698af) (QTypeQbKey) : 0x1a37e57
00:32:31 INFO  [GH3]: }
00:32:33 INFO  [GH3]: {
00:32:33 INFO  [GH3]:   Unknown(0x83aaa1a0) (QTypeQbKey) : 0xeb323e20
00:32:33 INFO  [GH3]:   Unknown(0xdb616875) (QTypeInt) : 4
00:32:33 INFO  [GH3]:   Unknown(0xd8f1a5c6) (QTypeQbKey) : 0x30eaf652
00:32:33 INFO  [GH3]:   Unknown(0xb7822ed8) (QTypeInt) : 4
00:32:33 INFO  [GH3]:   Unknown(0xcc12115e) (QTypeQbKey) : 0x8d31120b
00:32:33 INFO  [GH3]:   Unknown(0x8a4c762d) (QTypeQbKey) : 0xe25189e9
00:32:33 INFO  [GH3]: }
00:32:33 INFO  [GH3]: {
00:32:33 INFO  [GH3]:   Unknown(0x00000000) (QTypeQbKey) : 0xff03cc4e
00:32:33 INFO  [GH3]:   Unknown(0x520c0c9c) (QTypeQbKey) : 0x806fff30
00:32:33 INFO  [GH3]:   Unknown(0x26861025) (QTypeQbKey) : 0x0000
00:32:33 INFO  [GH3]:   Unknown(0xec953eec) (QTypeInt) : 0
00:32:33 INFO  [GH3]: }
00:32:33 INFO  [GH3]: {
00:32:33 INFO  [GH3]:   Unknown(0x83aaa1a0) (QTypeQbKey) : 0xeb323e20
00:32:33 INFO  [GH3]:   Unknown(0xdb616875) (QTypeInt) : 4
00:32:33 INFO  [GH3]:   Unknown(0xd8f1a5c6) (QTypeQbKey) : 0x30eaf652
00:32:33 INFO  [GH3]:   Unknown(0xb7822ed8) (QTypeInt) : 4
00:32:33 INFO  [GH3]:   Unknown(0xcc12115e) (QTypeQbKey) : 0x8d31120b
00:32:33 INFO  [GH3]:   Unknown(0x8a4c762d) (QTypeQbKey) : 0xe25189e9
00:32:33 INFO  [GH3]: }
00:32:33 INFO  [GH3]: {
00:32:33 INFO  [GH3]:   Unknown(0x7321a8d6) (QTypeQbKey) : 0xe5fa3adf
00:32:33 INFO  [GH3]: }
00:32:35 INFO  [GH3]: {
00:32:35 INFO  [GH3]:   Unknown(0x26bf66f3) (QTypeQbStruct) : 
00:32:35 INFO  [GH3]: 	{
00:32:35 INFO  [GH3]: 	  Unknown(0xc4745838) (QTypeWString) : "You will lose all unsaved progress if you restart. Are you sure you want to restart this song?"
00:32:35 INFO  [GH3]: 	  Unknown(0x34a68574) (QTypePair) : (600, 400)
00:32:35 INFO  [GH3]: 	  Unknown(0x13b9da7b) (QTypeFloat) : 0.6
00:32:35 INFO  [GH3]: 	}
00:32:35 INFO  [GH3]:   Unknown(0x69d0dfaf) (QTypeInt) : 0
00:32:35 INFO  [GH3]:   Unknown(0x00000000) (QTypeQbKey) : 0xeafc692e
00:32:35 INFO  [GH3]:   Unknown(0xe787d761) (QTypePair) : (640, 480)
00:32:35 INFO  [GH3]:   Unknown(0xad8a5a63) (QTypePair) : (600, 80)
00:32:35 INFO  [GH3]:   Unknown(0x2fca0578) (QTypeQbArray) : Type:"QTypeQbArray" Size:1495680944
00:32:35 INFO  [GH3]: }
00:32:35 INFO  [GH3]: {
00:32:35 INFO  [GH3]:   Unknown(0x83aaa1a0) (QTypeQbKey) : 0xeb323e20
00:32:35 INFO  [GH3]:   Unknown(0xdb616875) (QTypeInt) : 4
00:32:35 INFO  [GH3]:   Unknown(0xd8f1a5c6) (QTypeQbKey) : 0x30eaf652
00:32:35 INFO  [GH3]:   Unknown(0xb7822ed8) (QTypeInt) : 4294967295
00:32:35 INFO  [GH3]:   Unknown(0xcc12115e) (QTypeQbKey) : 0x806fff30
00:32:35 INFO  [GH3]:   Unknown(0x8a4c762d) (QTypeQbKey) : 0x806fff30
00:32:35 INFO  [GH3]: }
00:32:35 INFO  [GH3]: {
00:32:35 INFO  [GH3]:   Unknown(0x83aaa1a0) (QTypeQbKey) : 0xeb323e20
00:32:35 INFO  [GH3]:   Unknown(0xdb616875) (QTypeInt) : 4
00:32:35 INFO  [GH3]:   Unknown(0xd8f1a5c6) (QTypeQbKey) : 0x30eaf652
00:32:35 INFO  [GH3]:   Unknown(0xb7822ed8) (QTypeInt) : 4294967295
00:32:35 INFO  [GH3]:   Unknown(0xcc12115e) (QTypeQbKey) : 0x806fff30
00:32:35 INFO  [GH3]:   Unknown(0x8a4c762d) (QTypeQbKey) : 0x806fff30
00:32:35 INFO  [GH3]: }
00:32:35 INFO  [GH3]: {
00:32:35 INFO  [GH3]:   Unknown(0x2e41f796) (QTypeInt) : 3000
00:32:35 INFO  [GH3]:   Unknown(0x00000000) (QTypeQbKey) : 0xda99b63b
00:32:35 INFO  [GH3]: }
00:36:08 INFO  [GH3]: {
00:36:08 INFO  [GH3]:   Unknown(0x8d53f1a8) (QTypeCString) : "p1_career"
00:36:08 INFO  [GH3]:   Unknown(0x6f402ef3) (QTypeQbKey) : 0x27e6b559
00:36:08 INFO  [GH3]:   Unknown(0x68e4ef11) (QTypeInt) : 1
00:36:08 INFO  [GH3]:   Unknown(0xfc2cdee3) (QTypeQbKey) : 0x6840922f
00:36:08 INFO  [GH3]:   Unknown(0x1fbdbe71) (QTypeInt) : 4294967295
00:36:08 INFO  [GH3]:   Unknown(0xb38db12c) (QTypeInt) : 4294967295
00:36:08 INFO  [GH3]:   Unknown(0x97ca3b34) (QTypeInt) : 4294967295
00:36:08 INFO  [GH3]:   Unknown(0xa1dc81f9) (QTypeWString) : "AAA"
00:36:08 INFO  [GH3]:   Unknown(0x06afff1e) (QTypeInt) : 1
00:36:08 INFO  [GH3]:   Unknown(0x3ae567d9) (QTypeInt) : 0
00:36:08 INFO  [GH3]:   Unknown(0x56849e71) (QTypeInt) : 0
00:36:08 INFO  [GH3]:   Unknown(0xf9461a46) (QTypeInt) : 34170
00:36:08 INFO  [GH3]:   Unknown(0xb65414e8) (QTypeQbKey) : 0x6840922f
00:36:08 INFO  [GH3]:   Unknown(0xfaea61a2) (QTypeCString) : "AAA"
00:36:08 INFO  [GH3]:   Unknown(0x818af862) (QTypeCString) : "expert"
00:36:08 INFO  [GH3]:   Unknown(0x4fe8ccfa) (QTypeCString) : "expert"
00:36:08 INFO  [GH3]:   Unknown(0x28f07394) (QTypeQbArray) : Type:"QTypeQbArray" Size:1104664336
00:36:08 INFO  [GH3]:   Unknown(0xcbc90a15) (QTypeInt) : 10
00:36:08 INFO  [GH3]:   Unknown(0xd495ab7b) (QTypeQbArray) : Type:"QTypeQbArray" Size:1104665056
00:36:08 INFO  [GH3]:   Unknown(0xe926d35f) (QTypeInt) : 0
00:36:08 INFO  [GH3]:   Unknown(0x011baaf9) (QTypeInt) : 0
00:36:08 INFO  [GH3]:   Unknown(0x8b89537e) (QTypeInt) : 0
00:36:08 INFO  [GH3]:   Unknown(0x5a0d69b4) (QTypeInt) : 0
00:36:08 INFO  [GH3]:   Unknown(0x6151561a) (QTypeInt) : 0
00:36:08 INFO  [GH3]:   Unknown(0x896c2fbc) (QTypeInt) : 0
00:36:08 INFO  [GH3]:   Unknown(0x02e1858b) (QTypeInt) : 42
00:36:08 INFO  [GH3]:   Unknown(0xd365bf41) (QTypeInt) : 4413812
00:36:08 INFO  [GH3]:   Unknown(0x95e7b7e0) (QTypeInt) : 0
00:36:08 INFO  [GH3]:   Unknown(0x2f2a8266) (QTypeInt) : 0
00:36:08 INFO  [GH3]:   Unknown(0xa1519d6d) (QTypeInt) : 0
00:36:08 INFO  [GH3]:   Unknown(0xfddc5ce1) (QTypeInt) : 0
00:36:08 INFO  [GH3]:   Unknown(0x94fa81cd) (QTypeInt) : 0
00:36:08 INFO  [GH3]:   Unknown(0x47da89ec) (QTypeInt) : 0
00:36:08 INFO  [GH3]:   Unknown(0x841fb3b4) (QTypeInt) : 0
00:36:08 INFO  [GH3]:   Unknown(0x1a2c461f) (QTypeInt) : 0
00:36:08 INFO  [GH3]:   Unknown(0x4eac7a14) (QTypeInt) : 0
00:36:08 INFO  [GH3]:   Unknown(0x41a5caa6) (QTypeInt) : 0
00:36:08 INFO  [GH3]:   Unknown(0x20dd76c7) (QTypeInt) : 0
00:36:08 INFO  [GH3]:   Unknown(0x8ab4f025) (QTypeInt) : 0
00:36:08 INFO  [GH3]:   Unknown(0xfc3ed0e2) (QTypeInt) : 0
00:36:08 INFO  [GH3]:   Unknown(0x02c37560) (QTypeInt) : 0
00:36:08 INFO  [GH3]:   Unknown(0xb9131cee) (QTypeInt) : 0
00:36:08 INFO  [GH3]:   Unknown(0x2b039206) (QTypeInt) : 0
00:36:08 INFO  [GH3]:   Unknown(0xf646cb13) (QTypeInt) : 34170
00:36:08 INFO  [GH3]:   Unknown(0xb9d4f601) (QTypeInt) : 14300
00:36:08 INFO  [GH3]:   Unknown(0xfa991675) (QTypeFloat) : 4413812
00:36:08 INFO  [GH3]:   Unknown(0x75560617) (QTypeFloat) : 4413812
00:36:08 INFO  [GH3]: }
00:36:09 INFO  [GH3]: {
00:36:09 INFO  [GH3]:   Unknown(0x69d0dfaf) (QTypeInt) : 0
00:36:09 INFO  [GH3]:   Unknown(0xd4c98794) (QTypeWString) : "CHECKING..."
00:36:09 INFO  [GH3]:   Unknown(0x26bf66f3) (QTypeQbStruct) : 
00:36:09 INFO  [GH3]: 	{
00:36:09 INFO  [GH3]: 	  Unknown(0xc4745838) (QTypeWString) : "Checking storage device..."
00:36:09 INFO  [GH3]: 	}
00:36:09 INFO  [GH3]: }
00:36:09 INFO  [GH3]: {
00:36:09 INFO  [GH3]:   Unknown(0x69d0dfaf) (QTypeInt) : 0
00:36:09 INFO  [GH3]:   Unknown(0xd4c98794) (QTypeWString) : "SUCCESSFUL"
00:36:09 INFO  [GH3]:   Unknown(0x26bf66f3) (QTypeQbStruct) : 
00:36:09 INFO  [GH3]: 	{
00:36:09 INFO  [GH3]: 	  Unknown(0xc4745838) (QTypeWString) : "Overwrite successful."
00:36:09 INFO  [GH3]: 	}
00:36:09 INFO  [GH3]: }
00:36:09 INFO  [GH3]: {
00:36:09 INFO  [GH3]:   Unknown(0xb30d9965) (QTypeInt) : 0
00:36:09 INFO  [GH3]:   Unknown(0x40c698af) (QTypeQbKey) : 0x955f8ee8
00:36:09 INFO  [GH3]: }
00:36:09 INFO  [GH3]: {
00:36:09 INFO  [GH3]:   Unknown(0xb30d9965) (QTypeInt) : 0
00:36:09 INFO  [GH3]:   Unknown(0x40c698af) (QTypeQbKey) : 0x7b51efc4
00:36:09 INFO  [GH3]: }
00:36:09 INFO  [GH3]: {
00:36:09 INFO  [GH3]:   Unknown(0xb30d9965) (QTypeInt) : 0
00:36:09 INFO  [GH3]:   Unknown(0x40c698af) (QTypeQbKey) : 0x92324af1
00:36:09 INFO  [GH3]: }
00:36:09 INFO  [GH3]: {
00:36:09 INFO  [GH3]:   Unknown(0xb30d9965) (QTypeInt) : 0
00:36:09 INFO  [GH3]:   Unknown(0x40c698af) (QTypeQbKey) : 0x7c3c2bdd
00:36:09 INFO  [GH3]: }
00:36:09 INFO  [GH3]: {
00:36:09 INFO  [GH3]:   Unknown(0xb30d9965) (QTypeInt) : 0
00:36:09 INFO  [GH3]:   Unknown(0x40c698af) (QTypeQbKey) : 0x9b8406da
00:36:09 INFO  [GH3]: }
00:36:09 INFO  [GH3]: {
00:36:09 INFO  [GH3]:   Unknown(0xb30d9965) (QTypeInt) : 0
00:36:09 INFO  [GH3]:   Unknown(0x40c698af) (QTypeQbKey) : 0xda1e182f
00:36:09 INFO  [GH3]: }
00:36:09 INFO  [GH3]: {
00:36:09 INFO  [GH3]:   Unknown(0xb30d9965) (QTypeInt) : 0
00:36:09 INFO  [GH3]:   Unknown(0x40c698af) (QTypeQbKey) : 0x34107903
00:36:09 INFO  [GH3]: }
00:36:09 INFO  [GH3]: {
00:36:09 INFO  [GH3]:   Unknown(0xb30d9965) (QTypeInt) : 0
00:36:09 INFO  [GH3]:   Unknown(0x40c698af) (QTypeQbKey) : 0xdd73dc36
00:36:09 INFO  [GH3]: }
00:36:11 INFO  [GH3]: {
00:36:11 INFO  [GH3]:   Unknown(0x83aaa1a0) (QTypeQbKey) : 0xeb323e20
00:36:11 INFO  [GH3]:   Unknown(0xdb616875) (QTypeInt) : 4
00:36:11 INFO  [GH3]:   Unknown(0xd8f1a5c6) (QTypeQbKey) : 0x5956e2ff
00:36:11 INFO  [GH3]:   Unknown(0xb7822ed8) (QTypeInt) : 4
00:36:11 INFO  [GH3]:   Unknown(0xcc12115e) (QTypeQbKey) : 0x8d31120b
00:36:11 INFO  [GH3]:   Unknown(0x8a4c762d) (QTypeQbKey) : 0xe25189e9
00:36:11 INFO  [GH3]: }
00:36:11 INFO  [GH3]: {
00:36:11 INFO  [GH3]:   Unknown(0x00000000) (QTypeQbKey) : 0xff03cc4e
00:36:11 INFO  [GH3]:   Unknown(0x520c0c9c) (QTypeQbKey) : 0x806fff30
00:36:11 INFO  [GH3]:   Unknown(0x26861025) (QTypeQbKey) : 0x0000
00:36:11 INFO  [GH3]:   Unknown(0xec953eec) (QTypeInt) : 0
00:36:11 INFO  [GH3]: }
00:36:11 INFO  [GH3]: {
00:36:11 INFO  [GH3]:   Unknown(0x83aaa1a0) (QTypeQbKey) : 0xeb323e20
00:36:11 INFO  [GH3]:   Unknown(0xdb616875) (QTypeInt) : 4
00:36:11 INFO  [GH3]:   Unknown(0xd8f1a5c6) (QTypeQbKey) : 0x5956e2ff
00:36:11 INFO  [GH3]:   Unknown(0xb7822ed8) (QTypeInt) : 4
00:36:11 INFO  [GH3]:   Unknown(0xcc12115e) (QTypeQbKey) : 0x8d31120b
00:36:11 INFO  [GH3]:   Unknown(0x8a4c762d) (QTypeQbKey) : 0xe25189e9
00:36:11 INFO  [GH3]: }
00:36:11 INFO  [GH3]: {
00:36:11 INFO  [GH3]:   Unknown(0x7321a8d6) (QTypeQbKey) : 0xe5fa3adf
00:36:11 INFO  [GH3]: }
00:44:45 INFO  [GH3]: {
00:44:45 INFO  [GH3]:   Unknown(0x8b60022f) (QTypeQbKey) : 0xbf0f14db
00:44:45 INFO  [GH3]:   Unknown(0x0c853a87) (QTypeInt) : 0
00:44:45 INFO  [GH3]:   Unknown(0x40c698af) (QTypeQbKey) : 0x8328784e
00:44:45 INFO  [GH3]:   Unknown(0x34a68574) (QTypePair) : (100, 100)
00:44:45 INFO  [GH3]:   Unknown(0x7b820a11) (QTypeInt) : 1
00:44:45 INFO  [GH3]:   Unknown(0x2cfbddad) (QTypeInt) : 1
00:44:45 INFO  [GH3]:   Unknown(0x9a6d8aa5) (QTypeFloat) : 0.7
00:44:45 INFO  [GH3]:   Unknown(0x3c1a8111) (QTypeFloat) : 0.6
00:44:45 INFO  [GH3]:   Unknown(0x00000000) (QTypeQbKey) : 0x4f660a71
00:44:45 INFO  [GH3]:   Unknown(0x73e5bad0) (QTypeInt) : 77
00:44:45 INFO  [GH3]:   Unknown(0x0ab21af0) (QTypeInt) : 39
00:44:45 INFO  [GH3]:   Unknown(0xabf312ef) (QTypeFloat) : 100
00:44:45 INFO  [GH3]:   Unknown(0x96933b5f) (QTypeFloat) : 100
00:44:45 INFO  [GH3]:   Unknown(0x6aa8d676) (QTypeFloat) : 1.2987013
00:44:45 INFO  [GH3]:   Unknown(0xccdfddc2) (QTypeFloat) : 1.2987013
00:44:45 INFO  [GH3]: }
00:44:45 INFO  [GH3]: {
00:44:45 INFO  [GH3]:   Unknown(0xb30d9965) (QTypeInt) : 0
00:44:45 INFO  [GH3]:   Unknown(0x40c698af) (QTypeQbKey) : 0x63fd9150
00:44:45 INFO  [GH3]: }
00:44:46 INFO  [GH3]: {
00:44:46 INFO  [GH3]:   Unknown(0x69d0dfaf) (QTypeInt) : 0
00:44:46 INFO  [GH3]:   Unknown(0xd4c98794) (QTypeWString) : "SAVING..."
00:44:46 INFO  [GH3]:   Unknown(0x26bf66f3) (QTypeQbStruct) : 
00:44:46 INFO  [GH3]: 	{
00:44:46 INFO  [GH3]: 	  Unknown(0xc4745838) (QTypeWString) : "Saving Content."
00:44:46 INFO  [GH3]: 	}
00:44:46 INFO  [GH3]: }
00:44:46 INFO  [GH3]: {
00:44:46 INFO  [GH3]:   Unknown(0xb30d9965) (QTypeInt) : 0
00:44:46 INFO  [GH3]:   Unknown(0x40c698af) (QTypeQbKey) : 0xd490cdba
00:44:46 INFO  [GH3]: }
00:44:46 INFO  [GH3]: {
00:44:46 INFO  [GH3]:   Unknown(0xb30d9965) (QTypeInt) : 0
00:44:46 INFO  [GH3]:   Unknown(0x40c698af) (QTypeQbKey) : 0x5dd35947
00:44:46 INFO  [GH3]: }
00:44:46 INFO  [GH3]: {
00:44:46 INFO  [GH3]:   Unknown(0xb30d9965) (QTypeInt) : 0
00:44:46 INFO  [GH3]:   Unknown(0x40c698af) (QTypeQbKey) : 0xb3dd386b
00:44:46 INFO  [GH3]: }
00:44:46 INFO  [GH3]: {
00:44:46 INFO  [GH3]:   Unknown(0xb30d9965) (QTypeInt) : 0
00:44:46 INFO  [GH3]:   Unknown(0x40c698af) (QTypeQbKey) : 0x5abe9d5e
00:44:46 INFO  [GH3]: }
00:44:46 INFO  [GH3]: {
00:44:46 INFO  [GH3]:   Unknown(0xb30d9965) (QTypeInt) : 0
00:44:46 INFO  [GH3]:   Unknown(0x40c698af) (QTypeQbKey) : 0xb4b0fc72
00:44:46 INFO  [GH3]: }
00:44:46 INFO  [GH3]: {
00:44:46 INFO  [GH3]:   Unknown(0xb30d9965) (QTypeInt) : 0
00:44:46 INFO  [GH3]:   Unknown(0x40c698af) (QTypeQbKey) : 0x5308d175
00:44:46 INFO  [GH3]: }
00:44:46 INFO  [GH3]: {
00:44:46 INFO  [GH3]:   Unknown(0xb30d9965) (QTypeInt) : 0
00:44:46 INFO  [GH3]:   Unknown(0x40c698af) (QTypeQbKey) : 0x44c86806
00:44:46 INFO  [GH3]: }
00:44:46 INFO  [GH3]: {
00:44:46 INFO  [GH3]:   Unknown(0xb30d9965) (QTypeInt) : 0
00:44:46 INFO  [GH3]:   Unknown(0x40c698af) (QTypeQbKey) : 0xaac6092a
00:44:46 INFO  [GH3]: }
00:44:46 INFO  [GH3]: {
00:44:46 INFO  [GH3]:   Unknown(0xb30d9965) (QTypeInt) : 0
00:44:46 INFO  [GH3]:   Unknown(0x40c698af) (QTypeQbKey) : 0x43a5ac1f
00:44:46 INFO  [GH3]: }
00:44:46 INFO  [GH3]: {
00:44:46 INFO  [GH3]:   Unknown(0x83aaa1a0) (QTypeQbKey) : 0xeb323e20
00:44:46 INFO  [GH3]:   Unknown(0xdb616875) (QTypeInt) : 4
00:44:46 INFO  [GH3]:   Unknown(0xd8f1a5c6) (QTypeQbKey) : 0xc04d5ae
00:44:46 INFO  [GH3]:   Unknown(0xb7822ed8) (QTypeInt) : 4
00:44:46 INFO  [GH3]:   Unknown(0xcc12115e) (QTypeQbKey) : 0x8d31120b
00:44:46 INFO  [GH3]:   Unknown(0x8a4c762d) (QTypeQbKey) : 0xe25189e9
00:44:46 INFO  [GH3]: }
00:44:46 INFO  [GH3]: {
00:44:46 INFO  [GH3]:   Unknown(0x00000000) (QTypeQbKey) : 0xff03cc4e
00:44:46 INFO  [GH3]:   Unknown(0x520c0c9c) (QTypeQbKey) : 0x806fff30
00:44:46 INFO  [GH3]:   Unknown(0x26861025) (QTypeQbKey) : 0x0000
00:44:46 INFO  [GH3]:   Unknown(0xec953eec) (QTypeInt) : 0
00:44:46 INFO  [GH3]: }
00:44:46 INFO  [GH3]: {
00:44:46 INFO  [GH3]:   Unknown(0x83aaa1a0) (QTypeQbKey) : 0xeb323e20
00:44:46 INFO  [GH3]:   Unknown(0xdb616875) (QTypeInt) : 4
00:44:46 INFO  [GH3]:   Unknown(0xd8f1a5c6) (QTypeQbKey) : 0xc04d5ae
00:44:46 INFO  [GH3]:   Unknown(0xb7822ed8) (QTypeInt) : 4
00:44:46 INFO  [GH3]:   Unknown(0xcc12115e) (QTypeQbKey) : 0x8d31120b
00:44:46 INFO  [GH3]:   Unknown(0x8a4c762d) (QTypeQbKey) : 0xe25189e9
00:44:46 INFO  [GH3]: }
00:44:46 INFO  [GH3]: {
00:44:46 INFO  [GH3]:   Unknown(0x7321a8d6) (QTypeQbKey) : 0xe5fa3adf
00:44:46 INFO  [GH3]: }
00:52:13 INFO  [GH3]: {
00:52:13 INFO  [GH3]:   Unknown(0x8d53f1a8) (QTypeCString) : "p1_career"
00:52:13 INFO  [GH3]:   Unknown(0x6f402ef3) (QTypeQbKey) : 0x27e6b559
00:52:13 INFO  [GH3]:   Unknown(0x68e4ef11) (QTypeInt) : 1
00:52:13 INFO  [GH3]:   Unknown(0xfc2cdee3) (QTypeQbKey) : 0x6840922f
00:52:13 INFO  [GH3]:   Unknown(0x1fbdbe71) (QTypeInt) : 4294967295
00:52:13 INFO  [GH3]:   Unknown(0xb38db12c) (QTypeInt) : 4294967295
00:52:13 INFO  [GH3]:   Unknown(0x97ca3b34) (QTypeInt) : 4294967295
00:52:13 INFO  [GH3]:   Unknown(0xa1dc81f9) (QTypeWString) : "AAA"
00:52:13 INFO  [GH3]:   Unknown(0x06afff1e) (QTypeInt) : 1
00:52:13 INFO  [GH3]:   Unknown(0x3ae567d9) (QTypeInt) : 0
00:52:13 INFO  [GH3]:   Unknown(0x56849e71) (QTypeInt) : 0
00:52:13 INFO  [GH3]:   Unknown(0xf9461a46) (QTypeInt) : 37770
00:52:13 INFO  [GH3]:   Unknown(0xb65414e8) (QTypeQbKey) : 0x6840922f
00:52:13 INFO  [GH3]:   Unknown(0xfaea61a2) (QTypeCString) : "AAA"
00:52:13 INFO  [GH3]:   Unknown(0x818af862) (QTypeCString) : "expert"
00:52:13 INFO  [GH3]:   Unknown(0x4fe8ccfa) (QTypeCString) : "expert"
00:52:13 INFO  [GH3]:   Unknown(0x28f07394) (QTypeQbArray) : Type:"QTypeQbArray" Size:1104668320
00:52:13 INFO  [GH3]:   Unknown(0xcbc90a15) (QTypeInt) : 11
00:52:13 INFO  [GH3]:   Unknown(0xd495ab7b) (QTypeQbArray) : Type:"QTypeQbArray" Size:1104668896
00:52:13 INFO  [GH3]:   Unknown(0xe926d35f) (QTypeInt) : 0
00:52:13 INFO  [GH3]:   Unknown(0x011baaf9) (QTypeInt) : 0
00:52:13 INFO  [GH3]:   Unknown(0x8b89537e) (QTypeInt) : 0
00:52:13 INFO  [GH3]:   Unknown(0x5a0d69b4) (QTypeInt) : 0
00:52:13 INFO  [GH3]:   Unknown(0x6151561a) (QTypeInt) : 0
00:52:13 INFO  [GH3]:   Unknown(0x896c2fbc) (QTypeInt) : 0
00:52:13 INFO  [GH3]:   Unknown(0x02e1858b) (QTypeInt) : 47
00:52:13 INFO  [GH3]:   Unknown(0xd365bf41) (QTypeInt) : 5070172
00:52:13 INFO  [GH3]:   Unknown(0x95e7b7e0) (QTypeInt) : 0
00:52:13 INFO  [GH3]:   Unknown(0x2f2a8266) (QTypeInt) : 0
00:52:13 INFO  [GH3]:   Unknown(0xa1519d6d) (QTypeInt) : 0
00:52:13 INFO  [GH3]:   Unknown(0xfddc5ce1) (QTypeInt) : 0
00:52:13 INFO  [GH3]:   Unknown(0x94fa81cd) (QTypeInt) : 0
00:52:13 INFO  [GH3]:   Unknown(0x47da89ec) (QTypeInt) : 0
00:52:13 INFO  [GH3]:   Unknown(0x841fb3b4) (QTypeInt) : 0
00:52:13 INFO  [GH3]:   Unknown(0x1a2c461f) (QTypeInt) : 0
00:52:13 INFO  [GH3]:   Unknown(0x4eac7a14) (QTypeInt) : 0
00:52:13 INFO  [GH3]:   Unknown(0x41a5caa6) (QTypeInt) : 0
00:52:13 INFO  [GH3]:   Unknown(0x20dd76c7) (QTypeInt) : 0
00:52:13 INFO  [GH3]:   Unknown(0x8ab4f025) (QTypeInt) : 0
00:52:13 INFO  [GH3]:   Unknown(0xfc3ed0e2) (QTypeInt) : 0
00:52:13 INFO  [GH3]:   Unknown(0x02c37560) (QTypeInt) : 0
00:52:13 INFO  [GH3]:   Unknown(0xb9131cee) (QTypeInt) : 0
00:52:13 INFO  [GH3]:   Unknown(0x2b039206) (QTypeInt) : 0
00:52:13 INFO  [GH3]:   Unknown(0xf646cb13) (QTypeInt) : 37770
00:52:13 INFO  [GH3]:   Unknown(0xb9d4f601) (QTypeInt) : 16404
00:52:13 INFO  [GH3]:   Unknown(0xfa991675) (QTypeFloat) : 5070172
00:52:13 INFO  [GH3]:   Unknown(0x75560617) (QTypeFloat) : 5070172
00:52:13 INFO  [GH3]: }
00:52:14 INFO  [GH3]: {
00:52:14 INFO  [GH3]:   Unknown(0x00000000) (QTypeQbKey) : 0x6086aa70
00:52:14 INFO  [GH3]:   Unknown(0x520c0c9c) (QTypeQbKey) : 0x806fff30
00:52:14 INFO  [GH3]:   Unknown(0x26861025) (QTypeQbKey) : 0x0000
00:52:14 INFO  [GH3]:   Unknown(0xec953eec) (QTypeInt) : 0
00:52:14 INFO  [GH3]: }
00:52:14 INFO  [GH3]: {
00:52:14 INFO  [GH3]:   Unknown(0x7321a8d6) (QTypeQbKey) : 0x7acf53ca
00:52:14 INFO  [GH3]: }
00:52:18 INFO  [GH3]: {
00:52:18 INFO  [GH3]:   Unknown(0x26bf66f3) (QTypeQbStruct) : 
00:52:18 INFO  [GH3]: 	{
00:52:18 INFO  [GH3]: 	  Unknown(0xc4745838) (QTypeWString) : "You will lose all unsaved progress if you restart. Are you sure you want to restart this song?"
00:52:18 INFO  [GH3]: 	  Unknown(0x34a68574) (QTypePair) : (600, 400)
00:52:18 INFO  [GH3]: 	  Unknown(0x13b9da7b) (QTypeFloat) : 0.6
00:52:18 INFO  [GH3]: 	}
00:52:18 INFO  [GH3]:   Unknown(0x69d0dfaf) (QTypeInt) : 0
00:52:18 INFO  [GH3]:   Unknown(0x00000000) (QTypeQbKey) : 0xeafc692e
00:52:18 INFO  [GH3]:   Unknown(0xe787d761) (QTypePair) : (640, 480)
00:52:18 INFO  [GH3]:   Unknown(0xad8a5a63) (QTypePair) : (600, 80)
00:52:18 INFO  [GH3]:   Unknown(0x2fca0578) (QTypeQbArray) : Type:"QTypeQbArray" Size:1100636352
00:52:18 INFO  [GH3]: }
00:52:19 INFO  [GH3]: {
00:52:19 INFO  [GH3]:   Unknown(0x83aaa1a0) (QTypeQbKey) : 0xeb323e20
00:52:19 INFO  [GH3]:   Unknown(0xdb616875) (QTypeInt) : 4
00:52:19 INFO  [GH3]:   Unknown(0xd8f1a5c6) (QTypeQbKey) : 0x8d31120b
00:52:19 INFO  [GH3]:   Unknown(0xb7822ed8) (QTypeInt) : 4
00:52:19 INFO  [GH3]:   Unknown(0xcc12115e) (QTypeQbKey) : 0x8d31120b
00:52:19 INFO  [GH3]:   Unknown(0x8a4c762d) (QTypeQbKey) : 0xe25189e9
00:52:19 INFO  [GH3]: }
00:52:19 INFO  [GH3]: {
00:52:19 INFO  [GH3]:   Unknown(0x2e41f796) (QTypeInt) : 3000
00:52:19 INFO  [GH3]:   Unknown(0x00000000) (QTypeQbKey) : 0xda99b63b
00:52:19 INFO  [GH3]: }
00:57:45 INFO  [GH3]: {
00:57:45 INFO  [GH3]:   Unknown(0x8d53f1a8) (QTypeCString) : "p1_career"
00:57:45 INFO  [GH3]:   Unknown(0x6f402ef3) (QTypeQbKey) : 0x27e6b559
00:57:45 INFO  [GH3]:   Unknown(0x68e4ef11) (QTypeInt) : 1
00:57:45 INFO  [GH3]:   Unknown(0xfc2cdee3) (QTypeQbKey) : 0x6840922f
00:57:45 INFO  [GH3]:   Unknown(0x1fbdbe71) (QTypeInt) : 4294967295
00:57:45 INFO  [GH3]:   Unknown(0xb38db12c) (QTypeInt) : 4294967295
00:57:45 INFO  [GH3]:   Unknown(0x97ca3b34) (QTypeInt) : 4294967295
00:57:45 INFO  [GH3]:   Unknown(0xa1dc81f9) (QTypeWString) : "AAA"
00:57:45 INFO  [GH3]:   Unknown(0x06afff1e) (QTypeInt) : 1
00:57:45 INFO  [GH3]:   Unknown(0x3ae567d9) (QTypeInt) : 0
00:57:45 INFO  [GH3]:   Unknown(0x56849e71) (QTypeInt) : 0
00:57:45 INFO  [GH3]:   Unknown(0xf9461a46) (QTypeInt) : 39570
00:57:45 INFO  [GH3]:   Unknown(0xb65414e8) (QTypeQbKey) : 0x6840922f
00:57:45 INFO  [GH3]:   Unknown(0xfaea61a2) (QTypeCString) : "AAA"
00:57:45 INFO  [GH3]:   Unknown(0x818af862) (QTypeCString) : "expert"
00:57:45 INFO  [GH3]:   Unknown(0x4fe8ccfa) (QTypeCString) : "expert"
00:57:45 INFO  [GH3]:   Unknown(0x28f07394) (QTypeQbArray) : Type:"QTypeQbArray" Size:1104662896
00:57:45 INFO  [GH3]:   Unknown(0xcbc90a15) (QTypeInt) : 12
00:57:45 INFO  [GH3]:   Unknown(0xd495ab7b) (QTypeQbArray) : Type:"QTypeQbArray" Size:1104662848
00:57:45 INFO  [GH3]:   Unknown(0xe926d35f) (QTypeInt) : 0
00:57:45 INFO  [GH3]:   Unknown(0x011baaf9) (QTypeInt) : 0
00:57:45 INFO  [GH3]:   Unknown(0x8b89537e) (QTypeInt) : 0
00:57:45 INFO  [GH3]:   Unknown(0x5a0d69b4) (QTypeInt) : 0
00:57:45 INFO  [GH3]:   Unknown(0x6151561a) (QTypeInt) : 0
00:57:45 INFO  [GH3]:   Unknown(0x896c2fbc) (QTypeInt) : 0
00:57:45 INFO  [GH3]:   Unknown(0x02e1858b) (QTypeInt) : 50
00:57:45 INFO  [GH3]:   Unknown(0xd365bf41) (QTypeInt) : 5363661
00:57:45 INFO  [GH3]:   Unknown(0x95e7b7e0) (QTypeInt) : 0
00:57:45 INFO  [GH3]:   Unknown(0x2f2a8266) (QTypeInt) : 0
00:57:45 INFO  [GH3]:   Unknown(0xa1519d6d) (QTypeInt) : 0
00:57:45 INFO  [GH3]:   Unknown(0xfddc5ce1) (QTypeInt) : 0
00:57:45 INFO  [GH3]:   Unknown(0x94fa81cd) (QTypeInt) : 0
00:57:45 INFO  [GH3]:   Unknown(0x47da89ec) (QTypeInt) : 0
00:57:45 INFO  [GH3]:   Unknown(0x841fb3b4) (QTypeInt) : 0
00:57:45 INFO  [GH3]:   Unknown(0x1a2c461f) (QTypeInt) : 0
00:57:45 INFO  [GH3]:   Unknown(0x4eac7a14) (QTypeInt) : 0
00:57:45 INFO  [GH3]:   Unknown(0x41a5caa6) (QTypeInt) : 0
00:57:45 INFO  [GH3]:   Unknown(0x20dd76c7) (QTypeInt) : 0
00:57:45 INFO  [GH3]:   Unknown(0x8ab4f025) (QTypeInt) : 0
00:57:45 INFO  [GH3]:   Unknown(0xfc3ed0e2) (QTypeInt) : 0
00:57:45 INFO  [GH3]:   Unknown(0x02c37560) (QTypeInt) : 0
00:57:45 INFO  [GH3]:   Unknown(0xb9131cee) (QTypeInt) : 0
00:57:45 INFO  [GH3]:   Unknown(0x2b039206) (QTypeInt) : 0
00:57:45 INFO  [GH3]:   Unknown(0xf646cb13) (QTypeInt) : 39570
00:57:45 INFO  [GH3]:   Unknown(0xb9d4f601) (QTypeInt) : 17382
00:57:45 INFO  [GH3]:   Unknown(0xfa991675) (QTypeFloat) : 5363661
00:57:45 INFO  [GH3]:   Unknown(0x75560617) (QTypeFloat) : 5363661
00:57:45 INFO  [GH3]: }
00:57:46 INFO  [GH3]: {
00:57:46 INFO  [GH3]:   Unknown(0x69d0dfaf) (QTypeInt) : 0
00:57:46 INFO  [GH3]:   Unknown(0xd4c98794) (QTypeWString) : "CHECKING..."
00:57:46 INFO  [GH3]:   Unknown(0x26bf66f3) (QTypeQbStruct) : 
00:57:47 INFO  [GH3]: 	{
00:57:47 INFO  [GH3]: 	  Unknown(0xc4745838) (QTypeWString) : "Checking storage device..."
00:57:47 INFO  [GH3]: 	}
00:57:47 INFO  [GH3]: }
00:57:47 INFO  [GH3]: {
00:57:47 INFO  [GH3]:   Unknown(0x69d0dfaf) (QTypeInt) : 0
00:57:47 INFO  [GH3]:   Unknown(0xd4c98794) (QTypeWString) : "SUCCESSFUL"
00:57:47 INFO  [GH3]:   Unknown(0x26bf66f3) (QTypeQbStruct) : 
00:57:47 INFO  [GH3]: 	{
00:57:47 INFO  [GH3]: 	  Unknown(0xc4745838) (QTypeWString) : "Overwrite successful."
00:57:47 INFO  [GH3]: 	}
00:57:47 INFO  [GH3]: }
00:57:47 INFO  [GH3]: {
00:57:47 INFO  [GH3]:   Unknown(0x40c698af) (QTypeQbKey) : 0xed108a91
00:57:47 INFO  [GH3]: }
00:57:47 INFO  [GH3]: {
00:57:47 INFO  [GH3]:   Unknown(0x40c698af) (QTypeQbKey) : 0x31eebbd
00:57:47 INFO  [GH3]: }
00:57:48 INFO  [GH3]: {
00:57:48 INFO  [GH3]:   Unknown(0xb30d9965) (QTypeInt) : 0
00:57:48 INFO  [GH3]:   Unknown(0x40c698af) (QTypeQbKey) : 0x75e53a49
00:57:48 INFO  [GH3]: }
00:57:48 INFO  [GH3]: {
00:57:48 INFO  [GH3]:   Unknown(0xb30d9965) (QTypeInt) : 0
00:57:48 INFO  [GH3]:   Unknown(0x40c698af) (QTypeQbKey) : 0x9c869f7c
00:57:48 INFO  [GH3]: }
00:57:48 INFO  [GH3]: {
00:57:48 INFO  [GH3]:   Unknown(0xb30d9965) (QTypeInt) : 0
00:57:48 INFO  [GH3]:   Unknown(0x40c698af) (QTypeQbKey) : 0x7288fe50
00:57:48 INFO  [GH3]: }
00:57:48 INFO  [GH3]: {
00:57:48 INFO  [GH3]:   Unknown(0xb30d9965) (QTypeInt) : 0
00:57:48 INFO  [GH3]:   Unknown(0x40c698af) (QTypeQbKey) : 0x9530d357
00:57:48 INFO  [GH3]: }
00:57:48 INFO  [GH3]: {
00:57:48 INFO  [GH3]:   Unknown(0xb30d9965) (QTypeInt) : 0
00:57:48 INFO  [GH3]:   Unknown(0x40c698af) (QTypeQbKey) : 0xb0c608a6
00:57:48 INFO  [GH3]: }
00:57:48 INFO  [GH3]: {
00:57:48 INFO  [GH3]:   Unknown(0xb30d9965) (QTypeInt) : 0
00:57:48 INFO  [GH3]:   Unknown(0x40c698af) (QTypeQbKey) : 0x5ec8698a
00:57:48 INFO  [GH3]: }
00:57:48 INFO  [GH3]: {
00:57:48 INFO  [GH3]:   Unknown(0xb30d9965) (QTypeInt) : 0
00:57:48 INFO  [GH3]:   Unknown(0x40c698af) (QTypeQbKey) : 0xb7abccbf
00:57:48 INFO  [GH3]: }
00:57:48 INFO  [GH3]: {
00:57:48 INFO  [GH3]:   Unknown(0xb30d9965) (QTypeInt) : 0
00:57:48 INFO  [GH3]:   Unknown(0x40c698af) (QTypeQbKey) : 0x59a5ad93
00:57:48 INFO  [GH3]: }
00:57:48 INFO  [GH3]: {
00:57:48 INFO  [GH3]:   Unknown(0xb30d9965) (QTypeInt) : 0
00:57:48 INFO  [GH3]:   Unknown(0x40c698af) (QTypeQbKey) : 0xbe1d8094
00:57:48 INFO  [GH3]: }
00:57:48 INFO  [GH3]: {
00:57:48 INFO  [GH3]:   Unknown(0xb30d9965) (QTypeInt) : 0
00:57:48 INFO  [GH3]:   Unknown(0x40c698af) (QTypeQbKey) : 0xa9dd39e7
00:57:48 INFO  [GH3]: }
00:57:49 INFO  [GH3]: {
00:57:49 INFO  [GH3]:   Unknown(0xb30d9965) (QTypeInt) : 0
00:57:49 INFO  [GH3]:   Unknown(0x40c698af) (QTypeQbKey) : 0x47d358cb
00:57:49 INFO  [GH3]: }
00:57:49 INFO  [GH3]: {
00:57:49 INFO  [GH3]:   Unknown(0x40c698af) (QTypeQbKey) : 0xed108a91
00:57:49 INFO  [GH3]: }
00:57:49 INFO  [GH3]: {
00:57:49 INFO  [GH3]:   Unknown(0x40c698af) (QTypeQbKey) : 0x31eebbd
00:57:49 INFO  [GH3]: }
00:57:50 INFO  [GH3]: {
00:57:50 INFO  [GH3]:   Unknown(0x40c698af) (QTypeQbKey) : 0x4fae2f23
00:57:50 INFO  [GH3]: }
00:57:52 INFO  [GH3]: {
00:57:52 INFO  [GH3]:   Unknown(0x69d0dfaf) (QTypeInt) : 0
00:57:52 INFO  [GH3]:   Unknown(0x26bf66f3) (QTypeQbStruct) : 
00:57:52 INFO  [GH3]: 	{
00:57:52 INFO  [GH3]: 	  Unknown(0xc4745838) (QTypeStringPointer) : (not implemented, please report this to Vultu with your code!)
00:57:52 INFO  [GH3]: 	}
00:57:52 INFO  [GH3]:   Unknown(0xe787d761) (QTypePair) : (640, 490)
00:57:52 INFO  [GH3]:   Unknown(0xad8a5a63) (QTypePair) : (288, 64)
00:57:52 INFO  [GH3]:   Unknown(0x2fca0578) (QTypeQbArray) : Type:"QTypeQbArray" Size:1495697344
00:57:52 INFO  [GH3]: }
