00:13:44 INFO  [Nylon]: Wine was not detected. Assuming we are running on a Windows NT OS Please report this if this detection is an error.
00:13:44 INFO  [Nylon]: Minhook initialized!
00:13:44 INFO  [Nylon]: Setting up default hooks...
00:13:45 INFO  [Nylon]: Hooked function at address: 0x770689E0
00:13:45 INFO  [Nylon]: Hooked function at address: 0x77068320
00:13:45 INFO  [Nylon]: Hooked function at address: 0x77062520
00:13:45 INFO  [Nylon]: Hooked function at address: 0x00530970
00:13:45 INFO  [Nylon]: Hooked function at address: 0x00530940
00:13:45 INFO  [Nylon]: Hooked function at address: 0x004A1780
00:13:45 INFO  [Nylon]: Hooked function at address: 0x00472B50
00:13:45 INFO  [Nylon]: Hooked function at address: 0x0057B940
00:13:45 INFO  [Nylon]: Hooked function at address: 0x00601D30
00:13:45 INFO  [Nylon]: Hooked function at address: 0x0047DFA0
00:13:45 INFO  [Nylon]: Hooked function at address: 0x0057AE20
00:13:46 INFO  [Nylon]: Hooked function at address: 0x00D94EE8
00:13:46 INFO  [Nylon]: Hooked function at address: 0x004A6820
00:13:46 INFO  [Nylon]: Hooked function at address: 0x0047E5B0
00:13:46 INFO  [Nylon]: Finished setting up default hooks.
00:13:46 INFO  [Nylon]: Loading mods...
00:13:46 INFO  [Nylon]: Loading mods from: "C:\Games\Guitar Hero III\nylon\Mods"
00:13:46 INFO  [Nylon]: Checking for: "C:\Games\Guitar Hero III\nylon\Mods\GH3Deluxe\modinfo.json"...
00:13:46 INFO  [Nylon]: Loading...
00:13:46 INFO  [Nylon]: Found mod: gh3dx
00:13:46 INFO  [Nylon]: Finished loading mods.
00:13:46 INFO  [Nylon]: Finished Core Initialization!
00:13:47 INFO  [Nylon]: Expecting: "GH3Deluxe\pak\gh3dx.pak"
00:13:47 INFO  [Nylon]: Found it! Loading...
00:13:47 INFO  [Nylon]: Done!
00:13:47 INFO  [Nylon]: Hooking DirectX 9...
00:13:47 INFO  [Nylon]: Hooked function at address: 0x63116500
00:13:47 INFO  [Nylon]: Hooked function at address: 0x63116120
00:13:47 INFO  [Nylon]: Hooked function at address: 0x5942B040
00:13:47 ERROR [Nylon]: Failed to hook function at address: 0x5942B040 Error Code: 3
00:13:47 INFO  [Nylon]: Finished hooking DirectX 9.
00:13:47 INFO  [Nylon]: Hooked function at address: 0x5942C550
00:13:47 ERROR [Nylon]: Failed to hook function at address: 0x5942C550 Error Code: 3
00:13:48 INFO  [Nylon]: KeyboardSetCooperativeLevel -> 6
00:13:48 INFO  [Nylon]: KeyboardSetCooperativeLevel -> 5
00:13:51 INFO  [GH3]: {
00:13:51 INFO  [GH3]:   Unknown(0x69d0dfaf) (QTypeInt) : 3
00:13:51 INFO  [GH3]:   Unknown(0xd4c98794) (QTypeWString) : "CHECKING..."
00:13:51 INFO  [GH3]:   Unknown(0x26bf66f3) (QTypeQbStruct) : 
00:13:51 INFO  [GH3]: 	{
00:13:51 INFO  [GH3]: 	  Unknown(0xc4745838) (QTypeWString) : "Checking storage device..."
00:13:51 INFO  [GH3]: 	}
00:13:51 INFO  [GH3]: }
00:13:51 INFO  [GH3]: {
00:13:51 INFO  [GH3]:   Unknown(0x69d0dfaf) (QTypeInt) : 3
00:13:51 INFO  [GH3]:   Unknown(0xd4c98794) (QTypeWString) : "SUCCESSFUL"
00:13:51 INFO  [GH3]:   Unknown(0x26bf66f3) (QTypeQbStruct) : 
00:13:51 INFO  [GH3]: 	{
00:13:51 INFO  [GH3]: 	  Unknown(0xc4745838) (QTypeWString) : "Load successful."
00:13:51 INFO  [GH3]: 	}
00:13:51 INFO  [GH3]: }
00:13:53 INFO  [GH3]: {
00:13:53 INFO  [GH3]:   Unknown(0x7323e97c) (QTypeQbArray) : Type:"QTypeQbArray" Size:1121902240
00:13:53 INFO  [GH3]: }
00:13:54 INFO  [GH3]: {
00:13:54 INFO  [GH3]:   Unknown(0x40c698af) (QTypeQbKey) : 0x87899f29
00:13:54 INFO  [GH3]: }
00:13:54 INFO  [GH3]: {
00:13:54 INFO  [GH3]:   Unknown(0x40c698af) (QTypeQbKey) : 0xed108a91
00:13:54 INFO  [GH3]: }
00:13:54 INFO  [GH3]: {
00:13:54 INFO  [GH3]:   Unknown(0x40c698af) (QTypeQbKey) : 0x31eebbd
00:13:54 INFO  [GH3]: }
00:13:54 INFO  [GH3]: {
00:13:54 INFO  [GH3]:   Unknown(0x40c698af) (QTypeQbKey) : 0xea7d4e88
00:13:54 INFO  [GH3]: }
00:13:54 INFO  [GH3]: {
00:13:54 INFO  [GH3]:   Unknown(0x40c698af) (QTypeQbKey) : 0x4732fa4
00:13:54 INFO  [GH3]: }
00:13:55 INFO  [GH3]: {
00:13:55 INFO  [GH3]:   Unknown(0xb30d9965) (QTypeInt) : 0
00:13:55 INFO  [GH3]:   Unknown(0x40c698af) (QTypeQbKey) : 0x76155139
00:13:55 INFO  [GH3]: }
00:13:55 INFO  [GH3]: {
00:13:55 INFO  [GH3]:   Unknown(0xb30d9965) (QTypeInt) : 0
00:13:55 INFO  [GH3]:   Unknown(0x40c698af) (QTypeQbKey) : 0x91ad7c3e
00:13:55 INFO  [GH3]: }
00:13:55 INFO  [GH3]: {
00:13:55 INFO  [GH3]:   Unknown(0xb30d9965) (QTypeInt) : 0
00:13:55 INFO  [GH3]:   Unknown(0x40c698af) (QTypeQbKey) : 0x866dc54d
00:13:55 INFO  [GH3]: }
00:13:55 INFO  [GH3]: {
00:13:55 INFO  [GH3]:   Unknown(0xb30d9965) (QTypeInt) : 0
00:13:55 INFO  [GH3]:   Unknown(0x40c698af) (QTypeQbKey) : 0x6863a461
00:13:55 INFO  [GH3]: }
00:13:55 INFO  [GH3]: {
00:13:55 INFO  [GH3]:   Unknown(0xb30d9965) (QTypeInt) : 0
00:13:55 INFO  [GH3]:   Unknown(0x40c698af) (QTypeQbKey) : 0x81000154
00:13:55 INFO  [GH3]: }
00:13:55 INFO  [GH3]: {
00:13:55 INFO  [GH3]:   Unknown(0xb30d9965) (QTypeInt) : 0
00:13:55 INFO  [GH3]:   Unknown(0x40c698af) (QTypeQbKey) : 0x6f0e6078
00:13:55 INFO  [GH3]: }
00:13:55 INFO  [GH3]: {
00:13:55 INFO  [GH3]:   Unknown(0xb30d9965) (QTypeInt) : 0
00:13:55 INFO  [GH3]:   Unknown(0x40c698af) (QTypeQbKey) : 0x88b64d7f
00:13:55 INFO  [GH3]: }
00:13:55 INFO  [GH3]: {
00:13:55 INFO  [GH3]:   Unknown(0xb30d9965) (QTypeInt) : 0
00:13:55 INFO  [GH3]:   Unknown(0x40c698af) (QTypeQbKey) : 0xc92c538a
00:13:55 INFO  [GH3]: }
00:13:55 INFO  [GH3]: {
00:13:55 INFO  [GH3]:   Unknown(0xb30d9965) (QTypeInt) : 0
00:13:55 INFO  [GH3]:   Unknown(0x40c698af) (QTypeQbKey) : 0x272232a6
00:13:55 INFO  [GH3]: }
00:13:55 INFO  [GH3]: {
00:13:55 INFO  [GH3]:   Unknown(0xb30d9965) (QTypeInt) : 0
00:13:55 INFO  [GH3]:   Unknown(0x40c698af) (QTypeQbKey) : 0xce419793
00:13:55 INFO  [GH3]: }
00:13:55 INFO  [GH3]: {
00:13:55 INFO  [GH3]:   Unknown(0xb30d9965) (QTypeInt) : 0
00:13:55 INFO  [GH3]:   Unknown(0x40c698af) (QTypeQbKey) : 0x204ff6bf
00:13:55 INFO  [GH3]: }
00:13:55 INFO  [GH3]: {
00:13:55 INFO  [GH3]:   Unknown(0xb30d9965) (QTypeInt) : 0
00:13:55 INFO  [GH3]:   Unknown(0x40c698af) (QTypeQbKey) : 0xc7f7dbb8
00:13:55 INFO  [GH3]: }
00:13:55 INFO  [GH3]: {
00:13:55 INFO  [GH3]:   Unknown(0xb30d9965) (QTypeInt) : 0
00:13:55 INFO  [GH3]:   Unknown(0x40c698af) (QTypeQbKey) : 0xd03762cb
00:13:55 INFO  [GH3]: }
00:13:55 INFO  [GH3]: {
00:13:55 INFO  [GH3]:   Unknown(0xb30d9965) (QTypeInt) : 0
00:13:55 INFO  [GH3]:   Unknown(0x40c698af) (QTypeQbKey) : 0x3e3903e7
00:13:55 INFO  [GH3]: }
00:13:55 INFO  [GH3]: {
00:13:55 INFO  [GH3]:   Unknown(0xb30d9965) (QTypeInt) : 0
00:13:55 INFO  [GH3]:   Unknown(0x40c698af) (QTypeQbKey) : 0xd75aa6d2
00:13:55 INFO  [GH3]: }
00:13:55 INFO  [GH3]: {
00:13:55 INFO  [GH3]:   Unknown(0xb30d9965) (QTypeInt) : 0
00:13:55 INFO  [GH3]:   Unknown(0x40c698af) (QTypeQbKey) : 0x3954c7fe
00:13:55 INFO  [GH3]: }
00:13:55 INFO  [GH3]: {
00:13:55 INFO  [GH3]:   Unknown(0xb30d9965) (QTypeInt) : 0
00:13:55 INFO  [GH3]:   Unknown(0x40c698af) (QTypeQbKey) : 0xdeeceaf9
00:13:55 INFO  [GH3]: }
00:13:59 INFO  [GH3]: {
00:13:59 INFO  [GH3]:   Unknown(0xb30d9965) (QTypeInt) : 0
00:13:59 INFO  [GH3]:   Unknown(0x40c698af) (QTypeQbKey) : 0xfb1a3108
00:13:59 INFO  [GH3]: }
00:14:00 INFO  [GH3]: {
00:14:00 INFO  [GH3]:   Unknown(0xb30d9965) (QTypeInt) : 0
00:14:00 INFO  [GH3]:   Unknown(0x40c698af) (QTypeQbKey) : 0x15145024
00:14:00 INFO  [GH3]: }
00:14:00 INFO  [GH3]: {
00:14:00 INFO  [GH3]:   Unknown(0xb30d9965) (QTypeInt) : 0
00:14:00 INFO  [GH3]:   Unknown(0x40c698af) (QTypeQbKey) : 0xfb1a3108
00:14:00 INFO  [GH3]: }
00:14:06 INFO  [GH3]: {
00:14:06 INFO  [GH3]:   Unknown(0xb30d9965) (QTypeInt) : 0
00:14:06 INFO  [GH3]:   Unknown(0x40c698af) (QTypeQbKey) : 0xdeeceaf9
00:14:06 INFO  [GH3]: }
00:14:07 INFO  [GH3]: {
00:14:07 INFO  [GH3]:   Unknown(0xb30d9965) (QTypeInt) : 0
00:14:07 INFO  [GH3]:   Unknown(0x40c698af) (QTypeQbKey) : 0x3954c7fe
00:14:07 INFO  [GH3]: }
00:14:07 INFO  [GH3]: {
00:14:07 INFO  [GH3]:   Unknown(0xb30d9965) (QTypeInt) : 0
00:14:07 INFO  [GH3]:   Unknown(0x40c698af) (QTypeQbKey) : 0xd75aa6d2
00:14:07 INFO  [GH3]: }
00:14:08 INFO  [GH3]: {
00:14:08 INFO  [GH3]:   Unknown(0xb30d9965) (QTypeInt) : 0
00:14:08 INFO  [GH3]:   Unknown(0x40c698af) (QTypeQbKey) : 0x3e3903e7
00:14:08 INFO  [GH3]: }
00:14:08 INFO  [GH3]: {
00:14:08 INFO  [GH3]:   Unknown(0xb30d9965) (QTypeInt) : 0
00:14:08 INFO  [GH3]:   Unknown(0x40c698af) (QTypeQbKey) : 0x3e3903e7
00:14:08 INFO  [GH3]: }
00:14:09 INFO  [GH3]: {
00:14:09 INFO  [GH3]:   Unknown(0xb30d9965) (QTypeInt) : 0
00:14:09 INFO  [GH3]:   Unknown(0x40c698af) (QTypeQbKey) : 0xd75aa6d2
00:14:09 INFO  [GH3]: }
00:14:09 INFO  [GH3]: {
00:14:09 INFO  [GH3]:   Unknown(0xb30d9965) (QTypeInt) : 0
00:14:09 INFO  [GH3]:   Unknown(0x40c698af) (QTypeQbKey) : 0x3954c7fe
00:14:09 INFO  [GH3]: }
00:14:09 INFO  [GH3]: {
00:14:09 INFO  [GH3]:   Unknown(0xb30d9965) (QTypeInt) : 0
00:14:09 INFO  [GH3]:   Unknown(0x40c698af) (QTypeQbKey) : 0xdeeceaf9
00:14:09 INFO  [GH3]: }
00:14:09 INFO  [GH3]: {
00:14:09 INFO  [GH3]:   Unknown(0xb30d9965) (QTypeInt) : 0
00:14:09 INFO  [GH3]:   Unknown(0x40c698af) (QTypeQbKey) : 0xfb1a3108
00:14:09 INFO  [GH3]: }
00:14:10 INFO  [GH3]: {
00:14:10 INFO  [GH3]:   Unknown(0xb30d9965) (QTypeInt) : 0
00:14:10 INFO  [GH3]:   Unknown(0x40c698af) (QTypeQbKey) : 0x15145024
00:14:10 INFO  [GH3]: }
00:14:14 INFO  [GH3]: {
00:14:14 INFO  [GH3]:   Unknown(0xb30d9965) (QTypeInt) : 0
00:14:14 INFO  [GH3]:   Unknown(0x40c698af) (QTypeQbKey) : 0x15145024
00:14:14 INFO  [GH3]: }
00:14:14 INFO  [GH3]: {
00:14:14 INFO  [GH3]:   Unknown(0xb30d9965) (QTypeInt) : 0
00:14:14 INFO  [GH3]:   Unknown(0x40c698af) (QTypeQbKey) : 0x15145024
00:14:14 INFO  [GH3]: }
00:14:14 INFO  [GH3]: {
00:14:14 INFO  [GH3]:   Unknown(0xb30d9965) (QTypeInt) : 0
00:14:14 INFO  [GH3]:   Unknown(0x40c698af) (QTypeQbKey) : 0x15145024
00:14:14 INFO  [GH3]: }
00:14:14 INFO  [GH3]: {
00:14:14 INFO  [GH3]:   Unknown(0xb30d9965) (QTypeInt) : 0
00:14:14 INFO  [GH3]:   Unknown(0x40c698af) (QTypeQbKey) : 0x15145024
00:14:14 INFO  [GH3]: }
00:14:15 INFO  [GH3]: {
00:14:15 INFO  [GH3]:   Unknown(0xb30d9965) (QTypeInt) : 0
00:14:15 INFO  [GH3]:   Unknown(0x40c698af) (QTypeQbKey) : 0xfb1a3108
00:14:15 INFO  [GH3]: }
00:14:15 INFO  [GH3]: {
00:14:15 INFO  [GH3]:   Unknown(0xb30d9965) (QTypeInt) : 0
00:14:15 INFO  [GH3]:   Unknown(0x40c698af) (QTypeQbKey) : 0xdeeceaf9
00:14:15 INFO  [GH3]: }
00:14:15 INFO  [GH3]: {
00:14:15 INFO  [GH3]:   Unknown(0xb30d9965) (QTypeInt) : 0
00:14:15 INFO  [GH3]:   Unknown(0x40c698af) (QTypeQbKey) : 0x3954c7fe
00:14:15 INFO  [GH3]: }
00:14:15 INFO  [GH3]: {
00:14:15 INFO  [GH3]:   Unknown(0xb30d9965) (QTypeInt) : 0
00:14:15 INFO  [GH3]:   Unknown(0x40c698af) (QTypeQbKey) : 0xd75aa6d2
00:14:15 INFO  [GH3]: }
00:14:16 INFO  [GH3]: {
00:14:16 INFO  [GH3]:   Unknown(0xb30d9965) (QTypeInt) : 0
00:14:16 INFO  [GH3]:   Unknown(0x40c698af) (QTypeQbKey) : 0x3e3903e7
00:14:16 INFO  [GH3]: }
00:14:16 INFO  [GH3]: {
00:14:16 INFO  [GH3]:   Unknown(0xb30d9965) (QTypeInt) : 0
00:14:16 INFO  [GH3]:   Unknown(0x40c698af) (QTypeQbKey) : 0xd03762cb
00:14:16 INFO  [GH3]: }
00:14:16 INFO  [GH3]: {
00:14:16 INFO  [GH3]:   Unknown(0xb30d9965) (QTypeInt) : 0
00:14:16 INFO  [GH3]:   Unknown(0x40c698af) (QTypeQbKey) : 0xc7f7dbb8
00:14:16 INFO  [GH3]: }
00:14:16 INFO  [GH3]: {
00:14:16 INFO  [GH3]:   Unknown(0xb30d9965) (QTypeInt) : 0
00:14:16 INFO  [GH3]:   Unknown(0x40c698af) (QTypeQbKey) : 0x204ff6bf
00:14:16 INFO  [GH3]: }
00:14:16 INFO  [GH3]: {
00:14:16 INFO  [GH3]:   Unknown(0xb30d9965) (QTypeInt) : 0
00:14:16 INFO  [GH3]:   Unknown(0x40c698af) (QTypeQbKey) : 0xce419793
00:14:16 INFO  [GH3]: }
00:14:16 INFO  [GH3]: {
00:14:16 INFO  [GH3]:   Unknown(0xb30d9965) (QTypeInt) : 0
00:14:16 INFO  [GH3]:   Unknown(0x40c698af) (QTypeQbKey) : 0x272232a6
00:14:16 INFO  [GH3]: }
