00:28:50 INFO  [Nylon]: Wine was not detected. Assuming we are running on a Windows NT OS Please report this if this detection is an error.
00:28:50 INFO  [Nylon]: Minhook initialized!
00:28:50 INFO  [Nylon]: Setting up default hooks...
00:28:51 INFO  [Nylon]: Hooked function at address: 0x770689E0
00:28:51 INFO  [Nylon]: Hooked function at address: 0x77068320
00:28:51 INFO  [Nylon]: Hooked function at address: 0x77062520
00:28:51 INFO  [Nylon]: Hooked function at address: 0x00530970
00:28:51 INFO  [Nylon]: Hooked function at address: 0x00530940
00:28:51 INFO  [Nylon]: Hooked function at address: 0x004A1780
00:28:51 INFO  [Nylon]: Hooked function at address: 0x00472B50
00:28:51 INFO  [Nylon]: Hooked function at address: 0x0057B940
00:28:51 INFO  [Nylon]: Hooked function at address: 0x00601D30
00:28:51 INFO  [Nylon]: Hooked function at address: 0x0047DFA0
00:28:51 INFO  [Nylon]: Hooked function at address: 0x0057AE20
00:28:51 INFO  [Nylon]: Hooked function at address: 0x00D94EE8
00:28:52 INFO  [Nylon]: Hooked function at address: 0x004A6820
00:28:52 INFO  [Nylon]: Hooked function at address: 0x0047E5B0
00:28:52 INFO  [Nylon]: Finished setting up default hooks.
00:28:52 INFO  [Nylon]: Loading mods...
00:28:52 INFO  [Nylon]: Loading mods from: "C:\Games\Guitar Hero III\nylon\Mods"
00:28:52 INFO  [Nylon]: Checking for: "C:\Games\Guitar Hero III\nylon\Mods\GH3Deluxe\modinfo.json"...
00:28:52 INFO  [Nylon]: Loading...
00:28:52 INFO  [Nylon]: Found mod: gh3dx
00:28:52 INFO  [Nylon]: Finished loading mods.
00:28:52 INFO  [Nylon]: Finished Core Initialization!
00:28:52 INFO  [Nylon]: Expecting: "GH3Deluxe\pak\gh3dx.pak"
00:28:52 INFO  [Nylon]: Found it! Loading...
00:28:52 INFO  [Nylon]: Done!
00:28:53 INFO  [Nylon]: Hooking DirectX 9...
00:28:53 INFO  [Nylon]: Hooked function at address: 0x63116500
00:28:53 INFO  [Nylon]: Hooked function at address: 0x63116120
00:28:53 INFO  [Nylon]: Hooked function at address: 0x5942B040
00:28:53 ERROR [Nylon]: Failed to hook function at address: 0x5942B040 Error Code: 3
00:28:53 INFO  [Nylon]: Finished hooking DirectX 9.
00:28:53 INFO  [Nylon]: Hooked function at address: 0x5942C550
00:28:53 ERROR [Nylon]: Failed to hook function at address: 0x5942C550 Error Code: 3
00:28:53 INFO  [Nylon]: KeyboardSetCooperativeLevel -> 6
00:28:53 INFO  [Nylon]: KeyboardSetCooperativeLevel -> 5
00:28:55 INFO  [GH3]: {
00:28:55 INFO  [GH3]:   Unknown(0x69d0dfaf) (QTypeInt) : 3
00:28:55 INFO  [GH3]:   Unknown(0xd4c98794) (QTypeWString) : "CHECKING..."
00:28:55 INFO  [GH3]:   Unknown(0x26bf66f3) (QTypeQbStruct) : 
00:28:55 INFO  [GH3]: 	{
00:28:55 INFO  [GH3]: 	  Unknown(0xc4745838) (QTypeWString) : "Checking storage device..."
00:28:55 INFO  [GH3]: 	}
00:28:55 INFO  [GH3]: }
00:28:55 INFO  [GH3]: {
00:28:55 INFO  [GH3]:   Unknown(0x69d0dfaf) (QTypeInt) : 3
00:28:55 INFO  [GH3]:   Unknown(0xd4c98794) (QTypeWString) : "SUCCESSFUL"
00:28:55 INFO  [GH3]:   Unknown(0x26bf66f3) (QTypeQbStruct) : 
00:28:55 INFO  [GH3]: 	{
00:28:55 INFO  [GH3]: 	  Unknown(0xc4745838) (QTypeWString) : "Load successful."
00:28:55 INFO  [GH3]: 	}
00:28:55 INFO  [GH3]: }
00:28:57 INFO  [GH3]: {
00:28:57 INFO  [GH3]:   Unknown(0x7323e97c) (QTypeQbArray) : Type:"QTypeQbArray" Size:1123219664
00:28:57 INFO  [GH3]: }
00:28:57 INFO  [GH3]: {
00:28:57 INFO  [GH3]:   Unknown(0x40c698af) (QTypeQbKey) : 0x87899f29
00:28:57 INFO  [GH3]: }
00:28:57 INFO  [GH3]: {
00:28:57 INFO  [GH3]:   Unknown(0x40c698af) (QTypeQbKey) : 0xed108a91
00:28:57 INFO  [GH3]: }
00:28:57 INFO  [GH3]: {
00:28:57 INFO  [GH3]:   Unknown(0x40c698af) (QTypeQbKey) : 0x31eebbd
00:28:57 INFO  [GH3]: }
00:28:57 INFO  [GH3]: {
00:28:57 INFO  [GH3]:   Unknown(0x40c698af) (QTypeQbKey) : 0xea7d4e88
00:28:57 INFO  [GH3]: }
00:28:57 INFO  [GH3]: {
00:28:57 INFO  [GH3]:   Unknown(0x40c698af) (QTypeQbKey) : 0x4732fa4
00:28:57 INFO  [GH3]: }
00:28:58 INFO  [GH3]: {
00:28:58 INFO  [GH3]:   Unknown(0xb30d9965) (QTypeInt) : 0
00:28:58 INFO  [GH3]:   Unknown(0x40c698af) (QTypeQbKey) : 0x76155139
00:28:58 INFO  [GH3]: }
00:28:58 INFO  [GH3]: {
00:28:58 INFO  [GH3]:   Unknown(0xb30d9965) (QTypeInt) : 0
00:28:58 INFO  [GH3]:   Unknown(0x40c698af) (QTypeQbKey) : 0x91ad7c3e
00:28:58 INFO  [GH3]: }
00:28:58 INFO  [GH3]: {
00:28:58 INFO  [GH3]:   Unknown(0xb30d9965) (QTypeInt) : 0
00:28:58 INFO  [GH3]:   Unknown(0x40c698af) (QTypeQbKey) : 0x866dc54d
00:28:58 INFO  [GH3]: }
00:28:58 INFO  [GH3]: {
00:28:58 INFO  [GH3]:   Unknown(0xb30d9965) (QTypeInt) : 0
00:28:58 INFO  [GH3]:   Unknown(0x40c698af) (QTypeQbKey) : 0x6863a461
00:28:58 INFO  [GH3]: }
00:28:58 INFO  [GH3]: {
00:28:58 INFO  [GH3]:   Unknown(0xb30d9965) (QTypeInt) : 0
00:28:58 INFO  [GH3]:   Unknown(0x40c698af) (QTypeQbKey) : 0x81000154
00:28:58 INFO  [GH3]: }
00:28:58 INFO  [GH3]: {
00:28:58 INFO  [GH3]:   Unknown(0xb30d9965) (QTypeInt) : 0
00:28:58 INFO  [GH3]:   Unknown(0x40c698af) (QTypeQbKey) : 0x6f0e6078
00:28:58 INFO  [GH3]: }
00:28:58 INFO  [GH3]: {
00:28:58 INFO  [GH3]:   Unknown(0xb30d9965) (QTypeInt) : 0
00:28:58 INFO  [GH3]:   Unknown(0x40c698af) (QTypeQbKey) : 0x88b64d7f
00:28:58 INFO  [GH3]: }
00:28:58 INFO  [GH3]: {
00:28:58 INFO  [GH3]:   Unknown(0xb30d9965) (QTypeInt) : 0
00:28:58 INFO  [GH3]:   Unknown(0x40c698af) (QTypeQbKey) : 0xc92c538a
00:28:58 INFO  [GH3]: }
00:28:58 INFO  [GH3]: {
00:28:58 INFO  [GH3]:   Unknown(0xb30d9965) (QTypeInt) : 0
00:28:58 INFO  [GH3]:   Unknown(0x40c698af) (QTypeQbKey) : 0x272232a6
00:28:58 INFO  [GH3]: }
00:28:58 INFO  [GH3]: {
00:28:58 INFO  [GH3]:   Unknown(0xb30d9965) (QTypeInt) : 0
00:28:58 INFO  [GH3]:   Unknown(0x40c698af) (QTypeQbKey) : 0xce419793
00:28:58 INFO  [GH3]: }
00:28:58 INFO  [GH3]: {
00:28:58 INFO  [GH3]:   Unknown(0xb30d9965) (QTypeInt) : 0
00:28:58 INFO  [GH3]:   Unknown(0x40c698af) (QTypeQbKey) : 0x204ff6bf
00:28:58 INFO  [GH3]: }
00:28:58 INFO  [GH3]: {
00:28:58 INFO  [GH3]:   Unknown(0xb30d9965) (QTypeInt) : 0
00:28:58 INFO  [GH3]:   Unknown(0x40c698af) (QTypeQbKey) : 0xc7f7dbb8
00:28:58 INFO  [GH3]: }
00:28:58 INFO  [GH3]: {
00:28:58 INFO  [GH3]:   Unknown(0xb30d9965) (QTypeInt) : 0
00:28:58 INFO  [GH3]:   Unknown(0x40c698af) (QTypeQbKey) : 0xd03762cb
00:28:58 INFO  [GH3]: }
00:28:58 INFO  [GH3]: {
00:28:58 INFO  [GH3]:   Unknown(0xb30d9965) (QTypeInt) : 0
00:28:58 INFO  [GH3]:   Unknown(0x40c698af) (QTypeQbKey) : 0x3e3903e7
00:28:58 INFO  [GH3]: }
00:28:58 INFO  [GH3]: {
00:28:58 INFO  [GH3]:   Unknown(0xb30d9965) (QTypeInt) : 0
00:28:58 INFO  [GH3]:   Unknown(0x40c698af) (QTypeQbKey) : 0xd75aa6d2
00:28:58 INFO  [GH3]: }
00:28:58 INFO  [GH3]: {
00:28:58 INFO  [GH3]:   Unknown(0xb30d9965) (QTypeInt) : 0
00:28:58 INFO  [GH3]:   Unknown(0x40c698af) (QTypeQbKey) : 0x3954c7fe
00:28:58 INFO  [GH3]: }
00:28:58 INFO  [GH3]: {
00:28:58 INFO  [GH3]:   Unknown(0xb30d9965) (QTypeInt) : 0
00:28:58 INFO  [GH3]:   Unknown(0x40c698af) (QTypeQbKey) : 0xdeeceaf9
00:28:58 INFO  [GH3]: }
00:28:59 INFO  [GH3]: {
00:28:59 INFO  [GH3]:   Unknown(0xb30d9965) (QTypeInt) : 0
00:28:59 INFO  [GH3]:   Unknown(0x40c698af) (QTypeQbKey) : 0xdeeceaf9
00:28:59 INFO  [GH3]: }
00:29:00 INFO  [GH3]: {
00:29:00 INFO  [GH3]:   Unknown(0xb30d9965) (QTypeInt) : 0
00:29:00 INFO  [GH3]:   Unknown(0x40c698af) (QTypeQbKey) : 0x3954c7fe
00:29:00 INFO  [GH3]: }
00:29:04 INFO  [GH3]: {
00:29:04 INFO  [GH3]:   Unknown(0xb30d9965) (QTypeInt) : 0
00:29:04 INFO  [GH3]:   Unknown(0x40c698af) (QTypeQbKey) : 0xd75aa6d2
00:29:04 INFO  [GH3]: }
00:29:06 INFO  [GH3]: {
00:29:06 INFO  [GH3]:   Unknown(0xb30d9965) (QTypeInt) : 0
00:29:06 INFO  [GH3]:   Unknown(0x40c698af) (QTypeQbKey) : 0xd75aa6d2
00:29:06 INFO  [GH3]: }
00:29:08 INFO  [GH3]: {
00:29:08 INFO  [GH3]:   Unknown(0xb30d9965) (QTypeInt) : 0
00:29:08 INFO  [GH3]:   Unknown(0x40c698af) (QTypeQbKey) : 0xd75aa6d2
00:29:08 INFO  [GH3]: }
00:29:13 INFO  [GH3]: {
00:29:13 INFO  [GH3]:   Unknown(0xb30d9965) (QTypeInt) : 0
00:29:13 INFO  [GH3]:   Unknown(0x40c698af) (QTypeQbKey) : 0x3e3903e7
00:29:13 INFO  [GH3]: }
00:29:15 INFO  [GH3]: {
00:29:15 INFO  [GH3]:   Unknown(0xb30d9965) (QTypeInt) : 0
00:29:15 INFO  [GH3]:   Unknown(0x40c698af) (QTypeQbKey) : 0xd03762cb
00:29:15 INFO  [GH3]: }
00:29:15 INFO  [GH3]: {
00:29:15 INFO  [GH3]:   Unknown(0xb30d9965) (QTypeInt) : 0
00:29:15 INFO  [GH3]:   Unknown(0x40c698af) (QTypeQbKey) : 0xc7f7dbb8
00:29:15 INFO  [GH3]: }
00:29:15 INFO  [GH3]: {
00:29:15 INFO  [GH3]:   Unknown(0xb30d9965) (QTypeInt) : 0
00:29:15 INFO  [GH3]:   Unknown(0x40c698af) (QTypeQbKey) : 0x204ff6bf
00:29:15 INFO  [GH3]: }
00:29:15 INFO  [GH3]: {
00:29:15 INFO  [GH3]:   Unknown(0xb30d9965) (QTypeInt) : 0
00:29:15 INFO  [GH3]:   Unknown(0x40c698af) (QTypeQbKey) : 0xce419793
00:29:15 INFO  [GH3]: }
00:29:15 INFO  [GH3]: {
00:29:15 INFO  [GH3]:   Unknown(0xb30d9965) (QTypeInt) : 0
00:29:15 INFO  [GH3]:   Unknown(0x40c698af) (QTypeQbKey) : 0x272232a6
00:29:15 INFO  [GH3]: }
00:29:15 INFO  [GH3]: {
00:29:15 INFO  [GH3]:   Unknown(0xb30d9965) (QTypeInt) : 0
00:29:15 INFO  [GH3]:   Unknown(0x40c698af) (QTypeQbKey) : 0xc92c538a
00:29:15 INFO  [GH3]: }
00:29:15 INFO  [GH3]: {
00:29:15 INFO  [GH3]:   Unknown(0xb30d9965) (QTypeInt) : 0
00:29:15 INFO  [GH3]:   Unknown(0x40c698af) (QTypeQbKey) : 0x88b64d7f
00:29:15 INFO  [GH3]: }
00:29:16 INFO  [GH3]: {
00:29:16 INFO  [GH3]:   Unknown(0xb30d9965) (QTypeInt) : 0
00:29:16 INFO  [GH3]:   Unknown(0x40c698af) (QTypeQbKey) : 0x6f0e6078
00:29:16 INFO  [GH3]: }
00:29:16 INFO  [GH3]: {
00:29:16 INFO  [GH3]:   Unknown(0xb30d9965) (QTypeInt) : 0
00:29:16 INFO  [GH3]:   Unknown(0x40c698af) (QTypeQbKey) : 0x81000154
00:29:16 INFO  [GH3]: }
00:29:16 INFO  [GH3]: {
00:29:16 INFO  [GH3]:   Unknown(0xb30d9965) (QTypeInt) : 0
00:29:16 INFO  [GH3]:   Unknown(0x40c698af) (QTypeQbKey) : 0x6863a461
00:29:16 INFO  [GH3]: }
00:29:16 INFO  [GH3]: {
00:29:16 INFO  [GH3]:   Unknown(0xb30d9965) (QTypeInt) : 0
00:29:16 INFO  [GH3]:   Unknown(0x40c698af) (QTypeQbKey) : 0x866dc54d
00:29:16 INFO  [GH3]: }
00:29:16 INFO  [GH3]: {
00:29:16 INFO  [GH3]:   Unknown(0xb30d9965) (QTypeInt) : 0
00:29:16 INFO  [GH3]:   Unknown(0x40c698af) (QTypeQbKey) : 0x91ad7c3e
00:29:16 INFO  [GH3]: }
00:29:16 INFO  [GH3]: {
00:29:16 INFO  [GH3]:   Unknown(0xb30d9965) (QTypeInt) : 0
00:29:16 INFO  [GH3]:   Unknown(0x40c698af) (QTypeQbKey) : 0x76155139
00:29:16 INFO  [GH3]: }
00:29:16 INFO  [GH3]: {
00:29:16 INFO  [GH3]:   Unknown(0xb30d9965) (QTypeInt) : 0
00:29:16 INFO  [GH3]:   Unknown(0x40c698af) (QTypeQbKey) : 0x981b3015
00:29:16 INFO  [GH3]: }
00:29:16 INFO  [GH3]: {
00:29:16 INFO  [GH3]:   Unknown(0xb30d9965) (QTypeInt) : 0
00:29:16 INFO  [GH3]:   Unknown(0x40c698af) (QTypeQbKey) : 0x981b3015
00:29:16 INFO  [GH3]: }
00:29:16 INFO  [GH3]: {
00:29:16 INFO  [GH3]:   Unknown(0xb30d9965) (QTypeInt) : 0
00:29:16 INFO  [GH3]:   Unknown(0x40c698af) (QTypeQbKey) : 0x981b3015
00:29:16 INFO  [GH3]: }
00:29:16 INFO  [GH3]: {
00:29:16 INFO  [GH3]:   Unknown(0xb30d9965) (QTypeInt) : 0
00:29:16 INFO  [GH3]:   Unknown(0x40c698af) (QTypeQbKey) : 0x981b3015
00:29:16 INFO  [GH3]: }
00:29:17 INFO  [GH3]: {
00:29:17 INFO  [GH3]:   Unknown(0xb30d9965) (QTypeInt) : 0
00:29:17 INFO  [GH3]:   Unknown(0x40c698af) (QTypeQbKey) : 0x981b3015
00:29:17 INFO  [GH3]: }
00:29:19 INFO  [GH3]: {
00:29:19 INFO  [GH3]:   Unknown(0xb30d9965) (QTypeInt) : 0
00:29:19 INFO  [GH3]:   Unknown(0x40c698af) (QTypeQbKey) : 0xef1c0083
00:29:19 INFO  [GH3]: }
00:29:21 INFO  [GH3]: {
00:29:21 INFO  [GH3]:   Unknown(0xb30d9965) (QTypeInt) : 0
00:29:21 INFO  [GH3]:   Unknown(0x40c698af) (QTypeQbKey) : 0x11261af
00:29:21 INFO  [GH3]: }
00:29:22 INFO  [GH3]: {
00:29:22 INFO  [GH3]:   Unknown(0xb30d9965) (QTypeInt) : 0
00:29:22 INFO  [GH3]:   Unknown(0x40c698af) (QTypeQbKey) : 0xe6aa4ca8
00:29:22 INFO  [GH3]: }
00:29:24 INFO  [GH3]: {
00:29:24 INFO  [GH3]:   Unknown(0xb30d9965) (QTypeInt) : 0
00:29:24 INFO  [GH3]:   Unknown(0x40c698af) (QTypeQbKey) : 0xf16af5db
00:29:24 INFO  [GH3]: }
00:29:24 INFO  [GH3]: {
00:29:24 INFO  [GH3]:   Unknown(0xb30d9965) (QTypeInt) : 0
00:29:24 INFO  [GH3]:   Unknown(0x40c698af) (QTypeQbKey) : 0x1f6494f7
00:29:24 INFO  [GH3]: }
