00:36:17 INFO  [Nylon]: Wine was not detected. Assuming we are running on a Windows NT OS Please report this if this detection is an error.
00:36:17 INFO  [Nylon]: Minhook initialized!
00:36:17 INFO  [Nylon]: Setting up default hooks...
00:36:17 INFO  [Nylon]: Hooked function at address: 0x770689E0
00:36:18 INFO  [Nylon]: Hooked function at address: 0x77068320
00:36:18 INFO  [Nylon]: Hooked function at address: 0x77062520
00:36:18 INFO  [Nylon]: Hooked function at address: 0x00530970
00:36:18 INFO  [Nylon]: Hooked function at address: 0x00530940
00:36:18 INFO  [Nylon]: Hooked function at address: 0x004A1780
00:36:18 INFO  [Nylon]: Hooked function at address: 0x00472B50
00:36:18 INFO  [Nylon]: Hooked function at address: 0x0057B940
00:36:18 INFO  [Nylon]: Hooked function at address: 0x00601D30
00:36:18 INFO  [Nylon]: Hooked function at address: 0x0047DFA0
00:36:18 INFO  [Nylon]: Hooked function at address: 0x0057AE20
00:36:18 INFO  [Nylon]: Hooked function at address: 0x00D94EE8
00:36:18 INFO  [Nylon]: Hooked function at address: 0x004A6820
00:36:18 INFO  [Nylon]: Hooked function at address: 0x0047E5B0
00:36:18 INFO  [Nylon]: Finished setting up default hooks.
00:36:18 INFO  [Nylon]: Loading mods...
00:36:18 INFO  [Nylon]: Loading mods from: "C:\Games\Guitar Hero III\nylon\Mods"
00:36:18 INFO  [Nylon]: Checking for: "C:\Games\Guitar Hero III\nylon\Mods\GH3Deluxe\modinfo.json"...
00:36:18 INFO  [Nylon]: Loading...
00:36:18 INFO  [Nylon]: Found mod: gh3dx
00:36:18 INFO  [Nylon]: Finished loading mods.
00:36:18 INFO  [Nylon]: Finished Core Initialization!
00:36:19 INFO  [Nylon]: Expecting: "GH3Deluxe\pak\gh3dx.pak"
00:36:19 INFO  [Nylon]: Found it! Loading...
00:36:19 INFO  [Nylon]: Done!
00:36:19 INFO  [Nylon]: Hooking DirectX 9...
00:36:19 INFO  [Nylon]: Hooked function at address: 0x63116500
00:36:19 INFO  [Nylon]: Hooked function at address: 0x63116120
00:36:19 INFO  [Nylon]: Hooked function at address: 0x5942B040
00:36:19 ERROR [Nylon]: Failed to hook function at address: 0x5942B040 Error Code: 3
00:36:19 INFO  [Nylon]: Finished hooking DirectX 9.
00:36:20 INFO  [Nylon]: Hooked function at address: 0x5942C550
00:36:20 ERROR [Nylon]: Failed to hook function at address: 0x5942C550 Error Code: 3
00:36:20 INFO  [Nylon]: KeyboardSetCooperativeLevel -> 6
00:36:20 INFO  [Nylon]: KeyboardSetCooperativeLevel -> 5
00:36:23 INFO  [GH3]: {
00:36:23 INFO  [GH3]:   Unknown(0x69d0dfaf) (QTypeInt) : 3
00:36:23 INFO  [GH3]:   Unknown(0xd4c98794) (QTypeWString) : "CHECKING..."
00:36:23 INFO  [GH3]:   Unknown(0x26bf66f3) (QTypeQbStruct) : 
00:36:23 INFO  [GH3]: 	{
00:36:23 INFO  [GH3]: 	  Unknown(0xc4745838) (QTypeWString) : "Checking storage device..."
00:36:23 INFO  [GH3]: 	}
00:36:23 INFO  [GH3]: }
00:36:23 INFO  [GH3]: {
00:36:23 INFO  [GH3]:   Unknown(0x69d0dfaf) (QTypeInt) : 3
00:36:23 INFO  [GH3]:   Unknown(0xd4c98794) (QTypeWString) : "SUCCESSFUL"
00:36:23 INFO  [GH3]:   Unknown(0x26bf66f3) (QTypeQbStruct) : 
00:36:23 INFO  [GH3]: 	{
00:36:23 INFO  [GH3]: 	  Unknown(0xc4745838) (QTypeWString) : "Load successful."
00:36:23 INFO  [GH3]: 	}
00:36:23 INFO  [GH3]: }
00:36:24 INFO  [GH3]: {
00:36:24 INFO  [GH3]:   Unknown(0x7323e97c) (QTypeQbArray) : Type:"QTypeQbArray" Size:1115026432
00:36:24 INFO  [GH3]: }
00:36:25 INFO  [GH3]: {
00:36:25 INFO  [GH3]:   Unknown(0x40c698af) (QTypeQbKey) : 0x87899f29
00:36:25 INFO  [GH3]: }
00:36:25 INFO  [GH3]: {
00:36:25 INFO  [GH3]:   Unknown(0x40c698af) (QTypeQbKey) : 0xed108a91
00:36:25 INFO  [GH3]: }
00:36:25 INFO  [GH3]: {
00:36:25 INFO  [GH3]:   Unknown(0x40c698af) (QTypeQbKey) : 0x31eebbd
00:36:25 INFO  [GH3]: }
00:36:25 INFO  [GH3]: {
00:36:25 INFO  [GH3]:   Unknown(0x40c698af) (QTypeQbKey) : 0xea7d4e88
00:36:25 INFO  [GH3]: }
00:36:25 INFO  [GH3]: {
00:36:25 INFO  [GH3]:   Unknown(0x40c698af) (QTypeQbKey) : 0x4732fa4
00:36:25 INFO  [GH3]: }
00:36:26 INFO  [GH3]: {
00:36:26 INFO  [GH3]:   Unknown(0xb30d9965) (QTypeInt) : 0
00:36:26 INFO  [GH3]:   Unknown(0x40c698af) (QTypeQbKey) : 0x76155139
00:36:26 INFO  [GH3]: }
00:36:26 INFO  [GH3]: {
00:36:26 INFO  [GH3]:   Unknown(0xb30d9965) (QTypeInt) : 0
00:36:26 INFO  [GH3]:   Unknown(0x40c698af) (QTypeQbKey) : 0x91ad7c3e
00:36:26 INFO  [GH3]: }
00:36:26 INFO  [GH3]: {
00:36:26 INFO  [GH3]:   Unknown(0xb30d9965) (QTypeInt) : 0
00:36:26 INFO  [GH3]:   Unknown(0x40c698af) (QTypeQbKey) : 0x866dc54d
00:36:26 INFO  [GH3]: }
00:36:26 INFO  [GH3]: {
00:36:26 INFO  [GH3]:   Unknown(0xb30d9965) (QTypeInt) : 0
00:36:26 INFO  [GH3]:   Unknown(0x40c698af) (QTypeQbKey) : 0x6863a461
00:36:26 INFO  [GH3]: }
00:36:26 INFO  [GH3]: {
00:36:26 INFO  [GH3]:   Unknown(0xb30d9965) (QTypeInt) : 0
00:36:26 INFO  [GH3]:   Unknown(0x40c698af) (QTypeQbKey) : 0x81000154
00:36:26 INFO  [GH3]: }
00:36:26 INFO  [GH3]: {
00:36:26 INFO  [GH3]:   Unknown(0xb30d9965) (QTypeInt) : 0
00:36:26 INFO  [GH3]:   Unknown(0x40c698af) (QTypeQbKey) : 0x6f0e6078
00:36:26 INFO  [GH3]: }
00:36:26 INFO  [GH3]: {
00:36:26 INFO  [GH3]:   Unknown(0xb30d9965) (QTypeInt) : 0
00:36:26 INFO  [GH3]:   Unknown(0x40c698af) (QTypeQbKey) : 0x88b64d7f
00:36:26 INFO  [GH3]: }
00:36:26 INFO  [GH3]: {
00:36:26 INFO  [GH3]:   Unknown(0xb30d9965) (QTypeInt) : 0
00:36:26 INFO  [GH3]:   Unknown(0x40c698af) (QTypeQbKey) : 0xc92c538a
00:36:26 INFO  [GH3]: }
00:36:26 INFO  [GH3]: {
00:36:26 INFO  [GH3]:   Unknown(0xb30d9965) (QTypeInt) : 0
00:36:26 INFO  [GH3]:   Unknown(0x40c698af) (QTypeQbKey) : 0x272232a6
00:36:26 INFO  [GH3]: }
00:36:26 INFO  [GH3]: {
00:36:26 INFO  [GH3]:   Unknown(0xb30d9965) (QTypeInt) : 0
00:36:26 INFO  [GH3]:   Unknown(0x40c698af) (QTypeQbKey) : 0xce419793
00:36:26 INFO  [GH3]: }
00:36:26 INFO  [GH3]: {
00:36:26 INFO  [GH3]:   Unknown(0xb30d9965) (QTypeInt) : 0
00:36:26 INFO  [GH3]:   Unknown(0x40c698af) (QTypeQbKey) : 0x204ff6bf
00:36:26 INFO  [GH3]: }
00:36:26 INFO  [GH3]: {
00:36:26 INFO  [GH3]:   Unknown(0xb30d9965) (QTypeInt) : 0
00:36:26 INFO  [GH3]:   Unknown(0x40c698af) (QTypeQbKey) : 0xc7f7dbb8
00:36:26 INFO  [GH3]: }
00:36:26 INFO  [GH3]: {
00:36:26 INFO  [GH3]:   Unknown(0xb30d9965) (QTypeInt) : 0
00:36:26 INFO  [GH3]:   Unknown(0x40c698af) (QTypeQbKey) : 0xd03762cb
00:36:26 INFO  [GH3]: }
00:36:26 INFO  [GH3]: {
00:36:26 INFO  [GH3]:   Unknown(0xb30d9965) (QTypeInt) : 0
00:36:26 INFO  [GH3]:   Unknown(0x40c698af) (QTypeQbKey) : 0x3e3903e7
00:36:26 INFO  [GH3]: }
00:36:26 INFO  [GH3]: {
00:36:26 INFO  [GH3]:   Unknown(0xb30d9965) (QTypeInt) : 0
00:36:26 INFO  [GH3]:   Unknown(0x40c698af) (QTypeQbKey) : 0xd75aa6d2
00:36:26 INFO  [GH3]: }
00:36:26 INFO  [GH3]: {
00:36:26 INFO  [GH3]:   Unknown(0xb30d9965) (QTypeInt) : 0
00:36:26 INFO  [GH3]:   Unknown(0x40c698af) (QTypeQbKey) : 0x3954c7fe
00:36:26 INFO  [GH3]: }
00:36:26 INFO  [GH3]: {
00:36:26 INFO  [GH3]:   Unknown(0xb30d9965) (QTypeInt) : 0
00:36:26 INFO  [GH3]:   Unknown(0x40c698af) (QTypeQbKey) : 0xdeeceaf9
00:36:26 INFO  [GH3]: }
00:36:27 INFO  [GH3]: {
00:36:27 INFO  [GH3]:   Unknown(0xb30d9965) (QTypeInt) : 0
00:36:27 INFO  [GH3]:   Unknown(0x40c698af) (QTypeQbKey) : 0xdeeceaf9
00:36:27 INFO  [GH3]: }
00:36:30 INFO  [GH3]: {
00:36:30 INFO  [GH3]:   Unknown(0xb30d9965) (QTypeInt) : 0
00:36:30 INFO  [GH3]:   Unknown(0x40c698af) (QTypeQbKey) : 0x3954c7fe
00:36:30 INFO  [GH3]: }
00:36:32 INFO  [GH3]: {
00:36:32 INFO  [GH3]:   Unknown(0xb30d9965) (QTypeInt) : 0
00:36:32 INFO  [GH3]:   Unknown(0x40c698af) (QTypeQbKey) : 0xd75aa6d2
00:36:32 INFO  [GH3]: }
00:36:33 INFO  [GH3]: {
00:36:33 INFO  [GH3]:   Unknown(0xb30d9965) (QTypeInt) : 0
00:36:33 INFO  [GH3]:   Unknown(0x40c698af) (QTypeQbKey) : 0x3e3903e7
00:36:33 INFO  [GH3]: }
00:36:33 INFO  [GH3]: {
00:36:33 INFO  [GH3]:   Unknown(0xb30d9965) (QTypeInt) : 0
00:36:33 INFO  [GH3]:   Unknown(0x40c698af) (QTypeQbKey) : 0xd03762cb
00:36:33 INFO  [GH3]: }
00:36:33 INFO  [GH3]: {
00:36:33 INFO  [GH3]:   Unknown(0xb30d9965) (QTypeInt) : 0
00:36:33 INFO  [GH3]:   Unknown(0x40c698af) (QTypeQbKey) : 0xc7f7dbb8
00:36:33 INFO  [GH3]: }
00:36:33 INFO  [GH3]: {
00:36:33 INFO  [GH3]:   Unknown(0xb30d9965) (QTypeInt) : 0
00:36:33 INFO  [GH3]:   Unknown(0x40c698af) (QTypeQbKey) : 0x204ff6bf
00:36:33 INFO  [GH3]: }
00:36:34 INFO  [GH3]: {
00:36:34 INFO  [GH3]:   Unknown(0xb30d9965) (QTypeInt) : 0
00:36:34 INFO  [GH3]:   Unknown(0x40c698af) (QTypeQbKey) : 0xce419793
00:36:34 INFO  [GH3]: }
00:36:35 INFO  [GH3]: {
00:36:35 INFO  [GH3]:   Unknown(0xb30d9965) (QTypeInt) : 0
00:36:35 INFO  [GH3]:   Unknown(0x40c698af) (QTypeQbKey) : 0xce419793
00:36:35 INFO  [GH3]: }
00:36:37 INFO  [GH3]: {
00:36:37 INFO  [GH3]:   Unknown(0xb30d9965) (QTypeInt) : 0
00:36:37 INFO  [GH3]:   Unknown(0x40c698af) (QTypeQbKey) : 0x272232a6
00:36:37 INFO  [GH3]: }
00:36:37 INFO  [GH3]: {
00:36:37 INFO  [GH3]:   Unknown(0xb30d9965) (QTypeInt) : 0
00:36:37 INFO  [GH3]:   Unknown(0x40c698af) (QTypeQbKey) : 0xc92c538a
00:36:37 INFO  [GH3]: }
00:36:39 INFO  [GH3]: {
00:36:39 INFO  [GH3]:   Unknown(0xb30d9965) (QTypeInt) : 0
00:36:39 INFO  [GH3]:   Unknown(0x40c698af) (QTypeQbKey) : 0x88b64d7f
00:36:39 INFO  [GH3]: }
00:36:40 INFO  [GH3]: {
00:36:40 INFO  [GH3]:   Unknown(0xb30d9965) (QTypeInt) : 0
00:36:40 INFO  [GH3]:   Unknown(0x40c698af) (QTypeQbKey) : 0x6f0e6078
00:36:40 INFO  [GH3]: }
00:36:40 INFO  [GH3]: {
00:36:40 INFO  [GH3]:   Unknown(0xb30d9965) (QTypeInt) : 0
00:36:40 INFO  [GH3]:   Unknown(0x40c698af) (QTypeQbKey) : 0x81000154
00:36:40 INFO  [GH3]: }
00:36:40 INFO  [GH3]: {
00:36:40 INFO  [GH3]:   Unknown(0xb30d9965) (QTypeInt) : 0
00:36:40 INFO  [GH3]:   Unknown(0x40c698af) (QTypeQbKey) : 0x6863a461
00:36:40 INFO  [GH3]: }
00:36:41 INFO  [GH3]: {
00:36:41 INFO  [GH3]:   Unknown(0xb30d9965) (QTypeInt) : 0
00:36:41 INFO  [GH3]:   Unknown(0x40c698af) (QTypeQbKey) : 0x81000154
00:36:41 INFO  [GH3]: }
00:36:41 INFO  [GH3]: {
00:36:41 INFO  [GH3]:   Unknown(0xb30d9965) (QTypeInt) : 0
00:36:41 INFO  [GH3]:   Unknown(0x40c698af) (QTypeQbKey) : 0x6f0e6078
00:36:41 INFO  [GH3]: }
00:36:42 INFO  [GH3]: {
00:36:42 INFO  [GH3]:   Unknown(0xb30d9965) (QTypeInt) : 0
00:36:42 INFO  [GH3]:   Unknown(0x40c698af) (QTypeQbKey) : 0x88b64d7f
00:36:42 INFO  [GH3]: }
00:36:42 INFO  [GH3]: {
00:36:42 INFO  [GH3]:   Unknown(0xb30d9965) (QTypeInt) : 0
00:36:42 INFO  [GH3]:   Unknown(0x40c698af) (QTypeQbKey) : 0xc92c538a
00:36:42 INFO  [GH3]: }
00:36:42 INFO  [GH3]: {
00:36:42 INFO  [GH3]:   Unknown(0xb30d9965) (QTypeInt) : 0
00:36:42 INFO  [GH3]:   Unknown(0x40c698af) (QTypeQbKey) : 0x272232a6
00:36:42 INFO  [GH3]: }
00:36:43 INFO  [GH3]: {
00:36:43 INFO  [GH3]:   Unknown(0xb30d9965) (QTypeInt) : 0
00:36:43 INFO  [GH3]:   Unknown(0x40c698af) (QTypeQbKey) : 0xce419793
00:36:43 INFO  [GH3]: }
00:36:43 INFO  [GH3]: {
00:36:43 INFO  [GH3]:   Unknown(0xb30d9965) (QTypeInt) : 0
00:36:43 INFO  [GH3]:   Unknown(0x40c698af) (QTypeQbKey) : 0x204ff6bf
00:36:43 INFO  [GH3]: }
00:36:43 INFO  [GH3]: {
00:36:43 INFO  [GH3]:   Unknown(0xb30d9965) (QTypeInt) : 0
00:36:43 INFO  [GH3]:   Unknown(0x40c698af) (QTypeQbKey) : 0xc7f7dbb8
00:36:43 INFO  [GH3]: }
00:36:43 INFO  [GH3]: {
00:36:43 INFO  [GH3]:   Unknown(0xb30d9965) (QTypeInt) : 0
00:36:43 INFO  [GH3]:   Unknown(0x40c698af) (QTypeQbKey) : 0xd03762cb
00:36:43 INFO  [GH3]: }
00:36:43 INFO  [GH3]: {
00:36:43 INFO  [GH3]:   Unknown(0xb30d9965) (QTypeInt) : 0
00:36:43 INFO  [GH3]:   Unknown(0x40c698af) (QTypeQbKey) : 0x3e3903e7
00:36:43 INFO  [GH3]: }
00:36:43 INFO  [GH3]: {
00:36:43 INFO  [GH3]:   Unknown(0xb30d9965) (QTypeInt) : 0
00:36:43 INFO  [GH3]:   Unknown(0x40c698af) (QTypeQbKey) : 0xd75aa6d2
00:36:43 INFO  [GH3]: }
00:36:44 INFO  [GH3]: {
00:36:44 INFO  [GH3]:   Unknown(0xb30d9965) (QTypeInt) : 0
00:36:44 INFO  [GH3]:   Unknown(0x40c698af) (QTypeQbKey) : 0x3e3903e7
00:36:44 INFO  [GH3]: }
00:36:44 INFO  [GH3]: {
00:36:44 INFO  [GH3]:   Unknown(0xb30d9965) (QTypeInt) : 0
00:36:44 INFO  [GH3]:   Unknown(0x40c698af) (QTypeQbKey) : 0xd03762cb
00:36:44 INFO  [GH3]: }
00:36:44 INFO  [GH3]: {
00:36:44 INFO  [GH3]:   Unknown(0xb30d9965) (QTypeInt) : 0
00:36:44 INFO  [GH3]:   Unknown(0x40c698af) (QTypeQbKey) : 0xc7f7dbb8
00:36:44 INFO  [GH3]: }
00:36:45 INFO  [GH3]: {
00:36:45 INFO  [GH3]:   Unknown(0xb30d9965) (QTypeInt) : 0
00:36:45 INFO  [GH3]:   Unknown(0x40c698af) (QTypeQbKey) : 0xd03762cb
00:36:45 INFO  [GH3]: }
00:36:45 INFO  [GH3]: {
00:36:45 INFO  [GH3]:   Unknown(0xb30d9965) (QTypeInt) : 0
00:36:45 INFO  [GH3]:   Unknown(0x40c698af) (QTypeQbKey) : 0x3e3903e7
00:36:45 INFO  [GH3]: }
00:36:45 INFO  [GH3]: {
00:36:45 INFO  [GH3]:   Unknown(0xb30d9965) (QTypeInt) : 0
00:36:45 INFO  [GH3]:   Unknown(0x40c698af) (QTypeQbKey) : 0xd75aa6d2
00:36:45 INFO  [GH3]: }
00:36:45 INFO  [GH3]: {
00:36:45 INFO  [GH3]:   Unknown(0xb30d9965) (QTypeInt) : 0
00:36:45 INFO  [GH3]:   Unknown(0x40c698af) (QTypeQbKey) : 0x3954c7fe
00:36:45 INFO  [GH3]: }
00:36:45 INFO  [GH3]: {
00:36:45 INFO  [GH3]:   Unknown(0xb30d9965) (QTypeInt) : 0
00:36:45 INFO  [GH3]:   Unknown(0x40c698af) (QTypeQbKey) : 0xdeeceaf9
00:36:45 INFO  [GH3]: }
00:36:45 INFO  [GH3]: {
00:36:45 INFO  [GH3]:   Unknown(0xb30d9965) (QTypeInt) : 0
00:36:45 INFO  [GH3]:   Unknown(0x40c698af) (QTypeQbKey) : 0xfb1a3108
00:36:45 INFO  [GH3]: }
00:36:46 INFO  [GH3]: {
00:36:46 INFO  [GH3]:   Unknown(0xb30d9965) (QTypeInt) : 0
00:36:46 INFO  [GH3]:   Unknown(0x40c698af) (QTypeQbKey) : 0x15145024
00:36:46 INFO  [GH3]: }
00:36:46 INFO  [GH3]: {
00:36:46 INFO  [GH3]:   Unknown(0xb30d9965) (QTypeInt) : 0
00:36:46 INFO  [GH3]:   Unknown(0x40c698af) (QTypeQbKey) : 0x15145024
00:36:46 INFO  [GH3]: }
00:36:46 INFO  [GH3]: {
00:36:46 INFO  [GH3]:   Unknown(0xb30d9965) (QTypeInt) : 0
00:36:46 INFO  [GH3]:   Unknown(0x40c698af) (QTypeQbKey) : 0x15145024
00:36:46 INFO  [GH3]: }
00:36:46 INFO  [GH3]: {
00:36:46 INFO  [GH3]:   Unknown(0xb30d9965) (QTypeInt) : 0
00:36:46 INFO  [GH3]:   Unknown(0x40c698af) (QTypeQbKey) : 0x15145024
00:36:46 INFO  [GH3]: }
00:36:46 INFO  [GH3]: {
00:36:46 INFO  [GH3]:   Unknown(0xb30d9965) (QTypeInt) : 0
00:36:46 INFO  [GH3]:   Unknown(0x40c698af) (QTypeQbKey) : 0x15145024
00:36:46 INFO  [GH3]: }
00:36:47 INFO  [GH3]: {
00:36:47 INFO  [GH3]:   Unknown(0xb30d9965) (QTypeInt) : 0
00:36:47 INFO  [GH3]:   Unknown(0x40c698af) (QTypeQbKey) : 0x8c1d019e
00:36:47 INFO  [GH3]: }
00:36:47 INFO  [GH3]: {
00:36:47 INFO  [GH3]:   Unknown(0xb30d9965) (QTypeInt) : 0
00:36:47 INFO  [GH3]:   Unknown(0x40c698af) (QTypeQbKey) : 0xa9ebda6f
00:36:47 INFO  [GH3]: }
00:36:47 INFO  [GH3]: {
00:36:47 INFO  [GH3]:   Unknown(0xb30d9965) (QTypeInt) : 0
00:36:47 INFO  [GH3]:   Unknown(0x40c698af) (QTypeQbKey) : 0x4e53f768
00:36:47 INFO  [GH3]: }
00:36:47 INFO  [GH3]: {
00:36:47 INFO  [GH3]:   Unknown(0xb30d9965) (QTypeInt) : 0
00:36:47 INFO  [GH3]:   Unknown(0x40c698af) (QTypeQbKey) : 0xa05d9644
00:36:47 INFO  [GH3]: }
00:36:50 INFO  [GH3]: {
00:36:50 INFO  [GH3]:   Unknown(0xb30d9965) (QTypeInt) : 0
00:36:50 INFO  [GH3]:   Unknown(0x40c698af) (QTypeQbKey) : 0x493e3371
00:36:50 INFO  [GH3]: }
00:36:50 INFO  [GH3]: {
00:36:50 INFO  [GH3]:   Unknown(0xb30d9965) (QTypeInt) : 0
00:36:50 INFO  [GH3]:   Unknown(0x40c698af) (QTypeQbKey) : 0xa730525d
00:36:50 INFO  [GH3]: }
00:36:50 INFO  [GH3]: {
00:36:50 INFO  [GH3]:   Unknown(0xb30d9965) (QTypeInt) : 0
00:36:50 INFO  [GH3]:   Unknown(0x40c698af) (QTypeQbKey) : 0xb0f0eb2e
00:36:50 INFO  [GH3]: }
00:36:50 INFO  [GH3]: {
00:36:50 INFO  [GH3]:   Unknown(0xb30d9965) (QTypeInt) : 0
00:36:50 INFO  [GH3]:   Unknown(0x40c698af) (QTypeQbKey) : 0x5748c629
00:36:50 INFO  [GH3]: }
00:36:51 INFO  [GH3]: {
00:36:51 INFO  [GH3]:   Unknown(0xb30d9965) (QTypeInt) : 0
00:36:51 INFO  [GH3]:   Unknown(0x40c698af) (QTypeQbKey) : 0xb946a705
00:36:51 INFO  [GH3]: }
00:36:51 INFO  [GH3]: {
00:36:51 INFO  [GH3]:   Unknown(0xb30d9965) (QTypeInt) : 0
00:36:51 INFO  [GH3]:   Unknown(0x40c698af) (QTypeQbKey) : 0x50250230
00:36:51 INFO  [GH3]: }
00:36:51 INFO  [GH3]: {
00:36:51 INFO  [GH3]:   Unknown(0xb30d9965) (QTypeInt) : 0
00:36:51 INFO  [GH3]:   Unknown(0x40c698af) (QTypeQbKey) : 0xbe2b631c
00:36:51 INFO  [GH3]: }
00:36:51 INFO  [GH3]: {
00:36:51 INFO  [GH3]:   Unknown(0xb30d9965) (QTypeInt) : 0
00:36:51 INFO  [GH3]:   Unknown(0x40c698af) (QTypeQbKey) : 0xffb17de9
00:36:51 INFO  [GH3]: }
00:36:51 INFO  [GH3]: {
00:36:51 INFO  [GH3]:   Unknown(0xb30d9965) (QTypeInt) : 0
00:36:51 INFO  [GH3]:   Unknown(0x40c698af) (QTypeQbKey) : 0x180950ee
00:36:51 INFO  [GH3]: }
00:36:51 INFO  [GH3]: {
00:36:51 INFO  [GH3]:   Unknown(0xb30d9965) (QTypeInt) : 0
00:36:51 INFO  [GH3]:   Unknown(0x40c698af) (QTypeQbKey) : 0xf60731c2
00:36:51 INFO  [GH3]: }
00:36:51 INFO  [GH3]: {
00:36:51 INFO  [GH3]:   Unknown(0xb30d9965) (QTypeInt) : 0
00:36:51 INFO  [GH3]:   Unknown(0x40c698af) (QTypeQbKey) : 0x1f6494f7
00:36:51 INFO  [GH3]: }
00:36:51 INFO  [GH3]: {
00:36:51 INFO  [GH3]:   Unknown(0xb30d9965) (QTypeInt) : 0
00:36:51 INFO  [GH3]:   Unknown(0x40c698af) (QTypeQbKey) : 0xf16af5db
00:36:51 INFO  [GH3]: }
00:36:51 INFO  [GH3]: {
00:36:51 INFO  [GH3]:   Unknown(0xb30d9965) (QTypeInt) : 0
00:36:51 INFO  [GH3]:   Unknown(0x40c698af) (QTypeQbKey) : 0xe6aa4ca8
00:36:51 INFO  [GH3]: }
00:36:51 INFO  [GH3]: {
00:36:51 INFO  [GH3]:   Unknown(0xb30d9965) (QTypeInt) : 0
00:36:51 INFO  [GH3]:   Unknown(0x40c698af) (QTypeQbKey) : 0x11261af
00:36:51 INFO  [GH3]: }
00:36:52 INFO  [GH3]: {
00:36:52 INFO  [GH3]:   Unknown(0xb30d9965) (QTypeInt) : 0
00:36:52 INFO  [GH3]:   Unknown(0x40c698af) (QTypeQbKey) : 0xef1c0083
00:36:52 INFO  [GH3]: }
00:36:52 INFO  [GH3]: {
00:36:52 INFO  [GH3]:   Unknown(0xb30d9965) (QTypeInt) : 0
00:36:52 INFO  [GH3]:   Unknown(0x40c698af) (QTypeQbKey) : 0x981b3015
00:36:52 INFO  [GH3]: }
00:36:52 INFO  [GH3]: {
00:36:52 INFO  [GH3]:   Unknown(0xb30d9965) (QTypeInt) : 0
00:36:52 INFO  [GH3]:   Unknown(0x40c698af) (QTypeQbKey) : 0x981b3015
00:36:52 INFO  [GH3]: }
00:36:52 INFO  [GH3]: {
00:36:52 INFO  [GH3]:   Unknown(0xb30d9965) (QTypeInt) : 0
00:36:52 INFO  [GH3]:   Unknown(0x40c698af) (QTypeQbKey) : 0x981b3015
00:36:52 INFO  [GH3]: }
00:36:52 INFO  [GH3]: {
00:36:52 INFO  [GH3]:   Unknown(0xb30d9965) (QTypeInt) : 0
00:36:52 INFO  [GH3]:   Unknown(0x40c698af) (QTypeQbKey) : 0x981b3015
00:36:52 INFO  [GH3]: }
00:36:52 INFO  [GH3]: {
00:36:52 INFO  [GH3]:   Unknown(0xb30d9965) (QTypeInt) : 0
00:36:52 INFO  [GH3]:   Unknown(0x40c698af) (QTypeQbKey) : 0x981b3015
00:36:52 INFO  [GH3]: }
00:36:53 INFO  [GH3]: {
00:36:53 INFO  [GH3]:   Unknown(0xb30d9965) (QTypeInt) : 0
00:36:53 INFO  [GH3]:   Unknown(0x40c698af) (QTypeQbKey) : 0x76155139
00:36:53 INFO  [GH3]: }
00:36:54 INFO  [GH3]: {
00:36:54 INFO  [GH3]:   Unknown(0xb30d9965) (QTypeInt) : 0
00:36:54 INFO  [GH3]:   Unknown(0x40c698af) (QTypeQbKey) : 0x981b3015
00:36:54 INFO  [GH3]: }
00:36:54 INFO  [GH3]: {
00:36:54 INFO  [GH3]:   Unknown(0xb30d9965) (QTypeInt) : 0
00:36:54 INFO  [GH3]:   Unknown(0x40c698af) (QTypeQbKey) : 0x981b3015
00:36:54 INFO  [GH3]: }
00:36:54 INFO  [GH3]: {
00:36:54 INFO  [GH3]:   Unknown(0xb30d9965) (QTypeInt) : 0
00:36:54 INFO  [GH3]:   Unknown(0x40c698af) (QTypeQbKey) : 0x981b3015
00:36:54 INFO  [GH3]: }
00:36:54 INFO  [GH3]: {
00:36:54 INFO  [GH3]:   Unknown(0xb30d9965) (QTypeInt) : 0
00:36:54 INFO  [GH3]:   Unknown(0x40c698af) (QTypeQbKey) : 0x981b3015
00:36:54 INFO  [GH3]: }
00:36:54 INFO  [GH3]: {
00:36:54 INFO  [GH3]:   Unknown(0xb30d9965) (QTypeInt) : 0
00:36:54 INFO  [GH3]:   Unknown(0x40c698af) (QTypeQbKey) : 0x981b3015
00:36:54 INFO  [GH3]: }
00:37:07 INFO  [GH3]: {
00:37:07 INFO  [GH3]:   Unknown(0xb30d9965) (QTypeInt) : 0
00:37:07 INFO  [GH3]:   Unknown(0x40c698af) (QTypeQbKey) : 0xef1c0083
00:37:07 INFO  [GH3]: }
00:37:07 INFO  [GH3]: {
00:37:07 INFO  [GH3]:   Unknown(0xb30d9965) (QTypeInt) : 0
00:37:07 INFO  [GH3]:   Unknown(0x40c698af) (QTypeQbKey) : 0x11261af
00:37:07 INFO  [GH3]: }
00:37:07 INFO  [GH3]: {
00:37:07 INFO  [GH3]:   Unknown(0xb30d9965) (QTypeInt) : 0
00:37:07 INFO  [GH3]:   Unknown(0x40c698af) (QTypeQbKey) : 0x11261af
00:37:07 INFO  [GH3]: }
00:37:08 INFO  [GH3]: {
00:37:08 INFO  [GH3]:   Unknown(0xb30d9965) (QTypeInt) : 0
00:37:08 INFO  [GH3]:   Unknown(0x40c698af) (QTypeQbKey) : 0xef1c0083
00:37:08 INFO  [GH3]: }
00:37:08 INFO  [GH3]: {
00:37:08 INFO  [GH3]:   Unknown(0xb30d9965) (QTypeInt) : 0
00:37:08 INFO  [GH3]:   Unknown(0x40c698af) (QTypeQbKey) : 0x981b3015
00:37:08 INFO  [GH3]: }
00:37:08 INFO  [GH3]: {
00:37:08 INFO  [GH3]:   Unknown(0xb30d9965) (QTypeInt) : 0
00:37:08 INFO  [GH3]:   Unknown(0x40c698af) (QTypeQbKey) : 0x981b3015
00:37:08 INFO  [GH3]: }
00:37:08 INFO  [GH3]: {
00:37:08 INFO  [GH3]:   Unknown(0xb30d9965) (QTypeInt) : 0
00:37:08 INFO  [GH3]:   Unknown(0x40c698af) (QTypeQbKey) : 0x981b3015
00:37:08 INFO  [GH3]: }
00:37:08 INFO  [GH3]: {
00:37:08 INFO  [GH3]:   Unknown(0xb30d9965) (QTypeInt) : 0
00:37:08 INFO  [GH3]:   Unknown(0x40c698af) (QTypeQbKey) : 0xef1c0083
00:37:08 INFO  [GH3]: }
00:37:09 INFO  [GH3]: {
00:37:09 INFO  [GH3]:   Unknown(0xb30d9965) (QTypeInt) : 0
00:37:09 INFO  [GH3]:   Unknown(0x40c698af) (QTypeQbKey) : 0x11261af
00:37:09 INFO  [GH3]: }
00:37:09 INFO  [GH3]: {
00:37:09 INFO  [GH3]:   Unknown(0xb30d9965) (QTypeInt) : 0
00:37:09 INFO  [GH3]:   Unknown(0x40c698af) (QTypeQbKey) : 0xe6aa4ca8
00:37:09 INFO  [GH3]: }
00:37:09 INFO  [GH3]: {
00:37:09 INFO  [GH3]:   Unknown(0xb30d9965) (QTypeInt) : 0
00:37:09 INFO  [GH3]:   Unknown(0x40c698af) (QTypeQbKey) : 0xf16af5db
00:37:09 INFO  [GH3]: }
00:37:09 INFO  [GH3]: {
00:37:09 INFO  [GH3]:   Unknown(0xb30d9965) (QTypeInt) : 0
00:37:09 INFO  [GH3]:   Unknown(0x40c698af) (QTypeQbKey) : 0x1f6494f7
00:37:09 INFO  [GH3]: }
00:37:09 INFO  [GH3]: {
00:37:09 INFO  [GH3]:   Unknown(0xb30d9965) (QTypeInt) : 0
00:37:09 INFO  [GH3]:   Unknown(0x40c698af) (QTypeQbKey) : 0xf60731c2
00:37:09 INFO  [GH3]: }
