00:39:07 INFO  [Nylon]: Wine was not detected. Assuming we are running on a Windows NT OS Please report this if this detection is an error.
00:39:07 INFO  [Nylon]: Minhook initialized!
00:39:07 INFO  [Nylon]: Setting up default hooks...
00:39:07 INFO  [Nylon]: Hooked function at address: 0x770689E0
00:39:07 INFO  [Nylon]: Hooked function at address: 0x77068320
00:39:08 INFO  [Nylon]: Hooked function at address: 0x77062520
00:39:08 INFO  [Nylon]: Hooked function at address: 0x00530970
00:39:08 INFO  [Nylon]: Hooked function at address: 0x00530940
00:39:08 INFO  [Nylon]: Hooked function at address: 0x004A1780
00:39:08 INFO  [Nylon]: Hooked function at address: 0x00472B50
00:39:08 INFO  [Nylon]: Hooked function at address: 0x0057B940
00:39:08 INFO  [Nylon]: Hooked function at address: 0x00601D30
00:39:08 INFO  [Nylon]: Hooked function at address: 0x0047DFA0
00:39:08 INFO  [Nylon]: Hooked function at address: 0x0057AE20
00:39:08 INFO  [Nylon]: Hooked function at address: 0x00D94EE8
00:39:08 INFO  [Nylon]: Hooked function at address: 0x004A6820
00:39:08 INFO  [Nylon]: Hooked function at address: 0x0047E5B0
00:39:08 INFO  [Nylon]: Finished setting up default hooks.
00:39:08 INFO  [Nylon]: Loading mods...
00:39:08 INFO  [Nylon]: Loading mods from: "C:\Games\Guitar Hero III\nylon\Mods"
00:39:08 INFO  [Nylon]: Checking for: "C:\Games\Guitar Hero III\nylon\Mods\GH3Deluxe\modinfo.json"...
00:39:08 INFO  [Nylon]: Loading...
00:39:08 INFO  [Nylon]: Found mod: gh3dx
00:39:08 INFO  [Nylon]: Finished loading mods.
00:39:08 INFO  [Nylon]: Finished Core Initialization!
00:39:08 INFO  [Nylon]: Expecting: "GH3Deluxe\pak\gh3dx.pak"
00:39:08 INFO  [Nylon]: Found it! Loading...
00:39:08 INFO  [Nylon]: Done!
00:39:09 INFO  [Nylon]: Hooking DirectX 9...
00:39:09 INFO  [Nylon]: Hooked function at address: 0x63116500
00:39:09 INFO  [Nylon]: Hooked function at address: 0x63116120
00:39:09 INFO  [Nylon]: Hooked function at address: 0x5942B040
00:39:09 ERROR [Nylon]: Failed to hook function at address: 0x5942B040 Error Code: 3
00:39:09 INFO  [Nylon]: Finished hooking DirectX 9.
00:39:09 INFO  [Nylon]: Hooked function at address: 0x5942C550
00:39:09 ERROR [Nylon]: Failed to hook function at address: 0x5942C550 Error Code: 3
00:39:09 INFO  [Nylon]: KeyboardSetCooperativeLevel -> 6
00:39:09 INFO  [Nylon]: KeyboardSetCooperativeLevel -> 5
00:39:11 INFO  [GH3]: {
00:39:11 INFO  [GH3]:   Unknown(0x69d0dfaf) (QTypeInt) : 3
00:39:11 INFO  [GH3]:   Unknown(0xd4c98794) (QTypeWString) : "CHECKING..."
00:39:11 INFO  [GH3]:   Unknown(0x26bf66f3) (QTypeQbStruct) : 
00:39:11 INFO  [GH3]: 	{
00:39:11 INFO  [GH3]: 	  Unknown(0xc4745838) (QTypeWString) : "Checking storage device..."
00:39:11 INFO  [GH3]: 	}
00:39:11 INFO  [GH3]: }
00:39:11 INFO  [GH3]: {
00:39:11 INFO  [GH3]:   Unknown(0x69d0dfaf) (QTypeInt) : 3
00:39:11 INFO  [GH3]:   Unknown(0x26bf66f3) (QTypeQbStruct) : 
00:39:11 INFO  [GH3]: 	{
00:39:11 INFO  [GH3]: 	  Unknown(0xc4745838) (QTypeWString) : "Game content is damaged and cannot be used. Do you want to delete this content? All progress within this save content will be lost."
00:39:11 INFO  [GH3]: 	  Unknown(0x34a68574) (QTypePair) : (800, 500)
00:39:11 INFO  [GH3]: 	  Unknown(0x7f261953) (QTypePair) : (640, 375)
00:39:11 INFO  [GH3]: 	  Unknown(0x13b9da7b) (QTypeFloat) : 0.5
00:39:11 INFO  [GH3]: 	}
00:39:11 INFO  [GH3]:   Unknown(0xe787d761) (QTypePair) : (640, 465)
00:39:11 INFO  [GH3]:   Unknown(0xad8a5a63) (QTypePair) : (256, 64)
00:39:11 INFO  [GH3]:   Unknown(0x2fca0578) (QTypeQbArray) : Type:"QTypeQbArray" Size:1111730352
00:39:11 INFO  [GH3]: }
00:39:11 INFO  [GH3]: {
00:39:11 INFO  [GH3]:   Unknown(0x69d0dfaf) (QTypeInt) : 3
00:39:11 INFO  [GH3]:   Unknown(0xd4c98794) (QTypeWString) : "SUCCESSFUL"
00:39:11 INFO  [GH3]:   Unknown(0x26bf66f3) (QTypeQbStruct) : 
00:39:11 INFO  [GH3]: 	{
00:39:11 INFO  [GH3]: 	  Unknown(0xc4745838) (QTypeWString) : "Load successful."
00:39:11 INFO  [GH3]: 	}
00:39:11 INFO  [GH3]: }
00:39:13 INFO  [GH3]: {
00:39:13 INFO  [GH3]:   Unknown(0x7323e97c) (QTypeQbArray) : Type:"QTypeQbArray" Size:1115332864
00:39:13 INFO  [GH3]: }
00:39:13 INFO  [GH3]: {
00:39:13 INFO  [GH3]:   Unknown(0x40c698af) (QTypeQbKey) : 0xfad85b3f
00:39:13 INFO  [GH3]: }
00:39:14 INFO  [GH3]: {
00:39:14 INFO  [GH3]:   Unknown(0x40c698af) (QTypeQbKey) : 0xed108a91
00:39:14 INFO  [GH3]: }
00:39:14 INFO  [GH3]: {
00:39:14 INFO  [GH3]:   Unknown(0x40c698af) (QTypeQbKey) : 0x31eebbd
00:39:14 INFO  [GH3]: }
00:39:14 INFO  [GH3]: {
00:39:14 INFO  [GH3]:   Unknown(0x40c698af) (QTypeQbKey) : 0xea7d4e88
00:39:14 INFO  [GH3]: }
00:39:14 INFO  [GH3]: {
00:39:14 INFO  [GH3]:   Unknown(0x40c698af) (QTypeQbKey) : 0x4732fa4
00:39:14 INFO  [GH3]: }
00:39:14 INFO  [GH3]: {
00:39:14 INFO  [GH3]:   Unknown(0xb30d9965) (QTypeInt) : 0
00:39:14 INFO  [GH3]:   Unknown(0x40c698af) (QTypeQbKey) : 0x29bbe602
00:39:14 INFO  [GH3]: }
00:39:14 INFO  [GH3]: {
00:39:14 INFO  [GH3]:   Unknown(0xb30d9965) (QTypeInt) : 0
00:39:14 INFO  [GH3]:   Unknown(0x40c698af) (QTypeQbKey) : 0xce03cb05
00:39:14 INFO  [GH3]: }
00:39:14 INFO  [GH3]: {
00:39:14 INFO  [GH3]:   Unknown(0xb30d9965) (QTypeInt) : 0
00:39:14 INFO  [GH3]:   Unknown(0x40c698af) (QTypeQbKey) : 0xebf510f4
00:39:14 INFO  [GH3]: }
00:39:14 INFO  [GH3]: {
00:39:14 INFO  [GH3]:   Unknown(0xb30d9965) (QTypeInt) : 0
00:39:14 INFO  [GH3]:   Unknown(0x40c698af) (QTypeQbKey) : 0x5fb71d8
00:39:14 INFO  [GH3]: }
00:39:14 INFO  [GH3]: {
00:39:14 INFO  [GH3]:   Unknown(0xb30d9965) (QTypeInt) : 0
00:39:14 INFO  [GH3]:   Unknown(0x40c698af) (QTypeQbKey) : 0xec98d4ed
00:39:14 INFO  [GH3]: }
00:39:14 INFO  [GH3]: {
00:39:14 INFO  [GH3]:   Unknown(0xb30d9965) (QTypeInt) : 0
00:39:14 INFO  [GH3]:   Unknown(0x40c698af) (QTypeQbKey) : 0x296b5c1
00:39:14 INFO  [GH3]: }
00:39:14 INFO  [GH3]: {
00:39:14 INFO  [GH3]:   Unknown(0xb30d9965) (QTypeInt) : 0
00:39:14 INFO  [GH3]:   Unknown(0x40c698af) (QTypeQbKey) : 0xe52e98c6
00:39:14 INFO  [GH3]: }
00:39:14 INFO  [GH3]: {
00:39:14 INFO  [GH3]:   Unknown(0xb30d9965) (QTypeInt) : 0
00:39:14 INFO  [GH3]:   Unknown(0x40c698af) (QTypeQbKey) : 0xf2ee21b5
00:39:14 INFO  [GH3]: }
00:39:14 INFO  [GH3]: {
00:39:14 INFO  [GH3]:   Unknown(0xb30d9965) (QTypeInt) : 0
00:39:14 INFO  [GH3]:   Unknown(0x40c698af) (QTypeQbKey) : 0x1ce04099
00:39:14 INFO  [GH3]: }
00:39:14 INFO  [GH3]: {
00:39:14 INFO  [GH3]:   Unknown(0xb30d9965) (QTypeInt) : 0
00:39:14 INFO  [GH3]:   Unknown(0x40c698af) (QTypeQbKey) : 0xf583e5ac
00:39:14 INFO  [GH3]: }
00:39:14 INFO  [GH3]: {
00:39:14 INFO  [GH3]:   Unknown(0xb30d9965) (QTypeInt) : 0
00:39:14 INFO  [GH3]:   Unknown(0x40c698af) (QTypeQbKey) : 0x1b8d8480
00:39:14 INFO  [GH3]: }
00:39:14 INFO  [GH3]: {
00:39:14 INFO  [GH3]:   Unknown(0xb30d9965) (QTypeInt) : 0
00:39:14 INFO  [GH3]:   Unknown(0x40c698af) (QTypeQbKey) : 0xfc35a987
00:39:14 INFO  [GH3]: }
00:39:14 INFO  [GH3]: {
00:39:14 INFO  [GH3]:   Unknown(0xb30d9965) (QTypeInt) : 0
00:39:14 INFO  [GH3]:   Unknown(0x40c698af) (QTypeQbKey) : 0xbdafb772
00:39:14 INFO  [GH3]: }
00:39:14 INFO  [GH3]: {
00:39:14 INFO  [GH3]:   Unknown(0xb30d9965) (QTypeInt) : 0
00:39:14 INFO  [GH3]:   Unknown(0x40c698af) (QTypeQbKey) : 0x53a1d65e
00:39:14 INFO  [GH3]: }
00:39:14 INFO  [GH3]: {
00:39:14 INFO  [GH3]:   Unknown(0xb30d9965) (QTypeInt) : 0
00:39:14 INFO  [GH3]:   Unknown(0x40c698af) (QTypeQbKey) : 0xbac2736b
00:39:14 INFO  [GH3]: }
00:39:14 INFO  [GH3]: {
00:39:14 INFO  [GH3]:   Unknown(0xb30d9965) (QTypeInt) : 0
00:39:14 INFO  [GH3]:   Unknown(0x40c698af) (QTypeQbKey) : 0x54cc1247
00:39:14 INFO  [GH3]: }
00:39:14 INFO  [GH3]: {
00:39:14 INFO  [GH3]:   Unknown(0xb30d9965) (QTypeInt) : 0
00:39:14 INFO  [GH3]:   Unknown(0x40c698af) (QTypeQbKey) : 0xb3743f40
00:39:14 INFO  [GH3]: }
00:39:15 INFO  [GH3]: {
00:39:15 INFO  [GH3]:   Unknown(0xb30d9965) (QTypeInt) : 0
00:39:15 INFO  [GH3]:   Unknown(0x40c698af) (QTypeQbKey) : 0xb3743f40
00:39:15 INFO  [GH3]: }
00:39:16 INFO  [GH3]: {
00:39:16 INFO  [GH3]:   Unknown(0xb30d9965) (QTypeInt) : 0
00:39:16 INFO  [GH3]:   Unknown(0x40c698af) (QTypeQbKey) : 0x54cc1247
00:39:16 INFO  [GH3]: }
00:39:16 INFO  [GH3]: {
00:39:16 INFO  [GH3]:   Unknown(0xb30d9965) (QTypeInt) : 0
00:39:16 INFO  [GH3]:   Unknown(0x40c698af) (QTypeQbKey) : 0xbac2736b
00:39:16 INFO  [GH3]: }
00:39:17 INFO  [GH3]: {
00:39:17 INFO  [GH3]:   Unknown(0xb30d9965) (QTypeInt) : 0
00:39:17 INFO  [GH3]:   Unknown(0x40c698af) (QTypeQbKey) : 0x53a1d65e
00:39:17 INFO  [GH3]: }
00:39:17 INFO  [GH3]: {
00:39:17 INFO  [GH3]:   Unknown(0xb30d9965) (QTypeInt) : 0
00:39:17 INFO  [GH3]:   Unknown(0x40c698af) (QTypeQbKey) : 0xbdafb772
00:39:17 INFO  [GH3]: }
00:39:17 INFO  [GH3]: {
00:39:17 INFO  [GH3]:   Unknown(0xb30d9965) (QTypeInt) : 0
00:39:17 INFO  [GH3]:   Unknown(0x40c698af) (QTypeQbKey) : 0xfc35a987
00:39:17 INFO  [GH3]: }
00:39:17 INFO  [GH3]: {
00:39:17 INFO  [GH3]:   Unknown(0xb30d9965) (QTypeInt) : 0
00:39:17 INFO  [GH3]:   Unknown(0x40c698af) (QTypeQbKey) : 0x1b8d8480
00:39:17 INFO  [GH3]: }
00:39:17 INFO  [GH3]: {
00:39:17 INFO  [GH3]:   Unknown(0xb30d9965) (QTypeInt) : 0
00:39:17 INFO  [GH3]:   Unknown(0x40c698af) (QTypeQbKey) : 0xf583e5ac
00:39:17 INFO  [GH3]: }
00:39:17 INFO  [GH3]: {
00:39:17 INFO  [GH3]:   Unknown(0xb30d9965) (QTypeInt) : 0
00:39:17 INFO  [GH3]:   Unknown(0x40c698af) (QTypeQbKey) : 0x1ce04099
00:39:17 INFO  [GH3]: }
00:39:17 INFO  [GH3]: {
00:39:17 INFO  [GH3]:   Unknown(0xb30d9965) (QTypeInt) : 0
00:39:17 INFO  [GH3]:   Unknown(0x40c698af) (QTypeQbKey) : 0xf2ee21b5
00:39:17 INFO  [GH3]: }
00:39:17 INFO  [GH3]: {
00:39:17 INFO  [GH3]:   Unknown(0xb30d9965) (QTypeInt) : 0
00:39:17 INFO  [GH3]:   Unknown(0x40c698af) (QTypeQbKey) : 0xe52e98c6
00:39:17 INFO  [GH3]: }
00:39:17 INFO  [GH3]: {
00:39:17 INFO  [GH3]:   Unknown(0xb30d9965) (QTypeInt) : 0
00:39:17 INFO  [GH3]:   Unknown(0x40c698af) (QTypeQbKey) : 0x296b5c1
00:39:17 INFO  [GH3]: }
00:39:18 INFO  [GH3]: {
00:39:18 INFO  [GH3]:   Unknown(0xb30d9965) (QTypeInt) : 0
00:39:18 INFO  [GH3]:   Unknown(0x40c698af) (QTypeQbKey) : 0xec98d4ed
00:39:18 INFO  [GH3]: }
00:39:18 INFO  [GH3]: {
00:39:18 INFO  [GH3]:   Unknown(0xb30d9965) (QTypeInt) : 0
00:39:18 INFO  [GH3]:   Unknown(0x40c698af) (QTypeQbKey) : 0x5fb71d8
00:39:18 INFO  [GH3]: }
00:39:18 INFO  [GH3]: {
00:39:18 INFO  [GH3]:   Unknown(0xb30d9965) (QTypeInt) : 0
00:39:18 INFO  [GH3]:   Unknown(0x40c698af) (QTypeQbKey) : 0xebf510f4
00:39:18 INFO  [GH3]: }
00:39:18 INFO  [GH3]: {
00:39:18 INFO  [GH3]:   Unknown(0xb30d9965) (QTypeInt) : 0
00:39:18 INFO  [GH3]:   Unknown(0x40c698af) (QTypeQbKey) : 0xce03cb05
00:39:18 INFO  [GH3]: }
00:39:18 INFO  [GH3]: {
00:39:18 INFO  [GH3]:   Unknown(0xb30d9965) (QTypeInt) : 0
00:39:18 INFO  [GH3]:   Unknown(0x40c698af) (QTypeQbKey) : 0x29bbe602
00:39:18 INFO  [GH3]: }
00:39:18 INFO  [GH3]: {
00:39:18 INFO  [GH3]:   Unknown(0xb30d9965) (QTypeInt) : 0
00:39:18 INFO  [GH3]:   Unknown(0x40c698af) (QTypeQbKey) : 0xc7b5872e
00:39:18 INFO  [GH3]: }
00:39:18 INFO  [GH3]: {
00:39:18 INFO  [GH3]:   Unknown(0xb30d9965) (QTypeInt) : 0
00:39:18 INFO  [GH3]:   Unknown(0x40c698af) (QTypeQbKey) : 0xc7b5872e
00:39:18 INFO  [GH3]: }
00:39:18 INFO  [GH3]: {
00:39:18 INFO  [GH3]:   Unknown(0xb30d9965) (QTypeInt) : 0
00:39:18 INFO  [GH3]:   Unknown(0x40c698af) (QTypeQbKey) : 0xc7b5872e
00:39:18 INFO  [GH3]: }
00:39:18 INFO  [GH3]: {
00:39:18 INFO  [GH3]:   Unknown(0xb30d9965) (QTypeInt) : 0
00:39:18 INFO  [GH3]:   Unknown(0x40c698af) (QTypeQbKey) : 0xc7b5872e
00:39:18 INFO  [GH3]: }
00:39:18 INFO  [GH3]: {
00:39:18 INFO  [GH3]:   Unknown(0xb30d9965) (QTypeInt) : 0
00:39:18 INFO  [GH3]:   Unknown(0x40c698af) (QTypeQbKey) : 0xc7b5872e
00:39:18 INFO  [GH3]: }
00:39:21 INFO  [GH3]: {
00:39:21 INFO  [GH3]:   Unknown(0xb30d9965) (QTypeInt) : 0
00:39:21 INFO  [GH3]:   Unknown(0x40c698af) (QTypeQbKey) : 0x29bbe602
00:39:21 INFO  [GH3]: }
00:39:22 INFO  [GH3]: {
00:39:22 INFO  [GH3]:   Unknown(0xb30d9965) (QTypeInt) : 0
00:39:22 INFO  [GH3]:   Unknown(0x40c698af) (QTypeQbKey) : 0xce03cb05
00:39:22 INFO  [GH3]: }
00:39:22 INFO  [GH3]: {
00:39:22 INFO  [GH3]:   Unknown(0xb30d9965) (QTypeInt) : 0
00:39:22 INFO  [GH3]:   Unknown(0x40c698af) (QTypeQbKey) : 0xebf510f4
00:39:22 INFO  [GH3]: }
00:39:22 INFO  [GH3]: {
00:39:22 INFO  [GH3]:   Unknown(0xb30d9965) (QTypeInt) : 0
00:39:22 INFO  [GH3]:   Unknown(0x40c698af) (QTypeQbKey) : 0x5fb71d8
00:39:22 INFO  [GH3]: }
00:39:22 INFO  [GH3]: {
00:39:22 INFO  [GH3]:   Unknown(0xb30d9965) (QTypeInt) : 0
00:39:22 INFO  [GH3]:   Unknown(0x40c698af) (QTypeQbKey) : 0xec98d4ed
00:39:22 INFO  [GH3]: }
00:39:22 INFO  [GH3]: {
00:39:22 INFO  [GH3]:   Unknown(0xb30d9965) (QTypeInt) : 0
00:39:22 INFO  [GH3]:   Unknown(0x40c698af) (QTypeQbKey) : 0x296b5c1
00:39:22 INFO  [GH3]: }
00:39:22 INFO  [GH3]: {
00:39:22 INFO  [GH3]:   Unknown(0xb30d9965) (QTypeInt) : 0
00:39:22 INFO  [GH3]:   Unknown(0x40c698af) (QTypeQbKey) : 0xe52e98c6
00:39:22 INFO  [GH3]: }
00:39:22 INFO  [GH3]: {
00:39:22 INFO  [GH3]:   Unknown(0xb30d9965) (QTypeInt) : 0
00:39:22 INFO  [GH3]:   Unknown(0x40c698af) (QTypeQbKey) : 0xf2ee21b5
00:39:22 INFO  [GH3]: }
00:39:22 INFO  [GH3]: {
00:39:22 INFO  [GH3]:   Unknown(0xb30d9965) (QTypeInt) : 0
00:39:22 INFO  [GH3]:   Unknown(0x40c698af) (QTypeQbKey) : 0x1ce04099
00:39:22 INFO  [GH3]: }
00:39:22 INFO  [GH3]: {
00:39:22 INFO  [GH3]:   Unknown(0xb30d9965) (QTypeInt) : 0
00:39:22 INFO  [GH3]:   Unknown(0x40c698af) (QTypeQbKey) : 0xf583e5ac
00:39:22 INFO  [GH3]: }
00:39:23 INFO  [GH3]: {
00:39:23 INFO  [GH3]:   Unknown(0xb30d9965) (QTypeInt) : 0
00:39:23 INFO  [GH3]:   Unknown(0x40c698af) (QTypeQbKey) : 0x1b8d8480
00:39:23 INFO  [GH3]: }
00:39:23 INFO  [GH3]: {
00:39:23 INFO  [GH3]:   Unknown(0xb30d9965) (QTypeInt) : 0
00:39:23 INFO  [GH3]:   Unknown(0x40c698af) (QTypeQbKey) : 0xfc35a987
00:39:23 INFO  [GH3]: }
00:39:23 INFO  [GH3]: {
00:39:23 INFO  [GH3]:   Unknown(0xb30d9965) (QTypeInt) : 0
00:39:23 INFO  [GH3]:   Unknown(0x40c698af) (QTypeQbKey) : 0xbdafb772
00:39:23 INFO  [GH3]: }
00:39:23 INFO  [GH3]: {
00:39:23 INFO  [GH3]:   Unknown(0xb30d9965) (QTypeInt) : 0
00:39:23 INFO  [GH3]:   Unknown(0x40c698af) (QTypeQbKey) : 0x53a1d65e
00:39:23 INFO  [GH3]: }
00:39:23 INFO  [GH3]: {
00:39:23 INFO  [GH3]:   Unknown(0xb30d9965) (QTypeInt) : 0
00:39:23 INFO  [GH3]:   Unknown(0x40c698af) (QTypeQbKey) : 0xbac2736b
00:39:23 INFO  [GH3]: }
00:39:23 INFO  [GH3]: {
00:39:23 INFO  [GH3]:   Unknown(0xb30d9965) (QTypeInt) : 0
00:39:23 INFO  [GH3]:   Unknown(0x40c698af) (QTypeQbKey) : 0x54cc1247
00:39:23 INFO  [GH3]: }
00:39:23 INFO  [GH3]: {
00:39:23 INFO  [GH3]:   Unknown(0xb30d9965) (QTypeInt) : 0
00:39:23 INFO  [GH3]:   Unknown(0x40c698af) (QTypeQbKey) : 0xb3743f40
00:39:23 INFO  [GH3]: }
00:39:23 INFO  [GH3]: {
00:39:23 INFO  [GH3]:   Unknown(0xb30d9965) (QTypeInt) : 0
00:39:23 INFO  [GH3]:   Unknown(0x40c698af) (QTypeQbKey) : 0xa4b48633
00:39:23 INFO  [GH3]: }
00:39:23 INFO  [GH3]: {
00:39:23 INFO  [GH3]:   Unknown(0xb30d9965) (QTypeInt) : 0
00:39:23 INFO  [GH3]:   Unknown(0x40c698af) (QTypeQbKey) : 0x4abae71f
00:39:23 INFO  [GH3]: }
00:39:23 INFO  [GH3]: {
00:39:23 INFO  [GH3]:   Unknown(0xb30d9965) (QTypeInt) : 0
00:39:23 INFO  [GH3]:   Unknown(0x40c698af) (QTypeQbKey) : 0x4abae71f
00:39:23 INFO  [GH3]: }
00:39:24 INFO  [GH3]: {
00:39:24 INFO  [GH3]:   Unknown(0xb30d9965) (QTypeInt) : 0
00:39:24 INFO  [GH3]:   Unknown(0x40c698af) (QTypeQbKey) : 0x4abae71f
00:39:24 INFO  [GH3]: }
00:39:24 INFO  [GH3]: {
00:39:24 INFO  [GH3]:   Unknown(0xb30d9965) (QTypeInt) : 0
00:39:24 INFO  [GH3]:   Unknown(0x40c698af) (QTypeQbKey) : 0x4abae71f
00:39:24 INFO  [GH3]: }
00:39:26 INFO  [GH3]: {
00:39:26 INFO  [GH3]:   Unknown(0xb30d9965) (QTypeInt) : 0
00:39:26 INFO  [GH3]:   Unknown(0x40c698af) (QTypeQbKey) : 0x4abae71f
00:39:26 INFO  [GH3]: }
00:39:29 INFO  [GH3]: {
00:39:29 INFO  [GH3]:   Unknown(0xb30d9965) (QTypeInt) : 0
00:39:29 INFO  [GH3]:   Unknown(0x40c698af) (QTypeQbKey) : 0xa4b48633
00:39:29 INFO  [GH3]: }
00:39:29 INFO  [GH3]: {
00:39:29 INFO  [GH3]:   Unknown(0xb30d9965) (QTypeInt) : 0
00:39:29 INFO  [GH3]:   Unknown(0x40c698af) (QTypeQbKey) : 0xb3743f40
00:39:29 INFO  [GH3]: }
00:39:29 INFO  [GH3]: {
00:39:29 INFO  [GH3]:   Unknown(0xb30d9965) (QTypeInt) : 0
00:39:29 INFO  [GH3]:   Unknown(0x40c698af) (QTypeQbKey) : 0x54cc1247
00:39:29 INFO  [GH3]: }
00:39:29 INFO  [GH3]: {
00:39:29 INFO  [GH3]:   Unknown(0xb30d9965) (QTypeInt) : 0
00:39:29 INFO  [GH3]:   Unknown(0x40c698af) (QTypeQbKey) : 0xbac2736b
00:39:29 INFO  [GH3]: }
00:39:29 INFO  [GH3]: {
00:39:29 INFO  [GH3]:   Unknown(0xb30d9965) (QTypeInt) : 0
00:39:29 INFO  [GH3]:   Unknown(0x40c698af) (QTypeQbKey) : 0x53a1d65e
00:39:29 INFO  [GH3]: }
00:39:29 INFO  [GH3]: {
00:39:29 INFO  [GH3]:   Unknown(0xb30d9965) (QTypeInt) : 0
00:39:29 INFO  [GH3]:   Unknown(0x40c698af) (QTypeQbKey) : 0xbdafb772
00:39:29 INFO  [GH3]: }
00:39:29 INFO  [GH3]: {
00:39:29 INFO  [GH3]:   Unknown(0xb30d9965) (QTypeInt) : 0
00:39:29 INFO  [GH3]:   Unknown(0x40c698af) (QTypeQbKey) : 0xfc35a987
00:39:29 INFO  [GH3]: }
00:39:29 INFO  [GH3]: {
00:39:29 INFO  [GH3]:   Unknown(0xb30d9965) (QTypeInt) : 0
00:39:29 INFO  [GH3]:   Unknown(0x40c698af) (QTypeQbKey) : 0x1b8d8480
00:39:29 INFO  [GH3]: }
00:39:29 INFO  [GH3]: {
00:39:29 INFO  [GH3]:   Unknown(0xb30d9965) (QTypeInt) : 0
00:39:29 INFO  [GH3]:   Unknown(0x40c698af) (QTypeQbKey) : 0xf583e5ac
00:39:29 INFO  [GH3]: }
00:39:29 INFO  [GH3]: {
00:39:29 INFO  [GH3]:   Unknown(0xb30d9965) (QTypeInt) : 0
00:39:29 INFO  [GH3]:   Unknown(0x40c698af) (QTypeQbKey) : 0x1ce04099
00:39:29 INFO  [GH3]: }
00:39:30 INFO  [GH3]: {
00:39:30 INFO  [GH3]:   Unknown(0xb30d9965) (QTypeInt) : 0
00:39:30 INFO  [GH3]:   Unknown(0x40c698af) (QTypeQbKey) : 0xf2ee21b5
00:39:30 INFO  [GH3]: }
00:39:30 INFO  [GH3]: {
00:39:30 INFO  [GH3]:   Unknown(0xb30d9965) (QTypeInt) : 0
00:39:30 INFO  [GH3]:   Unknown(0x40c698af) (QTypeQbKey) : 0xe52e98c6
00:39:30 INFO  [GH3]: }
00:39:30 INFO  [GH3]: {
00:39:30 INFO  [GH3]:   Unknown(0xb30d9965) (QTypeInt) : 0
00:39:30 INFO  [GH3]:   Unknown(0x40c698af) (QTypeQbKey) : 0x296b5c1
00:39:30 INFO  [GH3]: }
00:39:30 INFO  [GH3]: {
00:39:30 INFO  [GH3]:   Unknown(0xb30d9965) (QTypeInt) : 0
00:39:30 INFO  [GH3]:   Unknown(0x40c698af) (QTypeQbKey) : 0xec98d4ed
00:39:30 INFO  [GH3]: }
00:39:30 INFO  [GH3]: {
00:39:30 INFO  [GH3]:   Unknown(0xb30d9965) (QTypeInt) : 0
00:39:30 INFO  [GH3]:   Unknown(0x40c698af) (QTypeQbKey) : 0x5fb71d8
00:39:30 INFO  [GH3]: }
00:39:30 INFO  [GH3]: {
00:39:30 INFO  [GH3]:   Unknown(0xb30d9965) (QTypeInt) : 0
00:39:30 INFO  [GH3]:   Unknown(0x40c698af) (QTypeQbKey) : 0xebf510f4
00:39:30 INFO  [GH3]: }
00:39:30 INFO  [GH3]: {
00:39:30 INFO  [GH3]:   Unknown(0xb30d9965) (QTypeInt) : 0
00:39:30 INFO  [GH3]:   Unknown(0x40c698af) (QTypeQbKey) : 0xce03cb05
00:39:30 INFO  [GH3]: }
00:39:30 INFO  [GH3]: {
00:39:30 INFO  [GH3]:   Unknown(0xb30d9965) (QTypeInt) : 0
00:39:30 INFO  [GH3]:   Unknown(0x40c698af) (QTypeQbKey) : 0x29bbe602
00:39:30 INFO  [GH3]: }
00:39:30 INFO  [GH3]: {
00:39:30 INFO  [GH3]:   Unknown(0xb30d9965) (QTypeInt) : 0
00:39:30 INFO  [GH3]:   Unknown(0x40c698af) (QTypeQbKey) : 0xc7b5872e
00:39:30 INFO  [GH3]: }
00:39:30 INFO  [GH3]: {
00:39:30 INFO  [GH3]:   Unknown(0xb30d9965) (QTypeInt) : 0
00:39:30 INFO  [GH3]:   Unknown(0x40c698af) (QTypeQbKey) : 0xc7b5872e
00:39:30 INFO  [GH3]: }
00:39:31 INFO  [GH3]: {
00:39:31 INFO  [GH3]:   Unknown(0xb30d9965) (QTypeInt) : 0
00:39:31 INFO  [GH3]:   Unknown(0x40c698af) (QTypeQbKey) : 0xc7b5872e
00:39:31 INFO  [GH3]: }
00:39:31 INFO  [GH3]: {
00:39:31 INFO  [GH3]:   Unknown(0xb30d9965) (QTypeInt) : 0
00:39:31 INFO  [GH3]:   Unknown(0x40c698af) (QTypeQbKey) : 0xc7b5872e
00:39:31 INFO  [GH3]: }
00:39:31 INFO  [GH3]: {
00:39:31 INFO  [GH3]:   Unknown(0xb30d9965) (QTypeInt) : 0
00:39:31 INFO  [GH3]:   Unknown(0x40c698af) (QTypeQbKey) : 0xc7b5872e
00:39:31 INFO  [GH3]: }
00:39:31 INFO  [GH3]: {
00:39:31 INFO  [GH3]:   Unknown(0xb30d9965) (QTypeInt) : 0
00:39:31 INFO  [GH3]:   Unknown(0x40c698af) (QTypeQbKey) : 0xc7b5872e
00:39:31 INFO  [GH3]: }
00:39:31 INFO  [GH3]: {
00:39:31 INFO  [GH3]:   Unknown(0xb30d9965) (QTypeInt) : 0
00:39:31 INFO  [GH3]:   Unknown(0x40c698af) (QTypeQbKey) : 0xc7b5872e
00:39:31 INFO  [GH3]: }
00:39:39 INFO  [GH3]: {
00:39:39 INFO  [GH3]:   Unknown(0xb30d9965) (QTypeInt) : 0
00:39:39 INFO  [GH3]:   Unknown(0x40c698af) (QTypeQbKey) : 0x5ebcd694
00:39:39 INFO  [GH3]: }
