00:49:56 INFO  [Nylon]: Wine was not detected. Assuming we are running on a Windows NT OS Please report this if this detection is an error.
00:49:56 INFO  [Nylon]: Minhook initialized!
00:49:56 INFO  [Nylon]: Setting up default hooks...
00:49:56 INFO  [Nylon]: Hooked function at address: 0x770689E0
00:49:56 INFO  [Nylon]: Hooked function at address: 0x77068320
00:49:56 INFO  [Nylon]: Hooked function at address: 0x77062520
00:49:57 INFO  [Nylon]: Hooked function at address: 0x00530970
00:49:57 INFO  [Nylon]: Hooked function at address: 0x00530940
00:49:57 INFO  [Nylon]: Hooked function at address: 0x004A1780
00:49:57 INFO  [Nylon]: Hooked function at address: 0x00472B50
00:49:57 INFO  [Nylon]: Hooked function at address: 0x0057B940
00:49:57 INFO  [Nylon]: Hooked function at address: 0x00601D30
00:49:57 INFO  [Nylon]: Hooked function at address: 0x0047DFA0
00:49:57 INFO  [Nylon]: Hooked function at address: 0x0057AE20
00:49:57 INFO  [Nylon]: Hooked function at address: 0x00D94EE8
00:49:57 INFO  [Nylon]: Hooked function at address: 0x004A6820
00:49:57 INFO  [Nylon]: Hooked function at address: 0x0047E5B0
00:49:57 INFO  [Nylon]: Finished setting up default hooks.
00:49:57 INFO  [Nylon]: Loading mods...
00:49:57 INFO  [Nylon]: Loading mods from: "C:\Games\Guitar Hero III\nylon\Mods"
00:49:57 INFO  [Nylon]: Checking for: "C:\Games\Guitar Hero III\nylon\Mods\GH3Deluxe\modinfo.json"...
00:49:57 INFO  [Nylon]: Loading...
00:49:57 INFO  [Nylon]: Found mod: gh3dx
00:49:57 INFO  [Nylon]: Finished loading mods.
00:49:57 INFO  [Nylon]: Finished Core Initialization!
00:49:57 INFO  [Nylon]: Expecting: "GH3Deluxe\pak\gh3dx.pak"
00:49:57 INFO  [Nylon]: Found it! Loading...
00:49:57 INFO  [Nylon]: Done!
00:49:58 INFO  [Nylon]: Hooking DirectX 9...
00:49:58 INFO  [Nylon]: Hooked function at address: 0x63116500
00:49:58 INFO  [Nylon]: Hooked function at address: 0x63116120
00:49:58 INFO  [Nylon]: Hooked function at address: 0x5942B040
00:49:58 ERROR [Nylon]: Failed to hook function at address: 0x5942B040 Error Code: 3
00:49:58 INFO  [Nylon]: Finished hooking DirectX 9.
00:49:58 INFO  [Nylon]: Hooked function at address: 0x5942C550
00:49:58 ERROR [Nylon]: Failed to hook function at address: 0x5942C550 Error Code: 3
00:49:58 INFO  [Nylon]: KeyboardSetCooperativeLevel -> 6
00:49:58 INFO  [Nylon]: KeyboardSetCooperativeLevel -> 5
00:50:00 INFO  [GH3]: {
00:50:00 INFO  [GH3]:   Unknown(0x69d0dfaf) (QTypeInt) : 3
00:50:00 INFO  [GH3]:   Unknown(0xd4c98794) (QTypeWString) : "CHECKING..."
00:50:00 INFO  [GH3]:   Unknown(0x26bf66f3) (QTypeQbStruct) : 
00:50:00 INFO  [GH3]: 	{
00:50:00 INFO  [GH3]: 	  Unknown(0xc4745838) (QTypeWString) : "Checking storage device..."
00:50:00 INFO  [GH3]: 	}
00:50:00 INFO  [GH3]: }
00:50:00 INFO  [GH3]: {
00:50:00 INFO  [GH3]:   Unknown(0x69d0dfaf) (QTypeInt) : 3
00:50:00 INFO  [GH3]:   Unknown(0x26bf66f3) (QTypeQbStruct) : 
00:50:00 INFO  [GH3]: 	{
00:50:00 INFO  [GH3]: 	  Unknown(0xc4745838) (QTypeWString) : "Game content is damaged and cannot be used. Do you want to delete this content? All progress within this save content will be lost."
00:50:00 INFO  [GH3]: 	  Unknown(0x34a68574) (QTypePair) : (800, 500)
00:50:00 INFO  [GH3]: 	  Unknown(0x7f261953) (QTypePair) : (640, 375)
00:50:00 INFO  [GH3]: 	  Unknown(0x13b9da7b) (QTypeFloat) : 0.5
00:50:00 INFO  [GH3]: 	}
00:50:00 INFO  [GH3]:   Unknown(0xe787d761) (QTypePair) : (640, 465)
00:50:00 INFO  [GH3]:   Unknown(0xad8a5a63) (QTypePair) : (256, 64)
00:50:00 INFO  [GH3]:   Unknown(0x2fca0578) (QTypeQbArray) : Type:"QTypeQbArray" Size:1120259328
00:50:00 INFO  [GH3]: }
00:50:00 INFO  [GH3]: {
00:50:00 INFO  [GH3]:   Unknown(0x69d0dfaf) (QTypeInt) : 3
00:50:00 INFO  [GH3]:   Unknown(0xd4c98794) (QTypeWString) : "SUCCESSFUL"
00:50:00 INFO  [GH3]:   Unknown(0x26bf66f3) (QTypeQbStruct) : 
00:50:00 INFO  [GH3]: 	{
00:50:00 INFO  [GH3]: 	  Unknown(0xc4745838) (QTypeWString) : "Load successful."
00:50:00 INFO  [GH3]: 	}
00:50:00 INFO  [GH3]: }
00:50:02 INFO  [GH3]: {
00:50:02 INFO  [GH3]:   Unknown(0x7323e97c) (QTypeQbArray) : Type:"QTypeQbArray" Size:1123870528
00:50:02 INFO  [GH3]: }
00:50:03 INFO  [GH3]: {
00:50:03 INFO  [GH3]:   Unknown(0x40c698af) (QTypeQbKey) : 0xfad85b3f
00:50:03 INFO  [GH3]: }
00:50:03 INFO  [GH3]: {
00:50:03 INFO  [GH3]:   Unknown(0x40c698af) (QTypeQbKey) : 0xed108a91
00:50:03 INFO  [GH3]: }
00:50:03 INFO  [GH3]: {
00:50:03 INFO  [GH3]:   Unknown(0x40c698af) (QTypeQbKey) : 0x31eebbd
00:50:03 INFO  [GH3]: }
00:50:03 INFO  [GH3]: {
00:50:03 INFO  [GH3]:   Unknown(0x40c698af) (QTypeQbKey) : 0xea7d4e88
00:50:03 INFO  [GH3]: }
00:50:03 INFO  [GH3]: {
00:50:03 INFO  [GH3]:   Unknown(0x40c698af) (QTypeQbKey) : 0x4732fa4
00:50:03 INFO  [GH3]: }
00:50:04 INFO  [GH3]: {
00:50:04 INFO  [GH3]:   Unknown(0xb30d9965) (QTypeInt) : 0
00:50:04 INFO  [GH3]:   Unknown(0x40c698af) (QTypeQbKey) : 0x29bbe602
00:50:04 INFO  [GH3]: }
00:50:04 INFO  [GH3]: {
00:50:04 INFO  [GH3]:   Unknown(0xb30d9965) (QTypeInt) : 0
00:50:04 INFO  [GH3]:   Unknown(0x40c698af) (QTypeQbKey) : 0xce03cb05
00:50:04 INFO  [GH3]: }
00:50:04 INFO  [GH3]: {
00:50:04 INFO  [GH3]:   Unknown(0xb30d9965) (QTypeInt) : 0
00:50:04 INFO  [GH3]:   Unknown(0x40c698af) (QTypeQbKey) : 0xebf510f4
00:50:04 INFO  [GH3]: }
00:50:04 INFO  [GH3]: {
00:50:04 INFO  [GH3]:   Unknown(0xb30d9965) (QTypeInt) : 0
00:50:04 INFO  [GH3]:   Unknown(0x40c698af) (QTypeQbKey) : 0x5fb71d8
00:50:04 INFO  [GH3]: }
00:50:04 INFO  [GH3]: {
00:50:04 INFO  [GH3]:   Unknown(0xb30d9965) (QTypeInt) : 0
00:50:04 INFO  [GH3]:   Unknown(0x40c698af) (QTypeQbKey) : 0xec98d4ed
00:50:04 INFO  [GH3]: }
00:50:04 INFO  [GH3]: {
00:50:04 INFO  [GH3]:   Unknown(0xb30d9965) (QTypeInt) : 0
00:50:04 INFO  [GH3]:   Unknown(0x40c698af) (QTypeQbKey) : 0x296b5c1
00:50:04 INFO  [GH3]: }
00:50:04 INFO  [GH3]: {
00:50:04 INFO  [GH3]:   Unknown(0xb30d9965) (QTypeInt) : 0
00:50:04 INFO  [GH3]:   Unknown(0x40c698af) (QTypeQbKey) : 0xe52e98c6
00:50:04 INFO  [GH3]: }
00:50:04 INFO  [GH3]: {
00:50:04 INFO  [GH3]:   Unknown(0xb30d9965) (QTypeInt) : 0
00:50:04 INFO  [GH3]:   Unknown(0x40c698af) (QTypeQbKey) : 0xf2ee21b5
00:50:04 INFO  [GH3]: }
00:50:04 INFO  [GH3]: {
00:50:04 INFO  [GH3]:   Unknown(0xb30d9965) (QTypeInt) : 0
00:50:04 INFO  [GH3]:   Unknown(0x40c698af) (QTypeQbKey) : 0x1ce04099
00:50:04 INFO  [GH3]: }
00:50:04 INFO  [GH3]: {
00:50:04 INFO  [GH3]:   Unknown(0xb30d9965) (QTypeInt) : 0
00:50:04 INFO  [GH3]:   Unknown(0x40c698af) (QTypeQbKey) : 0xf583e5ac
00:50:04 INFO  [GH3]: }
00:50:04 INFO  [GH3]: {
00:50:04 INFO  [GH3]:   Unknown(0xb30d9965) (QTypeInt) : 0
00:50:04 INFO  [GH3]:   Unknown(0x40c698af) (QTypeQbKey) : 0x1b8d8480
00:50:04 INFO  [GH3]: }
00:50:04 INFO  [GH3]: {
00:50:04 INFO  [GH3]:   Unknown(0xb30d9965) (QTypeInt) : 0
00:50:04 INFO  [GH3]:   Unknown(0x40c698af) (QTypeQbKey) : 0xfc35a987
00:50:04 INFO  [GH3]: }
00:50:04 INFO  [GH3]: {
00:50:04 INFO  [GH3]:   Unknown(0xb30d9965) (QTypeInt) : 0
00:50:04 INFO  [GH3]:   Unknown(0x40c698af) (QTypeQbKey) : 0xbdafb772
00:50:04 INFO  [GH3]: }
00:50:04 INFO  [GH3]: {
00:50:04 INFO  [GH3]:   Unknown(0xb30d9965) (QTypeInt) : 0
00:50:04 INFO  [GH3]:   Unknown(0x40c698af) (QTypeQbKey) : 0x53a1d65e
00:50:04 INFO  [GH3]: }
00:50:04 INFO  [GH3]: {
00:50:04 INFO  [GH3]:   Unknown(0xb30d9965) (QTypeInt) : 0
00:50:04 INFO  [GH3]:   Unknown(0x40c698af) (QTypeQbKey) : 0xbac2736b
00:50:04 INFO  [GH3]: }
00:50:04 INFO  [GH3]: {
00:50:04 INFO  [GH3]:   Unknown(0xb30d9965) (QTypeInt) : 0
00:50:04 INFO  [GH3]:   Unknown(0x40c698af) (QTypeQbKey) : 0x54cc1247
00:50:04 INFO  [GH3]: }
00:50:04 INFO  [GH3]: {
00:50:04 INFO  [GH3]:   Unknown(0xb30d9965) (QTypeInt) : 0
00:50:04 INFO  [GH3]:   Unknown(0x40c698af) (QTypeQbKey) : 0xb3743f40
00:50:04 INFO  [GH3]: }
00:50:05 INFO  [GH3]: {
00:50:05 INFO  [GH3]:   Unknown(0xb30d9965) (QTypeInt) : 0
00:50:05 INFO  [GH3]:   Unknown(0x40c698af) (QTypeQbKey) : 0xa4b48633
00:50:05 INFO  [GH3]: }
00:50:06 INFO  [GH3]: {
00:50:06 INFO  [GH3]:   Unknown(0x40c698af) (QTypeQbKey) : 0xed108a91
00:50:06 INFO  [GH3]: }
00:50:06 INFO  [GH3]: {
00:50:06 INFO  [GH3]:   Unknown(0x40c698af) (QTypeQbKey) : 0x31eebbd
00:50:06 INFO  [GH3]: }
00:50:06 INFO  [GH3]: {
00:50:06 INFO  [GH3]:   Unknown(0x40c698af) (QTypeQbKey) : 0xea7d4e88
00:50:06 INFO  [GH3]: }
00:50:06 INFO  [GH3]: {
00:50:06 INFO  [GH3]:   Unknown(0x40c698af) (QTypeQbKey) : 0x4732fa4
00:50:06 INFO  [GH3]: }
00:50:07 INFO  [GH3]: {
00:50:07 INFO  [GH3]:   Unknown(0xb30d9965) (QTypeInt) : 0
00:50:07 INFO  [GH3]:   Unknown(0x40c698af) (QTypeQbKey) : 0xfee4332
00:50:07 INFO  [GH3]: }
00:50:07 INFO  [GH3]: {
00:50:07 INFO  [GH3]:   Unknown(0xb30d9965) (QTypeInt) : 0
00:50:07 INFO  [GH3]:   Unknown(0x40c698af) (QTypeQbKey) : 0x2a1898c3
00:50:07 INFO  [GH3]: }
00:50:07 INFO  [GH3]: {
00:50:07 INFO  [GH3]:   Unknown(0xb30d9965) (QTypeInt) : 0
00:50:07 INFO  [GH3]:   Unknown(0x40c698af) (QTypeQbKey) : 0xc416f9ef
00:50:07 INFO  [GH3]: }
00:50:07 INFO  [GH3]: {
00:50:07 INFO  [GH3]:   Unknown(0xb30d9965) (QTypeInt) : 0
00:50:07 INFO  [GH3]:   Unknown(0x40c698af) (QTypeQbKey) : 0x2d755cda
00:50:07 INFO  [GH3]: }
00:50:07 INFO  [GH3]: {
00:50:07 INFO  [GH3]:   Unknown(0xb30d9965) (QTypeInt) : 0
00:50:07 INFO  [GH3]:   Unknown(0x40c698af) (QTypeQbKey) : 0xc37b3df6
00:50:07 INFO  [GH3]: }
00:50:07 INFO  [GH3]: {
00:50:07 INFO  [GH3]:   Unknown(0xb30d9965) (QTypeInt) : 0
00:50:07 INFO  [GH3]:   Unknown(0x40c698af) (QTypeQbKey) : 0x24c310f1
00:50:07 INFO  [GH3]: }
00:50:07 INFO  [GH3]: {
00:50:07 INFO  [GH3]:   Unknown(0xb30d9965) (QTypeInt) : 0
00:50:07 INFO  [GH3]:   Unknown(0x40c698af) (QTypeQbKey) : 0x3303a982
00:50:07 INFO  [GH3]: }
00:50:07 INFO  [GH3]: {
00:50:07 INFO  [GH3]:   Unknown(0xb30d9965) (QTypeInt) : 0
00:50:07 INFO  [GH3]:   Unknown(0x40c698af) (QTypeQbKey) : 0xdd0dc8ae
00:50:07 INFO  [GH3]: }
00:50:07 INFO  [GH3]: {
00:50:07 INFO  [GH3]:   Unknown(0xb30d9965) (QTypeInt) : 0
00:50:07 INFO  [GH3]:   Unknown(0x40c698af) (QTypeQbKey) : 0x346e6d9b
00:50:07 INFO  [GH3]: }
00:50:07 INFO  [GH3]: {
00:50:07 INFO  [GH3]:   Unknown(0xb30d9965) (QTypeInt) : 0
00:50:07 INFO  [GH3]:   Unknown(0x40c698af) (QTypeQbKey) : 0xda600cb7
00:50:07 INFO  [GH3]: }
00:50:07 INFO  [GH3]: {
00:50:07 INFO  [GH3]:   Unknown(0xb30d9965) (QTypeInt) : 0
00:50:07 INFO  [GH3]:   Unknown(0x40c698af) (QTypeQbKey) : 0x3dd821b0
00:50:07 INFO  [GH3]: }
00:50:07 INFO  [GH3]: {
00:50:07 INFO  [GH3]:   Unknown(0xb30d9965) (QTypeInt) : 0
00:50:07 INFO  [GH3]:   Unknown(0x40c698af) (QTypeQbKey) : 0x7c423f45
00:50:07 INFO  [GH3]: }
00:50:07 INFO  [GH3]: {
00:50:07 INFO  [GH3]:   Unknown(0xb30d9965) (QTypeInt) : 0
00:50:07 INFO  [GH3]:   Unknown(0x40c698af) (QTypeQbKey) : 0x924c5e69
00:50:07 INFO  [GH3]: }
00:50:07 INFO  [GH3]: {
00:50:07 INFO  [GH3]:   Unknown(0xb30d9965) (QTypeInt) : 0
00:50:07 INFO  [GH3]:   Unknown(0x40c698af) (QTypeQbKey) : 0x7b2ffb5c
00:50:07 INFO  [GH3]: }
00:50:07 INFO  [GH3]: {
00:50:07 INFO  [GH3]:   Unknown(0xb30d9965) (QTypeInt) : 0
00:50:07 INFO  [GH3]:   Unknown(0x40c698af) (QTypeQbKey) : 0x95219a70
00:50:07 INFO  [GH3]: }
00:50:07 INFO  [GH3]: {
00:50:07 INFO  [GH3]:   Unknown(0xb30d9965) (QTypeInt) : 0
00:50:07 INFO  [GH3]:   Unknown(0x40c698af) (QTypeQbKey) : 0x7299b777
00:50:07 INFO  [GH3]: }
00:50:07 INFO  [GH3]: {
00:50:08 INFO  [GH3]:   Unknown(0xb30d9965) (QTypeInt) : 0
00:50:08 INFO  [GH3]:   Unknown(0x40c698af) (QTypeQbKey) : 0x65590e04
00:50:08 INFO  [GH3]: }
00:50:08 INFO  [GH3]: {
00:50:08 INFO  [GH3]:   Unknown(0xb30d9965) (QTypeInt) : 0
00:50:08 INFO  [GH3]:   Unknown(0x40c698af) (QTypeQbKey) : 0x8b576f28
00:50:08 INFO  [GH3]: }
00:50:08 INFO  [GH3]: {
00:50:08 INFO  [GH3]:   Unknown(0xb30d9965) (QTypeInt) : 0
00:50:08 INFO  [GH3]:   Unknown(0x40c698af) (QTypeQbKey) : 0x6234ca1d
00:50:08 INFO  [GH3]: }
00:50:09 INFO  [GH3]: {
00:50:09 INFO  [GH3]:   Unknown(0x40c698af) (QTypeQbKey) : 0x9a17ba07
00:50:09 INFO  [GH3]: }
00:50:09 INFO  [GH3]: {
00:50:09 INFO  [GH3]:   Unknown(0x40c698af) (QTypeQbKey) : 0x7419db2b
00:50:09 INFO  [GH3]: }
00:50:09 INFO  [GH3]: {
00:50:09 INFO  [GH3]:   Unknown(0x40c698af) (QTypeQbKey) : 0x9d7a7e1e
00:50:09 INFO  [GH3]: }
00:50:09 INFO  [GH3]: {
00:50:09 INFO  [GH3]:   Unknown(0x40c698af) (QTypeQbKey) : 0x73741f32
00:50:09 INFO  [GH3]: }
00:50:10 INFO  [GH3]: {
00:50:10 INFO  [GH3]:   Unknown(0x40c698af) (QTypeQbKey) : 0xb6fb3b47
00:50:10 INFO  [GH3]: }
00:50:12 INFO  [GH3]: {
00:50:12 INFO  [GH3]:   Unknown(0x40c698af) (QTypeQbKey) : 0x9a17ba07
00:50:12 INFO  [GH3]: }
00:50:12 INFO  [GH3]: {
00:50:12 INFO  [GH3]:   Unknown(0x40c698af) (QTypeQbKey) : 0x7419db2b
00:50:12 INFO  [GH3]: }
00:50:12 INFO  [GH3]: {
00:50:12 INFO  [GH3]:   Unknown(0x40c698af) (QTypeQbKey) : 0x9d7a7e1e
00:50:12 INFO  [GH3]: }
00:50:12 INFO  [GH3]: {
00:50:12 INFO  [GH3]:   Unknown(0x40c698af) (QTypeQbKey) : 0x73741f32
00:50:12 INFO  [GH3]: }
00:50:13 INFO  [GH3]: {
00:50:13 INFO  [GH3]:   Unknown(0xb30d9965) (QTypeInt) : 0
00:50:13 INFO  [GH3]:   Unknown(0x40c698af) (QTypeQbKey) : 0x2896ff10
00:50:13 INFO  [GH3]: }
00:50:13 INFO  [GH3]: {
00:50:13 INFO  [GH3]:   Unknown(0xb30d9965) (QTypeInt) : 0
00:50:13 INFO  [GH3]:   Unknown(0x40c698af) (QTypeQbKey) : 0x3f564663
00:50:13 INFO  [GH3]: }
00:50:13 INFO  [GH3]: {
00:50:13 INFO  [GH3]:   Unknown(0xb30d9965) (QTypeInt) : 0
00:50:13 INFO  [GH3]:   Unknown(0x40c698af) (QTypeQbKey) : 0xd158274f
00:50:13 INFO  [GH3]: }
00:50:13 INFO  [GH3]: {
00:50:13 INFO  [GH3]:   Unknown(0xb30d9965) (QTypeInt) : 0
00:50:13 INFO  [GH3]:   Unknown(0x40c698af) (QTypeQbKey) : 0x383b827a
00:50:13 INFO  [GH3]: }
00:50:13 INFO  [GH3]: {
00:50:13 INFO  [GH3]:   Unknown(0xb30d9965) (QTypeInt) : 0
00:50:13 INFO  [GH3]:   Unknown(0x40c698af) (QTypeQbKey) : 0xd635e356
00:50:13 INFO  [GH3]: }
00:50:13 INFO  [GH3]: {
00:50:13 INFO  [GH3]:   Unknown(0xb30d9965) (QTypeInt) : 0
00:50:13 INFO  [GH3]:   Unknown(0x40c698af) (QTypeQbKey) : 0x318dce51
00:50:13 INFO  [GH3]: }
00:50:13 INFO  [GH3]: {
00:50:13 INFO  [GH3]:   Unknown(0xb30d9965) (QTypeInt) : 0
00:50:13 INFO  [GH3]:   Unknown(0x40c698af) (QTypeQbKey) : 0x7017d0a4
00:50:13 INFO  [GH3]: }
00:50:13 INFO  [GH3]: {
00:50:13 INFO  [GH3]:   Unknown(0xb30d9965) (QTypeInt) : 0
00:50:13 INFO  [GH3]:   Unknown(0x40c698af) (QTypeQbKey) : 0x9e19b188
00:50:13 INFO  [GH3]: }
00:50:13 INFO  [GH3]: {
00:50:13 INFO  [GH3]:   Unknown(0xb30d9965) (QTypeInt) : 0
00:50:13 INFO  [GH3]:   Unknown(0x40c698af) (QTypeQbKey) : 0x777a14bd
00:50:13 INFO  [GH3]: }
00:50:13 INFO  [GH3]: {
00:50:13 INFO  [GH3]:   Unknown(0xb30d9965) (QTypeInt) : 0
00:50:13 INFO  [GH3]:   Unknown(0x40c698af) (QTypeQbKey) : 0x99747591
00:50:13 INFO  [GH3]: }
00:50:13 INFO  [GH3]: {
00:50:13 INFO  [GH3]:   Unknown(0xb30d9965) (QTypeInt) : 0
00:50:13 INFO  [GH3]:   Unknown(0x40c698af) (QTypeQbKey) : 0x7ecc5896
00:50:13 INFO  [GH3]: }
00:50:13 INFO  [GH3]: {
00:50:13 INFO  [GH3]:   Unknown(0xb30d9965) (QTypeInt) : 0
00:50:13 INFO  [GH3]:   Unknown(0x40c698af) (QTypeQbKey) : 0x690ce1e5
00:50:13 INFO  [GH3]: }
00:50:13 INFO  [GH3]: {
00:50:13 INFO  [GH3]:   Unknown(0xb30d9965) (QTypeInt) : 0
00:50:13 INFO  [GH3]:   Unknown(0x40c698af) (QTypeQbKey) : 0x870280c9
00:50:13 INFO  [GH3]: }
00:50:13 INFO  [GH3]: {
00:50:13 INFO  [GH3]:   Unknown(0xb30d9965) (QTypeInt) : 0
00:50:13 INFO  [GH3]:   Unknown(0x40c698af) (QTypeQbKey) : 0x6e6125fc
00:50:13 INFO  [GH3]: }
00:50:13 INFO  [GH3]: {
00:50:13 INFO  [GH3]:   Unknown(0xb30d9965) (QTypeInt) : 0
00:50:13 INFO  [GH3]:   Unknown(0x40c698af) (QTypeQbKey) : 0x806f44d0
00:50:13 INFO  [GH3]: }
00:50:13 INFO  [GH3]: {
00:50:13 INFO  [GH3]:   Unknown(0xb30d9965) (QTypeInt) : 0
00:50:13 INFO  [GH3]:   Unknown(0x40c698af) (QTypeQbKey) : 0x67d769d7
00:50:13 INFO  [GH3]: }
00:50:13 INFO  [GH3]: {
00:50:13 INFO  [GH3]:   Unknown(0xb30d9965) (QTypeInt) : 0
00:50:13 INFO  [GH3]:   Unknown(0x40c698af) (QTypeQbKey) : 0x4221b226
00:50:13 INFO  [GH3]: }
00:50:13 INFO  [GH3]: {
00:50:13 INFO  [GH3]:   Unknown(0xb30d9965) (QTypeInt) : 0
00:50:13 INFO  [GH3]:   Unknown(0x40c698af) (QTypeQbKey) : 0xac2fd30a
00:50:13 INFO  [GH3]: }
00:50:15 INFO  [GH3]: {
00:50:15 INFO  [GH3]:   Unknown(0xb30d9965) (QTypeInt) : 0
00:50:15 INFO  [GH3]:   Unknown(0x40c698af) (QTypeQbKey) : 0x4221b226
00:50:15 INFO  [GH3]: }
00:50:15 INFO  [GH3]: {
00:50:15 INFO  [GH3]:   Unknown(0xb30d9965) (QTypeInt) : 0
00:50:15 INFO  [GH3]:   Unknown(0x40c698af) (QTypeQbKey) : 0x67d769d7
00:50:15 INFO  [GH3]: }
00:50:15 INFO  [GH3]: {
00:50:15 INFO  [GH3]:   Unknown(0xb30d9965) (QTypeInt) : 0
00:50:15 INFO  [GH3]:   Unknown(0x40c698af) (QTypeQbKey) : 0x806f44d0
00:50:15 INFO  [GH3]: }
00:50:15 INFO  [GH3]: {
00:50:15 INFO  [GH3]:   Unknown(0xb30d9965) (QTypeInt) : 0
00:50:15 INFO  [GH3]:   Unknown(0x40c698af) (QTypeQbKey) : 0x6e6125fc
00:50:15 INFO  [GH3]: }
00:50:16 INFO  [GH3]: {
00:50:16 INFO  [GH3]:   Unknown(0xb30d9965) (QTypeInt) : 0
00:50:16 INFO  [GH3]:   Unknown(0x40c698af) (QTypeQbKey) : 0x870280c9
00:50:16 INFO  [GH3]: }
00:50:17 INFO  [GH3]: {
00:50:17 INFO  [GH3]:   Unknown(0xb30d9965) (QTypeInt) : 0
00:50:17 INFO  [GH3]:   Unknown(0x40c698af) (QTypeQbKey) : 0x870280c9
00:50:17 INFO  [GH3]: }
00:50:18 INFO  [GH3]: {
00:50:18 INFO  [GH3]:   Unknown(0xb30d9965) (QTypeInt) : 0
00:50:18 INFO  [GH3]:   Unknown(0x40c698af) (QTypeQbKey) : 0x6e6125fc
00:50:18 INFO  [GH3]: }
00:50:18 INFO  [GH3]: {
00:50:18 INFO  [GH3]:   Unknown(0xb30d9965) (QTypeInt) : 0
00:50:18 INFO  [GH3]:   Unknown(0x40c698af) (QTypeQbKey) : 0x806f44d0
00:50:18 INFO  [GH3]: }
00:50:18 INFO  [GH3]: {
00:50:18 INFO  [GH3]:   Unknown(0xb30d9965) (QTypeInt) : 0
00:50:18 INFO  [GH3]:   Unknown(0x40c698af) (QTypeQbKey) : 0x67d769d7
00:50:18 INFO  [GH3]: }
00:50:18 INFO  [GH3]: {
00:50:18 INFO  [GH3]:   Unknown(0xb30d9965) (QTypeInt) : 0
00:50:18 INFO  [GH3]:   Unknown(0x40c698af) (QTypeQbKey) : 0x4221b226
00:50:18 INFO  [GH3]: }
00:50:18 INFO  [GH3]: {
00:50:18 INFO  [GH3]:   Unknown(0xb30d9965) (QTypeInt) : 0
00:50:18 INFO  [GH3]:   Unknown(0x40c698af) (QTypeQbKey) : 0xac2fd30a
00:50:18 INFO  [GH3]: }
00:50:18 INFO  [GH3]: {
00:50:18 INFO  [GH3]:   Unknown(0xb30d9965) (QTypeInt) : 0
00:50:18 INFO  [GH3]:   Unknown(0x40c698af) (QTypeQbKey) : 0x454c763f
00:50:18 INFO  [GH3]: }
00:50:18 INFO  [GH3]: {
00:50:18 INFO  [GH3]:   Unknown(0xb30d9965) (QTypeInt) : 0
00:50:18 INFO  [GH3]:   Unknown(0x40c698af) (QTypeQbKey) : 0x324b46a9
00:50:18 INFO  [GH3]: }
00:50:18 INFO  [GH3]: {
00:50:18 INFO  [GH3]:   Unknown(0xb30d9965) (QTypeInt) : 0
00:50:18 INFO  [GH3]:   Unknown(0x40c698af) (QTypeQbKey) : 0x324b46a9
00:50:18 INFO  [GH3]: }
00:50:18 INFO  [GH3]: {
00:50:18 INFO  [GH3]:   Unknown(0xb30d9965) (QTypeInt) : 0
00:50:18 INFO  [GH3]:   Unknown(0x40c698af) (QTypeQbKey) : 0x324b46a9
00:50:18 INFO  [GH3]: }
00:50:18 INFO  [GH3]: {
00:50:18 INFO  [GH3]:   Unknown(0xb30d9965) (QTypeInt) : 0
00:50:18 INFO  [GH3]:   Unknown(0x40c698af) (QTypeQbKey) : 0x324b46a9
00:50:18 INFO  [GH3]: }
00:50:19 INFO  [GH3]: {
00:50:19 INFO  [GH3]:   Unknown(0xb30d9965) (QTypeInt) : 0
00:50:19 INFO  [GH3]:   Unknown(0x40c698af) (QTypeQbKey) : 0x324b46a9
00:50:19 INFO  [GH3]: }
00:50:19 INFO  [GH3]: {
00:50:19 INFO  [GH3]:   Unknown(0xb30d9965) (QTypeInt) : 0
00:50:19 INFO  [GH3]:   Unknown(0x40c698af) (QTypeQbKey) : 0x324b46a9
00:50:19 INFO  [GH3]: }
00:50:19 INFO  [GH3]: {
00:50:19 INFO  [GH3]:   Unknown(0xb30d9965) (QTypeInt) : 0
00:50:19 INFO  [GH3]:   Unknown(0x40c698af) (QTypeQbKey) : 0x324b46a9
00:50:19 INFO  [GH3]: }
00:50:23 INFO  [GH3]: {
00:50:23 INFO  [GH3]:   Unknown(0xb30d9965) (QTypeInt) : 0
00:50:23 INFO  [GH3]:   Unknown(0x40c698af) (QTypeQbKey) : 0x454c763f
00:50:23 INFO  [GH3]: }
