00:54:29 INFO  [Nylon]: Wine was not detected. Assuming we are running on a Windows NT OS Please report this if this detection is an error.
00:54:29 INFO  [Nylon]: Minhook initialized!
00:54:29 INFO  [Nylon]: Setting up default hooks...
00:54:30 INFO  [Nylon]: Hooked function at address: 0x770689E0
00:54:30 INFO  [Nylon]: Hooked function at address: 0x77068320
00:54:30 INFO  [Nylon]: Hooked function at address: 0x77062520
00:54:30 INFO  [Nylon]: Hooked function at address: 0x00530970
00:54:30 INFO  [Nylon]: Hooked function at address: 0x00530940
00:54:30 INFO  [Nylon]: Hooked function at address: 0x004A1780
00:54:30 INFO  [Nylon]: Hooked function at address: 0x00472B50
00:54:30 INFO  [Nylon]: Hooked function at address: 0x0057B940
00:54:30 INFO  [Nylon]: Hooked function at address: 0x00601D30
00:54:30 INFO  [Nylon]: Hooked function at address: 0x0047DFA0
00:54:30 INFO  [Nylon]: Hooked function at address: 0x0057AE20
00:54:30 INFO  [Nylon]: Hooked function at address: 0x00D94EE8
00:54:30 INFO  [Nylon]: Hooked function at address: 0x004A6820
00:54:30 INFO  [Nylon]: Hooked function at address: 0x0047E5B0
00:54:30 INFO  [Nylon]: Finished setting up default hooks.
00:54:30 INFO  [Nylon]: Loading mods...
00:54:30 INFO  [Nylon]: Loading mods from: "C:\Games\Guitar Hero III\nylon\Mods"
00:54:30 INFO  [Nylon]: Checking for: "C:\Games\Guitar Hero III\nylon\Mods\GH3Deluxe\modinfo.json"...
00:54:30 INFO  [Nylon]: Loading...
00:54:30 INFO  [Nylon]: Found mod: gh3dx
00:54:30 INFO  [Nylon]: Finished loading mods.
00:54:30 INFO  [Nylon]: Finished Core Initialization!
00:54:31 INFO  [Nylon]: Expecting: "GH3Deluxe\pak\gh3dx.pak"
00:54:31 INFO  [Nylon]: Found it! Loading...
00:54:31 INFO  [Nylon]: Done!
00:54:32 INFO  [Nylon]: Hooking DirectX 9...
00:54:32 INFO  [Nylon]: Hooked function at address: 0x63116500
00:54:32 INFO  [Nylon]: Hooked function at address: 0x63116120
00:54:32 INFO  [Nylon]: Hooked function at address: 0x5942B040
00:54:32 ERROR [Nylon]: Failed to hook function at address: 0x5942B040 Error Code: 3
00:54:32 INFO  [Nylon]: Finished hooking DirectX 9.
00:54:32 INFO  [Nylon]: Hooked function at address: 0x5942C550
00:54:32 ERROR [Nylon]: Failed to hook function at address: 0x5942C550 Error Code: 3
00:54:32 INFO  [Nylon]: KeyboardSetCooperativeLevel -> 6
00:54:32 INFO  [Nylon]: KeyboardSetCooperativeLevel -> 5
00:54:34 INFO  [GH3]: {
00:54:34 INFO  [GH3]:   Unknown(0x69d0dfaf) (QTypeInt) : 3
00:54:34 INFO  [GH3]:   Unknown(0xd4c98794) (QTypeWString) : "CHECKING..."
00:54:34 INFO  [GH3]:   Unknown(0x26bf66f3) (QTypeQbStruct) : 
00:54:34 INFO  [GH3]: 	{
00:54:34 INFO  [GH3]: 	  Unknown(0xc4745838) (QTypeWString) : "Checking storage device..."
00:54:34 INFO  [GH3]: 	}
00:54:34 INFO  [GH3]: }
00:54:34 INFO  [GH3]: {
00:54:34 INFO  [GH3]:   Unknown(0x69d0dfaf) (QTypeInt) : 3
00:54:34 INFO  [GH3]:   Unknown(0x26bf66f3) (QTypeQbStruct) : 
00:54:34 INFO  [GH3]: 	{
00:54:34 INFO  [GH3]: 	  Unknown(0xc4745838) (QTypeWString) : "Game content is damaged and cannot be used. Do you want to delete this content? All progress within this save content will be lost."
00:54:34 INFO  [GH3]: 	  Unknown(0x34a68574) (QTypePair) : (800, 500)
00:54:34 INFO  [GH3]: 	  Unknown(0x7f261953) (QTypePair) : (640, 375)
00:54:34 INFO  [GH3]: 	  Unknown(0x13b9da7b) (QTypeFloat) : 0.5
00:54:34 INFO  [GH3]: 	}
00:54:34 INFO  [GH3]:   Unknown(0xe787d761) (QTypePair) : (640, 465)
00:54:34 INFO  [GH3]:   Unknown(0xad8a5a63) (QTypePair) : (256, 64)
00:54:34 INFO  [GH3]:   Unknown(0x2fca0578) (QTypeQbArray) : Type:"QTypeQbArray" Size:1117170160
00:54:34 INFO  [GH3]: }
00:54:34 INFO  [GH3]: {
00:54:34 INFO  [GH3]:   Unknown(0x69d0dfaf) (QTypeInt) : 3
00:54:34 INFO  [GH3]:   Unknown(0xd4c98794) (QTypeWString) : "SUCCESSFUL"
00:54:34 INFO  [GH3]:   Unknown(0x26bf66f3) (QTypeQbStruct) : 
00:54:34 INFO  [GH3]: 	{
00:54:34 INFO  [GH3]: 	  Unknown(0xc4745838) (QTypeWString) : "Load successful."
00:54:34 INFO  [GH3]: 	}
00:54:34 INFO  [GH3]: }
00:54:36 INFO  [GH3]: {
00:54:36 INFO  [GH3]:   Unknown(0x7323e97c) (QTypeQbArray) : Type:"QTypeQbArray" Size:1120782272
00:54:36 INFO  [GH3]: }
00:54:37 INFO  [GH3]: {
00:54:37 INFO  [GH3]:   Unknown(0x40c698af) (QTypeQbKey) : 0xfad85b3f
00:54:37 INFO  [GH3]: }
00:54:41 INFO  [GH3]: {
00:54:41 INFO  [GH3]:   Unknown(0x40c698af) (QTypeQbKey) : 0x9a17ba07
00:54:41 INFO  [GH3]: }
00:54:41 INFO  [GH3]: {
00:54:41 INFO  [GH3]:   Unknown(0x40c698af) (QTypeQbKey) : 0x7419db2b
00:54:41 INFO  [GH3]: }
00:54:41 INFO  [GH3]: {
00:54:41 INFO  [GH3]:   Unknown(0x40c698af) (QTypeQbKey) : 0x9d7a7e1e
00:54:41 INFO  [GH3]: }
00:54:41 INFO  [GH3]: {
00:54:41 INFO  [GH3]:   Unknown(0x40c698af) (QTypeQbKey) : 0x73741f32
00:54:41 INFO  [GH3]: }
00:54:41 INFO  [GH3]: {
00:54:41 INFO  [GH3]:   Unknown(0xb30d9965) (QTypeInt) : 0
00:54:41 INFO  [GH3]:   Unknown(0x40c698af) (QTypeQbKey) : 0x7f06f9a9
00:54:41 INFO  [GH3]: }
00:54:41 INFO  [GH3]: {
00:54:41 INFO  [GH3]:   Unknown(0xb30d9965) (QTypeInt) : 0
00:54:41 INFO  [GH3]:   Unknown(0x40c698af) (QTypeQbKey) : 0x91089885
00:54:41 INFO  [GH3]: }
00:54:41 INFO  [GH3]: {
00:54:41 INFO  [GH3]:   Unknown(0xb30d9965) (QTypeInt) : 0
00:54:41 INFO  [GH3]:   Unknown(0x40c698af) (QTypeQbKey) : 0x786b3db0
00:54:41 INFO  [GH3]: }
00:54:41 INFO  [GH3]: {
00:54:41 INFO  [GH3]:   Unknown(0xb30d9965) (QTypeInt) : 0
00:54:41 INFO  [GH3]:   Unknown(0x40c698af) (QTypeQbKey) : 0x96655c9c
00:54:41 INFO  [GH3]: }
00:54:41 INFO  [GH3]: {
00:54:41 INFO  [GH3]:   Unknown(0xb30d9965) (QTypeInt) : 0
00:54:41 INFO  [GH3]:   Unknown(0x40c698af) (QTypeQbKey) : 0x71dd719b
00:54:41 INFO  [GH3]: }
00:54:41 INFO  [GH3]: {
00:54:41 INFO  [GH3]:   Unknown(0xb30d9965) (QTypeInt) : 0
00:54:41 INFO  [GH3]:   Unknown(0x40c698af) (QTypeQbKey) : 0xaf0628d7
00:54:41 INFO  [GH3]: }
00:54:41 INFO  [GH3]: {
00:54:41 INFO  [GH3]:   Unknown(0xb30d9965) (QTypeInt) : 0
00:54:41 INFO  [GH3]:   Unknown(0x40c698af) (QTypeQbKey) : 0x410849fb
00:54:41 INFO  [GH3]: }
00:54:41 INFO  [GH3]: {
00:54:41 INFO  [GH3]:   Unknown(0xb30d9965) (QTypeInt) : 0
00:54:41 INFO  [GH3]:   Unknown(0x40c698af) (QTypeQbKey) : 0xa86becce
00:54:41 INFO  [GH3]: }
00:54:41 INFO  [GH3]: {
00:54:41 INFO  [GH3]:   Unknown(0xb30d9965) (QTypeInt) : 0
00:54:41 INFO  [GH3]:   Unknown(0x40c698af) (QTypeQbKey) : 0x46658de2
00:54:41 INFO  [GH3]: }
00:54:41 INFO  [GH3]: {
00:54:41 INFO  [GH3]:   Unknown(0xb30d9965) (QTypeInt) : 0
00:54:41 INFO  [GH3]:   Unknown(0x40c698af) (QTypeQbKey) : 0xa1dda0e5
00:54:42 INFO  [GH3]: }
00:54:42 INFO  [GH3]: {
00:54:42 INFO  [GH3]:   Unknown(0xb30d9965) (QTypeInt) : 0
00:54:42 INFO  [GH3]:   Unknown(0x40c698af) (QTypeQbKey) : 0xb61d1996
00:54:42 INFO  [GH3]: }
00:54:42 INFO  [GH3]: {
00:54:42 INFO  [GH3]:   Unknown(0xb30d9965) (QTypeInt) : 0
00:54:42 INFO  [GH3]:   Unknown(0x40c698af) (QTypeQbKey) : 0x581378ba
00:54:42 INFO  [GH3]: }
00:54:42 INFO  [GH3]: {
00:54:42 INFO  [GH3]:   Unknown(0xb30d9965) (QTypeInt) : 0
00:54:42 INFO  [GH3]:   Unknown(0x40c698af) (QTypeQbKey) : 0xb170dd8f
00:54:42 INFO  [GH3]: }
00:54:42 INFO  [GH3]: {
00:54:42 INFO  [GH3]:   Unknown(0xb30d9965) (QTypeInt) : 0
00:54:42 INFO  [GH3]:   Unknown(0x40c698af) (QTypeQbKey) : 0x5f7ebca3
00:54:42 INFO  [GH3]: }
00:54:42 INFO  [GH3]: {
00:54:42 INFO  [GH3]:   Unknown(0xb30d9965) (QTypeInt) : 0
00:54:42 INFO  [GH3]:   Unknown(0x40c698af) (QTypeQbKey) : 0xb8c691a4
00:54:42 INFO  [GH3]: }
00:54:42 INFO  [GH3]: {
00:54:42 INFO  [GH3]:   Unknown(0xb30d9965) (QTypeInt) : 0
00:54:42 INFO  [GH3]:   Unknown(0x40c698af) (QTypeQbKey) : 0x9d304a55
00:54:42 INFO  [GH3]: }
00:54:42 INFO  [GH3]: {
00:54:42 INFO  [GH3]:   Unknown(0xb30d9965) (QTypeInt) : 0
00:54:42 INFO  [GH3]:   Unknown(0x40c698af) (QTypeQbKey) : 0x733e2b79
00:54:42 INFO  [GH3]: }
00:54:42 INFO  [GH3]: {
00:54:42 INFO  [GH3]:   Unknown(0xb30d9965) (QTypeInt) : 0
00:54:42 INFO  [GH3]:   Unknown(0x40c698af) (QTypeQbKey) : 0x9a5d8e4c
00:54:42 INFO  [GH3]: }
00:54:45 INFO  [GH3]: {
00:54:45 INFO  [GH3]:   Unknown(0xb30d9965) (QTypeInt) : 0
00:54:45 INFO  [GH3]:   Unknown(0x40c698af) (QTypeQbKey) : 0x733e2b79
00:54:45 INFO  [GH3]: }
00:54:45 INFO  [GH3]: {
00:54:45 INFO  [GH3]:   Unknown(0xb30d9965) (QTypeInt) : 0
00:54:45 INFO  [GH3]:   Unknown(0x40c698af) (QTypeQbKey) : 0x9d304a55
00:54:45 INFO  [GH3]: }
00:54:45 INFO  [GH3]: {
00:54:45 INFO  [GH3]:   Unknown(0xb30d9965) (QTypeInt) : 0
00:54:45 INFO  [GH3]:   Unknown(0x40c698af) (QTypeQbKey) : 0xb8c691a4
00:54:45 INFO  [GH3]: }
00:54:46 INFO  [GH3]: {
00:54:46 INFO  [GH3]:   Unknown(0xb30d9965) (QTypeInt) : 0
00:54:46 INFO  [GH3]:   Unknown(0x40c698af) (QTypeQbKey) : 0x5f7ebca3
00:54:46 INFO  [GH3]: }
00:54:46 INFO  [GH3]: {
00:54:46 INFO  [GH3]:   Unknown(0xb30d9965) (QTypeInt) : 0
00:54:46 INFO  [GH3]:   Unknown(0x40c698af) (QTypeQbKey) : 0xb170dd8f
00:54:46 INFO  [GH3]: }
00:54:46 INFO  [GH3]: {
00:54:46 INFO  [GH3]:   Unknown(0xb30d9965) (QTypeInt) : 0
00:54:46 INFO  [GH3]:   Unknown(0x40c698af) (QTypeQbKey) : 0x581378ba
00:54:46 INFO  [GH3]: }
00:54:46 INFO  [GH3]: {
00:54:46 INFO  [GH3]:   Unknown(0xb30d9965) (QTypeInt) : 0
00:54:46 INFO  [GH3]:   Unknown(0x40c698af) (QTypeQbKey) : 0xb61d1996
00:54:46 INFO  [GH3]: }
00:54:46 INFO  [GH3]: {
00:54:46 INFO  [GH3]:   Unknown(0xb30d9965) (QTypeInt) : 0
00:54:46 INFO  [GH3]:   Unknown(0x40c698af) (QTypeQbKey) : 0xa1dda0e5
00:54:46 INFO  [GH3]: }
00:54:47 INFO  [GH3]: {
00:54:47 INFO  [GH3]:   Unknown(0xb30d9965) (QTypeInt) : 0
00:54:47 INFO  [GH3]:   Unknown(0x40c698af) (QTypeQbKey) : 0x46658de2
00:54:47 INFO  [GH3]: }
00:54:47 INFO  [GH3]: {
00:54:47 INFO  [GH3]:   Unknown(0xb30d9965) (QTypeInt) : 0
00:54:47 INFO  [GH3]:   Unknown(0x40c698af) (QTypeQbKey) : 0xa86becce
00:54:47 INFO  [GH3]: }
00:54:47 INFO  [GH3]: {
00:54:47 INFO  [GH3]:   Unknown(0xb30d9965) (QTypeInt) : 0
00:54:47 INFO  [GH3]:   Unknown(0x40c698af) (QTypeQbKey) : 0x410849fb
00:54:47 INFO  [GH3]: }
00:54:47 INFO  [GH3]: {
00:54:47 INFO  [GH3]:   Unknown(0xb30d9965) (QTypeInt) : 0
00:54:47 INFO  [GH3]:   Unknown(0x40c698af) (QTypeQbKey) : 0xaf0628d7
00:54:47 INFO  [GH3]: }
00:54:47 INFO  [GH3]: {
00:54:47 INFO  [GH3]:   Unknown(0xb30d9965) (QTypeInt) : 0
00:54:47 INFO  [GH3]:   Unknown(0x40c698af) (QTypeQbKey) : 0x71dd719b
00:54:47 INFO  [GH3]: }
00:54:47 INFO  [GH3]: {
00:54:47 INFO  [GH3]:   Unknown(0xb30d9965) (QTypeInt) : 0
00:54:47 INFO  [GH3]:   Unknown(0x40c698af) (QTypeQbKey) : 0x96655c9c
00:54:47 INFO  [GH3]: }
00:54:47 INFO  [GH3]: {
00:54:47 INFO  [GH3]:   Unknown(0xb30d9965) (QTypeInt) : 0
00:54:47 INFO  [GH3]:   Unknown(0x40c698af) (QTypeQbKey) : 0x786b3db0
00:54:47 INFO  [GH3]: }
00:54:47 INFO  [GH3]: {
00:54:47 INFO  [GH3]:   Unknown(0xb30d9965) (QTypeInt) : 0
00:54:47 INFO  [GH3]:   Unknown(0x40c698af) (QTypeQbKey) : 0x91089885
00:54:47 INFO  [GH3]: }
00:54:47 INFO  [GH3]: {
00:54:47 INFO  [GH3]:   Unknown(0xb30d9965) (QTypeInt) : 0
00:54:47 INFO  [GH3]:   Unknown(0x40c698af) (QTypeQbKey) : 0x7f06f9a9
00:54:47 INFO  [GH3]: }
00:54:47 INFO  [GH3]: {
00:54:47 INFO  [GH3]:   Unknown(0xb30d9965) (QTypeInt) : 0
00:54:47 INFO  [GH3]:   Unknown(0x40c698af) (QTypeQbKey) : 0x1fc1704c
00:54:47 INFO  [GH3]: }
00:54:48 INFO  [GH3]: {
00:54:48 INFO  [GH3]:   Unknown(0xb30d9965) (QTypeInt) : 0
00:54:48 INFO  [GH3]:   Unknown(0x40c698af) (QTypeQbKey) : 0x1fc1704c
00:54:48 INFO  [GH3]: }
00:54:48 INFO  [GH3]: {
00:54:48 INFO  [GH3]:   Unknown(0xb30d9965) (QTypeInt) : 0
00:54:48 INFO  [GH3]:   Unknown(0x40c698af) (QTypeQbKey) : 0x1fc1704c
00:54:48 INFO  [GH3]: }
00:54:48 INFO  [GH3]: {
00:54:48 INFO  [GH3]:   Unknown(0xb30d9965) (QTypeInt) : 0
00:54:48 INFO  [GH3]:   Unknown(0x40c698af) (QTypeQbKey) : 0x1fc1704c
00:54:48 INFO  [GH3]: }
00:54:49 INFO  [GH3]: {
00:54:49 INFO  [GH3]:   Unknown(0xb30d9965) (QTypeInt) : 0
00:54:49 INFO  [GH3]:   Unknown(0x40c698af) (QTypeQbKey) : 0x7f06f9a9
00:54:49 INFO  [GH3]: }
00:54:49 INFO  [GH3]: {
00:54:49 INFO  [GH3]:   Unknown(0xb30d9965) (QTypeInt) : 0
00:54:49 INFO  [GH3]:   Unknown(0x40c698af) (QTypeQbKey) : 0x91089885
00:54:49 INFO  [GH3]: }
00:54:49 INFO  [GH3]: {
00:54:49 INFO  [GH3]:   Unknown(0xb30d9965) (QTypeInt) : 0
00:54:49 INFO  [GH3]:   Unknown(0x40c698af) (QTypeQbKey) : 0x786b3db0
00:54:49 INFO  [GH3]: }
00:54:49 INFO  [GH3]: {
00:54:49 INFO  [GH3]:   Unknown(0xb30d9965) (QTypeInt) : 0
00:54:49 INFO  [GH3]:   Unknown(0x40c698af) (QTypeQbKey) : 0x96655c9c
00:54:49 INFO  [GH3]: }
00:54:49 INFO  [GH3]: {
00:54:49 INFO  [GH3]:   Unknown(0xb30d9965) (QTypeInt) : 0
00:54:49 INFO  [GH3]:   Unknown(0x40c698af) (QTypeQbKey) : 0x71dd719b
00:54:49 INFO  [GH3]: }
00:54:49 INFO  [GH3]: {
00:54:49 INFO  [GH3]:   Unknown(0xb30d9965) (QTypeInt) : 0
00:54:49 INFO  [GH3]:   Unknown(0x40c698af) (QTypeQbKey) : 0xaf0628d7
00:54:49 INFO  [GH3]: }
00:54:49 INFO  [GH3]: {
00:54:49 INFO  [GH3]:   Unknown(0xb30d9965) (QTypeInt) : 0
00:54:49 INFO  [GH3]:   Unknown(0x40c698af) (QTypeQbKey) : 0x410849fb
00:54:49 INFO  [GH3]: }
00:54:49 INFO  [GH3]: {
00:54:49 INFO  [GH3]:   Unknown(0xb30d9965) (QTypeInt) : 0
00:54:49 INFO  [GH3]:   Unknown(0x40c698af) (QTypeQbKey) : 0xa86becce
00:54:49 INFO  [GH3]: }
00:54:50 INFO  [GH3]: {
00:54:50 INFO  [GH3]:   Unknown(0xb30d9965) (QTypeInt) : 0
00:54:50 INFO  [GH3]:   Unknown(0x40c698af) (QTypeQbKey) : 0x46658de2
00:54:50 INFO  [GH3]: }
00:54:50 INFO  [GH3]: {
00:54:50 INFO  [GH3]:   Unknown(0xb30d9965) (QTypeInt) : 0
00:54:50 INFO  [GH3]:   Unknown(0x40c698af) (QTypeQbKey) : 0xa1dda0e5
00:54:50 INFO  [GH3]: }
00:54:50 INFO  [GH3]: {
00:54:50 INFO  [GH3]:   Unknown(0xb30d9965) (QTypeInt) : 0
00:54:50 INFO  [GH3]:   Unknown(0x40c698af) (QTypeQbKey) : 0xb61d1996
00:54:50 INFO  [GH3]: }
00:54:50 INFO  [GH3]: {
00:54:50 INFO  [GH3]:   Unknown(0xb30d9965) (QTypeInt) : 0
00:54:50 INFO  [GH3]:   Unknown(0x40c698af) (QTypeQbKey) : 0x581378ba
00:54:50 INFO  [GH3]: }
00:54:50 INFO  [GH3]: {
00:54:50 INFO  [GH3]:   Unknown(0xb30d9965) (QTypeInt) : 0
00:54:50 INFO  [GH3]:   Unknown(0x40c698af) (QTypeQbKey) : 0xb170dd8f
00:54:50 INFO  [GH3]: }
00:54:50 INFO  [GH3]: {
00:54:50 INFO  [GH3]:   Unknown(0xb30d9965) (QTypeInt) : 0
00:54:50 INFO  [GH3]:   Unknown(0x40c698af) (QTypeQbKey) : 0x5f7ebca3
00:54:50 INFO  [GH3]: }
00:54:50 INFO  [GH3]: {
00:54:50 INFO  [GH3]:   Unknown(0xb30d9965) (QTypeInt) : 0
00:54:50 INFO  [GH3]:   Unknown(0x40c698af) (QTypeQbKey) : 0xb8c691a4
00:54:50 INFO  [GH3]: }
00:54:50 INFO  [GH3]: {
00:54:50 INFO  [GH3]:   Unknown(0xb30d9965) (QTypeInt) : 0
00:54:50 INFO  [GH3]:   Unknown(0x40c698af) (QTypeQbKey) : 0x9d304a55
00:54:50 INFO  [GH3]: }
00:54:50 INFO  [GH3]: {
00:54:50 INFO  [GH3]:   Unknown(0xb30d9965) (QTypeInt) : 0
00:54:50 INFO  [GH3]:   Unknown(0x40c698af) (QTypeQbKey) : 0x733e2b79
00:54:50 INFO  [GH3]: }
00:54:50 INFO  [GH3]: {
00:54:50 INFO  [GH3]:   Unknown(0xb30d9965) (QTypeInt) : 0
00:54:50 INFO  [GH3]:   Unknown(0x40c698af) (QTypeQbKey) : 0x9a5d8e4c
00:54:50 INFO  [GH3]: }
00:54:51 INFO  [GH3]: {
00:54:51 INFO  [GH3]:   Unknown(0xb30d9965) (QTypeInt) : 0
00:54:51 INFO  [GH3]:   Unknown(0x40c698af) (QTypeQbKey) : 0x7453ef60
00:54:51 INFO  [GH3]: }
00:54:51 INFO  [GH3]: {
00:54:51 INFO  [GH3]:   Unknown(0xb30d9965) (QTypeInt) : 0
00:54:51 INFO  [GH3]:   Unknown(0x40c698af) (QTypeQbKey) : 0x354dff6
00:54:51 INFO  [GH3]: }
00:54:51 INFO  [GH3]: {
00:54:51 INFO  [GH3]:   Unknown(0xb30d9965) (QTypeInt) : 0
00:54:51 INFO  [GH3]:   Unknown(0x40c698af) (QTypeQbKey) : 0x354dff6
00:54:51 INFO  [GH3]: }
00:54:51 INFO  [GH3]: {
00:54:51 INFO  [GH3]:   Unknown(0xb30d9965) (QTypeInt) : 0
00:54:51 INFO  [GH3]:   Unknown(0x40c698af) (QTypeQbKey) : 0x354dff6
00:54:51 INFO  [GH3]: }
00:54:51 INFO  [GH3]: {
00:54:51 INFO  [GH3]:   Unknown(0xb30d9965) (QTypeInt) : 0
00:54:51 INFO  [GH3]:   Unknown(0x40c698af) (QTypeQbKey) : 0x354dff6
00:54:51 INFO  [GH3]: }
00:54:52 INFO  [GH3]: {
00:54:52 INFO  [GH3]:   Unknown(0xb30d9965) (QTypeInt) : 0
00:54:52 INFO  [GH3]:   Unknown(0x40c698af) (QTypeQbKey) : 0xed5abeda
00:54:52 INFO  [GH3]: }
00:54:52 INFO  [GH3]: {
00:54:52 INFO  [GH3]:   Unknown(0xb30d9965) (QTypeInt) : 0
00:54:52 INFO  [GH3]:   Unknown(0x40c698af) (QTypeQbKey) : 0x4391bef
00:54:52 INFO  [GH3]: }
00:54:52 INFO  [GH3]: {
00:54:52 INFO  [GH3]:   Unknown(0xb30d9965) (QTypeInt) : 0
00:54:52 INFO  [GH3]:   Unknown(0x40c698af) (QTypeQbKey) : 0xea377ac3
00:54:52 INFO  [GH3]: }
00:54:52 INFO  [GH3]: {
00:54:52 INFO  [GH3]:   Unknown(0xb30d9965) (QTypeInt) : 0
00:54:52 INFO  [GH3]:   Unknown(0x40c698af) (QTypeQbKey) : 0xcfc1a132
00:54:52 INFO  [GH3]: }
00:54:52 INFO  [GH3]: {
00:54:52 INFO  [GH3]:   Unknown(0xb30d9965) (QTypeInt) : 0
00:54:52 INFO  [GH3]:   Unknown(0x40c698af) (QTypeQbKey) : 0x28798c35
00:54:52 INFO  [GH3]: }
00:54:52 INFO  [GH3]: {
00:54:52 INFO  [GH3]:   Unknown(0xb30d9965) (QTypeInt) : 0
00:54:52 INFO  [GH3]:   Unknown(0x40c698af) (QTypeQbKey) : 0xc677ed19
00:54:52 INFO  [GH3]: }
00:54:52 INFO  [GH3]: {
00:54:52 INFO  [GH3]:   Unknown(0xb30d9965) (QTypeInt) : 0
00:54:52 INFO  [GH3]:   Unknown(0x40c698af) (QTypeQbKey) : 0x2f14482c
00:54:52 INFO  [GH3]: }
00:54:52 INFO  [GH3]: {
00:54:52 INFO  [GH3]:   Unknown(0xb30d9965) (QTypeInt) : 0
00:54:52 INFO  [GH3]:   Unknown(0x40c698af) (QTypeQbKey) : 0xc11a2900
00:54:52 INFO  [GH3]: }
00:54:52 INFO  [GH3]: {
00:54:52 INFO  [GH3]:   Unknown(0xb30d9965) (QTypeInt) : 0
00:54:52 INFO  [GH3]:   Unknown(0x40c698af) (QTypeQbKey) : 0xd6da9073
00:54:52 INFO  [GH3]: }
00:54:52 INFO  [GH3]: {
00:54:52 INFO  [GH3]:   Unknown(0xb30d9965) (QTypeInt) : 0
00:54:52 INFO  [GH3]:   Unknown(0x40c698af) (QTypeQbKey) : 0x3162bd74
00:54:52 INFO  [GH3]: }
00:54:53 INFO  [GH3]: {
00:54:53 INFO  [GH3]:   Unknown(0xb30d9965) (QTypeInt) : 0
00:54:53 INFO  [GH3]:   Unknown(0x40c698af) (QTypeQbKey) : 0xdf6cdc58
00:54:53 INFO  [GH3]: }
00:54:53 INFO  [GH3]: {
00:54:53 INFO  [GH3]:   Unknown(0xb30d9965) (QTypeInt) : 0
00:54:53 INFO  [GH3]:   Unknown(0x40c698af) (QTypeQbKey) : 0x360f796d
00:54:53 INFO  [GH3]: }
00:54:53 INFO  [GH3]: {
00:54:53 INFO  [GH3]:   Unknown(0xb30d9965) (QTypeInt) : 0
00:54:53 INFO  [GH3]:   Unknown(0x40c698af) (QTypeQbKey) : 0xd8011841
00:54:53 INFO  [GH3]: }
00:54:53 INFO  [GH3]: {
00:54:53 INFO  [GH3]:   Unknown(0xb30d9965) (QTypeInt) : 0
00:54:53 INFO  [GH3]:   Unknown(0x40c698af) (QTypeQbKey) : 0x6da410d
00:54:53 INFO  [GH3]: }
00:54:53 INFO  [GH3]: {
00:54:53 INFO  [GH3]:   Unknown(0xb30d9965) (QTypeInt) : 0
00:54:53 INFO  [GH3]:   Unknown(0x40c698af) (QTypeQbKey) : 0xe1626c0a
00:54:53 INFO  [GH3]: }
00:54:53 INFO  [GH3]: {
00:54:53 INFO  [GH3]:   Unknown(0xb30d9965) (QTypeInt) : 0
00:54:53 INFO  [GH3]:   Unknown(0x40c698af) (QTypeQbKey) : 0xf6c0d26
00:54:53 INFO  [GH3]: }
00:54:53 INFO  [GH3]: {
00:54:53 INFO  [GH3]:   Unknown(0xb30d9965) (QTypeInt) : 0
00:54:53 INFO  [GH3]:   Unknown(0x40c698af) (QTypeQbKey) : 0xe60fa813
00:54:53 INFO  [GH3]: }
00:54:53 INFO  [GH3]: {
00:54:53 INFO  [GH3]:   Unknown(0xb30d9965) (QTypeInt) : 0
00:54:53 INFO  [GH3]:   Unknown(0x40c698af) (QTypeQbKey) : 0x801c93f
00:54:53 INFO  [GH3]: }
00:54:53 INFO  [GH3]: {
00:54:53 INFO  [GH3]:   Unknown(0xb30d9965) (QTypeInt) : 0
00:54:53 INFO  [GH3]:   Unknown(0x40c698af) (QTypeQbKey) : 0x1fc1704c
00:54:53 INFO  [GH3]: }
00:54:53 INFO  [GH3]: {
00:54:53 INFO  [GH3]:   Unknown(0xb30d9965) (QTypeInt) : 0
00:54:53 INFO  [GH3]:   Unknown(0x40c698af) (QTypeQbKey) : 0x1fc1704c
00:54:53 INFO  [GH3]: }
00:54:54 INFO  [GH3]: {
00:54:54 INFO  [GH3]:   Unknown(0xb30d9965) (QTypeInt) : 0
00:54:54 INFO  [GH3]:   Unknown(0x40c698af) (QTypeQbKey) : 0x1fc1704c
00:54:54 INFO  [GH3]: }
00:54:54 INFO  [GH3]: {
00:54:54 INFO  [GH3]:   Unknown(0xb30d9965) (QTypeInt) : 0
00:54:54 INFO  [GH3]:   Unknown(0x40c698af) (QTypeQbKey) : 0x1fc1704c
00:54:54 INFO  [GH3]: }
00:54:54 INFO  [GH3]: {
00:54:54 INFO  [GH3]:   Unknown(0xb30d9965) (QTypeInt) : 0
00:54:54 INFO  [GH3]:   Unknown(0x40c698af) (QTypeQbKey) : 0x1fc1704c
00:54:54 INFO  [GH3]: }
00:55:00 INFO  [GH3]: {
00:55:00 INFO  [GH3]:   Unknown(0x40c698af) (QTypeQbKey) : 0xed108a91
00:55:00 INFO  [GH3]: }
00:55:00 INFO  [GH3]: {
00:55:00 INFO  [GH3]:   Unknown(0x40c698af) (QTypeQbKey) : 0x31eebbd
00:55:00 INFO  [GH3]: }
00:55:00 INFO  [GH3]: {
00:55:00 INFO  [GH3]:   Unknown(0x40c698af) (QTypeQbKey) : 0xea7d4e88
00:55:00 INFO  [GH3]: }
00:55:00 INFO  [GH3]: {
00:55:00 INFO  [GH3]:   Unknown(0x40c698af) (QTypeQbKey) : 0x4732fa4
00:55:00 INFO  [GH3]: }
00:55:02 INFO  [GH3]: {
00:55:02 INFO  [GH3]:   Unknown(0xb30d9965) (QTypeInt) : 0
00:55:02 INFO  [GH3]:   Unknown(0x40c698af) (QTypeQbKey) : 0xb5be6757
00:55:02 INFO  [GH3]: }
00:55:03 INFO  [GH3]: {
00:55:03 INFO  [GH3]:   Unknown(0x40c698af) (QTypeQbKey) : 0x54b037a4
00:55:03 INFO  [GH3]:   Unknown(0xcce57b1a) (QTypePair) : (512, 93)
00:55:03 INFO  [GH3]:   Unknown(0x3b15bf22) (QTypePair) : (190, 53)
00:55:03 INFO  [GH3]: }
00:55:04 INFO  [GH3]: {
00:55:04 INFO  [GH3]:   Unknown(0x40c698af) (QTypeQbKey) : 0xbabe5688
00:55:04 INFO  [GH3]:   Unknown(0xcce57b1a) (QTypePair) : (508, 178)
00:55:04 INFO  [GH3]:   Unknown(0x3b15bf22) (QTypePair) : (192, 52)
00:55:04 INFO  [GH3]: }
00:55:04 INFO  [GH3]: {
00:55:04 INFO  [GH3]:   Unknown(0x40c698af) (QTypeQbKey) : 0x53ddf3bd
00:55:04 INFO  [GH3]:   Unknown(0xcce57b1a) (QTypePair) : (500, 258)
00:55:04 INFO  [GH3]:   Unknown(0x3b15bf22) (QTypePair) : (186, 38)
00:55:04 INFO  [GH3]: }
00:55:04 INFO  [GH3]: {
00:55:04 INFO  [GH3]:   Unknown(0x40c698af) (QTypeQbKey) : 0xbdd39291
00:55:04 INFO  [GH3]:   Unknown(0xcce57b1a) (QTypePair) : (500, 348)
00:55:04 INFO  [GH3]:   Unknown(0x3b15bf22) (QTypePair) : (190, 50)
00:55:04 INFO  [GH3]: }
00:55:04 INFO  [GH3]: {
00:55:04 INFO  [GH3]:   Unknown(0x40c698af) (QTypeQbKey) : 0x5a6bbf96
00:55:04 INFO  [GH3]:   Unknown(0xcce57b1a) (QTypePair) : (491, 436)
00:55:04 INFO  [GH3]:   Unknown(0x3b15bf22) (QTypePair) : (185, 35)
00:55:04 INFO  [GH3]: }
00:55:04 INFO  [GH3]: {
00:55:04 INFO  [GH3]:   Unknown(0x40c698af) (QTypeQbKey) : 0x8031d7fc
00:55:04 INFO  [GH3]:   Unknown(0xcce57b1a) (QTypePair) : (488, 521)
00:55:04 INFO  [GH3]:   Unknown(0x3b15bf22) (QTypePair) : (185, 40)
00:55:04 INFO  [GH3]: }
00:55:05 INFO  [GH3]: {
00:55:05 INFO  [GH3]:   Unknown(0x40c698af) (QTypeQbKey) : 0x5a6bbf96
00:55:05 INFO  [GH3]:   Unknown(0xcce57b1a) (QTypePair) : (491, 436)
00:55:05 INFO  [GH3]:   Unknown(0x3b15bf22) (QTypePair) : (185, 35)
00:55:05 INFO  [GH3]: }
00:55:06 INFO  [GH3]: {
00:55:06 INFO  [GH3]:   Unknown(0x40c698af) (QTypeQbKey) : 0xbdd39291
00:55:06 INFO  [GH3]:   Unknown(0xcce57b1a) (QTypePair) : (500, 348)
00:55:06 INFO  [GH3]:   Unknown(0x3b15bf22) (QTypePair) : (190, 50)
00:55:06 INFO  [GH3]: }
00:55:06 INFO  [GH3]: {
00:55:06 INFO  [GH3]:   Unknown(0x40c698af) (QTypeQbKey) : 0x53ddf3bd
00:55:06 INFO  [GH3]:   Unknown(0xcce57b1a) (QTypePair) : (500, 258)
00:55:06 INFO  [GH3]:   Unknown(0x3b15bf22) (QTypePair) : (186, 38)
00:55:06 INFO  [GH3]: }
00:55:06 INFO  [GH3]: {
00:55:06 INFO  [GH3]:   Unknown(0x40c698af) (QTypeQbKey) : 0xbabe5688
00:55:06 INFO  [GH3]:   Unknown(0xcce57b1a) (QTypePair) : (508, 178)
00:55:06 INFO  [GH3]:   Unknown(0x3b15bf22) (QTypePair) : (192, 52)
00:55:06 INFO  [GH3]: }
00:55:07 INFO  [GH3]: {
00:55:07 INFO  [GH3]:   Unknown(0x40c698af) (QTypeQbKey) : 0xbabe5688
00:55:07 INFO  [GH3]:   Unknown(0xcce57b1a) (QTypePair) : (508, 178)
00:55:07 INFO  [GH3]:   Unknown(0x3b15bf22) (QTypePair) : (192, 52)
00:55:07 INFO  [GH3]: }
00:55:07 INFO  [GH3]: {
00:55:07 INFO  [GH3]:   Unknown(0x40c698af) (QTypeQbKey) : 0x53ddf3bd
00:55:07 INFO  [GH3]:   Unknown(0xcce57b1a) (QTypePair) : (500, 258)
00:55:07 INFO  [GH3]:   Unknown(0x3b15bf22) (QTypePair) : (186, 38)
00:55:07 INFO  [GH3]: }
00:55:09 INFO  [GH3]: {
00:55:09 INFO  [GH3]:   Unknown(0xb30d9965) (QTypeInt) : 0
00:55:09 INFO  [GH3]:   Unknown(0x40c698af) (QTypeQbKey) : 0xe5098013
00:55:09 INFO  [GH3]: }
00:55:10 INFO  [GH3]: {
00:55:10 INFO  [GH3]:   Unknown(0xb30d9965) (QTypeInt) : 0
00:55:10 INFO  [GH3]:   Unknown(0x40c698af) (QTypeQbKey) : 0x8d57e81a
00:55:10 INFO  [GH3]: }
00:55:30 INFO  [GH3]: {
00:55:30 INFO  [GH3]:   Unknown(0xb30d9965) (QTypeInt) : 0
00:55:30 INFO  [GH3]:   Unknown(0x40c698af) (QTypeQbKey) : 0xf7bc2ffd
00:55:30 INFO  [GH3]: }
00:55:32 INFO  [GH3]: {
00:55:32 INFO  [GH3]:   Unknown(0x7323e97c) (QTypeQbArray) : Type:"QTypeQbArray" Size:1120804480
00:55:32 INFO  [GH3]: }
00:55:33 INFO  [GH3]: {
00:55:33 INFO  [GH3]:   Unknown(0x40c698af) (QTypeQbKey) : 0x6f0ffa84
00:55:33 INFO  [GH3]: }
00:55:34 INFO  [GH3]: {
00:55:34 INFO  [GH3]:   Unknown(0x40c698af) (QTypeQbKey) : 0xed108a91
00:55:34 INFO  [GH3]: }
00:55:34 INFO  [GH3]: {
00:55:34 INFO  [GH3]:   Unknown(0x40c698af) (QTypeQbKey) : 0x31eebbd
00:55:34 INFO  [GH3]: }
00:55:34 INFO  [GH3]: {
00:55:34 INFO  [GH3]:   Unknown(0x40c698af) (QTypeQbKey) : 0xea7d4e88
00:55:34 INFO  [GH3]: }
00:55:34 INFO  [GH3]: {
00:55:34 INFO  [GH3]:   Unknown(0x40c698af) (QTypeQbKey) : 0x4732fa4
00:55:34 INFO  [GH3]: }
00:55:34 INFO  [GH3]: {
00:55:34 INFO  [GH3]:   Unknown(0xb30d9965) (QTypeInt) : 0
00:55:34 INFO  [GH3]:   Unknown(0x40c698af) (QTypeQbKey) : 0x7410290a
00:55:34 INFO  [GH3]: }
00:55:34 INFO  [GH3]: {
00:55:34 INFO  [GH3]:   Unknown(0xb30d9965) (QTypeInt) : 0
00:55:34 INFO  [GH3]:   Unknown(0x40c698af) (QTypeQbKey) : 0x9a1e4826
00:55:34 INFO  [GH3]: }
00:55:34 INFO  [GH3]: {
00:55:34 INFO  [GH3]:   Unknown(0xb30d9965) (QTypeInt) : 0
00:55:34 INFO  [GH3]:   Unknown(0x40c698af) (QTypeQbKey) : 0x7da66521
00:55:34 INFO  [GH3]: }
00:55:34 INFO  [GH3]: {
00:55:34 INFO  [GH3]:   Unknown(0xb30d9965) (QTypeInt) : 0
00:55:34 INFO  [GH3]:   Unknown(0x40c698af) (QTypeQbKey) : 0x5850bed0
00:55:34 INFO  [GH3]: }
00:55:34 INFO  [GH3]: {
00:55:34 INFO  [GH3]:   Unknown(0xb30d9965) (QTypeInt) : 0
00:55:34 INFO  [GH3]:   Unknown(0x40c698af) (QTypeQbKey) : 0xb65edffc
00:55:34 INFO  [GH3]: }
00:55:34 INFO  [GH3]: {
00:55:34 INFO  [GH3]:   Unknown(0xb30d9965) (QTypeInt) : 0
00:55:34 INFO  [GH3]:   Unknown(0x40c698af) (QTypeQbKey) : 0x5f3d7ac9
00:55:34 INFO  [GH3]: }
00:55:34 INFO  [GH3]: {
00:55:34 INFO  [GH3]:   Unknown(0xb30d9965) (QTypeInt) : 0
00:55:34 INFO  [GH3]:   Unknown(0x40c698af) (QTypeQbKey) : 0xb1331be5
00:55:34 INFO  [GH3]: }
00:55:34 INFO  [GH3]: {
00:55:34 INFO  [GH3]:   Unknown(0xb30d9965) (QTypeInt) : 0
00:55:34 INFO  [GH3]:   Unknown(0x40c698af) (QTypeQbKey) : 0x568b36e2
00:55:34 INFO  [GH3]: }
00:55:34 INFO  [GH3]: {
00:55:34 INFO  [GH3]:   Unknown(0xb30d9965) (QTypeInt) : 0
00:55:34 INFO  [GH3]:   Unknown(0x40c698af) (QTypeQbKey) : 0x414b8f91
00:55:34 INFO  [GH3]: }
00:55:34 INFO  [GH3]: {
00:55:34 INFO  [GH3]:   Unknown(0xb30d9965) (QTypeInt) : 0
00:55:34 INFO  [GH3]:   Unknown(0x40c698af) (QTypeQbKey) : 0xaf45eebd
00:55:34 INFO  [GH3]: }
00:55:34 INFO  [GH3]: {
00:55:34 INFO  [GH3]:   Unknown(0xb30d9965) (QTypeInt) : 0
00:55:34 INFO  [GH3]:   Unknown(0x40c698af) (QTypeQbKey) : 0x46264b88
00:55:34 INFO  [GH3]: }
00:55:34 INFO  [GH3]: {
00:55:34 INFO  [GH3]:   Unknown(0xb30d9965) (QTypeInt) : 0
00:55:34 INFO  [GH3]:   Unknown(0x40c698af) (QTypeQbKey) : 0xa8282aa4
00:55:34 INFO  [GH3]: }
00:55:34 INFO  [GH3]: {
00:55:34 INFO  [GH3]:   Unknown(0xb30d9965) (QTypeInt) : 0
00:55:34 INFO  [GH3]:   Unknown(0x40c698af) (QTypeQbKey) : 0x4f9007a3
00:55:34 INFO  [GH3]: }
00:55:34 INFO  [GH3]: {
00:55:34 INFO  [GH3]:   Unknown(0xb30d9965) (QTypeInt) : 0
00:55:34 INFO  [GH3]:   Unknown(0x40c698af) (QTypeQbKey) : 0xe0a1956
00:55:34 INFO  [GH3]: }
00:55:34 INFO  [GH3]: {
00:55:34 INFO  [GH3]:   Unknown(0xb30d9965) (QTypeInt) : 0
00:55:34 INFO  [GH3]:   Unknown(0x40c698af) (QTypeQbKey) : 0xe004787a
00:55:34 INFO  [GH3]: }
00:55:34 INFO  [GH3]: {
00:55:34 INFO  [GH3]:   Unknown(0xb30d9965) (QTypeInt) : 0
00:55:34 INFO  [GH3]:   Unknown(0x40c698af) (QTypeQbKey) : 0x967dd4f
00:55:34 INFO  [GH3]: }
00:55:34 INFO  [GH3]: {
00:55:34 INFO  [GH3]:   Unknown(0xb30d9965) (QTypeInt) : 0
00:55:34 INFO  [GH3]:   Unknown(0x40c698af) (QTypeQbKey) : 0xe769bc63
00:55:34 INFO  [GH3]: }
