00:55:44 INFO  [Nylon]: Wine was not detected. Assuming we are running on a Windows NT OS Please report this if this detection is an error.
00:55:44 INFO  [Nylon]: Minhook initialized!
00:55:44 INFO  [Nylon]: Setting up default hooks...
00:55:44 INFO  [Nylon]: Hooked function at address: 0x770689E0
00:55:44 INFO  [Nylon]: Hooked function at address: 0x77068320
00:55:44 INFO  [Nylon]: Hooked function at address: 0x77062520
00:55:44 INFO  [Nylon]: Hooked function at address: 0x00530970
00:55:45 INFO  [Nylon]: Hooked function at address: 0x00530940
00:55:45 INFO  [Nylon]: Hooked function at address: 0x004A1780
00:55:45 INFO  [Nylon]: Hooked function at address: 0x00472B50
00:55:45 INFO  [Nylon]: Hooked function at address: 0x0057B940
00:55:45 INFO  [Nylon]: Hooked function at address: 0x00601D30
00:55:45 INFO  [Nylon]: Hooked function at address: 0x0047DFA0
00:55:45 INFO  [Nylon]: Hooked function at address: 0x0057AE20
00:55:45 INFO  [Nylon]: Hooked function at address: 0x00D94EE8
00:55:45 INFO  [Nylon]: Hooked function at address: 0x004A6820
00:55:45 INFO  [Nylon]: Hooked function at address: 0x0047E5B0
00:55:45 INFO  [Nylon]: Finished setting up default hooks.
00:55:45 INFO  [Nylon]: Loading mods...
00:55:45 INFO  [Nylon]: Loading mods from: "C:\Games\Guitar Hero III\nylon\Mods"
00:55:45 INFO  [Nylon]: Checking for: "C:\Games\Guitar Hero III\nylon\Mods\GH3Deluxe\modinfo.json"...
00:55:45 INFO  [Nylon]: Loading...
00:55:45 INFO  [Nylon]: Found mod: gh3dx
00:55:45 INFO  [Nylon]: Finished loading mods.
00:55:45 INFO  [Nylon]: Finished Core Initialization!
00:55:45 INFO  [Nylon]: Expecting: "GH3Deluxe\pak\gh3dx.pak"
00:55:45 INFO  [Nylon]: Found it! Loading...
00:55:45 INFO  [Nylon]: Done!
00:55:46 INFO  [Nylon]: Hooking DirectX 9...
00:55:46 INFO  [Nylon]: Hooked function at address: 0x63116500
00:55:46 INFO  [Nylon]: Hooked function at address: 0x63116120
00:55:46 INFO  [Nylon]: Hooked function at address: 0x5942B040
00:55:46 ERROR [Nylon]: Failed to hook function at address: 0x5942B040 Error Code: 3
00:55:46 INFO  [Nylon]: Finished hooking DirectX 9.
00:55:46 INFO  [Nylon]: Hooked function at address: 0x5942C550
00:55:46 ERROR [Nylon]: Failed to hook function at address: 0x5942C550 Error Code: 3
00:55:46 INFO  [Nylon]: KeyboardSetCooperativeLevel -> 6
00:55:46 INFO  [Nylon]: KeyboardSetCooperativeLevel -> 5
00:55:48 INFO  [GH3]: {
00:55:48 INFO  [GH3]:   Unknown(0x69d0dfaf) (QTypeInt) : 3
00:55:48 INFO  [GH3]:   Unknown(0xd4c98794) (QTypeWString) : "CHECKING..."
00:55:48 INFO  [GH3]:   Unknown(0x26bf66f3) (QTypeQbStruct) : 
00:55:48 INFO  [GH3]: 	{
00:55:48 INFO  [GH3]: 	  Unknown(0xc4745838) (QTypeWString) : "Checking storage device..."
00:55:48 INFO  [GH3]: 	}
00:55:48 INFO  [GH3]: }
00:55:48 INFO  [GH3]: {
00:55:48 INFO  [GH3]:   Unknown(0x69d0dfaf) (QTypeInt) : 3
00:55:48 INFO  [GH3]:   Unknown(0x26bf66f3) (QTypeQbStruct) : 
00:55:48 INFO  [GH3]: 	{
00:55:48 INFO  [GH3]: 	  Unknown(0xc4745838) (QTypeWString) : "Game content is damaged and cannot be used. Do you want to delete this content? All progress within this save content will be lost."
00:55:48 INFO  [GH3]: 	  Unknown(0x34a68574) (QTypePair) : (800, 500)
00:55:48 INFO  [GH3]: 	  Unknown(0x7f261953) (QTypePair) : (640, 375)
00:55:48 INFO  [GH3]: 	  Unknown(0x13b9da7b) (QTypeFloat) : 0.5
00:55:48 INFO  [GH3]: 	}
00:55:48 INFO  [GH3]:   Unknown(0xe787d761) (QTypePair) : (640, 465)
00:55:48 INFO  [GH3]:   Unknown(0xad8a5a63) (QTypePair) : (256, 64)
00:55:48 INFO  [GH3]:   Unknown(0x2fca0578) (QTypeQbArray) : Type:"QTypeQbArray" Size:1117236336
00:55:48 INFO  [GH3]: }
00:55:48 INFO  [GH3]: {
00:55:48 INFO  [GH3]:   Unknown(0x69d0dfaf) (QTypeInt) : 3
00:55:48 INFO  [GH3]:   Unknown(0xd4c98794) (QTypeWString) : "SUCCESSFUL"
00:55:48 INFO  [GH3]:   Unknown(0x26bf66f3) (QTypeQbStruct) : 
00:55:48 INFO  [GH3]: 	{
00:55:48 INFO  [GH3]: 	  Unknown(0xc4745838) (QTypeWString) : "Load successful."
00:55:48 INFO  [GH3]: 	}
00:55:48 INFO  [GH3]: }
00:55:50 INFO  [GH3]: {
00:55:50 INFO  [GH3]:   Unknown(0x7323e97c) (QTypeQbArray) : Type:"QTypeQbArray" Size:1120879008
00:55:50 INFO  [GH3]: }
00:55:50 INFO  [GH3]: {
00:55:50 INFO  [GH3]:   Unknown(0xb30d9965) (QTypeInt) : 0
00:55:50 INFO  [GH3]:   Unknown(0x40c698af) (QTypeQbKey) : 0xd00b98
00:55:50 INFO  [GH3]: }
00:55:54 INFO  [GH3]: {
00:55:54 INFO  [GH3]:   Unknown(0x40c698af) (QTypeQbKey) : 0xfad85b3f
00:55:54 INFO  [GH3]: }
00:55:54 INFO  [GH3]: {
00:55:54 INFO  [GH3]:   Unknown(0x40c698af) (QTypeQbKey) : 0xed108a91
00:55:54 INFO  [GH3]: }
00:55:54 INFO  [GH3]: {
00:55:54 INFO  [GH3]:   Unknown(0x40c698af) (QTypeQbKey) : 0x31eebbd
00:55:54 INFO  [GH3]: }
00:55:54 INFO  [GH3]: {
00:55:54 INFO  [GH3]:   Unknown(0x40c698af) (QTypeQbKey) : 0xea7d4e88
00:55:54 INFO  [GH3]: }
00:55:54 INFO  [GH3]: {
00:55:54 INFO  [GH3]:   Unknown(0x40c698af) (QTypeQbKey) : 0x4732fa4
00:55:54 INFO  [GH3]: }
00:55:55 INFO  [GH3]: {
00:55:55 INFO  [GH3]:   Unknown(0xb30d9965) (QTypeInt) : 0
00:55:55 INFO  [GH3]:   Unknown(0x40c698af) (QTypeQbKey) : 0x29bbe602
00:55:55 INFO  [GH3]: }
00:55:55 INFO  [GH3]: {
00:55:55 INFO  [GH3]:   Unknown(0xb30d9965) (QTypeInt) : 0
00:55:55 INFO  [GH3]:   Unknown(0x40c698af) (QTypeQbKey) : 0xce03cb05
00:55:55 INFO  [GH3]: }
00:55:55 INFO  [GH3]: {
00:55:55 INFO  [GH3]:   Unknown(0xb30d9965) (QTypeInt) : 0
00:55:55 INFO  [GH3]:   Unknown(0x40c698af) (QTypeQbKey) : 0xebf510f4
00:55:55 INFO  [GH3]: }
00:55:55 INFO  [GH3]: {
00:55:55 INFO  [GH3]:   Unknown(0xb30d9965) (QTypeInt) : 0
00:55:55 INFO  [GH3]:   Unknown(0x40c698af) (QTypeQbKey) : 0x5fb71d8
00:55:55 INFO  [GH3]: }
00:55:55 INFO  [GH3]: {
00:55:55 INFO  [GH3]:   Unknown(0xb30d9965) (QTypeInt) : 0
00:55:55 INFO  [GH3]:   Unknown(0x40c698af) (QTypeQbKey) : 0xec98d4ed
00:55:55 INFO  [GH3]: }
00:55:55 INFO  [GH3]: {
00:55:55 INFO  [GH3]:   Unknown(0xb30d9965) (QTypeInt) : 0
00:55:55 INFO  [GH3]:   Unknown(0x40c698af) (QTypeQbKey) : 0x296b5c1
00:55:55 INFO  [GH3]: }
00:55:55 INFO  [GH3]: {
00:55:55 INFO  [GH3]:   Unknown(0xb30d9965) (QTypeInt) : 0
00:55:55 INFO  [GH3]:   Unknown(0x40c698af) (QTypeQbKey) : 0xe52e98c6
00:55:55 INFO  [GH3]: }
00:55:55 INFO  [GH3]: {
00:55:55 INFO  [GH3]:   Unknown(0xb30d9965) (QTypeInt) : 0
00:55:55 INFO  [GH3]:   Unknown(0x40c698af) (QTypeQbKey) : 0xf2ee21b5
00:55:55 INFO  [GH3]: }
00:55:55 INFO  [GH3]: {
00:55:55 INFO  [GH3]:   Unknown(0xb30d9965) (QTypeInt) : 0
00:55:55 INFO  [GH3]:   Unknown(0x40c698af) (QTypeQbKey) : 0x1ce04099
00:55:55 INFO  [GH3]: }
00:55:55 INFO  [GH3]: {
00:55:55 INFO  [GH3]:   Unknown(0xb30d9965) (QTypeInt) : 0
00:55:55 INFO  [GH3]:   Unknown(0x40c698af) (QTypeQbKey) : 0xf583e5ac
00:55:55 INFO  [GH3]: }
00:55:55 INFO  [GH3]: {
00:55:55 INFO  [GH3]:   Unknown(0xb30d9965) (QTypeInt) : 0
00:55:55 INFO  [GH3]:   Unknown(0x40c698af) (QTypeQbKey) : 0x1b8d8480
00:55:55 INFO  [GH3]: }
00:55:55 INFO  [GH3]: {
00:55:55 INFO  [GH3]:   Unknown(0xb30d9965) (QTypeInt) : 0
00:55:55 INFO  [GH3]:   Unknown(0x40c698af) (QTypeQbKey) : 0xfc35a987
00:55:55 INFO  [GH3]: }
00:55:55 INFO  [GH3]: {
00:55:55 INFO  [GH3]:   Unknown(0xb30d9965) (QTypeInt) : 0
00:55:55 INFO  [GH3]:   Unknown(0x40c698af) (QTypeQbKey) : 0xbdafb772
00:55:55 INFO  [GH3]: }
00:55:55 INFO  [GH3]: {
00:55:55 INFO  [GH3]:   Unknown(0xb30d9965) (QTypeInt) : 0
00:55:55 INFO  [GH3]:   Unknown(0x40c698af) (QTypeQbKey) : 0x53a1d65e
00:55:55 INFO  [GH3]: }
00:55:55 INFO  [GH3]: {
00:55:55 INFO  [GH3]:   Unknown(0xb30d9965) (QTypeInt) : 0
00:55:55 INFO  [GH3]:   Unknown(0x40c698af) (QTypeQbKey) : 0xbac2736b
00:55:55 INFO  [GH3]: }
00:55:55 INFO  [GH3]: {
00:55:55 INFO  [GH3]:   Unknown(0xb30d9965) (QTypeInt) : 0
00:55:55 INFO  [GH3]:   Unknown(0x40c698af) (QTypeQbKey) : 0x54cc1247
00:55:55 INFO  [GH3]: }
00:55:55 INFO  [GH3]: {
00:55:55 INFO  [GH3]:   Unknown(0xb30d9965) (QTypeInt) : 0
00:55:55 INFO  [GH3]:   Unknown(0x40c698af) (QTypeQbKey) : 0xb3743f40
00:55:55 INFO  [GH3]: }
00:55:57 INFO  [GH3]: {
00:55:57 INFO  [GH3]:   Unknown(0x40c698af) (QTypeQbKey) : 0x9a17ba07
00:55:57 INFO  [GH3]: }
00:55:57 INFO  [GH3]: {
00:55:57 INFO  [GH3]:   Unknown(0x40c698af) (QTypeQbKey) : 0x7419db2b
00:55:57 INFO  [GH3]: }
00:55:57 INFO  [GH3]: {
00:55:57 INFO  [GH3]:   Unknown(0x40c698af) (QTypeQbKey) : 0x9d7a7e1e
00:55:57 INFO  [GH3]: }
00:55:57 INFO  [GH3]: {
00:55:57 INFO  [GH3]:   Unknown(0x40c698af) (QTypeQbKey) : 0x73741f32
00:55:57 INFO  [GH3]: }
00:55:57 INFO  [GH3]: {
00:55:57 INFO  [GH3]:   Unknown(0xb30d9965) (QTypeInt) : 0
00:55:57 INFO  [GH3]:   Unknown(0x40c698af) (QTypeQbKey) : 0x7632fb96
00:55:57 INFO  [GH3]: }
00:55:57 INFO  [GH3]: {
00:55:57 INFO  [GH3]:   Unknown(0xb30d9965) (QTypeInt) : 0
00:55:57 INFO  [GH3]:   Unknown(0x40c698af) (QTypeQbKey) : 0x983c9aba
00:55:57 INFO  [GH3]: }
00:55:57 INFO  [GH3]: {
00:55:57 INFO  [GH3]:   Unknown(0xb30d9965) (QTypeInt) : 0
00:55:57 INFO  [GH3]:   Unknown(0x40c698af) (QTypeQbKey) : 0x715f3f8f
00:55:57 INFO  [GH3]: }
00:55:57 INFO  [GH3]: {
00:55:57 INFO  [GH3]:   Unknown(0xb30d9965) (QTypeInt) : 0
00:55:57 INFO  [GH3]:   Unknown(0x40c698af) (QTypeQbKey) : 0x9f515ea3
00:55:57 INFO  [GH3]: }
00:55:57 INFO  [GH3]: {
00:55:57 INFO  [GH3]:   Unknown(0xb30d9965) (QTypeInt) : 0
00:55:57 INFO  [GH3]:   Unknown(0x40c698af) (QTypeQbKey) : 0x78e973a4
00:55:57 INFO  [GH3]: }
00:55:57 INFO  [GH3]: {
00:55:57 INFO  [GH3]:   Unknown(0xb30d9965) (QTypeInt) : 0
00:55:57 INFO  [GH3]:   Unknown(0x40c698af) (QTypeQbKey) : 0x5d1fa855
00:55:57 INFO  [GH3]: }
00:55:57 INFO  [GH3]: {
00:55:57 INFO  [GH3]:   Unknown(0xb30d9965) (QTypeInt) : 0
00:55:57 INFO  [GH3]:   Unknown(0x40c698af) (QTypeQbKey) : 0xb311c979
00:55:57 INFO  [GH3]: }
00:55:57 INFO  [GH3]: {
00:55:57 INFO  [GH3]:   Unknown(0xb30d9965) (QTypeInt) : 0
00:55:57 INFO  [GH3]:   Unknown(0x40c698af) (QTypeQbKey) : 0x5a726c4c
00:55:57 INFO  [GH3]: }
00:55:57 INFO  [GH3]: {
00:55:57 INFO  [GH3]:   Unknown(0xb30d9965) (QTypeInt) : 0
00:55:57 INFO  [GH3]:   Unknown(0x40c698af) (QTypeQbKey) : 0xb47c0d60
00:55:57 INFO  [GH3]: }
00:55:57 INFO  [GH3]: {
00:55:57 INFO  [GH3]:   Unknown(0xb30d9965) (QTypeInt) : 0
00:55:57 INFO  [GH3]:   Unknown(0x40c698af) (QTypeQbKey) : 0x53c42067
00:55:57 INFO  [GH3]: }
00:55:57 INFO  [GH3]: {
00:55:57 INFO  [GH3]:   Unknown(0xb30d9965) (QTypeInt) : 0
00:55:57 INFO  [GH3]:   Unknown(0x40c698af) (QTypeQbKey) : 0x44049914
00:55:57 INFO  [GH3]: }
00:55:57 INFO  [GH3]: {
00:55:57 INFO  [GH3]:   Unknown(0xb30d9965) (QTypeInt) : 0
00:55:57 INFO  [GH3]:   Unknown(0x40c698af) (QTypeQbKey) : 0xaa0af838
00:55:57 INFO  [GH3]: }
00:55:57 INFO  [GH3]: {
00:55:57 INFO  [GH3]:   Unknown(0xb30d9965) (QTypeInt) : 0
00:55:57 INFO  [GH3]:   Unknown(0x40c698af) (QTypeQbKey) : 0x43695d0d
00:55:57 INFO  [GH3]: }
00:55:57 INFO  [GH3]: {
00:55:57 INFO  [GH3]:   Unknown(0xb30d9965) (QTypeInt) : 0
00:55:57 INFO  [GH3]:   Unknown(0x40c698af) (QTypeQbKey) : 0xad673c21
00:55:57 INFO  [GH3]: }
00:55:57 INFO  [GH3]: {
00:55:57 INFO  [GH3]:   Unknown(0xb30d9965) (QTypeInt) : 0
00:55:57 INFO  [GH3]:   Unknown(0x40c698af) (QTypeQbKey) : 0x4adf1126
00:55:57 INFO  [GH3]: }
00:55:57 INFO  [GH3]: {
00:55:57 INFO  [GH3]:   Unknown(0xb30d9965) (QTypeInt) : 0
00:55:57 INFO  [GH3]:   Unknown(0x40c698af) (QTypeQbKey) : 0xb450fd3
00:55:57 INFO  [GH3]: }
00:55:57 INFO  [GH3]: {
00:55:57 INFO  [GH3]:   Unknown(0xb30d9965) (QTypeInt) : 0
00:55:57 INFO  [GH3]:   Unknown(0x40c698af) (QTypeQbKey) : 0xe54b6eff
00:55:57 INFO  [GH3]: }
00:55:57 INFO  [GH3]: {
00:55:57 INFO  [GH3]:   Unknown(0xb30d9965) (QTypeInt) : 0
00:55:57 INFO  [GH3]:   Unknown(0x40c698af) (QTypeQbKey) : 0xc28cbca
00:55:57 INFO  [GH3]: }
00:56:02 INFO  [GH3]: {
00:56:02 INFO  [GH3]:   Unknown(0xb30d9965) (QTypeInt) : 0
00:56:02 INFO  [GH3]:   Unknown(0x40c698af) (QTypeQbKey) : 0xca24ed6
00:56:02 INFO  [GH3]: }
00:56:13 INFO  [GH3]: {
00:56:13 INFO  [GH3]:   Unknown(0xb30d9965) (QTypeInt) : 0
00:56:13 INFO  [GH3]:   Unknown(0x40c698af) (QTypeQbKey) : 0xb39b4c65
00:56:13 INFO  [GH3]: }
00:56:13 INFO  [GH3]: {
00:56:13 INFO  [GH3]:   Unknown(0xb30d9965) (QTypeInt) : 0
00:56:13 INFO  [GH3]:   Unknown(0x40c698af) (QTypeQbKey) : 0x54236162
00:56:13 INFO  [GH3]: }
00:56:14 INFO  [GH3]: {
00:56:14 INFO  [GH3]:   Unknown(0xb30d9965) (QTypeInt) : 0
00:56:14 INFO  [GH3]:   Unknown(0x40c698af) (QTypeQbKey) : 0x54236162
00:56:14 INFO  [GH3]: }
00:56:14 INFO  [GH3]: {
00:56:14 INFO  [GH3]:   Unknown(0xb30d9965) (QTypeInt) : 0
00:56:14 INFO  [GH3]:   Unknown(0x40c698af) (QTypeQbKey) : 0xb39b4c65
00:56:14 INFO  [GH3]: }
00:56:14 INFO  [GH3]: {
00:56:14 INFO  [GH3]:   Unknown(0xb30d9965) (QTypeInt) : 0
00:56:14 INFO  [GH3]:   Unknown(0x40c698af) (QTypeQbKey) : 0x2a921ddf
00:56:14 INFO  [GH3]: }
00:56:14 INFO  [GH3]: {
00:56:14 INFO  [GH3]:   Unknown(0xb30d9965) (QTypeInt) : 0
00:56:14 INFO  [GH3]:   Unknown(0x40c698af) (QTypeQbKey) : 0x2a921ddf
00:56:14 INFO  [GH3]: }
00:56:32 INFO  [GH3]: {
00:56:32 INFO  [GH3]:   Unknown(0xb30d9965) (QTypeInt) : 0
00:56:32 INFO  [GH3]:   Unknown(0x40c698af) (QTypeQbKey) : 0xc49c7cf3
00:56:32 INFO  [GH3]: }
00:56:32 INFO  [GH3]: {
00:56:32 INFO  [GH3]:   Unknown(0xb30d9965) (QTypeInt) : 0
00:56:32 INFO  [GH3]:   Unknown(0x40c698af) (QTypeQbKey) : 0x232451f4
00:56:32 INFO  [GH3]: }
00:56:32 INFO  [GH3]: {
00:56:32 INFO  [GH3]:   Unknown(0xb30d9965) (QTypeInt) : 0
00:56:32 INFO  [GH3]:   Unknown(0x40c698af) (QTypeQbKey) : 0xaa67c509
00:56:32 INFO  [GH3]: }
00:56:32 INFO  [GH3]: {
00:56:32 INFO  [GH3]:   Unknown(0xb30d9965) (QTypeInt) : 0
00:56:32 INFO  [GH3]:   Unknown(0x40c698af) (QTypeQbKey) : 0x4469a425
00:56:32 INFO  [GH3]: }
00:56:33 INFO  [GH3]: {
00:56:33 INFO  [GH3]:   Unknown(0xb30d9965) (QTypeInt) : 0
00:56:33 INFO  [GH3]:   Unknown(0x40c698af) (QTypeQbKey) : 0xad0a0110
00:56:33 INFO  [GH3]: }
00:56:33 INFO  [GH3]: {
00:56:33 INFO  [GH3]:   Unknown(0xb30d9965) (QTypeInt) : 0
00:56:33 INFO  [GH3]:   Unknown(0x40c698af) (QTypeQbKey) : 0x4304603c
00:56:33 INFO  [GH3]: }
00:56:33 INFO  [GH3]: {
00:56:33 INFO  [GH3]:   Unknown(0xb30d9965) (QTypeInt) : 0
00:56:33 INFO  [GH3]:   Unknown(0x40c698af) (QTypeQbKey) : 0xa4bc4d3b
00:56:33 INFO  [GH3]: }
00:56:33 INFO  [GH3]: {
00:56:33 INFO  [GH3]:   Unknown(0xb30d9965) (QTypeInt) : 0
00:56:33 INFO  [GH3]:   Unknown(0x40c698af) (QTypeQbKey) : 0xb37cf448
00:56:33 INFO  [GH3]: }
00:56:33 INFO  [GH3]: {
00:56:33 INFO  [GH3]:   Unknown(0xb30d9965) (QTypeInt) : 0
00:56:33 INFO  [GH3]:   Unknown(0x40c698af) (QTypeQbKey) : 0x5d729564
00:56:33 INFO  [GH3]: }
00:56:33 INFO  [GH3]: {
00:56:33 INFO  [GH3]:   Unknown(0xb30d9965) (QTypeInt) : 0
00:56:33 INFO  [GH3]:   Unknown(0x40c698af) (QTypeQbKey) : 0xb4113051
00:56:33 INFO  [GH3]: }
00:56:33 INFO  [GH3]: {
00:56:33 INFO  [GH3]:   Unknown(0xb30d9965) (QTypeInt) : 0
00:56:33 INFO  [GH3]:   Unknown(0x40c698af) (QTypeQbKey) : 0x5a1f517d
00:56:33 INFO  [GH3]: }
00:56:33 INFO  [GH3]: {
00:56:33 INFO  [GH3]:   Unknown(0xb30d9965) (QTypeInt) : 0
00:56:33 INFO  [GH3]:   Unknown(0x40c698af) (QTypeQbKey) : 0xbda77c7a
00:56:33 INFO  [GH3]: }
00:56:33 INFO  [GH3]: {
00:56:33 INFO  [GH3]:   Unknown(0xb30d9965) (QTypeInt) : 0
00:56:33 INFO  [GH3]:   Unknown(0x40c698af) (QTypeQbKey) : 0xbda77c7a
00:56:33 INFO  [GH3]: }
00:56:33 INFO  [GH3]: {
00:56:33 INFO  [GH3]:   Unknown(0xb30d9965) (QTypeInt) : 0
00:56:33 INFO  [GH3]:   Unknown(0x40c698af) (QTypeQbKey) : 0xbda77c7a
00:56:33 INFO  [GH3]: }
00:56:34 INFO  [GH3]: {
00:56:34 INFO  [GH3]:   Unknown(0xb30d9965) (QTypeInt) : 0
00:56:34 INFO  [GH3]:   Unknown(0x40c698af) (QTypeQbKey) : 0x5a1f517d
00:56:34 INFO  [GH3]: }
00:56:34 INFO  [GH3]: {
00:56:34 INFO  [GH3]:   Unknown(0xb30d9965) (QTypeInt) : 0
00:56:34 INFO  [GH3]:   Unknown(0x40c698af) (QTypeQbKey) : 0xb4113051
00:56:34 INFO  [GH3]: }
00:56:34 INFO  [GH3]: {
00:56:34 INFO  [GH3]:   Unknown(0xb30d9965) (QTypeInt) : 0
00:56:34 INFO  [GH3]:   Unknown(0x40c698af) (QTypeQbKey) : 0x5d729564
00:56:34 INFO  [GH3]: }
00:56:34 INFO  [GH3]: {
00:56:34 INFO  [GH3]:   Unknown(0xb30d9965) (QTypeInt) : 0
00:56:34 INFO  [GH3]:   Unknown(0x40c698af) (QTypeQbKey) : 0xb37cf448
00:56:34 INFO  [GH3]: }
00:56:34 INFO  [GH3]: {
00:56:34 INFO  [GH3]:   Unknown(0xb30d9965) (QTypeInt) : 0
00:56:34 INFO  [GH3]:   Unknown(0x40c698af) (QTypeQbKey) : 0xa4bc4d3b
00:56:34 INFO  [GH3]: }
00:56:34 INFO  [GH3]: {
00:56:34 INFO  [GH3]:   Unknown(0xb30d9965) (QTypeInt) : 0
00:56:34 INFO  [GH3]:   Unknown(0x40c698af) (QTypeQbKey) : 0x4304603c
00:56:34 INFO  [GH3]: }
00:56:35 INFO  [GH3]: {
00:56:35 INFO  [GH3]:   Unknown(0xb30d9965) (QTypeInt) : 0
00:56:35 INFO  [GH3]:   Unknown(0x40c698af) (QTypeQbKey) : 0xad0a0110
00:56:35 INFO  [GH3]: }
00:56:35 INFO  [GH3]: {
00:56:35 INFO  [GH3]:   Unknown(0xb30d9965) (QTypeInt) : 0
00:56:35 INFO  [GH3]:   Unknown(0x40c698af) (QTypeQbKey) : 0x4469a425
00:56:35 INFO  [GH3]: }
00:56:35 INFO  [GH3]: {
00:56:35 INFO  [GH3]:   Unknown(0xb30d9965) (QTypeInt) : 0
00:56:35 INFO  [GH3]:   Unknown(0x40c698af) (QTypeQbKey) : 0xaa67c509
00:56:35 INFO  [GH3]: }
00:56:35 INFO  [GH3]: {
00:56:35 INFO  [GH3]:   Unknown(0xb30d9965) (QTypeInt) : 0
00:56:35 INFO  [GH3]:   Unknown(0x40c698af) (QTypeQbKey) : 0x232451f4
00:56:35 INFO  [GH3]: }
00:56:35 INFO  [GH3]: {
00:56:35 INFO  [GH3]:   Unknown(0xb30d9965) (QTypeInt) : 0
00:56:35 INFO  [GH3]:   Unknown(0x40c698af) (QTypeQbKey) : 0xc49c7cf3
00:56:35 INFO  [GH3]: }
00:56:35 INFO  [GH3]: {
00:56:35 INFO  [GH3]:   Unknown(0xb30d9965) (QTypeInt) : 0
00:56:35 INFO  [GH3]:   Unknown(0x40c698af) (QTypeQbKey) : 0x2a921ddf
00:56:35 INFO  [GH3]: }
00:56:35 INFO  [GH3]: {
00:56:35 INFO  [GH3]:   Unknown(0xb30d9965) (QTypeInt) : 0
00:56:35 INFO  [GH3]:   Unknown(0x40c698af) (QTypeQbKey) : 0x2a921ddf
00:56:35 INFO  [GH3]: }
00:56:35 INFO  [GH3]: {
00:56:35 INFO  [GH3]:   Unknown(0xb30d9965) (QTypeInt) : 0
00:56:35 INFO  [GH3]:   Unknown(0x40c698af) (QTypeQbKey) : 0x2a921ddf
00:56:35 INFO  [GH3]: }
00:56:35 INFO  [GH3]: {
00:56:35 INFO  [GH3]:   Unknown(0xb30d9965) (QTypeInt) : 0
00:56:35 INFO  [GH3]:   Unknown(0x40c698af) (QTypeQbKey) : 0x2a921ddf
00:56:35 INFO  [GH3]: }
00:56:35 INFO  [GH3]: {
00:56:35 INFO  [GH3]:   Unknown(0xb30d9965) (QTypeInt) : 0
00:56:35 INFO  [GH3]:   Unknown(0x40c698af) (QTypeQbKey) : 0x2a921ddf
00:56:35 INFO  [GH3]: }
00:56:36 INFO  [GH3]: {
00:56:36 INFO  [GH3]:   Unknown(0xb30d9965) (QTypeInt) : 0
00:56:36 INFO  [GH3]:   Unknown(0x40c698af) (QTypeQbKey) : 0x2a921ddf
00:56:36 INFO  [GH3]: }
00:56:36 INFO  [GH3]: {
00:56:36 INFO  [GH3]:   Unknown(0xb30d9965) (QTypeInt) : 0
00:56:36 INFO  [GH3]:   Unknown(0x40c698af) (QTypeQbKey) : 0x2a921ddf
00:56:36 INFO  [GH3]: }
00:56:37 INFO  [GH3]: {
00:56:37 INFO  [GH3]:   Unknown(0x40c698af) (QTypeQbKey) : 0x9a17ba07
00:56:37 INFO  [GH3]: }
00:56:37 INFO  [GH3]: {
00:56:37 INFO  [GH3]:   Unknown(0x40c698af) (QTypeQbKey) : 0x7419db2b
00:56:37 INFO  [GH3]: }
00:56:37 INFO  [GH3]: {
00:56:37 INFO  [GH3]:   Unknown(0x40c698af) (QTypeQbKey) : 0x9d7a7e1e
00:56:37 INFO  [GH3]: }
00:56:37 INFO  [GH3]: {
00:56:37 INFO  [GH3]:   Unknown(0x40c698af) (QTypeQbKey) : 0x73741f32
00:56:37 INFO  [GH3]: }
00:56:38 INFO  [GH3]: {
00:56:38 INFO  [GH3]:   Unknown(0xb30d9965) (QTypeInt) : 0
00:56:38 INFO  [GH3]:   Unknown(0x40c698af) (QTypeQbKey) : 0x977b1462
00:56:38 INFO  [GH3]: }
