01:14:48 INFO  [Nylon]: Wine was not detected. Assuming we are running on a Windows NT OS Please report this if this detection is an error.
01:14:48 INFO  [Nylon]: Minhook initialized!
01:14:48 INFO  [Nylon]: Setting up default hooks...
01:14:48 INFO  [Nylon]: Hooked function at address: 0x770689E0
01:14:49 INFO  [Nylon]: Hooked function at address: 0x77068320
01:14:49 INFO  [Nylon]: Hooked function at address: 0x77062520
01:14:49 INFO  [Nylon]: Hooked function at address: 0x00530970
01:14:49 INFO  [Nylon]: Hooked function at address: 0x00530940
01:14:49 INFO  [Nylon]: Hooked function at address: 0x004A1780
01:14:49 INFO  [Nylon]: Hooked function at address: 0x00472B50
01:14:49 INFO  [Nylon]: Hooked function at address: 0x0057B940
01:14:49 INFO  [Nylon]: Hooked function at address: 0x00601D30
01:14:49 INFO  [Nylon]: Hooked function at address: 0x0047DFA0
01:14:49 INFO  [Nylon]: Hooked function at address: 0x0057AE20
01:14:49 INFO  [Nylon]: Hooked function at address: 0x00D94EE8
01:14:49 INFO  [Nylon]: Hooked function at address: 0x004A6820
01:14:49 INFO  [Nylon]: Hooked function at address: 0x0047E5B0
01:14:49 INFO  [Nylon]: Finished setting up default hooks.
01:14:49 INFO  [Nylon]: Loading mods...
01:14:49 INFO  [Nylon]: Loading mods from: "C:\Games\Guitar Hero III\nylon\Mods"
01:14:49 INFO  [Nylon]: Checking for: "C:\Games\Guitar Hero III\nylon\Mods\GH3Deluxe\modinfo.json"...
01:14:49 INFO  [Nylon]: Loading...
01:14:49 INFO  [Nylon]: Found mod: gh3dx
01:14:49 INFO  [Nylon]: Finished loading mods.
01:14:49 INFO  [Nylon]: Finished Core Initialization!
01:14:50 INFO  [Nylon]: Expecting: "GH3Deluxe\pak\gh3dx.pak"
01:14:50 INFO  [Nylon]: Found it! Loading...
01:14:50 INFO  [Nylon]: Done!
01:14:51 INFO  [Nylon]: Hooking DirectX 9...
01:14:51 INFO  [Nylon]: Hooked function at address: 0x63116500
01:14:51 INFO  [Nylon]: Hooked function at address: 0x63116120
01:14:51 INFO  [Nylon]: Hooked function at address: 0x5997B040
01:14:51 ERROR [Nylon]: Failed to hook function at address: 0x5997B040 Error Code: 3
01:14:51 INFO  [Nylon]: Finished hooking DirectX 9.
01:14:51 INFO  [Nylon]: Hooked function at address: 0x5997C550
01:14:51 ERROR [Nylon]: Failed to hook function at address: 0x5997C550 Error Code: 3
01:14:51 INFO  [Nylon]: KeyboardSetCooperativeLevel -> 6
01:14:51 INFO  [Nylon]: KeyboardSetCooperativeLevel -> 5
01:14:53 INFO  [GH3]: {
01:14:53 INFO  [GH3]:   Unknown(0x69d0dfaf) (QTypeInt) : 3
01:14:53 INFO  [GH3]:   Unknown(0xd4c98794) (QTypeWString) : "CHECKING..."
01:14:53 INFO  [GH3]:   Unknown(0x26bf66f3) (QTypeQbStruct) : 
01:14:53 INFO  [GH3]: 	{
01:14:53 INFO  [GH3]: 	  Unknown(0xc4745838) (QTypeWString) : "Checking storage device..."
01:14:53 INFO  [GH3]: 	}
01:14:53 INFO  [GH3]: }
01:14:53 INFO  [GH3]: {
01:14:53 INFO  [GH3]:   Unknown(0x69d0dfaf) (QTypeInt) : 3
01:14:53 INFO  [GH3]:   Unknown(0x26bf66f3) (QTypeQbStruct) : 
01:14:53 INFO  [GH3]: 	{
01:14:53 INFO  [GH3]: 	  Unknown(0xc4745838) (QTypeWString) : "Game content is damaged and cannot be used. Do you want to delete this content? All progress within this save content will be lost."
01:14:53 INFO  [GH3]: 	  Unknown(0x34a68574) (QTypePair) : (800, 500)
01:14:53 INFO  [GH3]: 	  Unknown(0x7f261953) (QTypePair) : (640, 375)
01:14:53 INFO  [GH3]: 	  Unknown(0x13b9da7b) (QTypeFloat) : 0.5
01:14:53 INFO  [GH3]: 	}
01:14:53 INFO  [GH3]:   Unknown(0xe787d761) (QTypePair) : (640, 465)
01:14:53 INFO  [GH3]:   Unknown(0xad8a5a63) (QTypePair) : (256, 64)
01:14:53 INFO  [GH3]:   Unknown(0x2fca0578) (QTypeQbArray) : Type:"QTypeQbArray" Size:1111793984
01:14:53 INFO  [GH3]: }
01:14:54 INFO  [GH3]: {
01:14:54 INFO  [GH3]:   Unknown(0x69d0dfaf) (QTypeInt) : 3
01:14:54 INFO  [GH3]:   Unknown(0xd4c98794) (QTypeWString) : "SUCCESSFUL"
01:14:54 INFO  [GH3]:   Unknown(0x26bf66f3) (QTypeQbStruct) : 
01:14:54 INFO  [GH3]: 	{
01:14:54 INFO  [GH3]: 	  Unknown(0xc4745838) (QTypeWString) : "Load successful."
01:14:54 INFO  [GH3]: 	}
01:14:54 INFO  [GH3]: }
01:14:55 INFO  [GH3]: {
01:14:55 INFO  [GH3]:   Unknown(0x7323e97c) (QTypeQbArray) : Type:"QTypeQbArray" Size:1115391824
01:14:55 INFO  [GH3]: }
01:14:57 INFO  [GH3]: {
01:14:57 INFO  [GH3]:   Unknown(0x40c698af) (QTypeQbKey) : 0xfad85b3f
01:14:57 INFO  [GH3]: }
01:14:57 INFO  [GH3]: {
01:14:57 INFO  [GH3]:   Unknown(0x40c698af) (QTypeQbKey) : 0xed108a91
01:14:57 INFO  [GH3]: }
01:14:57 INFO  [GH3]: {
01:14:57 INFO  [GH3]:   Unknown(0x40c698af) (QTypeQbKey) : 0x31eebbd
01:14:57 INFO  [GH3]: }
01:14:57 INFO  [GH3]: {
01:14:57 INFO  [GH3]:   Unknown(0x40c698af) (QTypeQbKey) : 0xea7d4e88
01:14:57 INFO  [GH3]: }
01:14:57 INFO  [GH3]: {
01:14:57 INFO  [GH3]:   Unknown(0x40c698af) (QTypeQbKey) : 0x4732fa4
01:14:57 INFO  [GH3]: }
01:14:57 INFO  [GH3]: {
01:14:57 INFO  [GH3]:   Unknown(0xb30d9965) (QTypeInt) : 0
01:14:57 INFO  [GH3]:   Unknown(0x40c698af) (QTypeQbKey) : 0x29bbe602
01:14:57 INFO  [GH3]: }
01:14:57 INFO  [GH3]: {
01:14:57 INFO  [GH3]:   Unknown(0xb30d9965) (QTypeInt) : 0
01:14:57 INFO  [GH3]:   Unknown(0x40c698af) (QTypeQbKey) : 0xce03cb05
01:14:57 INFO  [GH3]: }
01:14:57 INFO  [GH3]: {
01:14:57 INFO  [GH3]:   Unknown(0xb30d9965) (QTypeInt) : 0
01:14:57 INFO  [GH3]:   Unknown(0x40c698af) (QTypeQbKey) : 0xebf510f4
01:14:57 INFO  [GH3]: }
01:14:57 INFO  [GH3]: {
01:14:57 INFO  [GH3]:   Unknown(0xb30d9965) (QTypeInt) : 0
01:14:57 INFO  [GH3]:   Unknown(0x40c698af) (QTypeQbKey) : 0x5fb71d8
01:14:57 INFO  [GH3]: }
01:14:57 INFO  [GH3]: {
01:14:57 INFO  [GH3]:   Unknown(0xb30d9965) (QTypeInt) : 0
01:14:57 INFO  [GH3]:   Unknown(0x40c698af) (QTypeQbKey) : 0xec98d4ed
01:14:57 INFO  [GH3]: }
01:14:57 INFO  [GH3]: {
01:14:57 INFO  [GH3]:   Unknown(0xb30d9965) (QTypeInt) : 0
01:14:57 INFO  [GH3]:   Unknown(0x40c698af) (QTypeQbKey) : 0x296b5c1
01:14:57 INFO  [GH3]: }
01:14:57 INFO  [GH3]: {
01:14:57 INFO  [GH3]:   Unknown(0xb30d9965) (QTypeInt) : 0
01:14:57 INFO  [GH3]:   Unknown(0x40c698af) (QTypeQbKey) : 0xe52e98c6
01:14:57 INFO  [GH3]: }
01:14:57 INFO  [GH3]: {
01:14:57 INFO  [GH3]:   Unknown(0xb30d9965) (QTypeInt) : 0
01:14:57 INFO  [GH3]:   Unknown(0x40c698af) (QTypeQbKey) : 0xf2ee21b5
01:14:57 INFO  [GH3]: }
01:14:57 INFO  [GH3]: {
01:14:57 INFO  [GH3]:   Unknown(0xb30d9965) (QTypeInt) : 0
01:14:58 INFO  [GH3]:   Unknown(0x40c698af) (QTypeQbKey) : 0x1ce04099
01:14:58 INFO  [GH3]: }
01:14:58 INFO  [GH3]: {
01:14:58 INFO  [GH3]:   Unknown(0xb30d9965) (QTypeInt) : 0
01:14:58 INFO  [GH3]:   Unknown(0x40c698af) (QTypeQbKey) : 0xf583e5ac
01:14:58 INFO  [GH3]: }
01:14:58 INFO  [GH3]: {
01:14:58 INFO  [GH3]:   Unknown(0xb30d9965) (QTypeInt) : 0
01:14:58 INFO  [GH3]:   Unknown(0x40c698af) (QTypeQbKey) : 0x1b8d8480
01:14:58 INFO  [GH3]: }
01:14:58 INFO  [GH3]: {
01:14:58 INFO  [GH3]:   Unknown(0xb30d9965) (QTypeInt) : 0
01:14:58 INFO  [GH3]:   Unknown(0x40c698af) (QTypeQbKey) : 0xfc35a987
01:14:58 INFO  [GH3]: }
01:14:58 INFO  [GH3]: {
01:14:58 INFO  [GH3]:   Unknown(0xb30d9965) (QTypeInt) : 0
01:14:58 INFO  [GH3]:   Unknown(0x40c698af) (QTypeQbKey) : 0xbdafb772
01:14:58 INFO  [GH3]: }
01:14:58 INFO  [GH3]: {
01:14:58 INFO  [GH3]:   Unknown(0xb30d9965) (QTypeInt) : 0
01:14:58 INFO  [GH3]:   Unknown(0x40c698af) (QTypeQbKey) : 0x53a1d65e
01:14:58 INFO  [GH3]: }
01:14:58 INFO  [GH3]: {
01:14:58 INFO  [GH3]:   Unknown(0xb30d9965) (QTypeInt) : 0
01:14:58 INFO  [GH3]:   Unknown(0x40c698af) (QTypeQbKey) : 0xbac2736b
01:14:58 INFO  [GH3]: }
01:14:58 INFO  [GH3]: {
01:14:58 INFO  [GH3]:   Unknown(0xb30d9965) (QTypeInt) : 0
01:14:58 INFO  [GH3]:   Unknown(0x40c698af) (QTypeQbKey) : 0x54cc1247
01:14:58 INFO  [GH3]: }
01:14:58 INFO  [GH3]: {
01:14:58 INFO  [GH3]:   Unknown(0xb30d9965) (QTypeInt) : 0
01:14:58 INFO  [GH3]:   Unknown(0x40c698af) (QTypeQbKey) : 0xb3743f40
01:14:58 INFO  [GH3]: }
01:14:58 INFO  [GH3]: {
01:14:59 INFO  [GH3]:   Unknown(0xb30d9965) (QTypeInt) : 0
01:14:59 INFO  [GH3]:   Unknown(0x40c698af) (QTypeQbKey) : 0xa4b48633
01:14:59 INFO  [GH3]: }
01:15:02 INFO  [GH3]: {
01:15:02 INFO  [GH3]:   Unknown(0xb30d9965) (QTypeInt) : 0
01:15:02 INFO  [GH3]:   Unknown(0x40c698af) (QTypeQbKey) : 0x4abae71f
01:15:02 INFO  [GH3]: }
01:15:03 INFO  [GH3]: {
01:15:03 INFO  [GH3]:   Unknown(0xb30d9965) (QTypeInt) : 0
01:15:03 INFO  [GH3]:   Unknown(0x40c698af) (QTypeQbKey) : 0xa4b48633
01:15:03 INFO  [GH3]: }
01:15:04 INFO  [GH3]: {
01:15:04 INFO  [GH3]:   Unknown(0xb30d9965) (QTypeInt) : 0
01:15:04 INFO  [GH3]:   Unknown(0x40c698af) (QTypeQbKey) : 0xb3743f40
01:15:04 INFO  [GH3]: }
01:15:04 INFO  [GH3]: {
01:15:04 INFO  [GH3]:   Unknown(0xb30d9965) (QTypeInt) : 0
01:15:04 INFO  [GH3]:   Unknown(0x40c698af) (QTypeQbKey) : 0x54cc1247
01:15:04 INFO  [GH3]: }
01:15:04 INFO  [GH3]: {
01:15:04 INFO  [GH3]:   Unknown(0xb30d9965) (QTypeInt) : 0
01:15:04 INFO  [GH3]:   Unknown(0x40c698af) (QTypeQbKey) : 0xbac2736b
01:15:04 INFO  [GH3]: }
01:15:04 INFO  [GH3]: {
01:15:04 INFO  [GH3]:   Unknown(0xb30d9965) (QTypeInt) : 0
01:15:04 INFO  [GH3]:   Unknown(0x40c698af) (QTypeQbKey) : 0x53a1d65e
01:15:04 INFO  [GH3]: }
01:15:06 INFO  [GH3]: {
01:15:06 INFO  [GH3]:   Unknown(0xb30d9965) (QTypeInt) : 0
01:15:06 INFO  [GH3]:   Unknown(0x40c698af) (QTypeQbKey) : 0xbdafb772
01:15:06 INFO  [GH3]: }
01:15:06 INFO  [GH3]: {
01:15:06 INFO  [GH3]:   Unknown(0xb30d9965) (QTypeInt) : 0
01:15:06 INFO  [GH3]:   Unknown(0x40c698af) (QTypeQbKey) : 0xfc35a987
01:15:06 INFO  [GH3]: }
01:15:06 INFO  [GH3]: {
01:15:06 INFO  [GH3]:   Unknown(0xb30d9965) (QTypeInt) : 0
01:15:06 INFO  [GH3]:   Unknown(0x40c698af) (QTypeQbKey) : 0x1b8d8480
01:15:06 INFO  [GH3]: }
01:15:06 INFO  [GH3]: {
01:15:06 INFO  [GH3]:   Unknown(0xb30d9965) (QTypeInt) : 0
01:15:06 INFO  [GH3]:   Unknown(0x40c698af) (QTypeQbKey) : 0xf583e5ac
01:15:06 INFO  [GH3]: }
01:15:06 INFO  [GH3]: {
01:15:06 INFO  [GH3]:   Unknown(0xb30d9965) (QTypeInt) : 0
01:15:06 INFO  [GH3]:   Unknown(0x40c698af) (QTypeQbKey) : 0x1ce04099
01:15:06 INFO  [GH3]: }
01:15:06 INFO  [GH3]: {
01:15:06 INFO  [GH3]:   Unknown(0xb30d9965) (QTypeInt) : 0
01:15:06 INFO  [GH3]:   Unknown(0x40c698af) (QTypeQbKey) : 0xf2ee21b5
01:15:06 INFO  [GH3]: }
01:15:07 INFO  [GH3]: {
01:15:07 INFO  [GH3]:   Unknown(0xb30d9965) (QTypeInt) : 0
01:15:07 INFO  [GH3]:   Unknown(0x40c698af) (QTypeQbKey) : 0x1ce04099
01:15:07 INFO  [GH3]: }
01:15:07 INFO  [GH3]: {
01:15:07 INFO  [GH3]:   Unknown(0xb30d9965) (QTypeInt) : 0
01:15:07 INFO  [GH3]:   Unknown(0x40c698af) (QTypeQbKey) : 0xf583e5ac
01:15:07 INFO  [GH3]: }
01:15:14 INFO  [GH3]: {
01:15:14 INFO  [GH3]:   Unknown(0xb30d9965) (QTypeInt) : 0
01:15:14 INFO  [GH3]:   Unknown(0x40c698af) (QTypeQbKey) : 0x1b8d8480
01:15:14 INFO  [GH3]: }
01:15:15 INFO  [GH3]: {
01:15:15 INFO  [GH3]:   Unknown(0xb30d9965) (QTypeInt) : 0
01:15:15 INFO  [GH3]:   Unknown(0x40c698af) (QTypeQbKey) : 0xfc35a987
01:15:15 INFO  [GH3]: }
01:15:15 INFO  [GH3]: {
01:15:15 INFO  [GH3]:   Unknown(0xb30d9965) (QTypeInt) : 0
01:15:15 INFO  [GH3]:   Unknown(0x40c698af) (QTypeQbKey) : 0xbdafb772
01:15:15 INFO  [GH3]: }
01:15:22 INFO  [GH3]: {
01:15:22 INFO  [GH3]:   Unknown(0xb30d9965) (QTypeInt) : 0
01:15:22 INFO  [GH3]:   Unknown(0x40c698af) (QTypeQbKey) : 0x53a1d65e
01:15:22 INFO  [GH3]: }
