01:26:15 INFO  [Nylon]: Wine was not detected. Assuming we are running on a Windows NT OS Please report this if this detection is an error.
01:26:15 INFO  [Nylon]: Minhook initialized!
01:26:15 INFO  [Nylon]: Setting up default hooks...
01:26:15 INFO  [Nylon]: Hooked function at address: 0x770689E0
01:26:15 INFO  [Nylon]: Hooked function at address: 0x77068320
01:26:15 INFO  [Nylon]: Hooked function at address: 0x77062520
01:26:15 INFO  [Nylon]: Hooked function at address: 0x00530970
01:26:15 INFO  [Nylon]: Hooked function at address: 0x00530940
01:26:15 INFO  [Nylon]: Hooked function at address: 0x004A1780
01:26:15 INFO  [Nylon]: Hooked function at address: 0x00472B50
01:26:15 INFO  [Nylon]: Hooked function at address: 0x0057B940
01:26:15 INFO  [Nylon]: Hooked function at address: 0x00601D30
01:26:15 INFO  [Nylon]: Hooked function at address: 0x0047DFA0
01:26:15 INFO  [Nylon]: Hooked function at address: 0x0057AE20
01:26:15 INFO  [Nylon]: Hooked function at address: 0x00D94EE8
01:26:15 INFO  [Nylon]: Hooked function at address: 0x004A6820
01:26:15 INFO  [Nylon]: Hooked function at address: 0x0047E5B0
01:26:15 INFO  [Nylon]: Finished setting up default hooks.
01:26:15 INFO  [Nylon]: Loading mods...
01:26:15 INFO  [Nylon]: Loading mods from: "C:\Games\Guitar Hero III\nylon\Mods"
01:26:15 INFO  [Nylon]: Checking for: "C:\Games\Guitar Hero III\nylon\Mods\GH3Deluxe\modinfo.json"...
01:26:15 INFO  [Nylon]: Loading...
01:26:15 INFO  [Nylon]: Found mod: gh3dx
01:26:15 INFO  [Nylon]: Finished loading mods.
01:26:15 INFO  [Nylon]: Finished Core Initialization!
01:26:16 INFO  [Nylon]: Expecting: "GH3Deluxe\pak\gh3dx.pak"
01:26:16 INFO  [Nylon]: Found it! Loading...
01:26:16 INFO  [Nylon]: Done!
01:26:16 INFO  [Nylon]: Hooking DirectX 9...
01:26:16 INFO  [Nylon]: Hooked function at address: 0x63116500
01:26:16 INFO  [Nylon]: Hooked function at address: 0x63116120
01:26:16 INFO  [Nylon]: Hooked function at address: 0x5997B040
01:26:16 ERROR [Nylon]: Failed to hook function at address: 0x5997B040 Error Code: 3
01:26:16 INFO  [Nylon]: Finished hooking DirectX 9.
01:26:16 INFO  [Nylon]: Hooked function at address: 0x5997C550
01:26:16 ERROR [Nylon]: Failed to hook function at address: 0x5997C550 Error Code: 3
01:26:17 INFO  [Nylon]: KeyboardSetCooperativeLevel -> 6
01:26:17 INFO  [Nylon]: KeyboardSetCooperativeLevel -> 5
01:26:19 INFO  [GH3]: {
01:26:19 INFO  [GH3]:   Unknown(0x69d0dfaf) (QTypeInt) : 3
01:26:19 INFO  [GH3]:   Unknown(0xd4c98794) (QTypeWString) : "CHECKING..."
01:26:19 INFO  [GH3]:   Unknown(0x26bf66f3) (QTypeQbStruct) : 
01:26:19 INFO  [GH3]: 	{
01:26:19 INFO  [GH3]: 	  Unknown(0xc4745838) (QTypeWString) : "Checking storage device..."
01:26:19 INFO  [GH3]: 	}
01:26:19 INFO  [GH3]: }
01:26:19 INFO  [GH3]: {
01:26:19 INFO  [GH3]:   Unknown(0x69d0dfaf) (QTypeInt) : 3
01:26:19 INFO  [GH3]:   Unknown(0x26bf66f3) (QTypeQbStruct) : 
01:26:19 INFO  [GH3]: 	{
01:26:19 INFO  [GH3]: 	  Unknown(0xc4745838) (QTypeWString) : "Game content is damaged and cannot be used. Do you want to delete this content? All progress within this save content will be lost."
01:26:19 INFO  [GH3]: 	  Unknown(0x34a68574) (QTypePair) : (800, 500)
01:26:19 INFO  [GH3]: 	  Unknown(0x7f261953) (QTypePair) : (640, 375)
01:26:19 INFO  [GH3]: 	  Unknown(0x13b9da7b) (QTypeFloat) : 0.5
01:26:19 INFO  [GH3]: 	}
01:26:19 INFO  [GH3]:   Unknown(0xe787d761) (QTypePair) : (640, 465)
01:26:19 INFO  [GH3]:   Unknown(0xad8a5a63) (QTypePair) : (256, 64)
01:26:19 INFO  [GH3]:   Unknown(0x2fca0578) (QTypeQbArray) : Type:"QTypeQbArray" Size:1117296208
01:26:19 INFO  [GH3]: }
01:26:19 INFO  [GH3]: {
01:26:19 INFO  [GH3]:   Unknown(0x69d0dfaf) (QTypeInt) : 3
01:26:19 INFO  [GH3]:   Unknown(0xd4c98794) (QTypeWString) : "SUCCESSFUL"
01:26:19 INFO  [GH3]:   Unknown(0x26bf66f3) (QTypeQbStruct) : 
01:26:19 INFO  [GH3]: 	{
01:26:19 INFO  [GH3]: 	  Unknown(0xc4745838) (QTypeWString) : "Load successful."
01:26:19 INFO  [GH3]: 	}
01:26:19 INFO  [GH3]: }
01:26:21 INFO  [GH3]: {
01:26:21 INFO  [GH3]:   Unknown(0x7323e97c) (QTypeQbArray) : Type:"QTypeQbArray" Size:1121132960
01:26:21 INFO  [GH3]: }
01:26:23 INFO  [GH3]: {
01:26:23 INFO  [GH3]:   Unknown(0x40c698af) (QTypeQbKey) : 0xfad85b3f
01:26:23 INFO  [GH3]: }
01:26:24 INFO  [GH3]: {
01:26:24 INFO  [GH3]:   Unknown(0x40c698af) (QTypeQbKey) : 0xed108a91
01:26:24 INFO  [GH3]: }
01:26:24 INFO  [GH3]: {
01:26:24 INFO  [GH3]:   Unknown(0x40c698af) (QTypeQbKey) : 0x31eebbd
01:26:24 INFO  [GH3]: }
01:26:24 INFO  [GH3]: {
01:26:24 INFO  [GH3]:   Unknown(0x40c698af) (QTypeQbKey) : 0xea7d4e88
01:26:24 INFO  [GH3]: }
01:26:24 INFO  [GH3]: {
01:26:24 INFO  [GH3]:   Unknown(0x40c698af) (QTypeQbKey) : 0x4732fa4
01:26:24 INFO  [GH3]: }
01:26:25 INFO  [GH3]: {
01:26:25 INFO  [GH3]:   Unknown(0xb30d9965) (QTypeInt) : 0
01:26:25 INFO  [GH3]:   Unknown(0x40c698af) (QTypeQbKey) : 0x29bbe602
01:26:25 INFO  [GH3]: }
01:26:25 INFO  [GH3]: {
01:26:25 INFO  [GH3]:   Unknown(0xb30d9965) (QTypeInt) : 0
01:26:25 INFO  [GH3]:   Unknown(0x40c698af) (QTypeQbKey) : 0xce03cb05
01:26:25 INFO  [GH3]: }
01:26:25 INFO  [GH3]: {
01:26:25 INFO  [GH3]:   Unknown(0xb30d9965) (QTypeInt) : 0
01:26:25 INFO  [GH3]:   Unknown(0x40c698af) (QTypeQbKey) : 0xebf510f4
01:26:25 INFO  [GH3]: }
01:26:25 INFO  [GH3]: {
01:26:25 INFO  [GH3]:   Unknown(0xb30d9965) (QTypeInt) : 0
01:26:25 INFO  [GH3]:   Unknown(0x40c698af) (QTypeQbKey) : 0x5fb71d8
01:26:25 INFO  [GH3]: }
01:26:25 INFO  [GH3]: {
01:26:25 INFO  [GH3]:   Unknown(0xb30d9965) (QTypeInt) : 0
01:26:25 INFO  [GH3]:   Unknown(0x40c698af) (QTypeQbKey) : 0xec98d4ed
01:26:25 INFO  [GH3]: }
01:26:25 INFO  [GH3]: {
01:26:25 INFO  [GH3]:   Unknown(0xb30d9965) (QTypeInt) : 0
01:26:25 INFO  [GH3]:   Unknown(0x40c698af) (QTypeQbKey) : 0x296b5c1
01:26:25 INFO  [GH3]: }
01:26:25 INFO  [GH3]: {
01:26:25 INFO  [GH3]:   Unknown(0xb30d9965) (QTypeInt) : 0
01:26:25 INFO  [GH3]:   Unknown(0x40c698af) (QTypeQbKey) : 0xe52e98c6
01:26:25 INFO  [GH3]: }
01:26:25 INFO  [GH3]: {
01:26:25 INFO  [GH3]:   Unknown(0xb30d9965) (QTypeInt) : 0
01:26:25 INFO  [GH3]:   Unknown(0x40c698af) (QTypeQbKey) : 0xf2ee21b5
01:26:25 INFO  [GH3]: }
01:26:25 INFO  [GH3]: {
01:26:25 INFO  [GH3]:   Unknown(0xb30d9965) (QTypeInt) : 0
01:26:25 INFO  [GH3]:   Unknown(0x40c698af) (QTypeQbKey) : 0x1ce04099
01:26:25 INFO  [GH3]: }
01:26:25 INFO  [GH3]: {
01:26:25 INFO  [GH3]:   Unknown(0xb30d9965) (QTypeInt) : 0
01:26:25 INFO  [GH3]:   Unknown(0x40c698af) (QTypeQbKey) : 0xf583e5ac
01:26:25 INFO  [GH3]: }
01:26:25 INFO  [GH3]: {
01:26:25 INFO  [GH3]:   Unknown(0xb30d9965) (QTypeInt) : 0
01:26:25 INFO  [GH3]:   Unknown(0x40c698af) (QTypeQbKey) : 0x1b8d8480
01:26:25 INFO  [GH3]: }
01:26:25 INFO  [GH3]: {
01:26:25 INFO  [GH3]:   Unknown(0xb30d9965) (QTypeInt) : 0
01:26:25 INFO  [GH3]:   Unknown(0x40c698af) (QTypeQbKey) : 0xfc35a987
01:26:25 INFO  [GH3]: }
01:26:25 INFO  [GH3]: {
01:26:25 INFO  [GH3]:   Unknown(0xb30d9965) (QTypeInt) : 0
01:26:25 INFO  [GH3]:   Unknown(0x40c698af) (QTypeQbKey) : 0xbdafb772
01:26:25 INFO  [GH3]: }
01:26:25 INFO  [GH3]: {
01:26:25 INFO  [GH3]:   Unknown(0xb30d9965) (QTypeInt) : 0
01:26:25 INFO  [GH3]:   Unknown(0x40c698af) (QTypeQbKey) : 0x53a1d65e
01:26:25 INFO  [GH3]: }
01:26:25 INFO  [GH3]: {
01:26:25 INFO  [GH3]:   Unknown(0xb30d9965) (QTypeInt) : 0
01:26:25 INFO  [GH3]:   Unknown(0x40c698af) (QTypeQbKey) : 0xbac2736b
01:26:25 INFO  [GH3]: }
01:26:25 INFO  [GH3]: {
01:26:25 INFO  [GH3]:   Unknown(0xb30d9965) (QTypeInt) : 0
01:26:25 INFO  [GH3]:   Unknown(0x40c698af) (QTypeQbKey) : 0x54cc1247
01:26:25 INFO  [GH3]: }
01:26:25 INFO  [GH3]: {
01:26:25 INFO  [GH3]:   Unknown(0xb30d9965) (QTypeInt) : 0
01:26:25 INFO  [GH3]:   Unknown(0x40c698af) (QTypeQbKey) : 0xb3743f40
01:26:25 INFO  [GH3]: }
01:26:26 INFO  [GH3]: {
01:26:26 INFO  [GH3]:   Unknown(0xb30d9965) (QTypeInt) : 0
01:26:26 INFO  [GH3]:   Unknown(0x40c698af) (QTypeQbKey) : 0xa4b48633
01:26:26 INFO  [GH3]: }
01:26:27 INFO  [GH3]: {
01:26:27 INFO  [GH3]:   Unknown(0xb30d9965) (QTypeInt) : 0
01:26:27 INFO  [GH3]:   Unknown(0x40c698af) (QTypeQbKey) : 0x4abae71f
01:26:27 INFO  [GH3]: }
01:26:27 INFO  [GH3]: {
01:26:27 INFO  [GH3]:   Unknown(0xb30d9965) (QTypeInt) : 0
01:26:27 INFO  [GH3]:   Unknown(0x40c698af) (QTypeQbKey) : 0x4abae71f
01:26:27 INFO  [GH3]: }
01:26:27 INFO  [GH3]: {
01:26:27 INFO  [GH3]:   Unknown(0xb30d9965) (QTypeInt) : 0
01:26:27 INFO  [GH3]:   Unknown(0x40c698af) (QTypeQbKey) : 0x4abae71f
01:26:27 INFO  [GH3]: }
01:26:27 INFO  [GH3]: {
01:26:27 INFO  [GH3]:   Unknown(0xb30d9965) (QTypeInt) : 0
01:26:27 INFO  [GH3]:   Unknown(0x40c698af) (QTypeQbKey) : 0x4abae71f
01:26:27 INFO  [GH3]: }
01:26:27 INFO  [GH3]: {
01:26:27 INFO  [GH3]:   Unknown(0xb30d9965) (QTypeInt) : 0
01:26:27 INFO  [GH3]:   Unknown(0x40c698af) (QTypeQbKey) : 0x3dbdd789
01:26:27 INFO  [GH3]: }
01:26:28 INFO  [GH3]: {
01:26:28 INFO  [GH3]:   Unknown(0xb30d9965) (QTypeInt) : 0
01:26:28 INFO  [GH3]:   Unknown(0x40c698af) (QTypeQbKey) : 0xd3b3b6a5
01:26:28 INFO  [GH3]: }
01:26:28 INFO  [GH3]: {
01:26:28 INFO  [GH3]:   Unknown(0xb30d9965) (QTypeInt) : 0
01:26:28 INFO  [GH3]:   Unknown(0x40c698af) (QTypeQbKey) : 0xc4730fd6
01:26:28 INFO  [GH3]: }
01:26:28 INFO  [GH3]: {
01:26:28 INFO  [GH3]:   Unknown(0xb30d9965) (QTypeInt) : 0
01:26:28 INFO  [GH3]:   Unknown(0x40c698af) (QTypeQbKey) : 0x23cb22d1
01:26:28 INFO  [GH3]: }
01:26:28 INFO  [GH3]: {
01:26:28 INFO  [GH3]:   Unknown(0xb30d9965) (QTypeInt) : 0
01:26:28 INFO  [GH3]:   Unknown(0x40c698af) (QTypeQbKey) : 0xcdc543fd
01:26:28 INFO  [GH3]: }
01:26:28 INFO  [GH3]: {
01:26:28 INFO  [GH3]:   Unknown(0xb30d9965) (QTypeInt) : 0
01:26:28 INFO  [GH3]:   Unknown(0x40c698af) (QTypeQbKey) : 0x24a6e6c8
01:26:28 INFO  [GH3]: }
01:26:28 INFO  [GH3]: {
01:26:28 INFO  [GH3]:   Unknown(0xb30d9965) (QTypeInt) : 0
01:26:28 INFO  [GH3]:   Unknown(0x40c698af) (QTypeQbKey) : 0xcaa887e4
01:26:28 INFO  [GH3]: }
01:26:28 INFO  [GH3]: {
01:26:28 INFO  [GH3]:   Unknown(0xb30d9965) (QTypeInt) : 0
01:26:28 INFO  [GH3]:   Unknown(0x40c698af) (QTypeQbKey) : 0x8b329911
01:26:28 INFO  [GH3]: }
01:26:28 INFO  [GH3]: {
01:26:28 INFO  [GH3]:   Unknown(0xb30d9965) (QTypeInt) : 0
01:26:28 INFO  [GH3]:   Unknown(0x40c698af) (QTypeQbKey) : 0x6c8ab416
01:26:28 INFO  [GH3]: }
01:26:28 INFO  [GH3]: {
01:26:28 INFO  [GH3]:   Unknown(0xb30d9965) (QTypeInt) : 0
01:26:28 INFO  [GH3]:   Unknown(0x40c698af) (QTypeQbKey) : 0x8284d53a
01:26:28 INFO  [GH3]: }
01:26:28 INFO  [GH3]: {
01:26:28 INFO  [GH3]:   Unknown(0xb30d9965) (QTypeInt) : 0
01:26:28 INFO  [GH3]:   Unknown(0x40c698af) (QTypeQbKey) : 0x6be7700f
01:26:28 INFO  [GH3]: }
01:26:29 INFO  [GH3]: {
01:26:29 INFO  [GH3]:   Unknown(0xb30d9965) (QTypeInt) : 0
01:26:29 INFO  [GH3]:   Unknown(0x40c698af) (QTypeQbKey) : 0x85e91123
01:26:29 INFO  [GH3]: }
01:26:29 INFO  [GH3]: {
01:26:29 INFO  [GH3]:   Unknown(0xb30d9965) (QTypeInt) : 0
01:26:29 INFO  [GH3]:   Unknown(0x40c698af) (QTypeQbKey) : 0x9229a850
01:26:29 INFO  [GH3]: }
01:26:29 INFO  [GH3]: {
01:26:29 INFO  [GH3]:   Unknown(0xb30d9965) (QTypeInt) : 0
01:26:29 INFO  [GH3]:   Unknown(0x40c698af) (QTypeQbKey) : 0x75918557
01:26:29 INFO  [GH3]: }
01:26:29 INFO  [GH3]: {
01:26:29 INFO  [GH3]:   Unknown(0xb30d9965) (QTypeInt) : 0
01:26:29 INFO  [GH3]:   Unknown(0x40c698af) (QTypeQbKey) : 0x9b9fe47b
01:26:29 INFO  [GH3]: }
01:26:29 INFO  [GH3]: {
01:26:29 INFO  [GH3]:   Unknown(0xb30d9965) (QTypeInt) : 0
01:26:29 INFO  [GH3]:   Unknown(0x40c698af) (QTypeQbKey) : 0x72fc414e
01:26:29 INFO  [GH3]: }
01:26:29 INFO  [GH3]: {
01:26:29 INFO  [GH3]:   Unknown(0xb30d9965) (QTypeInt) : 0
01:26:29 INFO  [GH3]:   Unknown(0x40c698af) (QTypeQbKey) : 0x9cf22062
01:26:29 INFO  [GH3]: }
01:26:29 INFO  [GH3]: {
01:26:29 INFO  [GH3]:   Unknown(0xb30d9965) (QTypeInt) : 0
01:26:29 INFO  [GH3]:   Unknown(0x40c698af) (QTypeQbKey) : 0xb904fb93
01:26:29 INFO  [GH3]: }
01:26:29 INFO  [GH3]: {
01:26:29 INFO  [GH3]:   Unknown(0xb30d9965) (QTypeInt) : 0
01:26:29 INFO  [GH3]:   Unknown(0x40c698af) (QTypeQbKey) : 0x5ebcd694
01:26:29 INFO  [GH3]: }
01:26:29 INFO  [GH3]: {
01:26:29 INFO  [GH3]:   Unknown(0xb30d9965) (QTypeInt) : 0
01:26:29 INFO  [GH3]:   Unknown(0x40c698af) (QTypeQbKey) : 0xc7b5872e
01:26:29 INFO  [GH3]: }
01:26:29 INFO  [GH3]: {
01:26:29 INFO  [GH3]:   Unknown(0xb30d9965) (QTypeInt) : 0
01:26:29 INFO  [GH3]:   Unknown(0x40c698af) (QTypeQbKey) : 0xc7b5872e
01:26:29 INFO  [GH3]: }
01:26:30 INFO  [GH3]: {
01:26:30 INFO  [GH3]:   Unknown(0xb30d9965) (QTypeInt) : 0
01:26:30 INFO  [GH3]:   Unknown(0x40c698af) (QTypeQbKey) : 0xc7b5872e
01:26:30 INFO  [GH3]: }
01:26:30 INFO  [GH3]: {
01:26:30 INFO  [GH3]:   Unknown(0xb30d9965) (QTypeInt) : 0
01:26:30 INFO  [GH3]:   Unknown(0x40c698af) (QTypeQbKey) : 0xc7b5872e
01:26:30 INFO  [GH3]: }
01:26:30 INFO  [GH3]: {
01:26:30 INFO  [GH3]:   Unknown(0xb30d9965) (QTypeInt) : 0
01:26:30 INFO  [GH3]:   Unknown(0x40c698af) (QTypeQbKey) : 0xc7b5872e
01:26:30 INFO  [GH3]: }
01:26:46 INFO  [GH3]: {
01:26:46 INFO  [GH3]:   Unknown(0xb30d9965) (QTypeInt) : 0
01:26:46 INFO  [GH3]:   Unknown(0x40c698af) (QTypeQbKey) : 0x29bbe602
01:26:46 INFO  [GH3]: }
01:26:46 INFO  [GH3]: {
01:26:46 INFO  [GH3]:   Unknown(0xb30d9965) (QTypeInt) : 0
01:26:46 INFO  [GH3]:   Unknown(0x40c698af) (QTypeQbKey) : 0xce03cb05
01:26:46 INFO  [GH3]: }
01:26:46 INFO  [GH3]: {
01:26:46 INFO  [GH3]:   Unknown(0xb30d9965) (QTypeInt) : 0
01:26:46 INFO  [GH3]:   Unknown(0x40c698af) (QTypeQbKey) : 0xebf510f4
01:26:46 INFO  [GH3]: }
01:26:46 INFO  [GH3]: {
01:26:46 INFO  [GH3]:   Unknown(0xb30d9965) (QTypeInt) : 0
01:26:46 INFO  [GH3]:   Unknown(0x40c698af) (QTypeQbKey) : 0x5fb71d8
01:26:46 INFO  [GH3]: }
01:26:46 INFO  [GH3]: {
01:26:46 INFO  [GH3]:   Unknown(0xb30d9965) (QTypeInt) : 0
01:26:46 INFO  [GH3]:   Unknown(0x40c698af) (QTypeQbKey) : 0xec98d4ed
01:26:46 INFO  [GH3]: }
01:26:46 INFO  [GH3]: {
01:26:46 INFO  [GH3]:   Unknown(0xb30d9965) (QTypeInt) : 0
01:26:46 INFO  [GH3]:   Unknown(0x40c698af) (QTypeQbKey) : 0x296b5c1
01:26:46 INFO  [GH3]: }
