01:23:16 INFO  [Nylon]: Wine was not detected. Assuming we are running on a Windows NT OS Please report this if this detection is an error.
01:23:16 INFO  [Nylon]: Minhook initialized!
01:23:16 INFO  [Nylon]: Setting up default hooks...
01:23:16 INFO  [Nylon]: Hooked function at address: 0x770689E0
01:23:16 INFO  [Nylon]: Hooked function at address: 0x77068320
01:23:16 INFO  [Nylon]: Hooked function at address: 0x77062520
01:23:17 INFO  [Nylon]: Hooked function at address: 0x00530970
01:23:17 INFO  [Nylon]: Hooked function at address: 0x00530940
01:23:17 INFO  [Nylon]: Hooked function at address: 0x004A1780
01:23:17 INFO  [Nylon]: Hooked function at address: 0x00472B50
01:23:17 INFO  [Nylon]: Hooked function at address: 0x0057B940
01:23:17 INFO  [Nylon]: Hooked function at address: 0x00601D30
01:23:17 INFO  [Nylon]: Hooked function at address: 0x0047DFA0
01:23:17 INFO  [Nylon]: Hooked function at address: 0x0057AE20
01:23:17 INFO  [Nylon]: Hooked function at address: 0x00D94EE8
01:23:17 INFO  [Nylon]: Hooked function at address: 0x004A6820
01:23:17 INFO  [Nylon]: Hooked function at address: 0x0047E5B0
01:23:17 INFO  [Nylon]: Finished setting up default hooks.
01:23:17 INFO  [Nylon]: Loading mods...
01:23:17 INFO  [Nylon]: Loading mods from: "C:\Games\Guitar Hero III\nylon\Mods"
01:23:17 INFO  [Nylon]: Checking for: "C:\Games\Guitar Hero III\nylon\Mods\GH3Deluxe\modinfo.json"...
01:23:17 INFO  [Nylon]: Loading...
01:23:17 INFO  [Nylon]: Found mod: gh3dx
01:23:17 INFO  [Nylon]: Finished loading mods.
01:23:17 INFO  [Nylon]: Finished Core Initialization!
01:23:18 INFO  [Nylon]: Expecting: "GH3Deluxe\pak\gh3dx.pak"
01:23:18 INFO  [Nylon]: Found it! Loading...
01:23:18 INFO  [Nylon]: Done!
01:23:18 INFO  [Nylon]: Hooking DirectX 9...
01:23:18 INFO  [Nylon]: Hooked function at address: 0x63116500
01:23:18 INFO  [Nylon]: Hooked function at address: 0x63116120
01:23:18 INFO  [Nylon]: Hooked function at address: 0x5997B040
01:23:18 ERROR [Nylon]: Failed to hook function at address: 0x5997B040 Error Code: 3
01:23:18 INFO  [Nylon]: Finished hooking DirectX 9.
01:23:18 INFO  [Nylon]: Hooked function at address: 0x5997C550
01:23:18 ERROR [Nylon]: Failed to hook function at address: 0x5997C550 Error Code: 3
01:23:19 INFO  [Nylon]: KeyboardSetCooperativeLevel -> 6
01:23:19 INFO  [Nylon]: KeyboardSetCooperativeLevel -> 5
01:23:21 INFO  [GH3]: {
01:23:21 INFO  [GH3]:   Unknown(0x69d0dfaf) (QTypeInt) : 3
01:23:21 INFO  [GH3]:   Unknown(0xd4c98794) (QTypeWString) : "CHECKING..."
01:23:21 INFO  [GH3]:   Unknown(0x26bf66f3) (QTypeQbStruct) : 
01:23:21 INFO  [GH3]: 	{
01:23:21 INFO  [GH3]: 	  Unknown(0xc4745838) (QTypeWString) : "Checking storage device..."
01:23:21 INFO  [GH3]: 	}
01:23:21 INFO  [GH3]: }
01:23:21 INFO  [GH3]: {
01:23:21 INFO  [GH3]:   Unknown(0x69d0dfaf) (QTypeInt) : 3
01:23:21 INFO  [GH3]:   Unknown(0xd4c98794) (QTypeWString) : "SUCCESSFUL"
01:23:21 INFO  [GH3]:   Unknown(0x26bf66f3) (QTypeQbStruct) : 
01:23:21 INFO  [GH3]: 	{
01:23:21 INFO  [GH3]: 	  Unknown(0xc4745838) (QTypeWString) : "Load successful."
01:23:21 INFO  [GH3]: 	}
01:23:21 INFO  [GH3]: }
01:23:23 INFO  [GH3]: {
01:23:23 INFO  [GH3]:   Unknown(0x7323e97c) (QTypeQbArray) : Type:"QTypeQbArray" Size:1115391984
01:23:23 INFO  [GH3]: }
01:23:24 INFO  [GH3]: {
01:23:24 INFO  [GH3]:   Unknown(0x40c698af) (QTypeQbKey) : 0x87899f29
01:23:24 INFO  [GH3]: }
01:23:24 INFO  [GH3]: {
01:23:24 INFO  [GH3]:   Unknown(0x40c698af) (QTypeQbKey) : 0xed108a91
01:23:24 INFO  [GH3]: }
01:23:24 INFO  [GH3]: {
01:23:24 INFO  [GH3]:   Unknown(0x40c698af) (QTypeQbKey) : 0x31eebbd
01:23:24 INFO  [GH3]: }
01:23:24 INFO  [GH3]: {
01:23:24 INFO  [GH3]:   Unknown(0x40c698af) (QTypeQbKey) : 0xea7d4e88
01:23:24 INFO  [GH3]: }
01:23:24 INFO  [GH3]: {
01:23:25 INFO  [GH3]:   Unknown(0x40c698af) (QTypeQbKey) : 0x4732fa4
01:23:25 INFO  [GH3]: }
01:23:25 INFO  [GH3]: {
01:23:25 INFO  [GH3]:   Unknown(0xb30d9965) (QTypeInt) : 0
01:23:25 INFO  [GH3]:   Unknown(0x40c698af) (QTypeQbKey) : 0x76155139
01:23:25 INFO  [GH3]: }
01:23:25 INFO  [GH3]: {
01:23:25 INFO  [GH3]:   Unknown(0xb30d9965) (QTypeInt) : 0
01:23:25 INFO  [GH3]:   Unknown(0x40c698af) (QTypeQbKey) : 0x91ad7c3e
01:23:25 INFO  [GH3]: }
01:23:25 INFO  [GH3]: {
01:23:25 INFO  [GH3]:   Unknown(0xb30d9965) (QTypeInt) : 0
01:23:25 INFO  [GH3]:   Unknown(0x40c698af) (QTypeQbKey) : 0x866dc54d
01:23:25 INFO  [GH3]: }
01:23:25 INFO  [GH3]: {
01:23:25 INFO  [GH3]:   Unknown(0xb30d9965) (QTypeInt) : 0
01:23:25 INFO  [GH3]:   Unknown(0x40c698af) (QTypeQbKey) : 0x6863a461
01:23:25 INFO  [GH3]: }
01:23:25 INFO  [GH3]: {
01:23:25 INFO  [GH3]:   Unknown(0xb30d9965) (QTypeInt) : 0
01:23:25 INFO  [GH3]:   Unknown(0x40c698af) (QTypeQbKey) : 0x81000154
01:23:25 INFO  [GH3]: }
01:23:25 INFO  [GH3]: {
01:23:25 INFO  [GH3]:   Unknown(0xb30d9965) (QTypeInt) : 0
01:23:25 INFO  [GH3]:   Unknown(0x40c698af) (QTypeQbKey) : 0x6f0e6078
01:23:25 INFO  [GH3]: }
01:23:25 INFO  [GH3]: {
01:23:25 INFO  [GH3]:   Unknown(0xb30d9965) (QTypeInt) : 0
01:23:25 INFO  [GH3]:   Unknown(0x40c698af) (QTypeQbKey) : 0x88b64d7f
01:23:25 INFO  [GH3]: }
01:23:25 INFO  [GH3]: {
01:23:25 INFO  [GH3]:   Unknown(0xb30d9965) (QTypeInt) : 0
01:23:25 INFO  [GH3]:   Unknown(0x40c698af) (QTypeQbKey) : 0xc92c538a
01:23:25 INFO  [GH3]: }
01:23:25 INFO  [GH3]: {
01:23:25 INFO  [GH3]:   Unknown(0xb30d9965) (QTypeInt) : 0
01:23:25 INFO  [GH3]:   Unknown(0x40c698af) (QTypeQbKey) : 0x272232a6
01:23:25 INFO  [GH3]: }
01:23:25 INFO  [GH3]: {
01:23:25 INFO  [GH3]:   Unknown(0xb30d9965) (QTypeInt) : 0
01:23:25 INFO  [GH3]:   Unknown(0x40c698af) (QTypeQbKey) : 0xce419793
01:23:25 INFO  [GH3]: }
01:23:25 INFO  [GH3]: {
01:23:25 INFO  [GH3]:   Unknown(0xb30d9965) (QTypeInt) : 0
01:23:25 INFO  [GH3]:   Unknown(0x40c698af) (QTypeQbKey) : 0x204ff6bf
01:23:25 INFO  [GH3]: }
01:23:25 INFO  [GH3]: {
01:23:25 INFO  [GH3]:   Unknown(0xb30d9965) (QTypeInt) : 0
01:23:25 INFO  [GH3]:   Unknown(0x40c698af) (QTypeQbKey) : 0xc7f7dbb8
01:23:25 INFO  [GH3]: }
01:23:25 INFO  [GH3]: {
01:23:25 INFO  [GH3]:   Unknown(0xb30d9965) (QTypeInt) : 0
01:23:25 INFO  [GH3]:   Unknown(0x40c698af) (QTypeQbKey) : 0xd03762cb
01:23:25 INFO  [GH3]: }
01:23:25 INFO  [GH3]: {
01:23:25 INFO  [GH3]:   Unknown(0xb30d9965) (QTypeInt) : 0
01:23:25 INFO  [GH3]:   Unknown(0x40c698af) (QTypeQbKey) : 0x3e3903e7
01:23:25 INFO  [GH3]: }
01:23:25 INFO  [GH3]: {
01:23:25 INFO  [GH3]:   Unknown(0xb30d9965) (QTypeInt) : 0
01:23:25 INFO  [GH3]:   Unknown(0x40c698af) (QTypeQbKey) : 0xd75aa6d2
01:23:25 INFO  [GH3]: }
01:23:25 INFO  [GH3]: {
01:23:25 INFO  [GH3]:   Unknown(0xb30d9965) (QTypeInt) : 0
01:23:25 INFO  [GH3]:   Unknown(0x40c698af) (QTypeQbKey) : 0x3954c7fe
01:23:25 INFO  [GH3]: }
01:23:25 INFO  [GH3]: {
01:23:25 INFO  [GH3]:   Unknown(0xb30d9965) (QTypeInt) : 0
01:23:25 INFO  [GH3]:   Unknown(0x40c698af) (QTypeQbKey) : 0xdeeceaf9
01:23:25 INFO  [GH3]: }
01:23:26 INFO  [GH3]: {
01:23:26 INFO  [GH3]:   Unknown(0xb30d9965) (QTypeInt) : 0
01:23:26 INFO  [GH3]:   Unknown(0x40c698af) (QTypeQbKey) : 0xfb1a3108
01:23:26 INFO  [GH3]: }
01:23:27 INFO  [GH3]: {
01:23:27 INFO  [GH3]:   Unknown(0xb30d9965) (QTypeInt) : 0
01:23:27 INFO  [GH3]:   Unknown(0x40c698af) (QTypeQbKey) : 0x15145024
01:23:27 INFO  [GH3]: }
01:23:27 INFO  [GH3]: {
01:23:27 INFO  [GH3]:   Unknown(0xb30d9965) (QTypeInt) : 0
01:23:27 INFO  [GH3]:   Unknown(0x40c698af) (QTypeQbKey) : 0x15145024
01:23:27 INFO  [GH3]: }
01:23:27 INFO  [GH3]: {
01:23:27 INFO  [GH3]:   Unknown(0xb30d9965) (QTypeInt) : 0
01:23:27 INFO  [GH3]:   Unknown(0x40c698af) (QTypeQbKey) : 0x15145024
01:23:27 INFO  [GH3]: }
01:23:27 INFO  [GH3]: {
01:23:27 INFO  [GH3]:   Unknown(0xb30d9965) (QTypeInt) : 0
01:23:27 INFO  [GH3]:   Unknown(0x40c698af) (QTypeQbKey) : 0x8c1d019e
01:23:27 INFO  [GH3]: }
01:23:28 INFO  [GH3]: {
01:23:28 INFO  [GH3]:   Unknown(0xb30d9965) (QTypeInt) : 0
01:23:28 INFO  [GH3]:   Unknown(0x40c698af) (QTypeQbKey) : 0xa9ebda6f
01:23:28 INFO  [GH3]: }
01:23:28 INFO  [GH3]: {
01:23:28 INFO  [GH3]:   Unknown(0xb30d9965) (QTypeInt) : 0
01:23:28 INFO  [GH3]:   Unknown(0x40c698af) (QTypeQbKey) : 0x4e53f768
01:23:28 INFO  [GH3]: }
01:23:28 INFO  [GH3]: {
01:23:28 INFO  [GH3]:   Unknown(0xb30d9965) (QTypeInt) : 0
01:23:28 INFO  [GH3]:   Unknown(0x40c698af) (QTypeQbKey) : 0xa05d9644
01:23:28 INFO  [GH3]: }
01:23:28 INFO  [GH3]: {
01:23:28 INFO  [GH3]:   Unknown(0xb30d9965) (QTypeInt) : 0
01:23:28 INFO  [GH3]:   Unknown(0x40c698af) (QTypeQbKey) : 0x493e3371
01:23:28 INFO  [GH3]: }
01:23:28 INFO  [GH3]: {
01:23:28 INFO  [GH3]:   Unknown(0xb30d9965) (QTypeInt) : 0
01:23:28 INFO  [GH3]:   Unknown(0x40c698af) (QTypeQbKey) : 0xa730525d
01:23:28 INFO  [GH3]: }
01:23:28 INFO  [GH3]: {
01:23:28 INFO  [GH3]:   Unknown(0xb30d9965) (QTypeInt) : 0
01:23:28 INFO  [GH3]:   Unknown(0x40c698af) (QTypeQbKey) : 0xb0f0eb2e
01:23:29 INFO  [GH3]: }
01:23:29 INFO  [GH3]: {
01:23:29 INFO  [GH3]:   Unknown(0xb30d9965) (QTypeInt) : 0
01:23:29 INFO  [GH3]:   Unknown(0x40c698af) (QTypeQbKey) : 0x5748c629
01:23:29 INFO  [GH3]: }
01:23:29 INFO  [GH3]: {
01:23:29 INFO  [GH3]:   Unknown(0xb30d9965) (QTypeInt) : 0
01:23:29 INFO  [GH3]:   Unknown(0x40c698af) (QTypeQbKey) : 0xb946a705
01:23:29 INFO  [GH3]: }
01:23:29 INFO  [GH3]: {
01:23:29 INFO  [GH3]:   Unknown(0xb30d9965) (QTypeInt) : 0
01:23:29 INFO  [GH3]:   Unknown(0x40c698af) (QTypeQbKey) : 0x50250230
01:23:29 INFO  [GH3]: }
01:23:29 INFO  [GH3]: {
01:23:29 INFO  [GH3]:   Unknown(0xb30d9965) (QTypeInt) : 0
01:23:29 INFO  [GH3]:   Unknown(0x40c698af) (QTypeQbKey) : 0xbe2b631c
01:23:29 INFO  [GH3]: }
01:23:29 INFO  [GH3]: {
01:23:29 INFO  [GH3]:   Unknown(0xb30d9965) (QTypeInt) : 0
01:23:29 INFO  [GH3]:   Unknown(0x40c698af) (QTypeQbKey) : 0xffb17de9
01:23:29 INFO  [GH3]: }
01:23:29 INFO  [GH3]: {
01:23:29 INFO  [GH3]:   Unknown(0xb30d9965) (QTypeInt) : 0
01:23:29 INFO  [GH3]:   Unknown(0x40c698af) (QTypeQbKey) : 0x180950ee
01:23:29 INFO  [GH3]: }
01:23:29 INFO  [GH3]: {
01:23:29 INFO  [GH3]:   Unknown(0xb30d9965) (QTypeInt) : 0
01:23:29 INFO  [GH3]:   Unknown(0x40c698af) (QTypeQbKey) : 0xf60731c2
01:23:29 INFO  [GH3]: }
01:23:29 INFO  [GH3]: {
01:23:29 INFO  [GH3]:   Unknown(0xb30d9965) (QTypeInt) : 0
01:23:29 INFO  [GH3]:   Unknown(0x40c698af) (QTypeQbKey) : 0x1f6494f7
01:23:29 INFO  [GH3]: }
01:23:29 INFO  [GH3]: {
01:23:29 INFO  [GH3]:   Unknown(0xb30d9965) (QTypeInt) : 0
01:23:29 INFO  [GH3]:   Unknown(0x40c698af) (QTypeQbKey) : 0xf16af5db
01:23:29 INFO  [GH3]: }
01:23:30 INFO  [GH3]: {
01:23:30 INFO  [GH3]:   Unknown(0xb30d9965) (QTypeInt) : 0
01:23:30 INFO  [GH3]:   Unknown(0x40c698af) (QTypeQbKey) : 0xe6aa4ca8
01:23:30 INFO  [GH3]: }
01:23:30 INFO  [GH3]: {
01:23:30 INFO  [GH3]:   Unknown(0xb30d9965) (QTypeInt) : 0
01:23:30 INFO  [GH3]:   Unknown(0x40c698af) (QTypeQbKey) : 0x11261af
01:23:30 INFO  [GH3]: }
01:23:30 INFO  [GH3]: {
01:23:30 INFO  [GH3]:   Unknown(0xb30d9965) (QTypeInt) : 0
01:23:30 INFO  [GH3]:   Unknown(0x40c698af) (QTypeQbKey) : 0xef1c0083
01:23:30 INFO  [GH3]: }
01:23:30 INFO  [GH3]: {
01:23:30 INFO  [GH3]:   Unknown(0xb30d9965) (QTypeInt) : 0
01:23:30 INFO  [GH3]:   Unknown(0x40c698af) (QTypeQbKey) : 0x981b3015
01:23:30 INFO  [GH3]: }
01:23:30 INFO  [GH3]: {
01:23:30 INFO  [GH3]:   Unknown(0xb30d9965) (QTypeInt) : 0
01:23:30 INFO  [GH3]:   Unknown(0x40c698af) (QTypeQbKey) : 0x981b3015
01:23:30 INFO  [GH3]: }
01:23:30 INFO  [GH3]: {
01:23:30 INFO  [GH3]:   Unknown(0xb30d9965) (QTypeInt) : 0
01:23:30 INFO  [GH3]:   Unknown(0x40c698af) (QTypeQbKey) : 0x981b3015
01:23:30 INFO  [GH3]: }
01:23:30 INFO  [GH3]: {
01:23:30 INFO  [GH3]:   Unknown(0xb30d9965) (QTypeInt) : 0
01:23:30 INFO  [GH3]:   Unknown(0x40c698af) (QTypeQbKey) : 0x981b3015
01:23:30 INFO  [GH3]: }
01:23:30 INFO  [GH3]: {
01:23:30 INFO  [GH3]:   Unknown(0xb30d9965) (QTypeInt) : 0
01:23:30 INFO  [GH3]:   Unknown(0x40c698af) (QTypeQbKey) : 0x981b3015
01:23:30 INFO  [GH3]: }
01:23:30 INFO  [GH3]: {
01:23:30 INFO  [GH3]:   Unknown(0xb30d9965) (QTypeInt) : 0
01:23:30 INFO  [GH3]:   Unknown(0x40c698af) (QTypeQbKey) : 0x981b3015
01:23:30 INFO  [GH3]: }
