05:47:54 INFO  [Nylon]: Wine was not detected. Assuming we are running on a Windows NT OS Please report this if this detection is an error.
05:47:54 INFO  [Nylon]: Minhook initialized!
05:47:54 INFO  [Nylon]: Setting up default hooks...
05:47:54 INFO  [Nylon]: Hooked function at address: 0x770689E0
05:47:54 INFO  [Nylon]: Hooked function at address: 0x77068320
05:47:54 INFO  [Nylon]: Hooked function at address: 0x77062520
05:47:54 INFO  [Nylon]: Hooked function at address: 0x00530970
05:47:54 INFO  [Nylon]: Hooked function at address: 0x00530940
05:47:54 INFO  [Nylon]: Hooked function at address: 0x004A1780
05:47:54 INFO  [Nylon]: Hooked function at address: 0x00472B50
05:47:54 INFO  [Nylon]: Hooked function at address: 0x0057B940
05:47:54 INFO  [Nylon]: Hooked function at address: 0x00601D30
05:47:54 INFO  [Nylon]: Hooked function at address: 0x0047DFA0
05:47:54 INFO  [Nylon]: Hooked function at address: 0x0057AE20
05:47:54 INFO  [Nylon]: Hooked function at address: 0x00D94EE8
05:47:54 INFO  [Nylon]: Hooked function at address: 0x004A6820
05:47:54 INFO  [Nylon]: Hooked function at address: 0x0047E5B0
05:47:55 INFO  [Nylon]: Finished setting up default hooks.
05:47:55 INFO  [Nylon]: Loading mods...
05:47:55 INFO  [Nylon]: Loading mods from: "C:\Games\Guitar Hero III\nylon\Mods"
05:47:55 INFO  [Nylon]: Checking for: "C:\Games\Guitar Hero III\nylon\Mods\GH3Deluxe\modinfo.json"...
05:47:55 INFO  [Nylon]: Loading...
05:47:55 INFO  [Nylon]: Found mod: gh3dx
05:47:55 INFO  [Nylon]: Finished loading mods.
05:47:55 INFO  [Nylon]: Finished Core Initialization!
05:47:55 INFO  [Nylon]: Expecting: "GH3Deluxe\pak\gh3dx.pak"
05:47:55 INFO  [Nylon]: Found it! Loading...
05:47:55 INFO  [Nylon]: Done!
05:47:55 INFO  [Nylon]: Hooking DirectX 9...
05:47:56 INFO  [Nylon]: Hooked function at address: 0x598B6500
05:47:56 INFO  [Nylon]: Hooked function at address: 0x598B6120
05:47:56 INFO  [Nylon]: Hooked function at address: 0x0487B040
05:47:56 ERROR [Nylon]: Failed to hook function at address: 0x0487B040 Error Code: 3
05:47:56 INFO  [Nylon]: Finished hooking DirectX 9.
05:47:56 INFO  [Nylon]: Hooked function at address: 0x0487C550
05:47:56 ERROR [Nylon]: Failed to hook function at address: 0x0487C550 Error Code: 3
05:47:56 INFO  [Nylon]: KeyboardSetCooperativeLevel -> 6
05:47:56 INFO  [Nylon]: KeyboardSetCooperativeLevel -> 5
05:48:17 INFO  [GH3]: {
05:48:17 INFO  [GH3]:   Unknown(0x69d0dfaf) (QTypeInt) : 0
05:48:17 INFO  [GH3]:   Unknown(0xd4c98794) (QTypeWString) : "CHECKING..."
05:48:17 INFO  [GH3]:   Unknown(0x26bf66f3) (QTypeQbStruct) : 
05:48:17 INFO  [GH3]: 	{
05:48:17 INFO  [GH3]: 	  Unknown(0xc4745838) (QTypeWString) : "Checking storage device..."
05:48:17 INFO  [GH3]: 	}
05:48:17 INFO  [GH3]: }
05:48:18 INFO  [GH3]: {
05:48:18 INFO  [GH3]:   Unknown(0x69d0dfaf) (QTypeInt) : 0
05:48:18 INFO  [GH3]:   Unknown(0xd4c98794) (QTypeWString) : "DELETING..."
05:48:18 INFO  [GH3]:   Unknown(0x26bf66f3) (QTypeQbStruct) : 
05:48:18 INFO  [GH3]: 	{
05:48:18 INFO  [GH3]: 	  Unknown(0xc4745838) (QTypeWString) : "Deleting Content."
05:48:18 INFO  [GH3]: 	}
05:48:18 INFO  [GH3]: }
05:48:22 INFO  [GH3]: {
05:48:22 INFO  [GH3]:   Unknown(0x69d0dfaf) (QTypeInt) : 0
05:48:22 INFO  [GH3]:   Unknown(0xd4c98794) (QTypeWString) : "CHECKING..."
05:48:22 INFO  [GH3]:   Unknown(0x26bf66f3) (QTypeQbStruct) : 
05:48:22 INFO  [GH3]: 	{
05:48:22 INFO  [GH3]: 	  Unknown(0xc4745838) (QTypeWString) : "Checking storage device..."
05:48:22 INFO  [GH3]: 	}
05:48:22 INFO  [GH3]: }
05:48:22 INFO  [GH3]: {
05:48:22 INFO  [GH3]:   Unknown(0x69d0dfaf) (QTypeInt) : 0
05:48:22 INFO  [GH3]:   Unknown(0xd4c98794) (QTypeWString) : "SUCCESSFUL"
05:48:22 INFO  [GH3]:   Unknown(0x26bf66f3) (QTypeQbStruct) : 
05:48:22 INFO  [GH3]: 	{
05:48:22 INFO  [GH3]: 	  Unknown(0xc4745838) (QTypeWString) : "Save successful."
05:48:22 INFO  [GH3]: 	}
05:48:22 INFO  [GH3]: }
05:48:32 INFO  [GH3]: {
05:48:32 INFO  [GH3]:   Unknown(0x69d0dfaf) (QTypeInt) : 0
05:48:32 INFO  [GH3]:   Unknown(0xd4c98794) (QTypeWString) : "CHECKING..."
05:48:32 INFO  [GH3]:   Unknown(0x26bf66f3) (QTypeQbStruct) : 
05:48:32 INFO  [GH3]: 	{
05:48:32 INFO  [GH3]: 	  Unknown(0xc4745838) (QTypeWString) : "Checking storage device..."
05:48:32 INFO  [GH3]: 	}
05:48:32 INFO  [GH3]: }
05:48:32 INFO  [GH3]: {
05:48:32 INFO  [GH3]:   Unknown(0x69d0dfaf) (QTypeInt) : 0
05:48:32 INFO  [GH3]:   Unknown(0xd4c98794) (QTypeWString) : "SUCCESSFUL"
05:48:32 INFO  [GH3]:   Unknown(0x26bf66f3) (QTypeQbStruct) : 
05:48:32 INFO  [GH3]: 	{
05:48:32 INFO  [GH3]: 	  Unknown(0xc4745838) (QTypeWString) : "Overwrite successful."
05:48:32 INFO  [GH3]: 	}
05:48:32 INFO  [GH3]: }
05:48:34 INFO  [GH3]: {
05:48:34 INFO  [GH3]:   Unknown(0x40c698af) (QTypeQbKey) : 0x54b037a4
05:48:34 INFO  [GH3]:   Unknown(0xcce57b1a) (QTypePair) : (512, 93)
05:48:34 INFO  [GH3]:   Unknown(0x3b15bf22) (QTypePair) : (190, 53)
05:48:34 INFO  [GH3]: }
05:48:34 INFO  [GH3]: {
05:48:34 INFO  [GH3]:   Unknown(0x40c698af) (QTypeQbKey) : 0xbabe5688
05:48:34 INFO  [GH3]:   Unknown(0xcce57b1a) (QTypePair) : (508, 178)
05:48:34 INFO  [GH3]:   Unknown(0x3b15bf22) (QTypePair) : (192, 52)
05:48:34 INFO  [GH3]: }
05:48:34 INFO  [GH3]: {
05:48:34 INFO  [GH3]:   Unknown(0x40c698af) (QTypeQbKey) : 0x53ddf3bd
05:48:34 INFO  [GH3]:   Unknown(0xcce57b1a) (QTypePair) : (500, 258)
05:48:34 INFO  [GH3]:   Unknown(0x3b15bf22) (QTypePair) : (186, 38)
05:48:34 INFO  [GH3]: }
05:48:35 INFO  [GH3]: {
05:48:35 INFO  [GH3]:   Unknown(0x40c698af) (QTypeQbKey) : 0xbdd39291
05:48:35 INFO  [GH3]:   Unknown(0xcce57b1a) (QTypePair) : (500, 348)
05:48:35 INFO  [GH3]:   Unknown(0x3b15bf22) (QTypePair) : (190, 50)
05:48:35 INFO  [GH3]: }
05:48:35 INFO  [GH3]: {
05:48:35 INFO  [GH3]:   Unknown(0x40c698af) (QTypeQbKey) : 0x5a6bbf96
05:48:35 INFO  [GH3]:   Unknown(0xcce57b1a) (QTypePair) : (491, 436)
05:48:35 INFO  [GH3]:   Unknown(0x3b15bf22) (QTypePair) : (185, 35)
05:48:35 INFO  [GH3]: }
05:48:35 INFO  [GH3]: {
05:48:35 INFO  [GH3]:   Unknown(0x40c698af) (QTypeQbKey) : 0x8031d7fc
05:48:35 INFO  [GH3]:   Unknown(0xcce57b1a) (QTypePair) : (488, 521)
05:48:35 INFO  [GH3]:   Unknown(0x3b15bf22) (QTypePair) : (185, 40)
05:48:35 INFO  [GH3]: }
05:48:38 INFO  [GH3]: {
05:48:38 INFO  [GH3]:   Unknown(0x7323e97c) (QTypeQbArray) : Type:"QTypeQbArray" Size:1099666128
05:48:38 INFO  [GH3]: }
05:48:41 INFO  [GH3]: {
05:48:41 INFO  [GH3]:   Unknown(0x00000000) (QTypeQbKey) : 0xff03cc4e
05:48:41 INFO  [GH3]:   Unknown(0x520c0c9c) (QTypeQbKey) : 0x806fff30
05:48:41 INFO  [GH3]:   Unknown(0x26861025) (QTypeQbKey) : 0x219d6890
05:48:41 INFO  [GH3]:   Unknown(0xec953eec) (QTypeInt) : 0
05:48:41 INFO  [GH3]: }
05:48:41 INFO  [GH3]: {
05:48:41 INFO  [GH3]:   Unknown(0x40c698af) (QTypeQbKey) : 0x378ed530
05:48:41 INFO  [GH3]: }
05:48:42 INFO  [GH3]: {
05:48:42 INFO  [GH3]:   Unknown(0x40c698af) (QTypeQbKey) : 0xed108a91
05:48:42 INFO  [GH3]: }
05:48:42 INFO  [GH3]: {
05:48:42 INFO  [GH3]:   Unknown(0xb30d9965) (QTypeInt) : 0
05:48:42 INFO  [GH3]:   Unknown(0x40c698af) (QTypeQbKey) : 0x4a1e9958
05:48:42 INFO  [GH3]: }
05:48:42 INFO  [GH3]: {
05:48:42 INFO  [GH3]:   Unknown(0xb30d9965) (QTypeInt) : 0
05:48:42 INFO  [GH3]:   Unknown(0x40c698af) (QTypeQbKey) : 0xada6b45f
05:48:42 INFO  [GH3]: }
05:48:43 INFO  [GH3]: {
05:48:43 INFO  [GH3]:   Unknown(0xb30d9965) (QTypeInt) : 0
05:48:43 INFO  [GH3]:   Unknown(0x40c698af) (QTypeQbKey) : 0xba660d2c
05:48:43 INFO  [GH3]: }
05:48:43 INFO  [GH3]: {
05:48:43 INFO  [GH3]:   Unknown(0xb30d9965) (QTypeInt) : 0
05:48:43 INFO  [GH3]:   Unknown(0x40c698af) (QTypeQbKey) : 0x54686c00
05:48:43 INFO  [GH3]: }
05:48:43 INFO  [GH3]: {
05:48:43 INFO  [GH3]:   Unknown(0xb30d9965) (QTypeInt) : 0
05:48:43 INFO  [GH3]:   Unknown(0x40c698af) (QTypeQbKey) : 0xbd0bc935
05:48:43 INFO  [GH3]: }
05:48:43 INFO  [GH3]: {
05:48:43 INFO  [GH3]:   Unknown(0xb30d9965) (QTypeInt) : 0
05:48:43 INFO  [GH3]:   Unknown(0x40c698af) (QTypeQbKey) : 0x5305a819
05:48:43 INFO  [GH3]: }
05:48:43 INFO  [GH3]: {
05:48:43 INFO  [GH3]:   Unknown(0xb30d9965) (QTypeInt) : 0
05:48:43 INFO  [GH3]:   Unknown(0x40c698af) (QTypeQbKey) : 0xb4bd851e
05:48:43 INFO  [GH3]: }
05:48:43 INFO  [GH3]: {
05:48:43 INFO  [GH3]:   Unknown(0xb30d9965) (QTypeInt) : 0
05:48:43 INFO  [GH3]:   Unknown(0x40c698af) (QTypeQbKey) : 0x6a66dc52
05:48:44 INFO  [GH3]: }
05:48:44 INFO  [GH3]: {
05:48:44 INFO  [GH3]:   Unknown(0xb30d9965) (QTypeInt) : 0
05:48:44 INFO  [GH3]:   Unknown(0x40c698af) (QTypeQbKey) : 0x8468bd7e
05:48:44 INFO  [GH3]: }
05:48:44 INFO  [GH3]: {
05:48:44 INFO  [GH3]:   Unknown(0xb30d9965) (QTypeInt) : 0
05:48:44 INFO  [GH3]:   Unknown(0x40c698af) (QTypeQbKey) : 0x6d0b184b
05:48:44 INFO  [GH3]: }
05:48:44 INFO  [GH3]: {
05:48:44 INFO  [GH3]:   Unknown(0xb30d9965) (QTypeInt) : 0
05:48:44 INFO  [GH3]:   Unknown(0x40c698af) (QTypeQbKey) : 0x83057967
05:48:44 INFO  [GH3]: }
05:48:44 INFO  [GH3]: {
05:48:44 INFO  [GH3]:   Unknown(0xb30d9965) (QTypeInt) : 0
05:48:44 INFO  [GH3]:   Unknown(0x40c698af) (QTypeQbKey) : 0x64bd5460
05:48:44 INFO  [GH3]: }
05:48:44 INFO  [GH3]: {
05:48:44 INFO  [GH3]:   Unknown(0xb30d9965) (QTypeInt) : 0
05:48:44 INFO  [GH3]:   Unknown(0x40c698af) (QTypeQbKey) : 0x737ded13
05:48:44 INFO  [GH3]: }
05:48:44 INFO  [GH3]: {
05:48:44 INFO  [GH3]:   Unknown(0xb30d9965) (QTypeInt) : 0
05:48:44 INFO  [GH3]:   Unknown(0x40c698af) (QTypeQbKey) : 0x9d738c3f
05:48:44 INFO  [GH3]: }
05:48:44 INFO  [GH3]: {
05:48:44 INFO  [GH3]:   Unknown(0xb30d9965) (QTypeInt) : 0
05:48:44 INFO  [GH3]:   Unknown(0x40c698af) (QTypeQbKey) : 0x7410290a
05:48:44 INFO  [GH3]: }
05:48:44 INFO  [GH3]: {
05:48:44 INFO  [GH3]:   Unknown(0xb30d9965) (QTypeInt) : 0
05:48:44 INFO  [GH3]:   Unknown(0x40c698af) (QTypeQbKey) : 0x9a1e4826
05:48:44 INFO  [GH3]: }
05:48:44 INFO  [GH3]: {
05:48:44 INFO  [GH3]:   Unknown(0xb30d9965) (QTypeInt) : 0
05:48:44 INFO  [GH3]:   Unknown(0x40c698af) (QTypeQbKey) : 0x7da66521
05:48:44 INFO  [GH3]: }
05:48:45 INFO  [GH3]: {
05:48:45 INFO  [GH3]:   Unknown(0xb30d9965) (QTypeInt) : 0
05:48:45 INFO  [GH3]:   Unknown(0x40c698af) (QTypeQbKey) : 0x5850bed0
05:48:45 INFO  [GH3]: }
05:48:45 INFO  [GH3]: {
05:48:45 INFO  [GH3]:   Unknown(0xb30d9965) (QTypeInt) : 0
05:48:45 INFO  [GH3]:   Unknown(0x40c698af) (QTypeQbKey) : 0xb65edffc
05:48:45 INFO  [GH3]: }
05:48:45 INFO  [GH3]: {
05:48:45 INFO  [GH3]:   Unknown(0xb30d9965) (QTypeInt) : 0
05:48:45 INFO  [GH3]:   Unknown(0x40c698af) (QTypeQbKey) : 0xb65edffc
05:48:45 INFO  [GH3]: }
05:48:45 INFO  [GH3]: {
05:48:45 INFO  [GH3]:   Unknown(0xb30d9965) (QTypeInt) : 0
05:48:45 INFO  [GH3]:   Unknown(0x40c698af) (QTypeQbKey) : 0xb65edffc
05:48:45 INFO  [GH3]: }
05:48:45 INFO  [GH3]: {
05:48:45 INFO  [GH3]:   Unknown(0xb30d9965) (QTypeInt) : 0
05:48:45 INFO  [GH3]:   Unknown(0x40c698af) (QTypeQbKey) : 0xb65edffc
05:48:45 INFO  [GH3]: }
05:48:46 INFO  [GH3]: {
05:48:46 INFO  [GH3]:   Unknown(0x40c698af) (QTypeQbKey) : 0x9a17ba07
05:48:46 INFO  [GH3]: }
05:48:46 INFO  [GH3]: {
05:48:46 INFO  [GH3]:   Unknown(0x40c698af) (QTypeQbKey) : 0x284216d1
05:48:46 INFO  [GH3]: }
05:48:48 INFO  [GH3]: {
05:48:48 INFO  [GH3]:   Unknown(0x7323e97c) (QTypeQbArray) : Type:"QTypeQbArray" Size:1103168688
05:48:48 INFO  [GH3]: }
05:48:50 INFO  [GH3]: {
05:48:50 INFO  [GH3]:   Unknown(0x69d0dfaf) (QTypeInt) : 0
05:48:50 INFO  [GH3]:   Unknown(0x26bf66f3) (QTypeQbStruct) : 
05:48:50 INFO  [GH3]: 	{
05:48:50 INFO  [GH3]: 	  Unknown(0xc4745838) (QTypeStringPointer) : (not implemented, please report this to Vultu with your code!)
05:48:50 INFO  [GH3]: 	}
05:48:50 INFO  [GH3]:   Unknown(0xe787d761) (QTypePair) : (640, 490)
05:48:50 INFO  [GH3]:   Unknown(0xad8a5a63) (QTypePair) : (288, 64)
05:48:50 INFO  [GH3]:   Unknown(0x2fca0578) (QTypeQbArray) : Type:"QTypeQbArray" Size:1103163776
05:48:50 INFO  [GH3]: }
