08:50:51 INFO  [Nylon]: Wine was not detected. Assuming we are running on a Windows NT OS Please report this if this detection is an error.
08:50:51 INFO  [Nylon]: Minhook initialized!
08:50:51 INFO  [Nylon]: Setting up default hooks...
08:50:51 INFO  [Nylon]: Hooked function at address: 0x757889E0
08:50:51 INFO  [Nylon]: Hooked function at address: 0x75788320
08:50:51 INFO  [Nylon]: Hooked function at address: 0x75782520
08:50:52 INFO  [Nylon]: Hooked function at address: 0x00530970
08:50:52 INFO  [Nylon]: Hooked function at address: 0x00530940
08:50:52 INFO  [Nylon]: Hooked function at address: 0x004A1780
08:50:52 INFO  [Nylon]: Hooked function at address: 0x00472B50
08:50:52 INFO  [Nylon]: Hooked function at address: 0x0057B940
08:50:52 INFO  [Nylon]: Hooked function at address: 0x00601D30
08:50:52 INFO  [Nylon]: Hooked function at address: 0x0047DFA0
08:50:52 INFO  [Nylon]: Hooked function at address: 0x0057AE20
08:50:52 INFO  [Nylon]: Hooked function at address: 0x00D94EE8
08:50:52 INFO  [Nylon]: Hooked function at address: 0x004A6820
08:50:52 INFO  [Nylon]: Hooked function at address: 0x0047E5B0
08:50:52 INFO  [Nylon]: Finished setting up default hooks.
08:50:52 INFO  [Nylon]: Loading mods...
08:50:52 INFO  [Nylon]: Loading mods from: "C:\Games\Guitar Hero III\nylon\Mods"
08:50:52 INFO  [Nylon]: Checking for: "C:\Games\Guitar Hero III\nylon\Mods\GH3Deluxe\modinfo.json"...
08:50:52 INFO  [Nylon]: Loading...
08:50:52 INFO  [Nylon]: Found mod: gh3dx
08:50:52 INFO  [Nylon]: Finished loading mods.
08:50:52 INFO  [Nylon]: Finished Core Initialization!
08:50:53 INFO  [Nylon]: Expecting: "GH3Deluxe\pak\gh3dx.pak"
08:50:53 INFO  [Nylon]: Found it! Loading...
08:50:53 INFO  [Nylon]: Done!
08:50:53 INFO  [Nylon]: Hooking DirectX 9...
08:50:53 INFO  [Nylon]: Hooked function at address: 0x58706500
08:50:53 INFO  [Nylon]: Hooked function at address: 0x58706120
08:50:53 INFO  [Nylon]: Hooked function at address: 0x7A0EB040
08:50:53 ERROR [Nylon]: Failed to hook function at address: 0x7A0EB040 Error Code: 3
08:50:53 INFO  [Nylon]: Finished hooking DirectX 9.
08:50:53 INFO  [Nylon]: Hooked function at address: 0x7A0EC550
08:50:53 ERROR [Nylon]: Failed to hook function at address: 0x7A0EC550 Error Code: 3
08:50:54 INFO  [Nylon]: KeyboardSetCooperativeLevel -> 6
08:50:54 INFO  [Nylon]: KeyboardSetCooperativeLevel -> 5
08:50:58 INFO  [GH3]: {
08:50:58 INFO  [GH3]:   Unknown(0x69d0dfaf) (QTypeInt) : 3
08:50:58 INFO  [GH3]:   Unknown(0xd4c98794) (QTypeWString) : "CHECKING..."
08:50:58 INFO  [GH3]:   Unknown(0x26bf66f3) (QTypeQbStruct) : 
08:50:58 INFO  [GH3]: 	{
08:50:58 INFO  [GH3]: 	  Unknown(0xc4745838) (QTypeWString) : "Checking storage device..."
08:50:58 INFO  [GH3]: 	}
08:50:58 INFO  [GH3]: }
08:50:58 INFO  [GH3]: {
08:50:58 INFO  [GH3]:   Unknown(0x69d0dfaf) (QTypeInt) : 3
08:50:58 INFO  [GH3]:   Unknown(0x26bf66f3) (QTypeQbStruct) : 
08:50:58 INFO  [GH3]: 	{
08:50:58 INFO  [GH3]: 	  Unknown(0xc4745838) (QTypeWString) : "Game content is damaged and cannot be used. Do you want to delete this content? All progress within this save content will be lost."
08:50:58 INFO  [GH3]: 	  Unknown(0x34a68574) (QTypePair) : (800, 500)
08:50:58 INFO  [GH3]: 	  Unknown(0x7f261953) (QTypePair) : (640, 375)
08:50:58 INFO  [GH3]: 	  Unknown(0x13b9da7b) (QTypeFloat) : 0.5
08:50:58 INFO  [GH3]: 	}
08:50:58 INFO  [GH3]:   Unknown(0xe787d761) (QTypePair) : (640, 465)
08:50:58 INFO  [GH3]:   Unknown(0xad8a5a63) (QTypePair) : (256, 64)
08:50:58 INFO  [GH3]:   Unknown(0x2fca0578) (QTypeQbArray) : Type:"QTypeQbArray" Size:1114416080
08:50:58 INFO  [GH3]: }
08:50:58 INFO  [GH3]: {
08:50:58 INFO  [GH3]:   Unknown(0x69d0dfaf) (QTypeInt) : 3
08:50:58 INFO  [GH3]:   Unknown(0xd4c98794) (QTypeWString) : "SUCCESSFUL"
08:50:58 INFO  [GH3]:   Unknown(0x26bf66f3) (QTypeQbStruct) : 
08:50:58 INFO  [GH3]: 	{
08:50:58 INFO  [GH3]: 	  Unknown(0xc4745838) (QTypeWString) : "Load successful."
08:50:58 INFO  [GH3]: 	}
08:50:58 INFO  [GH3]: }
08:51:01 INFO  [GH3]: {
08:51:01 INFO  [GH3]:   Unknown(0x7323e97c) (QTypeQbArray) : Type:"QTypeQbArray" Size:1118356016
08:51:01 INFO  [GH3]: }
08:51:02 INFO  [GH3]: {
08:51:02 INFO  [GH3]:   Unknown(0x40c698af) (QTypeQbKey) : 0xfad85b3f
08:51:02 INFO  [GH3]: }
08:51:03 INFO  [GH3]: {
08:51:03 INFO  [GH3]:   Unknown(0x40c698af) (QTypeQbKey) : 0xed108a91
08:51:03 INFO  [GH3]: }
08:51:03 INFO  [GH3]: {
08:51:03 INFO  [GH3]:   Unknown(0x40c698af) (QTypeQbKey) : 0x31eebbd
08:51:03 INFO  [GH3]: }
08:51:03 INFO  [GH3]: {
08:51:03 INFO  [GH3]:   Unknown(0x40c698af) (QTypeQbKey) : 0xea7d4e88
08:51:03 INFO  [GH3]: }
08:51:03 INFO  [GH3]: {
08:51:03 INFO  [GH3]:   Unknown(0x40c698af) (QTypeQbKey) : 0x4732fa4
08:51:03 INFO  [GH3]: }
08:51:03 INFO  [GH3]: {
08:51:03 INFO  [GH3]:   Unknown(0xb30d9965) (QTypeInt) : 0
08:51:03 INFO  [GH3]:   Unknown(0x40c698af) (QTypeQbKey) : 0x29bbe602
08:51:03 INFO  [GH3]: }
08:51:03 INFO  [GH3]: {
08:51:03 INFO  [GH3]:   Unknown(0xb30d9965) (QTypeInt) : 0
08:51:03 INFO  [GH3]:   Unknown(0x40c698af) (QTypeQbKey) : 0xce03cb05
08:51:03 INFO  [GH3]: }
08:51:03 INFO  [GH3]: {
08:51:03 INFO  [GH3]:   Unknown(0xb30d9965) (QTypeInt) : 0
08:51:03 INFO  [GH3]:   Unknown(0x40c698af) (QTypeQbKey) : 0xebf510f4
08:51:03 INFO  [GH3]: }
08:51:03 INFO  [GH3]: {
08:51:03 INFO  [GH3]:   Unknown(0xb30d9965) (QTypeInt) : 0
08:51:03 INFO  [GH3]:   Unknown(0x40c698af) (QTypeQbKey) : 0x5fb71d8
08:51:03 INFO  [GH3]: }
08:51:03 INFO  [GH3]: {
08:51:03 INFO  [GH3]:   Unknown(0xb30d9965) (QTypeInt) : 0
08:51:03 INFO  [GH3]:   Unknown(0x40c698af) (QTypeQbKey) : 0xec98d4ed
08:51:03 INFO  [GH3]: }
08:51:03 INFO  [GH3]: {
08:51:03 INFO  [GH3]:   Unknown(0xb30d9965) (QTypeInt) : 0
08:51:03 INFO  [GH3]:   Unknown(0x40c698af) (QTypeQbKey) : 0x296b5c1
08:51:03 INFO  [GH3]: }
08:51:03 INFO  [GH3]: {
08:51:03 INFO  [GH3]:   Unknown(0xb30d9965) (QTypeInt) : 0
08:51:03 INFO  [GH3]:   Unknown(0x40c698af) (QTypeQbKey) : 0xe52e98c6
08:51:03 INFO  [GH3]: }
08:51:03 INFO  [GH3]: {
08:51:03 INFO  [GH3]:   Unknown(0xb30d9965) (QTypeInt) : 0
08:51:03 INFO  [GH3]:   Unknown(0x40c698af) (QTypeQbKey) : 0xf2ee21b5
08:51:03 INFO  [GH3]: }
08:51:03 INFO  [GH3]: {
08:51:03 INFO  [GH3]:   Unknown(0xb30d9965) (QTypeInt) : 0
08:51:03 INFO  [GH3]:   Unknown(0x40c698af) (QTypeQbKey) : 0x1ce04099
08:51:03 INFO  [GH3]: }
08:51:03 INFO  [GH3]: {
08:51:03 INFO  [GH3]:   Unknown(0xb30d9965) (QTypeInt) : 0
08:51:03 INFO  [GH3]:   Unknown(0x40c698af) (QTypeQbKey) : 0xf583e5ac
08:51:03 INFO  [GH3]: }
08:51:03 INFO  [GH3]: {
08:51:03 INFO  [GH3]:   Unknown(0xb30d9965) (QTypeInt) : 0
08:51:03 INFO  [GH3]:   Unknown(0x40c698af) (QTypeQbKey) : 0x1b8d8480
08:51:03 INFO  [GH3]: }
08:51:03 INFO  [GH3]: {
08:51:03 INFO  [GH3]:   Unknown(0xb30d9965) (QTypeInt) : 0
08:51:03 INFO  [GH3]:   Unknown(0x40c698af) (QTypeQbKey) : 0xfc35a987
08:51:03 INFO  [GH3]: }
08:51:03 INFO  [GH3]: {
08:51:03 INFO  [GH3]:   Unknown(0xb30d9965) (QTypeInt) : 0
08:51:03 INFO  [GH3]:   Unknown(0x40c698af) (QTypeQbKey) : 0xbdafb772
08:51:03 INFO  [GH3]: }
08:51:03 INFO  [GH3]: {
08:51:03 INFO  [GH3]:   Unknown(0xb30d9965) (QTypeInt) : 0
08:51:03 INFO  [GH3]:   Unknown(0x40c698af) (QTypeQbKey) : 0x53a1d65e
08:51:03 INFO  [GH3]: }
08:51:03 INFO  [GH3]: {
08:51:03 INFO  [GH3]:   Unknown(0xb30d9965) (QTypeInt) : 0
08:51:03 INFO  [GH3]:   Unknown(0x40c698af) (QTypeQbKey) : 0xbac2736b
08:51:03 INFO  [GH3]: }
08:51:03 INFO  [GH3]: {
08:51:03 INFO  [GH3]:   Unknown(0xb30d9965) (QTypeInt) : 0
08:51:03 INFO  [GH3]:   Unknown(0x40c698af) (QTypeQbKey) : 0x54cc1247
08:51:03 INFO  [GH3]: }
08:51:03 INFO  [GH3]: {
08:51:03 INFO  [GH3]:   Unknown(0xb30d9965) (QTypeInt) : 0
08:51:03 INFO  [GH3]:   Unknown(0x40c698af) (QTypeQbKey) : 0xb3743f40
08:51:03 INFO  [GH3]: }
08:51:05 INFO  [GH3]: {
08:51:05 INFO  [GH3]:   Unknown(0xb30d9965) (QTypeInt) : 0
08:51:05 INFO  [GH3]:   Unknown(0x40c698af) (QTypeQbKey) : 0xa4b48633
08:51:05 INFO  [GH3]: }
08:51:08 INFO  [GH3]: {
08:51:08 INFO  [GH3]:   Unknown(0xb30d9965) (QTypeInt) : 0
08:51:08 INFO  [GH3]:   Unknown(0x40c698af) (QTypeQbKey) : 0xb3743f40
08:51:08 INFO  [GH3]: }
08:51:10 INFO  [GH3]: {
08:51:10 INFO  [GH3]:   Unknown(0xb30d9965) (QTypeInt) : 0
08:51:10 INFO  [GH3]:   Unknown(0x40c698af) (QTypeQbKey) : 0x54cc1247
08:51:10 INFO  [GH3]: }
