09:13:25 INFO  [Nylon]: Wine was not detected. Assuming we are running on a Windows NT OS Please report this if this detection is an error.
09:13:25 INFO  [Nylon]: Minhook initialized!
09:13:25 INFO  [Nylon]: Setting up default hooks...
09:13:25 INFO  [Nylon]: Hooked function at address: 0x757889E0
09:13:25 INFO  [Nylon]: Hooked function at address: 0x75788320
09:13:25 INFO  [Nylon]: Hooked function at address: 0x75782520
09:13:25 INFO  [Nylon]: Hooked function at address: 0x00530970
09:13:25 INFO  [Nylon]: Hooked function at address: 0x00530940
09:13:25 INFO  [Nylon]: Hooked function at address: 0x004A1780
09:13:25 INFO  [Nylon]: Hooked function at address: 0x00472B50
09:13:25 INFO  [Nylon]: Hooked function at address: 0x0057B940
09:13:25 INFO  [Nylon]: Hooked function at address: 0x00601D30
09:13:25 INFO  [Nylon]: Hooked function at address: 0x0047DFA0
09:13:25 INFO  [Nylon]: Hooked function at address: 0x0057AE20
09:13:25 INFO  [Nylon]: Hooked function at address: 0x00D94EE8
09:13:26 INFO  [Nylon]: Hooked function at address: 0x004A6820
09:13:26 INFO  [Nylon]: Hooked function at address: 0x0047E5B0
09:13:26 INFO  [Nylon]: Finished setting up default hooks.
09:13:26 INFO  [Nylon]: Loading mods...
09:13:26 INFO  [Nylon]: Loading mods from: "C:\Games\Guitar Hero III\nylon\Mods"
09:13:26 INFO  [Nylon]: Checking for: "C:\Games\Guitar Hero III\nylon\Mods\GH3Deluxe\modinfo.json"...
09:13:26 INFO  [Nylon]: Loading...
09:13:26 INFO  [Nylon]: Found mod: gh3dx
09:13:26 INFO  [Nylon]: Finished loading mods.
09:13:26 INFO  [Nylon]: Finished Core Initialization!
09:13:26 INFO  [Nylon]: Expecting: "GH3Deluxe\pak\gh3dx.pak"
09:13:26 INFO  [Nylon]: Found it! Loading...
09:13:26 INFO  [Nylon]: Done!
09:13:26 INFO  [Nylon]: Hooking DirectX 9...
09:13:26 INFO  [Nylon]: Hooked function at address: 0x58706500
09:13:26 INFO  [Nylon]: Hooked function at address: 0x58706120
09:13:26 INFO  [Nylon]: Hooked function at address: 0x7A0EB040
09:13:26 ERROR [Nylon]: Failed to hook function at address: 0x7A0EB040 Error Code: 3
09:13:26 INFO  [Nylon]: Finished hooking DirectX 9.
09:13:26 INFO  [Nylon]: Hooked function at address: 0x7A0EC550
09:13:26 ERROR [Nylon]: Failed to hook function at address: 0x7A0EC550 Error Code: 3
09:13:27 INFO  [Nylon]: KeyboardSetCooperativeLevel -> 6
09:13:27 INFO  [Nylon]: KeyboardSetCooperativeLevel -> 5
09:13:30 INFO  [GH3]: {
09:13:30 INFO  [GH3]:   Unknown(0x69d0dfaf) (QTypeInt) : 3
09:13:30 INFO  [GH3]:   Unknown(0xd4c98794) (QTypeWString) : "CHECKING..."
09:13:30 INFO  [GH3]:   Unknown(0x26bf66f3) (QTypeQbStruct) : 
09:13:30 INFO  [GH3]: 	{
09:13:30 INFO  [GH3]: 	  Unknown(0xc4745838) (QTypeWString) : "Checking storage device..."
09:13:30 INFO  [GH3]: 	}
09:13:30 INFO  [GH3]: }
09:13:30 INFO  [GH3]: {
09:13:30 INFO  [GH3]:   Unknown(0x69d0dfaf) (QTypeInt) : 3
09:13:30 INFO  [GH3]:   Unknown(0x26bf66f3) (QTypeQbStruct) : 
09:13:30 INFO  [GH3]: 	{
09:13:30 INFO  [GH3]: 	  Unknown(0xc4745838) (QTypeWString) : "Game content is damaged and cannot be used. Do you want to delete this content? All progress within this save content will be lost."
09:13:30 INFO  [GH3]: 	  Unknown(0x34a68574) (QTypePair) : (800, 500)
09:13:30 INFO  [GH3]: 	  Unknown(0x7f261953) (QTypePair) : (640, 375)
09:13:30 INFO  [GH3]: 	  Unknown(0x13b9da7b) (QTypeFloat) : 0.5
09:13:30 INFO  [GH3]: 	}
09:13:30 INFO  [GH3]:   Unknown(0xe787d761) (QTypePair) : (640, 465)
09:13:30 INFO  [GH3]:   Unknown(0xad8a5a63) (QTypePair) : (256, 64)
09:13:30 INFO  [GH3]:   Unknown(0x2fca0578) (QTypeQbArray) : Type:"QTypeQbArray" Size:1114353344
09:13:30 INFO  [GH3]: }
09:13:30 INFO  [GH3]: {
09:13:30 INFO  [GH3]:   Unknown(0x69d0dfaf) (QTypeInt) : 3
09:13:30 INFO  [GH3]:   Unknown(0xd4c98794) (QTypeWString) : "SUCCESSFUL"
09:13:30 INFO  [GH3]:   Unknown(0x26bf66f3) (QTypeQbStruct) : 
09:13:30 INFO  [GH3]: 	{
09:13:30 INFO  [GH3]: 	  Unknown(0xc4745838) (QTypeWString) : "Load successful."
09:13:30 INFO  [GH3]: 	}
09:13:30 INFO  [GH3]: }
09:13:32 INFO  [GH3]: {
09:13:32 INFO  [GH3]:   Unknown(0x7323e97c) (QTypeQbArray) : Type:"QTypeQbArray" Size:1117941376
09:13:32 INFO  [GH3]: }
09:13:33 INFO  [GH3]: {
09:13:33 INFO  [GH3]:   Unknown(0x40c698af) (QTypeQbKey) : 0xfad85b3f
09:13:33 INFO  [GH3]: }
09:13:34 INFO  [GH3]: {
09:13:34 INFO  [GH3]:   Unknown(0x40c698af) (QTypeQbKey) : 0xed108a91
09:13:34 INFO  [GH3]: }
09:13:34 INFO  [GH3]: {
09:13:34 INFO  [GH3]:   Unknown(0x40c698af) (QTypeQbKey) : 0x31eebbd
09:13:34 INFO  [GH3]: }
09:13:34 INFO  [GH3]: {
09:13:34 INFO  [GH3]:   Unknown(0x40c698af) (QTypeQbKey) : 0xea7d4e88
09:13:34 INFO  [GH3]: }
09:13:34 INFO  [GH3]: {
09:13:34 INFO  [GH3]:   Unknown(0x40c698af) (QTypeQbKey) : 0x4732fa4
09:13:34 INFO  [GH3]: }
09:13:34 INFO  [GH3]: {
09:13:34 INFO  [GH3]:   Unknown(0xb30d9965) (QTypeInt) : 0
09:13:34 INFO  [GH3]:   Unknown(0x40c698af) (QTypeQbKey) : 0x29bbe602
09:13:34 INFO  [GH3]: }
09:13:34 INFO  [GH3]: {
09:13:34 INFO  [GH3]:   Unknown(0xb30d9965) (QTypeInt) : 0
09:13:34 INFO  [GH3]:   Unknown(0x40c698af) (QTypeQbKey) : 0xce03cb05
09:13:34 INFO  [GH3]: }
09:13:34 INFO  [GH3]: {
09:13:34 INFO  [GH3]:   Unknown(0xb30d9965) (QTypeInt) : 0
09:13:34 INFO  [GH3]:   Unknown(0x40c698af) (QTypeQbKey) : 0xebf510f4
09:13:34 INFO  [GH3]: }
09:13:34 INFO  [GH3]: {
09:13:34 INFO  [GH3]:   Unknown(0xb30d9965) (QTypeInt) : 0
09:13:34 INFO  [GH3]:   Unknown(0x40c698af) (QTypeQbKey) : 0x5fb71d8
09:13:34 INFO  [GH3]: }
09:13:34 INFO  [GH3]: {
09:13:34 INFO  [GH3]:   Unknown(0xb30d9965) (QTypeInt) : 0
09:13:34 INFO  [GH3]:   Unknown(0x40c698af) (QTypeQbKey) : 0xec98d4ed
09:13:34 INFO  [GH3]: }
09:13:34 INFO  [GH3]: {
09:13:34 INFO  [GH3]:   Unknown(0xb30d9965) (QTypeInt) : 0
09:13:34 INFO  [GH3]:   Unknown(0x40c698af) (QTypeQbKey) : 0x296b5c1
09:13:34 INFO  [GH3]: }
09:13:34 INFO  [GH3]: {
09:13:34 INFO  [GH3]:   Unknown(0xb30d9965) (QTypeInt) : 0
09:13:34 INFO  [GH3]:   Unknown(0x40c698af) (QTypeQbKey) : 0xe52e98c6
09:13:34 INFO  [GH3]: }
09:13:34 INFO  [GH3]: {
09:13:34 INFO  [GH3]:   Unknown(0xb30d9965) (QTypeInt) : 0
09:13:34 INFO  [GH3]:   Unknown(0x40c698af) (QTypeQbKey) : 0xf2ee21b5
09:13:34 INFO  [GH3]: }
09:13:34 INFO  [GH3]: {
09:13:34 INFO  [GH3]:   Unknown(0xb30d9965) (QTypeInt) : 0
09:13:34 INFO  [GH3]:   Unknown(0x40c698af) (QTypeQbKey) : 0x1ce04099
09:13:34 INFO  [GH3]: }
09:13:34 INFO  [GH3]: {
09:13:34 INFO  [GH3]:   Unknown(0xb30d9965) (QTypeInt) : 0
09:13:34 INFO  [GH3]:   Unknown(0x40c698af) (QTypeQbKey) : 0xf583e5ac
09:13:34 INFO  [GH3]: }
09:13:34 INFO  [GH3]: {
09:13:34 INFO  [GH3]:   Unknown(0xb30d9965) (QTypeInt) : 0
09:13:34 INFO  [GH3]:   Unknown(0x40c698af) (QTypeQbKey) : 0x1b8d8480
09:13:34 INFO  [GH3]: }
09:13:34 INFO  [GH3]: {
09:13:34 INFO  [GH3]:   Unknown(0xb30d9965) (QTypeInt) : 0
09:13:34 INFO  [GH3]:   Unknown(0x40c698af) (QTypeQbKey) : 0xfc35a987
09:13:34 INFO  [GH3]: }
09:13:34 INFO  [GH3]: {
09:13:34 INFO  [GH3]:   Unknown(0xb30d9965) (QTypeInt) : 0
09:13:34 INFO  [GH3]:   Unknown(0x40c698af) (QTypeQbKey) : 0xbdafb772
09:13:34 INFO  [GH3]: }
09:13:34 INFO  [GH3]: {
09:13:34 INFO  [GH3]:   Unknown(0xb30d9965) (QTypeInt) : 0
09:13:34 INFO  [GH3]:   Unknown(0x40c698af) (QTypeQbKey) : 0x53a1d65e
09:13:34 INFO  [GH3]: }
09:13:34 INFO  [GH3]: {
09:13:34 INFO  [GH3]:   Unknown(0xb30d9965) (QTypeInt) : 0
09:13:34 INFO  [GH3]:   Unknown(0x40c698af) (QTypeQbKey) : 0xbac2736b
09:13:34 INFO  [GH3]: }
09:13:34 INFO  [GH3]: {
09:13:34 INFO  [GH3]:   Unknown(0xb30d9965) (QTypeInt) : 0
09:13:34 INFO  [GH3]:   Unknown(0x40c698af) (QTypeQbKey) : 0x54cc1247
09:13:34 INFO  [GH3]: }
09:13:34 INFO  [GH3]: {
09:13:34 INFO  [GH3]:   Unknown(0xb30d9965) (QTypeInt) : 0
09:13:34 INFO  [GH3]:   Unknown(0x40c698af) (QTypeQbKey) : 0xb3743f40
09:13:34 INFO  [GH3]: }
09:13:40 INFO  [GH3]: {
09:13:40 INFO  [GH3]:   Unknown(0xb30d9965) (QTypeInt) : 0
09:13:40 INFO  [GH3]:   Unknown(0x40c698af) (QTypeQbKey) : 0xb3743f40
09:13:40 INFO  [GH3]: }
09:13:40 INFO  [GH3]: {
09:13:40 INFO  [GH3]:   Unknown(0xb30d9965) (QTypeInt) : 0
09:13:40 INFO  [GH3]:   Unknown(0x40c698af) (QTypeQbKey) : 0x54cc1247
09:13:40 INFO  [GH3]: }
09:13:40 INFO  [GH3]: {
09:13:40 INFO  [GH3]:   Unknown(0xb30d9965) (QTypeInt) : 0
09:13:40 INFO  [GH3]:   Unknown(0x40c698af) (QTypeQbKey) : 0xbac2736b
09:13:40 INFO  [GH3]: }
09:13:43 INFO  [GH3]: {
09:13:43 INFO  [GH3]:   Unknown(0xb30d9965) (QTypeInt) : 0
09:13:43 INFO  [GH3]:   Unknown(0x40c698af) (QTypeQbKey) : 0x53a1d65e
09:13:43 INFO  [GH3]: }
09:13:44 INFO  [GH3]: {
09:13:44 INFO  [GH3]:   Unknown(0xb30d9965) (QTypeInt) : 0
09:13:44 INFO  [GH3]:   Unknown(0x40c698af) (QTypeQbKey) : 0xbdafb772
09:13:44 INFO  [GH3]: }
09:13:44 INFO  [GH3]: {
09:13:44 INFO  [GH3]:   Unknown(0xb30d9965) (QTypeInt) : 0
09:13:44 INFO  [GH3]:   Unknown(0x40c698af) (QTypeQbKey) : 0xfc35a987
09:13:44 INFO  [GH3]: }
09:13:44 INFO  [GH3]: {
09:13:44 INFO  [GH3]:   Unknown(0xb30d9965) (QTypeInt) : 0
09:13:44 INFO  [GH3]:   Unknown(0x40c698af) (QTypeQbKey) : 0x1b8d8480
09:13:44 INFO  [GH3]: }
09:13:44 INFO  [GH3]: {
09:13:44 INFO  [GH3]:   Unknown(0xb30d9965) (QTypeInt) : 0
09:13:44 INFO  [GH3]:   Unknown(0x40c698af) (QTypeQbKey) : 0xf583e5ac
09:13:44 INFO  [GH3]: }
09:13:44 INFO  [GH3]: {
09:13:44 INFO  [GH3]:   Unknown(0xb30d9965) (QTypeInt) : 0
09:13:44 INFO  [GH3]:   Unknown(0x40c698af) (QTypeQbKey) : 0x1ce04099
09:13:44 INFO  [GH3]: }
09:13:44 INFO  [GH3]: {
09:13:44 INFO  [GH3]:   Unknown(0xb30d9965) (QTypeInt) : 0
09:13:44 INFO  [GH3]:   Unknown(0x40c698af) (QTypeQbKey) : 0xf2ee21b5
09:13:44 INFO  [GH3]: }
09:13:44 INFO  [GH3]: {
09:13:44 INFO  [GH3]:   Unknown(0xb30d9965) (QTypeInt) : 0
09:13:44 INFO  [GH3]:   Unknown(0x40c698af) (QTypeQbKey) : 0xe52e98c6
09:13:44 INFO  [GH3]: }
09:13:44 INFO  [GH3]: {
09:13:44 INFO  [GH3]:   Unknown(0xb30d9965) (QTypeInt) : 0
09:13:44 INFO  [GH3]:   Unknown(0x40c698af) (QTypeQbKey) : 0x296b5c1
09:13:44 INFO  [GH3]: }
09:14:03 INFO  [GH3]: {
09:14:03 INFO  [GH3]:   Unknown(0xb30d9965) (QTypeInt) : 0
09:14:03 INFO  [GH3]:   Unknown(0x40c698af) (QTypeQbKey) : 0xec98d4ed
09:14:03 INFO  [GH3]: }
09:14:03 INFO  [GH3]: {
09:14:03 INFO  [GH3]:   Unknown(0xb30d9965) (QTypeInt) : 0
09:14:03 INFO  [GH3]:   Unknown(0x40c698af) (QTypeQbKey) : 0x5fb71d8
09:14:03 INFO  [GH3]: }
09:14:03 INFO  [GH3]: {
09:14:03 INFO  [GH3]:   Unknown(0xb30d9965) (QTypeInt) : 0
09:14:03 INFO  [GH3]:   Unknown(0x40c698af) (QTypeQbKey) : 0xebf510f4
09:14:03 INFO  [GH3]: }
09:14:03 INFO  [GH3]: {
09:14:03 INFO  [GH3]:   Unknown(0xb30d9965) (QTypeInt) : 0
09:14:03 INFO  [GH3]:   Unknown(0x40c698af) (QTypeQbKey) : 0xce03cb05
09:14:03 INFO  [GH3]: }
09:14:03 INFO  [GH3]: {
09:14:03 INFO  [GH3]:   Unknown(0xb30d9965) (QTypeInt) : 0
09:14:03 INFO  [GH3]:   Unknown(0x40c698af) (QTypeQbKey) : 0x29bbe602
09:14:03 INFO  [GH3]: }
09:14:03 INFO  [GH3]: {
09:14:03 INFO  [GH3]:   Unknown(0xb30d9965) (QTypeInt) : 0
09:14:03 INFO  [GH3]:   Unknown(0x40c698af) (QTypeQbKey) : 0xc7b5872e
09:14:03 INFO  [GH3]: }
09:14:04 INFO  [GH3]: {
09:14:04 INFO  [GH3]:   Unknown(0xb30d9965) (QTypeInt) : 0
09:14:04 INFO  [GH3]:   Unknown(0x40c698af) (QTypeQbKey) : 0xc7b5872e
09:14:04 INFO  [GH3]: }
09:14:04 INFO  [GH3]: {
09:14:04 INFO  [GH3]:   Unknown(0xb30d9965) (QTypeInt) : 0
09:14:04 INFO  [GH3]:   Unknown(0x40c698af) (QTypeQbKey) : 0xc7b5872e
09:14:04 INFO  [GH3]: }
09:14:04 INFO  [GH3]: {
09:14:04 INFO  [GH3]:   Unknown(0xb30d9965) (QTypeInt) : 0
09:14:04 INFO  [GH3]:   Unknown(0x40c698af) (QTypeQbKey) : 0x29bbe602
09:14:04 INFO  [GH3]: }
09:14:16 INFO  [GH3]: {
09:14:16 INFO  [GH3]:   Unknown(0xb30d9965) (QTypeInt) : 0
09:14:16 INFO  [GH3]:   Unknown(0x40c698af) (QTypeQbKey) : 0xce03cb05
09:14:16 INFO  [GH3]: }
09:14:16 INFO  [GH3]: {
09:14:16 INFO  [GH3]:   Unknown(0xb30d9965) (QTypeInt) : 0
09:14:16 INFO  [GH3]:   Unknown(0x40c698af) (QTypeQbKey) : 0xebf510f4
09:14:16 INFO  [GH3]: }
09:14:17 INFO  [GH3]: {
09:14:17 INFO  [GH3]:   Unknown(0xb30d9965) (QTypeInt) : 0
09:14:17 INFO  [GH3]:   Unknown(0x40c698af) (QTypeQbKey) : 0x5fb71d8
09:14:17 INFO  [GH3]: }
09:14:17 INFO  [GH3]: {
09:14:17 INFO  [GH3]:   Unknown(0xb30d9965) (QTypeInt) : 0
09:14:17 INFO  [GH3]:   Unknown(0x40c698af) (QTypeQbKey) : 0xec98d4ed
09:14:17 INFO  [GH3]: }
