09:24:49 INFO  [Nylon]: Wine was not detected. Assuming we are running on a Windows NT OS Please report this if this detection is an error.
09:24:49 INFO  [Nylon]: Minhook initialized!
09:24:49 INFO  [Nylon]: Setting up default hooks...
09:24:49 INFO  [Nylon]: Hooked function at address: 0x757889E0
09:24:49 INFO  [Nylon]: Hooked function at address: 0x75788320
09:24:49 INFO  [Nylon]: Hooked function at address: 0x75782520
09:24:49 INFO  [Nylon]: Hooked function at address: 0x00530970
09:24:49 INFO  [Nylon]: Hooked function at address: 0x00530940
09:24:49 INFO  [Nylon]: Hooked function at address: 0x004A1780
09:24:49 INFO  [Nylon]: Hooked function at address: 0x00472B50
09:24:49 INFO  [Nylon]: Hooked function at address: 0x0057B940
09:24:49 INFO  [Nylon]: Hooked function at address: 0x00601D30
09:24:49 INFO  [Nylon]: Hooked function at address: 0x0047DFA0
09:24:49 INFO  [Nylon]: Hooked function at address: 0x0057AE20
09:24:49 INFO  [Nylon]: Hooked function at address: 0x00D94EE8
09:24:49 INFO  [Nylon]: Hooked function at address: 0x004A6820
09:24:49 INFO  [Nylon]: Hooked function at address: 0x0047E5B0
09:24:49 INFO  [Nylon]: Finished setting up default hooks.
09:24:49 INFO  [Nylon]: Loading mods...
09:24:49 INFO  [Nylon]: Loading mods from: "C:\Games\Guitar Hero III\nylon\Mods"
09:24:49 INFO  [Nylon]: Checking for: "C:\Games\Guitar Hero III\nylon\Mods\GH3Deluxe\modinfo.json"...
09:24:49 INFO  [Nylon]: Loading...
09:24:49 INFO  [Nylon]: Found mod: gh3dx
09:24:49 INFO  [Nylon]: Finished loading mods.
09:24:49 INFO  [Nylon]: Finished Core Initialization!
09:24:50 INFO  [Nylon]: Expecting: "GH3Deluxe\pak\gh3dx.pak"
09:24:50 INFO  [Nylon]: Found it! Loading...
09:24:50 INFO  [Nylon]: Done!
09:24:50 INFO  [Nylon]: Hooking DirectX 9...
09:24:50 INFO  [Nylon]: Hooked function at address: 0x58706500
09:24:50 INFO  [Nylon]: Hooked function at address: 0x58706120
09:24:51 INFO  [Nylon]: Hooked function at address: 0x7A0EB040
09:24:51 ERROR [Nylon]: Failed to hook function at address: 0x7A0EB040 Error Code: 3
09:24:51 INFO  [Nylon]: Finished hooking DirectX 9.
09:24:51 INFO  [Nylon]: Hooked function at address: 0x7A0EC550
09:24:51 ERROR [Nylon]: Failed to hook function at address: 0x7A0EC550 Error Code: 3
09:24:51 INFO  [Nylon]: KeyboardSetCooperativeLevel -> 6
09:24:51 INFO  [Nylon]: KeyboardSetCooperativeLevel -> 5
09:24:56 INFO  [GH3]: {
09:24:56 INFO  [GH3]:   Unknown(0x69d0dfaf) (QTypeInt) : 3
09:24:56 INFO  [GH3]:   Unknown(0xd4c98794) (QTypeWString) : "CHECKING..."
09:24:56 INFO  [GH3]:   Unknown(0x26bf66f3) (QTypeQbStruct) : 
09:24:56 INFO  [GH3]: 	{
09:24:56 INFO  [GH3]: 	  Unknown(0xc4745838) (QTypeWString) : "Checking storage device..."
09:24:56 INFO  [GH3]: 	}
09:24:56 INFO  [GH3]: }
09:24:56 INFO  [GH3]: {
09:24:56 INFO  [GH3]:   Unknown(0x69d0dfaf) (QTypeInt) : 3
09:24:56 INFO  [GH3]:   Unknown(0x26bf66f3) (QTypeQbStruct) : 
09:24:56 INFO  [GH3]: 	{
09:24:56 INFO  [GH3]: 	  Unknown(0xc4745838) (QTypeWString) : "Game content is damaged and cannot be used. Do you want to delete this content? All progress within this save content will be lost."
09:24:56 INFO  [GH3]: 	  Unknown(0x34a68574) (QTypePair) : (800, 500)
09:24:56 INFO  [GH3]: 	  Unknown(0x7f261953) (QTypePair) : (640, 375)
09:24:56 INFO  [GH3]: 	  Unknown(0x13b9da7b) (QTypeFloat) : 0.5
09:24:56 INFO  [GH3]: 	}
09:24:56 INFO  [GH3]:   Unknown(0xe787d761) (QTypePair) : (640, 465)
09:24:56 INFO  [GH3]:   Unknown(0xad8a5a63) (QTypePair) : (256, 64)
09:24:56 INFO  [GH3]:   Unknown(0x2fca0578) (QTypeQbArray) : Type:"QTypeQbArray" Size:1115855664
09:24:56 INFO  [GH3]: }
09:24:56 INFO  [GH3]: {
09:24:56 INFO  [GH3]:   Unknown(0x69d0dfaf) (QTypeInt) : 3
09:24:56 INFO  [GH3]:   Unknown(0xd4c98794) (QTypeWString) : "SUCCESSFUL"
09:24:56 INFO  [GH3]:   Unknown(0x26bf66f3) (QTypeQbStruct) : 
09:24:56 INFO  [GH3]: 	{
09:24:56 INFO  [GH3]: 	  Unknown(0xc4745838) (QTypeWString) : "Load successful."
09:24:56 INFO  [GH3]: 	}
09:24:56 INFO  [GH3]: }
09:24:58 INFO  [GH3]: {
09:24:58 INFO  [GH3]:   Unknown(0x7323e97c) (QTypeQbArray) : Type:"QTypeQbArray" Size:1119711040
09:24:58 INFO  [GH3]: }
09:24:59 INFO  [GH3]: {
09:24:59 INFO  [GH3]:   Unknown(0x40c698af) (QTypeQbKey) : 0xfad85b3f
09:24:59 INFO  [GH3]: }
09:24:59 INFO  [GH3]: {
09:24:59 INFO  [GH3]:   Unknown(0x40c698af) (QTypeQbKey) : 0xed108a91
09:24:59 INFO  [GH3]: }
09:24:59 INFO  [GH3]: {
09:24:59 INFO  [GH3]:   Unknown(0x40c698af) (QTypeQbKey) : 0x31eebbd
09:24:59 INFO  [GH3]: }
09:24:59 INFO  [GH3]: {
09:24:59 INFO  [GH3]:   Unknown(0x40c698af) (QTypeQbKey) : 0xea7d4e88
09:24:59 INFO  [GH3]: }
09:24:59 INFO  [GH3]: {
09:24:59 INFO  [GH3]:   Unknown(0x40c698af) (QTypeQbKey) : 0x4732fa4
09:24:59 INFO  [GH3]: }
09:24:59 INFO  [GH3]: {
09:24:59 INFO  [GH3]:   Unknown(0xb30d9965) (QTypeInt) : 0
09:24:59 INFO  [GH3]:   Unknown(0x40c698af) (QTypeQbKey) : 0x29bbe602
09:24:59 INFO  [GH3]: }
09:24:59 INFO  [GH3]: {
09:24:59 INFO  [GH3]:   Unknown(0xb30d9965) (QTypeInt) : 0
09:24:59 INFO  [GH3]:   Unknown(0x40c698af) (QTypeQbKey) : 0xce03cb05
09:24:59 INFO  [GH3]: }
09:24:59 INFO  [GH3]: {
09:24:59 INFO  [GH3]:   Unknown(0xb30d9965) (QTypeInt) : 0
09:24:59 INFO  [GH3]:   Unknown(0x40c698af) (QTypeQbKey) : 0xebf510f4
09:24:59 INFO  [GH3]: }
09:24:59 INFO  [GH3]: {
09:24:59 INFO  [GH3]:   Unknown(0xb30d9965) (QTypeInt) : 0
09:24:59 INFO  [GH3]:   Unknown(0x40c698af) (QTypeQbKey) : 0x5fb71d8
09:24:59 INFO  [GH3]: }
09:24:59 INFO  [GH3]: {
09:24:59 INFO  [GH3]:   Unknown(0xb30d9965) (QTypeInt) : 0
09:24:59 INFO  [GH3]:   Unknown(0x40c698af) (QTypeQbKey) : 0xec98d4ed
09:24:59 INFO  [GH3]: }
09:24:59 INFO  [GH3]: {
09:24:59 INFO  [GH3]:   Unknown(0xb30d9965) (QTypeInt) : 0
09:24:59 INFO  [GH3]:   Unknown(0x40c698af) (QTypeQbKey) : 0x296b5c1
09:24:59 INFO  [GH3]: }
09:24:59 INFO  [GH3]: {
09:24:59 INFO  [GH3]:   Unknown(0xb30d9965) (QTypeInt) : 0
09:24:59 INFO  [GH3]:   Unknown(0x40c698af) (QTypeQbKey) : 0xe52e98c6
09:24:59 INFO  [GH3]: }
09:24:59 INFO  [GH3]: {
09:24:59 INFO  [GH3]:   Unknown(0xb30d9965) (QTypeInt) : 0
09:24:59 INFO  [GH3]:   Unknown(0x40c698af) (QTypeQbKey) : 0xf2ee21b5
09:24:59 INFO  [GH3]: }
09:24:59 INFO  [GH3]: {
09:24:59 INFO  [GH3]:   Unknown(0xb30d9965) (QTypeInt) : 0
09:24:59 INFO  [GH3]:   Unknown(0x40c698af) (QTypeQbKey) : 0x1ce04099
09:24:59 INFO  [GH3]: }
09:24:59 INFO  [GH3]: {
09:24:59 INFO  [GH3]:   Unknown(0xb30d9965) (QTypeInt) : 0
09:24:59 INFO  [GH3]:   Unknown(0x40c698af) (QTypeQbKey) : 0xf583e5ac
09:24:59 INFO  [GH3]: }
09:24:59 INFO  [GH3]: {
09:24:59 INFO  [GH3]:   Unknown(0xb30d9965) (QTypeInt) : 0
09:24:59 INFO  [GH3]:   Unknown(0x40c698af) (QTypeQbKey) : 0x1b8d8480
09:24:59 INFO  [GH3]: }
09:24:59 INFO  [GH3]: {
09:24:59 INFO  [GH3]:   Unknown(0xb30d9965) (QTypeInt) : 0
09:24:59 INFO  [GH3]:   Unknown(0x40c698af) (QTypeQbKey) : 0xfc35a987
09:24:59 INFO  [GH3]: }
09:24:59 INFO  [GH3]: {
09:24:59 INFO  [GH3]:   Unknown(0xb30d9965) (QTypeInt) : 0
09:25:00 INFO  [GH3]:   Unknown(0x40c698af) (QTypeQbKey) : 0xbdafb772
09:25:00 INFO  [GH3]: }
09:25:00 INFO  [GH3]: {
09:25:00 INFO  [GH3]:   Unknown(0xb30d9965) (QTypeInt) : 0
09:25:00 INFO  [GH3]:   Unknown(0x40c698af) (QTypeQbKey) : 0x53a1d65e
09:25:00 INFO  [GH3]: }
09:25:00 INFO  [GH3]: {
09:25:00 INFO  [GH3]:   Unknown(0xb30d9965) (QTypeInt) : 0
09:25:00 INFO  [GH3]:   Unknown(0x40c698af) (QTypeQbKey) : 0xbac2736b
09:25:00 INFO  [GH3]: }
09:25:00 INFO  [GH3]: {
09:25:00 INFO  [GH3]:   Unknown(0xb30d9965) (QTypeInt) : 0
09:25:00 INFO  [GH3]:   Unknown(0x40c698af) (QTypeQbKey) : 0x54cc1247
09:25:00 INFO  [GH3]: }
09:25:00 INFO  [GH3]: {
09:25:00 INFO  [GH3]:   Unknown(0xb30d9965) (QTypeInt) : 0
09:25:00 INFO  [GH3]:   Unknown(0x40c698af) (QTypeQbKey) : 0xb3743f40
09:25:00 INFO  [GH3]: }
09:25:00 INFO  [GH3]: {
09:25:00 INFO  [GH3]:   Unknown(0xb30d9965) (QTypeInt) : 0
09:25:00 INFO  [GH3]:   Unknown(0x40c698af) (QTypeQbKey) : 0xb3743f40
09:25:00 INFO  [GH3]: }
09:25:01 INFO  [GH3]: {
09:25:01 INFO  [GH3]:   Unknown(0xb30d9965) (QTypeInt) : 0
09:25:01 INFO  [GH3]:   Unknown(0x40c698af) (QTypeQbKey) : 0x54cc1247
09:25:01 INFO  [GH3]: }
09:25:01 INFO  [GH3]: {
09:25:01 INFO  [GH3]:   Unknown(0xb30d9965) (QTypeInt) : 0
09:25:01 INFO  [GH3]:   Unknown(0x40c698af) (QTypeQbKey) : 0xbac2736b
09:25:01 INFO  [GH3]: }
09:25:01 INFO  [GH3]: {
09:25:01 INFO  [GH3]:   Unknown(0xb30d9965) (QTypeInt) : 0
09:25:01 INFO  [GH3]:   Unknown(0x40c698af) (QTypeQbKey) : 0x53a1d65e
09:25:01 INFO  [GH3]: }
09:25:01 INFO  [GH3]: {
09:25:01 INFO  [GH3]:   Unknown(0xb30d9965) (QTypeInt) : 0
09:25:01 INFO  [GH3]:   Unknown(0x40c698af) (QTypeQbKey) : 0xbdafb772
09:25:01 INFO  [GH3]: }
09:25:01 INFO  [GH3]: {
09:25:01 INFO  [GH3]:   Unknown(0xb30d9965) (QTypeInt) : 0
09:25:01 INFO  [GH3]:   Unknown(0x40c698af) (QTypeQbKey) : 0xfc35a987
09:25:01 INFO  [GH3]: }
09:25:01 INFO  [GH3]: {
09:25:01 INFO  [GH3]:   Unknown(0xb30d9965) (QTypeInt) : 0
09:25:01 INFO  [GH3]:   Unknown(0x40c698af) (QTypeQbKey) : 0x1b8d8480
09:25:01 INFO  [GH3]: }
09:25:01 INFO  [GH3]: {
09:25:01 INFO  [GH3]:   Unknown(0xb30d9965) (QTypeInt) : 0
09:25:01 INFO  [GH3]:   Unknown(0x40c698af) (QTypeQbKey) : 0xf583e5ac
09:25:01 INFO  [GH3]: }
09:25:01 INFO  [GH3]: {
09:25:01 INFO  [GH3]:   Unknown(0xb30d9965) (QTypeInt) : 0
09:25:01 INFO  [GH3]:   Unknown(0x40c698af) (QTypeQbKey) : 0x1ce04099
09:25:01 INFO  [GH3]: }
09:25:02 INFO  [GH3]: {
09:25:02 INFO  [GH3]:   Unknown(0xb30d9965) (QTypeInt) : 0
09:25:02 INFO  [GH3]:   Unknown(0x40c698af) (QTypeQbKey) : 0xf2ee21b5
09:25:02 INFO  [GH3]: }
09:25:02 INFO  [GH3]: {
09:25:02 INFO  [GH3]:   Unknown(0xb30d9965) (QTypeInt) : 0
09:25:02 INFO  [GH3]:   Unknown(0x40c698af) (QTypeQbKey) : 0xe52e98c6
09:25:02 INFO  [GH3]: }
09:25:02 INFO  [GH3]: {
09:25:02 INFO  [GH3]:   Unknown(0xb30d9965) (QTypeInt) : 0
09:25:02 INFO  [GH3]:   Unknown(0x40c698af) (QTypeQbKey) : 0x296b5c1
09:25:02 INFO  [GH3]: }
09:25:02 INFO  [GH3]: {
09:25:02 INFO  [GH3]:   Unknown(0xb30d9965) (QTypeInt) : 0
09:25:02 INFO  [GH3]:   Unknown(0x40c698af) (QTypeQbKey) : 0xec98d4ed
09:25:02 INFO  [GH3]: }
09:25:02 INFO  [GH3]: {
09:25:02 INFO  [GH3]:   Unknown(0xb30d9965) (QTypeInt) : 0
09:25:02 INFO  [GH3]:   Unknown(0x40c698af) (QTypeQbKey) : 0x5fb71d8
09:25:02 INFO  [GH3]: }
09:25:02 INFO  [GH3]: {
09:25:02 INFO  [GH3]:   Unknown(0xb30d9965) (QTypeInt) : 0
09:25:02 INFO  [GH3]:   Unknown(0x40c698af) (QTypeQbKey) : 0xebf510f4
09:25:02 INFO  [GH3]: }
09:25:02 INFO  [GH3]: {
09:25:02 INFO  [GH3]:   Unknown(0xb30d9965) (QTypeInt) : 0
09:25:02 INFO  [GH3]:   Unknown(0x40c698af) (QTypeQbKey) : 0xce03cb05
09:25:02 INFO  [GH3]: }
09:25:02 INFO  [GH3]: {
09:25:02 INFO  [GH3]:   Unknown(0xb30d9965) (QTypeInt) : 0
09:25:02 INFO  [GH3]:   Unknown(0x40c698af) (QTypeQbKey) : 0x29bbe602
09:25:02 INFO  [GH3]: }
09:25:02 INFO  [GH3]: {
09:25:02 INFO  [GH3]:   Unknown(0xb30d9965) (QTypeInt) : 0
09:25:02 INFO  [GH3]:   Unknown(0x40c698af) (QTypeQbKey) : 0xc7b5872e
09:25:02 INFO  [GH3]: }
09:25:03 INFO  [GH3]: {
09:25:03 INFO  [GH3]:   Unknown(0xb30d9965) (QTypeInt) : 0
09:25:03 INFO  [GH3]:   Unknown(0x40c698af) (QTypeQbKey) : 0xc7b5872e
09:25:03 INFO  [GH3]: }
09:25:03 INFO  [GH3]: {
09:25:03 INFO  [GH3]:   Unknown(0xb30d9965) (QTypeInt) : 0
09:25:03 INFO  [GH3]:   Unknown(0x40c698af) (QTypeQbKey) : 0xc7b5872e
09:25:03 INFO  [GH3]: }
09:25:03 INFO  [GH3]: {
09:25:03 INFO  [GH3]:   Unknown(0xb30d9965) (QTypeInt) : 0
09:25:03 INFO  [GH3]:   Unknown(0x40c698af) (QTypeQbKey) : 0xc7b5872e
09:25:03 INFO  [GH3]: }
09:25:03 INFO  [GH3]: {
09:25:03 INFO  [GH3]:   Unknown(0xb30d9965) (QTypeInt) : 0
09:25:03 INFO  [GH3]:   Unknown(0x40c698af) (QTypeQbKey) : 0xc7b5872e
09:25:03 INFO  [GH3]: }
09:25:03 INFO  [GH3]: {
09:25:03 INFO  [GH3]:   Unknown(0xb30d9965) (QTypeInt) : 0
09:25:03 INFO  [GH3]:   Unknown(0x40c698af) (QTypeQbKey) : 0xc7b5872e
09:25:03 INFO  [GH3]: }
09:25:04 INFO  [GH3]: {
09:25:04 INFO  [GH3]:   Unknown(0xb30d9965) (QTypeInt) : 0
09:25:04 INFO  [GH3]:   Unknown(0x40c698af) (QTypeQbKey) : 0x29bbe602
09:25:04 INFO  [GH3]: }
09:25:04 INFO  [GH3]: {
09:25:04 INFO  [GH3]:   Unknown(0xb30d9965) (QTypeInt) : 0
09:25:04 INFO  [GH3]:   Unknown(0x40c698af) (QTypeQbKey) : 0xce03cb05
09:25:04 INFO  [GH3]: }
09:25:05 INFO  [GH3]: {
09:25:05 INFO  [GH3]:   Unknown(0xb30d9965) (QTypeInt) : 0
09:25:05 INFO  [GH3]:   Unknown(0x40c698af) (QTypeQbKey) : 0xebf510f4
09:25:05 INFO  [GH3]: }
09:25:06 INFO  [GH3]: {
09:25:06 INFO  [GH3]:   Unknown(0xb30d9965) (QTypeInt) : 0
09:25:06 INFO  [GH3]:   Unknown(0x40c698af) (QTypeQbKey) : 0x5fb71d8
09:25:06 INFO  [GH3]: }
09:25:07 INFO  [GH3]: {
09:25:07 INFO  [GH3]:   Unknown(0xb30d9965) (QTypeInt) : 0
09:25:07 INFO  [GH3]:   Unknown(0x40c698af) (QTypeQbKey) : 0xec98d4ed
09:25:07 INFO  [GH3]: }
09:25:08 INFO  [GH3]: {
09:25:08 INFO  [GH3]:   Unknown(0xb30d9965) (QTypeInt) : 0
09:25:08 INFO  [GH3]:   Unknown(0x40c698af) (QTypeQbKey) : 0x5fb71d8
09:25:08 INFO  [GH3]: }
09:25:08 INFO  [GH3]: {
09:25:08 INFO  [GH3]:   Unknown(0xb30d9965) (QTypeInt) : 0
09:25:08 INFO  [GH3]:   Unknown(0x40c698af) (QTypeQbKey) : 0xebf510f4
09:25:08 INFO  [GH3]: }
09:25:08 INFO  [GH3]: {
09:25:08 INFO  [GH3]:   Unknown(0xb30d9965) (QTypeInt) : 0
09:25:08 INFO  [GH3]:   Unknown(0x40c698af) (QTypeQbKey) : 0xce03cb05
09:25:08 INFO  [GH3]: }
09:25:08 INFO  [GH3]: {
09:25:08 INFO  [GH3]:   Unknown(0xb30d9965) (QTypeInt) : 0
09:25:08 INFO  [GH3]:   Unknown(0x40c698af) (QTypeQbKey) : 0x29bbe602
09:25:08 INFO  [GH3]: }
09:25:08 INFO  [GH3]: {
09:25:08 INFO  [GH3]:   Unknown(0xb30d9965) (QTypeInt) : 0
09:25:08 INFO  [GH3]:   Unknown(0x40c698af) (QTypeQbKey) : 0xc7b5872e
09:25:08 INFO  [GH3]: }
09:25:08 INFO  [GH3]: {
09:25:08 INFO  [GH3]:   Unknown(0xb30d9965) (QTypeInt) : 0
09:25:08 INFO  [GH3]:   Unknown(0x40c698af) (QTypeQbKey) : 0xc7b5872e
09:25:08 INFO  [GH3]: }
09:25:08 INFO  [GH3]: {
09:25:08 INFO  [GH3]:   Unknown(0xb30d9965) (QTypeInt) : 0
09:25:08 INFO  [GH3]:   Unknown(0x40c698af) (QTypeQbKey) : 0xc7b5872e
09:25:08 INFO  [GH3]: }
09:25:08 INFO  [GH3]: {
09:25:08 INFO  [GH3]:   Unknown(0xb30d9965) (QTypeInt) : 0
09:25:08 INFO  [GH3]:   Unknown(0x40c698af) (QTypeQbKey) : 0xc7b5872e
09:25:08 INFO  [GH3]: }
09:25:19 INFO  [GH3]: {
09:25:19 INFO  [GH3]:   Unknown(0xb30d9965) (QTypeInt) : 0
09:25:19 INFO  [GH3]:   Unknown(0x40c698af) (QTypeQbKey) : 0x5ebcd694
09:25:19 INFO  [GH3]: }
09:25:20 INFO  [GH3]: {
09:25:20 INFO  [GH3]:   Unknown(0xb30d9965) (QTypeInt) : 0
09:25:20 INFO  [GH3]:   Unknown(0x40c698af) (QTypeQbKey) : 0xb904fb93
09:25:20 INFO  [GH3]: }
09:25:20 INFO  [GH3]: {
09:25:20 INFO  [GH3]:   Unknown(0xb30d9965) (QTypeInt) : 0
09:25:20 INFO  [GH3]:   Unknown(0x40c698af) (QTypeQbKey) : 0x9cf22062
09:25:20 INFO  [GH3]: }
09:25:20 INFO  [GH3]: {
09:25:20 INFO  [GH3]:   Unknown(0xb30d9965) (QTypeInt) : 0
09:25:20 INFO  [GH3]:   Unknown(0x40c698af) (QTypeQbKey) : 0x72fc414e
09:25:20 INFO  [GH3]: }
09:25:20 INFO  [GH3]: {
09:25:20 INFO  [GH3]:   Unknown(0xb30d9965) (QTypeInt) : 0
09:25:20 INFO  [GH3]:   Unknown(0x40c698af) (QTypeQbKey) : 0x9b9fe47b
09:25:20 INFO  [GH3]: }
09:25:20 INFO  [GH3]: {
09:25:20 INFO  [GH3]:   Unknown(0xb30d9965) (QTypeInt) : 0
09:25:20 INFO  [GH3]:   Unknown(0x40c698af) (QTypeQbKey) : 0x75918557
09:25:20 INFO  [GH3]: }
09:25:20 INFO  [GH3]: {
09:25:20 INFO  [GH3]:   Unknown(0xb30d9965) (QTypeInt) : 0
09:25:20 INFO  [GH3]:   Unknown(0x40c698af) (QTypeQbKey) : 0x9229a850
09:25:20 INFO  [GH3]: }
09:25:20 INFO  [GH3]: {
09:25:20 INFO  [GH3]:   Unknown(0xb30d9965) (QTypeInt) : 0
09:25:20 INFO  [GH3]:   Unknown(0x40c698af) (QTypeQbKey) : 0x85e91123
09:25:20 INFO  [GH3]: }
09:25:20 INFO  [GH3]: {
09:25:20 INFO  [GH3]:   Unknown(0xb30d9965) (QTypeInt) : 0
09:25:20 INFO  [GH3]:   Unknown(0x40c698af) (QTypeQbKey) : 0x6be7700f
09:25:20 INFO  [GH3]: }
09:25:20 INFO  [GH3]: {
09:25:20 INFO  [GH3]:   Unknown(0xb30d9965) (QTypeInt) : 0
09:25:20 INFO  [GH3]:   Unknown(0x40c698af) (QTypeQbKey) : 0x8284d53a
09:25:20 INFO  [GH3]: }
09:25:21 INFO  [GH3]: {
09:25:21 INFO  [GH3]:   Unknown(0xb30d9965) (QTypeInt) : 0
09:25:21 INFO  [GH3]:   Unknown(0x40c698af) (QTypeQbKey) : 0x6c8ab416
09:25:21 INFO  [GH3]: }
09:25:21 INFO  [GH3]: {
09:25:21 INFO  [GH3]:   Unknown(0xb30d9965) (QTypeInt) : 0
09:25:21 INFO  [GH3]:   Unknown(0x40c698af) (QTypeQbKey) : 0x8b329911
09:25:21 INFO  [GH3]: }
09:25:21 INFO  [GH3]: {
09:25:21 INFO  [GH3]:   Unknown(0xb30d9965) (QTypeInt) : 0
09:25:21 INFO  [GH3]:   Unknown(0x40c698af) (QTypeQbKey) : 0xcaa887e4
09:25:21 INFO  [GH3]: }
09:25:21 INFO  [GH3]: {
09:25:21 INFO  [GH3]:   Unknown(0xb30d9965) (QTypeInt) : 0
09:25:21 INFO  [GH3]:   Unknown(0x40c698af) (QTypeQbKey) : 0x24a6e6c8
09:25:21 INFO  [GH3]: }
09:25:21 INFO  [GH3]: {
09:25:21 INFO  [GH3]:   Unknown(0xb30d9965) (QTypeInt) : 0
09:25:21 INFO  [GH3]:   Unknown(0x40c698af) (QTypeQbKey) : 0xcdc543fd
09:25:21 INFO  [GH3]: }
09:25:21 INFO  [GH3]: {
09:25:21 INFO  [GH3]:   Unknown(0xb30d9965) (QTypeInt) : 0
09:25:21 INFO  [GH3]:   Unknown(0x40c698af) (QTypeQbKey) : 0x23cb22d1
09:25:21 INFO  [GH3]: }
09:25:21 INFO  [GH3]: {
09:25:21 INFO  [GH3]:   Unknown(0xb30d9965) (QTypeInt) : 0
09:25:21 INFO  [GH3]:   Unknown(0x40c698af) (QTypeQbKey) : 0xc4730fd6
09:25:21 INFO  [GH3]: }
09:25:21 INFO  [GH3]: {
09:25:21 INFO  [GH3]:   Unknown(0xb30d9965) (QTypeInt) : 0
09:25:21 INFO  [GH3]:   Unknown(0x40c698af) (QTypeQbKey) : 0xd3b3b6a5
09:25:21 INFO  [GH3]: }
09:25:21 INFO  [GH3]: {
09:25:21 INFO  [GH3]:   Unknown(0xb30d9965) (QTypeInt) : 0
09:25:21 INFO  [GH3]:   Unknown(0x40c698af) (QTypeQbKey) : 0x3dbdd789
09:25:21 INFO  [GH3]: }
09:25:21 INFO  [GH3]: {
09:25:21 INFO  [GH3]:   Unknown(0xb30d9965) (QTypeInt) : 0
09:25:21 INFO  [GH3]:   Unknown(0x40c698af) (QTypeQbKey) : 0x4abae71f
09:25:21 INFO  [GH3]: }
09:25:22 INFO  [GH3]: {
09:25:22 INFO  [GH3]:   Unknown(0xb30d9965) (QTypeInt) : 0
09:25:22 INFO  [GH3]:   Unknown(0x40c698af) (QTypeQbKey) : 0x4abae71f
09:25:22 INFO  [GH3]: }
09:25:22 INFO  [GH3]: {
09:25:22 INFO  [GH3]:   Unknown(0xb30d9965) (QTypeInt) : 0
09:25:22 INFO  [GH3]:   Unknown(0x40c698af) (QTypeQbKey) : 0x4abae71f
09:25:22 INFO  [GH3]: }
09:25:22 INFO  [GH3]: {
09:25:22 INFO  [GH3]:   Unknown(0xb30d9965) (QTypeInt) : 0
09:25:22 INFO  [GH3]:   Unknown(0x40c698af) (QTypeQbKey) : 0x4abae71f
09:25:22 INFO  [GH3]: }
09:25:22 INFO  [GH3]: {
09:25:22 INFO  [GH3]:   Unknown(0xb30d9965) (QTypeInt) : 0
09:25:22 INFO  [GH3]:   Unknown(0x40c698af) (QTypeQbKey) : 0xa4b48633
09:25:22 INFO  [GH3]: }
09:25:22 INFO  [GH3]: {
09:25:22 INFO  [GH3]:   Unknown(0xb30d9965) (QTypeInt) : 0
09:25:22 INFO  [GH3]:   Unknown(0x40c698af) (QTypeQbKey) : 0xb3743f40
09:25:22 INFO  [GH3]: }
09:25:22 INFO  [GH3]: {
09:25:22 INFO  [GH3]:   Unknown(0xb30d9965) (QTypeInt) : 0
09:25:22 INFO  [GH3]:   Unknown(0x40c698af) (QTypeQbKey) : 0x54cc1247
09:25:22 INFO  [GH3]: }
09:25:23 INFO  [GH3]: {
09:25:23 INFO  [GH3]:   Unknown(0xb30d9965) (QTypeInt) : 0
09:25:23 INFO  [GH3]:   Unknown(0x40c698af) (QTypeQbKey) : 0xbac2736b
09:25:23 INFO  [GH3]: }
09:25:23 INFO  [GH3]: {
09:25:23 INFO  [GH3]:   Unknown(0xb30d9965) (QTypeInt) : 0
09:25:23 INFO  [GH3]:   Unknown(0x40c698af) (QTypeQbKey) : 0x53a1d65e
09:25:23 INFO  [GH3]: }
09:25:23 INFO  [GH3]: {
09:25:23 INFO  [GH3]:   Unknown(0xb30d9965) (QTypeInt) : 0
09:25:23 INFO  [GH3]:   Unknown(0x40c698af) (QTypeQbKey) : 0xbdafb772
09:25:23 INFO  [GH3]: }
09:25:23 INFO  [GH3]: {
09:25:23 INFO  [GH3]:   Unknown(0xb30d9965) (QTypeInt) : 0
09:25:23 INFO  [GH3]:   Unknown(0x40c698af) (QTypeQbKey) : 0xfc35a987
09:25:23 INFO  [GH3]: }
09:25:23 INFO  [GH3]: {
09:25:23 INFO  [GH3]:   Unknown(0xb30d9965) (QTypeInt) : 0
09:25:23 INFO  [GH3]:   Unknown(0x40c698af) (QTypeQbKey) : 0x1b8d8480
09:25:23 INFO  [GH3]: }
09:25:23 INFO  [GH3]: {
09:25:23 INFO  [GH3]:   Unknown(0xb30d9965) (QTypeInt) : 0
09:25:23 INFO  [GH3]:   Unknown(0x40c698af) (QTypeQbKey) : 0xf583e5ac
09:25:23 INFO  [GH3]: }
09:25:23 INFO  [GH3]: {
09:25:23 INFO  [GH3]:   Unknown(0xb30d9965) (QTypeInt) : 0
09:25:23 INFO  [GH3]:   Unknown(0x40c698af) (QTypeQbKey) : 0x1ce04099
09:25:23 INFO  [GH3]: }
09:25:23 INFO  [GH3]: {
09:25:23 INFO  [GH3]:   Unknown(0xb30d9965) (QTypeInt) : 0
09:25:23 INFO  [GH3]:   Unknown(0x40c698af) (QTypeQbKey) : 0xf2ee21b5
09:25:23 INFO  [GH3]: }
09:25:23 INFO  [GH3]: {
09:25:23 INFO  [GH3]:   Unknown(0xb30d9965) (QTypeInt) : 0
09:25:23 INFO  [GH3]:   Unknown(0x40c698af) (QTypeQbKey) : 0xe52e98c6
09:25:23 INFO  [GH3]: }
09:25:23 INFO  [GH3]: {
09:25:23 INFO  [GH3]:   Unknown(0xb30d9965) (QTypeInt) : 0
09:25:23 INFO  [GH3]:   Unknown(0x40c698af) (QTypeQbKey) : 0x296b5c1
09:25:23 INFO  [GH3]: }
09:25:24 INFO  [GH3]: {
09:25:24 INFO  [GH3]:   Unknown(0xb30d9965) (QTypeInt) : 0
09:25:24 INFO  [GH3]:   Unknown(0x40c698af) (QTypeQbKey) : 0xec98d4ed
09:25:24 INFO  [GH3]: }
09:25:24 INFO  [GH3]: {
09:25:24 INFO  [GH3]:   Unknown(0xb30d9965) (QTypeInt) : 0
09:25:24 INFO  [GH3]:   Unknown(0x40c698af) (QTypeQbKey) : 0x5fb71d8
09:25:24 INFO  [GH3]: }
09:25:24 INFO  [GH3]: {
09:25:24 INFO  [GH3]:   Unknown(0xb30d9965) (QTypeInt) : 0
09:25:24 INFO  [GH3]:   Unknown(0x40c698af) (QTypeQbKey) : 0xebf510f4
09:25:24 INFO  [GH3]: }
09:25:24 INFO  [GH3]: {
09:25:24 INFO  [GH3]:   Unknown(0xb30d9965) (QTypeInt) : 0
09:25:24 INFO  [GH3]:   Unknown(0x40c698af) (QTypeQbKey) : 0xce03cb05
09:25:24 INFO  [GH3]: }
09:25:24 INFO  [GH3]: {
09:25:24 INFO  [GH3]:   Unknown(0xb30d9965) (QTypeInt) : 0
09:25:24 INFO  [GH3]:   Unknown(0x40c698af) (QTypeQbKey) : 0x29bbe602
09:25:24 INFO  [GH3]: }
09:25:24 INFO  [GH3]: {
09:25:24 INFO  [GH3]:   Unknown(0xb30d9965) (QTypeInt) : 0
09:25:24 INFO  [GH3]:   Unknown(0x40c698af) (QTypeQbKey) : 0xc7b5872e
09:25:24 INFO  [GH3]: }
09:25:24 INFO  [GH3]: {
09:25:24 INFO  [GH3]:   Unknown(0xb30d9965) (QTypeInt) : 0
09:25:24 INFO  [GH3]:   Unknown(0x40c698af) (QTypeQbKey) : 0xc7b5872e
09:25:24 INFO  [GH3]: }
09:25:24 INFO  [GH3]: {
09:25:24 INFO  [GH3]:   Unknown(0xb30d9965) (QTypeInt) : 0
09:25:24 INFO  [GH3]:   Unknown(0x40c698af) (QTypeQbKey) : 0xc7b5872e
09:25:24 INFO  [GH3]: }
09:25:24 INFO  [GH3]: {
09:25:24 INFO  [GH3]:   Unknown(0xb30d9965) (QTypeInt) : 0
09:25:24 INFO  [GH3]:   Unknown(0x40c698af) (QTypeQbKey) : 0xc7b5872e
09:25:24 INFO  [GH3]: }
09:25:24 INFO  [GH3]: {
09:25:24 INFO  [GH3]:   Unknown(0xb30d9965) (QTypeInt) : 0
09:25:24 INFO  [GH3]:   Unknown(0x40c698af) (QTypeQbKey) : 0xc7b5872e
09:25:24 INFO  [GH3]: }
09:25:25 INFO  [GH3]: {
09:25:25 INFO  [GH3]:   Unknown(0xb30d9965) (QTypeInt) : 0
09:25:25 INFO  [GH3]:   Unknown(0x40c698af) (QTypeQbKey) : 0xc7b5872e
09:25:25 INFO  [GH3]: }
