09:34:21 INFO  [Nylon]: Wine was not detected. Assuming we are running on a Windows NT OS Please report this if this detection is an error.
09:34:21 INFO  [Nylon]: Minhook initialized!
09:34:21 INFO  [Nylon]: Setting up default hooks...
09:34:21 INFO  [Nylon]: Hooked function at address: 0x770689E0
09:34:21 INFO  [Nylon]: Hooked function at address: 0x77068320
09:34:21 INFO  [Nylon]: Hooked function at address: 0x77062520
09:34:21 INFO  [Nylon]: Hooked function at address: 0x00530970
09:34:21 INFO  [Nylon]: Hooked function at address: 0x00530940
09:34:21 INFO  [Nylon]: Hooked function at address: 0x004A1780
09:34:22 INFO  [Nylon]: Hooked function at address: 0x00472B50
09:34:22 INFO  [Nylon]: Hooked function at address: 0x0057B940
09:34:22 INFO  [Nylon]: Hooked function at address: 0x00601D30
09:34:22 INFO  [Nylon]: Hooked function at address: 0x0047DFA0
09:34:22 INFO  [Nylon]: Hooked function at address: 0x0057AE20
09:34:22 INFO  [Nylon]: Hooked function at address: 0x00D94EE8
09:34:22 INFO  [Nylon]: Hooked function at address: 0x004A6820
09:34:22 INFO  [Nylon]: Hooked function at address: 0x0047E5B0
09:34:22 INFO  [Nylon]: Finished setting up default hooks.
09:34:22 INFO  [Nylon]: Loading mods...
09:34:22 INFO  [Nylon]: Loading mods from: "C:\Games\Guitar Hero III\nylon\Mods"
09:34:22 INFO  [Nylon]: Checking for: "C:\Games\Guitar Hero III\nylon\Mods\GH3Deluxe\modinfo.json"...
09:34:22 INFO  [Nylon]: Loading...
09:34:22 INFO  [Nylon]: Found mod: gh3dx
09:34:22 INFO  [Nylon]: Finished loading mods.
09:34:22 INFO  [Nylon]: Finished Core Initialization!
09:34:23 INFO  [Nylon]: Expecting: "GH3Deluxe\pak\gh3dx.pak"
09:34:23 INFO  [Nylon]: Found it! Loading...
09:34:23 INFO  [Nylon]: Done!
09:34:23 INFO  [Nylon]: Hooking DirectX 9...
09:34:23 INFO  [Nylon]: Hooked function at address: 0x598B6500
09:34:23 INFO  [Nylon]: Hooked function at address: 0x598B6120
09:34:23 INFO  [Nylon]: Hooked function at address: 0x7BBFB040
09:34:23 ERROR [Nylon]: Failed to hook function at address: 0x7BBFB040 Error Code: 3
09:34:23 INFO  [Nylon]: Finished hooking DirectX 9.
09:34:23 INFO  [Nylon]: Hooked function at address: 0x7BBFC550
09:34:23 ERROR [Nylon]: Failed to hook function at address: 0x7BBFC550 Error Code: 3
09:34:23 INFO  [Nylon]: KeyboardSetCooperativeLevel -> 6
09:34:23 INFO  [Nylon]: KeyboardSetCooperativeLevel -> 5
09:34:25 INFO  [GH3]: {
09:34:25 INFO  [GH3]:   Unknown(0x69d0dfaf) (QTypeInt) : 0
09:34:25 INFO  [GH3]:   Unknown(0xd4c98794) (QTypeWString) : "CHECKING..."
09:34:25 INFO  [GH3]:   Unknown(0x26bf66f3) (QTypeQbStruct) : 
09:34:25 INFO  [GH3]: 	{
09:34:25 INFO  [GH3]: 	  Unknown(0xc4745838) (QTypeWString) : "Checking storage device..."
09:34:25 INFO  [GH3]: 	}
09:34:25 INFO  [GH3]: }
09:34:25 INFO  [GH3]: {
09:34:25 INFO  [GH3]:   Unknown(0x69d0dfaf) (QTypeInt) : 0
09:34:25 INFO  [GH3]:   Unknown(0x26bf66f3) (QTypeQbStruct) : 
09:34:25 INFO  [GH3]: 	{
09:34:25 INFO  [GH3]: 	  Unknown(0xc4745838) (QTypeWString) : "Game content is damaged and cannot be used. Do you want to delete this content? All progress within this save content will be lost."
09:34:25 INFO  [GH3]: 	  Unknown(0x34a68574) (QTypePair) : (800, 500)
09:34:25 INFO  [GH3]: 	  Unknown(0x7f261953) (QTypePair) : (640, 375)
09:34:25 INFO  [GH3]: 	  Unknown(0x13b9da7b) (QTypeFloat) : 0.5
09:34:25 INFO  [GH3]: 	}
09:34:25 INFO  [GH3]:   Unknown(0xe787d761) (QTypePair) : (640, 465)
09:34:25 INFO  [GH3]:   Unknown(0xad8a5a63) (QTypePair) : (256, 64)
09:34:25 INFO  [GH3]:   Unknown(0x2fca0578) (QTypeQbArray) : Type:"QTypeQbArray" Size:1046864576
09:34:25 INFO  [GH3]: }
09:34:25 INFO  [GH3]: {
09:34:25 INFO  [GH3]:   Unknown(0x69d0dfaf) (QTypeInt) : 0
09:34:25 INFO  [GH3]:   Unknown(0xd4c98794) (QTypeWString) : "SUCCESSFUL"
09:34:25 INFO  [GH3]:   Unknown(0x26bf66f3) (QTypeQbStruct) : 
09:34:25 INFO  [GH3]: 	{
09:34:25 INFO  [GH3]: 	  Unknown(0xc4745838) (QTypeWString) : "Load successful."
09:34:25 INFO  [GH3]: 	}
09:34:25 INFO  [GH3]: }
09:34:32 INFO  [GH3]: {
09:34:32 INFO  [GH3]:   Unknown(0x7323e97c) (QTypeQbArray) : Type:"QTypeQbArray" Size:1049753296
09:34:32 INFO  [GH3]: }
09:34:33 INFO  [GH3]: {
09:34:33 INFO  [GH3]:   Unknown(0xb30d9965) (QTypeInt) : 0
09:34:33 INFO  [GH3]:   Unknown(0x40c698af) (QTypeQbKey) : 0x906f1609
09:34:33 INFO  [GH3]: }
09:34:36 INFO  [GH3]: {
09:34:36 INFO  [GH3]:   Unknown(0x40c698af) (QTypeQbKey) : 0xd9c37276
09:34:36 INFO  [GH3]: }
09:34:36 INFO  [GH3]: {
09:34:36 INFO  [GH3]:   Unknown(0x00000000) (QTypeQbKey) : 0x6086aa70
09:34:36 INFO  [GH3]:   Unknown(0x520c0c9c) (QTypeQbKey) : 0x806fff30
09:34:36 INFO  [GH3]:   Unknown(0x26861025) (QTypeQbKey) : 0x0000
09:34:36 INFO  [GH3]:   Unknown(0xec953eec) (QTypeInt) : 0
09:34:36 INFO  [GH3]: }
09:34:37 INFO  [GH3]: {
09:34:37 INFO  [GH3]:   Unknown(0x40c698af) (QTypeQbKey) : 0x9a17ba07
09:34:37 INFO  [GH3]: }
09:34:38 INFO  [GH3]: {
09:34:38 INFO  [GH3]:   Unknown(0x40c698af) (QTypeQbKey) : 0x9a17ba07
09:34:38 INFO  [GH3]: }
09:34:40 INFO  [GH3]: {
09:34:40 INFO  [GH3]:   Unknown(0xb30d9965) (QTypeInt) : 0
09:34:40 INFO  [GH3]:   Unknown(0x40c698af) (QTypeQbKey) : 0x6d48de21
09:34:40 INFO  [GH3]: }
09:34:40 INFO  [GH3]: {
09:34:40 INFO  [GH3]:   Unknown(0xb30d9965) (QTypeInt) : 0
09:34:40 INFO  [GH3]:   Unknown(0x40c698af) (QTypeQbKey) : 0x8af0f326
09:34:40 INFO  [GH3]: }
09:34:40 INFO  [GH3]: {
09:34:40 INFO  [GH3]:   Unknown(0xb30d9965) (QTypeInt) : 0
09:34:40 INFO  [GH3]:   Unknown(0x40c698af) (QTypeQbKey) : 0xcb6aedd3
09:34:40 INFO  [GH3]: }
09:34:40 INFO  [GH3]: {
09:34:40 INFO  [GH3]:   Unknown(0xb30d9965) (QTypeInt) : 0
09:34:40 INFO  [GH3]:   Unknown(0x40c698af) (QTypeQbKey) : 0x25648cff
09:34:40 INFO  [GH3]: }
09:34:41 INFO  [GH3]: {
09:34:41 INFO  [GH3]:   Unknown(0xb30d9965) (QTypeInt) : 0
09:34:41 INFO  [GH3]:   Unknown(0x40c698af) (QTypeQbKey) : 0xcc0729ca
09:34:41 INFO  [GH3]: }
09:34:41 INFO  [GH3]: {
09:34:41 INFO  [GH3]:   Unknown(0xb30d9965) (QTypeInt) : 0
09:34:41 INFO  [GH3]:   Unknown(0x40c698af) (QTypeQbKey) : 0x220948e6
09:34:41 INFO  [GH3]: }
09:34:41 INFO  [GH3]: {
09:34:41 INFO  [GH3]:   Unknown(0xb30d9965) (QTypeInt) : 0
09:34:41 INFO  [GH3]:   Unknown(0x40c698af) (QTypeQbKey) : 0xc5b165e1
09:34:41 INFO  [GH3]: }
09:34:41 INFO  [GH3]: {
09:34:41 INFO  [GH3]:   Unknown(0xb30d9965) (QTypeInt) : 0
09:34:41 INFO  [GH3]:   Unknown(0x40c698af) (QTypeQbKey) : 0xd271dc92
09:34:41 INFO  [GH3]: }
09:34:41 INFO  [GH3]: {
09:34:41 INFO  [GH3]:   Unknown(0xb30d9965) (QTypeInt) : 0
09:34:41 INFO  [GH3]:   Unknown(0x40c698af) (QTypeQbKey) : 0x3c7fbdbe
09:34:41 INFO  [GH3]: }
09:34:41 INFO  [GH3]: {
09:34:41 INFO  [GH3]:   Unknown(0xb30d9965) (QTypeInt) : 0
09:34:41 INFO  [GH3]:   Unknown(0x40c698af) (QTypeQbKey) : 0xd51c188b
09:34:41 INFO  [GH3]: }
09:34:41 INFO  [GH3]: {
09:34:41 INFO  [GH3]:   Unknown(0xb30d9965) (QTypeInt) : 0
09:34:41 INFO  [GH3]:   Unknown(0x40c698af) (QTypeQbKey) : 0x3b1279a7
09:34:41 INFO  [GH3]: }
09:34:41 INFO  [GH3]: {
09:34:41 INFO  [GH3]:   Unknown(0xb30d9965) (QTypeInt) : 0
09:34:41 INFO  [GH3]:   Unknown(0x40c698af) (QTypeQbKey) : 0xdcaa54a0
09:34:41 INFO  [GH3]: }
09:34:41 INFO  [GH3]: {
09:34:41 INFO  [GH3]:   Unknown(0xb30d9965) (QTypeInt) : 0
09:34:41 INFO  [GH3]:   Unknown(0x40c698af) (QTypeQbKey) : 0xf95c8f51
09:34:41 INFO  [GH3]: }
09:34:41 INFO  [GH3]: {
09:34:41 INFO  [GH3]:   Unknown(0xb30d9965) (QTypeInt) : 0
09:34:41 INFO  [GH3]:   Unknown(0x40c698af) (QTypeQbKey) : 0x1752ee7d
09:34:41 INFO  [GH3]: }
09:34:42 INFO  [GH3]: {
09:34:42 INFO  [GH3]:   Unknown(0xb30d9965) (QTypeInt) : 0
09:34:42 INFO  [GH3]:   Unknown(0x40c698af) (QTypeQbKey) : 0xfe314b48
09:34:42 INFO  [GH3]: }
09:34:42 INFO  [GH3]: {
09:34:42 INFO  [GH3]:   Unknown(0xb30d9965) (QTypeInt) : 0
09:34:42 INFO  [GH3]:   Unknown(0x40c698af) (QTypeQbKey) : 0x103f2a64
09:34:42 INFO  [GH3]: }
09:34:42 INFO  [GH3]: {
09:34:42 INFO  [GH3]:   Unknown(0xb30d9965) (QTypeInt) : 0
09:34:42 INFO  [GH3]:   Unknown(0x40c698af) (QTypeQbKey) : 0xf7870763
09:34:42 INFO  [GH3]: }
09:34:42 INFO  [GH3]: {
09:34:42 INFO  [GH3]:   Unknown(0xb30d9965) (QTypeInt) : 0
09:34:42 INFO  [GH3]:   Unknown(0x40c698af) (QTypeQbKey) : 0xe047be10
09:34:42 INFO  [GH3]: }
09:34:42 INFO  [GH3]: {
09:34:42 INFO  [GH3]:   Unknown(0xb30d9965) (QTypeInt) : 0
09:34:42 INFO  [GH3]:   Unknown(0x40c698af) (QTypeQbKey) : 0xe49df3c
09:34:42 INFO  [GH3]: }
09:34:42 INFO  [GH3]: {
09:34:42 INFO  [GH3]:   Unknown(0xb30d9965) (QTypeInt) : 0
09:34:42 INFO  [GH3]:   Unknown(0x40c698af) (QTypeQbKey) : 0x794eefaa
09:34:42 INFO  [GH3]: }
09:34:42 INFO  [GH3]: {
09:34:42 INFO  [GH3]:   Unknown(0xb30d9965) (QTypeInt) : 0
09:34:42 INFO  [GH3]:   Unknown(0x40c698af) (QTypeQbKey) : 0x794eefaa
09:34:42 INFO  [GH3]: }
09:34:42 INFO  [GH3]: {
09:34:42 INFO  [GH3]:   Unknown(0xb30d9965) (QTypeInt) : 0
09:34:42 INFO  [GH3]:   Unknown(0x40c698af) (QTypeQbKey) : 0x794eefaa
09:34:42 INFO  [GH3]: }
09:34:44 INFO  [GH3]: {
09:34:44 INFO  [GH3]:   Unknown(0x00000000) (QTypeQbKey) : 0x6086aa70
09:34:44 INFO  [GH3]:   Unknown(0x520c0c9c) (QTypeQbKey) : 0x806fff30
09:34:44 INFO  [GH3]:   Unknown(0x26861025) (QTypeQbKey) : 0x0000
09:34:44 INFO  [GH3]:   Unknown(0xec953eec) (QTypeInt) : 0
09:34:44 INFO  [GH3]: }
09:34:44 INFO  [GH3]: {
09:34:44 INFO  [GH3]:   Unknown(0x83aaa1a0) (QTypeQbKey) : 0xeb323e20
09:34:44 INFO  [GH3]:   Unknown(0xdb616875) (QTypeInt) : 8
09:34:44 INFO  [GH3]:   Unknown(0xd8f1a5c6) (QTypeQbKey) : 0xf2937a7e
09:34:44 INFO  [GH3]:   Unknown(0xb7822ed8) (QTypeInt) : 4294967295
09:34:44 INFO  [GH3]:   Unknown(0xcc12115e) (QTypeQbKey) : 0x806fff30
09:34:44 INFO  [GH3]:   Unknown(0x8a4c762d) (QTypeQbKey) : 0x806fff30
09:34:44 INFO  [GH3]: }
09:34:44 INFO  [GH3]: {
09:34:44 INFO  [GH3]:   Unknown(0x00000000) (QTypeQbKey) : 0xff03cc4e
09:34:44 INFO  [GH3]:   Unknown(0x520c0c9c) (QTypeQbKey) : 0x806fff30
09:34:44 INFO  [GH3]:   Unknown(0x26861025) (QTypeQbKey) : 0x0000
09:34:44 INFO  [GH3]:   Unknown(0xec953eec) (QTypeInt) : 0
09:34:44 INFO  [GH3]: }
09:34:44 INFO  [GH3]: {
09:34:44 INFO  [GH3]:   Unknown(0x00000000) (QTypeQbKey) : 0xff03cc4e
09:34:44 INFO  [GH3]:   Unknown(0x520c0c9c) (QTypeQbKey) : 0x806fff30
09:34:44 INFO  [GH3]:   Unknown(0x26861025) (QTypeQbKey) : 0x3e7a0750
09:34:44 INFO  [GH3]:   Unknown(0xec953eec) (QTypeInt) : 0
09:34:44 INFO  [GH3]: }
09:34:44 INFO  [GH3]: {
09:34:44 INFO  [GH3]:   Unknown(0x00000000) (QTypeQbKey) : 0xff03cc4e
09:34:44 INFO  [GH3]:   Unknown(0x520c0c9c) (QTypeQbKey) : 0x806fff30
09:34:44 INFO  [GH3]:   Unknown(0x26861025) (QTypeQbKey) : 0x0000
09:34:44 INFO  [GH3]:   Unknown(0xec953eec) (QTypeInt) : 0
09:34:44 INFO  [GH3]: }
09:34:44 INFO  [GH3]: {
09:34:44 INFO  [GH3]:   Unknown(0x00000000) (QTypeQbKey) : 0xff03cc4e
09:34:44 INFO  [GH3]:   Unknown(0x520c0c9c) (QTypeQbKey) : 0x806fff30
09:34:44 INFO  [GH3]:   Unknown(0x26861025) (QTypeQbKey) : 0x0000
09:34:44 INFO  [GH3]:   Unknown(0xec953eec) (QTypeInt) : 0
09:34:44 INFO  [GH3]: }
09:34:44 INFO  [GH3]: {
09:34:44 INFO  [GH3]:   Unknown(0x00000000) (QTypeQbKey) : 0xff03cc4e
09:34:44 INFO  [GH3]:   Unknown(0x520c0c9c) (QTypeQbKey) : 0x806fff30
09:34:44 INFO  [GH3]:   Unknown(0x26861025) (QTypeQbKey) : 0x0000
09:34:44 INFO  [GH3]:   Unknown(0xec953eec) (QTypeInt) : 0
09:34:44 INFO  [GH3]: }
09:34:44 INFO  [GH3]: {
09:34:44 INFO  [GH3]:   Unknown(0x00000000) (QTypeQbKey) : 0xff03cc4e
09:34:44 INFO  [GH3]:   Unknown(0x520c0c9c) (QTypeQbKey) : 0x806fff30
09:34:44 INFO  [GH3]:   Unknown(0x26861025) (QTypeQbKey) : 0x0000
09:34:44 INFO  [GH3]:   Unknown(0xec953eec) (QTypeInt) : 0
09:34:44 INFO  [GH3]: }
09:34:44 INFO  [GH3]: {
09:34:44 INFO  [GH3]:   Unknown(0x00000000) (QTypeQbKey) : 0xff03cc4e
09:34:44 INFO  [GH3]:   Unknown(0x520c0c9c) (QTypeQbKey) : 0x806fff30
09:34:44 INFO  [GH3]:   Unknown(0x26861025) (QTypeQbKey) : 0x0000
09:34:44 INFO  [GH3]:   Unknown(0xec953eec) (QTypeInt) : 0
09:34:44 INFO  [GH3]: }
09:34:44 INFO  [GH3]: {
09:34:44 INFO  [GH3]:   Unknown(0x2e41f796) (QTypeInt) : 3000
09:34:44 INFO  [GH3]:   Unknown(0x00000000) (QTypeQbKey) : 0xda99b63b
09:34:44 INFO  [GH3]: }
09:44:00 INFO  [GH3]: {
09:44:00 INFO  [GH3]:   Unknown(0x83aaa1a0) (QTypeQbKey) : 0xeb323e20
09:44:00 INFO  [GH3]:   Unknown(0xdb616875) (QTypeInt) : 8
09:44:00 INFO  [GH3]:   Unknown(0xd8f1a5c6) (QTypeQbKey) : 0xf2937a7e
09:44:00 INFO  [GH3]:   Unknown(0xb7822ed8) (QTypeInt) : 4294967295
09:44:00 INFO  [GH3]:   Unknown(0xcc12115e) (QTypeQbKey) : 0x806fff30
09:44:00 INFO  [GH3]:   Unknown(0x8a4c762d) (QTypeQbKey) : 0x806fff30
09:44:00 INFO  [GH3]: }
09:44:00 INFO  [GH3]: {
09:44:00 INFO  [GH3]:   Unknown(0x2e41f796) (QTypeInt) : 3000
09:44:00 INFO  [GH3]:   Unknown(0x00000000) (QTypeQbKey) : 0xda99b63b
09:44:00 INFO  [GH3]: }
09:44:08 INFO  [GH3]: {
09:44:08 INFO  [GH3]:   Unknown(0x26bf66f3) (QTypeQbStruct) : 
09:44:08 INFO  [GH3]: 	{
09:44:08 INFO  [GH3]: 	  Unknown(0xc4745838) (QTypeWString) : "You will lose all unsaved progress if you quit. Are you sure you want to quit this song?"
09:44:08 INFO  [GH3]: 	  Unknown(0x34a68574) (QTypePair) : (600, 400)
09:44:08 INFO  [GH3]: 	  Unknown(0x13b9da7b) (QTypeFloat) : 0.6
09:44:08 INFO  [GH3]: 	}
09:44:08 INFO  [GH3]:   Unknown(0x69d0dfaf) (QTypeInt) : 0
09:44:08 INFO  [GH3]:   Unknown(0x00000000) (QTypeQbKey) : 0xeafc692e
09:44:08 INFO  [GH3]:   Unknown(0xe787d761) (QTypePair) : (640, 480)
09:44:08 INFO  [GH3]:   Unknown(0xad8a5a63) (QTypePair) : (600, 80)
09:44:08 INFO  [GH3]:   Unknown(0x2fca0578) (QTypeQbArray) : Type:"QTypeQbArray" Size:1049765488
09:44:08 INFO  [GH3]: }
09:44:10 INFO  [GH3]: {
09:44:10 INFO  [GH3]:   Unknown(0x7323e97c) (QTypeQbArray) : Type:"QTypeQbArray" Size:1049767616
09:44:10 INFO  [GH3]: }
