10:06:58 INFO  [Nylon]: Wine was not detected. Assuming we are running on a Windows NT OS Please report this if this detection is an error.
10:06:58 INFO  [Nylon]: Minhook initialized!
10:06:58 INFO  [Nylon]: Setting up default hooks...
10:06:58 INFO  [Nylon]: Hooked function at address: 0x757889E0
10:06:58 INFO  [Nylon]: Hooked function at address: 0x75788320
10:06:58 INFO  [Nylon]: Hooked function at address: 0x75782520
10:06:58 INFO  [Nylon]: Hooked function at address: 0x00530970
10:06:58 INFO  [Nylon]: Hooked function at address: 0x00530940
10:06:58 INFO  [Nylon]: Hooked function at address: 0x004A1780
10:06:58 INFO  [Nylon]: Hooked function at address: 0x00472B50
10:06:58 INFO  [Nylon]: Hooked function at address: 0x0057B940
10:06:59 INFO  [Nylon]: Hooked function at address: 0x00601D30
10:06:59 INFO  [Nylon]: Hooked function at address: 0x0047DFA0
10:06:59 INFO  [Nylon]: Hooked function at address: 0x0057AE20
10:06:59 INFO  [Nylon]: Hooked function at address: 0x00D94EE8
10:06:59 INFO  [Nylon]: Hooked function at address: 0x004A6820
10:06:59 INFO  [Nylon]: Hooked function at address: 0x0047E5B0
10:06:59 INFO  [Nylon]: Finished setting up default hooks.
10:06:59 INFO  [Nylon]: Loading mods...
10:06:59 INFO  [Nylon]: Loading mods from: "C:\Games\Guitar Hero III\nylon\Mods"
10:06:59 INFO  [Nylon]: Checking for: "C:\Games\Guitar Hero III\nylon\Mods\GH3Deluxe\modinfo.json"...
10:06:59 INFO  [Nylon]: Loading...
10:06:59 INFO  [Nylon]: Found mod: gh3dx
10:06:59 INFO  [Nylon]: Finished loading mods.
10:06:59 INFO  [Nylon]: Finished Core Initialization!
10:06:59 INFO  [Nylon]: Expecting: "GH3Deluxe\pak\gh3dx.pak"
10:06:59 INFO  [Nylon]: Found it! Loading...
10:06:59 INFO  [Nylon]: Done!
10:06:59 INFO  [Nylon]: Hooking DirectX 9...
10:06:59 INFO  [Nylon]: Hooked function at address: 0x58706500
10:07:00 INFO  [Nylon]: Hooked function at address: 0x58706120
10:07:00 INFO  [Nylon]: Hooked function at address: 0x7A0EB040
10:07:00 ERROR [Nylon]: Failed to hook function at address: 0x7A0EB040 Error Code: 3
10:07:00 INFO  [Nylon]: Finished hooking DirectX 9.
10:07:00 INFO  [Nylon]: Hooked function at address: 0x7A0EC550
10:07:00 ERROR [Nylon]: Failed to hook function at address: 0x7A0EC550 Error Code: 3
10:07:00 INFO  [Nylon]: KeyboardSetCooperativeLevel -> 6
10:07:00 INFO  [Nylon]: KeyboardSetCooperativeLevel -> 5
10:07:04 INFO  [GH3]: {
10:07:04 INFO  [GH3]:   Unknown(0x69d0dfaf) (QTypeInt) : 3
10:07:04 INFO  [GH3]:   Unknown(0xd4c98794) (QTypeWString) : "CHECKING..."
10:07:04 INFO  [GH3]:   Unknown(0x26bf66f3) (QTypeQbStruct) : 
10:07:04 INFO  [GH3]: 	{
10:07:04 INFO  [GH3]: 	  Unknown(0xc4745838) (QTypeWString) : "Checking storage device..."
10:07:04 INFO  [GH3]: 	}
10:07:04 INFO  [GH3]: }
10:07:04 INFO  [GH3]: {
10:07:04 INFO  [GH3]:   Unknown(0x69d0dfaf) (QTypeInt) : 3
10:07:04 INFO  [GH3]:   Unknown(0x26bf66f3) (QTypeQbStruct) : 
10:07:04 INFO  [GH3]: 	{
10:07:04 INFO  [GH3]: 	  Unknown(0xc4745838) (QTypeWString) : "Game content is damaged and cannot be used. Do you want to delete this content? All progress within this save content will be lost."
10:07:04 INFO  [GH3]: 	  Unknown(0x34a68574) (QTypePair) : (800, 500)
10:07:04 INFO  [GH3]: 	  Unknown(0x7f261953) (QTypePair) : (640, 375)
10:07:04 INFO  [GH3]: 	  Unknown(0x13b9da7b) (QTypeFloat) : 0.5
10:07:04 INFO  [GH3]: 	}
10:07:04 INFO  [GH3]:   Unknown(0xe787d761) (QTypePair) : (640, 465)
10:07:04 INFO  [GH3]:   Unknown(0xad8a5a63) (QTypePair) : (256, 64)
10:07:04 INFO  [GH3]:   Unknown(0x2fca0578) (QTypeQbArray) : Type:"QTypeQbArray" Size:1119076416
10:07:04 INFO  [GH3]: }
10:07:04 INFO  [GH3]: {
10:07:04 INFO  [GH3]:   Unknown(0x69d0dfaf) (QTypeInt) : 3
10:07:04 INFO  [GH3]:   Unknown(0xd4c98794) (QTypeWString) : "SUCCESSFUL"
10:07:04 INFO  [GH3]:   Unknown(0x26bf66f3) (QTypeQbStruct) : 
10:07:04 INFO  [GH3]: 	{
10:07:04 INFO  [GH3]: 	  Unknown(0xc4745838) (QTypeWString) : "Load successful."
10:07:04 INFO  [GH3]: 	}
10:07:04 INFO  [GH3]: }
10:07:06 INFO  [GH3]: {
10:07:06 INFO  [GH3]:   Unknown(0x7323e97c) (QTypeQbArray) : Type:"QTypeQbArray" Size:1122945776
10:07:06 INFO  [GH3]: }
10:07:07 INFO  [GH3]: {
10:07:07 INFO  [GH3]:   Unknown(0x40c698af) (QTypeQbKey) : 0xfad85b3f
10:07:07 INFO  [GH3]: }
10:07:07 INFO  [GH3]: {
10:07:07 INFO  [GH3]:   Unknown(0x40c698af) (QTypeQbKey) : 0xed108a91
10:07:07 INFO  [GH3]: }
10:07:07 INFO  [GH3]: {
10:07:07 INFO  [GH3]:   Unknown(0x40c698af) (QTypeQbKey) : 0x31eebbd
10:07:07 INFO  [GH3]: }
10:07:07 INFO  [GH3]: {
10:07:07 INFO  [GH3]:   Unknown(0x40c698af) (QTypeQbKey) : 0xea7d4e88
10:07:07 INFO  [GH3]: }
10:07:07 INFO  [GH3]: {
10:07:07 INFO  [GH3]:   Unknown(0x40c698af) (QTypeQbKey) : 0x4732fa4
10:07:07 INFO  [GH3]: }
10:07:08 INFO  [GH3]: {
10:07:08 INFO  [GH3]:   Unknown(0xb30d9965) (QTypeInt) : 0
10:07:08 INFO  [GH3]:   Unknown(0x40c698af) (QTypeQbKey) : 0x29bbe602
10:07:08 INFO  [GH3]: }
10:07:08 INFO  [GH3]: {
10:07:08 INFO  [GH3]:   Unknown(0xb30d9965) (QTypeInt) : 0
10:07:08 INFO  [GH3]:   Unknown(0x40c698af) (QTypeQbKey) : 0xce03cb05
10:07:08 INFO  [GH3]: }
10:07:08 INFO  [GH3]: {
10:07:08 INFO  [GH3]:   Unknown(0xb30d9965) (QTypeInt) : 0
10:07:08 INFO  [GH3]:   Unknown(0x40c698af) (QTypeQbKey) : 0xebf510f4
10:07:08 INFO  [GH3]: }
10:07:08 INFO  [GH3]: {
10:07:08 INFO  [GH3]:   Unknown(0xb30d9965) (QTypeInt) : 0
10:07:08 INFO  [GH3]:   Unknown(0x40c698af) (QTypeQbKey) : 0x5fb71d8
10:07:08 INFO  [GH3]: }
10:07:08 INFO  [GH3]: {
10:07:08 INFO  [GH3]:   Unknown(0xb30d9965) (QTypeInt) : 0
10:07:08 INFO  [GH3]:   Unknown(0x40c698af) (QTypeQbKey) : 0xec98d4ed
10:07:08 INFO  [GH3]: }
10:07:08 INFO  [GH3]: {
10:07:08 INFO  [GH3]:   Unknown(0xb30d9965) (QTypeInt) : 0
10:07:08 INFO  [GH3]:   Unknown(0x40c698af) (QTypeQbKey) : 0x296b5c1
10:07:08 INFO  [GH3]: }
10:07:08 INFO  [GH3]: {
10:07:08 INFO  [GH3]:   Unknown(0xb30d9965) (QTypeInt) : 0
10:07:08 INFO  [GH3]:   Unknown(0x40c698af) (QTypeQbKey) : 0xe52e98c6
10:07:08 INFO  [GH3]: }
10:07:08 INFO  [GH3]: {
10:07:08 INFO  [GH3]:   Unknown(0xb30d9965) (QTypeInt) : 0
10:07:08 INFO  [GH3]:   Unknown(0x40c698af) (QTypeQbKey) : 0xf2ee21b5
10:07:08 INFO  [GH3]: }
10:07:08 INFO  [GH3]: {
10:07:08 INFO  [GH3]:   Unknown(0xb30d9965) (QTypeInt) : 0
10:07:08 INFO  [GH3]:   Unknown(0x40c698af) (QTypeQbKey) : 0x1ce04099
10:07:08 INFO  [GH3]: }
10:07:08 INFO  [GH3]: {
10:07:08 INFO  [GH3]:   Unknown(0xb30d9965) (QTypeInt) : 0
10:07:08 INFO  [GH3]:   Unknown(0x40c698af) (QTypeQbKey) : 0xf583e5ac
10:07:08 INFO  [GH3]: }
10:07:08 INFO  [GH3]: {
10:07:08 INFO  [GH3]:   Unknown(0xb30d9965) (QTypeInt) : 0
10:07:08 INFO  [GH3]:   Unknown(0x40c698af) (QTypeQbKey) : 0x1b8d8480
10:07:08 INFO  [GH3]: }
10:07:08 INFO  [GH3]: {
10:07:08 INFO  [GH3]:   Unknown(0xb30d9965) (QTypeInt) : 0
10:07:08 INFO  [GH3]:   Unknown(0x40c698af) (QTypeQbKey) : 0xfc35a987
10:07:08 INFO  [GH3]: }
10:07:08 INFO  [GH3]: {
10:07:08 INFO  [GH3]:   Unknown(0xb30d9965) (QTypeInt) : 0
10:07:08 INFO  [GH3]:   Unknown(0x40c698af) (QTypeQbKey) : 0xbdafb772
10:07:08 INFO  [GH3]: }
10:07:08 INFO  [GH3]: {
10:07:08 INFO  [GH3]:   Unknown(0xb30d9965) (QTypeInt) : 0
10:07:08 INFO  [GH3]:   Unknown(0x40c698af) (QTypeQbKey) : 0x53a1d65e
10:07:08 INFO  [GH3]: }
10:07:08 INFO  [GH3]: {
10:07:08 INFO  [GH3]:   Unknown(0xb30d9965) (QTypeInt) : 0
10:07:08 INFO  [GH3]:   Unknown(0x40c698af) (QTypeQbKey) : 0xbac2736b
10:07:08 INFO  [GH3]: }
10:07:08 INFO  [GH3]: {
10:07:08 INFO  [GH3]:   Unknown(0xb30d9965) (QTypeInt) : 0
10:07:08 INFO  [GH3]:   Unknown(0x40c698af) (QTypeQbKey) : 0x54cc1247
10:07:08 INFO  [GH3]: }
10:07:08 INFO  [GH3]: {
10:07:08 INFO  [GH3]:   Unknown(0xb30d9965) (QTypeInt) : 0
10:07:08 INFO  [GH3]:   Unknown(0x40c698af) (QTypeQbKey) : 0xb3743f40
10:07:08 INFO  [GH3]: }
10:07:12 INFO  [GH3]: {
10:07:13 INFO  [GH3]:   Unknown(0xb30d9965) (QTypeInt) : 0
10:07:13 INFO  [GH3]:   Unknown(0x40c698af) (QTypeQbKey) : 0xa4b48633
10:07:13 INFO  [GH3]: }
10:07:16 INFO  [GH3]: {
10:07:16 INFO  [GH3]:   Unknown(0xb30d9965) (QTypeInt) : 0
10:07:16 INFO  [GH3]:   Unknown(0x40c698af) (QTypeQbKey) : 0xb3743f40
10:07:16 INFO  [GH3]: }
10:07:16 INFO  [GH3]: {
10:07:16 INFO  [GH3]:   Unknown(0xb30d9965) (QTypeInt) : 0
10:07:16 INFO  [GH3]:   Unknown(0x40c698af) (QTypeQbKey) : 0x54cc1247
10:07:16 INFO  [GH3]: }
10:07:16 INFO  [GH3]: {
10:07:16 INFO  [GH3]:   Unknown(0xb30d9965) (QTypeInt) : 0
10:07:16 INFO  [GH3]:   Unknown(0x40c698af) (QTypeQbKey) : 0xbac2736b
10:07:16 INFO  [GH3]: }
10:07:16 INFO  [GH3]: {
10:07:16 INFO  [GH3]:   Unknown(0xb30d9965) (QTypeInt) : 0
10:07:16 INFO  [GH3]:   Unknown(0x40c698af) (QTypeQbKey) : 0x53a1d65e
10:07:16 INFO  [GH3]: }
10:07:17 INFO  [GH3]: {
10:07:17 INFO  [GH3]:   Unknown(0xb30d9965) (QTypeInt) : 0
10:07:17 INFO  [GH3]:   Unknown(0x40c698af) (QTypeQbKey) : 0xbdafb772
10:07:17 INFO  [GH3]: }
10:07:17 INFO  [GH3]: {
10:07:17 INFO  [GH3]:   Unknown(0xb30d9965) (QTypeInt) : 0
10:07:17 INFO  [GH3]:   Unknown(0x40c698af) (QTypeQbKey) : 0xfc35a987
10:07:17 INFO  [GH3]: }
10:07:17 INFO  [GH3]: {
10:07:17 INFO  [GH3]:   Unknown(0xb30d9965) (QTypeInt) : 0
10:07:17 INFO  [GH3]:   Unknown(0x40c698af) (QTypeQbKey) : 0x1b8d8480
10:07:17 INFO  [GH3]: }
10:07:17 INFO  [GH3]: {
10:07:17 INFO  [GH3]:   Unknown(0xb30d9965) (QTypeInt) : 0
10:07:17 INFO  [GH3]:   Unknown(0x40c698af) (QTypeQbKey) : 0xf583e5ac
10:07:17 INFO  [GH3]: }
10:07:17 INFO  [GH3]: {
10:07:17 INFO  [GH3]:   Unknown(0xb30d9965) (QTypeInt) : 0
10:07:17 INFO  [GH3]:   Unknown(0x40c698af) (QTypeQbKey) : 0x1ce04099
10:07:17 INFO  [GH3]: }
10:07:17 INFO  [GH3]: {
10:07:17 INFO  [GH3]:   Unknown(0xb30d9965) (QTypeInt) : 0
10:07:17 INFO  [GH3]:   Unknown(0x40c698af) (QTypeQbKey) : 0xf2ee21b5
10:07:17 INFO  [GH3]: }
10:07:17 INFO  [GH3]: {
10:07:17 INFO  [GH3]:   Unknown(0xb30d9965) (QTypeInt) : 0
10:07:17 INFO  [GH3]:   Unknown(0x40c698af) (QTypeQbKey) : 0xe52e98c6
10:07:17 INFO  [GH3]: }
10:07:17 INFO  [GH3]: {
10:07:17 INFO  [GH3]:   Unknown(0xb30d9965) (QTypeInt) : 0
10:07:17 INFO  [GH3]:   Unknown(0x40c698af) (QTypeQbKey) : 0x296b5c1
10:07:17 INFO  [GH3]: }
10:07:17 INFO  [GH3]: {
10:07:17 INFO  [GH3]:   Unknown(0xb30d9965) (QTypeInt) : 0
10:07:17 INFO  [GH3]:   Unknown(0x40c698af) (QTypeQbKey) : 0xec98d4ed
10:07:17 INFO  [GH3]: }
10:07:17 INFO  [GH3]: {
10:07:17 INFO  [GH3]:   Unknown(0xb30d9965) (QTypeInt) : 0
10:07:18 INFO  [GH3]:   Unknown(0x40c698af) (QTypeQbKey) : 0x5fb71d8
10:07:18 INFO  [GH3]: }
10:07:18 INFO  [GH3]: {
10:07:18 INFO  [GH3]:   Unknown(0xb30d9965) (QTypeInt) : 0
10:07:18 INFO  [GH3]:   Unknown(0x40c698af) (QTypeQbKey) : 0xebf510f4
10:07:18 INFO  [GH3]: }
10:07:18 INFO  [GH3]: {
10:07:18 INFO  [GH3]:   Unknown(0xb30d9965) (QTypeInt) : 0
10:07:18 INFO  [GH3]:   Unknown(0x40c698af) (QTypeQbKey) : 0xce03cb05
10:07:18 INFO  [GH3]: }
10:07:18 INFO  [GH3]: {
10:07:18 INFO  [GH3]:   Unknown(0xb30d9965) (QTypeInt) : 0
10:07:18 INFO  [GH3]:   Unknown(0x40c698af) (QTypeQbKey) : 0x29bbe602
10:07:18 INFO  [GH3]: }
10:07:18 INFO  [GH3]: {
10:07:18 INFO  [GH3]:   Unknown(0xb30d9965) (QTypeInt) : 0
10:07:18 INFO  [GH3]:   Unknown(0x40c698af) (QTypeQbKey) : 0xc7b5872e
10:07:18 INFO  [GH3]: }
10:07:18 INFO  [GH3]: {
10:07:18 INFO  [GH3]:   Unknown(0xb30d9965) (QTypeInt) : 0
10:07:18 INFO  [GH3]:   Unknown(0x40c698af) (QTypeQbKey) : 0xc7b5872e
10:07:18 INFO  [GH3]: }
10:07:18 INFO  [GH3]: {
10:07:18 INFO  [GH3]:   Unknown(0xb30d9965) (QTypeInt) : 0
10:07:18 INFO  [GH3]:   Unknown(0x40c698af) (QTypeQbKey) : 0xc7b5872e
10:07:18 INFO  [GH3]: }
10:07:18 INFO  [GH3]: {
10:07:18 INFO  [GH3]:   Unknown(0xb30d9965) (QTypeInt) : 0
10:07:18 INFO  [GH3]:   Unknown(0x40c698af) (QTypeQbKey) : 0xc7b5872e
10:07:18 INFO  [GH3]: }
10:07:18 INFO  [GH3]: {
10:07:18 INFO  [GH3]:   Unknown(0xb30d9965) (QTypeInt) : 0
10:07:18 INFO  [GH3]:   Unknown(0x40c698af) (QTypeQbKey) : 0xc7b5872e
10:07:18 INFO  [GH3]: }
10:07:18 INFO  [GH3]: {
10:07:18 INFO  [GH3]:   Unknown(0xb30d9965) (QTypeInt) : 0
10:07:18 INFO  [GH3]:   Unknown(0x40c698af) (QTypeQbKey) : 0xc7b5872e
10:07:18 INFO  [GH3]: }
10:07:19 INFO  [GH3]: {
10:07:19 INFO  [GH3]:   Unknown(0xb30d9965) (QTypeInt) : 0
10:07:19 INFO  [GH3]:   Unknown(0x40c698af) (QTypeQbKey) : 0xc7b5872e
10:07:19 INFO  [GH3]: }
10:07:19 INFO  [GH3]: {
10:07:19 INFO  [GH3]:   Unknown(0xb30d9965) (QTypeInt) : 0
10:07:19 INFO  [GH3]:   Unknown(0x40c698af) (QTypeQbKey) : 0xc7b5872e
10:07:19 INFO  [GH3]: }
10:07:19 INFO  [GH3]: {
10:07:19 INFO  [GH3]:   Unknown(0xb30d9965) (QTypeInt) : 0
10:07:19 INFO  [GH3]:   Unknown(0x40c698af) (QTypeQbKey) : 0xc7b5872e
10:07:19 INFO  [GH3]: }
10:07:20 INFO  [GH3]: {
10:07:20 INFO  [GH3]:   Unknown(0xb30d9965) (QTypeInt) : 0
10:07:20 INFO  [GH3]:   Unknown(0x40c698af) (QTypeQbKey) : 0x29bbe602
10:07:20 INFO  [GH3]: }
10:07:20 INFO  [GH3]: {
10:07:20 INFO  [GH3]:   Unknown(0xb30d9965) (QTypeInt) : 0
10:07:20 INFO  [GH3]:   Unknown(0x40c698af) (QTypeQbKey) : 0xce03cb05
10:07:20 INFO  [GH3]: }
10:07:20 INFO  [GH3]: {
10:07:20 INFO  [GH3]:   Unknown(0xb30d9965) (QTypeInt) : 0
10:07:20 INFO  [GH3]:   Unknown(0x40c698af) (QTypeQbKey) : 0xebf510f4
10:07:20 INFO  [GH3]: }
10:07:26 INFO  [GH3]: {
10:07:26 INFO  [GH3]:   Unknown(0xb30d9965) (QTypeInt) : 0
10:07:26 INFO  [GH3]:   Unknown(0x40c698af) (QTypeQbKey) : 0x5fb71d8
10:07:26 INFO  [GH3]: }
10:07:26 INFO  [GH3]: {
10:07:26 INFO  [GH3]:   Unknown(0xb30d9965) (QTypeInt) : 0
10:07:26 INFO  [GH3]:   Unknown(0x40c698af) (QTypeQbKey) : 0xec98d4ed
10:07:26 INFO  [GH3]: }
10:07:26 INFO  [GH3]: {
10:07:26 INFO  [GH3]:   Unknown(0xb30d9965) (QTypeInt) : 0
10:07:26 INFO  [GH3]:   Unknown(0x40c698af) (QTypeQbKey) : 0x296b5c1
10:07:26 INFO  [GH3]: }
10:07:26 INFO  [GH3]: {
10:07:26 INFO  [GH3]:   Unknown(0xb30d9965) (QTypeInt) : 0
10:07:26 INFO  [GH3]:   Unknown(0x40c698af) (QTypeQbKey) : 0xe52e98c6
10:07:26 INFO  [GH3]: }
10:07:26 INFO  [GH3]: {
10:07:26 INFO  [GH3]:   Unknown(0xb30d9965) (QTypeInt) : 0
10:07:26 INFO  [GH3]:   Unknown(0x40c698af) (QTypeQbKey) : 0xf2ee21b5
10:07:26 INFO  [GH3]: }
10:07:27 INFO  [GH3]: {
10:07:27 INFO  [GH3]:   Unknown(0xb30d9965) (QTypeInt) : 0
10:07:27 INFO  [GH3]:   Unknown(0x40c698af) (QTypeQbKey) : 0xf2ee21b5
10:07:27 INFO  [GH3]: }
10:07:27 INFO  [GH3]: {
10:07:27 INFO  [GH3]:   Unknown(0xb30d9965) (QTypeInt) : 0
10:07:27 INFO  [GH3]:   Unknown(0x40c698af) (QTypeQbKey) : 0xe52e98c6
10:07:27 INFO  [GH3]: }
10:07:27 INFO  [GH3]: {
10:07:27 INFO  [GH3]:   Unknown(0xb30d9965) (QTypeInt) : 0
10:07:27 INFO  [GH3]:   Unknown(0x40c698af) (QTypeQbKey) : 0x296b5c1
10:07:27 INFO  [GH3]: }
10:07:27 INFO  [GH3]: {
10:07:27 INFO  [GH3]:   Unknown(0xb30d9965) (QTypeInt) : 0
10:07:27 INFO  [GH3]:   Unknown(0x40c698af) (QTypeQbKey) : 0xec98d4ed
10:07:27 INFO  [GH3]: }
10:07:27 INFO  [GH3]: {
10:07:27 INFO  [GH3]:   Unknown(0xb30d9965) (QTypeInt) : 0
10:07:27 INFO  [GH3]:   Unknown(0x40c698af) (QTypeQbKey) : 0x5fb71d8
10:07:27 INFO  [GH3]: }
10:07:28 INFO  [GH3]: {
10:07:28 INFO  [GH3]:   Unknown(0xb30d9965) (QTypeInt) : 0
10:07:28 INFO  [GH3]:   Unknown(0x40c698af) (QTypeQbKey) : 0xebf510f4
10:07:28 INFO  [GH3]: }
10:07:28 INFO  [GH3]: {
10:07:28 INFO  [GH3]:   Unknown(0xb30d9965) (QTypeInt) : 0
10:07:28 INFO  [GH3]:   Unknown(0x40c698af) (QTypeQbKey) : 0xce03cb05
10:07:28 INFO  [GH3]: }
10:07:28 INFO  [GH3]: {
10:07:28 INFO  [GH3]:   Unknown(0xb30d9965) (QTypeInt) : 0
10:07:28 INFO  [GH3]:   Unknown(0x40c698af) (QTypeQbKey) : 0x29bbe602
10:07:28 INFO  [GH3]: }
10:07:28 INFO  [GH3]: {
10:07:28 INFO  [GH3]:   Unknown(0xb30d9965) (QTypeInt) : 0
10:07:28 INFO  [GH3]:   Unknown(0x40c698af) (QTypeQbKey) : 0xc7b5872e
10:07:28 INFO  [GH3]: }
10:07:28 INFO  [GH3]: {
10:07:28 INFO  [GH3]:   Unknown(0xb30d9965) (QTypeInt) : 0
10:07:28 INFO  [GH3]:   Unknown(0x40c698af) (QTypeQbKey) : 0xc7b5872e
10:07:28 INFO  [GH3]: }
10:07:28 INFO  [GH3]: {
10:07:28 INFO  [GH3]:   Unknown(0xb30d9965) (QTypeInt) : 0
10:07:28 INFO  [GH3]:   Unknown(0x40c698af) (QTypeQbKey) : 0xc7b5872e
10:07:28 INFO  [GH3]: }
10:07:28 INFO  [GH3]: {
10:07:28 INFO  [GH3]:   Unknown(0xb30d9965) (QTypeInt) : 0
10:07:28 INFO  [GH3]:   Unknown(0x40c698af) (QTypeQbKey) : 0xc7b5872e
10:07:28 INFO  [GH3]: }
10:07:28 INFO  [GH3]: {
10:07:28 INFO  [GH3]:   Unknown(0xb30d9965) (QTypeInt) : 0
10:07:28 INFO  [GH3]:   Unknown(0x40c698af) (QTypeQbKey) : 0xc7b5872e
10:07:28 INFO  [GH3]: }
10:07:28 INFO  [GH3]: {
10:07:28 INFO  [GH3]:   Unknown(0xb30d9965) (QTypeInt) : 0
10:07:28 INFO  [GH3]:   Unknown(0x40c698af) (QTypeQbKey) : 0xc7b5872e
10:07:28 INFO  [GH3]: }
10:07:28 INFO  [GH3]: {
10:07:28 INFO  [GH3]:   Unknown(0xb30d9965) (QTypeInt) : 0
10:07:28 INFO  [GH3]:   Unknown(0x40c698af) (QTypeQbKey) : 0xc7b5872e
10:07:28 INFO  [GH3]: }
10:07:30 INFO  [GH3]: {
10:07:30 INFO  [GH3]:   Unknown(0xb30d9965) (QTypeInt) : 0
10:07:30 INFO  [GH3]:   Unknown(0x40c698af) (QTypeQbKey) : 0x5ebcd694
10:07:30 INFO  [GH3]: }
