10:50:42 INFO  [Nylon]: Wine was not detected. Assuming we are running on a Windows NT OS Please report this if this detection is an error.
10:50:42 INFO  [Nylon]: Minhook initialized!
10:50:42 INFO  [Nylon]: Setting up default hooks...
10:50:42 INFO  [Nylon]: Hooked function at address: 0x757889E0
10:50:42 INFO  [Nylon]: Hooked function at address: 0x75788320
10:50:42 INFO  [Nylon]: Hooked function at address: 0x75782520
10:50:42 INFO  [Nylon]: Hooked function at address: 0x00530970
10:50:42 INFO  [Nylon]: Hooked function at address: 0x00530940
10:50:42 INFO  [Nylon]: Hooked function at address: 0x004A1780
10:50:43 INFO  [Nylon]: Hooked function at address: 0x00472B50
10:50:43 INFO  [Nylon]: Hooked function at address: 0x0057B940
10:50:43 INFO  [Nylon]: Hooked function at address: 0x00601D30
10:50:43 INFO  [Nylon]: Hooked function at address: 0x0047DFA0
10:50:43 INFO  [Nylon]: Hooked function at address: 0x0057AE20
10:50:43 INFO  [Nylon]: Hooked function at address: 0x00D94EE8
10:50:43 INFO  [Nylon]: Hooked function at address: 0x004A6820
10:50:43 INFO  [Nylon]: Hooked function at address: 0x0047E5B0
10:50:43 INFO  [Nylon]: Finished setting up default hooks.
10:50:43 INFO  [Nylon]: Loading mods...
10:50:43 INFO  [Nylon]: Loading mods from: "C:\Games\Guitar Hero III\nylon\Mods"
10:50:43 INFO  [Nylon]: Checking for: "C:\Games\Guitar Hero III\nylon\Mods\GH3Deluxe\modinfo.json"...
10:50:43 INFO  [Nylon]: Loading...
10:50:43 INFO  [Nylon]: Found mod: gh3dx
10:50:43 INFO  [Nylon]: Finished loading mods.
10:50:43 INFO  [Nylon]: Finished Core Initialization!
10:50:44 INFO  [Nylon]: Expecting: "GH3Deluxe\pak\gh3dx.pak"
10:50:44 INFO  [Nylon]: Found it! Loading...
10:50:44 INFO  [Nylon]: Done!
10:50:44 INFO  [Nylon]: Hooking DirectX 9...
10:50:44 INFO  [Nylon]: Hooked function at address: 0x58706500
10:50:44 INFO  [Nylon]: Hooked function at address: 0x58706120
10:50:44 INFO  [Nylon]: Hooked function at address: 0x7A0EB040
10:50:44 ERROR [Nylon]: Failed to hook function at address: 0x7A0EB040 Error Code: 3
10:50:44 INFO  [Nylon]: Finished hooking DirectX 9.
10:50:44 INFO  [Nylon]: Hooked function at address: 0x7A0EC550
10:50:44 ERROR [Nylon]: Failed to hook function at address: 0x7A0EC550 Error Code: 3
10:50:44 INFO  [Nylon]: KeyboardSetCooperativeLevel -> 6
10:50:44 INFO  [Nylon]: KeyboardSetCooperativeLevel -> 5
10:50:50 INFO  [GH3]: {
10:50:50 INFO  [GH3]:   Unknown(0x69d0dfaf) (QTypeInt) : 3
10:50:50 INFO  [GH3]:   Unknown(0xd4c98794) (QTypeWString) : "CHECKING..."
10:50:50 INFO  [GH3]:   Unknown(0x26bf66f3) (QTypeQbStruct) : 
10:50:50 INFO  [GH3]: 	{
10:50:50 INFO  [GH3]: 	  Unknown(0xc4745838) (QTypeWString) : "Checking storage device..."
10:50:50 INFO  [GH3]: 	}
10:50:50 INFO  [GH3]: }
10:50:50 INFO  [GH3]: {
10:50:50 INFO  [GH3]:   Unknown(0x69d0dfaf) (QTypeInt) : 3
10:50:50 INFO  [GH3]:   Unknown(0x26bf66f3) (QTypeQbStruct) : 
10:50:50 INFO  [GH3]: 	{
10:50:50 INFO  [GH3]: 	  Unknown(0xc4745838) (QTypeWString) : "Game content is damaged and cannot be used. Do you want to delete this content? All progress within this save content will be lost."
10:50:50 INFO  [GH3]: 	  Unknown(0x34a68574) (QTypePair) : (800, 500)
10:50:50 INFO  [GH3]: 	  Unknown(0x7f261953) (QTypePair) : (640, 375)
10:50:50 INFO  [GH3]: 	  Unknown(0x13b9da7b) (QTypeFloat) : 0.5
10:50:50 INFO  [GH3]: 	}
10:50:50 INFO  [GH3]:   Unknown(0xe787d761) (QTypePair) : (640, 465)
10:50:50 INFO  [GH3]:   Unknown(0xad8a5a63) (QTypePair) : (256, 64)
10:50:50 INFO  [GH3]:   Unknown(0x2fca0578) (QTypeQbArray) : Type:"QTypeQbArray" Size:1111794704
10:50:50 INFO  [GH3]: }
10:50:50 INFO  [GH3]: {
10:50:50 INFO  [GH3]:   Unknown(0x69d0dfaf) (QTypeInt) : 3
10:50:50 INFO  [GH3]:   Unknown(0xd4c98794) (QTypeWString) : "SUCCESSFUL"
10:50:50 INFO  [GH3]:   Unknown(0x26bf66f3) (QTypeQbStruct) : 
10:50:50 INFO  [GH3]: 	{
10:50:50 INFO  [GH3]: 	  Unknown(0xc4745838) (QTypeWString) : "Load successful."
10:50:50 INFO  [GH3]: 	}
10:50:50 INFO  [GH3]: }
