11:11:24 WARN  [Nylon]: "C:\Games\Guitar Hero III\nylon\config.json" was malformed or the version didn't match, so it will be remade using known values.
11:11:24 INFO  [Nylon]: Wine was not detected. Assuming we are running on a Windows NT OS Please report this if this detection is an error.
11:11:24 INFO  [Nylon]: Minhook initialized!
11:11:24 INFO  [Nylon]: Setting up default hooks...
11:11:24 INFO  [Nylon]: Hooked function at address: 0x770689E0
11:11:24 INFO  [Nylon]: Hooked function at address: 0x77068320
11:11:24 INFO  [Nylon]: Hooked function at address: 0x77062520
11:11:24 INFO  [Nylon]: Hooked function at address: 0x00530970
11:11:24 INFO  [Nylon]: Hooked function at address: 0x00530940
11:11:24 INFO  [Nylon]: Hooked function at address: 0x004A1780
11:11:24 INFO  [Nylon]: Hooked function at address: 0x00472B50
11:11:24 INFO  [Nylon]: Hooked function at address: 0x0057B940
11:11:25 INFO  [Nylon]: Hooked function at address: 0x00601D30
11:11:25 INFO  [Nylon]: Hooked function at address: 0x0047DFA0
11:11:25 INFO  [Nylon]: Hooked function at address: 0x0057AE20
11:11:25 INFO  [Nylon]: Hooked function at address: 0x00D94EE8
11:11:25 INFO  [Nylon]: Hooked function at address: 0x004A6820
11:11:25 INFO  [Nylon]: Hooked function at address: 0x0047E5B0
11:11:25 INFO  [Nylon]: Finished setting up default hooks.
11:11:25 INFO  [Nylon]: Loading mods...
11:11:25 INFO  [Nylon]: Loading mods from: "C:\Games\Guitar Hero III\nylon\Mods"
11:11:25 INFO  [Nylon]: Checking for: "C:\Games\Guitar Hero III\nylon\Mods\GH3Deluxe\modinfo.json"...
11:11:25 INFO  [Nylon]: Loading...
11:11:25 INFO  [Nylon]: Found mod: gh3dx
11:11:25 INFO  [Nylon]: Finished loading mods.
11:11:25 INFO  [Nylon]: Finished Core Initialization!
11:11:26 INFO  [Nylon]: Expecting: "GH3Deluxe\pak\gh3dx.pak"
11:11:26 INFO  [Nylon]: Found it! Loading...
11:11:26 INFO  [Nylon]: Done!
11:11:26 INFO  [Nylon]: Hooking DirectX 9...
11:11:26 INFO  [Nylon]: Hooked function at address: 0x5A706500
11:11:26 INFO  [Nylon]: Hooked function at address: 0x5A706120
11:11:26 INFO  [Nylon]: Hooked function at address: 0x7A2BB040
11:11:26 ERROR [Nylon]: Failed to hook function at address: 0x7A2BB040 Error Code: 3
11:11:26 INFO  [Nylon]: Finished hooking DirectX 9.
11:11:26 INFO  [Nylon]: Hooked function at address: 0x7A2BC550
11:11:26 ERROR [Nylon]: Failed to hook function at address: 0x7A2BC550 Error Code: 3
11:11:26 INFO  [Nylon]: KeyboardSetCooperativeLevel -> 6
11:11:26 INFO  [Nylon]: KeyboardSetCooperativeLevel -> 5
11:11:34 INFO  [GH3]: {
11:11:34 INFO  [GH3]:   Unknown(0x69d0dfaf) (QTypeInt) : 0
11:11:34 INFO  [GH3]:   Unknown(0xd4c98794) (QTypeWString) : "CHECKING..."
11:11:34 INFO  [GH3]:   Unknown(0x26bf66f3) (QTypeQbStruct) : 
11:11:34 INFO  [GH3]: 	{
11:11:34 INFO  [GH3]: 	  Unknown(0xc4745838) (QTypeWString) : "Checking storage device..."
11:11:34 INFO  [GH3]: 	}
11:11:34 INFO  [GH3]: }
11:11:34 INFO  [GH3]: {
11:11:34 INFO  [GH3]:   Unknown(0x69d0dfaf) (QTypeInt) : 0
11:11:34 INFO  [GH3]:   Unknown(0xd4c98794) (QTypeWString) : "SUCCESSFUL"
11:11:34 INFO  [GH3]:   Unknown(0x26bf66f3) (QTypeQbStruct) : 
11:11:34 INFO  [GH3]: 	{
11:11:34 INFO  [GH3]: 	  Unknown(0xc4745838) (QTypeWString) : "Load successful."
11:11:34 INFO  [GH3]: 	}
11:11:34 INFO  [GH3]: }
11:11:37 INFO  [GH3]: {
11:11:37 INFO  [GH3]:   Unknown(0x7323e97c) (QTypeQbArray) : Type:"QTypeQbArray" Size:1045025648
11:11:37 INFO  [GH3]: }
11:11:39 INFO  [GH3]: {
11:11:39 INFO  [GH3]:   Unknown(0x40c698af) (QTypeQbKey) : 0x442333bb
11:11:39 INFO  [GH3]: }
11:11:39 INFO  [GH3]: {
11:11:39 INFO  [GH3]:   Unknown(0x40c698af) (QTypeQbKey) : 0xed108a91
11:11:39 INFO  [GH3]: }
11:11:39 INFO  [GH3]: {
11:11:39 INFO  [GH3]:   Unknown(0x40c698af) (QTypeQbKey) : 0x31eebbd
11:11:39 INFO  [GH3]: }
11:11:39 INFO  [GH3]: {
11:11:39 INFO  [GH3]:   Unknown(0x40c698af) (QTypeQbKey) : 0xea7d4e88
11:11:39 INFO  [GH3]: }
11:11:39 INFO  [GH3]: {
11:11:39 INFO  [GH3]:   Unknown(0x40c698af) (QTypeQbKey) : 0x4732fa4
11:11:39 INFO  [GH3]: }
11:11:39 INFO  [GH3]: {
11:11:39 INFO  [GH3]:   Unknown(0xb30d9965) (QTypeInt) : 0
11:11:39 INFO  [GH3]:   Unknown(0x40c698af) (QTypeQbKey) : 0x1279943d
11:11:39 INFO  [GH3]: }
11:11:39 INFO  [GH3]: {
11:11:39 INFO  [GH3]:   Unknown(0xb30d9965) (QTypeInt) : 0
11:11:39 INFO  [GH3]:   Unknown(0x40c698af) (QTypeQbKey) : 0xf5c1b93a
11:11:39 INFO  [GH3]: }
11:11:39 INFO  [GH3]: {
11:11:39 INFO  [GH3]:   Unknown(0xb30d9965) (QTypeInt) : 0
11:11:39 INFO  [GH3]:   Unknown(0x40c698af) (QTypeQbKey) : 0xe2010049
11:11:39 INFO  [GH3]: }
11:11:39 INFO  [GH3]: {
11:11:39 INFO  [GH3]:   Unknown(0xb30d9965) (QTypeInt) : 0
11:11:39 INFO  [GH3]:   Unknown(0x40c698af) (QTypeQbKey) : 0xc0f6165
11:11:39 INFO  [GH3]: }
11:11:39 INFO  [GH3]: {
11:11:39 INFO  [GH3]:   Unknown(0xb30d9965) (QTypeInt) : 0
11:11:39 INFO  [GH3]:   Unknown(0x40c698af) (QTypeQbKey) : 0xe56cc450
11:11:39 INFO  [GH3]: }
11:11:39 INFO  [GH3]: {
11:11:39 INFO  [GH3]:   Unknown(0xb30d9965) (QTypeInt) : 0
11:11:39 INFO  [GH3]:   Unknown(0x40c698af) (QTypeQbKey) : 0xb62a57c
11:11:39 INFO  [GH3]: }
11:11:39 INFO  [GH3]: {
11:11:39 INFO  [GH3]:   Unknown(0xb30d9965) (QTypeInt) : 0
11:11:39 INFO  [GH3]:   Unknown(0x40c698af) (QTypeQbKey) : 0xecda887b
11:11:39 INFO  [GH3]: }
11:11:39 INFO  [GH3]: {
11:11:39 INFO  [GH3]:   Unknown(0xb30d9965) (QTypeInt) : 0
11:11:39 INFO  [GH3]:   Unknown(0x40c698af) (QTypeQbKey) : 0x65991c86
11:11:39 INFO  [GH3]: }
11:11:39 INFO  [GH3]: {
11:11:39 INFO  [GH3]:   Unknown(0xb30d9965) (QTypeInt) : 0
11:11:39 INFO  [GH3]:   Unknown(0x40c698af) (QTypeQbKey) : 0x8b977daa
11:11:39 INFO  [GH3]: }
11:11:39 INFO  [GH3]: {
11:11:39 INFO  [GH3]:   Unknown(0xb30d9965) (QTypeInt) : 0
11:11:39 INFO  [GH3]:   Unknown(0x40c698af) (QTypeQbKey) : 0x62f4d89f
11:11:39 INFO  [GH3]: }
11:11:39 INFO  [GH3]: {
11:11:39 INFO  [GH3]:   Unknown(0xb30d9965) (QTypeInt) : 0
11:11:39 INFO  [GH3]:   Unknown(0x40c698af) (QTypeQbKey) : 0x8cfab9b3
11:11:39 INFO  [GH3]: }
11:11:39 INFO  [GH3]: {
11:11:39 INFO  [GH3]:   Unknown(0xb30d9965) (QTypeInt) : 0
11:11:39 INFO  [GH3]:   Unknown(0x40c698af) (QTypeQbKey) : 0x6b4294b4
11:11:39 INFO  [GH3]: }
11:11:39 INFO  [GH3]: {
11:11:39 INFO  [GH3]:   Unknown(0xb30d9965) (QTypeInt) : 0
11:11:39 INFO  [GH3]:   Unknown(0x40c698af) (QTypeQbKey) : 0x7c822dc7
11:11:39 INFO  [GH3]: }
11:11:39 INFO  [GH3]: {
11:11:39 INFO  [GH3]:   Unknown(0xb30d9965) (QTypeInt) : 0
11:11:39 INFO  [GH3]:   Unknown(0x40c698af) (QTypeQbKey) : 0x928c4ceb
11:11:39 INFO  [GH3]: }
11:11:39 INFO  [GH3]: {
11:11:39 INFO  [GH3]:   Unknown(0xb30d9965) (QTypeInt) : 0
11:11:39 INFO  [GH3]:   Unknown(0x40c698af) (QTypeQbKey) : 0x7befe9de
11:11:39 INFO  [GH3]: }
11:11:39 INFO  [GH3]: {
11:11:39 INFO  [GH3]:   Unknown(0xb30d9965) (QTypeInt) : 0
11:11:39 INFO  [GH3]:   Unknown(0x40c698af) (QTypeQbKey) : 0x95e188f2
11:11:39 INFO  [GH3]: }
11:11:39 INFO  [GH3]: {
11:11:39 INFO  [GH3]:   Unknown(0xb30d9965) (QTypeInt) : 0
11:11:39 INFO  [GH3]:   Unknown(0x40c698af) (QTypeQbKey) : 0x7259a5f5
11:11:39 INFO  [GH3]: }
11:11:39 INFO  [GH3]: {
11:11:39 INFO  [GH3]:   Unknown(0xb30d9965) (QTypeInt) : 0
11:11:39 INFO  [GH3]:   Unknown(0x40c698af) (QTypeQbKey) : 0xac82fcb9
11:11:39 INFO  [GH3]: }
11:11:39 INFO  [GH3]: {
11:11:39 INFO  [GH3]:   Unknown(0xb30d9965) (QTypeInt) : 0
11:11:39 INFO  [GH3]:   Unknown(0x40c698af) (QTypeQbKey) : 0x428c9d95
11:11:39 INFO  [GH3]: }
11:11:39 INFO  [GH3]: {
11:11:39 INFO  [GH3]:   Unknown(0xb30d9965) (QTypeInt) : 0
11:11:39 INFO  [GH3]:   Unknown(0x40c698af) (QTypeQbKey) : 0xabef38a0
11:11:39 INFO  [GH3]: }
11:11:40 INFO  [GH3]: {
11:11:40 INFO  [GH3]:   Unknown(0xb30d9965) (QTypeInt) : 0
11:11:40 INFO  [GH3]:   Unknown(0x40c698af) (QTypeQbKey) : 0xabef38a0
11:11:40 INFO  [GH3]: }
11:11:41 INFO  [GH3]: {
11:11:41 INFO  [GH3]:   Unknown(0x83aaa1a0) (QTypeQbKey) : 0xeb323e20
11:11:41 INFO  [GH3]:   Unknown(0xdb616875) (QTypeInt) : 8
11:11:41 INFO  [GH3]:   Unknown(0xd8f1a5c6) (QTypeQbKey) : 0x4ee17225
11:11:41 INFO  [GH3]:   Unknown(0xb7822ed8) (QTypeInt) : 4294967295
11:11:41 INFO  [GH3]:   Unknown(0xcc12115e) (QTypeQbKey) : 0x806fff30
11:11:41 INFO  [GH3]:   Unknown(0x8a4c762d) (QTypeQbKey) : 0x806fff30
11:11:41 INFO  [GH3]: }
11:11:41 INFO  [GH3]: {
11:11:41 INFO  [GH3]:   Unknown(0x00000000) (QTypeQbKey) : 0xff03cc4e
11:11:41 INFO  [GH3]:   Unknown(0x520c0c9c) (QTypeQbKey) : 0x806fff30
11:11:41 INFO  [GH3]:   Unknown(0x26861025) (QTypeQbKey) : 0x0000
11:11:41 INFO  [GH3]:   Unknown(0xec953eec) (QTypeInt) : 0
11:11:41 INFO  [GH3]: }
11:11:41 INFO  [GH3]: {
11:11:41 INFO  [GH3]:   Unknown(0x83aaa1a0) (QTypeQbKey) : 0xeb323e20
11:11:41 INFO  [GH3]:   Unknown(0xdb616875) (QTypeInt) : 8
11:11:41 INFO  [GH3]:   Unknown(0xd8f1a5c6) (QTypeQbKey) : 0x4ee17225
11:11:41 INFO  [GH3]:   Unknown(0xb7822ed8) (QTypeInt) : 4294967295
11:11:41 INFO  [GH3]:   Unknown(0xcc12115e) (QTypeQbKey) : 0x806fff30
11:11:41 INFO  [GH3]:   Unknown(0x8a4c762d) (QTypeQbKey) : 0x806fff30
11:11:41 INFO  [GH3]: }
11:11:41 INFO  [GH3]: {
11:11:41 INFO  [GH3]:   Unknown(0x7321a8d6) (QTypeQbKey) : 0xe5fa3adf
11:11:41 INFO  [GH3]: }
11:11:41 INFO  [GH3]: {
11:11:41 INFO  [GH3]:   Unknown(0x00000000) (QTypeQbKey) : 0x6086aa70
11:11:41 INFO  [GH3]:   Unknown(0x520c0c9c) (QTypeQbKey) : 0x806fff30
11:11:41 INFO  [GH3]:   Unknown(0x26861025) (QTypeQbKey) : 0x0000
11:11:41 INFO  [GH3]:   Unknown(0xec953eec) (QTypeInt) : 0
11:11:41 INFO  [GH3]: }
11:11:42 INFO  [GH3]: {
11:11:42 INFO  [GH3]:   Unknown(0x00000000) (QTypeQbKey) : 0x6086aa70
11:11:42 INFO  [GH3]:   Unknown(0x520c0c9c) (QTypeQbKey) : 0x806fff30
11:11:42 INFO  [GH3]:   Unknown(0x26861025) (QTypeQbKey) : 0x0000
11:11:42 INFO  [GH3]:   Unknown(0xec953eec) (QTypeInt) : 0
11:11:42 INFO  [GH3]: }
11:11:42 INFO  [GH3]: {
11:11:42 INFO  [GH3]:   Unknown(0x00000000) (QTypeQbKey) : 0x6086aa70
11:11:42 INFO  [GH3]:   Unknown(0x520c0c9c) (QTypeQbKey) : 0x806fff30
11:11:42 INFO  [GH3]:   Unknown(0x26861025) (QTypeQbKey) : 0x0000
11:11:42 INFO  [GH3]:   Unknown(0xec953eec) (QTypeInt) : 0
11:11:42 INFO  [GH3]: }
11:11:42 INFO  [GH3]: {
11:11:42 INFO  [GH3]:   Unknown(0x00000000) (QTypeQbKey) : 0x6086aa70
11:11:42 INFO  [GH3]:   Unknown(0x520c0c9c) (QTypeQbKey) : 0x806fff30
11:11:42 INFO  [GH3]:   Unknown(0x26861025) (QTypeQbKey) : 0x0000
11:11:42 INFO  [GH3]:   Unknown(0xec953eec) (QTypeInt) : 0
11:11:42 INFO  [GH3]: }
11:11:42 INFO  [GH3]: {
11:11:42 INFO  [GH3]:   Unknown(0x00000000) (QTypeQbKey) : 0x6086aa70
11:11:42 INFO  [GH3]:   Unknown(0x520c0c9c) (QTypeQbKey) : 0x806fff30
11:11:42 INFO  [GH3]:   Unknown(0x26861025) (QTypeQbKey) : 0x0000
11:11:42 INFO  [GH3]:   Unknown(0xec953eec) (QTypeInt) : 0
11:11:42 INFO  [GH3]: }
11:11:42 INFO  [GH3]: {
11:11:42 INFO  [GH3]:   Unknown(0x00000000) (QTypeQbKey) : 0x6086aa70
11:11:42 INFO  [GH3]:   Unknown(0x520c0c9c) (QTypeQbKey) : 0x806fff30
11:11:42 INFO  [GH3]:   Unknown(0x26861025) (QTypeQbKey) : 0x0000
11:11:42 INFO  [GH3]:   Unknown(0xec953eec) (QTypeInt) : 0
11:11:42 INFO  [GH3]: }
11:11:42 INFO  [GH3]: {
11:11:42 INFO  [GH3]:   Unknown(0x00000000) (QTypeQbKey) : 0x6086aa70
11:11:42 INFO  [GH3]:   Unknown(0x520c0c9c) (QTypeQbKey) : 0x806fff30
11:11:42 INFO  [GH3]:   Unknown(0x26861025) (QTypeQbKey) : 0x0000
11:11:42 INFO  [GH3]:   Unknown(0xec953eec) (QTypeInt) : 0
11:11:42 INFO  [GH3]: }
11:11:42 INFO  [GH3]: {
11:11:42 INFO  [GH3]:   Unknown(0x00000000) (QTypeQbKey) : 0x6086aa70
11:11:42 INFO  [GH3]:   Unknown(0x520c0c9c) (QTypeQbKey) : 0x806fff30
11:11:42 INFO  [GH3]:   Unknown(0x26861025) (QTypeQbKey) : 0x0000
11:11:42 INFO  [GH3]:   Unknown(0xec953eec) (QTypeInt) : 0
11:11:42 INFO  [GH3]: }
11:11:42 INFO  [GH3]: {
11:11:42 INFO  [GH3]:   Unknown(0x00000000) (QTypeQbKey) : 0x6086aa70
11:11:42 INFO  [GH3]:   Unknown(0x520c0c9c) (QTypeQbKey) : 0x806fff30
11:11:42 INFO  [GH3]:   Unknown(0x26861025) (QTypeQbKey) : 0x0000
11:11:42 INFO  [GH3]:   Unknown(0xec953eec) (QTypeInt) : 0
11:11:42 INFO  [GH3]: }
11:11:42 INFO  [GH3]: {
11:11:42 INFO  [GH3]:   Unknown(0x00000000) (QTypeQbKey) : 0x6086aa70
11:11:42 INFO  [GH3]:   Unknown(0x520c0c9c) (QTypeQbKey) : 0x806fff30
11:11:42 INFO  [GH3]:   Unknown(0x26861025) (QTypeQbKey) : 0x0000
11:11:42 INFO  [GH3]:   Unknown(0xec953eec) (QTypeInt) : 0
11:11:42 INFO  [GH3]: }
11:11:43 INFO  [GH3]: {
11:11:43 INFO  [GH3]:   Unknown(0x26bf66f3) (QTypeQbStruct) : 
11:11:43 INFO  [GH3]: 	{
11:11:43 INFO  [GH3]: 	  Unknown(0xc4745838) (QTypeWString) : "You will lose all unsaved progress if you restart. Are you sure you want to restart this song?"
11:11:43 INFO  [GH3]: 	  Unknown(0x34a68574) (QTypePair) : (600, 400)
11:11:43 INFO  [GH3]: 	  Unknown(0x13b9da7b) (QTypeFloat) : 0.6
11:11:43 INFO  [GH3]: 	}
11:11:43 INFO  [GH3]:   Unknown(0x69d0dfaf) (QTypeInt) : 0
11:11:43 INFO  [GH3]:   Unknown(0x00000000) (QTypeQbKey) : 0xeafc692e
11:11:43 INFO  [GH3]:   Unknown(0xe787d761) (QTypePair) : (640, 480)
11:11:43 INFO  [GH3]:   Unknown(0xad8a5a63) (QTypePair) : (600, 80)
11:11:43 INFO  [GH3]:   Unknown(0x2fca0578) (QTypeQbArray) : Type:"QTypeQbArray" Size:1044906304
11:11:43 INFO  [GH3]: }
11:11:44 INFO  [GH3]: {
11:11:44 INFO  [GH3]:   Unknown(0x83aaa1a0) (QTypeQbKey) : 0xeb323e20
11:11:44 INFO  [GH3]:   Unknown(0xdb616875) (QTypeInt) : 8
11:11:44 INFO  [GH3]:   Unknown(0xd8f1a5c6) (QTypeQbKey) : 0x4ee17225
11:11:44 INFO  [GH3]:   Unknown(0xb7822ed8) (QTypeInt) : 4294967295
11:11:44 INFO  [GH3]:   Unknown(0xcc12115e) (QTypeQbKey) : 0x806fff30
11:11:44 INFO  [GH3]:   Unknown(0x8a4c762d) (QTypeQbKey) : 0x806fff30
11:11:44 INFO  [GH3]: }
11:11:44 INFO  [GH3]: {
11:11:44 INFO  [GH3]:   Unknown(0x83aaa1a0) (QTypeQbKey) : 0xeb323e20
11:11:44 INFO  [GH3]:   Unknown(0xdb616875) (QTypeInt) : 8
11:11:44 INFO  [GH3]:   Unknown(0xd8f1a5c6) (QTypeQbKey) : 0x4ee17225
11:11:44 INFO  [GH3]:   Unknown(0xb7822ed8) (QTypeInt) : 4294967295
11:11:44 INFO  [GH3]:   Unknown(0xcc12115e) (QTypeQbKey) : 0x806fff30
11:11:44 INFO  [GH3]:   Unknown(0x8a4c762d) (QTypeQbKey) : 0x806fff30
11:11:44 INFO  [GH3]: }
11:11:44 INFO  [GH3]: {
11:11:44 INFO  [GH3]:   Unknown(0x2e41f796) (QTypeInt) : 3000
11:11:44 INFO  [GH3]:   Unknown(0x00000000) (QTypeQbKey) : 0xda99b63b
11:11:44 INFO  [GH3]: }
11:11:58 INFO  [GH3]: {
11:11:58 INFO  [GH3]:   Unknown(0x69d0dfaf) (QTypeInt) : 0
11:11:58 INFO  [GH3]:   Unknown(0xd4c98794) (QTypeWString) : "CHECKING..."
11:11:58 INFO  [GH3]:   Unknown(0x26bf66f3) (QTypeQbStruct) : 
11:11:58 INFO  [GH3]: 	{
11:11:58 INFO  [GH3]: 	  Unknown(0xc4745838) (QTypeWString) : "Checking storage device..."
11:11:58 INFO  [GH3]: 	}
11:11:58 INFO  [GH3]: }
11:11:58 INFO  [GH3]: {
11:11:58 INFO  [GH3]:   Unknown(0x69d0dfaf) (QTypeInt) : 0
11:11:58 INFO  [GH3]:   Unknown(0xd4c98794) (QTypeWString) : "SUCCESSFUL"
11:11:58 INFO  [GH3]:   Unknown(0x26bf66f3) (QTypeQbStruct) : 
11:11:58 INFO  [GH3]: 	{
11:11:58 INFO  [GH3]: 	  Unknown(0xc4745838) (QTypeWString) : "Overwrite successful."
11:11:58 INFO  [GH3]: 	}
11:11:58 INFO  [GH3]: }
11:11:58 INFO  [GH3]: {
11:11:58 INFO  [GH3]:   Unknown(0xb30d9965) (QTypeInt) : 0
11:11:58 INFO  [GH3]:   Unknown(0x40c698af) (QTypeQbKey) : 0x67038016
11:11:58 INFO  [GH3]: }
11:11:58 INFO  [GH3]: {
11:11:58 INFO  [GH3]:   Unknown(0xb30d9965) (QTypeInt) : 0
11:11:58 INFO  [GH3]:   Unknown(0x40c698af) (QTypeQbKey) : 0x890de13a
11:11:58 INFO  [GH3]: }
11:11:58 INFO  [GH3]: {
11:11:58 INFO  [GH3]:   Unknown(0xb30d9965) (QTypeInt) : 0
11:11:58 INFO  [GH3]:   Unknown(0x40c698af) (QTypeQbKey) : 0x606e440f
11:11:58 INFO  [GH3]: }
11:11:58 INFO  [GH3]: {
11:11:58 INFO  [GH3]:   Unknown(0xb30d9965) (QTypeInt) : 0
11:11:58 INFO  [GH3]:   Unknown(0x40c698af) (QTypeQbKey) : 0x8e602523
11:11:58 INFO  [GH3]: }
11:11:58 INFO  [GH3]: {
11:11:58 INFO  [GH3]:   Unknown(0xb30d9965) (QTypeInt) : 0
11:11:58 INFO  [GH3]:   Unknown(0x40c698af) (QTypeQbKey) : 0x69d80824
11:11:58 INFO  [GH3]: }
11:11:58 INFO  [GH3]: {
11:11:58 INFO  [GH3]:   Unknown(0xb30d9965) (QTypeInt) : 0
11:11:58 INFO  [GH3]:   Unknown(0x40c698af) (QTypeQbKey) : 0x4c2ed3d5
11:11:58 INFO  [GH3]: }
11:11:58 INFO  [GH3]: {
11:11:58 INFO  [GH3]:   Unknown(0xb30d9965) (QTypeInt) : 0
11:11:58 INFO  [GH3]:   Unknown(0x40c698af) (QTypeQbKey) : 0xa220b2f9
11:11:58 INFO  [GH3]: }
11:11:58 INFO  [GH3]: {
11:11:58 INFO  [GH3]:   Unknown(0xb30d9965) (QTypeInt) : 0
11:11:58 INFO  [GH3]:   Unknown(0x40c698af) (QTypeQbKey) : 0x4b4317cc
11:11:58 INFO  [GH3]: }
11:11:58 INFO  [GH3]: {
11:11:58 INFO  [GH3]:   Unknown(0xb30d9965) (QTypeInt) : 0
11:11:58 INFO  [GH3]:   Unknown(0x40c698af) (QTypeQbKey) : 0xa54d76e0
11:11:58 INFO  [GH3]: }
11:11:58 INFO  [GH3]: {
11:11:58 INFO  [GH3]:   Unknown(0xb30d9965) (QTypeInt) : 0
11:11:58 INFO  [GH3]:   Unknown(0x40c698af) (QTypeQbKey) : 0x42f55be7
11:11:58 INFO  [GH3]: }
11:11:58 INFO  [GH3]: {
11:11:58 INFO  [GH3]:   Unknown(0xb30d9965) (QTypeInt) : 0
11:11:58 INFO  [GH3]:   Unknown(0x40c698af) (QTypeQbKey) : 0x5535e294
11:11:58 INFO  [GH3]: }
11:11:58 INFO  [GH3]: {
11:11:58 INFO  [GH3]:   Unknown(0xb30d9965) (QTypeInt) : 0
11:11:58 INFO  [GH3]:   Unknown(0x40c698af) (QTypeQbKey) : 0xbb3b83b8
11:11:58 INFO  [GH3]: }
11:11:58 INFO  [GH3]: {
11:11:58 INFO  [GH3]:   Unknown(0xb30d9965) (QTypeInt) : 0
11:11:58 INFO  [GH3]:   Unknown(0x40c698af) (QTypeQbKey) : 0x5258268d
11:11:58 INFO  [GH3]: }
11:11:58 INFO  [GH3]: {
11:11:58 INFO  [GH3]:   Unknown(0xb30d9965) (QTypeInt) : 0
11:11:58 INFO  [GH3]:   Unknown(0x40c698af) (QTypeQbKey) : 0xbc5647a1
11:11:58 INFO  [GH3]: }
11:11:58 INFO  [GH3]: {
11:11:58 INFO  [GH3]:   Unknown(0xb30d9965) (QTypeInt) : 0
11:11:58 INFO  [GH3]:   Unknown(0x40c698af) (QTypeQbKey) : 0x5bee6aa6
11:11:58 INFO  [GH3]: }
11:11:58 INFO  [GH3]: {
11:11:58 INFO  [GH3]:   Unknown(0xb30d9965) (QTypeInt) : 0
11:11:58 INFO  [GH3]:   Unknown(0x40c698af) (QTypeQbKey) : 0x1a747453
11:11:58 INFO  [GH3]: }
11:11:58 INFO  [GH3]: {
11:11:58 INFO  [GH3]:   Unknown(0xb30d9965) (QTypeInt) : 0
11:11:58 INFO  [GH3]:   Unknown(0x40c698af) (QTypeQbKey) : 0xf47a157f
11:11:58 INFO  [GH3]: }
11:11:58 INFO  [GH3]: {
11:11:58 INFO  [GH3]:   Unknown(0xb30d9965) (QTypeInt) : 0
11:11:58 INFO  [GH3]:   Unknown(0x40c698af) (QTypeQbKey) : 0x1d19b04a
11:11:58 INFO  [GH3]: }
11:11:58 INFO  [GH3]: {
11:11:58 INFO  [GH3]:   Unknown(0xb30d9965) (QTypeInt) : 0
11:11:58 INFO  [GH3]:   Unknown(0x40c698af) (QTypeQbKey) : 0xf317d166
11:11:58 INFO  [GH3]: }
11:11:59 INFO  [GH3]: {
11:11:59 INFO  [GH3]:   Unknown(0x83aaa1a0) (QTypeQbKey) : 0xeb323e20
11:11:59 INFO  [GH3]:   Unknown(0xdb616875) (QTypeInt) : 8
11:11:59 INFO  [GH3]:   Unknown(0xd8f1a5c6) (QTypeQbKey) : 0x4ee17225
11:11:59 INFO  [GH3]:   Unknown(0xb7822ed8) (QTypeInt) : 4294967295
11:11:59 INFO  [GH3]:   Unknown(0xcc12115e) (QTypeQbKey) : 0x806fff30
11:11:59 INFO  [GH3]:   Unknown(0x8a4c762d) (QTypeQbKey) : 0x806fff30
11:11:59 INFO  [GH3]: }
11:11:59 INFO  [GH3]: {
11:11:59 INFO  [GH3]:   Unknown(0x83aaa1a0) (QTypeQbKey) : 0xeb323e20
11:11:59 INFO  [GH3]:   Unknown(0xdb616875) (QTypeInt) : 8
11:11:59 INFO  [GH3]:   Unknown(0xd8f1a5c6) (QTypeQbKey) : 0x4ee17225
11:11:59 INFO  [GH3]:   Unknown(0xb7822ed8) (QTypeInt) : 4294967295
11:11:59 INFO  [GH3]:   Unknown(0xcc12115e) (QTypeQbKey) : 0x806fff30
11:11:59 INFO  [GH3]:   Unknown(0x8a4c762d) (QTypeQbKey) : 0x806fff30
11:11:59 INFO  [GH3]: }
11:11:59 INFO  [GH3]: {
11:11:59 INFO  [GH3]:   Unknown(0x7321a8d6) (QTypeQbKey) : 0xe5fa3adf
11:11:59 INFO  [GH3]: }
11:12:00 INFO  [GH3]: {
11:12:00 INFO  [GH3]:   Unknown(0xb30d9965) (QTypeInt) : 0
11:12:00 INFO  [GH3]:   Unknown(0x40c698af) (QTypeQbKey) : 0x7b57a7d2
11:12:00 INFO  [GH3]: }
11:12:05 INFO  [GH3]: {
11:12:05 INFO  [GH3]:   Unknown(0x69d0dfaf) (QTypeInt) : 0
11:12:05 INFO  [GH3]:   Unknown(0x26bf66f3) (QTypeQbStruct) : 
11:12:05 INFO  [GH3]: 	{
11:12:05 INFO  [GH3]: 	  Unknown(0xc4745838) (QTypeStringPointer) : (not implemented, please report this to Vultu with your code!)
11:12:05 INFO  [GH3]: 	}
11:12:05 INFO  [GH3]:   Unknown(0xe787d761) (QTypePair) : (640, 490)
11:12:05 INFO  [GH3]:   Unknown(0xad8a5a63) (QTypePair) : (288, 64)
11:12:05 INFO  [GH3]:   Unknown(0x2fca0578) (QTypeQbArray) : Type:"QTypeQbArray" Size:1048872352
11:12:05 INFO  [GH3]: }
