11:58:23 INFO  [Nylon]: Wine was not detected. Assuming we are running on a Windows NT OS Please report this if this detection is an error.
11:58:23 INFO  [Nylon]: Minhook initialized!
11:58:23 INFO  [Nylon]: Setting up default hooks...
11:58:23 INFO  [Nylon]: Hooked function at address: 0x770689E0
11:58:23 INFO  [Nylon]: Hooked function at address: 0x77068320
11:58:23 INFO  [Nylon]: Hooked function at address: 0x77062520
11:58:23 INFO  [Nylon]: Hooked function at address: 0x00530970
11:58:23 INFO  [Nylon]: Hooked function at address: 0x00530940
11:58:23 INFO  [Nylon]: Hooked function at address: 0x004A1780
11:58:23 INFO  [Nylon]: Hooked function at address: 0x00472B50
11:58:23 INFO  [Nylon]: Hooked function at address: 0x0057B940
11:58:24 INFO  [Nylon]: Hooked function at address: 0x00601D30
11:58:24 INFO  [Nylon]: Hooked function at address: 0x0047DFA0
11:58:24 INFO  [Nylon]: Hooked function at address: 0x0057AE20
11:58:24 INFO  [Nylon]: Hooked function at address: 0x00D94EE8
11:58:24 INFO  [Nylon]: Hooked function at address: 0x004A6820
11:58:24 INFO  [Nylon]: Hooked function at address: 0x0047E5B0
11:58:24 INFO  [Nylon]: Finished setting up default hooks.
11:58:24 INFO  [Nylon]: Loading mods...
11:58:24 INFO  [Nylon]: Loading mods from: "C:\Games\Guitar Hero III\nylon\Mods"
11:58:24 INFO  [Nylon]: Checking for: "C:\Games\Guitar Hero III\nylon\Mods\GH3Deluxe\modinfo.json"...
11:58:24 INFO  [Nylon]: Loading...
11:58:24 INFO  [Nylon]: Found mod: gh3dx
11:58:24 INFO  [Nylon]: Finished loading mods.
11:58:24 INFO  [Nylon]: Finished Core Initialization!
11:58:25 INFO  [Nylon]: Expecting: "GH3Deluxe\pak\gh3dx.pak"
11:58:25 INFO  [Nylon]: Found it! Loading...
11:58:25 INFO  [Nylon]: Done!
11:58:25 INFO  [Nylon]: Hooking DirectX 9...
11:58:25 INFO  [Nylon]: Hooked function at address: 0x5A706500
11:58:25 INFO  [Nylon]: Hooked function at address: 0x5A706120
11:58:25 INFO  [Nylon]: Hooked function at address: 0x7AADB040
11:58:25 ERROR [Nylon]: Failed to hook function at address: 0x7AADB040 Error Code: 3
11:58:25 INFO  [Nylon]: Finished hooking DirectX 9.
11:58:25 INFO  [Nylon]: Hooked function at address: 0x7AADC550
11:58:25 ERROR [Nylon]: Failed to hook function at address: 0x7AADC550 Error Code: 3
11:58:25 INFO  [Nylon]: KeyboardSetCooperativeLevel -> 6
11:58:25 INFO  [Nylon]: KeyboardSetCooperativeLevel -> 5
11:58:29 INFO  [GH3]: {
11:58:29 INFO  [GH3]:   Unknown(0x69d0dfaf) (QTypeInt) : 0
11:58:29 INFO  [GH3]:   Unknown(0xd4c98794) (QTypeWString) : "CHECKING..."
11:58:29 INFO  [GH3]:   Unknown(0x26bf66f3) (QTypeQbStruct) : 
11:58:29 INFO  [GH3]: 	{
11:58:29 INFO  [GH3]: 	  Unknown(0xc4745838) (QTypeWString) : "Checking storage device..."
11:58:29 INFO  [GH3]: 	}
11:58:29 INFO  [GH3]: }
11:58:29 INFO  [GH3]: {
11:58:29 INFO  [GH3]:   Unknown(0x69d0dfaf) (QTypeInt) : 0
11:58:29 INFO  [GH3]:   Unknown(0xd4c98794) (QTypeWString) : "SUCCESSFUL"
11:58:29 INFO  [GH3]:   Unknown(0x26bf66f3) (QTypeQbStruct) : 
11:58:29 INFO  [GH3]: 	{
11:58:29 INFO  [GH3]: 	  Unknown(0xc4745838) (QTypeWString) : "Load successful."
11:58:29 INFO  [GH3]: 	}
11:58:29 INFO  [GH3]: }
11:58:35 INFO  [GH3]: {
11:58:35 INFO  [GH3]:   Unknown(0x69d0dfaf) (QTypeInt) : 0
11:58:35 INFO  [GH3]:   Unknown(0x26bf66f3) (QTypeQbStruct) : 
11:58:35 INFO  [GH3]: 	{
11:58:35 INFO  [GH3]: 	  Unknown(0xc4745838) (QTypeStringPointer) : (not implemented, please report this to Vultu with your code!)
11:58:35 INFO  [GH3]: 	}
11:58:35 INFO  [GH3]:   Unknown(0xe787d761) (QTypePair) : (640, 490)
11:58:35 INFO  [GH3]:   Unknown(0xad8a5a63) (QTypePair) : (288, 64)
11:58:35 INFO  [GH3]:   Unknown(0x2fca0578) (QTypeQbArray) : Type:"QTypeQbArray" Size:1099551904
11:58:35 INFO  [GH3]: }
