12:14:48 INFO  [Nylon]: Wine was not detected. Assuming we are running on a Windows NT OS Please report this if this detection is an error.
12:14:48 INFO  [Nylon]: Minhook initialized!
12:14:48 INFO  [Nylon]: Setting up default hooks...
12:14:48 INFO  [Nylon]: Hooked function at address: 0x757889E0
12:14:48 INFO  [Nylon]: Hooked function at address: 0x75788320
12:14:48 INFO  [Nylon]: Hooked function at address: 0x75782520
12:14:48 INFO  [Nylon]: Hooked function at address: 0x00530970
12:14:48 INFO  [Nylon]: Hooked function at address: 0x00530940
12:14:48 INFO  [Nylon]: Hooked function at address: 0x004A1780
12:14:48 INFO  [Nylon]: Hooked function at address: 0x00472B50
12:14:48 INFO  [Nylon]: Hooked function at address: 0x0057B940
12:14:49 INFO  [Nylon]: Hooked function at address: 0x00601D30
12:14:49 INFO  [Nylon]: Hooked function at address: 0x0047DFA0
12:14:49 INFO  [Nylon]: Hooked function at address: 0x0057AE20
12:14:49 INFO  [Nylon]: Hooked function at address: 0x00D94EE8
12:14:49 INFO  [Nylon]: Hooked function at address: 0x004A6820
12:14:49 INFO  [Nylon]: Hooked function at address: 0x0047E5B0
12:14:49 INFO  [Nylon]: Finished setting up default hooks.
12:14:49 INFO  [Nylon]: Loading mods...
12:14:49 INFO  [Nylon]: Loading mods from: "C:\Games\Guitar Hero III\nylon\Mods"
12:14:49 INFO  [Nylon]: Checking for: "C:\Games\Guitar Hero III\nylon\Mods\GH3Deluxe\modinfo.json"...
12:14:49 INFO  [Nylon]: Loading...
12:14:49 INFO  [Nylon]: Found mod: gh3dx
12:14:49 INFO  [Nylon]: Finished loading mods.
12:14:49 INFO  [Nylon]: Finished Core Initialization!
12:14:49 INFO  [Nylon]: Expecting: "GH3Deluxe\pak\gh3dx.pak"
12:14:49 INFO  [Nylon]: Found it! Loading...
12:14:49 INFO  [Nylon]: Done!
12:14:49 INFO  [Nylon]: Hooking DirectX 9...
12:14:49 INFO  [Nylon]: Hooked function at address: 0x58706500
12:14:50 INFO  [Nylon]: Hooked function at address: 0x58706120
12:14:50 INFO  [Nylon]: Hooked function at address: 0x7AEBB040
12:14:50 ERROR [Nylon]: Failed to hook function at address: 0x7AEBB040 Error Code: 3
12:14:50 INFO  [Nylon]: Finished hooking DirectX 9.
12:14:50 INFO  [Nylon]: Hooked function at address: 0x7AEBC550
12:14:50 ERROR [Nylon]: Failed to hook function at address: 0x7AEBC550 Error Code: 3
12:14:50 INFO  [Nylon]: KeyboardSetCooperativeLevel -> 6
12:14:50 INFO  [Nylon]: KeyboardSetCooperativeLevel -> 5
12:14:53 INFO  [GH3]: {
12:14:53 INFO  [GH3]:   Unknown(0x69d0dfaf) (QTypeInt) : 0
12:14:53 INFO  [GH3]:   Unknown(0xd4c98794) (QTypeWString) : "CHECKING..."
12:14:53 INFO  [GH3]:   Unknown(0x26bf66f3) (QTypeQbStruct) : 
12:14:53 INFO  [GH3]: 	{
12:14:53 INFO  [GH3]: 	  Unknown(0xc4745838) (QTypeWString) : "Checking storage device..."
12:14:53 INFO  [GH3]: 	}
12:14:53 INFO  [GH3]: }
12:14:54 INFO  [GH3]: {
12:14:54 INFO  [GH3]:   Unknown(0x69d0dfaf) (QTypeInt) : 0
12:14:54 INFO  [GH3]:   Unknown(0xd4c98794) (QTypeWString) : "SUCCESSFUL"
12:14:54 INFO  [GH3]:   Unknown(0x26bf66f3) (QTypeQbStruct) : 
12:14:54 INFO  [GH3]: 	{
12:14:54 INFO  [GH3]: 	  Unknown(0xc4745838) (QTypeWString) : "Save successful."
12:14:54 INFO  [GH3]: 	}
12:14:54 INFO  [GH3]: }
12:15:01 INFO  [GH3]: {
12:15:01 INFO  [GH3]:   Unknown(0x40c698af) (QTypeQbKey) : 0x54b037a4
12:15:01 INFO  [GH3]:   Unknown(0xcce57b1a) (QTypePair) : (512, 93)
12:15:01 INFO  [GH3]:   Unknown(0x3b15bf22) (QTypePair) : (190, 53)
12:15:01 INFO  [GH3]: }
12:15:01 INFO  [GH3]: {
12:15:01 INFO  [GH3]:   Unknown(0x40c698af) (QTypeQbKey) : 0xbabe5688
12:15:01 INFO  [GH3]:   Unknown(0xcce57b1a) (QTypePair) : (508, 178)
12:15:01 INFO  [GH3]:   Unknown(0x3b15bf22) (QTypePair) : (192, 52)
12:15:01 INFO  [GH3]: }
12:15:01 INFO  [GH3]: {
12:15:01 INFO  [GH3]:   Unknown(0x40c698af) (QTypeQbKey) : 0x53ddf3bd
12:15:01 INFO  [GH3]:   Unknown(0xcce57b1a) (QTypePair) : (500, 258)
12:15:01 INFO  [GH3]:   Unknown(0x3b15bf22) (QTypePair) : (186, 38)
12:15:01 INFO  [GH3]: }
12:15:02 INFO  [GH3]: {
12:15:02 INFO  [GH3]:   Unknown(0x40c698af) (QTypeQbKey) : 0xbdd39291
12:15:02 INFO  [GH3]:   Unknown(0xcce57b1a) (QTypePair) : (500, 348)
12:15:02 INFO  [GH3]:   Unknown(0x3b15bf22) (QTypePair) : (190, 50)
12:15:02 INFO  [GH3]: }
12:15:02 INFO  [GH3]: {
12:15:02 INFO  [GH3]:   Unknown(0x40c698af) (QTypeQbKey) : 0x5a6bbf96
12:15:02 INFO  [GH3]:   Unknown(0xcce57b1a) (QTypePair) : (491, 436)
12:15:02 INFO  [GH3]:   Unknown(0x3b15bf22) (QTypePair) : (185, 35)
12:15:02 INFO  [GH3]: }
12:15:02 INFO  [GH3]: {
12:15:02 INFO  [GH3]:   Unknown(0x40c698af) (QTypeQbKey) : 0x8031d7fc
12:15:02 INFO  [GH3]:   Unknown(0xcce57b1a) (QTypePair) : (488, 521)
12:15:02 INFO  [GH3]:   Unknown(0x3b15bf22) (QTypePair) : (185, 40)
12:15:02 INFO  [GH3]: }
12:15:06 INFO  [GH3]: {
12:15:06 INFO  [GH3]:   Unknown(0x40c698af) (QTypeQbKey) : 0x8031d7fc
12:15:06 INFO  [GH3]:   Unknown(0xcce57b1a) (QTypePair) : (488, 521)
12:15:06 INFO  [GH3]:   Unknown(0x3b15bf22) (QTypePair) : (185, 40)
12:15:06 INFO  [GH3]: }
12:15:07 INFO  [GH3]: {
12:15:07 INFO  [GH3]:   Unknown(0x40c698af) (QTypeQbKey) : 0x5a6bbf96
12:15:07 INFO  [GH3]:   Unknown(0xcce57b1a) (QTypePair) : (491, 436)
12:15:07 INFO  [GH3]:   Unknown(0x3b15bf22) (QTypePair) : (185, 35)
12:15:07 INFO  [GH3]: }
12:15:07 INFO  [GH3]: {
12:15:07 INFO  [GH3]:   Unknown(0x40c698af) (QTypeQbKey) : 0xbdd39291
12:15:07 INFO  [GH3]:   Unknown(0xcce57b1a) (QTypePair) : (500, 348)
12:15:07 INFO  [GH3]:   Unknown(0x3b15bf22) (QTypePair) : (190, 50)
12:15:07 INFO  [GH3]: }
12:15:07 INFO  [GH3]: {
12:15:07 INFO  [GH3]:   Unknown(0x40c698af) (QTypeQbKey) : 0x53ddf3bd
12:15:07 INFO  [GH3]:   Unknown(0xcce57b1a) (QTypePair) : (500, 258)
12:15:07 INFO  [GH3]:   Unknown(0x3b15bf22) (QTypePair) : (186, 38)
12:15:07 INFO  [GH3]: }
12:15:08 INFO  [GH3]: {
12:15:08 INFO  [GH3]:   Unknown(0x40c698af) (QTypeQbKey) : 0xbabe5688
12:15:08 INFO  [GH3]:   Unknown(0xcce57b1a) (QTypePair) : (508, 178)
12:15:08 INFO  [GH3]:   Unknown(0x3b15bf22) (QTypePair) : (192, 52)
12:15:08 INFO  [GH3]: }
12:15:08 INFO  [GH3]: {
12:15:08 INFO  [GH3]:   Unknown(0x40c698af) (QTypeQbKey) : 0x54b037a4
12:15:08 INFO  [GH3]:   Unknown(0xcce57b1a) (QTypePair) : (512, 93)
12:15:08 INFO  [GH3]:   Unknown(0x3b15bf22) (QTypePair) : (190, 53)
12:15:08 INFO  [GH3]: }
12:15:09 INFO  [GH3]: {
12:15:09 INFO  [GH3]:   Unknown(0x40c698af) (QTypeQbKey) : 0x56541335
12:15:09 INFO  [GH3]: }
12:15:09 INFO  [GH3]: {
12:15:09 INFO  [GH3]:   Unknown(0x40c698af) (QTypeQbKey) : 0x54b037a4
12:15:09 INFO  [GH3]:   Unknown(0xcce57b1a) (QTypePair) : (512, 93)
12:15:09 INFO  [GH3]:   Unknown(0x3b15bf22) (QTypePair) : (190, 53)
12:15:09 INFO  [GH3]: }
12:15:13 INFO  [GH3]: {
12:15:13 INFO  [GH3]:   Unknown(0x40c698af) (QTypeQbKey) : 0x54b037a4
12:15:13 INFO  [GH3]:   Unknown(0xcce57b1a) (QTypePair) : (512, 93)
12:15:13 INFO  [GH3]:   Unknown(0x3b15bf22) (QTypePair) : (190, 53)
12:15:13 INFO  [GH3]: }
12:15:13 INFO  [GH3]: {
12:15:13 INFO  [GH3]:   Unknown(0x40c698af) (QTypeQbKey) : 0xbabe5688
12:15:13 INFO  [GH3]:   Unknown(0xcce57b1a) (QTypePair) : (508, 178)
12:15:13 INFO  [GH3]:   Unknown(0x3b15bf22) (QTypePair) : (192, 52)
12:15:13 INFO  [GH3]: }
12:15:14 INFO  [GH3]: {
12:15:14 INFO  [GH3]:   Unknown(0x40c698af) (QTypeQbKey) : 0x53ddf3bd
12:15:14 INFO  [GH3]:   Unknown(0xcce57b1a) (QTypePair) : (500, 258)
12:15:14 INFO  [GH3]:   Unknown(0x3b15bf22) (QTypePair) : (186, 38)
12:15:14 INFO  [GH3]: }
12:15:14 INFO  [GH3]: {
12:15:14 INFO  [GH3]:   Unknown(0x40c698af) (QTypeQbKey) : 0xbdd39291
12:15:14 INFO  [GH3]:   Unknown(0xcce57b1a) (QTypePair) : (500, 348)
12:15:14 INFO  [GH3]:   Unknown(0x3b15bf22) (QTypePair) : (190, 50)
12:15:14 INFO  [GH3]: }
12:15:14 INFO  [GH3]: {
12:15:14 INFO  [GH3]:   Unknown(0x40c698af) (QTypeQbKey) : 0x5a6bbf96
12:15:14 INFO  [GH3]:   Unknown(0xcce57b1a) (QTypePair) : (491, 436)
12:15:14 INFO  [GH3]:   Unknown(0x3b15bf22) (QTypePair) : (185, 35)
12:15:14 INFO  [GH3]: }
12:15:14 INFO  [GH3]: {
12:15:14 INFO  [GH3]:   Unknown(0x40c698af) (QTypeQbKey) : 0x8031d7fc
12:15:14 INFO  [GH3]:   Unknown(0xcce57b1a) (QTypePair) : (488, 521)
12:15:14 INFO  [GH3]:   Unknown(0x3b15bf22) (QTypePair) : (185, 40)
12:15:14 INFO  [GH3]: }
12:15:33 INFO  [GH3]: {
12:15:33 INFO  [GH3]:   Unknown(0x69d0dfaf) (QTypeInt) : 0
12:15:33 INFO  [GH3]:   Unknown(0xd4c98794) (QTypeWString) : "CHECKING..."
12:15:33 INFO  [GH3]:   Unknown(0x26bf66f3) (QTypeQbStruct) : 
12:15:33 INFO  [GH3]: 	{
12:15:33 INFO  [GH3]: 	  Unknown(0xc4745838) (QTypeWString) : "Checking storage device..."
12:15:33 INFO  [GH3]: 	}
12:15:33 INFO  [GH3]: }
12:15:33 INFO  [GH3]: {
12:15:33 INFO  [GH3]:   Unknown(0x69d0dfaf) (QTypeInt) : 0
12:15:33 INFO  [GH3]:   Unknown(0xd4c98794) (QTypeWString) : "SUCCESSFUL"
12:15:33 INFO  [GH3]:   Unknown(0x26bf66f3) (QTypeQbStruct) : 
12:15:33 INFO  [GH3]: 	{
12:15:33 INFO  [GH3]: 	  Unknown(0xc4745838) (QTypeWString) : "Overwrite successful."
12:15:33 INFO  [GH3]: 	}
12:15:33 INFO  [GH3]: }
12:15:35 INFO  [GH3]: {
12:15:35 INFO  [GH3]:   Unknown(0x40c698af) (QTypeQbKey) : 0x54b037a4
12:15:35 INFO  [GH3]:   Unknown(0xcce57b1a) (QTypePair) : (512, 93)
12:15:35 INFO  [GH3]:   Unknown(0x3b15bf22) (QTypePair) : (190, 53)
12:15:35 INFO  [GH3]: }
12:15:35 INFO  [GH3]: {
12:15:35 INFO  [GH3]:   Unknown(0x40c698af) (QTypeQbKey) : 0xbabe5688
12:15:35 INFO  [GH3]:   Unknown(0xcce57b1a) (QTypePair) : (508, 178)
12:15:35 INFO  [GH3]:   Unknown(0x3b15bf22) (QTypePair) : (192, 52)
12:15:35 INFO  [GH3]: }
12:15:35 INFO  [GH3]: {
12:15:35 INFO  [GH3]:   Unknown(0x40c698af) (QTypeQbKey) : 0x53ddf3bd
12:15:35 INFO  [GH3]:   Unknown(0xcce57b1a) (QTypePair) : (500, 258)
12:15:35 INFO  [GH3]:   Unknown(0x3b15bf22) (QTypePair) : (186, 38)
12:15:35 INFO  [GH3]: }
12:15:35 INFO  [GH3]: {
12:15:35 INFO  [GH3]:   Unknown(0x40c698af) (QTypeQbKey) : 0xbdd39291
12:15:35 INFO  [GH3]:   Unknown(0xcce57b1a) (QTypePair) : (500, 348)
12:15:35 INFO  [GH3]:   Unknown(0x3b15bf22) (QTypePair) : (190, 50)
12:15:35 INFO  [GH3]: }
12:15:36 INFO  [GH3]: {
12:15:36 INFO  [GH3]:   Unknown(0x40c698af) (QTypeQbKey) : 0x5a6bbf96
12:15:36 INFO  [GH3]:   Unknown(0xcce57b1a) (QTypePair) : (491, 436)
12:15:36 INFO  [GH3]:   Unknown(0x3b15bf22) (QTypePair) : (185, 35)
12:15:36 INFO  [GH3]: }
12:15:36 INFO  [GH3]: {
12:15:36 INFO  [GH3]:   Unknown(0x40c698af) (QTypeQbKey) : 0x8031d7fc
12:15:36 INFO  [GH3]:   Unknown(0xcce57b1a) (QTypePair) : (488, 521)
12:15:36 INFO  [GH3]:   Unknown(0x3b15bf22) (QTypePair) : (185, 40)
12:15:36 INFO  [GH3]: }
12:15:36 INFO  [GH3]: {
12:15:36 INFO  [GH3]:   Unknown(0x40c698af) (QTypeQbKey) : 0x8031d7fc
12:15:36 INFO  [GH3]:   Unknown(0xcce57b1a) (QTypePair) : (488, 521)
12:15:36 INFO  [GH3]:   Unknown(0x3b15bf22) (QTypePair) : (185, 40)
12:15:36 INFO  [GH3]: }
12:15:42 INFO  [GH3]: {
12:15:42 INFO  [GH3]:   Unknown(0x7323e97c) (QTypeQbArray) : Type:"QTypeQbArray" Size:1116623008
12:15:42 INFO  [GH3]: }
12:15:44 INFO  [GH3]: {
12:15:44 INFO  [GH3]:   Unknown(0x00000000) (QTypeQbKey) : 0xff03cc4e
12:15:44 INFO  [GH3]:   Unknown(0x520c0c9c) (QTypeQbKey) : 0x806fff30
12:15:44 INFO  [GH3]:   Unknown(0x26861025) (QTypeQbKey) : 0x1283c070
12:15:44 INFO  [GH3]:   Unknown(0xec953eec) (QTypeInt) : 0
12:15:44 INFO  [GH3]: }
12:15:45 INFO  [GH3]: {
12:15:45 INFO  [GH3]:   Unknown(0x40c698af) (QTypeQbKey) : 0xa55146ab
12:15:45 INFO  [GH3]: }
12:15:50 INFO  [GH3]: {
12:15:50 INFO  [GH3]:   Unknown(0xb30d9965) (QTypeInt) : 0
12:15:50 INFO  [GH3]:   Unknown(0x40c698af) (QTypeQbKey) : 0x2cf56a7b
12:15:50 INFO  [GH3]: }
12:15:51 INFO  [GH3]: {
12:15:51 INFO  [GH3]:   Unknown(0xb30d9965) (QTypeInt) : 0
12:15:51 INFO  [GH3]:   Unknown(0x40c698af) (QTypeQbKey) : 0xa5b6fe86
12:15:51 INFO  [GH3]: }
12:15:52 INFO  [GH3]: {
12:15:52 INFO  [GH3]:   Unknown(0xb30d9965) (QTypeInt) : 0
12:15:52 INFO  [GH3]:   Unknown(0x40c698af) (QTypeQbKey) : 0x3cbfaf3c
12:15:52 INFO  [GH3]: }
12:15:52 INFO  [GH3]: {
12:15:52 INFO  [GH3]:   Unknown(0xb30d9965) (QTypeInt) : 0
12:15:52 INFO  [GH3]:   Unknown(0x40c698af) (QTypeQbKey) : 0x3cbfaf3c
12:15:52 INFO  [GH3]: }
12:15:52 INFO  [GH3]: {
12:15:52 INFO  [GH3]:   Unknown(0xb30d9965) (QTypeInt) : 0
12:15:52 INFO  [GH3]:   Unknown(0x40c698af) (QTypeQbKey) : 0xa5b6fe86
12:15:52 INFO  [GH3]: }
12:15:52 INFO  [GH3]: {
12:15:52 INFO  [GH3]:   Unknown(0xb30d9965) (QTypeInt) : 0
12:15:52 INFO  [GH3]:   Unknown(0x40c698af) (QTypeQbKey) : 0x2cf56a7b
12:15:52 INFO  [GH3]: }
12:15:54 INFO  [GH3]: {
12:15:54 INFO  [GH3]:   Unknown(0xb30d9965) (QTypeInt) : 0
12:15:54 INFO  [GH3]:   Unknown(0x40c698af) (QTypeQbKey) : 0xd2b1ce10
12:15:54 INFO  [GH3]: }
12:15:54 INFO  [GH3]: {
12:15:54 INFO  [GH3]:   Unknown(0xb30d9965) (QTypeInt) : 0
12:15:54 INFO  [GH3]:   Unknown(0x40c698af) (QTypeQbKey) : 0x3cbfaf3c
12:15:54 INFO  [GH3]: }
12:15:54 INFO  [GH3]: {
12:15:54 INFO  [GH3]:   Unknown(0xb30d9965) (QTypeInt) : 0
12:15:54 INFO  [GH3]:   Unknown(0x40c698af) (QTypeQbKey) : 0x3cbfaf3c
12:15:54 INFO  [GH3]: }
12:15:54 INFO  [GH3]: {
12:15:54 INFO  [GH3]:   Unknown(0xb30d9965) (QTypeInt) : 0
12:15:54 INFO  [GH3]:   Unknown(0x40c698af) (QTypeQbKey) : 0x3cbfaf3c
12:15:54 INFO  [GH3]: }
12:15:57 INFO  [GH3]: {
12:15:57 INFO  [GH3]:   Unknown(0xb30d9965) (QTypeInt) : 0
12:15:57 INFO  [GH3]:   Unknown(0x40c698af) (QTypeQbKey) : 0xd2b1ce10
12:15:57 INFO  [GH3]: }
12:15:59 INFO  [GH3]: {
12:15:59 INFO  [GH3]:   Unknown(0x83aaa1a0) (QTypeQbKey) : 0xeb323e20
12:15:59 INFO  [GH3]:   Unknown(0xdb616875) (QTypeInt) : 1
12:15:59 INFO  [GH3]:   Unknown(0xd8f1a5c6) (QTypeQbKey) : 0xd2b90b7c
12:15:59 INFO  [GH3]:   Unknown(0xb7822ed8) (QTypeInt) : 4
12:15:59 INFO  [GH3]:   Unknown(0xcc12115e) (QTypeQbKey) : 0x846455dc
12:15:59 INFO  [GH3]:   Unknown(0x8a4c762d) (QTypeQbKey) : 0x923b7d66
12:15:59 INFO  [GH3]: }
12:15:59 INFO  [GH3]: {
12:15:59 INFO  [GH3]:   Unknown(0x00000000) (QTypeQbKey) : 0xff03cc4e
12:15:59 INFO  [GH3]:   Unknown(0x520c0c9c) (QTypeQbKey) : 0x806fff30
12:15:59 INFO  [GH3]:   Unknown(0x26861025) (QTypeQbKey) : 0x0000
12:15:59 INFO  [GH3]:   Unknown(0xec953eec) (QTypeInt) : 0
12:15:59 INFO  [GH3]: }
12:15:59 INFO  [GH3]: {
12:15:59 INFO  [GH3]:   Unknown(0x83aaa1a0) (QTypeQbKey) : 0xeb323e20
12:15:59 INFO  [GH3]:   Unknown(0xdb616875) (QTypeInt) : 1
12:15:59 INFO  [GH3]:   Unknown(0xd8f1a5c6) (QTypeQbKey) : 0xd2b90b7c
12:15:59 INFO  [GH3]:   Unknown(0xb7822ed8) (QTypeInt) : 4
12:15:59 INFO  [GH3]:   Unknown(0xcc12115e) (QTypeQbKey) : 0x846455dc
12:15:59 INFO  [GH3]:   Unknown(0x8a4c762d) (QTypeQbKey) : 0x923b7d66
12:15:59 INFO  [GH3]: }
12:15:59 INFO  [GH3]: {
12:15:59 INFO  [GH3]:   Unknown(0x7321a8d6) (QTypeQbKey) : 0xe5fa3adf
12:15:59 INFO  [GH3]: }
12:16:00 INFO  [GH3]: {
12:16:00 INFO  [GH3]:   Unknown(0x00000000) (QTypeQbKey) : 0x6086aa70
12:16:00 INFO  [GH3]:   Unknown(0x520c0c9c) (QTypeQbKey) : 0x806fff30
12:16:00 INFO  [GH3]:   Unknown(0x26861025) (QTypeQbKey) : 0x0000
12:16:00 INFO  [GH3]:   Unknown(0xec953eec) (QTypeInt) : 0
12:16:00 INFO  [GH3]: }
12:16:00 INFO  [GH3]: {
12:16:00 INFO  [GH3]:   Unknown(0x00000000) (QTypeQbKey) : 0x6086aa70
12:16:00 INFO  [GH3]:   Unknown(0x520c0c9c) (QTypeQbKey) : 0x806fff30
12:16:00 INFO  [GH3]:   Unknown(0x26861025) (QTypeQbKey) : 0x0000
12:16:00 INFO  [GH3]:   Unknown(0xec953eec) (QTypeInt) : 0
12:16:00 INFO  [GH3]: }
12:16:00 INFO  [GH3]: {
12:16:00 INFO  [GH3]:   Unknown(0x00000000) (QTypeQbKey) : 0x6086aa70
12:16:00 INFO  [GH3]:   Unknown(0x520c0c9c) (QTypeQbKey) : 0x806fff30
12:16:00 INFO  [GH3]:   Unknown(0x26861025) (QTypeQbKey) : 0x0000
12:16:00 INFO  [GH3]:   Unknown(0xec953eec) (QTypeInt) : 0
12:16:00 INFO  [GH3]: }
12:16:00 INFO  [GH3]: {
12:16:00 INFO  [GH3]:   Unknown(0x00000000) (QTypeQbKey) : 0x6086aa70
12:16:00 INFO  [GH3]:   Unknown(0x520c0c9c) (QTypeQbKey) : 0x806fff30
12:16:00 INFO  [GH3]:   Unknown(0x26861025) (QTypeQbKey) : 0x0000
12:16:00 INFO  [GH3]:   Unknown(0xec953eec) (QTypeInt) : 0
12:16:00 INFO  [GH3]: }
12:16:00 INFO  [GH3]: {
12:16:00 INFO  [GH3]:   Unknown(0x00000000) (QTypeQbKey) : 0x6086aa70
12:16:00 INFO  [GH3]:   Unknown(0x520c0c9c) (QTypeQbKey) : 0x806fff30
12:16:00 INFO  [GH3]:   Unknown(0x26861025) (QTypeQbKey) : 0x0000
12:16:00 INFO  [GH3]:   Unknown(0xec953eec) (QTypeInt) : 0
12:16:00 INFO  [GH3]: }
12:16:00 INFO  [GH3]: {
12:16:00 INFO  [GH3]:   Unknown(0x00000000) (QTypeQbKey) : 0x6086aa70
12:16:00 INFO  [GH3]:   Unknown(0x520c0c9c) (QTypeQbKey) : 0x806fff30
12:16:00 INFO  [GH3]:   Unknown(0x26861025) (QTypeQbKey) : 0x0000
12:16:00 INFO  [GH3]:   Unknown(0xec953eec) (QTypeInt) : 0
12:16:00 INFO  [GH3]: }
12:16:00 INFO  [GH3]: {
12:16:00 INFO  [GH3]:   Unknown(0x00000000) (QTypeQbKey) : 0x6086aa70
12:16:00 INFO  [GH3]:   Unknown(0x520c0c9c) (QTypeQbKey) : 0x806fff30
12:16:00 INFO  [GH3]:   Unknown(0x26861025) (QTypeQbKey) : 0x0000
12:16:00 INFO  [GH3]:   Unknown(0xec953eec) (QTypeInt) : 0
12:16:00 INFO  [GH3]: }
12:16:00 INFO  [GH3]: {
12:16:00 INFO  [GH3]:   Unknown(0x00000000) (QTypeQbKey) : 0x6086aa70
12:16:00 INFO  [GH3]:   Unknown(0x520c0c9c) (QTypeQbKey) : 0x806fff30
12:16:00 INFO  [GH3]:   Unknown(0x26861025) (QTypeQbKey) : 0x0000
12:16:00 INFO  [GH3]:   Unknown(0xec953eec) (QTypeInt) : 0
12:16:00 INFO  [GH3]: }
12:16:00 INFO  [GH3]: {
12:16:00 INFO  [GH3]:   Unknown(0x00000000) (QTypeQbKey) : 0x6086aa70
12:16:00 INFO  [GH3]:   Unknown(0x520c0c9c) (QTypeQbKey) : 0x806fff30
12:16:00 INFO  [GH3]:   Unknown(0x26861025) (QTypeQbKey) : 0x0000
12:16:00 INFO  [GH3]:   Unknown(0xec953eec) (QTypeInt) : 0
12:16:00 INFO  [GH3]: }
12:16:00 INFO  [GH3]: {
12:16:00 INFO  [GH3]:   Unknown(0x00000000) (QTypeQbKey) : 0x6086aa70
12:16:00 INFO  [GH3]:   Unknown(0x520c0c9c) (QTypeQbKey) : 0x806fff30
12:16:00 INFO  [GH3]:   Unknown(0x26861025) (QTypeQbKey) : 0x0000
12:16:00 INFO  [GH3]:   Unknown(0xec953eec) (QTypeInt) : 0
12:16:00 INFO  [GH3]: }
12:21:39 INFO  [GH3]: {
12:21:39 INFO  [GH3]:   Unknown(0x8b60022f) (QTypeQbKey) : 0xbf0f14db
12:21:39 INFO  [GH3]:   Unknown(0x0c853a87) (QTypeInt) : 0
12:21:39 INFO  [GH3]:   Unknown(0x40c698af) (QTypeQbKey) : 0x6c8b2eea
12:21:39 INFO  [GH3]:   Unknown(0x34a68574) (QTypePair) : (100, 100)
12:21:39 INFO  [GH3]:   Unknown(0x7b820a11) (QTypeInt) : 1
12:21:39 INFO  [GH3]:   Unknown(0x2cfbddad) (QTypeInt) : 1
12:21:39 INFO  [GH3]:   Unknown(0x9a6d8aa5) (QTypeFloat) : 0.7
12:21:39 INFO  [GH3]:   Unknown(0x3c1a8111) (QTypeFloat) : 0.6
12:21:39 INFO  [GH3]:   Unknown(0x00000000) (QTypeQbKey) : 0x4f660a71
12:21:39 INFO  [GH3]:   Unknown(0x73e5bad0) (QTypeInt) : 77
12:21:39 INFO  [GH3]:   Unknown(0x0ab21af0) (QTypeInt) : 39
12:21:39 INFO  [GH3]:   Unknown(0xabf312ef) (QTypeFloat) : 100
12:21:39 INFO  [GH3]:   Unknown(0x96933b5f) (QTypeFloat) : 100
12:21:39 INFO  [GH3]:   Unknown(0x6aa8d676) (QTypeFloat) : 1.2987013
12:21:39 INFO  [GH3]:   Unknown(0xccdfddc2) (QTypeFloat) : 1.2987013
12:21:39 INFO  [GH3]: }
12:21:39 INFO  [GH3]: {
12:21:39 INFO  [GH3]:   Unknown(0xb30d9965) (QTypeInt) : 0
12:21:39 INFO  [GH3]:   Unknown(0x40c698af) (QTypeQbKey) : 0x4e103102
12:21:39 INFO  [GH3]: }
12:21:40 INFO  [GH3]: {
12:21:40 INFO  [GH3]:   Unknown(0x69d0dfaf) (QTypeInt) : 0
12:21:40 INFO  [GH3]:   Unknown(0xd4c98794) (QTypeWString) : "SAVING..."
12:21:40 INFO  [GH3]:   Unknown(0x26bf66f3) (QTypeQbStruct) : 
12:21:40 INFO  [GH3]: 	{
12:21:40 INFO  [GH3]: 	  Unknown(0xc4745838) (QTypeWString) : "Saving Content."
12:21:40 INFO  [GH3]: 	}
12:21:40 INFO  [GH3]: }
12:21:40 INFO  [GH3]: {
12:21:40 INFO  [GH3]:   Unknown(0xb30d9965) (QTypeInt) : 0
12:21:40 INFO  [GH3]:   Unknown(0x40c698af) (QTypeQbKey) : 0x9cb6800
12:21:40 INFO  [GH3]: }
12:21:42 INFO  [GH3]: {
12:21:42 INFO  [GH3]:   Unknown(0x83aaa1a0) (QTypeQbKey) : 0xeb323e20
12:21:42 INFO  [GH3]:   Unknown(0xdb616875) (QTypeInt) : 1
12:21:42 INFO  [GH3]:   Unknown(0xd8f1a5c6) (QTypeQbKey) : 0x77b5ed9
12:21:42 INFO  [GH3]:   Unknown(0xb7822ed8) (QTypeInt) : 4294967295
12:21:42 INFO  [GH3]:   Unknown(0xcc12115e) (QTypeQbKey) : 0x806fff30
12:21:42 INFO  [GH3]:   Unknown(0x8a4c762d) (QTypeQbKey) : 0x806fff30
12:21:42 INFO  [GH3]: }
12:21:42 INFO  [GH3]: {
12:21:42 INFO  [GH3]:   Unknown(0x00000000) (QTypeQbKey) : 0x6086aa70
12:21:42 INFO  [GH3]:   Unknown(0x520c0c9c) (QTypeQbKey) : 0x806fff30
12:21:42 INFO  [GH3]:   Unknown(0x26861025) (QTypeQbKey) : 0x0000
12:21:42 INFO  [GH3]:   Unknown(0xec953eec) (QTypeInt) : 0
12:21:42 INFO  [GH3]: }
12:21:42 INFO  [GH3]: {
12:21:42 INFO  [GH3]:   Unknown(0x83aaa1a0) (QTypeQbKey) : 0xeb323e20
12:21:42 INFO  [GH3]:   Unknown(0xdb616875) (QTypeInt) : 1
12:21:42 INFO  [GH3]:   Unknown(0xd8f1a5c6) (QTypeQbKey) : 0x77b5ed9
12:21:42 INFO  [GH3]:   Unknown(0xb7822ed8) (QTypeInt) : 4294967295
12:21:42 INFO  [GH3]:   Unknown(0xcc12115e) (QTypeQbKey) : 0x806fff30
12:21:42 INFO  [GH3]:   Unknown(0x8a4c762d) (QTypeQbKey) : 0x806fff30
12:21:42 INFO  [GH3]: }
12:21:42 INFO  [GH3]: {
12:21:42 INFO  [GH3]:   Unknown(0x2e41f796) (QTypeInt) : 8000
12:21:42 INFO  [GH3]: }
12:26:15 INFO  [GH3]: {
12:26:15 INFO  [GH3]:   Unknown(0x8d53f1a8) (QTypeCString) : "p1_career"
12:26:15 INFO  [GH3]:   Unknown(0x6f402ef3) (QTypeQbKey) : 0x27e6b559
12:26:15 INFO  [GH3]:   Unknown(0x68e4ef11) (QTypeInt) : 1
12:26:15 INFO  [GH3]:   Unknown(0xfc2cdee3) (QTypeQbKey) : 0x6840922f
12:26:15 INFO  [GH3]:   Unknown(0x1fbdbe71) (QTypeInt) : 4294967295
12:26:15 INFO  [GH3]:   Unknown(0xb38db12c) (QTypeInt) : 4294967295
12:26:15 INFO  [GH3]:   Unknown(0x97ca3b34) (QTypeInt) : 4294967295
12:26:15 INFO  [GH3]:   Unknown(0xa1dc81f9) (QTypeWString) : "A"
12:26:15 INFO  [GH3]:   Unknown(0x06afff1e) (QTypeInt) : 1
12:26:15 INFO  [GH3]:   Unknown(0x3ae567d9) (QTypeInt) : 0
12:26:15 INFO  [GH3]:   Unknown(0x56849e71) (QTypeInt) : 0
12:26:15 INFO  [GH3]:   Unknown(0xf9461a46) (QTypeInt) : 3600
12:26:15 INFO  [GH3]:   Unknown(0xb65414e8) (QTypeQbKey) : 0x6840922f
12:26:15 INFO  [GH3]:   Unknown(0xfaea61a2) (QTypeCString) : "A"
12:26:15 INFO  [GH3]:   Unknown(0x818af862) (QTypeCString) : "expert"
12:26:15 INFO  [GH3]:   Unknown(0x4fe8ccfa) (QTypeCString) : "expert"
12:26:15 INFO  [GH3]:   Unknown(0x28f07394) (QTypeQbArray) : Type:"QTypeQbArray" Size:1116652448
12:26:15 INFO  [GH3]:   Unknown(0xcbc90a15) (QTypeInt) : 1
12:26:15 INFO  [GH3]:   Unknown(0xd495ab7b) (QTypeQbArray) : Type:"QTypeQbArray" Size:1116651728
12:26:15 INFO  [GH3]:   Unknown(0xe926d35f) (QTypeInt) : 0
12:26:15 INFO  [GH3]:   Unknown(0x011baaf9) (QTypeInt) : 0
12:26:15 INFO  [GH3]:   Unknown(0x8b89537e) (QTypeInt) : 0
12:26:15 INFO  [GH3]:   Unknown(0x5a0d69b4) (QTypeInt) : 0
12:26:15 INFO  [GH3]:   Unknown(0x6151561a) (QTypeInt) : 0
12:26:15 INFO  [GH3]:   Unknown(0x896c2fbc) (QTypeInt) : 0
12:26:15 INFO  [GH3]:   Unknown(0x02e1858b) (QTypeInt) : 5
12:26:15 INFO  [GH3]:   Unknown(0xd365bf41) (QTypeInt) : 420018
12:26:15 INFO  [GH3]:   Unknown(0x95e7b7e0) (QTypeInt) : 0
12:26:15 INFO  [GH3]:   Unknown(0x2f2a8266) (QTypeInt) : 0
12:26:15 INFO  [GH3]:   Unknown(0xa1519d6d) (QTypeInt) : 0
12:26:15 INFO  [GH3]:   Unknown(0xfddc5ce1) (QTypeInt) : 0
12:26:15 INFO  [GH3]:   Unknown(0x94fa81cd) (QTypeInt) : 0
12:26:15 INFO  [GH3]:   Unknown(0x47da89ec) (QTypeInt) : 0
12:26:15 INFO  [GH3]:   Unknown(0x841fb3b4) (QTypeInt) : 0
12:26:15 INFO  [GH3]:   Unknown(0x1a2c461f) (QTypeInt) : 0
12:26:15 INFO  [GH3]:   Unknown(0x4eac7a14) (QTypeInt) : 0
12:26:15 INFO  [GH3]:   Unknown(0x41a5caa6) (QTypeInt) : 0
12:26:15 INFO  [GH3]:   Unknown(0x20dd76c7) (QTypeInt) : 0
12:26:15 INFO  [GH3]:   Unknown(0x8ab4f025) (QTypeInt) : 0
12:26:15 INFO  [GH3]:   Unknown(0xfc3ed0e2) (QTypeInt) : 0
12:26:15 INFO  [GH3]:   Unknown(0x02c37560) (QTypeInt) : 0
12:26:15 INFO  [GH3]:   Unknown(0xb9131cee) (QTypeInt) : 0
12:26:15 INFO  [GH3]:   Unknown(0x2b039206) (QTypeInt) : 0
12:26:15 INFO  [GH3]:   Unknown(0xf646cb13) (QTypeInt) : 3600
12:26:15 INFO  [GH3]:   Unknown(0xb9d4f601) (QTypeInt) : 1073
12:26:15 INFO  [GH3]:   Unknown(0xfa991675) (QTypeFloat) : 420018
12:26:15 INFO  [GH3]:   Unknown(0x75560617) (QTypeFloat) : 420018
12:26:15 INFO  [GH3]: }
12:26:16 INFO  [GH3]: {
12:26:16 INFO  [GH3]:   Unknown(0x69d0dfaf) (QTypeInt) : 0
12:26:16 INFO  [GH3]:   Unknown(0xd4c98794) (QTypeWString) : "CHECKING..."
12:26:16 INFO  [GH3]:   Unknown(0x26bf66f3) (QTypeQbStruct) : 
12:26:16 INFO  [GH3]: 	{
12:26:16 INFO  [GH3]: 	  Unknown(0xc4745838) (QTypeWString) : "Checking storage device..."
12:26:16 INFO  [GH3]: 	}
12:26:16 INFO  [GH3]: }
12:26:16 INFO  [GH3]: {
12:26:16 INFO  [GH3]:   Unknown(0x69d0dfaf) (QTypeInt) : 0
12:26:16 INFO  [GH3]:   Unknown(0xd4c98794) (QTypeWString) : "SUCCESSFUL"
12:26:16 INFO  [GH3]:   Unknown(0x26bf66f3) (QTypeQbStruct) : 
12:26:16 INFO  [GH3]: 	{
12:26:16 INFO  [GH3]: 	  Unknown(0xc4745838) (QTypeWString) : "Overwrite successful."
12:26:16 INFO  [GH3]: 	}
12:26:16 INFO  [GH3]: }
12:26:16 INFO  [GH3]: {
12:26:16 INFO  [GH3]:   Unknown(0xb30d9965) (QTypeInt) : 0
12:26:16 INFO  [GH3]:   Unknown(0x40c698af) (QTypeQbKey) : 0xf41e79ba
12:26:16 INFO  [GH3]: }
12:26:17 INFO  [GH3]: {
12:26:17 INFO  [GH3]:   Unknown(0x83aaa1a0) (QTypeQbKey) : 0xeb323e20
12:26:17 INFO  [GH3]:   Unknown(0xdb616875) (QTypeInt) : 1
12:26:17 INFO  [GH3]:   Unknown(0xd8f1a5c6) (QTypeQbKey) : 0xfe959107
12:26:17 INFO  [GH3]:   Unknown(0xb7822ed8) (QTypeInt) : 4294967295
12:26:17 INFO  [GH3]:   Unknown(0xcc12115e) (QTypeQbKey) : 0x806fff30
12:26:17 INFO  [GH3]:   Unknown(0x8a4c762d) (QTypeQbKey) : 0x806fff30
12:26:17 INFO  [GH3]: }
12:26:17 INFO  [GH3]: {
12:26:17 INFO  [GH3]:   Unknown(0x00000000) (QTypeQbKey) : 0x6086aa70
12:26:17 INFO  [GH3]:   Unknown(0x520c0c9c) (QTypeQbKey) : 0x806fff30
12:26:17 INFO  [GH3]:   Unknown(0x26861025) (QTypeQbKey) : 0x0000
12:26:17 INFO  [GH3]:   Unknown(0xec953eec) (QTypeInt) : 0
12:26:17 INFO  [GH3]: }
12:26:17 INFO  [GH3]: {
12:26:17 INFO  [GH3]:   Unknown(0x83aaa1a0) (QTypeQbKey) : 0xeb323e20
12:26:17 INFO  [GH3]:   Unknown(0xdb616875) (QTypeInt) : 1
12:26:17 INFO  [GH3]:   Unknown(0xd8f1a5c6) (QTypeQbKey) : 0xfe959107
12:26:17 INFO  [GH3]:   Unknown(0xb7822ed8) (QTypeInt) : 4294967295
12:26:17 INFO  [GH3]:   Unknown(0xcc12115e) (QTypeQbKey) : 0x806fff30
12:26:17 INFO  [GH3]:   Unknown(0x8a4c762d) (QTypeQbKey) : 0x806fff30
12:26:17 INFO  [GH3]: }
12:26:17 INFO  [GH3]: {
12:26:17 INFO  [GH3]:   Unknown(0x2e41f796) (QTypeInt) : 8000
12:26:17 INFO  [GH3]: }
12:31:19 INFO  [GH3]: {
12:31:19 INFO  [GH3]:   Unknown(0x8d53f1a8) (QTypeCString) : "p1_career"
12:31:19 INFO  [GH3]:   Unknown(0x6f402ef3) (QTypeQbKey) : 0x27e6b559
12:31:19 INFO  [GH3]:   Unknown(0x68e4ef11) (QTypeInt) : 1
12:31:19 INFO  [GH3]:   Unknown(0xfc2cdee3) (QTypeQbKey) : 0x6840922f
12:31:19 INFO  [GH3]:   Unknown(0x1fbdbe71) (QTypeInt) : 4294967295
12:31:19 INFO  [GH3]:   Unknown(0xb38db12c) (QTypeInt) : 4294967295
12:31:19 INFO  [GH3]:   Unknown(0x97ca3b34) (QTypeInt) : 4294967295
12:31:19 INFO  [GH3]:   Unknown(0xa1dc81f9) (QTypeWString) : "A"
12:31:19 INFO  [GH3]:   Unknown(0x06afff1e) (QTypeInt) : 1
12:31:19 INFO  [GH3]:   Unknown(0x3ae567d9) (QTypeInt) : 0
12:31:19 INFO  [GH3]:   Unknown(0x56849e71) (QTypeInt) : 0
12:31:19 INFO  [GH3]:   Unknown(0xf9461a46) (QTypeInt) : 5400
12:31:19 INFO  [GH3]:   Unknown(0xb65414e8) (QTypeQbKey) : 0x6840922f
12:31:19 INFO  [GH3]:   Unknown(0xfaea61a2) (QTypeCString) : "A"
12:31:19 INFO  [GH3]:   Unknown(0x818af862) (QTypeCString) : "expert"
12:31:19 INFO  [GH3]:   Unknown(0x4fe8ccfa) (QTypeCString) : "expert"
12:31:19 INFO  [GH3]:   Unknown(0x28f07394) (QTypeQbArray) : Type:"QTypeQbArray" Size:1116649664
12:31:19 INFO  [GH3]:   Unknown(0xcbc90a15) (QTypeInt) : 1
12:31:19 INFO  [GH3]:   Unknown(0xd495ab7b) (QTypeQbArray) : Type:"QTypeQbArray" Size:1116648704
12:31:19 INFO  [GH3]:   Unknown(0xe926d35f) (QTypeInt) : 0
12:31:19 INFO  [GH3]:   Unknown(0x011baaf9) (QTypeInt) : 0
12:31:19 INFO  [GH3]:   Unknown(0x8b89537e) (QTypeInt) : 0
12:31:19 INFO  [GH3]:   Unknown(0x5a0d69b4) (QTypeInt) : 0
12:31:19 INFO  [GH3]:   Unknown(0x6151561a) (QTypeInt) : 0
12:31:19 INFO  [GH3]:   Unknown(0x896c2fbc) (QTypeInt) : 0
12:31:19 INFO  [GH3]:   Unknown(0x02e1858b) (QTypeInt) : 7
12:31:19 INFO  [GH3]:   Unknown(0xd365bf41) (QTypeInt) : 580502
12:31:19 INFO  [GH3]:   Unknown(0x95e7b7e0) (QTypeInt) : 0
12:31:19 INFO  [GH3]:   Unknown(0x2f2a8266) (QTypeInt) : 0
12:31:19 INFO  [GH3]:   Unknown(0xa1519d6d) (QTypeInt) : 0
12:31:19 INFO  [GH3]:   Unknown(0xfddc5ce1) (QTypeInt) : 0
12:31:19 INFO  [GH3]:   Unknown(0x94fa81cd) (QTypeInt) : 0
12:31:19 INFO  [GH3]:   Unknown(0x47da89ec) (QTypeInt) : 0
12:31:19 INFO  [GH3]:   Unknown(0x841fb3b4) (QTypeInt) : 0
12:31:19 INFO  [GH3]:   Unknown(0x1a2c461f) (QTypeInt) : 0
12:31:19 INFO  [GH3]:   Unknown(0x4eac7a14) (QTypeInt) : 0
12:31:19 INFO  [GH3]:   Unknown(0x41a5caa6) (QTypeInt) : 0
12:31:19 INFO  [GH3]:   Unknown(0x20dd76c7) (QTypeInt) : 0
12:31:19 INFO  [GH3]:   Unknown(0x8ab4f025) (QTypeInt) : 0
12:31:19 INFO  [GH3]:   Unknown(0xfc3ed0e2) (QTypeInt) : 0
12:31:19 INFO  [GH3]:   Unknown(0x02c37560) (QTypeInt) : 0
12:31:19 INFO  [GH3]:   Unknown(0xb9131cee) (QTypeInt) : 0
12:31:19 INFO  [GH3]:   Unknown(0x2b039206) (QTypeInt) : 0
12:31:19 INFO  [GH3]:   Unknown(0xf646cb13) (QTypeInt) : 5400
12:31:19 INFO  [GH3]:   Unknown(0xb9d4f601) (QTypeInt) : 1491
12:31:19 INFO  [GH3]:   Unknown(0xfa991675) (QTypeFloat) : 580502
12:31:19 INFO  [GH3]:   Unknown(0x75560617) (QTypeFloat) : 580502
12:31:19 INFO  [GH3]: }
12:31:20 INFO  [GH3]: {
12:31:20 INFO  [GH3]:   Unknown(0x69d0dfaf) (QTypeInt) : 0
12:31:20 INFO  [GH3]:   Unknown(0xd4c98794) (QTypeWString) : "CHECKING..."
12:31:20 INFO  [GH3]:   Unknown(0x26bf66f3) (QTypeQbStruct) : 
12:31:20 INFO  [GH3]: 	{
12:31:20 INFO  [GH3]: 	  Unknown(0xc4745838) (QTypeWString) : "Checking storage device..."
12:31:20 INFO  [GH3]: 	}
12:31:20 INFO  [GH3]: }
12:31:20 INFO  [GH3]: {
12:31:20 INFO  [GH3]:   Unknown(0x69d0dfaf) (QTypeInt) : 0
12:31:20 INFO  [GH3]:   Unknown(0xd4c98794) (QTypeWString) : "SUCCESSFUL"
12:31:20 INFO  [GH3]:   Unknown(0x26bf66f3) (QTypeQbStruct) : 
12:31:20 INFO  [GH3]: 	{
12:31:20 INFO  [GH3]: 	  Unknown(0xc4745838) (QTypeWString) : "Overwrite successful."
12:31:20 INFO  [GH3]: 	}
12:31:20 INFO  [GH3]: }
12:31:20 INFO  [GH3]: {
12:31:20 INFO  [GH3]:   Unknown(0xb30d9965) (QTypeInt) : 0
12:31:20 INFO  [GH3]:   Unknown(0x40c698af) (QTypeQbKey) : 0x8bc1da7f
12:31:20 INFO  [GH3]: }
12:31:21 INFO  [GH3]: {
12:31:21 INFO  [GH3]:   Unknown(0x83aaa1a0) (QTypeQbKey) : 0xeb323e20
12:31:21 INFO  [GH3]:   Unknown(0xdb616875) (QTypeInt) : 1
12:31:21 INFO  [GH3]:   Unknown(0xd8f1a5c6) (QTypeQbKey) : 0x61c933ed
12:31:21 INFO  [GH3]:   Unknown(0xb7822ed8) (QTypeInt) : 4
12:31:21 INFO  [GH3]:   Unknown(0xcc12115e) (QTypeQbKey) : 0x846455dc
12:31:21 INFO  [GH3]:   Unknown(0x8a4c762d) (QTypeQbKey) : 0x923b7d66
12:31:21 INFO  [GH3]: }
12:31:21 INFO  [GH3]: {
12:31:21 INFO  [GH3]:   Unknown(0x00000000) (QTypeQbKey) : 0xff03cc4e
12:31:21 INFO  [GH3]:   Unknown(0x520c0c9c) (QTypeQbKey) : 0x806fff30
12:31:21 INFO  [GH3]:   Unknown(0x26861025) (QTypeQbKey) : 0x0000
12:31:21 INFO  [GH3]:   Unknown(0xec953eec) (QTypeInt) : 0
12:31:21 INFO  [GH3]: }
12:31:21 INFO  [GH3]: {
12:31:21 INFO  [GH3]:   Unknown(0x83aaa1a0) (QTypeQbKey) : 0xeb323e20
12:31:21 INFO  [GH3]:   Unknown(0xdb616875) (QTypeInt) : 1
12:31:21 INFO  [GH3]:   Unknown(0xd8f1a5c6) (QTypeQbKey) : 0x61c933ed
12:31:21 INFO  [GH3]:   Unknown(0xb7822ed8) (QTypeInt) : 4
12:31:21 INFO  [GH3]:   Unknown(0xcc12115e) (QTypeQbKey) : 0x846455dc
12:31:21 INFO  [GH3]:   Unknown(0x8a4c762d) (QTypeQbKey) : 0x923b7d66
12:31:21 INFO  [GH3]: }
12:31:21 INFO  [GH3]: {
12:31:21 INFO  [GH3]:   Unknown(0x7321a8d6) (QTypeQbKey) : 0xe5fa3adf
12:31:21 INFO  [GH3]: }
12:36:18 INFO  [GH3]: {
12:36:18 INFO  [GH3]:   Unknown(0x8d53f1a8) (QTypeCString) : "p1_career"
12:36:18 INFO  [GH3]:   Unknown(0x6f402ef3) (QTypeQbKey) : 0x27e6b559
12:36:18 INFO  [GH3]:   Unknown(0x68e4ef11) (QTypeInt) : 1
12:36:18 INFO  [GH3]:   Unknown(0xfc2cdee3) (QTypeQbKey) : 0x6840922f
12:36:18 INFO  [GH3]:   Unknown(0x1fbdbe71) (QTypeInt) : 4294967295
12:36:18 INFO  [GH3]:   Unknown(0xb38db12c) (QTypeInt) : 4294967295
12:36:18 INFO  [GH3]:   Unknown(0x97ca3b34) (QTypeInt) : 4294967295
12:36:18 INFO  [GH3]:   Unknown(0xa1dc81f9) (QTypeWString) : "A"
12:36:18 INFO  [GH3]:   Unknown(0x06afff1e) (QTypeInt) : 1
12:36:18 INFO  [GH3]:   Unknown(0x3ae567d9) (QTypeInt) : 0
12:36:18 INFO  [GH3]:   Unknown(0x56849e71) (QTypeInt) : 0
12:36:18 INFO  [GH3]:   Unknown(0xf9461a46) (QTypeInt) : 7200
12:36:18 INFO  [GH3]:   Unknown(0xb65414e8) (QTypeQbKey) : 0x6840922f
12:36:18 INFO  [GH3]:   Unknown(0xfaea61a2) (QTypeCString) : "A"
12:36:18 INFO  [GH3]:   Unknown(0x818af862) (QTypeCString) : "expert"
12:36:18 INFO  [GH3]:   Unknown(0x4fe8ccfa) (QTypeCString) : "expert"
12:36:18 INFO  [GH3]:   Unknown(0x28f07394) (QTypeQbArray) : Type:"QTypeQbArray" Size:1116650000
12:36:18 INFO  [GH3]:   Unknown(0xcbc90a15) (QTypeInt) : 2
12:36:18 INFO  [GH3]:   Unknown(0xd495ab7b) (QTypeQbArray) : Type:"QTypeQbArray" Size:1116650768
12:36:18 INFO  [GH3]:   Unknown(0xe926d35f) (QTypeInt) : 0
12:36:18 INFO  [GH3]:   Unknown(0x011baaf9) (QTypeInt) : 0
12:36:18 INFO  [GH3]:   Unknown(0x8b89537e) (QTypeInt) : 0
12:36:18 INFO  [GH3]:   Unknown(0x5a0d69b4) (QTypeInt) : 0
12:36:18 INFO  [GH3]:   Unknown(0x6151561a) (QTypeInt) : 0
12:36:18 INFO  [GH3]:   Unknown(0x896c2fbc) (QTypeInt) : 0
12:36:18 INFO  [GH3]:   Unknown(0x02e1858b) (QTypeInt) : 10
12:36:18 INFO  [GH3]:   Unknown(0xd365bf41) (QTypeInt) : 778015
12:36:18 INFO  [GH3]:   Unknown(0x95e7b7e0) (QTypeInt) : 0
12:36:18 INFO  [GH3]:   Unknown(0x2f2a8266) (QTypeInt) : 0
12:36:18 INFO  [GH3]:   Unknown(0xa1519d6d) (QTypeInt) : 0
12:36:18 INFO  [GH3]:   Unknown(0xfddc5ce1) (QTypeInt) : 0
12:36:18 INFO  [GH3]:   Unknown(0x94fa81cd) (QTypeInt) : 0
12:36:18 INFO  [GH3]:   Unknown(0x47da89ec) (QTypeInt) : 0
12:36:18 INFO  [GH3]:   Unknown(0x841fb3b4) (QTypeInt) : 0
12:36:18 INFO  [GH3]:   Unknown(0x1a2c461f) (QTypeInt) : 0
12:36:18 INFO  [GH3]:   Unknown(0x4eac7a14) (QTypeInt) : 0
12:36:18 INFO  [GH3]:   Unknown(0x41a5caa6) (QTypeInt) : 0
12:36:18 INFO  [GH3]:   Unknown(0x20dd76c7) (QTypeInt) : 0
12:36:18 INFO  [GH3]:   Unknown(0x8ab4f025) (QTypeInt) : 0
12:36:18 INFO  [GH3]:   Unknown(0xfc3ed0e2) (QTypeInt) : 0
12:36:18 INFO  [GH3]:   Unknown(0x02c37560) (QTypeInt) : 0
12:36:18 INFO  [GH3]:   Unknown(0xb9131cee) (QTypeInt) : 0
12:36:18 INFO  [GH3]:   Unknown(0x2b039206) (QTypeInt) : 0
12:36:18 INFO  [GH3]:   Unknown(0xf646cb13) (QTypeInt) : 7200
12:36:18 INFO  [GH3]:   Unknown(0xb9d4f601) (QTypeInt) : 2156
12:36:18 INFO  [GH3]:   Unknown(0xfa991675) (QTypeFloat) : 778015
12:36:18 INFO  [GH3]:   Unknown(0x75560617) (QTypeFloat) : 778015
12:36:18 INFO  [GH3]: }
12:36:18 INFO  [GH3]: {
12:36:18 INFO  [GH3]:   Unknown(0x00000000) (QTypeQbKey) : 0x6086aa70
12:36:18 INFO  [GH3]:   Unknown(0x520c0c9c) (QTypeQbKey) : 0x806fff30
12:36:18 INFO  [GH3]:   Unknown(0x26861025) (QTypeQbKey) : 0x0000
12:36:18 INFO  [GH3]:   Unknown(0xec953eec) (QTypeInt) : 0
12:36:18 INFO  [GH3]: }
12:36:18 INFO  [GH3]: {
12:36:18 INFO  [GH3]:   Unknown(0x7321a8d6) (QTypeQbKey) : 0x7acf53ca
12:36:18 INFO  [GH3]: }
12:36:20 INFO  [GH3]: {
12:36:20 INFO  [GH3]:   Unknown(0x26bf66f3) (QTypeQbStruct) : 
12:36:20 INFO  [GH3]: 	{
12:36:20 INFO  [GH3]: 	  Unknown(0xc4745838) (QTypeWString) : "You will lose all unsaved progress if you restart. Are you sure you want to restart this song?"
12:36:20 INFO  [GH3]: 	  Unknown(0x34a68574) (QTypePair) : (600, 400)
12:36:20 INFO  [GH3]: 	  Unknown(0x13b9da7b) (QTypeFloat) : 0.6
12:36:20 INFO  [GH3]: 	}
12:36:20 INFO  [GH3]:   Unknown(0x69d0dfaf) (QTypeInt) : 0
12:36:20 INFO  [GH3]:   Unknown(0x00000000) (QTypeQbKey) : 0xeafc692e
12:36:20 INFO  [GH3]:   Unknown(0xe787d761) (QTypePair) : (640, 480)
12:36:20 INFO  [GH3]:   Unknown(0xad8a5a63) (QTypePair) : (600, 80)
12:36:20 INFO  [GH3]:   Unknown(0x2fca0578) (QTypeQbArray) : Type:"QTypeQbArray" Size:1510048560
12:36:20 INFO  [GH3]: }
12:36:21 INFO  [GH3]: {
12:36:21 INFO  [GH3]:   Unknown(0x83aaa1a0) (QTypeQbKey) : 0xeb323e20
12:36:21 INFO  [GH3]:   Unknown(0xdb616875) (QTypeInt) : 1
12:36:21 INFO  [GH3]:   Unknown(0xd8f1a5c6) (QTypeQbKey) : 0x846455dc
12:36:21 INFO  [GH3]:   Unknown(0xb7822ed8) (QTypeInt) : 4
12:36:21 INFO  [GH3]:   Unknown(0xcc12115e) (QTypeQbKey) : 0x846455dc
12:36:21 INFO  [GH3]:   Unknown(0x8a4c762d) (QTypeQbKey) : 0x923b7d66
12:36:21 INFO  [GH3]: }
12:36:21 INFO  [GH3]: {
12:36:21 INFO  [GH3]:   Unknown(0x2e41f796) (QTypeInt) : 3000
12:36:21 INFO  [GH3]:   Unknown(0x00000000) (QTypeQbKey) : 0xda99b63b
12:36:21 INFO  [GH3]: }
12:42:06 INFO  [GH3]: {
12:42:06 INFO  [GH3]:   Unknown(0x8b60022f) (QTypeQbKey) : 0xbf0f14db
12:42:06 INFO  [GH3]:   Unknown(0x0c853a87) (QTypeInt) : 0
12:42:06 INFO  [GH3]:   Unknown(0x40c698af) (QTypeQbKey) : 0x1f7627a2
12:42:06 INFO  [GH3]:   Unknown(0x34a68574) (QTypePair) : (100, 100)
12:42:06 INFO  [GH3]:   Unknown(0x7b820a11) (QTypeInt) : 1
12:42:06 INFO  [GH3]:   Unknown(0x2cfbddad) (QTypeInt) : 1
12:42:06 INFO  [GH3]:   Unknown(0x9a6d8aa5) (QTypeFloat) : 0.7
12:42:06 INFO  [GH3]:   Unknown(0x3c1a8111) (QTypeFloat) : 0.6
12:42:06 INFO  [GH3]:   Unknown(0x00000000) (QTypeQbKey) : 0x4f660a71
12:42:06 INFO  [GH3]:   Unknown(0x73e5bad0) (QTypeInt) : 77
12:42:06 INFO  [GH3]:   Unknown(0x0ab21af0) (QTypeInt) : 39
12:42:06 INFO  [GH3]:   Unknown(0xabf312ef) (QTypeFloat) : 100
12:42:06 INFO  [GH3]:   Unknown(0x96933b5f) (QTypeFloat) : 100
12:42:06 INFO  [GH3]:   Unknown(0x6aa8d676) (QTypeFloat) : 1.2987013
12:42:06 INFO  [GH3]:   Unknown(0xccdfddc2) (QTypeFloat) : 1.2987013
12:42:06 INFO  [GH3]: }
12:42:18 INFO  [GH3]: {
12:42:18 INFO  [GH3]:   Unknown(0x69d0dfaf) (QTypeInt) : 0
12:42:18 INFO  [GH3]:   Unknown(0xd4c98794) (QTypeWString) : "CHECKING..."
12:42:18 INFO  [GH3]:   Unknown(0x26bf66f3) (QTypeQbStruct) : 
12:42:18 INFO  [GH3]: 	{
12:42:18 INFO  [GH3]: 	  Unknown(0xc4745838) (QTypeWString) : "Checking storage device..."
12:42:18 INFO  [GH3]: 	}
12:42:18 INFO  [GH3]: }
12:42:18 INFO  [GH3]: {
12:42:18 INFO  [GH3]:   Unknown(0x69d0dfaf) (QTypeInt) : 0
12:42:18 INFO  [GH3]:   Unknown(0xd4c98794) (QTypeWString) : "SUCCESSFUL"
12:42:18 INFO  [GH3]:   Unknown(0x26bf66f3) (QTypeQbStruct) : 
12:42:18 INFO  [GH3]: 	{
12:42:18 INFO  [GH3]: 	  Unknown(0xc4745838) (QTypeWString) : "Overwrite successful."
12:42:18 INFO  [GH3]: 	}
12:42:18 INFO  [GH3]: }
12:42:18 INFO  [GH3]: {
12:42:18 INFO  [GH3]:   Unknown(0x40c698af) (QTypeQbKey) : 0xed108a91
12:42:18 INFO  [GH3]: }
12:42:24 INFO  [GH3]: {
12:42:24 INFO  [GH3]:   Unknown(0xb30d9965) (QTypeInt) : 0
12:42:24 INFO  [GH3]:   Unknown(0x40c698af) (QTypeQbKey) : 0x1e18f8da
12:42:24 INFO  [GH3]: }
12:42:24 INFO  [GH3]: {
12:42:24 INFO  [GH3]:   Unknown(0xb30d9965) (QTypeInt) : 0
12:42:24 INFO  [GH3]:   Unknown(0x40c698af) (QTypeQbKey) : 0xf01699f6
12:42:24 INFO  [GH3]: }
12:42:24 INFO  [GH3]: {
12:42:24 INFO  [GH3]:   Unknown(0xb30d9965) (QTypeInt) : 0
12:42:24 INFO  [GH3]:   Unknown(0x40c698af) (QTypeQbKey) : 0x17aeb4f1
12:42:24 INFO  [GH3]: }
12:42:28 INFO  [GH3]: {
12:42:28 INFO  [GH3]:   Unknown(0xb30d9965) (QTypeInt) : 0
12:42:28 INFO  [GH3]:   Unknown(0x40c698af) (QTypeQbKey) : 0xf01699f6
12:42:28 INFO  [GH3]: }
12:42:29 INFO  [GH3]: {
12:42:29 INFO  [GH3]:   Unknown(0xb30d9965) (QTypeInt) : 0
12:42:29 INFO  [GH3]:   Unknown(0x40c698af) (QTypeQbKey) : 0x1e18f8da
12:42:29 INFO  [GH3]: }
12:42:29 INFO  [GH3]: {
12:42:29 INFO  [GH3]:   Unknown(0xb30d9965) (QTypeInt) : 0
12:42:29 INFO  [GH3]:   Unknown(0x40c698af) (QTypeQbKey) : 0x1e18f8da
12:42:29 INFO  [GH3]: }
12:42:33 INFO  [GH3]: {
12:42:33 INFO  [GH3]:   Unknown(0xb30d9965) (QTypeInt) : 0
12:42:33 INFO  [GH3]:   Unknown(0x40c698af) (QTypeQbKey) : 0x2c74de1d
12:42:33 INFO  [GH3]: }
12:42:35 INFO  [GH3]: {
12:42:35 INFO  [GH3]:   Unknown(0xb30d9965) (QTypeInt) : 0
12:42:35 INFO  [GH3]:   Unknown(0x40c698af) (QTypeQbKey) : 0x934ddcae
12:42:35 INFO  [GH3]: }
12:42:35 INFO  [GH3]: {
12:42:35 INFO  [GH3]:   Unknown(0xb30d9965) (QTypeInt) : 0
12:42:35 INFO  [GH3]:   Unknown(0x40c698af) (QTypeQbKey) : 0x74f5f1a9
12:42:35 INFO  [GH3]: }
12:42:36 INFO  [GH3]: {
12:42:36 INFO  [GH3]:   Unknown(0xb30d9965) (QTypeInt) : 0
12:42:36 INFO  [GH3]:   Unknown(0x40c698af) (QTypeQbKey) : 0x633548da
12:42:36 INFO  [GH3]: }
12:42:37 INFO  [GH3]: {
12:42:37 INFO  [GH3]:   Unknown(0xb30d9965) (QTypeInt) : 0
12:42:37 INFO  [GH3]:   Unknown(0x40c698af) (QTypeQbKey) : 0x8d3b29f6
12:42:37 INFO  [GH3]: }
12:42:43 INFO  [GH3]: {
12:42:43 INFO  [GH3]:   Unknown(0x40c698af) (QTypeQbKey) : 0x131de0c3
12:42:43 INFO  [GH3]: }
12:42:45 INFO  [GH3]: {
12:42:45 INFO  [GH3]:   Unknown(0xb30d9965) (QTypeInt) : 0
12:42:45 INFO  [GH3]:   Unknown(0x40c698af) (QTypeQbKey) : 0x974374f4
12:42:45 INFO  [GH3]: }
12:42:47 INFO  [GH3]: {
12:42:47 INFO  [GH3]:   Unknown(0x7323e97c) (QTypeQbArray) : Type:"QTypeQbArray" Size:1510060832
12:42:47 INFO  [GH3]: }
