12:12:52 INFO  [Nylon]: Wine was not detected. Assuming we are running on a Windows NT OS Please report this if this detection is an error.
12:12:52 INFO  [Nylon]: Minhook initialized!
12:12:52 INFO  [Nylon]: Setting up default hooks...
12:12:52 INFO  [Nylon]: Hooked function at address: 0x757889E0
12:12:53 INFO  [Nylon]: Hooked function at address: 0x75788320
12:12:53 INFO  [Nylon]: Hooked function at address: 0x75782520
12:12:53 INFO  [Nylon]: Hooked function at address: 0x00530970
12:12:53 INFO  [Nylon]: Hooked function at address: 0x00530940
12:12:53 INFO  [Nylon]: Hooked function at address: 0x004A1780
12:12:53 INFO  [Nylon]: Hooked function at address: 0x00472B50
12:12:53 INFO  [Nylon]: Hooked function at address: 0x0057B940
12:12:53 INFO  [Nylon]: Hooked function at address: 0x00601D30
12:12:53 INFO  [Nylon]: Hooked function at address: 0x0047DFA0
12:12:53 INFO  [Nylon]: Hooked function at address: 0x0057AE20
12:12:53 INFO  [Nylon]: Hooked function at address: 0x00D94EE8
12:12:53 INFO  [Nylon]: Hooked function at address: 0x004A6820
12:12:53 INFO  [Nylon]: Hooked function at address: 0x0047E5B0
12:12:53 INFO  [Nylon]: Finished setting up default hooks.
12:12:53 INFO  [Nylon]: Loading mods...
12:12:53 INFO  [Nylon]: Loading mods from: "C:\Games\Guitar Hero III\nylon\Mods"
12:12:53 INFO  [Nylon]: Checking for: "C:\Games\Guitar Hero III\nylon\Mods\GH3Deluxe\modinfo.json"...
12:12:53 INFO  [Nylon]: Loading...
12:12:53 INFO  [Nylon]: Found mod: gh3dx
12:12:53 INFO  [Nylon]: Finished loading mods.
12:12:53 INFO  [Nylon]: Finished Core Initialization!
12:12:54 INFO  [Nylon]: Expecting: "GH3Deluxe\pak\gh3dx.pak"
12:12:54 INFO  [Nylon]: Found it! Loading...
12:12:54 INFO  [Nylon]: Done!
12:12:55 INFO  [Nylon]: Hooking DirectX 9...
12:12:55 INFO  [Nylon]: Hooked function at address: 0x58706500
12:12:55 INFO  [Nylon]: Hooked function at address: 0x58706120
12:12:55 INFO  [Nylon]: Hooked function at address: 0x7785B040
12:12:55 ERROR [Nylon]: Failed to hook function at address: 0x7785B040 Error Code: 3
12:12:55 INFO  [Nylon]: Finished hooking DirectX 9.
12:12:55 INFO  [Nylon]: Hooked function at address: 0x7785C550
12:12:55 ERROR [Nylon]: Failed to hook function at address: 0x7785C550 Error Code: 3
12:12:55 INFO  [Nylon]: KeyboardSetCooperativeLevel -> 6
12:12:55 INFO  [Nylon]: KeyboardSetCooperativeLevel -> 5
12:14:02 INFO  [GH3]: {
12:14:02 INFO  [GH3]:   Unknown(0x69d0dfaf) (QTypeInt) : 0
12:14:02 INFO  [GH3]:   Unknown(0xd4c98794) (QTypeWString) : "CHECKING..."
12:14:02 INFO  [GH3]:   Unknown(0x26bf66f3) (QTypeQbStruct) : 
12:14:02 INFO  [GH3]: 	{
12:14:02 INFO  [GH3]: 	  Unknown(0xc4745838) (QTypeWString) : "Checking storage device..."
12:14:02 INFO  [GH3]: 	}
12:14:02 INFO  [GH3]: }
12:14:02 INFO  [GH3]: {
12:14:02 INFO  [GH3]:   Unknown(0x69d0dfaf) (QTypeInt) : 0
12:14:02 INFO  [GH3]:   Unknown(0xd4c98794) (QTypeWString) : "SUCCESSFUL"
12:14:02 INFO  [GH3]:   Unknown(0x26bf66f3) (QTypeQbStruct) : 
12:14:02 INFO  [GH3]: 	{
12:14:02 INFO  [GH3]: 	  Unknown(0xc4745838) (QTypeWString) : "Save successful."
12:14:02 INFO  [GH3]: 	}
12:14:02 INFO  [GH3]: }
