12:20:57 INFO  [Nylon]: Wine was not detected. Assuming we are running on a Windows NT OS Please report this if this detection is an error.
12:20:57 INFO  [Nylon]: Minhook initialized!
12:20:57 INFO  [Nylon]: Setting up default hooks...
12:20:57 INFO  [Nylon]: Hooked function at address: 0x764E89E0
12:20:57 INFO  [Nylon]: Hooked function at address: 0x764E8320
12:20:57 INFO  [Nylon]: Hooked function at address: 0x764E2520
12:20:57 INFO  [Nylon]: Hooked function at address: 0x00530970
12:20:57 INFO  [Nylon]: Hooked function at address: 0x00530940
12:20:57 INFO  [Nylon]: Hooked function at address: 0x004A1780
12:20:57 INFO  [Nylon]: Hooked function at address: 0x00472B50
12:20:57 INFO  [Nylon]: Hooked function at address: 0x0057B940
12:20:57 INFO  [Nylon]: Hooked function at address: 0x00601D30
12:20:57 INFO  [Nylon]: Hooked function at address: 0x0047DFA0
12:20:57 INFO  [Nylon]: Hooked function at address: 0x0057AE20
12:20:57 INFO  [Nylon]: Hooked function at address: 0x00D94EE8
12:20:58 INFO  [Nylon]: Hooked function at address: 0x004A6820
12:20:58 INFO  [Nylon]: Hooked function at address: 0x0047E5B0
12:20:58 INFO  [Nylon]: Finished setting up default hooks.
12:20:58 INFO  [Nylon]: Loading mods...
12:20:58 INFO  [Nylon]: Loading mods from: "C:\Games\Guitar Hero III\nylon\Mods"
12:20:58 INFO  [Nylon]: Checking for: "C:\Games\Guitar Hero III\nylon\Mods\GH3Deluxe\modinfo.json"...
12:20:58 INFO  [Nylon]: Loading...
12:20:58 INFO  [Nylon]: Found mod: gh3dx
12:20:58 INFO  [Nylon]: Finished loading mods.
12:20:58 INFO  [Nylon]: Finished Core Initialization!
12:20:58 INFO  [Nylon]: Expecting: "GH3Deluxe\pak\gh3dx.pak"
12:20:58 INFO  [Nylon]: Found it! Loading...
12:20:58 INFO  [Nylon]: Done!
12:20:59 INFO  [Nylon]: Hooking DirectX 9...
12:20:59 INFO  [Nylon]: Hooked function at address: 0x62B66500
12:20:59 INFO  [Nylon]: Hooked function at address: 0x62B66120
12:20:59 INFO  [Nylon]: Hooked function at address: 0x5984B040
12:20:59 ERROR [Nylon]: Failed to hook function at address: 0x5984B040 Error Code: 3
12:20:59 INFO  [Nylon]: Finished hooking DirectX 9.
12:20:59 INFO  [Nylon]: Hooked function at address: 0x5984C550
12:20:59 ERROR [Nylon]: Failed to hook function at address: 0x5984C550 Error Code: 3
12:20:59 INFO  [Nylon]: KeyboardSetCooperativeLevel -> 6
12:20:59 INFO  [Nylon]: KeyboardSetCooperativeLevel -> 5
12:21:31 INFO  [GH3]: {
12:21:31 INFO  [GH3]:   Unknown(0x69d0dfaf) (QTypeInt) : 0
12:21:31 INFO  [GH3]:   Unknown(0xd4c98794) (QTypeWString) : "CHECKING..."
12:21:31 INFO  [GH3]:   Unknown(0x26bf66f3) (QTypeQbStruct) : 
12:21:31 INFO  [GH3]: 	{
12:21:31 INFO  [GH3]: 	  Unknown(0xc4745838) (QTypeWString) : "Checking storage device..."
12:21:31 INFO  [GH3]: 	}
12:21:31 INFO  [GH3]: }
12:21:31 INFO  [GH3]: {
12:21:31 INFO  [GH3]:   Unknown(0x69d0dfaf) (QTypeInt) : 0
12:21:31 INFO  [GH3]:   Unknown(0x26bf66f3) (QTypeQbStruct) : 
12:21:31 INFO  [GH3]: 	{
12:21:31 INFO  [GH3]: 	  Unknown(0xc4745838) (QTypeWString) : "Game content is damaged and cannot be used. Do you want to delete this content? All progress within this save content will be lost."
12:21:31 INFO  [GH3]: 	  Unknown(0x34a68574) (QTypePair) : (800, 500)
12:21:31 INFO  [GH3]: 	  Unknown(0x7f261953) (QTypePair) : (640, 375)
12:21:31 INFO  [GH3]: 	  Unknown(0x13b9da7b) (QTypeFloat) : 0.5
12:21:31 INFO  [GH3]: 	}
12:21:31 INFO  [GH3]:   Unknown(0xe787d761) (QTypePair) : (640, 465)
12:21:31 INFO  [GH3]:   Unknown(0xad8a5a63) (QTypePair) : (256, 64)
12:21:31 INFO  [GH3]:   Unknown(0x2fca0578) (QTypeQbArray) : Type:"QTypeQbArray" Size:1117336016
12:21:31 INFO  [GH3]: }
12:21:31 INFO  [GH3]: {
12:21:31 INFO  [GH3]:   Unknown(0x69d0dfaf) (QTypeInt) : 0
12:21:31 INFO  [GH3]:   Unknown(0xd4c98794) (QTypeWString) : "SUCCESSFUL"
12:21:31 INFO  [GH3]:   Unknown(0x26bf66f3) (QTypeQbStruct) : 
12:21:31 INFO  [GH3]: 	{
12:21:31 INFO  [GH3]: 	  Unknown(0xc4745838) (QTypeWString) : "Load successful."
12:21:31 INFO  [GH3]: 	}
12:21:31 INFO  [GH3]: }
12:21:34 INFO  [GH3]: {
12:21:34 INFO  [GH3]:   Unknown(0x7323e97c) (QTypeQbArray) : Type:"QTypeQbArray" Size:1121285280
12:21:34 INFO  [GH3]: }
12:21:35 INFO  [GH3]: {
12:21:35 INFO  [GH3]:   Unknown(0x40c698af) (QTypeQbKey) : 0xfad85b3f
12:21:35 INFO  [GH3]: }
12:21:36 INFO  [GH3]: {
12:21:36 INFO  [GH3]:   Unknown(0x40c698af) (QTypeQbKey) : 0xed108a91
12:21:36 INFO  [GH3]: }
12:21:36 INFO  [GH3]: {
12:21:36 INFO  [GH3]:   Unknown(0x40c698af) (QTypeQbKey) : 0x31eebbd
12:21:36 INFO  [GH3]: }
12:21:37 INFO  [GH3]: {
12:21:37 INFO  [GH3]:   Unknown(0xb30d9965) (QTypeInt) : 0
12:21:37 INFO  [GH3]:   Unknown(0x40c698af) (QTypeQbKey) : 0x739bcfc2
12:21:37 INFO  [GH3]: }
12:21:37 INFO  [GH3]: {
12:21:37 INFO  [GH3]:   Unknown(0xb30d9965) (QTypeInt) : 0
12:21:37 INFO  [GH3]:   Unknown(0x40c698af) (QTypeQbKey) : 0xaec442e0
12:21:37 INFO  [GH3]: }
12:21:37 INFO  [GH3]: {
12:21:37 INFO  [GH3]:   Unknown(0xb30d9965) (QTypeInt) : 0
12:21:37 INFO  [GH3]:   Unknown(0x40c698af) (QTypeQbKey) : 0x40ca23cc
12:21:37 INFO  [GH3]: }
12:21:37 INFO  [GH3]: {
12:21:37 INFO  [GH3]:   Unknown(0xb30d9965) (QTypeInt) : 0
12:21:37 INFO  [GH3]:   Unknown(0x40c698af) (QTypeQbKey) : 0xa9a986f9
12:21:37 INFO  [GH3]: }
12:21:37 INFO  [GH3]: {
12:21:37 INFO  [GH3]:   Unknown(0xb30d9965) (QTypeInt) : 0
12:21:37 INFO  [GH3]:   Unknown(0x40c698af) (QTypeQbKey) : 0x47a7e7d5
12:21:37 INFO  [GH3]: }
12:21:37 INFO  [GH3]: {
12:21:37 INFO  [GH3]:   Unknown(0xb30d9965) (QTypeInt) : 0
12:21:37 INFO  [GH3]:   Unknown(0x40c698af) (QTypeQbKey) : 0xa01fcad2
12:21:37 INFO  [GH3]: }
12:21:37 INFO  [GH3]: {
12:21:37 INFO  [GH3]:   Unknown(0xb30d9965) (QTypeInt) : 0
12:21:37 INFO  [GH3]:   Unknown(0x40c698af) (QTypeQbKey) : 0xb7df73a1
12:21:37 INFO  [GH3]: }
12:21:37 INFO  [GH3]: {
12:21:37 INFO  [GH3]:   Unknown(0xb30d9965) (QTypeInt) : 0
12:21:37 INFO  [GH3]:   Unknown(0x40c698af) (QTypeQbKey) : 0x59d1128d
12:21:37 INFO  [GH3]: }
12:21:37 INFO  [GH3]: {
12:21:37 INFO  [GH3]:   Unknown(0xb30d9965) (QTypeInt) : 0
12:21:37 INFO  [GH3]:   Unknown(0x40c698af) (QTypeQbKey) : 0xb0b2b7b8
12:21:37 INFO  [GH3]: }
12:21:37 INFO  [GH3]: {
12:21:37 INFO  [GH3]:   Unknown(0xb30d9965) (QTypeInt) : 0
12:21:37 INFO  [GH3]:   Unknown(0x40c698af) (QTypeQbKey) : 0x5ebcd694
12:21:37 INFO  [GH3]: }
12:21:41 INFO  [GH3]: {
12:21:41 INFO  [GH3]:   Unknown(0xb30d9965) (QTypeInt) : 0
12:21:41 INFO  [GH3]:   Unknown(0x40c698af) (QTypeQbKey) : 0x5ebcd694
12:21:41 INFO  [GH3]: }
12:21:41 INFO  [GH3]: {
12:21:41 INFO  [GH3]:   Unknown(0xb30d9965) (QTypeInt) : 0
12:21:41 INFO  [GH3]:   Unknown(0x40c698af) (QTypeQbKey) : 0xb0b2b7b8
12:21:41 INFO  [GH3]: }
12:21:41 INFO  [GH3]: {
12:21:41 INFO  [GH3]:   Unknown(0xb30d9965) (QTypeInt) : 0
12:21:41 INFO  [GH3]:   Unknown(0x40c698af) (QTypeQbKey) : 0x59d1128d
12:21:41 INFO  [GH3]: }
12:21:41 INFO  [GH3]: {
12:21:41 INFO  [GH3]:   Unknown(0xb30d9965) (QTypeInt) : 0
12:21:41 INFO  [GH3]:   Unknown(0x40c698af) (QTypeQbKey) : 0xb7df73a1
12:21:41 INFO  [GH3]: }
12:21:42 INFO  [GH3]: {
12:21:42 INFO  [GH3]:   Unknown(0xb30d9965) (QTypeInt) : 0
12:21:42 INFO  [GH3]:   Unknown(0x40c698af) (QTypeQbKey) : 0xa01fcad2
12:21:42 INFO  [GH3]: }
12:21:42 INFO  [GH3]: {
12:21:42 INFO  [GH3]:   Unknown(0xb30d9965) (QTypeInt) : 0
12:21:42 INFO  [GH3]:   Unknown(0x40c698af) (QTypeQbKey) : 0x47a7e7d5
12:21:42 INFO  [GH3]: }
12:21:42 INFO  [GH3]: {
12:21:42 INFO  [GH3]:   Unknown(0xb30d9965) (QTypeInt) : 0
12:21:42 INFO  [GH3]:   Unknown(0x40c698af) (QTypeQbKey) : 0xa9a986f9
12:21:42 INFO  [GH3]: }
12:21:42 INFO  [GH3]: {
12:21:42 INFO  [GH3]:   Unknown(0xb30d9965) (QTypeInt) : 0
12:21:42 INFO  [GH3]:   Unknown(0x40c698af) (QTypeQbKey) : 0x40ca23cc
12:21:42 INFO  [GH3]: }
12:21:42 INFO  [GH3]: {
12:21:42 INFO  [GH3]:   Unknown(0xb30d9965) (QTypeInt) : 0
12:21:42 INFO  [GH3]:   Unknown(0x40c698af) (QTypeQbKey) : 0xaec442e0
12:21:42 INFO  [GH3]: }
12:21:42 INFO  [GH3]: {
12:21:42 INFO  [GH3]:   Unknown(0xb30d9965) (QTypeInt) : 0
12:21:42 INFO  [GH3]:   Unknown(0x40c698af) (QTypeQbKey) : 0x739bcfc2
12:21:42 INFO  [GH3]: }
12:21:42 INFO  [GH3]: {
12:21:42 INFO  [GH3]:   Unknown(0xb30d9965) (QTypeInt) : 0
12:21:42 INFO  [GH3]:   Unknown(0x40c698af) (QTypeQbKey) : 0xe324d253
12:21:42 INFO  [GH3]: }
12:21:42 INFO  [GH3]: {
12:21:42 INFO  [GH3]:   Unknown(0xb30d9965) (QTypeInt) : 0
12:21:42 INFO  [GH3]:   Unknown(0x40c698af) (QTypeQbKey) : 0xe324d253
12:21:42 INFO  [GH3]: }
12:21:42 INFO  [GH3]: {
12:21:42 INFO  [GH3]:   Unknown(0xb30d9965) (QTypeInt) : 0
12:21:42 INFO  [GH3]:   Unknown(0x40c698af) (QTypeQbKey) : 0x739bcfc2
12:21:42 INFO  [GH3]: }
12:21:43 INFO  [GH3]: {
12:21:43 INFO  [GH3]:   Unknown(0xb30d9965) (QTypeInt) : 0
12:21:43 INFO  [GH3]:   Unknown(0x40c698af) (QTypeQbKey) : 0xaec442e0
12:21:43 INFO  [GH3]: }
12:21:43 INFO  [GH3]: {
12:21:43 INFO  [GH3]:   Unknown(0xb30d9965) (QTypeInt) : 0
12:21:43 INFO  [GH3]:   Unknown(0x40c698af) (QTypeQbKey) : 0x40ca23cc
12:21:43 INFO  [GH3]: }
12:21:43 INFO  [GH3]: {
12:21:43 INFO  [GH3]:   Unknown(0xb30d9965) (QTypeInt) : 0
12:21:43 INFO  [GH3]:   Unknown(0x40c698af) (QTypeQbKey) : 0xa9a986f9
12:21:43 INFO  [GH3]: }
12:21:43 INFO  [GH3]: {
12:21:43 INFO  [GH3]:   Unknown(0xb30d9965) (QTypeInt) : 0
12:21:43 INFO  [GH3]:   Unknown(0x40c698af) (QTypeQbKey) : 0x47a7e7d5
12:21:43 INFO  [GH3]: }
12:21:43 INFO  [GH3]: {
12:21:43 INFO  [GH3]:   Unknown(0xb30d9965) (QTypeInt) : 0
12:21:43 INFO  [GH3]:   Unknown(0x40c698af) (QTypeQbKey) : 0xa01fcad2
12:21:43 INFO  [GH3]: }
12:21:43 INFO  [GH3]: {
12:21:43 INFO  [GH3]:   Unknown(0xb30d9965) (QTypeInt) : 0
12:21:43 INFO  [GH3]:   Unknown(0x40c698af) (QTypeQbKey) : 0xb7df73a1
12:21:43 INFO  [GH3]: }
12:21:43 INFO  [GH3]: {
12:21:43 INFO  [GH3]:   Unknown(0xb30d9965) (QTypeInt) : 0
12:21:43 INFO  [GH3]:   Unknown(0x40c698af) (QTypeQbKey) : 0x59d1128d
12:21:43 INFO  [GH3]: }
12:21:43 INFO  [GH3]: {
12:21:43 INFO  [GH3]:   Unknown(0xb30d9965) (QTypeInt) : 0
12:21:43 INFO  [GH3]:   Unknown(0x40c698af) (QTypeQbKey) : 0xb0b2b7b8
12:21:43 INFO  [GH3]: }
12:21:44 INFO  [GH3]: {
12:21:44 INFO  [GH3]:   Unknown(0xb30d9965) (QTypeInt) : 0
12:21:44 INFO  [GH3]:   Unknown(0x40c698af) (QTypeQbKey) : 0x5ebcd694
12:21:44 INFO  [GH3]: }
12:21:44 INFO  [GH3]: {
12:21:44 INFO  [GH3]:   Unknown(0xb30d9965) (QTypeInt) : 0
12:21:44 INFO  [GH3]:   Unknown(0x40c698af) (QTypeQbKey) : 0xb904fb93
12:21:44 INFO  [GH3]: }
12:21:44 INFO  [GH3]: {
12:21:44 INFO  [GH3]:   Unknown(0xb30d9965) (QTypeInt) : 0
12:21:44 INFO  [GH3]:   Unknown(0x40c698af) (QTypeQbKey) : 0x9cf22062
12:21:44 INFO  [GH3]: }
12:21:44 INFO  [GH3]: {
12:21:44 INFO  [GH3]:   Unknown(0xb30d9965) (QTypeInt) : 0
12:21:44 INFO  [GH3]:   Unknown(0x40c698af) (QTypeQbKey) : 0x9cf22062
12:21:44 INFO  [GH3]: }
12:21:44 INFO  [GH3]: {
12:21:44 INFO  [GH3]:   Unknown(0xb30d9965) (QTypeInt) : 0
12:21:44 INFO  [GH3]:   Unknown(0x40c698af) (QTypeQbKey) : 0x9cf22062
12:21:44 INFO  [GH3]: }
12:21:44 INFO  [GH3]: {
12:21:44 INFO  [GH3]:   Unknown(0xb30d9965) (QTypeInt) : 0
12:21:44 INFO  [GH3]:   Unknown(0x40c698af) (QTypeQbKey) : 0x9cf22062
12:21:44 INFO  [GH3]: }
12:21:44 INFO  [GH3]: {
12:21:44 INFO  [GH3]:   Unknown(0xb30d9965) (QTypeInt) : 0
12:21:44 INFO  [GH3]:   Unknown(0x40c698af) (QTypeQbKey) : 0x9cf22062
12:21:44 INFO  [GH3]: }
12:21:44 INFO  [GH3]: {
12:21:44 INFO  [GH3]:   Unknown(0xb30d9965) (QTypeInt) : 0
12:21:44 INFO  [GH3]:   Unknown(0x40c698af) (QTypeQbKey) : 0xce03cb05
12:21:44 INFO  [GH3]: }
12:21:45 INFO  [GH3]: {
12:21:45 INFO  [GH3]:   Unknown(0xb30d9965) (QTypeInt) : 0
12:21:45 INFO  [GH3]:   Unknown(0x40c698af) (QTypeQbKey) : 0x29bbe602
12:21:45 INFO  [GH3]: }
12:21:58 INFO  [GH3]: {
12:21:58 INFO  [GH3]:   Unknown(0x83aaa1a0) (QTypeQbKey) : 0xeb323e20
12:21:58 INFO  [GH3]:   Unknown(0xdb616875) (QTypeInt) : 5
12:21:58 INFO  [GH3]:   Unknown(0xd8f1a5c6) (QTypeQbKey) : 0x975a3c68
12:21:58 INFO  [GH3]:   Unknown(0xb7822ed8) (QTypeInt) : 4294967295
12:21:58 INFO  [GH3]:   Unknown(0xcc12115e) (QTypeQbKey) : 0x806fff30
12:21:58 INFO  [GH3]:   Unknown(0x8a4c762d) (QTypeQbKey) : 0x806fff30
12:21:58 INFO  [GH3]: }
12:21:58 INFO  [GH3]: {
12:21:58 INFO  [GH3]:   Unknown(0x00000000) (QTypeQbKey) : 0x6086aa70
12:21:58 INFO  [GH3]:   Unknown(0x520c0c9c) (QTypeQbKey) : 0x806fff30
12:21:58 INFO  [GH3]:   Unknown(0x26861025) (QTypeQbKey) : 0x0000
12:21:58 INFO  [GH3]:   Unknown(0xec953eec) (QTypeInt) : 0
12:21:58 INFO  [GH3]: }
12:21:58 INFO  [GH3]: {
12:21:58 INFO  [GH3]:   Unknown(0x83aaa1a0) (QTypeQbKey) : 0xeb323e20
12:21:58 INFO  [GH3]:   Unknown(0xdb616875) (QTypeInt) : 5
12:21:58 INFO  [GH3]:   Unknown(0xd8f1a5c6) (QTypeQbKey) : 0x975a3c68
12:21:58 INFO  [GH3]:   Unknown(0xb7822ed8) (QTypeInt) : 4294967295
12:21:58 INFO  [GH3]:   Unknown(0xcc12115e) (QTypeQbKey) : 0x806fff30
12:21:58 INFO  [GH3]:   Unknown(0x8a4c762d) (QTypeQbKey) : 0x806fff30
12:21:58 INFO  [GH3]: }
12:21:59 INFO  [GH3]: {
12:21:59 INFO  [GH3]:   Unknown(0x00000000) (QTypeQbKey) : 0xff03cc4e
12:21:59 INFO  [GH3]:   Unknown(0x520c0c9c) (QTypeQbKey) : 0x806fff30
12:21:59 INFO  [GH3]:   Unknown(0x26861025) (QTypeQbKey) : 0x0000
12:21:59 INFO  [GH3]:   Unknown(0xec953eec) (QTypeInt) : 0
12:21:59 INFO  [GH3]: }
12:21:59 INFO  [GH3]: {
12:21:59 INFO  [GH3]:   Unknown(0x00000000) (QTypeQbKey) : 0xff03cc4e
12:21:59 INFO  [GH3]:   Unknown(0x520c0c9c) (QTypeQbKey) : 0x806fff30
12:21:59 INFO  [GH3]:   Unknown(0x26861025) (QTypeQbKey) : 0x0000
12:21:59 INFO  [GH3]:   Unknown(0xec953eec) (QTypeInt) : 0
12:21:59 INFO  [GH3]: }
12:21:59 INFO  [GH3]: {
12:21:59 INFO  [GH3]:   Unknown(0x00000000) (QTypeQbKey) : 0xff03cc4e
12:21:59 INFO  [GH3]:   Unknown(0x520c0c9c) (QTypeQbKey) : 0x806fff30
12:21:59 INFO  [GH3]:   Unknown(0x26861025) (QTypeQbKey) : 0x0000
12:21:59 INFO  [GH3]:   Unknown(0xec953eec) (QTypeInt) : 0
12:21:59 INFO  [GH3]: }
12:21:59 INFO  [GH3]: {
12:21:59 INFO  [GH3]:   Unknown(0x00000000) (QTypeQbKey) : 0xff03cc4e
12:21:59 INFO  [GH3]:   Unknown(0x520c0c9c) (QTypeQbKey) : 0x806fff30
12:21:59 INFO  [GH3]:   Unknown(0x26861025) (QTypeQbKey) : 0x0000
12:21:59 INFO  [GH3]:   Unknown(0xec953eec) (QTypeInt) : 0
12:21:59 INFO  [GH3]: }
12:21:59 INFO  [GH3]: {
12:21:59 INFO  [GH3]:   Unknown(0x00000000) (QTypeQbKey) : 0xff03cc4e
12:21:59 INFO  [GH3]:   Unknown(0x520c0c9c) (QTypeQbKey) : 0x806fff30
12:21:59 INFO  [GH3]:   Unknown(0x26861025) (QTypeQbKey) : 0x0000
12:21:59 INFO  [GH3]:   Unknown(0xec953eec) (QTypeInt) : 0
12:21:59 INFO  [GH3]: }
12:21:59 INFO  [GH3]: {
12:21:59 INFO  [GH3]:   Unknown(0x00000000) (QTypeQbKey) : 0xff03cc4e
12:21:59 INFO  [GH3]:   Unknown(0x520c0c9c) (QTypeQbKey) : 0x806fff30
12:21:59 INFO  [GH3]:   Unknown(0x26861025) (QTypeQbKey) : 0x0000
12:21:59 INFO  [GH3]:   Unknown(0xec953eec) (QTypeInt) : 0
12:21:59 INFO  [GH3]: }
12:21:59 INFO  [GH3]: {
12:21:59 INFO  [GH3]:   Unknown(0x00000000) (QTypeQbKey) : 0xff03cc4e
12:21:59 INFO  [GH3]:   Unknown(0x520c0c9c) (QTypeQbKey) : 0x806fff30
12:21:59 INFO  [GH3]:   Unknown(0x26861025) (QTypeQbKey) : 0x0000
12:21:59 INFO  [GH3]:   Unknown(0xec953eec) (QTypeInt) : 0
12:21:59 INFO  [GH3]: }
12:21:59 INFO  [GH3]: {
12:21:59 INFO  [GH3]:   Unknown(0x00000000) (QTypeQbKey) : 0xff03cc4e
12:21:59 INFO  [GH3]:   Unknown(0x520c0c9c) (QTypeQbKey) : 0x806fff30
12:21:59 INFO  [GH3]:   Unknown(0x26861025) (QTypeQbKey) : 0x0000
12:21:59 INFO  [GH3]:   Unknown(0xec953eec) (QTypeInt) : 0
12:21:59 INFO  [GH3]: }
12:21:59 INFO  [GH3]: {
12:21:59 INFO  [GH3]:   Unknown(0x00000000) (QTypeQbKey) : 0xff03cc4e
12:21:59 INFO  [GH3]:   Unknown(0x520c0c9c) (QTypeQbKey) : 0x806fff30
12:21:59 INFO  [GH3]:   Unknown(0x26861025) (QTypeQbKey) : 0x0000
12:21:59 INFO  [GH3]:   Unknown(0xec953eec) (QTypeInt) : 0
12:21:59 INFO  [GH3]: }
12:22:00 INFO  [GH3]: {
12:22:00 INFO  [GH3]:   Unknown(0x00000000) (QTypeQbKey) : 0xff03cc4e
12:22:00 INFO  [GH3]:   Unknown(0x520c0c9c) (QTypeQbKey) : 0x806fff30
12:22:00 INFO  [GH3]:   Unknown(0x26861025) (QTypeQbKey) : 0x0000
12:22:00 INFO  [GH3]:   Unknown(0xec953eec) (QTypeInt) : 0
12:22:00 INFO  [GH3]: }
12:22:00 INFO  [GH3]: {
12:22:00 INFO  [GH3]:   Unknown(0x2e41f796) (QTypeInt) : 8000
12:22:00 INFO  [GH3]: }
12:24:40 INFO  [GH3]: {
12:24:40 INFO  [GH3]:   Unknown(0x0056e74f) (QTypeInt) : 369569
12:24:40 INFO  [GH3]:   Unknown(0xc729c881) (QTypeInt) : 41
12:24:40 INFO  [GH3]:   Unknown(0x7f5b3d4d) (QTypeInt) : 4
12:24:40 INFO  [GH3]:   Unknown(0xf259859d) (QTypeInt) : 1
12:24:40 INFO  [GH3]:   Unknown(0x818af862) (QTypeCString) : "medium"
12:24:40 INFO  [GH3]:   Unknown(0x6a3568fb) (QTypeCString) : "avengedsevenfold-demons"
12:24:40 INFO  [GH3]:   Unknown(0xa377ee84) (QTypeQbKey) : 0x3bf9b669
12:24:40 INFO  [GH3]:   Unknown(0xf4a6c8b2) (QTypeInt) : 0
12:24:40 INFO  [GH3]:   Unknown(0xb18dfcaa) (QTypeInt) : 0
12:24:40 INFO  [GH3]: }
12:24:40 INFO  [GH3]: {
12:24:40 INFO  [GH3]:   Unknown(0x0056e74f) (QTypeInt) : 369569
12:24:40 INFO  [GH3]:   Unknown(0xc729c881) (QTypeInt) : 41
12:24:40 INFO  [GH3]:   Unknown(0x7f5b3d4d) (QTypeInt) : 4
12:24:40 INFO  [GH3]:   Unknown(0xf259859d) (QTypeInt) : 3
12:24:40 INFO  [GH3]:   Unknown(0x818af862) (QTypeCString) : "expert"
12:24:40 INFO  [GH3]:   Unknown(0x6a3568fb) (QTypeCString) : "avengedsevenfold-demons"
12:24:40 INFO  [GH3]:   Unknown(0xa377ee84) (QTypeQbKey) : 0xb291609c
12:24:40 INFO  [GH3]:   Unknown(0xf4a6c8b2) (QTypeInt) : 1
12:24:40 INFO  [GH3]:   Unknown(0xb18dfcaa) (QTypeInt) : 1
12:24:40 INFO  [GH3]: }
12:24:45 INFO  [GH3]: {
12:24:45 INFO  [GH3]:   Unknown(0x69d0dfaf) (QTypeInt) : 0
12:24:45 INFO  [GH3]:   Unknown(0x26bf66f3) (QTypeQbStruct) : 
12:24:45 INFO  [GH3]: 	{
12:24:45 INFO  [GH3]: 	  Unknown(0xc4745838) (QTypeStringPointer) : (not implemented, please report this to Vultu with your code!)
12:24:45 INFO  [GH3]: 	}
12:24:45 INFO  [GH3]:   Unknown(0xe787d761) (QTypePair) : (640, 490)
12:24:45 INFO  [GH3]:   Unknown(0xad8a5a63) (QTypePair) : (288, 64)
12:24:45 INFO  [GH3]:   Unknown(0x2fca0578) (QTypeQbArray) : Type:"QTypeQbArray" Size:1390815216
12:24:45 INFO  [GH3]: }
