12:39:52 INFO  [Nylon]: Wine was not detected. Assuming we are running on a Windows NT OS Please report this if this detection is an error.
12:39:52 INFO  [Nylon]: Minhook initialized!
12:39:52 INFO  [Nylon]: Setting up default hooks...
12:39:52 INFO  [Nylon]: Hooked function at address: 0x764E89E0
12:39:52 INFO  [Nylon]: Hooked function at address: 0x764E8320
12:39:52 INFO  [Nylon]: Hooked function at address: 0x764E2520
12:39:52 INFO  [Nylon]: Hooked function at address: 0x00530970
12:39:52 INFO  [Nylon]: Hooked function at address: 0x00530940
12:39:52 INFO  [Nylon]: Hooked function at address: 0x004A1780
12:39:52 INFO  [Nylon]: Hooked function at address: 0x00472B50
12:39:52 INFO  [Nylon]: Hooked function at address: 0x0057B940
12:39:52 INFO  [Nylon]: Hooked function at address: 0x00601D30
12:39:52 INFO  [Nylon]: Hooked function at address: 0x0047DFA0
12:39:52 INFO  [Nylon]: Hooked function at address: 0x0057AE20
12:39:52 INFO  [Nylon]: Hooked function at address: 0x00D94EE8
12:39:52 INFO  [Nylon]: Hooked function at address: 0x004A6820
12:39:52 INFO  [Nylon]: Hooked function at address: 0x0047E5B0
12:39:52 INFO  [Nylon]: Finished setting up default hooks.
12:39:52 INFO  [Nylon]: Loading mods...
12:39:52 INFO  [Nylon]: Loading mods from: "C:\Games\Guitar Hero III\nylon\Mods"
12:39:52 INFO  [Nylon]: Checking for: "C:\Games\Guitar Hero III\nylon\Mods\GH3Deluxe\modinfo.json"...
12:39:52 INFO  [Nylon]: Loading...
12:39:52 INFO  [Nylon]: Found mod: gh3dx
12:39:52 INFO  [Nylon]: Finished loading mods.
12:39:52 INFO  [Nylon]: Finished Core Initialization!
12:39:53 INFO  [Nylon]: Expecting: "GH3Deluxe\pak\gh3dx.pak"
12:39:53 INFO  [Nylon]: Found it! Loading...
12:39:53 INFO  [Nylon]: Done!
12:39:53 INFO  [Nylon]: Hooking DirectX 9...
12:39:53 INFO  [Nylon]: Hooked function at address: 0x62B66500
12:39:53 INFO  [Nylon]: Hooked function at address: 0x62B66120
12:39:53 INFO  [Nylon]: Hooked function at address: 0x5984B040
12:39:53 ERROR [Nylon]: Failed to hook function at address: 0x5984B040 Error Code: 3
12:39:53 INFO  [Nylon]: Finished hooking DirectX 9.
12:39:53 INFO  [Nylon]: Hooked function at address: 0x5984C550
12:39:53 ERROR [Nylon]: Failed to hook function at address: 0x5984C550 Error Code: 3
12:39:53 INFO  [Nylon]: KeyboardSetCooperativeLevel -> 6
12:39:53 INFO  [Nylon]: KeyboardSetCooperativeLevel -> 5
12:39:56 INFO  [GH3]: {
12:39:56 INFO  [GH3]:   Unknown(0x69d0dfaf) (QTypeInt) : 0
12:39:56 INFO  [GH3]:   Unknown(0xd4c98794) (QTypeWString) : "CHECKING..."
12:39:56 INFO  [GH3]:   Unknown(0x26bf66f3) (QTypeQbStruct) : 
12:39:56 INFO  [GH3]: 	{
12:39:56 INFO  [GH3]: 	  Unknown(0xc4745838) (QTypeWString) : "Checking storage device..."
12:39:56 INFO  [GH3]: 	}
12:39:56 INFO  [GH3]: }
12:39:56 INFO  [GH3]: {
12:39:56 INFO  [GH3]:   Unknown(0x69d0dfaf) (QTypeInt) : 0
12:39:56 INFO  [GH3]:   Unknown(0xd4c98794) (QTypeWString) : "SUCCESSFUL"
12:39:56 INFO  [GH3]:   Unknown(0x26bf66f3) (QTypeQbStruct) : 
12:39:56 INFO  [GH3]: 	{
12:39:56 INFO  [GH3]: 	  Unknown(0xc4745838) (QTypeWString) : "Load successful."
12:39:56 INFO  [GH3]: 	}
12:39:56 INFO  [GH3]: }
12:39:57 INFO  [GH3]: {
12:39:57 INFO  [GH3]:   Unknown(0x7323e97c) (QTypeQbArray) : Type:"QTypeQbArray" Size:1120453520
12:39:57 INFO  [GH3]: }
12:39:58 INFO  [GH3]: {
12:39:58 INFO  [GH3]:   Unknown(0x40c698af) (QTypeQbKey) : 0x87899f29
12:39:58 INFO  [GH3]: }
12:39:59 INFO  [GH3]: {
12:39:59 INFO  [GH3]:   Unknown(0x40c698af) (QTypeQbKey) : 0xed108a91
12:39:59 INFO  [GH3]: }
12:39:59 INFO  [GH3]: {
12:39:59 INFO  [GH3]:   Unknown(0x40c698af) (QTypeQbKey) : 0x31eebbd
12:39:59 INFO  [GH3]: }
12:39:59 INFO  [GH3]: {
12:39:59 INFO  [GH3]:   Unknown(0xb30d9965) (QTypeInt) : 0
12:39:59 INFO  [GH3]:   Unknown(0x40c698af) (QTypeQbKey) : 0x3324032d
12:39:59 INFO  [GH3]: }
12:39:59 INFO  [GH3]: {
12:39:59 INFO  [GH3]:   Unknown(0xb30d9965) (QTypeInt) : 0
12:39:59 INFO  [GH3]:   Unknown(0x40c698af) (QTypeQbKey) : 0xd49c2e2a
12:39:59 INFO  [GH3]: }
12:39:59 INFO  [GH3]: {
12:39:59 INFO  [GH3]:   Unknown(0xb30d9965) (QTypeInt) : 0
12:39:59 INFO  [GH3]:   Unknown(0x40c698af) (QTypeQbKey) : 0xc35c9759
12:39:59 INFO  [GH3]: }
12:39:59 INFO  [GH3]: {
12:39:59 INFO  [GH3]:   Unknown(0xb30d9965) (QTypeInt) : 0
12:39:59 INFO  [GH3]:   Unknown(0x40c698af) (QTypeQbKey) : 0x2d52f675
12:39:59 INFO  [GH3]: }
12:39:59 INFO  [GH3]: {
12:39:59 INFO  [GH3]:   Unknown(0xb30d9965) (QTypeInt) : 0
12:39:59 INFO  [GH3]:   Unknown(0x40c698af) (QTypeQbKey) : 0xc4315340
12:39:59 INFO  [GH3]: }
12:39:59 INFO  [GH3]: {
12:39:59 INFO  [GH3]:   Unknown(0xb30d9965) (QTypeInt) : 0
12:39:59 INFO  [GH3]:   Unknown(0x40c698af) (QTypeQbKey) : 0x2a3f326c
12:39:59 INFO  [GH3]: }
12:39:59 INFO  [GH3]: {
12:39:59 INFO  [GH3]:   Unknown(0xb30d9965) (QTypeInt) : 0
12:39:59 INFO  [GH3]:   Unknown(0x40c698af) (QTypeQbKey) : 0xcd871f6b
12:39:59 INFO  [GH3]: }
12:39:59 INFO  [GH3]: {
12:39:59 INFO  [GH3]:   Unknown(0xb30d9965) (QTypeInt) : 0
12:39:59 INFO  [GH3]:   Unknown(0x40c698af) (QTypeQbKey) : 0xe871c49a
12:39:59 INFO  [GH3]: }
12:39:59 INFO  [GH3]: {
12:39:59 INFO  [GH3]:   Unknown(0xb30d9965) (QTypeInt) : 0
12:39:59 INFO  [GH3]:   Unknown(0x40c698af) (QTypeQbKey) : 0x67fa5b6
12:39:59 INFO  [GH3]: }
12:39:59 INFO  [GH3]: {
12:39:59 INFO  [GH3]:   Unknown(0xb30d9965) (QTypeInt) : 0
12:39:59 INFO  [GH3]:   Unknown(0x40c698af) (QTypeQbKey) : 0xef1c0083
12:39:59 INFO  [GH3]: }
12:40:00 INFO  [GH3]: {
12:40:00 INFO  [GH3]:   Unknown(0x83aaa1a0) (QTypeQbKey) : 0xeb323e20
12:40:00 INFO  [GH3]:   Unknown(0xdb616875) (QTypeInt) : 5
12:40:00 INFO  [GH3]:   Unknown(0xd8f1a5c6) (QTypeQbKey) : 0x975a3c68
12:40:00 INFO  [GH3]:   Unknown(0xb7822ed8) (QTypeInt) : 4
12:40:00 INFO  [GH3]:   Unknown(0xcc12115e) (QTypeQbKey) : 0x85a73ac6
12:40:00 INFO  [GH3]:   Unknown(0x8a4c762d) (QTypeQbKey) : 0x9556b97f
12:40:00 INFO  [GH3]: }
12:40:00 INFO  [GH3]: {
12:40:00 INFO  [GH3]:   Unknown(0x00000000) (QTypeQbKey) : 0xff03cc4e
12:40:00 INFO  [GH3]:   Unknown(0x520c0c9c) (QTypeQbKey) : 0x806fff30
12:40:00 INFO  [GH3]:   Unknown(0x26861025) (QTypeQbKey) : 0x0000
12:40:00 INFO  [GH3]:   Unknown(0xec953eec) (QTypeInt) : 0
12:40:00 INFO  [GH3]: }
12:40:00 INFO  [GH3]: {
12:40:00 INFO  [GH3]:   Unknown(0x83aaa1a0) (QTypeQbKey) : 0xeb323e20
12:40:00 INFO  [GH3]:   Unknown(0xdb616875) (QTypeInt) : 5
12:40:00 INFO  [GH3]:   Unknown(0xd8f1a5c6) (QTypeQbKey) : 0x975a3c68
12:40:00 INFO  [GH3]:   Unknown(0xb7822ed8) (QTypeInt) : 4
12:40:00 INFO  [GH3]:   Unknown(0xcc12115e) (QTypeQbKey) : 0x85a73ac6
12:40:00 INFO  [GH3]:   Unknown(0x8a4c762d) (QTypeQbKey) : 0x9556b97f
12:40:00 INFO  [GH3]: }
12:40:00 INFO  [GH3]: {
12:40:00 INFO  [GH3]:   Unknown(0x7321a8d6) (QTypeQbKey) : 0xe5fa3adf
12:40:00 INFO  [GH3]: }
12:40:00 INFO  [GH3]: {
12:40:00 INFO  [GH3]:   Unknown(0x00000000) (QTypeQbKey) : 0x6086aa70
12:40:00 INFO  [GH3]:   Unknown(0x520c0c9c) (QTypeQbKey) : 0x806fff30
12:40:00 INFO  [GH3]:   Unknown(0x26861025) (QTypeQbKey) : 0x0000
12:40:00 INFO  [GH3]:   Unknown(0xec953eec) (QTypeInt) : 0
12:40:00 INFO  [GH3]: }
12:40:00 INFO  [GH3]: {
12:40:00 INFO  [GH3]:   Unknown(0x00000000) (QTypeQbKey) : 0x6086aa70
12:40:00 INFO  [GH3]:   Unknown(0x520c0c9c) (QTypeQbKey) : 0x806fff30
12:40:00 INFO  [GH3]:   Unknown(0x26861025) (QTypeQbKey) : 0x0000
12:40:00 INFO  [GH3]:   Unknown(0xec953eec) (QTypeInt) : 0
12:40:00 INFO  [GH3]: }
12:40:00 INFO  [GH3]: {
12:40:00 INFO  [GH3]:   Unknown(0x00000000) (QTypeQbKey) : 0x6086aa70
12:40:00 INFO  [GH3]:   Unknown(0x520c0c9c) (QTypeQbKey) : 0x806fff30
12:40:00 INFO  [GH3]:   Unknown(0x26861025) (QTypeQbKey) : 0x0000
12:40:00 INFO  [GH3]:   Unknown(0xec953eec) (QTypeInt) : 0
12:40:00 INFO  [GH3]: }
12:40:00 INFO  [GH3]: {
12:40:00 INFO  [GH3]:   Unknown(0x00000000) (QTypeQbKey) : 0x6086aa70
12:40:00 INFO  [GH3]:   Unknown(0x520c0c9c) (QTypeQbKey) : 0x806fff30
12:40:00 INFO  [GH3]:   Unknown(0x26861025) (QTypeQbKey) : 0x0000
12:40:00 INFO  [GH3]:   Unknown(0xec953eec) (QTypeInt) : 0
12:40:00 INFO  [GH3]: }
12:40:00 INFO  [GH3]: {
12:40:00 INFO  [GH3]:   Unknown(0x00000000) (QTypeQbKey) : 0x6086aa70
12:40:00 INFO  [GH3]:   Unknown(0x520c0c9c) (QTypeQbKey) : 0x806fff30
12:40:00 INFO  [GH3]:   Unknown(0x26861025) (QTypeQbKey) : 0x0000
12:40:00 INFO  [GH3]:   Unknown(0xec953eec) (QTypeInt) : 0
12:40:00 INFO  [GH3]: }
12:40:01 INFO  [GH3]: {
12:40:01 INFO  [GH3]:   Unknown(0x00000000) (QTypeQbKey) : 0x6086aa70
12:40:01 INFO  [GH3]:   Unknown(0x520c0c9c) (QTypeQbKey) : 0x806fff30
12:40:01 INFO  [GH3]:   Unknown(0x26861025) (QTypeQbKey) : 0x0000
12:40:01 INFO  [GH3]:   Unknown(0xec953eec) (QTypeInt) : 0
12:40:01 INFO  [GH3]: }
12:40:01 INFO  [GH3]: {
12:40:01 INFO  [GH3]:   Unknown(0x00000000) (QTypeQbKey) : 0x6086aa70
12:40:01 INFO  [GH3]:   Unknown(0x520c0c9c) (QTypeQbKey) : 0x806fff30
12:40:01 INFO  [GH3]:   Unknown(0x26861025) (QTypeQbKey) : 0x0000
12:40:01 INFO  [GH3]:   Unknown(0xec953eec) (QTypeInt) : 0
12:40:01 INFO  [GH3]: }
12:40:01 INFO  [GH3]: {
12:40:01 INFO  [GH3]:   Unknown(0x00000000) (QTypeQbKey) : 0x6086aa70
12:40:01 INFO  [GH3]:   Unknown(0x520c0c9c) (QTypeQbKey) : 0x806fff30
12:40:01 INFO  [GH3]:   Unknown(0x26861025) (QTypeQbKey) : 0x0000
12:40:01 INFO  [GH3]:   Unknown(0xec953eec) (QTypeInt) : 0
12:40:01 INFO  [GH3]: }
12:40:01 INFO  [GH3]: {
12:40:01 INFO  [GH3]:   Unknown(0x00000000) (QTypeQbKey) : 0x6086aa70
12:40:01 INFO  [GH3]:   Unknown(0x520c0c9c) (QTypeQbKey) : 0x806fff30
12:40:01 INFO  [GH3]:   Unknown(0x26861025) (QTypeQbKey) : 0x0000
12:40:01 INFO  [GH3]:   Unknown(0xec953eec) (QTypeInt) : 0
12:40:01 INFO  [GH3]: }
12:40:01 INFO  [GH3]: {
12:40:01 INFO  [GH3]:   Unknown(0x00000000) (QTypeQbKey) : 0x6086aa70
12:40:01 INFO  [GH3]:   Unknown(0x520c0c9c) (QTypeQbKey) : 0x806fff30
12:40:01 INFO  [GH3]:   Unknown(0x26861025) (QTypeQbKey) : 0x0000
12:40:01 INFO  [GH3]:   Unknown(0xec953eec) (QTypeInt) : 0
12:40:01 INFO  [GH3]: }
12:40:02 INFO  [GH3]: {
12:40:02 INFO  [GH3]:   Unknown(0x26bf66f3) (QTypeQbStruct) : 
12:40:02 INFO  [GH3]: 	{
12:40:02 INFO  [GH3]: 	  Unknown(0xc4745838) (QTypeWString) : "You will lose all unsaved progress if you restart. Are you sure you want to restart this song?"
12:40:02 INFO  [GH3]: 	  Unknown(0x34a68574) (QTypePair) : (600, 400)
12:40:02 INFO  [GH3]: 	  Unknown(0x13b9da7b) (QTypeFloat) : 0.6
12:40:02 INFO  [GH3]: 	}
12:40:02 INFO  [GH3]:   Unknown(0x69d0dfaf) (QTypeInt) : 0
12:40:02 INFO  [GH3]:   Unknown(0x00000000) (QTypeQbKey) : 0xeafc692e
12:40:02 INFO  [GH3]:   Unknown(0xe787d761) (QTypePair) : (640, 480)
12:40:02 INFO  [GH3]:   Unknown(0xad8a5a63) (QTypePair) : (600, 80)
12:40:02 INFO  [GH3]:   Unknown(0x2fca0578) (QTypeQbArray) : Type:"QTypeQbArray" Size:1406233456
12:40:02 INFO  [GH3]: }
12:40:02 INFO  [GH3]: {
12:40:02 INFO  [GH3]:   Unknown(0x83aaa1a0) (QTypeQbKey) : 0xeb323e20
12:40:02 INFO  [GH3]:   Unknown(0xdb616875) (QTypeInt) : 5
12:40:02 INFO  [GH3]:   Unknown(0xd8f1a5c6) (QTypeQbKey) : 0x975a3c68
12:40:02 INFO  [GH3]:   Unknown(0xb7822ed8) (QTypeInt) : 4294967295
12:40:02 INFO  [GH3]:   Unknown(0xcc12115e) (QTypeQbKey) : 0x806fff30
12:40:02 INFO  [GH3]:   Unknown(0x8a4c762d) (QTypeQbKey) : 0x806fff30
12:40:02 INFO  [GH3]: }
12:40:02 INFO  [GH3]: {
12:40:02 INFO  [GH3]:   Unknown(0x83aaa1a0) (QTypeQbKey) : 0xeb323e20
12:40:02 INFO  [GH3]:   Unknown(0xdb616875) (QTypeInt) : 5
12:40:02 INFO  [GH3]:   Unknown(0xd8f1a5c6) (QTypeQbKey) : 0x975a3c68
12:40:02 INFO  [GH3]:   Unknown(0xb7822ed8) (QTypeInt) : 4294967295
12:40:02 INFO  [GH3]:   Unknown(0xcc12115e) (QTypeQbKey) : 0x806fff30
12:40:02 INFO  [GH3]:   Unknown(0x8a4c762d) (QTypeQbKey) : 0x806fff30
12:40:02 INFO  [GH3]: }
12:40:02 INFO  [GH3]: {
12:40:02 INFO  [GH3]:   Unknown(0x2e41f796) (QTypeInt) : 3000
12:40:02 INFO  [GH3]:   Unknown(0x00000000) (QTypeQbKey) : 0xda99b63b
12:40:02 INFO  [GH3]: }
12:40:07 INFO  [GH3]: {
12:40:07 INFO  [GH3]:   Unknown(0x7321a8d6) (QTypeQbKey) : 0x8013cbb1
12:40:07 INFO  [GH3]: }
12:40:07 INFO  [GH3]: {
12:40:07 INFO  [GH3]:   Unknown(0xd24f570c) (QTypeQbKey) : 0x975a3c68
12:40:07 INFO  [GH3]:   Unknown(0xff037ad9) (QTypeInt) : 100
12:40:07 INFO  [GH3]:   Unknown(0x006485e7) (QTypeInt) : 0
12:40:07 INFO  [GH3]:   Unknown(0x6a3568fb) (QTypeCString) : "avengedsevenfold-demons"
12:40:07 INFO  [GH3]:   Unknown(0x1fe8a064) (QTypeQbKey) : 0xcfd4f0f9
12:40:07 INFO  [GH3]:   Unknown(0xdcd6cb13) (QTypeCString) : "z_soundcheck"
12:40:07 INFO  [GH3]:   Unknown(0x77f45f83) (QTypeQbKey) : 0xba851c4
12:40:07 INFO  [GH3]:   Unknown(0x5f995af1) (QTypeQbKey) : 0x520dfcc4
12:40:07 INFO  [GH3]:   Unknown(0xc90bb972) (QTypeQbKey) : 0xfefc4c0f
12:40:07 INFO  [GH3]: }
12:40:11 INFO  [GH3]: {
12:40:11 INFO  [GH3]:   Unknown(0x7321a8d6) (QTypeQbKey) : 0x8013cbb1
12:40:11 INFO  [GH3]: }
12:40:11 INFO  [GH3]: {
12:40:11 INFO  [GH3]:   Unknown(0xd24f570c) (QTypeQbKey) : 0x975a3c68
12:40:11 INFO  [GH3]:   Unknown(0xff037ad9) (QTypeInt) : 100
12:40:11 INFO  [GH3]:   Unknown(0x006485e7) (QTypeInt) : 0
12:40:11 INFO  [GH3]:   Unknown(0x6a3568fb) (QTypeCString) : "avengedsevenfold-demons"
12:40:11 INFO  [GH3]:   Unknown(0x1fe8a064) (QTypeQbKey) : 0xcfd4f0f9
12:40:11 INFO  [GH3]:   Unknown(0xdcd6cb13) (QTypeCString) : "z_soundcheck"
12:40:11 INFO  [GH3]:   Unknown(0x77f45f83) (QTypeQbKey) : 0xba851c4
12:40:11 INFO  [GH3]:   Unknown(0x5f995af1) (QTypeQbKey) : 0x520dfcc4
12:40:11 INFO  [GH3]:   Unknown(0xc90bb972) (QTypeQbKey) : 0xfefc4c0f
12:40:11 INFO  [GH3]: }
12:40:20 INFO  [GH3]: {
12:40:20 INFO  [GH3]:   Unknown(0xb30d9965) (QTypeInt) : 0
12:40:20 INFO  [GH3]:   Unknown(0x40c698af) (QTypeQbKey) : 0x57e5e99a
12:40:20 INFO  [GH3]: }
12:40:20 INFO  [GH3]: {
12:40:20 INFO  [GH3]:   Unknown(0xb30d9965) (QTypeInt) : 0
12:40:20 INFO  [GH3]:   Unknown(0x40c698af) (QTypeQbKey) : 0xb9eb88b6
12:40:20 INFO  [GH3]: }
12:40:20 INFO  [GH3]: {
12:40:20 INFO  [GH3]:   Unknown(0xb30d9965) (QTypeInt) : 0
12:40:20 INFO  [GH3]:   Unknown(0x40c698af) (QTypeQbKey) : 0x5e53a5b1
12:40:20 INFO  [GH3]: }
12:40:20 INFO  [GH3]: {
12:40:20 INFO  [GH3]:   Unknown(0xb30d9965) (QTypeInt) : 0
12:40:20 INFO  [GH3]:   Unknown(0x40c698af) (QTypeQbKey) : 0x49931cc2
12:40:20 INFO  [GH3]: }
12:40:20 INFO  [GH3]: {
12:40:20 INFO  [GH3]:   Unknown(0xb30d9965) (QTypeInt) : 0
12:40:20 INFO  [GH3]:   Unknown(0x40c698af) (QTypeQbKey) : 0xa79d7dee
12:40:20 INFO  [GH3]: }
12:40:20 INFO  [GH3]: {
12:40:20 INFO  [GH3]:   Unknown(0xb30d9965) (QTypeInt) : 0
12:40:20 INFO  [GH3]:   Unknown(0x40c698af) (QTypeQbKey) : 0x4efed8db
12:40:20 INFO  [GH3]: }
12:40:20 INFO  [GH3]: {
12:40:20 INFO  [GH3]:   Unknown(0xb30d9965) (QTypeInt) : 0
12:40:20 INFO  [GH3]:   Unknown(0x40c698af) (QTypeQbKey) : 0xa0f0b9f7
12:40:20 INFO  [GH3]: }
12:40:20 INFO  [GH3]: {
12:40:20 INFO  [GH3]:   Unknown(0xb30d9965) (QTypeInt) : 0
12:40:20 INFO  [GH3]:   Unknown(0x40c698af) (QTypeQbKey) : 0x474894f0
12:40:20 INFO  [GH3]: }
12:40:20 INFO  [GH3]: {
12:40:20 INFO  [GH3]:   Unknown(0xb30d9965) (QTypeInt) : 0
12:40:20 INFO  [GH3]:   Unknown(0x40c698af) (QTypeQbKey) : 0x6d28a05
12:40:20 INFO  [GH3]: }
12:40:20 INFO  [GH3]: {
12:40:20 INFO  [GH3]:   Unknown(0xb30d9965) (QTypeInt) : 0
12:40:20 INFO  [GH3]:   Unknown(0x40c698af) (QTypeQbKey) : 0xe8dceb29
12:40:20 INFO  [GH3]: }
12:40:20 INFO  [GH3]: {
12:40:20 INFO  [GH3]:   Unknown(0xb30d9965) (QTypeInt) : 0
12:40:20 INFO  [GH3]:   Unknown(0x40c698af) (QTypeQbKey) : 0x1bf4e1c
12:40:20 INFO  [GH3]: }
12:40:20 INFO  [GH3]: {
12:40:20 INFO  [GH3]:   Unknown(0x40c698af) (QTypeQbKey) : 0xed108a91
12:40:20 INFO  [GH3]: }
12:40:20 INFO  [GH3]: {
12:40:20 INFO  [GH3]:   Unknown(0x40c698af) (QTypeQbKey) : 0x31eebbd
12:40:20 INFO  [GH3]: }
12:40:21 INFO  [GH3]: {
12:40:21 INFO  [GH3]:   Unknown(0x40c698af) (QTypeQbKey) : 0x59ea8869
12:40:21 INFO  [GH3]: }
12:40:21 INFO  [GH3]: {
12:40:21 INFO  [GH3]:   Unknown(0x00000000) (QTypeQbKey) : 0x6086aa70
12:40:21 INFO  [GH3]:   Unknown(0x520c0c9c) (QTypeQbKey) : 0x806fff30
12:40:21 INFO  [GH3]:   Unknown(0x26861025) (QTypeQbKey) : 0x0000
12:40:21 INFO  [GH3]:   Unknown(0xec953eec) (QTypeInt) : 0
12:40:21 INFO  [GH3]: }
12:40:23 INFO  [GH3]: {
12:40:23 INFO  [GH3]:   Unknown(0x69d0dfaf) (QTypeInt) : 0
12:40:23 INFO  [GH3]:   Unknown(0x26bf66f3) (QTypeQbStruct) : 
12:40:23 INFO  [GH3]: 	{
12:40:23 INFO  [GH3]: 	  Unknown(0xc4745838) (QTypeStringPointer) : (not implemented, please report this to Vultu with your code!)
12:40:23 INFO  [GH3]: 	}
12:40:23 INFO  [GH3]:   Unknown(0xe787d761) (QTypePair) : (640, 490)
12:40:23 INFO  [GH3]:   Unknown(0xad8a5a63) (QTypePair) : (288, 64)
12:40:23 INFO  [GH3]:   Unknown(0x2fca0578) (QTypeQbArray) : Type:"QTypeQbArray" Size:1406253056
12:40:23 INFO  [GH3]: }
