12:38:40 INFO  [Nylon]: Wine was not detected. Assuming we are running on a Windows NT OS Please report this if this detection is an error.
12:38:40 INFO  [Nylon]: Minhook initialized!
12:38:40 INFO  [Nylon]: Setting up default hooks...
12:38:40 INFO  [Nylon]: Hooked function at address: 0x764E89E0
12:38:40 INFO  [Nylon]: Hooked function at address: 0x764E8320
12:38:41 INFO  [Nylon]: Hooked function at address: 0x764E2520
12:38:41 INFO  [Nylon]: Hooked function at address: 0x00530970
12:38:41 INFO  [Nylon]: Hooked function at address: 0x00530940
12:38:41 INFO  [Nylon]: Hooked function at address: 0x004A1780
12:38:41 INFO  [Nylon]: Hooked function at address: 0x00472B50
12:38:41 INFO  [Nylon]: Hooked function at address: 0x0057B940
12:38:41 INFO  [Nylon]: Hooked function at address: 0x00601D30
12:38:41 INFO  [Nylon]: Hooked function at address: 0x0047DFA0
12:38:41 INFO  [Nylon]: Hooked function at address: 0x0057AE20
12:38:41 INFO  [Nylon]: Hooked function at address: 0x00D94EE8
12:38:41 INFO  [Nylon]: Hooked function at address: 0x004A6820
12:38:41 INFO  [Nylon]: Hooked function at address: 0x0047E5B0
12:38:41 INFO  [Nylon]: Finished setting up default hooks.
12:38:41 INFO  [Nylon]: Loading mods...
12:38:41 INFO  [Nylon]: Loading mods from: "C:\Games\Guitar Hero III\nylon\Mods"
12:38:41 INFO  [Nylon]: Checking for: "C:\Games\Guitar Hero III\nylon\Mods\GH3Deluxe\modinfo.json"...
12:38:41 INFO  [Nylon]: Loading...
12:38:41 INFO  [Nylon]: Found mod: gh3dx
12:38:41 INFO  [Nylon]: Finished loading mods.
12:38:41 INFO  [Nylon]: Finished Core Initialization!
12:38:41 INFO  [Nylon]: Expecting: "GH3Deluxe\pak\gh3dx.pak"
12:38:41 INFO  [Nylon]: Found it! Loading...
12:38:41 INFO  [Nylon]: Done!
12:38:42 INFO  [Nylon]: Hooking DirectX 9...
12:38:42 INFO  [Nylon]: Hooked function at address: 0x62B66500
12:38:42 INFO  [Nylon]: Hooked function at address: 0x62B66120
12:38:42 INFO  [Nylon]: Hooked function at address: 0x5984B040
12:38:42 ERROR [Nylon]: Failed to hook function at address: 0x5984B040 Error Code: 3
12:38:42 INFO  [Nylon]: Finished hooking DirectX 9.
12:38:42 INFO  [Nylon]: Hooked function at address: 0x5984C550
12:38:42 ERROR [Nylon]: Failed to hook function at address: 0x5984C550 Error Code: 3
12:38:42 INFO  [Nylon]: KeyboardSetCooperativeLevel -> 6
12:38:42 INFO  [Nylon]: KeyboardSetCooperativeLevel -> 5
12:38:44 INFO  [GH3]: {
12:38:44 INFO  [GH3]:   Unknown(0x69d0dfaf) (QTypeInt) : 0
12:38:44 INFO  [GH3]:   Unknown(0xd4c98794) (QTypeWString) : "CHECKING..."
12:38:44 INFO  [GH3]:   Unknown(0x26bf66f3) (QTypeQbStruct) : 
12:38:44 INFO  [GH3]: 	{
12:38:44 INFO  [GH3]: 	  Unknown(0xc4745838) (QTypeWString) : "Checking storage device..."
12:38:44 INFO  [GH3]: 	}
12:38:44 INFO  [GH3]: }
12:38:44 INFO  [GH3]: {
12:38:44 INFO  [GH3]:   Unknown(0x69d0dfaf) (QTypeInt) : 0
12:38:44 INFO  [GH3]:   Unknown(0xd4c98794) (QTypeWString) : "SUCCESSFUL"
12:38:44 INFO  [GH3]:   Unknown(0x26bf66f3) (QTypeQbStruct) : 
12:38:44 INFO  [GH3]: 	{
12:38:44 INFO  [GH3]: 	  Unknown(0xc4745838) (QTypeWString) : "Load successful."
12:38:44 INFO  [GH3]: 	}
12:38:44 INFO  [GH3]: }
12:38:46 INFO  [GH3]: {
12:38:46 INFO  [GH3]:   Unknown(0x7323e97c) (QTypeQbArray) : Type:"QTypeQbArray" Size:1114734624
12:38:46 INFO  [GH3]: }
12:38:47 INFO  [GH3]: {
12:38:47 INFO  [GH3]:   Unknown(0x40c698af) (QTypeQbKey) : 0x87899f29
12:38:47 INFO  [GH3]: }
12:38:48 INFO  [GH3]: {
12:38:48 INFO  [GH3]:   Unknown(0x40c698af) (QTypeQbKey) : 0xed108a91
12:38:48 INFO  [GH3]: }
12:38:48 INFO  [GH3]: {
12:38:48 INFO  [GH3]:   Unknown(0x40c698af) (QTypeQbKey) : 0x31eebbd
12:38:48 INFO  [GH3]: }
12:38:48 INFO  [GH3]: {
12:38:48 INFO  [GH3]:   Unknown(0xb30d9965) (QTypeInt) : 0
12:38:48 INFO  [GH3]:   Unknown(0x40c698af) (QTypeQbKey) : 0x3324032d
12:38:48 INFO  [GH3]: }
12:38:48 INFO  [GH3]: {
12:38:48 INFO  [GH3]:   Unknown(0xb30d9965) (QTypeInt) : 0
12:38:48 INFO  [GH3]:   Unknown(0x40c698af) (QTypeQbKey) : 0xd49c2e2a
12:38:48 INFO  [GH3]: }
12:38:48 INFO  [GH3]: {
12:38:48 INFO  [GH3]:   Unknown(0xb30d9965) (QTypeInt) : 0
12:38:48 INFO  [GH3]:   Unknown(0x40c698af) (QTypeQbKey) : 0xc35c9759
12:38:48 INFO  [GH3]: }
12:38:48 INFO  [GH3]: {
12:38:48 INFO  [GH3]:   Unknown(0xb30d9965) (QTypeInt) : 0
12:38:48 INFO  [GH3]:   Unknown(0x40c698af) (QTypeQbKey) : 0x2d52f675
12:38:48 INFO  [GH3]: }
12:38:48 INFO  [GH3]: {
12:38:48 INFO  [GH3]:   Unknown(0xb30d9965) (QTypeInt) : 0
12:38:48 INFO  [GH3]:   Unknown(0x40c698af) (QTypeQbKey) : 0xc4315340
12:38:48 INFO  [GH3]: }
12:38:48 INFO  [GH3]: {
12:38:48 INFO  [GH3]:   Unknown(0xb30d9965) (QTypeInt) : 0
12:38:48 INFO  [GH3]:   Unknown(0x40c698af) (QTypeQbKey) : 0x2a3f326c
12:38:48 INFO  [GH3]: }
12:38:48 INFO  [GH3]: {
12:38:48 INFO  [GH3]:   Unknown(0xb30d9965) (QTypeInt) : 0
12:38:48 INFO  [GH3]:   Unknown(0x40c698af) (QTypeQbKey) : 0xcd871f6b
12:38:48 INFO  [GH3]: }
12:38:48 INFO  [GH3]: {
12:38:48 INFO  [GH3]:   Unknown(0xb30d9965) (QTypeInt) : 0
12:38:48 INFO  [GH3]:   Unknown(0x40c698af) (QTypeQbKey) : 0xe871c49a
12:38:48 INFO  [GH3]: }
12:38:48 INFO  [GH3]: {
12:38:48 INFO  [GH3]:   Unknown(0xb30d9965) (QTypeInt) : 0
12:38:48 INFO  [GH3]:   Unknown(0x40c698af) (QTypeQbKey) : 0x67fa5b6
12:38:48 INFO  [GH3]: }
12:38:48 INFO  [GH3]: {
12:38:48 INFO  [GH3]:   Unknown(0xb30d9965) (QTypeInt) : 0
12:38:48 INFO  [GH3]:   Unknown(0x40c698af) (QTypeQbKey) : 0xef1c0083
12:38:48 INFO  [GH3]: }
12:38:49 INFO  [GH3]: {
12:38:49 INFO  [GH3]:   Unknown(0x83aaa1a0) (QTypeQbKey) : 0xeb323e20
12:38:49 INFO  [GH3]:   Unknown(0xdb616875) (QTypeInt) : 5
12:38:49 INFO  [GH3]:   Unknown(0xd8f1a5c6) (QTypeQbKey) : 0x975a3c68
12:38:49 INFO  [GH3]:   Unknown(0xb7822ed8) (QTypeInt) : 4
12:38:49 INFO  [GH3]:   Unknown(0xcc12115e) (QTypeQbKey) : 0x85a73ac6
12:38:49 INFO  [GH3]:   Unknown(0x8a4c762d) (QTypeQbKey) : 0x9556b97f
12:38:49 INFO  [GH3]: }
12:38:49 INFO  [GH3]: {
12:38:49 INFO  [GH3]:   Unknown(0x00000000) (QTypeQbKey) : 0xff03cc4e
12:38:49 INFO  [GH3]:   Unknown(0x520c0c9c) (QTypeQbKey) : 0x806fff30
12:38:49 INFO  [GH3]:   Unknown(0x26861025) (QTypeQbKey) : 0x0000
12:38:49 INFO  [GH3]:   Unknown(0xec953eec) (QTypeInt) : 0
12:38:49 INFO  [GH3]: }
12:38:49 INFO  [GH3]: {
12:38:49 INFO  [GH3]:   Unknown(0x83aaa1a0) (QTypeQbKey) : 0xeb323e20
12:38:49 INFO  [GH3]:   Unknown(0xdb616875) (QTypeInt) : 5
12:38:49 INFO  [GH3]:   Unknown(0xd8f1a5c6) (QTypeQbKey) : 0x975a3c68
12:38:49 INFO  [GH3]:   Unknown(0xb7822ed8) (QTypeInt) : 4
12:38:49 INFO  [GH3]:   Unknown(0xcc12115e) (QTypeQbKey) : 0x85a73ac6
12:38:49 INFO  [GH3]:   Unknown(0x8a4c762d) (QTypeQbKey) : 0x9556b97f
12:38:49 INFO  [GH3]: }
12:38:49 INFO  [GH3]: {
12:38:49 INFO  [GH3]:   Unknown(0x7321a8d6) (QTypeQbKey) : 0xe5fa3adf
12:38:49 INFO  [GH3]: }
12:38:49 INFO  [GH3]: {
12:38:49 INFO  [GH3]:   Unknown(0x00000000) (QTypeQbKey) : 0x6086aa70
12:38:49 INFO  [GH3]:   Unknown(0x520c0c9c) (QTypeQbKey) : 0x806fff30
12:38:49 INFO  [GH3]:   Unknown(0x26861025) (QTypeQbKey) : 0x0000
12:38:49 INFO  [GH3]:   Unknown(0xec953eec) (QTypeInt) : 0
12:38:49 INFO  [GH3]: }
12:38:49 INFO  [GH3]: {
12:38:49 INFO  [GH3]:   Unknown(0x00000000) (QTypeQbKey) : 0x6086aa70
12:38:49 INFO  [GH3]:   Unknown(0x520c0c9c) (QTypeQbKey) : 0x806fff30
12:38:49 INFO  [GH3]:   Unknown(0x26861025) (QTypeQbKey) : 0x0000
12:38:49 INFO  [GH3]:   Unknown(0xec953eec) (QTypeInt) : 0
12:38:49 INFO  [GH3]: }
12:38:49 INFO  [GH3]: {
12:38:49 INFO  [GH3]:   Unknown(0x00000000) (QTypeQbKey) : 0x6086aa70
12:38:49 INFO  [GH3]:   Unknown(0x520c0c9c) (QTypeQbKey) : 0x806fff30
12:38:49 INFO  [GH3]:   Unknown(0x26861025) (QTypeQbKey) : 0x0000
12:38:49 INFO  [GH3]:   Unknown(0xec953eec) (QTypeInt) : 0
12:38:49 INFO  [GH3]: }
12:38:49 INFO  [GH3]: {
12:38:49 INFO  [GH3]:   Unknown(0x00000000) (QTypeQbKey) : 0x6086aa70
12:38:49 INFO  [GH3]:   Unknown(0x520c0c9c) (QTypeQbKey) : 0x806fff30
12:38:49 INFO  [GH3]:   Unknown(0x26861025) (QTypeQbKey) : 0x0000
12:38:49 INFO  [GH3]:   Unknown(0xec953eec) (QTypeInt) : 0
12:38:49 INFO  [GH3]: }
12:38:49 INFO  [GH3]: {
12:38:49 INFO  [GH3]:   Unknown(0x00000000) (QTypeQbKey) : 0x6086aa70
12:38:49 INFO  [GH3]:   Unknown(0x520c0c9c) (QTypeQbKey) : 0x806fff30
12:38:49 INFO  [GH3]:   Unknown(0x26861025) (QTypeQbKey) : 0x0000
12:38:49 INFO  [GH3]:   Unknown(0xec953eec) (QTypeInt) : 0
12:38:49 INFO  [GH3]: }
12:38:50 INFO  [GH3]: {
12:38:50 INFO  [GH3]:   Unknown(0x00000000) (QTypeQbKey) : 0x6086aa70
12:38:50 INFO  [GH3]:   Unknown(0x520c0c9c) (QTypeQbKey) : 0x806fff30
12:38:50 INFO  [GH3]:   Unknown(0x26861025) (QTypeQbKey) : 0x0000
12:38:50 INFO  [GH3]:   Unknown(0xec953eec) (QTypeInt) : 0
12:38:50 INFO  [GH3]: }
12:38:50 INFO  [GH3]: {
12:38:50 INFO  [GH3]:   Unknown(0x00000000) (QTypeQbKey) : 0x6086aa70
12:38:50 INFO  [GH3]:   Unknown(0x520c0c9c) (QTypeQbKey) : 0x806fff30
12:38:50 INFO  [GH3]:   Unknown(0x26861025) (QTypeQbKey) : 0x0000
12:38:50 INFO  [GH3]:   Unknown(0xec953eec) (QTypeInt) : 0
12:38:50 INFO  [GH3]: }
12:38:50 INFO  [GH3]: {
12:38:50 INFO  [GH3]:   Unknown(0x00000000) (QTypeQbKey) : 0x6086aa70
12:38:50 INFO  [GH3]:   Unknown(0x520c0c9c) (QTypeQbKey) : 0x806fff30
12:38:50 INFO  [GH3]:   Unknown(0x26861025) (QTypeQbKey) : 0x0000
12:38:50 INFO  [GH3]:   Unknown(0xec953eec) (QTypeInt) : 0
12:38:50 INFO  [GH3]: }
12:38:50 INFO  [GH3]: {
12:38:50 INFO  [GH3]:   Unknown(0x00000000) (QTypeQbKey) : 0x6086aa70
12:38:50 INFO  [GH3]:   Unknown(0x520c0c9c) (QTypeQbKey) : 0x806fff30
12:38:50 INFO  [GH3]:   Unknown(0x26861025) (QTypeQbKey) : 0x0000
12:38:50 INFO  [GH3]:   Unknown(0xec953eec) (QTypeInt) : 0
12:38:50 INFO  [GH3]: }
12:38:50 INFO  [GH3]: {
12:38:50 INFO  [GH3]:   Unknown(0x00000000) (QTypeQbKey) : 0x6086aa70
12:38:50 INFO  [GH3]:   Unknown(0x520c0c9c) (QTypeQbKey) : 0x806fff30
12:38:50 INFO  [GH3]:   Unknown(0x26861025) (QTypeQbKey) : 0x0000
12:38:50 INFO  [GH3]:   Unknown(0xec953eec) (QTypeInt) : 0
12:38:50 INFO  [GH3]: }
12:39:27 INFO  [GH3]: {
12:39:27 INFO  [GH3]:   Unknown(0x26bf66f3) (QTypeQbStruct) : 
12:39:27 INFO  [GH3]: 	{
12:39:27 INFO  [GH3]: 	  Unknown(0xc4745838) (QTypeWString) : "You will lose all unsaved progress if you quit. Are you sure you want to quit this song?"
12:39:27 INFO  [GH3]: 	  Unknown(0x34a68574) (QTypePair) : (600, 400)
12:39:27 INFO  [GH3]: 	  Unknown(0x13b9da7b) (QTypeFloat) : 0.6
12:39:27 INFO  [GH3]: 	}
12:39:27 INFO  [GH3]:   Unknown(0x69d0dfaf) (QTypeInt) : 0
12:39:27 INFO  [GH3]:   Unknown(0x00000000) (QTypeQbKey) : 0xeafc692e
12:39:27 INFO  [GH3]:   Unknown(0xe787d761) (QTypePair) : (640, 480)
12:39:27 INFO  [GH3]:   Unknown(0xad8a5a63) (QTypePair) : (600, 80)
12:39:27 INFO  [GH3]:   Unknown(0x2fca0578) (QTypeQbArray) : Type:"QTypeQbArray" Size:1405865584
12:39:27 INFO  [GH3]: }
12:39:30 INFO  [GH3]: {
12:39:30 INFO  [GH3]:   Unknown(0x7323e97c) (QTypeQbArray) : Type:"QTypeQbArray" Size:1405864336
12:39:30 INFO  [GH3]: }
