12:36:38 INFO  [Nylon]: Wine was not detected. Assuming we are running on a Windows NT OS Please report this if this detection is an error.
12:36:38 INFO  [Nylon]: Minhook initialized!
12:36:38 INFO  [Nylon]: Setting up default hooks...
12:36:38 INFO  [Nylon]: Hooked function at address: 0x764E89E0
12:36:38 INFO  [Nylon]: Hooked function at address: 0x764E8320
12:36:38 INFO  [Nylon]: Hooked function at address: 0x764E2520
12:36:38 INFO  [Nylon]: Hooked function at address: 0x00530970
12:36:38 INFO  [Nylon]: Hooked function at address: 0x00530940
12:36:38 INFO  [Nylon]: Hooked function at address: 0x004A1780
12:36:38 INFO  [Nylon]: Hooked function at address: 0x00472B50
12:36:38 INFO  [Nylon]: Hooked function at address: 0x0057B940
12:36:38 INFO  [Nylon]: Hooked function at address: 0x00601D30
12:36:38 INFO  [Nylon]: Hooked function at address: 0x0047DFA0
12:36:39 INFO  [Nylon]: Hooked function at address: 0x0057AE20
12:36:39 INFO  [Nylon]: Hooked function at address: 0x00D94EE8
12:36:39 INFO  [Nylon]: Hooked function at address: 0x004A6820
12:36:39 INFO  [Nylon]: Hooked function at address: 0x0047E5B0
12:36:39 INFO  [Nylon]: Finished setting up default hooks.
12:36:39 INFO  [Nylon]: Loading mods...
12:36:39 INFO  [Nylon]: Loading mods from: "C:\Games\Guitar Hero III\nylon\Mods"
12:36:39 INFO  [Nylon]: Checking for: "C:\Games\Guitar Hero III\nylon\Mods\GH3Deluxe\modinfo.json"...
12:36:39 INFO  [Nylon]: Loading...
12:36:39 INFO  [Nylon]: Found mod: gh3dx
12:36:39 INFO  [Nylon]: Finished loading mods.
12:36:39 INFO  [Nylon]: Finished Core Initialization!
12:36:39 INFO  [Nylon]: Expecting: "GH3Deluxe\pak\gh3dx.pak"
12:36:39 INFO  [Nylon]: Found it! Loading...
12:36:39 INFO  [Nylon]: Done!
12:36:40 INFO  [Nylon]: Hooking DirectX 9...
12:36:40 INFO  [Nylon]: Hooked function at address: 0x62B66500
12:36:40 INFO  [Nylon]: Hooked function at address: 0x62B66120
12:36:40 INFO  [Nylon]: Hooked function at address: 0x5984B040
12:36:40 ERROR [Nylon]: Failed to hook function at address: 0x5984B040 Error Code: 3
12:36:40 INFO  [Nylon]: Finished hooking DirectX 9.
12:36:40 INFO  [Nylon]: Hooked function at address: 0x5984C550
12:36:40 ERROR [Nylon]: Failed to hook function at address: 0x5984C550 Error Code: 3
12:36:40 INFO  [Nylon]: KeyboardSetCooperativeLevel -> 6
12:36:40 INFO  [Nylon]: KeyboardSetCooperativeLevel -> 5
12:36:44 INFO  [GH3]: {
12:36:44 INFO  [GH3]:   Unknown(0x69d0dfaf) (QTypeInt) : 0
12:36:44 INFO  [GH3]:   Unknown(0xd4c98794) (QTypeWString) : "CHECKING..."
12:36:44 INFO  [GH3]:   Unknown(0x26bf66f3) (QTypeQbStruct) : 
12:36:44 INFO  [GH3]: 	{
12:36:44 INFO  [GH3]: 	  Unknown(0xc4745838) (QTypeWString) : "Checking storage device..."
12:36:44 INFO  [GH3]: 	}
12:36:44 INFO  [GH3]: }
12:36:44 INFO  [GH3]: {
12:36:44 INFO  [GH3]:   Unknown(0x69d0dfaf) (QTypeInt) : 0
12:36:44 INFO  [GH3]:   Unknown(0x26bf66f3) (QTypeQbStruct) : 
12:36:44 INFO  [GH3]: 	{
12:36:44 INFO  [GH3]: 	  Unknown(0xc4745838) (QTypeWString) : "Game content is damaged and cannot be used. Do you want to delete this content? All progress within this save content will be lost."
12:36:44 INFO  [GH3]: 	  Unknown(0x34a68574) (QTypePair) : (800, 500)
12:36:44 INFO  [GH3]: 	  Unknown(0x7f261953) (QTypePair) : (640, 375)
12:36:44 INFO  [GH3]: 	  Unknown(0x13b9da7b) (QTypeFloat) : 0.5
12:36:44 INFO  [GH3]: 	}
12:36:44 INFO  [GH3]:   Unknown(0xe787d761) (QTypePair) : (640, 465)
12:36:44 INFO  [GH3]:   Unknown(0xad8a5a63) (QTypePair) : (256, 64)
12:36:44 INFO  [GH3]:   Unknown(0x2fca0578) (QTypeQbArray) : Type:"QTypeQbArray" Size:1117201712
12:36:44 INFO  [GH3]: }
12:36:44 INFO  [GH3]: {
12:36:44 INFO  [GH3]:   Unknown(0x69d0dfaf) (QTypeInt) : 0
12:36:44 INFO  [GH3]:   Unknown(0xd4c98794) (QTypeWString) : "SUCCESSFUL"
12:36:44 INFO  [GH3]:   Unknown(0x26bf66f3) (QTypeQbStruct) : 
12:36:44 INFO  [GH3]: 	{
12:36:44 INFO  [GH3]: 	  Unknown(0xc4745838) (QTypeWString) : "Load successful."
12:36:44 INFO  [GH3]: 	}
12:36:44 INFO  [GH3]: }
12:36:46 INFO  [GH3]: {
12:36:46 INFO  [GH3]:   Unknown(0x7323e97c) (QTypeQbArray) : Type:"QTypeQbArray" Size:1120803024
12:36:46 INFO  [GH3]: }
12:36:48 INFO  [GH3]: {
12:36:48 INFO  [GH3]:   Unknown(0x40c698af) (QTypeQbKey) : 0xfad85b3f
12:36:48 INFO  [GH3]: }
12:36:48 INFO  [GH3]: {
12:36:48 INFO  [GH3]:   Unknown(0x40c698af) (QTypeQbKey) : 0xed108a91
12:36:48 INFO  [GH3]: }
12:36:48 INFO  [GH3]: {
12:36:48 INFO  [GH3]:   Unknown(0x40c698af) (QTypeQbKey) : 0x31eebbd
12:36:48 INFO  [GH3]: }
12:36:49 INFO  [GH3]: {
12:36:49 INFO  [GH3]:   Unknown(0xb30d9965) (QTypeInt) : 0
12:36:49 INFO  [GH3]:   Unknown(0x40c698af) (QTypeQbKey) : 0x739bcfc2
12:36:49 INFO  [GH3]: }
12:36:49 INFO  [GH3]: {
12:36:49 INFO  [GH3]:   Unknown(0xb30d9965) (QTypeInt) : 0
12:36:49 INFO  [GH3]:   Unknown(0x40c698af) (QTypeQbKey) : 0xaec442e0
12:36:49 INFO  [GH3]: }
12:36:49 INFO  [GH3]: {
12:36:49 INFO  [GH3]:   Unknown(0xb30d9965) (QTypeInt) : 0
12:36:49 INFO  [GH3]:   Unknown(0x40c698af) (QTypeQbKey) : 0x40ca23cc
12:36:49 INFO  [GH3]: }
12:36:49 INFO  [GH3]: {
12:36:49 INFO  [GH3]:   Unknown(0xb30d9965) (QTypeInt) : 0
12:36:49 INFO  [GH3]:   Unknown(0x40c698af) (QTypeQbKey) : 0xa9a986f9
12:36:49 INFO  [GH3]: }
12:36:49 INFO  [GH3]: {
12:36:49 INFO  [GH3]:   Unknown(0xb30d9965) (QTypeInt) : 0
12:36:49 INFO  [GH3]:   Unknown(0x40c698af) (QTypeQbKey) : 0x47a7e7d5
12:36:49 INFO  [GH3]: }
12:36:49 INFO  [GH3]: {
12:36:49 INFO  [GH3]:   Unknown(0xb30d9965) (QTypeInt) : 0
12:36:49 INFO  [GH3]:   Unknown(0x40c698af) (QTypeQbKey) : 0xa01fcad2
12:36:49 INFO  [GH3]: }
12:36:49 INFO  [GH3]: {
12:36:49 INFO  [GH3]:   Unknown(0xb30d9965) (QTypeInt) : 0
12:36:49 INFO  [GH3]:   Unknown(0x40c698af) (QTypeQbKey) : 0xb7df73a1
12:36:49 INFO  [GH3]: }
12:36:49 INFO  [GH3]: {
12:36:49 INFO  [GH3]:   Unknown(0xb30d9965) (QTypeInt) : 0
12:36:49 INFO  [GH3]:   Unknown(0x40c698af) (QTypeQbKey) : 0x59d1128d
12:36:49 INFO  [GH3]: }
12:36:49 INFO  [GH3]: {
12:36:49 INFO  [GH3]:   Unknown(0xb30d9965) (QTypeInt) : 0
12:36:49 INFO  [GH3]:   Unknown(0x40c698af) (QTypeQbKey) : 0xb0b2b7b8
12:36:49 INFO  [GH3]: }
12:36:49 INFO  [GH3]: {
12:36:49 INFO  [GH3]:   Unknown(0xb30d9965) (QTypeInt) : 0
12:36:49 INFO  [GH3]:   Unknown(0x40c698af) (QTypeQbKey) : 0x5ebcd694
12:36:49 INFO  [GH3]: }
12:36:50 INFO  [GH3]: {
12:36:50 INFO  [GH3]:   Unknown(0x83aaa1a0) (QTypeQbKey) : 0xeb323e20
12:36:50 INFO  [GH3]:   Unknown(0xdb616875) (QTypeInt) : 5
12:36:50 INFO  [GH3]:   Unknown(0xd8f1a5c6) (QTypeQbKey) : 0x975a3c68
12:36:50 INFO  [GH3]:   Unknown(0xb7822ed8) (QTypeInt) : 4
12:36:50 INFO  [GH3]:   Unknown(0xcc12115e) (QTypeQbKey) : 0x85a73ac6
12:36:50 INFO  [GH3]:   Unknown(0x8a4c762d) (QTypeQbKey) : 0x9556b97f
12:36:50 INFO  [GH3]: }
12:36:50 INFO  [GH3]: {
12:36:50 INFO  [GH3]:   Unknown(0x00000000) (QTypeQbKey) : 0xff03cc4e
12:36:50 INFO  [GH3]:   Unknown(0x520c0c9c) (QTypeQbKey) : 0x806fff30
12:36:50 INFO  [GH3]:   Unknown(0x26861025) (QTypeQbKey) : 0x0000
12:36:50 INFO  [GH3]:   Unknown(0xec953eec) (QTypeInt) : 0
12:36:50 INFO  [GH3]: }
12:36:50 INFO  [GH3]: {
12:36:50 INFO  [GH3]:   Unknown(0x83aaa1a0) (QTypeQbKey) : 0xeb323e20
12:36:50 INFO  [GH3]:   Unknown(0xdb616875) (QTypeInt) : 5
12:36:50 INFO  [GH3]:   Unknown(0xd8f1a5c6) (QTypeQbKey) : 0x975a3c68
12:36:50 INFO  [GH3]:   Unknown(0xb7822ed8) (QTypeInt) : 4
12:36:50 INFO  [GH3]:   Unknown(0xcc12115e) (QTypeQbKey) : 0x85a73ac6
12:36:50 INFO  [GH3]:   Unknown(0x8a4c762d) (QTypeQbKey) : 0x9556b97f
12:36:50 INFO  [GH3]: }
12:36:50 INFO  [GH3]: {
12:36:50 INFO  [GH3]:   Unknown(0x7321a8d6) (QTypeQbKey) : 0xe5fa3adf
12:36:50 INFO  [GH3]: }
12:36:50 INFO  [GH3]: {
12:36:50 INFO  [GH3]:   Unknown(0x00000000) (QTypeQbKey) : 0x6086aa70
12:36:50 INFO  [GH3]:   Unknown(0x520c0c9c) (QTypeQbKey) : 0x806fff30
12:36:50 INFO  [GH3]:   Unknown(0x26861025) (QTypeQbKey) : 0x0000
12:36:50 INFO  [GH3]:   Unknown(0xec953eec) (QTypeInt) : 0
12:36:50 INFO  [GH3]: }
12:36:51 INFO  [GH3]: {
12:36:51 INFO  [GH3]:   Unknown(0x00000000) (QTypeQbKey) : 0x6086aa70
12:36:51 INFO  [GH3]:   Unknown(0x520c0c9c) (QTypeQbKey) : 0x806fff30
12:36:51 INFO  [GH3]:   Unknown(0x26861025) (QTypeQbKey) : 0x0000
12:36:51 INFO  [GH3]:   Unknown(0xec953eec) (QTypeInt) : 0
12:36:51 INFO  [GH3]: }
12:36:51 INFO  [GH3]: {
12:36:51 INFO  [GH3]:   Unknown(0x00000000) (QTypeQbKey) : 0x6086aa70
12:36:51 INFO  [GH3]:   Unknown(0x520c0c9c) (QTypeQbKey) : 0x806fff30
12:36:51 INFO  [GH3]:   Unknown(0x26861025) (QTypeQbKey) : 0x0000
12:36:51 INFO  [GH3]:   Unknown(0xec953eec) (QTypeInt) : 0
12:36:51 INFO  [GH3]: }
12:36:51 INFO  [GH3]: {
12:36:51 INFO  [GH3]:   Unknown(0x00000000) (QTypeQbKey) : 0x6086aa70
12:36:51 INFO  [GH3]:   Unknown(0x520c0c9c) (QTypeQbKey) : 0x806fff30
12:36:51 INFO  [GH3]:   Unknown(0x26861025) (QTypeQbKey) : 0x0000
12:36:51 INFO  [GH3]:   Unknown(0xec953eec) (QTypeInt) : 0
12:36:51 INFO  [GH3]: }
12:36:51 INFO  [GH3]: {
12:36:51 INFO  [GH3]:   Unknown(0x00000000) (QTypeQbKey) : 0x6086aa70
12:36:51 INFO  [GH3]:   Unknown(0x520c0c9c) (QTypeQbKey) : 0x806fff30
12:36:51 INFO  [GH3]:   Unknown(0x26861025) (QTypeQbKey) : 0x0000
12:36:51 INFO  [GH3]:   Unknown(0xec953eec) (QTypeInt) : 0
12:36:51 INFO  [GH3]: }
12:36:51 INFO  [GH3]: {
12:36:51 INFO  [GH3]:   Unknown(0x00000000) (QTypeQbKey) : 0x6086aa70
12:36:51 INFO  [GH3]:   Unknown(0x520c0c9c) (QTypeQbKey) : 0x806fff30
12:36:51 INFO  [GH3]:   Unknown(0x26861025) (QTypeQbKey) : 0x0000
12:36:51 INFO  [GH3]:   Unknown(0xec953eec) (QTypeInt) : 0
12:36:51 INFO  [GH3]: }
12:36:51 INFO  [GH3]: {
12:36:51 INFO  [GH3]:   Unknown(0x00000000) (QTypeQbKey) : 0x6086aa70
12:36:51 INFO  [GH3]:   Unknown(0x520c0c9c) (QTypeQbKey) : 0x806fff30
12:36:51 INFO  [GH3]:   Unknown(0x26861025) (QTypeQbKey) : 0x0000
12:36:51 INFO  [GH3]:   Unknown(0xec953eec) (QTypeInt) : 0
12:36:51 INFO  [GH3]: }
12:36:51 INFO  [GH3]: {
12:36:51 INFO  [GH3]:   Unknown(0x00000000) (QTypeQbKey) : 0x6086aa70
12:36:51 INFO  [GH3]:   Unknown(0x520c0c9c) (QTypeQbKey) : 0x806fff30
12:36:51 INFO  [GH3]:   Unknown(0x26861025) (QTypeQbKey) : 0x0000
12:36:51 INFO  [GH3]:   Unknown(0xec953eec) (QTypeInt) : 0
12:36:51 INFO  [GH3]: }
12:36:51 INFO  [GH3]: {
12:36:51 INFO  [GH3]:   Unknown(0x00000000) (QTypeQbKey) : 0x6086aa70
12:36:51 INFO  [GH3]:   Unknown(0x520c0c9c) (QTypeQbKey) : 0x806fff30
12:36:51 INFO  [GH3]:   Unknown(0x26861025) (QTypeQbKey) : 0x0000
12:36:51 INFO  [GH3]:   Unknown(0xec953eec) (QTypeInt) : 0
12:36:51 INFO  [GH3]: }
12:36:51 INFO  [GH3]: {
12:36:51 INFO  [GH3]:   Unknown(0x00000000) (QTypeQbKey) : 0x6086aa70
12:36:51 INFO  [GH3]:   Unknown(0x520c0c9c) (QTypeQbKey) : 0x806fff30
12:36:51 INFO  [GH3]:   Unknown(0x26861025) (QTypeQbKey) : 0x0000
12:36:51 INFO  [GH3]:   Unknown(0xec953eec) (QTypeInt) : 0
12:36:51 INFO  [GH3]: }
12:36:53 INFO  [GH3]: {
12:36:53 INFO  [GH3]:   Unknown(0x26bf66f3) (QTypeQbStruct) : 
12:36:53 INFO  [GH3]: 	{
12:36:53 INFO  [GH3]: 	  Unknown(0xc4745838) (QTypeWString) : "Your progress in this song will be lost if you exit to Practice now. Exit?"
12:36:53 INFO  [GH3]: 	  Unknown(0x34a68574) (QTypePair) : (600, 400)
12:36:53 INFO  [GH3]: 	  Unknown(0x13b9da7b) (QTypeFloat) : 0.6
12:36:53 INFO  [GH3]: 	}
12:36:53 INFO  [GH3]:   Unknown(0x69d0dfaf) (QTypeInt) : 0
12:36:53 INFO  [GH3]:   Unknown(0x00000000) (QTypeQbKey) : 0xeafc692e
12:36:53 INFO  [GH3]:   Unknown(0xe787d761) (QTypePair) : (640, 480)
12:36:53 INFO  [GH3]:   Unknown(0xad8a5a63) (QTypePair) : (600, 80)
12:36:53 INFO  [GH3]:   Unknown(0x2fca0578) (QTypeQbArray) : Type:"QTypeQbArray" Size:1409118848
12:36:53 INFO  [GH3]: }
12:36:56 INFO  [GH3]: {
12:36:56 INFO  [GH3]:   Unknown(0x2e41f796) (QTypeInt) : 5000
12:36:56 INFO  [GH3]:   Unknown(0x00000000) (QTypeQbKey) : 0x8013cbb1
12:36:56 INFO  [GH3]: }
12:37:23 INFO  [GH3]: {
12:37:23 INFO  [GH3]:   Unknown(0x26bf66f3) (QTypeQbStruct) : 
12:37:23 INFO  [GH3]: 	{
12:37:23 INFO  [GH3]: 	  Unknown(0xc4745838) (QTypeWString) : "You will lose all unsaved progress if you quit. Are you sure you want to quit this song?"
12:37:23 INFO  [GH3]: 	  Unknown(0x34a68574) (QTypePair) : (600, 400)
12:37:23 INFO  [GH3]: 	  Unknown(0x13b9da7b) (QTypeFloat) : 0.6
12:37:23 INFO  [GH3]: 	}
12:37:23 INFO  [GH3]:   Unknown(0x69d0dfaf) (QTypeInt) : 0
12:37:23 INFO  [GH3]:   Unknown(0x00000000) (QTypeQbKey) : 0xeafc692e
12:37:23 INFO  [GH3]:   Unknown(0xe787d761) (QTypePair) : (640, 480)
12:37:23 INFO  [GH3]:   Unknown(0xad8a5a63) (QTypePair) : (600, 80)
12:37:23 INFO  [GH3]:   Unknown(0x2fca0578) (QTypeQbArray) : Type:"QTypeQbArray" Size:1409136288
12:37:23 INFO  [GH3]: }
12:37:23 INFO  [GH3]: {
12:37:23 INFO  [GH3]:   Unknown(0xb30d9965) (QTypeInt) : 0
12:37:23 INFO  [GH3]:   Unknown(0x40c698af) (QTypeQbKey) : 0x8e1879ad
12:37:23 INFO  [GH3]: }
12:37:23 INFO  [GH3]: {
12:37:23 INFO  [GH3]:   Unknown(0xb30d9965) (QTypeInt) : 0
12:37:23 INFO  [GH3]:   Unknown(0x40c698af) (QTypeQbKey) : 0x677bdc98
12:37:23 INFO  [GH3]: }
12:37:23 INFO  [GH3]: {
12:37:23 INFO  [GH3]:   Unknown(0xb30d9965) (QTypeInt) : 0
12:37:23 INFO  [GH3]:   Unknown(0x40c698af) (QTypeQbKey) : 0x8975bdb4
12:37:23 INFO  [GH3]: }
12:37:23 INFO  [GH3]: {
12:37:23 INFO  [GH3]:   Unknown(0xb30d9965) (QTypeInt) : 0
12:37:23 INFO  [GH3]:   Unknown(0x40c698af) (QTypeQbKey) : 0x6ecd90b3
12:37:23 INFO  [GH3]: }
12:37:23 INFO  [GH3]: {
12:37:23 INFO  [GH3]:   Unknown(0xb30d9965) (QTypeInt) : 0
12:37:23 INFO  [GH3]:   Unknown(0x40c698af) (QTypeQbKey) : 0x4b3b4b42
12:37:23 INFO  [GH3]: }
12:37:23 INFO  [GH3]: {
12:37:23 INFO  [GH3]:   Unknown(0xb30d9965) (QTypeInt) : 0
12:37:23 INFO  [GH3]:   Unknown(0x40c698af) (QTypeQbKey) : 0xa5352a6e
12:37:23 INFO  [GH3]: }
12:37:23 INFO  [GH3]: {
12:37:23 INFO  [GH3]:   Unknown(0xb30d9965) (QTypeInt) : 0
12:37:23 INFO  [GH3]:   Unknown(0x40c698af) (QTypeQbKey) : 0x4c568f5b
12:37:23 INFO  [GH3]: }
12:37:23 INFO  [GH3]: {
12:37:23 INFO  [GH3]:   Unknown(0xb30d9965) (QTypeInt) : 0
12:37:23 INFO  [GH3]:   Unknown(0x40c698af) (QTypeQbKey) : 0xa258ee77
12:37:23 INFO  [GH3]: }
12:37:23 INFO  [GH3]: {
12:37:23 INFO  [GH3]:   Unknown(0xb30d9965) (QTypeInt) : 0
12:37:23 INFO  [GH3]:   Unknown(0x40c698af) (QTypeQbKey) : 0x45e0c370
12:37:23 INFO  [GH3]: }
12:37:23 INFO  [GH3]: {
12:37:23 INFO  [GH3]:   Unknown(0xb30d9965) (QTypeInt) : 0
12:37:23 INFO  [GH3]:   Unknown(0x40c698af) (QTypeQbKey) : 0x52207a03
12:37:23 INFO  [GH3]: }
12:37:24 INFO  [GH3]: {
12:37:24 INFO  [GH3]:   Unknown(0xb30d9965) (QTypeInt) : 0
12:37:24 INFO  [GH3]:   Unknown(0x40c698af) (QTypeQbKey) : 0x52207a03
12:37:24 INFO  [GH3]: }
12:37:25 INFO  [GH3]: {
12:37:25 INFO  [GH3]:   Unknown(0x83aaa1a0) (QTypeQbKey) : 0xeb323e20
12:37:25 INFO  [GH3]:   Unknown(0xdb616875) (QTypeInt) : 5
12:37:25 INFO  [GH3]:   Unknown(0xd8f1a5c6) (QTypeQbKey) : 0x975a3c68
12:37:25 INFO  [GH3]:   Unknown(0xb7822ed8) (QTypeInt) : 4294967295
12:37:25 INFO  [GH3]:   Unknown(0xcc12115e) (QTypeQbKey) : 0x806fff30
12:37:25 INFO  [GH3]:   Unknown(0x8a4c762d) (QTypeQbKey) : 0x806fff30
12:37:25 INFO  [GH3]: }
12:37:25 INFO  [GH3]: {
12:37:25 INFO  [GH3]:   Unknown(0x83aaa1a0) (QTypeQbKey) : 0xeb323e20
12:37:25 INFO  [GH3]:   Unknown(0xdb616875) (QTypeInt) : 5
12:37:25 INFO  [GH3]:   Unknown(0xd8f1a5c6) (QTypeQbKey) : 0x975a3c68
12:37:25 INFO  [GH3]:   Unknown(0xb7822ed8) (QTypeInt) : 4294967295
12:37:25 INFO  [GH3]:   Unknown(0xcc12115e) (QTypeQbKey) : 0x806fff30
12:37:25 INFO  [GH3]:   Unknown(0x8a4c762d) (QTypeQbKey) : 0x806fff30
12:37:25 INFO  [GH3]: }
12:37:25 INFO  [GH3]: {
12:37:25 INFO  [GH3]:   Unknown(0x2e41f796) (QTypeInt) : 8000
12:37:25 INFO  [GH3]: }
12:38:18 INFO  [GH3]: {
12:38:18 INFO  [GH3]:   Unknown(0x69d0dfaf) (QTypeInt) : 0
12:38:18 INFO  [GH3]:   Unknown(0x26bf66f3) (QTypeQbStruct) : 
12:38:18 INFO  [GH3]: 	{
12:38:18 INFO  [GH3]: 	  Unknown(0xc4745838) (QTypeStringPointer) : (not implemented, please report this to Vultu with your code!)
12:38:18 INFO  [GH3]: 	}
12:38:18 INFO  [GH3]:   Unknown(0xe787d761) (QTypePair) : (640, 490)
12:38:18 INFO  [GH3]:   Unknown(0xad8a5a63) (QTypePair) : (288, 64)
12:38:18 INFO  [GH3]:   Unknown(0x2fca0578) (QTypeQbArray) : Type:"QTypeQbArray" Size:1409132400
12:38:18 INFO  [GH3]: }
