12:58:23 INFO  [Nylon]: Wine was not detected. Assuming we are running on a Windows NT OS Please report this if this detection is an error.
12:58:23 INFO  [Nylon]: Minhook initialized!
12:58:23 INFO  [Nylon]: Setting up default hooks...
12:58:23 INFO  [Nylon]: Hooked function at address: 0x770689E0
12:58:23 INFO  [Nylon]: Hooked function at address: 0x77068320
12:58:23 INFO  [Nylon]: Hooked function at address: 0x77062520
12:58:23 INFO  [Nylon]: Hooked function at address: 0x00530970
12:58:23 INFO  [Nylon]: Hooked function at address: 0x00530940
12:58:23 INFO  [Nylon]: Hooked function at address: 0x004A1780
12:58:23 INFO  [Nylon]: Hooked function at address: 0x00472B50
12:58:23 INFO  [Nylon]: Hooked function at address: 0x0057B940
12:58:23 INFO  [Nylon]: Hooked function at address: 0x00601D30
12:58:23 INFO  [Nylon]: Hooked function at address: 0x0047DFA0
12:58:23 INFO  [Nylon]: Hooked function at address: 0x0057AE20
12:58:23 INFO  [Nylon]: Hooked function at address: 0x00D94EE8
12:58:23 INFO  [Nylon]: Hooked function at address: 0x004A6820
12:58:24 INFO  [Nylon]: Hooked function at address: 0x0047E5B0
12:58:24 INFO  [Nylon]: Finished setting up default hooks.
12:58:24 INFO  [Nylon]: Loading mods...
12:58:24 INFO  [Nylon]: Loading mods from: "C:\Games\Guitar Hero III\nylon\Mods"
12:58:24 INFO  [Nylon]: Checking for: "C:\Games\Guitar Hero III\nylon\Mods\GH3Deluxe\modinfo.json"...
12:58:24 INFO  [Nylon]: Loading...
12:58:24 INFO  [Nylon]: Found mod: gh3dx
12:58:24 INFO  [Nylon]: Finished loading mods.
12:58:24 INFO  [Nylon]: Finished Core Initialization!
12:58:24 INFO  [Nylon]: Expecting: "GH3Deluxe\pak\gh3dx.pak"
12:58:24 INFO  [Nylon]: Found it! Loading...
12:58:24 INFO  [Nylon]: Done!
12:58:25 INFO  [Nylon]: Hooking DirectX 9...
12:58:25 INFO  [Nylon]: Hooked function at address: 0x63116500
12:58:25 INFO  [Nylon]: Hooked function at address: 0x63116120
12:58:25 INFO  [Nylon]: Hooked function at address: 0x5918B040
12:58:25 ERROR [Nylon]: Failed to hook function at address: 0x5918B040 Error Code: 3
12:58:25 INFO  [Nylon]: Finished hooking DirectX 9.
12:58:25 INFO  [Nylon]: Hooked function at address: 0x5918C550
12:58:25 ERROR [Nylon]: Failed to hook function at address: 0x5918C550 Error Code: 3
12:58:25 INFO  [Nylon]: KeyboardSetCooperativeLevel -> 6
12:58:25 INFO  [Nylon]: KeyboardSetCooperativeLevel -> 5
12:58:31 INFO  [GH3]: {
12:58:31 INFO  [GH3]:   Unknown(0x69d0dfaf) (QTypeInt) : 0
12:58:31 INFO  [GH3]:   Unknown(0xd4c98794) (QTypeWString) : "CHECKING..."
12:58:31 INFO  [GH3]:   Unknown(0x26bf66f3) (QTypeQbStruct) : 
12:58:31 INFO  [GH3]: 	{
12:58:31 INFO  [GH3]: 	  Unknown(0xc4745838) (QTypeWString) : "Checking storage device..."
12:58:31 INFO  [GH3]: 	}
12:58:31 INFO  [GH3]: }
12:58:31 INFO  [GH3]: {
12:58:31 INFO  [GH3]:   Unknown(0x69d0dfaf) (QTypeInt) : 0
12:58:31 INFO  [GH3]:   Unknown(0x26bf66f3) (QTypeQbStruct) : 
12:58:31 INFO  [GH3]: 	{
12:58:31 INFO  [GH3]: 	  Unknown(0xc4745838) (QTypeWString) : "Game content is damaged and cannot be used. Do you want to delete this content? All progress within this save content will be lost."
12:58:31 INFO  [GH3]: 	  Unknown(0x34a68574) (QTypePair) : (800, 500)
12:58:31 INFO  [GH3]: 	  Unknown(0x7f261953) (QTypePair) : (640, 375)
12:58:31 INFO  [GH3]: 	  Unknown(0x13b9da7b) (QTypeFloat) : 0.5
12:58:31 INFO  [GH3]: 	}
12:58:31 INFO  [GH3]:   Unknown(0xe787d761) (QTypePair) : (640, 465)
12:58:31 INFO  [GH3]:   Unknown(0xad8a5a63) (QTypePair) : (256, 64)
12:58:31 INFO  [GH3]:   Unknown(0x2fca0578) (QTypeQbArray) : Type:"QTypeQbArray" Size:1105442144
12:58:31 INFO  [GH3]: }
12:58:31 INFO  [GH3]: {
12:58:31 INFO  [GH3]:   Unknown(0x69d0dfaf) (QTypeInt) : 0
12:58:31 INFO  [GH3]:   Unknown(0xd4c98794) (QTypeWString) : "SUCCESSFUL"
12:58:31 INFO  [GH3]:   Unknown(0x26bf66f3) (QTypeQbStruct) : 
12:58:31 INFO  [GH3]: 	{
12:58:31 INFO  [GH3]: 	  Unknown(0xc4745838) (QTypeWString) : "Load successful."
12:58:31 INFO  [GH3]: 	}
12:58:31 INFO  [GH3]: }
12:58:33 INFO  [GH3]: {
12:58:33 INFO  [GH3]:   Unknown(0x7323e97c) (QTypeQbArray) : Type:"QTypeQbArray" Size:1109291920
12:58:33 INFO  [GH3]: }
12:58:34 INFO  [GH3]: {
12:58:34 INFO  [GH3]:   Unknown(0x40c698af) (QTypeQbKey) : 0x8ddf6ba9
12:58:34 INFO  [GH3]: }
12:58:35 INFO  [GH3]: {
12:58:35 INFO  [GH3]:   Unknown(0x40c698af) (QTypeQbKey) : 0xed108a91
12:58:35 INFO  [GH3]: }
12:58:35 INFO  [GH3]: {
12:58:35 INFO  [GH3]:   Unknown(0x40c698af) (QTypeQbKey) : 0x31eebbd
12:58:35 INFO  [GH3]: }
12:58:35 INFO  [GH3]: {
12:58:35 INFO  [GH3]:   Unknown(0x40c698af) (QTypeQbKey) : 0xea7d4e88
12:58:35 INFO  [GH3]: }
12:58:35 INFO  [GH3]: {
12:58:35 INFO  [GH3]:   Unknown(0x40c698af) (QTypeQbKey) : 0x4732fa4
12:58:35 INFO  [GH3]: }
12:58:35 INFO  [GH3]: {
12:58:35 INFO  [GH3]:   Unknown(0xb30d9965) (QTypeInt) : 0
12:58:35 INFO  [GH3]:   Unknown(0x40c698af) (QTypeQbKey) : 0xb904fb93
12:58:35 INFO  [GH3]: }
12:58:35 INFO  [GH3]: {
12:58:35 INFO  [GH3]:   Unknown(0xb30d9965) (QTypeInt) : 0
12:58:35 INFO  [GH3]:   Unknown(0x40c698af) (QTypeQbKey) : 0x9cf22062
12:58:35 INFO  [GH3]: }
12:58:35 INFO  [GH3]: {
12:58:35 INFO  [GH3]:   Unknown(0xb30d9965) (QTypeInt) : 0
12:58:35 INFO  [GH3]:   Unknown(0x40c698af) (QTypeQbKey) : 0x72fc414e
12:58:35 INFO  [GH3]: }
12:58:35 INFO  [GH3]: {
12:58:35 INFO  [GH3]:   Unknown(0xb30d9965) (QTypeInt) : 0
12:58:35 INFO  [GH3]:   Unknown(0x40c698af) (QTypeQbKey) : 0x9b9fe47b
12:58:35 INFO  [GH3]: }
12:58:35 INFO  [GH3]: {
12:58:35 INFO  [GH3]:   Unknown(0xb30d9965) (QTypeInt) : 0
12:58:35 INFO  [GH3]:   Unknown(0x40c698af) (QTypeQbKey) : 0x75918557
12:58:35 INFO  [GH3]: }
12:58:35 INFO  [GH3]: {
12:58:35 INFO  [GH3]:   Unknown(0xb30d9965) (QTypeInt) : 0
12:58:35 INFO  [GH3]:   Unknown(0x40c698af) (QTypeQbKey) : 0x9229a850
12:58:35 INFO  [GH3]: }
12:58:35 INFO  [GH3]: {
12:58:35 INFO  [GH3]:   Unknown(0xb30d9965) (QTypeInt) : 0
12:58:35 INFO  [GH3]:   Unknown(0x40c698af) (QTypeQbKey) : 0x85e91123
12:58:35 INFO  [GH3]: }
12:58:35 INFO  [GH3]: {
12:58:35 INFO  [GH3]:   Unknown(0xb30d9965) (QTypeInt) : 0
12:58:35 INFO  [GH3]:   Unknown(0x40c698af) (QTypeQbKey) : 0x6be7700f
12:58:35 INFO  [GH3]: }
12:58:35 INFO  [GH3]: {
12:58:35 INFO  [GH3]:   Unknown(0xb30d9965) (QTypeInt) : 0
12:58:36 INFO  [GH3]:   Unknown(0x40c698af) (QTypeQbKey) : 0x8284d53a
12:58:36 INFO  [GH3]: }
12:58:36 INFO  [GH3]: {
12:58:36 INFO  [GH3]:   Unknown(0xb30d9965) (QTypeInt) : 0
12:58:36 INFO  [GH3]:   Unknown(0x40c698af) (QTypeQbKey) : 0x6c8ab416
12:58:36 INFO  [GH3]: }
12:58:36 INFO  [GH3]: {
12:58:36 INFO  [GH3]:   Unknown(0xb30d9965) (QTypeInt) : 0
12:58:36 INFO  [GH3]:   Unknown(0x40c698af) (QTypeQbKey) : 0x8b329911
12:58:36 INFO  [GH3]: }
12:58:36 INFO  [GH3]: {
12:58:36 INFO  [GH3]:   Unknown(0xb30d9965) (QTypeInt) : 0
12:58:36 INFO  [GH3]:   Unknown(0x40c698af) (QTypeQbKey) : 0xcaa887e4
12:58:36 INFO  [GH3]: }
12:58:36 INFO  [GH3]: {
12:58:36 INFO  [GH3]:   Unknown(0xb30d9965) (QTypeInt) : 0
12:58:36 INFO  [GH3]:   Unknown(0x40c698af) (QTypeQbKey) : 0x24a6e6c8
12:58:36 INFO  [GH3]: }
12:58:36 INFO  [GH3]: {
12:58:36 INFO  [GH3]:   Unknown(0xb30d9965) (QTypeInt) : 0
12:58:36 INFO  [GH3]:   Unknown(0x40c698af) (QTypeQbKey) : 0xcdc543fd
12:58:36 INFO  [GH3]: }
12:58:36 INFO  [GH3]: {
12:58:36 INFO  [GH3]:   Unknown(0xb30d9965) (QTypeInt) : 0
12:58:36 INFO  [GH3]:   Unknown(0x40c698af) (QTypeQbKey) : 0x23cb22d1
12:58:36 INFO  [GH3]: }
12:58:36 INFO  [GH3]: {
12:58:36 INFO  [GH3]:   Unknown(0xb30d9965) (QTypeInt) : 0
12:58:36 INFO  [GH3]:   Unknown(0x40c698af) (QTypeQbKey) : 0xc4730fd6
12:58:36 INFO  [GH3]: }
12:58:36 INFO  [GH3]: {
12:58:36 INFO  [GH3]:   Unknown(0xb30d9965) (QTypeInt) : 0
12:58:36 INFO  [GH3]:   Unknown(0x40c698af) (QTypeQbKey) : 0xd3b3b6a5
12:58:36 INFO  [GH3]: }
12:58:36 INFO  [GH3]: {
12:58:36 INFO  [GH3]:   Unknown(0xb30d9965) (QTypeInt) : 0
12:58:36 INFO  [GH3]:   Unknown(0x40c698af) (QTypeQbKey) : 0x3dbdd789
12:58:36 INFO  [GH3]: }
12:58:37 INFO  [GH3]: {
12:58:37 INFO  [GH3]:   Unknown(0xb30d9965) (QTypeInt) : 0
12:58:37 INFO  [GH3]:   Unknown(0x40c698af) (QTypeQbKey) : 0x3c581711
12:58:37 INFO  [GH3]: }
12:58:38 INFO  [GH3]: {
12:58:38 INFO  [GH3]:   Unknown(0xb30d9965) (QTypeInt) : 0
12:58:38 INFO  [GH3]:   Unknown(0x40c698af) (QTypeQbKey) : 0xd256763d
12:58:38 INFO  [GH3]: }
12:58:38 INFO  [GH3]: {
12:58:38 INFO  [GH3]:   Unknown(0xb30d9965) (QTypeInt) : 0
12:58:38 INFO  [GH3]:   Unknown(0x40c698af) (QTypeQbKey) : 0x35ee5b3a
12:58:38 INFO  [GH3]: }
12:58:38 INFO  [GH3]: {
12:58:38 INFO  [GH3]:   Unknown(0xb30d9965) (QTypeInt) : 0
12:58:38 INFO  [GH3]:   Unknown(0x40c698af) (QTypeQbKey) : 0x222ee249
12:58:38 INFO  [GH3]: }
12:58:39 INFO  [GH3]: {
12:58:39 INFO  [GH3]:   Unknown(0xb30d9965) (QTypeInt) : 0
12:58:39 INFO  [GH3]:   Unknown(0x40c698af) (QTypeQbKey) : 0xcc208365
12:58:39 INFO  [GH3]: }
12:58:40 INFO  [GH3]: {
12:58:40 INFO  [GH3]:   Unknown(0xb30d9965) (QTypeInt) : 0
12:58:40 INFO  [GH3]:   Unknown(0x40c698af) (QTypeQbKey) : 0x25432650
12:58:40 INFO  [GH3]: }
12:58:40 INFO  [GH3]: {
12:58:40 INFO  [GH3]:   Unknown(0xb30d9965) (QTypeInt) : 0
12:58:40 INFO  [GH3]:   Unknown(0x40c698af) (QTypeQbKey) : 0xcb4d477c
12:58:40 INFO  [GH3]: }
12:58:42 INFO  [GH3]: {
12:58:42 INFO  [GH3]:   Unknown(0xb30d9965) (QTypeInt) : 0
12:58:42 INFO  [GH3]:   Unknown(0x40c698af) (QTypeQbKey) : 0x2cf56a7b
12:58:42 INFO  [GH3]: }
12:58:42 INFO  [GH3]: {
12:58:42 INFO  [GH3]:   Unknown(0xb30d9965) (QTypeInt) : 0
12:58:42 INFO  [GH3]:   Unknown(0x40c698af) (QTypeQbKey) : 0xa5b6fe86
12:58:42 INFO  [GH3]: }
12:58:43 INFO  [GH3]: {
12:58:43 INFO  [GH3]:   Unknown(0xb30d9965) (QTypeInt) : 0
12:58:43 INFO  [GH3]:   Unknown(0x40c698af) (QTypeQbKey) : 0x4bb89faa
12:58:43 INFO  [GH3]: }
12:58:44 INFO  [GH3]: {
12:58:44 INFO  [GH3]:   Unknown(0xb30d9965) (QTypeInt) : 0
12:58:44 INFO  [GH3]:   Unknown(0x40c698af) (QTypeQbKey) : 0xa2db3a9f
12:58:44 INFO  [GH3]: }
12:58:46 INFO  [GH3]: {
12:58:46 INFO  [GH3]:   Unknown(0xb30d9965) (QTypeInt) : 0
12:58:46 INFO  [GH3]:   Unknown(0x40c698af) (QTypeQbKey) : 0x4cd55bb3
12:58:46 INFO  [GH3]: }
12:58:48 INFO  [GH3]: {
12:58:48 INFO  [GH3]:   Unknown(0xb30d9965) (QTypeInt) : 0
12:58:48 INFO  [GH3]:   Unknown(0x40c698af) (QTypeQbKey) : 0x4cd55bb3
12:58:48 INFO  [GH3]: }
12:58:48 INFO  [GH3]: {
12:58:48 INFO  [GH3]:   Unknown(0xb30d9965) (QTypeInt) : 0
12:58:48 INFO  [GH3]:   Unknown(0x40c698af) (QTypeQbKey) : 0xa2db3a9f
12:58:48 INFO  [GH3]: }
12:58:48 INFO  [GH3]: {
12:58:48 INFO  [GH3]:   Unknown(0xb30d9965) (QTypeInt) : 0
12:58:48 INFO  [GH3]:   Unknown(0x40c698af) (QTypeQbKey) : 0x4bb89faa
12:58:48 INFO  [GH3]: }
12:58:48 INFO  [GH3]: {
12:58:48 INFO  [GH3]:   Unknown(0xb30d9965) (QTypeInt) : 0
12:58:48 INFO  [GH3]:   Unknown(0x40c698af) (QTypeQbKey) : 0xa5b6fe86
12:58:48 INFO  [GH3]: }
12:58:48 INFO  [GH3]: {
12:58:48 INFO  [GH3]:   Unknown(0xb30d9965) (QTypeInt) : 0
12:58:48 INFO  [GH3]:   Unknown(0x40c698af) (QTypeQbKey) : 0x2cf56a7b
12:58:48 INFO  [GH3]: }
12:58:48 INFO  [GH3]: {
12:58:48 INFO  [GH3]:   Unknown(0xb30d9965) (QTypeInt) : 0
12:58:48 INFO  [GH3]:   Unknown(0x40c698af) (QTypeQbKey) : 0xd79ab450
12:58:48 INFO  [GH3]: }
12:58:49 INFO  [GH3]: {
12:58:49 INFO  [GH3]:   Unknown(0xb30d9965) (QTypeInt) : 0
12:58:49 INFO  [GH3]:   Unknown(0x40c698af) (QTypeQbKey) : 0x3994d57c
12:58:49 INFO  [GH3]: }
12:58:51 INFO  [GH3]: {
12:58:51 INFO  [GH3]:   Unknown(0xb30d9965) (QTypeInt) : 0
12:58:51 INFO  [GH3]:   Unknown(0x40c698af) (QTypeQbKey) : 0x3994d57c
12:58:51 INFO  [GH3]: }
12:58:55 INFO  [GH3]: {
12:58:55 INFO  [GH3]:   Unknown(0xb30d9965) (QTypeInt) : 0
12:58:55 INFO  [GH3]:   Unknown(0x40c698af) (QTypeQbKey) : 0xde2cf87b
12:58:55 INFO  [GH3]: }
12:58:56 INFO  [GH3]: {
12:58:56 INFO  [GH3]:   Unknown(0xb30d9965) (QTypeInt) : 0
12:58:56 INFO  [GH3]:   Unknown(0x40c698af) (QTypeQbKey) : 0xc9ec4108
12:58:56 INFO  [GH3]: }
12:58:56 INFO  [GH3]: {
12:58:56 INFO  [GH3]:   Unknown(0xb30d9965) (QTypeInt) : 0
12:58:56 INFO  [GH3]:   Unknown(0x40c698af) (QTypeQbKey) : 0x27e22024
12:58:56 INFO  [GH3]: }
12:58:57 INFO  [GH3]: {
12:58:57 INFO  [GH3]:   Unknown(0xb30d9965) (QTypeInt) : 0
12:58:57 INFO  [GH3]:   Unknown(0x40c698af) (QTypeQbKey) : 0xc9ec4108
12:58:57 INFO  [GH3]: }
12:58:57 INFO  [GH3]: {
12:58:57 INFO  [GH3]:   Unknown(0xb30d9965) (QTypeInt) : 0
12:58:57 INFO  [GH3]:   Unknown(0x40c698af) (QTypeQbKey) : 0xde2cf87b
12:58:57 INFO  [GH3]: }
12:58:58 INFO  [GH3]: {
12:58:58 INFO  [GH3]:   Unknown(0xb30d9965) (QTypeInt) : 0
12:58:58 INFO  [GH3]:   Unknown(0x40c698af) (QTypeQbKey) : 0x3994d57c
12:58:58 INFO  [GH3]: }
12:59:00 INFO  [GH3]: {
12:59:00 INFO  [GH3]:   Unknown(0xb30d9965) (QTypeInt) : 0
12:59:00 INFO  [GH3]:   Unknown(0x40c698af) (QTypeQbKey) : 0x3994d57c
12:59:00 INFO  [GH3]: }
12:59:01 INFO  [GH3]: {
12:59:01 INFO  [GH3]:   Unknown(0xb30d9965) (QTypeInt) : 0
12:59:01 INFO  [GH3]:   Unknown(0x40c698af) (QTypeQbKey) : 0xde2cf87b
12:59:01 INFO  [GH3]: }
12:59:02 INFO  [GH3]: {
12:59:02 INFO  [GH3]:   Unknown(0xb30d9965) (QTypeInt) : 0
12:59:02 INFO  [GH3]:   Unknown(0x40c698af) (QTypeQbKey) : 0xc9ec4108
12:59:02 INFO  [GH3]: }
12:59:02 INFO  [GH3]: {
12:59:02 INFO  [GH3]:   Unknown(0xb30d9965) (QTypeInt) : 0
12:59:02 INFO  [GH3]:   Unknown(0x40c698af) (QTypeQbKey) : 0x27e22024
12:59:02 INFO  [GH3]: }
12:59:04 INFO  [GH3]: {
12:59:04 INFO  [GH3]:   Unknown(0xb30d9965) (QTypeInt) : 0
12:59:04 INFO  [GH3]:   Unknown(0x40c698af) (QTypeQbKey) : 0xce818511
12:59:04 INFO  [GH3]: }
12:59:05 INFO  [GH3]: {
12:59:05 INFO  [GH3]:   Unknown(0xb30d9965) (QTypeInt) : 0
12:59:05 INFO  [GH3]:   Unknown(0x40c698af) (QTypeQbKey) : 0x208fe43d
12:59:05 INFO  [GH3]: }
12:59:06 INFO  [GH3]: {
12:59:06 INFO  [GH3]:   Unknown(0xb30d9965) (QTypeInt) : 0
12:59:06 INFO  [GH3]:   Unknown(0x40c698af) (QTypeQbKey) : 0xc737c93a
12:59:06 INFO  [GH3]: }
12:59:06 INFO  [GH3]: {
12:59:06 INFO  [GH3]:   Unknown(0xb30d9965) (QTypeInt) : 0
12:59:06 INFO  [GH3]:   Unknown(0x40c698af) (QTypeQbKey) : 0x208fe43d
12:59:06 INFO  [GH3]: }
12:59:07 INFO  [GH3]: {
12:59:07 INFO  [GH3]:   Unknown(0xb30d9965) (QTypeInt) : 0
12:59:07 INFO  [GH3]:   Unknown(0x40c698af) (QTypeQbKey) : 0xce818511
12:59:07 INFO  [GH3]: }
12:59:07 INFO  [GH3]: {
12:59:07 INFO  [GH3]:   Unknown(0x83aaa1a0) (QTypeQbKey) : 0xeb323e20
12:59:07 INFO  [GH3]:   Unknown(0xdb616875) (QTypeInt) : 3
12:59:07 INFO  [GH3]:   Unknown(0xd8f1a5c6) (QTypeQbKey) : 0xf52612f7
12:59:07 INFO  [GH3]:   Unknown(0xb7822ed8) (QTypeInt) : 4294967295
12:59:07 INFO  [GH3]:   Unknown(0xcc12115e) (QTypeQbKey) : 0x806fff30
12:59:07 INFO  [GH3]:   Unknown(0x8a4c762d) (QTypeQbKey) : 0x806fff30
12:59:07 INFO  [GH3]: }
12:59:07 INFO  [GH3]: {
12:59:07 INFO  [GH3]:   Unknown(0x00000000) (QTypeQbKey) : 0x6086aa70
12:59:07 INFO  [GH3]:   Unknown(0x520c0c9c) (QTypeQbKey) : 0x806fff30
12:59:07 INFO  [GH3]:   Unknown(0x26861025) (QTypeQbKey) : 0x0000
12:59:07 INFO  [GH3]:   Unknown(0xec953eec) (QTypeInt) : 0
12:59:07 INFO  [GH3]: }
12:59:07 INFO  [GH3]: {
12:59:07 INFO  [GH3]:   Unknown(0x83aaa1a0) (QTypeQbKey) : 0xeb323e20
12:59:07 INFO  [GH3]:   Unknown(0xdb616875) (QTypeInt) : 3
12:59:07 INFO  [GH3]:   Unknown(0xd8f1a5c6) (QTypeQbKey) : 0xf52612f7
12:59:07 INFO  [GH3]:   Unknown(0xb7822ed8) (QTypeInt) : 4294967295
12:59:07 INFO  [GH3]:   Unknown(0xcc12115e) (QTypeQbKey) : 0x806fff30
12:59:07 INFO  [GH3]:   Unknown(0x8a4c762d) (QTypeQbKey) : 0x806fff30
12:59:07 INFO  [GH3]: }
12:59:07 INFO  [GH3]: {
12:59:07 INFO  [GH3]:   Unknown(0x00000000) (QTypeQbKey) : 0xff03cc4e
12:59:07 INFO  [GH3]:   Unknown(0x520c0c9c) (QTypeQbKey) : 0x806fff30
12:59:07 INFO  [GH3]:   Unknown(0x26861025) (QTypeQbKey) : 0x0000
12:59:07 INFO  [GH3]:   Unknown(0xec953eec) (QTypeInt) : 0
12:59:07 INFO  [GH3]: }
12:59:07 INFO  [GH3]: {
12:59:07 INFO  [GH3]:   Unknown(0x00000000) (QTypeQbKey) : 0xff03cc4e
12:59:07 INFO  [GH3]:   Unknown(0x520c0c9c) (QTypeQbKey) : 0x806fff30
12:59:07 INFO  [GH3]:   Unknown(0x26861025) (QTypeQbKey) : 0x0000
12:59:07 INFO  [GH3]:   Unknown(0xec953eec) (QTypeInt) : 0
12:59:07 INFO  [GH3]: }
12:59:07 INFO  [GH3]: {
12:59:07 INFO  [GH3]:   Unknown(0x00000000) (QTypeQbKey) : 0xff03cc4e
12:59:07 INFO  [GH3]:   Unknown(0x520c0c9c) (QTypeQbKey) : 0x806fff30
12:59:07 INFO  [GH3]:   Unknown(0x26861025) (QTypeQbKey) : 0x0000
12:59:07 INFO  [GH3]:   Unknown(0xec953eec) (QTypeInt) : 0
12:59:07 INFO  [GH3]: }
12:59:07 INFO  [GH3]: {
12:59:07 INFO  [GH3]:   Unknown(0x00000000) (QTypeQbKey) : 0xff03cc4e
12:59:07 INFO  [GH3]:   Unknown(0x520c0c9c) (QTypeQbKey) : 0x806fff30
12:59:07 INFO  [GH3]:   Unknown(0x26861025) (QTypeQbKey) : 0x0000
12:59:07 INFO  [GH3]:   Unknown(0xec953eec) (QTypeInt) : 0
12:59:07 INFO  [GH3]: }
12:59:08 INFO  [GH3]: {
12:59:08 INFO  [GH3]:   Unknown(0x00000000) (QTypeQbKey) : 0xff03cc4e
12:59:08 INFO  [GH3]:   Unknown(0x520c0c9c) (QTypeQbKey) : 0x806fff30
12:59:08 INFO  [GH3]:   Unknown(0x26861025) (QTypeQbKey) : 0x0000
12:59:08 INFO  [GH3]:   Unknown(0xec953eec) (QTypeInt) : 0
12:59:08 INFO  [GH3]: }
12:59:08 INFO  [GH3]: {
12:59:08 INFO  [GH3]:   Unknown(0x00000000) (QTypeQbKey) : 0xff03cc4e
12:59:08 INFO  [GH3]:   Unknown(0x520c0c9c) (QTypeQbKey) : 0x806fff30
12:59:08 INFO  [GH3]:   Unknown(0x26861025) (QTypeQbKey) : 0x0000
12:59:08 INFO  [GH3]:   Unknown(0xec953eec) (QTypeInt) : 0
12:59:08 INFO  [GH3]: }
12:59:08 INFO  [GH3]: {
12:59:08 INFO  [GH3]:   Unknown(0x00000000) (QTypeQbKey) : 0xff03cc4e
12:59:08 INFO  [GH3]:   Unknown(0x520c0c9c) (QTypeQbKey) : 0x806fff30
12:59:08 INFO  [GH3]:   Unknown(0x26861025) (QTypeQbKey) : 0x0000
12:59:08 INFO  [GH3]:   Unknown(0xec953eec) (QTypeInt) : 0
12:59:08 INFO  [GH3]: }
12:59:08 INFO  [GH3]: {
12:59:08 INFO  [GH3]:   Unknown(0x00000000) (QTypeQbKey) : 0xff03cc4e
12:59:08 INFO  [GH3]:   Unknown(0x520c0c9c) (QTypeQbKey) : 0x806fff30
12:59:08 INFO  [GH3]:   Unknown(0x26861025) (QTypeQbKey) : 0x0000
12:59:08 INFO  [GH3]:   Unknown(0xec953eec) (QTypeInt) : 0
12:59:08 INFO  [GH3]: }
12:59:08 INFO  [GH3]: {
12:59:08 INFO  [GH3]:   Unknown(0x00000000) (QTypeQbKey) : 0xff03cc4e
12:59:08 INFO  [GH3]:   Unknown(0x520c0c9c) (QTypeQbKey) : 0x806fff30
12:59:08 INFO  [GH3]:   Unknown(0x26861025) (QTypeQbKey) : 0x0000
12:59:08 INFO  [GH3]:   Unknown(0xec953eec) (QTypeInt) : 0
12:59:08 INFO  [GH3]: }
12:59:08 INFO  [GH3]: {
12:59:08 INFO  [GH3]:   Unknown(0x00000000) (QTypeQbKey) : 0xff03cc4e
12:59:08 INFO  [GH3]:   Unknown(0x520c0c9c) (QTypeQbKey) : 0x806fff30
12:59:08 INFO  [GH3]:   Unknown(0x26861025) (QTypeQbKey) : 0x0000
12:59:08 INFO  [GH3]:   Unknown(0xec953eec) (QTypeInt) : 0
12:59:08 INFO  [GH3]: }
12:59:08 INFO  [GH3]: {
12:59:08 INFO  [GH3]:   Unknown(0x2e41f796) (QTypeInt) : 8000
12:59:08 INFO  [GH3]: }
12:59:11 INFO  [GH3]: {
12:59:11 INFO  [GH3]:   Unknown(0x83aaa1a0) (QTypeQbKey) : 0xeb323e20
12:59:11 INFO  [GH3]:   Unknown(0xdb616875) (QTypeInt) : 3
12:59:11 INFO  [GH3]:   Unknown(0xd8f1a5c6) (QTypeQbKey) : 0xf52612f7
12:59:11 INFO  [GH3]:   Unknown(0xb7822ed8) (QTypeInt) : 4
12:59:11 INFO  [GH3]:   Unknown(0xcc12115e) (QTypeQbKey) : 0x2fd14a88
12:59:11 INFO  [GH3]:   Unknown(0x8a4c762d) (QTypeQbKey) : 0x7c351c4a
12:59:11 INFO  [GH3]: }
12:59:11 INFO  [GH3]: {
12:59:11 INFO  [GH3]:   Unknown(0x83aaa1a0) (QTypeQbKey) : 0xeb323e20
12:59:11 INFO  [GH3]:   Unknown(0xdb616875) (QTypeInt) : 3
12:59:11 INFO  [GH3]:   Unknown(0xd8f1a5c6) (QTypeQbKey) : 0xf52612f7
12:59:11 INFO  [GH3]:   Unknown(0xb7822ed8) (QTypeInt) : 4
12:59:11 INFO  [GH3]:   Unknown(0xcc12115e) (QTypeQbKey) : 0x2fd14a88
12:59:11 INFO  [GH3]:   Unknown(0x8a4c762d) (QTypeQbKey) : 0x7c351c4a
12:59:11 INFO  [GH3]: }
12:59:11 INFO  [GH3]: {
12:59:11 INFO  [GH3]:   Unknown(0x7321a8d6) (QTypeQbKey) : 0xbbda0406
12:59:11 INFO  [GH3]: }
13:00:00 INFO  [GH3]: {
13:00:00 INFO  [GH3]:   Unknown(0x26bf66f3) (QTypeQbStruct) : 
13:00:00 INFO  [GH3]: 	{
13:00:00 INFO  [GH3]: 	  Unknown(0xc4745838) (QTypeWString) : "You will lose all unsaved progress if you quit. Are you sure you want to quit this song?"
13:00:00 INFO  [GH3]: 	  Unknown(0x34a68574) (QTypePair) : (600, 400)
13:00:00 INFO  [GH3]: 	  Unknown(0x13b9da7b) (QTypeFloat) : 0.6
13:00:00 INFO  [GH3]: 	}
13:00:00 INFO  [GH3]:   Unknown(0x69d0dfaf) (QTypeInt) : 0
13:00:00 INFO  [GH3]:   Unknown(0x00000000) (QTypeQbKey) : 0xeafc692e
13:00:00 INFO  [GH3]:   Unknown(0xe787d761) (QTypePair) : (640, 480)
13:00:00 INFO  [GH3]:   Unknown(0xad8a5a63) (QTypePair) : (600, 80)
13:00:00 INFO  [GH3]:   Unknown(0x2fca0578) (QTypeQbArray) : Type:"QTypeQbArray" Size:1375344128
13:00:00 INFO  [GH3]: }
13:00:01 INFO  [GH3]: {
13:00:01 INFO  [GH3]:   Unknown(0x69d0dfaf) (QTypeInt) : 0
13:00:01 INFO  [GH3]:   Unknown(0xd4c98794) (QTypeWString) : "SAVING..."
13:00:01 INFO  [GH3]:   Unknown(0x26bf66f3) (QTypeQbStruct) : 
13:00:01 INFO  [GH3]: 	{
13:00:01 INFO  [GH3]: 	  Unknown(0xc4745838) (QTypeWString) : "Saving Content."
13:00:01 INFO  [GH3]: 	}
13:00:01 INFO  [GH3]: }
13:00:01 INFO  [GH3]: {
13:00:01 INFO  [GH3]:   Unknown(0xb30d9965) (QTypeInt) : 0
13:00:01 INFO  [GH3]:   Unknown(0x40c698af) (QTypeQbKey) : 0xb4603d2b
13:00:01 INFO  [GH3]: }
13:00:01 INFO  [GH3]: {
13:00:01 INFO  [GH3]:   Unknown(0xb30d9965) (QTypeInt) : 0
13:00:01 INFO  [GH3]:   Unknown(0x40c698af) (QTypeQbKey) : 0x53d8102c
13:00:01 INFO  [GH3]: }
13:00:01 INFO  [GH3]: {
13:00:01 INFO  [GH3]:   Unknown(0xb30d9965) (QTypeInt) : 0
13:00:01 INFO  [GH3]:   Unknown(0x40c698af) (QTypeQbKey) : 0x4418a95f
13:00:01 INFO  [GH3]: }
13:00:01 INFO  [GH3]: {
13:00:01 INFO  [GH3]:   Unknown(0xb30d9965) (QTypeInt) : 0
13:00:01 INFO  [GH3]:   Unknown(0x40c698af) (QTypeQbKey) : 0xaa16c873
13:00:01 INFO  [GH3]: }
13:00:01 INFO  [GH3]: {
13:00:01 INFO  [GH3]:   Unknown(0xb30d9965) (QTypeInt) : 0
13:00:01 INFO  [GH3]:   Unknown(0x40c698af) (QTypeQbKey) : 0x43756d46
13:00:01 INFO  [GH3]: }
13:00:02 INFO  [GH3]: {
13:00:02 INFO  [GH3]:   Unknown(0xb30d9965) (QTypeInt) : 0
13:00:02 INFO  [GH3]:   Unknown(0x40c698af) (QTypeQbKey) : 0xad7b0c6a
13:00:02 INFO  [GH3]: }
13:00:03 INFO  [GH3]: {
13:00:03 INFO  [GH3]:   Unknown(0xb30d9965) (QTypeInt) : 0
13:00:03 INFO  [GH3]:   Unknown(0x40c698af) (QTypeQbKey) : 0xad7b0c6a
13:00:03 INFO  [GH3]: }
13:00:03 INFO  [GH3]: {
13:00:03 INFO  [GH3]:   Unknown(0xb30d9965) (QTypeInt) : 0
13:00:03 INFO  [GH3]:   Unknown(0x40c698af) (QTypeQbKey) : 0x4ac3216d
13:00:03 INFO  [GH3]: }
13:00:03 INFO  [GH3]: {
13:00:03 INFO  [GH3]:   Unknown(0xb30d9965) (QTypeInt) : 0
13:00:03 INFO  [GH3]:   Unknown(0x40c698af) (QTypeQbKey) : 0xc380b590
13:00:03 INFO  [GH3]: }
13:00:04 INFO  [GH3]: {
13:00:04 INFO  [GH3]:   Unknown(0xb30d9965) (QTypeInt) : 0
13:00:04 INFO  [GH3]:   Unknown(0x40c698af) (QTypeQbKey) : 0x2d8ed4bc
13:00:04 INFO  [GH3]: }
13:00:05 INFO  [GH3]: {
13:00:05 INFO  [GH3]:   Unknown(0xb30d9965) (QTypeInt) : 0
13:00:05 INFO  [GH3]:   Unknown(0x40c698af) (QTypeQbKey) : 0xc4ed7189
13:00:05 INFO  [GH3]: }
13:00:06 INFO  [GH3]: {
13:00:06 INFO  [GH3]:   Unknown(0xb30d9965) (QTypeInt) : 0
13:00:06 INFO  [GH3]:   Unknown(0x40c698af) (QTypeQbKey) : 0x2ae310a5
13:00:06 INFO  [GH3]: }
13:00:08 INFO  [GH3]: {
13:00:08 INFO  [GH3]:   Unknown(0xb30d9965) (QTypeInt) : 0
13:00:08 INFO  [GH3]:   Unknown(0x40c698af) (QTypeQbKey) : 0xcd5b3da2
13:00:08 INFO  [GH3]: }
13:00:08 INFO  [GH3]: {
13:00:08 INFO  [GH3]:   Unknown(0xb30d9965) (QTypeInt) : 0
13:00:08 INFO  [GH3]:   Unknown(0x40c698af) (QTypeQbKey) : 0xda9b84d1
13:00:08 INFO  [GH3]: }
13:00:09 INFO  [GH3]: {
13:00:09 INFO  [GH3]:   Unknown(0xb30d9965) (QTypeInt) : 0
13:00:09 INFO  [GH3]:   Unknown(0x40c698af) (QTypeQbKey) : 0x3495e5fd
13:00:09 INFO  [GH3]: }
13:00:10 INFO  [GH3]: {
13:00:10 INFO  [GH3]:   Unknown(0xb30d9965) (QTypeInt) : 0
13:00:10 INFO  [GH3]:   Unknown(0x40c698af) (QTypeQbKey) : 0x3495e5fd
13:00:10 INFO  [GH3]: }
13:00:11 INFO  [GH3]: {
13:00:11 INFO  [GH3]:   Unknown(0xb30d9965) (QTypeInt) : 0
13:00:11 INFO  [GH3]:   Unknown(0x40c698af) (QTypeQbKey) : 0xda9b84d1
13:00:11 INFO  [GH3]: }
13:00:11 INFO  [GH3]: {
13:00:11 INFO  [GH3]:   Unknown(0xb30d9965) (QTypeInt) : 0
13:00:11 INFO  [GH3]:   Unknown(0x40c698af) (QTypeQbKey) : 0xcd5b3da2
13:00:11 INFO  [GH3]: }
13:00:11 INFO  [GH3]: {
13:00:11 INFO  [GH3]:   Unknown(0xb30d9965) (QTypeInt) : 0
13:00:11 INFO  [GH3]:   Unknown(0x40c698af) (QTypeQbKey) : 0x2ae310a5
13:00:11 INFO  [GH3]: }
13:00:11 INFO  [GH3]: {
13:00:11 INFO  [GH3]:   Unknown(0xb30d9965) (QTypeInt) : 0
13:00:11 INFO  [GH3]:   Unknown(0x40c698af) (QTypeQbKey) : 0xc4ed7189
13:00:11 INFO  [GH3]: }
13:00:11 INFO  [GH3]: {
13:00:11 INFO  [GH3]:   Unknown(0xb30d9965) (QTypeInt) : 0
13:00:11 INFO  [GH3]:   Unknown(0x40c698af) (QTypeQbKey) : 0x2d8ed4bc
13:00:11 INFO  [GH3]: }
13:00:11 INFO  [GH3]: {
13:00:11 INFO  [GH3]:   Unknown(0xb30d9965) (QTypeInt) : 0
13:00:11 INFO  [GH3]:   Unknown(0x40c698af) (QTypeQbKey) : 0xc380b590
13:00:11 INFO  [GH3]: }
13:00:11 INFO  [GH3]: {
13:00:11 INFO  [GH3]:   Unknown(0xb30d9965) (QTypeInt) : 0
13:00:11 INFO  [GH3]:   Unknown(0x40c698af) (QTypeQbKey) : 0x4ac3216d
13:00:11 INFO  [GH3]: }
13:00:11 INFO  [GH3]: {
13:00:11 INFO  [GH3]:   Unknown(0xb30d9965) (QTypeInt) : 0
13:00:11 INFO  [GH3]:   Unknown(0x40c698af) (QTypeQbKey) : 0xad7b0c6a
13:00:11 INFO  [GH3]: }
13:00:12 INFO  [GH3]: {
13:00:12 INFO  [GH3]:   Unknown(0xb30d9965) (QTypeInt) : 0
13:00:12 INFO  [GH3]:   Unknown(0x40c698af) (QTypeQbKey) : 0x43756d46
13:00:12 INFO  [GH3]: }
13:00:12 INFO  [GH3]: {
13:00:12 INFO  [GH3]:   Unknown(0xb30d9965) (QTypeInt) : 0
13:00:12 INFO  [GH3]:   Unknown(0x40c698af) (QTypeQbKey) : 0xaa16c873
13:00:12 INFO  [GH3]: }
13:00:12 INFO  [GH3]: {
13:00:12 INFO  [GH3]:   Unknown(0xb30d9965) (QTypeInt) : 0
13:00:12 INFO  [GH3]:   Unknown(0x40c698af) (QTypeQbKey) : 0x4418a95f
13:00:12 INFO  [GH3]: }
13:00:12 INFO  [GH3]: {
13:00:12 INFO  [GH3]:   Unknown(0xb30d9965) (QTypeInt) : 0
13:00:12 INFO  [GH3]:   Unknown(0x40c698af) (QTypeQbKey) : 0x53d8102c
13:00:12 INFO  [GH3]: }
13:00:13 INFO  [GH3]: {
13:00:13 INFO  [GH3]:   Unknown(0x83aaa1a0) (QTypeQbKey) : 0xeb323e20
13:00:13 INFO  [GH3]:   Unknown(0xdb616875) (QTypeInt) : 1
13:00:13 INFO  [GH3]:   Unknown(0xd8f1a5c6) (QTypeQbKey) : 0xcd5f77de
13:00:13 INFO  [GH3]:   Unknown(0xb7822ed8) (QTypeInt) : 4
13:00:13 INFO  [GH3]:   Unknown(0xcc12115e) (QTypeQbKey) : 0x846455dc
13:00:13 INFO  [GH3]:   Unknown(0x8a4c762d) (QTypeQbKey) : 0x923b7d66
13:00:13 INFO  [GH3]: }
13:00:13 INFO  [GH3]: {
13:00:13 INFO  [GH3]:   Unknown(0x00000000) (QTypeQbKey) : 0xff03cc4e
13:00:13 INFO  [GH3]:   Unknown(0x520c0c9c) (QTypeQbKey) : 0x806fff30
13:00:13 INFO  [GH3]:   Unknown(0x26861025) (QTypeQbKey) : 0x0000
13:00:13 INFO  [GH3]:   Unknown(0xec953eec) (QTypeInt) : 0
13:00:13 INFO  [GH3]: }
13:00:13 INFO  [GH3]: {
13:00:13 INFO  [GH3]:   Unknown(0x83aaa1a0) (QTypeQbKey) : 0xeb323e20
13:00:13 INFO  [GH3]:   Unknown(0xdb616875) (QTypeInt) : 1
13:00:13 INFO  [GH3]:   Unknown(0xd8f1a5c6) (QTypeQbKey) : 0xcd5f77de
13:00:13 INFO  [GH3]:   Unknown(0xb7822ed8) (QTypeInt) : 4
13:00:13 INFO  [GH3]:   Unknown(0xcc12115e) (QTypeQbKey) : 0x846455dc
13:00:13 INFO  [GH3]:   Unknown(0x8a4c762d) (QTypeQbKey) : 0x923b7d66
13:00:13 INFO  [GH3]: }
13:00:13 INFO  [GH3]: {
13:00:13 INFO  [GH3]:   Unknown(0x7321a8d6) (QTypeQbKey) : 0xe5fa3adf
13:00:13 INFO  [GH3]: }
13:00:14 INFO  [GH3]: {
13:00:14 INFO  [GH3]:   Unknown(0x26bf66f3) (QTypeQbStruct) : 
13:00:14 INFO  [GH3]: 	{
13:00:14 INFO  [GH3]: 	  Unknown(0xc4745838) (QTypeWString) : "You will lose all unsaved progress if you restart. Are you sure you want to restart this song?"
13:00:14 INFO  [GH3]: 	  Unknown(0x34a68574) (QTypePair) : (600, 400)
13:00:14 INFO  [GH3]: 	  Unknown(0x13b9da7b) (QTypeFloat) : 0.6
13:00:14 INFO  [GH3]: 	}
13:00:14 INFO  [GH3]:   Unknown(0x69d0dfaf) (QTypeInt) : 0
13:00:14 INFO  [GH3]:   Unknown(0x00000000) (QTypeQbKey) : 0xeafc692e
13:00:14 INFO  [GH3]:   Unknown(0xe787d761) (QTypePair) : (640, 480)
13:00:14 INFO  [GH3]:   Unknown(0xad8a5a63) (QTypePair) : (600, 80)
13:00:14 INFO  [GH3]:   Unknown(0x2fca0578) (QTypeQbArray) : Type:"QTypeQbArray" Size:1375331968
13:00:14 INFO  [GH3]: }
13:00:14 INFO  [GH3]: {
13:00:14 INFO  [GH3]:   Unknown(0x83aaa1a0) (QTypeQbKey) : 0xeb323e20
13:00:14 INFO  [GH3]:   Unknown(0xdb616875) (QTypeInt) : 1
13:00:14 INFO  [GH3]:   Unknown(0xd8f1a5c6) (QTypeQbKey) : 0xcd5f77de
13:00:14 INFO  [GH3]:   Unknown(0xb7822ed8) (QTypeInt) : 4294967295
13:00:14 INFO  [GH3]:   Unknown(0xcc12115e) (QTypeQbKey) : 0x806fff30
13:00:14 INFO  [GH3]:   Unknown(0x8a4c762d) (QTypeQbKey) : 0x806fff30
13:00:14 INFO  [GH3]: }
13:00:14 INFO  [GH3]: {
13:00:14 INFO  [GH3]:   Unknown(0x83aaa1a0) (QTypeQbKey) : 0xeb323e20
13:00:14 INFO  [GH3]:   Unknown(0xdb616875) (QTypeInt) : 1
13:00:14 INFO  [GH3]:   Unknown(0xd8f1a5c6) (QTypeQbKey) : 0xcd5f77de
13:00:14 INFO  [GH3]:   Unknown(0xb7822ed8) (QTypeInt) : 4294967295
13:00:14 INFO  [GH3]:   Unknown(0xcc12115e) (QTypeQbKey) : 0x806fff30
13:00:14 INFO  [GH3]:   Unknown(0x8a4c762d) (QTypeQbKey) : 0x806fff30
13:00:14 INFO  [GH3]: }
13:00:14 INFO  [GH3]: {
13:00:14 INFO  [GH3]:   Unknown(0x2e41f796) (QTypeInt) : 3000
13:00:14 INFO  [GH3]:   Unknown(0x00000000) (QTypeQbKey) : 0xda99b63b
13:00:14 INFO  [GH3]: }
13:00:20 INFO  [GH3]: {
13:00:20 INFO  [GH3]:   Unknown(0x7321a8d6) (QTypeQbKey) : 0x8013cbb1
13:00:20 INFO  [GH3]: }
13:00:20 INFO  [GH3]: {
13:00:20 INFO  [GH3]:   Unknown(0xd24f570c) (QTypeQbKey) : 0xcd5f77de
13:00:20 INFO  [GH3]:   Unknown(0xff037ad9) (QTypeInt) : 100
13:00:20 INFO  [GH3]:   Unknown(0x006485e7) (QTypeInt) : 0
13:00:20 INFO  [GH3]:   Unknown(0x6a3568fb) (QTypeCString) : "avengedsevenfold-afterlife"
13:00:20 INFO  [GH3]:   Unknown(0x1fe8a064) (QTypeQbKey) : 0x92d9d3b3
13:00:20 INFO  [GH3]:   Unknown(0xdcd6cb13) (QTypeCString) : "z_soundcheck"
13:00:20 INFO  [GH3]:   Unknown(0x77f45f83) (QTypeQbKey) : 0xba851c4
13:00:20 INFO  [GH3]:   Unknown(0x5f995af1) (QTypeQbKey) : 0x520dfcc4
13:00:20 INFO  [GH3]:   Unknown(0xc90bb972) (QTypeQbKey) : 0xfefc4c0f
13:00:20 INFO  [GH3]: }
