13:31:15 INFO  [Nylon]: Wine was not detected. Assuming we are running on a Windows NT OS Please report this if this detection is an error.
13:31:15 INFO  [Nylon]: Minhook initialized!
13:31:15 INFO  [Nylon]: Setting up default hooks...
13:31:15 INFO  [Nylon]: Hooked function at address: 0x757889E0
13:31:15 INFO  [Nylon]: Hooked function at address: 0x75788320
13:31:15 INFO  [Nylon]: Hooked function at address: 0x75782520
13:31:15 INFO  [Nylon]: Hooked function at address: 0x00530970
13:31:15 INFO  [Nylon]: Hooked function at address: 0x00530940
13:31:15 INFO  [Nylon]: Hooked function at address: 0x004A1780
13:31:15 INFO  [Nylon]: Hooked function at address: 0x00472B50
13:31:15 INFO  [Nylon]: Hooked function at address: 0x0057B940
13:31:15 INFO  [Nylon]: Hooked function at address: 0x00601D30
13:31:15 INFO  [Nylon]: Hooked function at address: 0x0047DFA0
13:31:16 INFO  [Nylon]: Hooked function at address: 0x0057AE20
13:31:16 INFO  [Nylon]: Hooked function at address: 0x00D94EE8
13:31:16 INFO  [Nylon]: Hooked function at address: 0x004A6820
13:31:16 INFO  [Nylon]: Hooked function at address: 0x0047E5B0
13:31:16 INFO  [Nylon]: Finished setting up default hooks.
13:31:16 INFO  [Nylon]: Loading mods...
13:31:16 INFO  [Nylon]: Loading mods from: "C:\Games\Guitar Hero III\nylon\Mods"
13:31:16 INFO  [Nylon]: Checking for: "C:\Games\Guitar Hero III\nylon\Mods\GH3Deluxe\modinfo.json"...
13:31:16 INFO  [Nylon]: Loading...
13:31:16 INFO  [Nylon]: Found mod: gh3dx
13:31:16 INFO  [Nylon]: Finished loading mods.
13:31:16 INFO  [Nylon]: Finished Core Initialization!
13:31:17 INFO  [Nylon]: Expecting: "GH3Deluxe\pak\gh3dx.pak"
13:31:17 INFO  [Nylon]: Found it! Loading...
13:31:17 INFO  [Nylon]: Done!
13:31:17 INFO  [Nylon]: Hooking DirectX 9...
13:31:17 INFO  [Nylon]: Hooked function at address: 0x58706500
13:31:17 INFO  [Nylon]: Hooked function at address: 0x58706120
13:31:17 INFO  [Nylon]: Hooked function at address: 0x7AEBB040
13:31:17 ERROR [Nylon]: Failed to hook function at address: 0x7AEBB040 Error Code: 3
13:31:17 INFO  [Nylon]: Finished hooking DirectX 9.
13:31:17 INFO  [Nylon]: Hooked function at address: 0x7AEBC550
13:31:17 ERROR [Nylon]: Failed to hook function at address: 0x7AEBC550 Error Code: 3
13:31:18 INFO  [Nylon]: KeyboardSetCooperativeLevel -> 6
13:31:18 INFO  [Nylon]: KeyboardSetCooperativeLevel -> 5
13:31:22 INFO  [GH3]: {
13:31:22 INFO  [GH3]:   Unknown(0x69d0dfaf) (QTypeInt) : 0
13:31:22 INFO  [GH3]:   Unknown(0xd4c98794) (QTypeWString) : "CHECKING..."
13:31:22 INFO  [GH3]:   Unknown(0x26bf66f3) (QTypeQbStruct) : 
13:31:22 INFO  [GH3]: 	{
13:31:22 INFO  [GH3]: 	  Unknown(0xc4745838) (QTypeWString) : "Checking storage device..."
13:31:22 INFO  [GH3]: 	}
13:31:22 INFO  [GH3]: }
13:31:22 INFO  [GH3]: {
13:31:22 INFO  [GH3]:   Unknown(0x69d0dfaf) (QTypeInt) : 0
13:31:22 INFO  [GH3]:   Unknown(0xd4c98794) (QTypeWString) : "SUCCESSFUL"
13:31:22 INFO  [GH3]:   Unknown(0x26bf66f3) (QTypeQbStruct) : 
13:31:22 INFO  [GH3]: 	{
13:31:22 INFO  [GH3]: 	  Unknown(0xc4745838) (QTypeWString) : "Save successful."
13:31:22 INFO  [GH3]: 	}
13:31:22 INFO  [GH3]: }
13:31:46 INFO  [GH3]: {
13:31:46 INFO  [GH3]:   Unknown(0x00000000) (QTypeQbKey) : 0x43cde9c9
13:31:46 INFO  [GH3]:   Unknown(0x8d53f1a8) (QTypeCString) : "p1_career"
13:31:46 INFO  [GH3]:   Unknown(0x6f402ef3) (QTypeQbKey) : 0x27e6b559
13:31:46 INFO  [GH3]:   Unknown(0xf9461a46) (QTypeInt) : 0
13:31:46 INFO  [GH3]:   Unknown(0x56849e71) (QTypeInt) : 1
13:31:46 INFO  [GH3]:   Unknown(0x68e4ef11) (QTypeInt) : 1
13:31:46 INFO  [GH3]:   Unknown(0x06afff1e) (QTypeInt) : 0
13:31:46 INFO  [GH3]:   Unknown(0xfc2cdee3) (QTypeQbKey) : 0x6840922f
13:31:46 INFO  [GH3]:   Unknown(0x1fbdbe71) (QTypeInt) : 4294967295
13:31:46 INFO  [GH3]:   Unknown(0xb38db12c) (QTypeInt) : 4294967295
13:31:46 INFO  [GH3]:   Unknown(0x97ca3b34) (QTypeInt) : 4294967295
13:31:46 INFO  [GH3]:   Unknown(0x3ae567d9) (QTypeInt) : 4294967295
13:31:46 INFO  [GH3]:   Unknown(0xa1dc81f9) (QTypeWString) : "A7X"
13:31:46 INFO  [GH3]:   Unknown(0xb65414e8) (QTypeQbKey) : 0x6840922f
13:31:46 INFO  [GH3]:   Unknown(0xfaea61a2) (QTypeCString) : "A7X"
13:31:46 INFO  [GH3]:   Unknown(0x95e7b7e0) (QTypeInt) : 0
13:31:46 INFO  [GH3]:   Unknown(0x2f2a8266) (QTypeInt) : 0
13:31:46 INFO  [GH3]:   Unknown(0xa1519d6d) (QTypeInt) : 0
13:31:46 INFO  [GH3]:   Unknown(0xfddc5ce1) (QTypeInt) : 0
13:31:46 INFO  [GH3]:   Unknown(0x94fa81cd) (QTypeInt) : 0
13:31:46 INFO  [GH3]:   Unknown(0x47da89ec) (QTypeInt) : 0
13:31:46 INFO  [GH3]:   Unknown(0x841fb3b4) (QTypeInt) : 0
13:31:46 INFO  [GH3]:   Unknown(0x1a2c461f) (QTypeInt) : 0
13:31:46 INFO  [GH3]:   Unknown(0x4eac7a14) (QTypeInt) : 0
13:31:46 INFO  [GH3]:   Unknown(0x41a5caa6) (QTypeInt) : 0
13:31:46 INFO  [GH3]:   Unknown(0x20dd76c7) (QTypeInt) : 0
13:31:46 INFO  [GH3]:   Unknown(0xb9d4f601) (QTypeInt) : 0
13:31:46 INFO  [GH3]:   Unknown(0xf646cb13) (QTypeInt) : 0
13:31:46 INFO  [GH3]:   Unknown(0xfa991675) (QTypeInt) : 0
13:31:46 INFO  [GH3]:   Unknown(0x8ab4f025) (QTypeInt) : 0
13:31:46 INFO  [GH3]:   Unknown(0xfc3ed0e2) (QTypeInt) : 0
13:31:46 INFO  [GH3]:   Unknown(0x02c37560) (QTypeInt) : 0
13:31:46 INFO  [GH3]:   Unknown(0x75560617) (QTypeInt) : 0
13:31:46 INFO  [GH3]:   Unknown(0xb9131cee) (QTypeInt) : 0
13:31:46 INFO  [GH3]:   Unknown(0x2b039206) (QTypeInt) : 0
13:31:46 INFO  [GH3]: }
