13:36:17 INFO  [Nylon]: Wine was not detected. Assuming we are running on a Windows NT OS Please report this if this detection is an error.
13:36:17 INFO  [Nylon]: Minhook initialized!
13:36:17 INFO  [Nylon]: Setting up default hooks...
13:36:17 INFO  [Nylon]: Hooked function at address: 0x757889E0
13:36:17 INFO  [Nylon]: Hooked function at address: 0x75788320
13:36:17 INFO  [Nylon]: Hooked function at address: 0x75782520
13:36:17 INFO  [Nylon]: Hooked function at address: 0x00530970
13:36:18 INFO  [Nylon]: Hooked function at address: 0x00530940
13:36:18 INFO  [Nylon]: Hooked function at address: 0x004A1780
13:36:18 INFO  [Nylon]: Hooked function at address: 0x00472B50
13:36:18 INFO  [Nylon]: Hooked function at address: 0x0057B940
13:36:18 INFO  [Nylon]: Hooked function at address: 0x00601D30
13:36:18 INFO  [Nylon]: Hooked function at address: 0x0047DFA0
13:36:18 INFO  [Nylon]: Hooked function at address: 0x0057AE20
13:36:18 INFO  [Nylon]: Hooked function at address: 0x00D94EE8
13:36:18 INFO  [Nylon]: Hooked function at address: 0x004A6820
13:36:18 INFO  [Nylon]: Hooked function at address: 0x0047E5B0
13:36:18 INFO  [Nylon]: Finished setting up default hooks.
13:36:18 INFO  [Nylon]: Loading mods...
13:36:18 INFO  [Nylon]: Loading mods from: "C:\Games\Guitar Hero III\nylon\Mods"
13:36:18 INFO  [Nylon]: Checking for: "C:\Games\Guitar Hero III\nylon\Mods\GH3Deluxe\modinfo.json"...
13:36:18 INFO  [Nylon]: Loading...
13:36:18 INFO  [Nylon]: Found mod: gh3dx
13:36:18 INFO  [Nylon]: Finished loading mods.
13:36:18 INFO  [Nylon]: Finished Core Initialization!
13:36:19 INFO  [Nylon]: Expecting: "GH3Deluxe\pak\gh3dx.pak"
13:36:19 INFO  [Nylon]: Found it! Loading...
13:36:19 INFO  [Nylon]: Done!
13:36:19 INFO  [Nylon]: Hooking DirectX 9...
13:36:19 INFO  [Nylon]: Hooked function at address: 0x58706500
13:36:19 INFO  [Nylon]: Hooked function at address: 0x58706120
13:36:19 INFO  [Nylon]: Hooked function at address: 0x7AEBB040
13:36:19 ERROR [Nylon]: Failed to hook function at address: 0x7AEBB040 Error Code: 3
13:36:19 INFO  [Nylon]: Finished hooking DirectX 9.
13:36:19 INFO  [Nylon]: Hooked function at address: 0x7AEBC550
13:36:19 ERROR [Nylon]: Failed to hook function at address: 0x7AEBC550 Error Code: 3
13:36:20 INFO  [Nylon]: KeyboardSetCooperativeLevel -> 6
13:36:20 INFO  [Nylon]: KeyboardSetCooperativeLevel -> 5
13:36:22 INFO  [GH3]: {
13:36:22 INFO  [GH3]:   Unknown(0x69d0dfaf) (QTypeInt) : 0
13:36:22 INFO  [GH3]:   Unknown(0xd4c98794) (QTypeWString) : "CHECKING..."
13:36:22 INFO  [GH3]:   Unknown(0x26bf66f3) (QTypeQbStruct) : 
13:36:22 INFO  [GH3]: 	{
13:36:22 INFO  [GH3]: 	  Unknown(0xc4745838) (QTypeWString) : "Checking storage device..."
13:36:22 INFO  [GH3]: 	}
13:36:22 INFO  [GH3]: }
13:36:22 INFO  [GH3]: {
13:36:22 INFO  [GH3]:   Unknown(0x69d0dfaf) (QTypeInt) : 0
13:36:22 INFO  [GH3]:   Unknown(0x26bf66f3) (QTypeQbStruct) : 
13:36:22 INFO  [GH3]: 	{
13:36:22 INFO  [GH3]: 	  Unknown(0xc4745838) (QTypeWString) : "Game content is damaged and cannot be used. Do you want to delete this content? All progress within this save content will be lost."
13:36:22 INFO  [GH3]: 	  Unknown(0x34a68574) (QTypePair) : (800, 500)
13:36:22 INFO  [GH3]: 	  Unknown(0x7f261953) (QTypePair) : (640, 375)
13:36:22 INFO  [GH3]: 	  Unknown(0x13b9da7b) (QTypeFloat) : 0.5
13:36:22 INFO  [GH3]: 	}
13:36:22 INFO  [GH3]:   Unknown(0xe787d761) (QTypePair) : (640, 465)
13:36:22 INFO  [GH3]:   Unknown(0xad8a5a63) (QTypePair) : (256, 64)
13:36:22 INFO  [GH3]:   Unknown(0x2fca0578) (QTypeQbArray) : Type:"QTypeQbArray" Size:1117239472
13:36:22 INFO  [GH3]: }
13:36:22 INFO  [GH3]: {
13:36:22 INFO  [GH3]:   Unknown(0x69d0dfaf) (QTypeInt) : 0
13:36:22 INFO  [GH3]:   Unknown(0xd4c98794) (QTypeWString) : "SUCCESSFUL"
13:36:22 INFO  [GH3]:   Unknown(0x26bf66f3) (QTypeQbStruct) : 
13:36:22 INFO  [GH3]: 	{
13:36:22 INFO  [GH3]: 	  Unknown(0xc4745838) (QTypeWString) : "Load successful."
13:36:22 INFO  [GH3]: 	}
13:36:22 INFO  [GH3]: }
13:36:23 INFO  [GH3]: {
13:36:23 INFO  [GH3]:   Unknown(0x7323e97c) (QTypeQbArray) : Type:"QTypeQbArray" Size:1120822848
13:36:23 INFO  [GH3]: }
13:36:26 INFO  [GH3]: {
13:36:26 INFO  [GH3]:   Unknown(0x00000000) (QTypeQbKey) : 0xff03cc4e
13:36:26 INFO  [GH3]:   Unknown(0x520c0c9c) (QTypeQbKey) : 0x806fff30
13:36:26 INFO  [GH3]:   Unknown(0x26861025) (QTypeQbKey) : 0x1280dbc0
13:36:26 INFO  [GH3]:   Unknown(0xec953eec) (QTypeInt) : 0
13:36:26 INFO  [GH3]: }
13:36:26 INFO  [GH3]: {
13:36:26 INFO  [GH3]:   Unknown(0x40c698af) (QTypeQbKey) : 0xc7b5872e
13:36:26 INFO  [GH3]: }
13:36:32 INFO  [GH3]: {
13:36:32 INFO  [GH3]:   Unknown(0xb30d9965) (QTypeInt) : 0
13:36:32 INFO  [GH3]:   Unknown(0x40c698af) (QTypeQbKey) : 0x9229a850
13:36:32 INFO  [GH3]: }
13:36:36 INFO  [GH3]: {
13:36:36 INFO  [GH3]:   Unknown(0xb30d9965) (QTypeInt) : 0
13:36:36 INFO  [GH3]:   Unknown(0x40c698af) (QTypeQbKey) : 0x85e91123
13:36:36 INFO  [GH3]: }
13:36:36 INFO  [GH3]: {
13:36:36 INFO  [GH3]:   Unknown(0xb30d9965) (QTypeInt) : 0
13:36:36 INFO  [GH3]:   Unknown(0x40c698af) (QTypeQbKey) : 0xf2ee21b5
13:36:36 INFO  [GH3]: }
13:36:36 INFO  [GH3]: {
13:36:36 INFO  [GH3]:   Unknown(0xb30d9965) (QTypeInt) : 0
13:36:36 INFO  [GH3]:   Unknown(0x40c698af) (QTypeQbKey) : 0xf2ee21b5
13:36:36 INFO  [GH3]: }
13:36:37 INFO  [GH3]: {
13:36:37 INFO  [GH3]:   Unknown(0xb30d9965) (QTypeInt) : 0
13:36:37 INFO  [GH3]:   Unknown(0x40c698af) (QTypeQbKey) : 0x85e91123
13:36:37 INFO  [GH3]: }
13:36:38 INFO  [GH3]: {
13:36:38 INFO  [GH3]:   Unknown(0xb30d9965) (QTypeInt) : 0
13:36:38 INFO  [GH3]:   Unknown(0x40c698af) (QTypeQbKey) : 0x9229a850
13:36:38 INFO  [GH3]: }
13:36:38 INFO  [GH3]: {
13:36:38 INFO  [GH3]:   Unknown(0xb30d9965) (QTypeInt) : 0
13:36:38 INFO  [GH3]:   Unknown(0x40c698af) (QTypeQbKey) : 0x9229a850
13:36:38 INFO  [GH3]: }
13:36:44 INFO  [GH3]: {
13:36:44 INFO  [GH3]:   Unknown(0xb30d9965) (QTypeInt) : 0
13:36:44 INFO  [GH3]:   Unknown(0x40c698af) (QTypeQbKey) : 0x85e91123
13:36:44 INFO  [GH3]: }
13:36:44 INFO  [GH3]: {
13:36:44 INFO  [GH3]:   Unknown(0xb30d9965) (QTypeInt) : 0
13:36:44 INFO  [GH3]:   Unknown(0x40c698af) (QTypeQbKey) : 0xf2ee21b5
13:36:44 INFO  [GH3]: }
13:36:44 INFO  [GH3]: {
13:36:44 INFO  [GH3]:   Unknown(0xb30d9965) (QTypeInt) : 0
13:36:44 INFO  [GH3]:   Unknown(0x40c698af) (QTypeQbKey) : 0xf2ee21b5
13:36:44 INFO  [GH3]: }
13:36:44 INFO  [GH3]: {
13:36:44 INFO  [GH3]:   Unknown(0xb30d9965) (QTypeInt) : 0
13:36:44 INFO  [GH3]:   Unknown(0x40c698af) (QTypeQbKey) : 0xf2ee21b5
13:36:44 INFO  [GH3]: }
13:36:47 INFO  [GH3]: {
13:36:47 INFO  [GH3]:   Unknown(0xb30d9965) (QTypeInt) : 0
13:36:47 INFO  [GH3]:   Unknown(0x40c698af) (QTypeQbKey) : 0xe52e98c6
13:36:47 INFO  [GH3]: }
13:36:47 INFO  [GH3]: {
13:36:47 INFO  [GH3]:   Unknown(0xb30d9965) (QTypeInt) : 0
13:36:47 INFO  [GH3]:   Unknown(0x40c698af) (QTypeQbKey) : 0x9229a850
13:36:47 INFO  [GH3]: }
13:36:49 INFO  [GH3]: {
13:36:49 INFO  [GH3]:   Unknown(0xb30d9965) (QTypeInt) : 0
13:36:49 INFO  [GH3]:   Unknown(0x40c698af) (QTypeQbKey) : 0x46658de2
13:36:49 INFO  [GH3]: }
13:36:49 INFO  [GH3]: {
13:36:49 INFO  [GH3]:   Unknown(0xb30d9965) (QTypeInt) : 0
13:36:49 INFO  [GH3]:   Unknown(0x40c698af) (QTypeQbKey) : 0xa1dda0e5
13:36:49 INFO  [GH3]: }
13:36:50 INFO  [GH3]: {
13:36:50 INFO  [GH3]:   Unknown(0xb30d9965) (QTypeInt) : 0
13:36:50 INFO  [GH3]:   Unknown(0x40c698af) (QTypeQbKey) : 0xb61d1996
13:36:50 INFO  [GH3]: }
13:36:50 INFO  [GH3]: {
13:36:50 INFO  [GH3]:   Unknown(0xb30d9965) (QTypeInt) : 0
13:36:50 INFO  [GH3]:   Unknown(0x40c698af) (QTypeQbKey) : 0x581378ba
13:36:50 INFO  [GH3]: }
13:36:50 INFO  [GH3]: {
13:36:50 INFO  [GH3]:   Unknown(0xb30d9965) (QTypeInt) : 0
13:36:50 INFO  [GH3]:   Unknown(0x40c698af) (QTypeQbKey) : 0xb170dd8f
13:36:50 INFO  [GH3]: }
13:36:50 INFO  [GH3]: {
13:36:50 INFO  [GH3]:   Unknown(0xb30d9965) (QTypeInt) : 0
13:36:50 INFO  [GH3]:   Unknown(0x40c698af) (QTypeQbKey) : 0x5f7ebca3
13:36:50 INFO  [GH3]: }
13:36:50 INFO  [GH3]: {
13:36:50 INFO  [GH3]:   Unknown(0xb30d9965) (QTypeInt) : 0
13:36:50 INFO  [GH3]:   Unknown(0x40c698af) (QTypeQbKey) : 0xb8c691a4
13:36:50 INFO  [GH3]: }
13:36:50 INFO  [GH3]: {
13:36:50 INFO  [GH3]:   Unknown(0xb30d9965) (QTypeInt) : 0
13:36:50 INFO  [GH3]:   Unknown(0x40c698af) (QTypeQbKey) : 0x9d304a55
13:36:50 INFO  [GH3]: }
13:36:50 INFO  [GH3]: {
13:36:50 INFO  [GH3]:   Unknown(0xb30d9965) (QTypeInt) : 0
13:36:50 INFO  [GH3]:   Unknown(0x40c698af) (QTypeQbKey) : 0x733e2b79
13:36:50 INFO  [GH3]: }
13:36:50 INFO  [GH3]: {
13:36:50 INFO  [GH3]:   Unknown(0xb30d9965) (QTypeInt) : 0
13:36:50 INFO  [GH3]:   Unknown(0x40c698af) (QTypeQbKey) : 0x9a5d8e4c
13:36:50 INFO  [GH3]: }
13:36:50 INFO  [GH3]: {
13:36:50 INFO  [GH3]:   Unknown(0xb30d9965) (QTypeInt) : 0
13:36:50 INFO  [GH3]:   Unknown(0x40c698af) (QTypeQbKey) : 0x7453ef60
13:36:50 INFO  [GH3]: }
13:36:50 INFO  [GH3]: {
13:36:50 INFO  [GH3]:   Unknown(0xb30d9965) (QTypeInt) : 0
13:36:50 INFO  [GH3]:   Unknown(0x40c698af) (QTypeQbKey) : 0x93ebc267
13:36:50 INFO  [GH3]: }
13:36:51 INFO  [GH3]: {
13:36:51 INFO  [GH3]:   Unknown(0xb30d9965) (QTypeInt) : 0
13:36:51 INFO  [GH3]:   Unknown(0x40c698af) (QTypeQbKey) : 0x842b7b14
13:36:51 INFO  [GH3]: }
13:36:51 INFO  [GH3]: {
13:36:51 INFO  [GH3]:   Unknown(0xb30d9965) (QTypeInt) : 0
13:36:51 INFO  [GH3]:   Unknown(0x40c698af) (QTypeQbKey) : 0x6a251a38
13:36:51 INFO  [GH3]: }
13:36:51 INFO  [GH3]: {
13:36:51 INFO  [GH3]:   Unknown(0xb30d9965) (QTypeInt) : 0
13:36:51 INFO  [GH3]:   Unknown(0x40c698af) (QTypeQbKey) : 0x8346bf0d
13:36:51 INFO  [GH3]: }
13:36:51 INFO  [GH3]: {
13:36:51 INFO  [GH3]:   Unknown(0xb30d9965) (QTypeInt) : 0
13:36:51 INFO  [GH3]:   Unknown(0x40c698af) (QTypeQbKey) : 0x8346bf0d
13:36:51 INFO  [GH3]: }
13:36:51 INFO  [GH3]: {
13:36:51 INFO  [GH3]:   Unknown(0xb30d9965) (QTypeInt) : 0
13:36:51 INFO  [GH3]:   Unknown(0x40c698af) (QTypeQbKey) : 0x8346bf0d
13:36:51 INFO  [GH3]: }
13:36:51 INFO  [GH3]: {
13:36:51 INFO  [GH3]:   Unknown(0xb30d9965) (QTypeInt) : 0
13:36:51 INFO  [GH3]:   Unknown(0x40c698af) (QTypeQbKey) : 0xec918519
13:36:51 INFO  [GH3]: }
13:36:52 INFO  [GH3]: {
13:36:52 INFO  [GH3]:   Unknown(0x83aaa1a0) (QTypeQbKey) : 0xeb323e20
13:36:52 INFO  [GH3]:   Unknown(0xdb616875) (QTypeInt) : 1
13:36:52 INFO  [GH3]:   Unknown(0xd8f1a5c6) (QTypeQbKey) : 0xd2b90b7c
13:36:52 INFO  [GH3]:   Unknown(0xb7822ed8) (QTypeInt) : 4294967295
13:36:52 INFO  [GH3]:   Unknown(0xcc12115e) (QTypeQbKey) : 0x806fff30
13:36:52 INFO  [GH3]:   Unknown(0x8a4c762d) (QTypeQbKey) : 0x806fff30
13:36:52 INFO  [GH3]: }
13:36:52 INFO  [GH3]: {
13:36:52 INFO  [GH3]:   Unknown(0x00000000) (QTypeQbKey) : 0x6086aa70
13:36:52 INFO  [GH3]:   Unknown(0x520c0c9c) (QTypeQbKey) : 0x806fff30
13:36:52 INFO  [GH3]:   Unknown(0x26861025) (QTypeQbKey) : 0x0000
13:36:52 INFO  [GH3]:   Unknown(0xec953eec) (QTypeInt) : 0
13:36:52 INFO  [GH3]: }
13:36:52 INFO  [GH3]: {
13:36:52 INFO  [GH3]:   Unknown(0x83aaa1a0) (QTypeQbKey) : 0xeb323e20
13:36:52 INFO  [GH3]:   Unknown(0xdb616875) (QTypeInt) : 1
13:36:52 INFO  [GH3]:   Unknown(0xd8f1a5c6) (QTypeQbKey) : 0xd2b90b7c
13:36:52 INFO  [GH3]:   Unknown(0xb7822ed8) (QTypeInt) : 4294967295
13:36:52 INFO  [GH3]:   Unknown(0xcc12115e) (QTypeQbKey) : 0x806fff30
13:36:52 INFO  [GH3]:   Unknown(0x8a4c762d) (QTypeQbKey) : 0x806fff30
13:36:52 INFO  [GH3]: }
13:36:52 INFO  [GH3]: {
13:36:52 INFO  [GH3]:   Unknown(0x00000000) (QTypeQbKey) : 0xff03cc4e
13:36:52 INFO  [GH3]:   Unknown(0x520c0c9c) (QTypeQbKey) : 0x806fff30
13:36:52 INFO  [GH3]:   Unknown(0x26861025) (QTypeQbKey) : 0x0000
13:36:52 INFO  [GH3]:   Unknown(0xec953eec) (QTypeInt) : 0
13:36:52 INFO  [GH3]: }
13:36:52 INFO  [GH3]: {
13:36:52 INFO  [GH3]:   Unknown(0x00000000) (QTypeQbKey) : 0xff03cc4e
13:36:52 INFO  [GH3]:   Unknown(0x520c0c9c) (QTypeQbKey) : 0x806fff30
13:36:52 INFO  [GH3]:   Unknown(0x26861025) (QTypeQbKey) : 0x0000
13:36:52 INFO  [GH3]:   Unknown(0xec953eec) (QTypeInt) : 0
13:36:52 INFO  [GH3]: }
13:36:53 INFO  [GH3]: {
13:36:53 INFO  [GH3]:   Unknown(0x00000000) (QTypeQbKey) : 0xff03cc4e
13:36:53 INFO  [GH3]:   Unknown(0x520c0c9c) (QTypeQbKey) : 0x806fff30
13:36:53 INFO  [GH3]:   Unknown(0x26861025) (QTypeQbKey) : 0x0000
13:36:53 INFO  [GH3]:   Unknown(0xec953eec) (QTypeInt) : 0
13:36:53 INFO  [GH3]: }
13:36:53 INFO  [GH3]: {
13:36:53 INFO  [GH3]:   Unknown(0x00000000) (QTypeQbKey) : 0xff03cc4e
13:36:53 INFO  [GH3]:   Unknown(0x520c0c9c) (QTypeQbKey) : 0x806fff30
13:36:53 INFO  [GH3]:   Unknown(0x26861025) (QTypeQbKey) : 0x0000
13:36:53 INFO  [GH3]:   Unknown(0xec953eec) (QTypeInt) : 0
13:36:53 INFO  [GH3]: }
13:36:53 INFO  [GH3]: {
13:36:53 INFO  [GH3]:   Unknown(0x00000000) (QTypeQbKey) : 0xff03cc4e
13:36:53 INFO  [GH3]:   Unknown(0x520c0c9c) (QTypeQbKey) : 0x806fff30
13:36:53 INFO  [GH3]:   Unknown(0x26861025) (QTypeQbKey) : 0x0000
13:36:53 INFO  [GH3]:   Unknown(0xec953eec) (QTypeInt) : 0
13:36:53 INFO  [GH3]: }
13:36:53 INFO  [GH3]: {
13:36:53 INFO  [GH3]:   Unknown(0x00000000) (QTypeQbKey) : 0xff03cc4e
13:36:53 INFO  [GH3]:   Unknown(0x520c0c9c) (QTypeQbKey) : 0x806fff30
13:36:53 INFO  [GH3]:   Unknown(0x26861025) (QTypeQbKey) : 0x0000
13:36:53 INFO  [GH3]:   Unknown(0xec953eec) (QTypeInt) : 0
13:36:53 INFO  [GH3]: }
13:36:53 INFO  [GH3]: {
13:36:53 INFO  [GH3]:   Unknown(0x00000000) (QTypeQbKey) : 0xff03cc4e
13:36:53 INFO  [GH3]:   Unknown(0x520c0c9c) (QTypeQbKey) : 0x806fff30
13:36:53 INFO  [GH3]:   Unknown(0x26861025) (QTypeQbKey) : 0x0000
13:36:53 INFO  [GH3]:   Unknown(0xec953eec) (QTypeInt) : 0
13:36:53 INFO  [GH3]: }
13:36:53 INFO  [GH3]: {
13:36:53 INFO  [GH3]:   Unknown(0x00000000) (QTypeQbKey) : 0xff03cc4e
13:36:53 INFO  [GH3]:   Unknown(0x520c0c9c) (QTypeQbKey) : 0x806fff30
13:36:53 INFO  [GH3]:   Unknown(0x26861025) (QTypeQbKey) : 0x0000
13:36:53 INFO  [GH3]:   Unknown(0xec953eec) (QTypeInt) : 0
13:36:53 INFO  [GH3]: }
13:36:53 INFO  [GH3]: {
13:36:53 INFO  [GH3]:   Unknown(0x00000000) (QTypeQbKey) : 0xff03cc4e
13:36:53 INFO  [GH3]:   Unknown(0x520c0c9c) (QTypeQbKey) : 0x806fff30
13:36:53 INFO  [GH3]:   Unknown(0x26861025) (QTypeQbKey) : 0x0000
13:36:53 INFO  [GH3]:   Unknown(0xec953eec) (QTypeInt) : 0
13:36:53 INFO  [GH3]: }
13:36:53 INFO  [GH3]: {
13:36:53 INFO  [GH3]:   Unknown(0x00000000) (QTypeQbKey) : 0xff03cc4e
13:36:53 INFO  [GH3]:   Unknown(0x520c0c9c) (QTypeQbKey) : 0x806fff30
13:36:53 INFO  [GH3]:   Unknown(0x26861025) (QTypeQbKey) : 0x0000
13:36:53 INFO  [GH3]:   Unknown(0xec953eec) (QTypeInt) : 0
13:36:53 INFO  [GH3]: }
13:36:53 INFO  [GH3]: {
13:36:53 INFO  [GH3]:   Unknown(0x2e41f796) (QTypeInt) : 8000
13:36:53 INFO  [GH3]: }
13:37:04 INFO  [GH3]: {
13:37:04 INFO  [GH3]:   Unknown(0x7323e97c) (QTypeQbArray) : Type:"QTypeQbArray" Size:1526653840
13:37:04 INFO  [GH3]: }
13:37:14 INFO  [GH3]: {
13:37:14 INFO  [GH3]:   Unknown(0x7323e97c) (QTypeQbArray) : Type:"QTypeQbArray" Size:1120830848
13:37:14 INFO  [GH3]: }
