13:32:18 INFO  [Nylon]: Wine was not detected. Assuming we are running on a Windows NT OS Please report this if this detection is an error.
13:32:18 INFO  [Nylon]: Minhook initialized!
13:32:18 INFO  [Nylon]: Setting up default hooks...
13:32:18 INFO  [Nylon]: Hooked function at address: 0x757889E0
13:32:18 INFO  [Nylon]: Hooked function at address: 0x75788320
13:32:18 INFO  [Nylon]: Hooked function at address: 0x75782520
13:32:18 INFO  [Nylon]: Hooked function at address: 0x00530970
13:32:18 INFO  [Nylon]: Hooked function at address: 0x00530940
13:32:18 INFO  [Nylon]: Hooked function at address: 0x004A1780
13:32:18 INFO  [Nylon]: Hooked function at address: 0x00472B50
13:32:18 INFO  [Nylon]: Hooked function at address: 0x0057B940
13:32:18 INFO  [Nylon]: Hooked function at address: 0x00601D30
13:32:18 INFO  [Nylon]: Hooked function at address: 0x0047DFA0
13:32:18 INFO  [Nylon]: Hooked function at address: 0x0057AE20
13:32:18 INFO  [Nylon]: Hooked function at address: 0x00D94EE8
13:32:18 INFO  [Nylon]: Hooked function at address: 0x004A6820
13:32:18 INFO  [Nylon]: Hooked function at address: 0x0047E5B0
13:32:18 INFO  [Nylon]: Finished setting up default hooks.
13:32:18 INFO  [Nylon]: Loading mods...
13:32:18 INFO  [Nylon]: Loading mods from: "C:\Games\Guitar Hero III\nylon\Mods"
13:32:18 INFO  [Nylon]: Checking for: "C:\Games\Guitar Hero III\nylon\Mods\GH3Deluxe\modinfo.json"...
13:32:18 INFO  [Nylon]: Loading...
13:32:18 INFO  [Nylon]: Found mod: gh3dx
13:32:18 INFO  [Nylon]: Finished loading mods.
13:32:18 INFO  [Nylon]: Finished Core Initialization!
13:32:19 INFO  [Nylon]: Expecting: "GH3Deluxe\pak\gh3dx.pak"
13:32:19 INFO  [Nylon]: Found it! Loading...
13:32:19 INFO  [Nylon]: Done!
13:32:19 INFO  [Nylon]: Hooking DirectX 9...
13:32:19 INFO  [Nylon]: Hooked function at address: 0x58706500
13:32:19 INFO  [Nylon]: Hooked function at address: 0x58706120
13:32:19 INFO  [Nylon]: Hooked function at address: 0x7AEBB040
13:32:19 ERROR [Nylon]: Failed to hook function at address: 0x7AEBB040 Error Code: 3
13:32:19 INFO  [Nylon]: Finished hooking DirectX 9.
13:32:19 INFO  [Nylon]: Hooked function at address: 0x7AEBC550
13:32:19 ERROR [Nylon]: Failed to hook function at address: 0x7AEBC550 Error Code: 3
13:32:19 INFO  [Nylon]: KeyboardSetCooperativeLevel -> 6
13:32:19 INFO  [Nylon]: KeyboardSetCooperativeLevel -> 5
13:32:21 INFO  [GH3]: {
13:32:21 INFO  [GH3]:   Unknown(0x69d0dfaf) (QTypeInt) : 0
13:32:21 INFO  [GH3]:   Unknown(0xd4c98794) (QTypeWString) : "CHECKING..."
13:32:21 INFO  [GH3]:   Unknown(0x26bf66f3) (QTypeQbStruct) : 
13:32:21 INFO  [GH3]: 	{
13:32:21 INFO  [GH3]: 	  Unknown(0xc4745838) (QTypeWString) : "Checking storage device..."
13:32:21 INFO  [GH3]: 	}
13:32:21 INFO  [GH3]: }
13:32:21 INFO  [GH3]: {
13:32:21 INFO  [GH3]:   Unknown(0x69d0dfaf) (QTypeInt) : 0
13:32:21 INFO  [GH3]:   Unknown(0xd4c98794) (QTypeWString) : "SUCCESSFUL"
13:32:21 INFO  [GH3]:   Unknown(0x26bf66f3) (QTypeQbStruct) : 
13:32:21 INFO  [GH3]: 	{
13:32:21 INFO  [GH3]: 	  Unknown(0xc4745838) (QTypeWString) : "Load successful."
13:32:21 INFO  [GH3]: 	}
13:32:21 INFO  [GH3]: }
13:32:23 INFO  [GH3]: {
13:32:23 INFO  [GH3]:   Unknown(0x7323e97c) (QTypeQbArray) : Type:"QTypeQbArray" Size:1120882240
13:32:23 INFO  [GH3]: }
