13:46:30 INFO  [Nylon]: Wine was not detected. Assuming we are running on a Windows NT OS Please report this if this detection is an error.
13:46:30 INFO  [Nylon]: Minhook initialized!
13:46:30 INFO  [Nylon]: Setting up default hooks...
13:46:30 INFO  [Nylon]: Hooked function at address: 0x757889E0
13:46:30 INFO  [Nylon]: Hooked function at address: 0x75788320
13:46:30 INFO  [Nylon]: Hooked function at address: 0x75782520
13:46:30 INFO  [Nylon]: Hooked function at address: 0x00530970
13:46:30 INFO  [Nylon]: Hooked function at address: 0x00530940
13:46:30 INFO  [Nylon]: Hooked function at address: 0x004A1780
13:46:30 INFO  [Nylon]: Hooked function at address: 0x00472B50
13:46:30 INFO  [Nylon]: Hooked function at address: 0x0057B940
13:46:30 INFO  [Nylon]: Hooked function at address: 0x00601D30
13:46:30 INFO  [Nylon]: Hooked function at address: 0x0047DFA0
13:46:30 INFO  [Nylon]: Hooked function at address: 0x0057AE20
13:46:30 INFO  [Nylon]: Hooked function at address: 0x00D94EE8
13:46:30 INFO  [Nylon]: Hooked function at address: 0x004A6820
13:46:30 INFO  [Nylon]: Hooked function at address: 0x0047E5B0
13:46:30 INFO  [Nylon]: Finished setting up default hooks.
13:46:30 INFO  [Nylon]: Loading mods...
13:46:30 INFO  [Nylon]: Loading mods from: "C:\Games\Guitar Hero III\nylon\Mods"
13:46:30 INFO  [Nylon]: Checking for: "C:\Games\Guitar Hero III\nylon\Mods\GH3Deluxe\modinfo.json"...
13:46:30 INFO  [Nylon]: Loading...
13:46:30 INFO  [Nylon]: Found mod: gh3dx
13:46:30 INFO  [Nylon]: Finished loading mods.
13:46:30 INFO  [Nylon]: Finished Core Initialization!
13:46:31 INFO  [Nylon]: Expecting: "GH3Deluxe\pak\gh3dx.pak"
13:46:31 INFO  [Nylon]: Found it! Loading...
13:46:31 INFO  [Nylon]: Done!
13:46:32 INFO  [Nylon]: Hooking DirectX 9...
13:46:32 INFO  [Nylon]: Hooked function at address: 0x58706500
13:46:32 INFO  [Nylon]: Hooked function at address: 0x58706120
13:46:32 INFO  [Nylon]: Hooked function at address: 0x7B6DB040
13:46:32 ERROR [Nylon]: Failed to hook function at address: 0x7B6DB040 Error Code: 3
13:46:32 INFO  [Nylon]: Finished hooking DirectX 9.
13:46:32 INFO  [Nylon]: Hooked function at address: 0x7B6DC550
13:46:32 ERROR [Nylon]: Failed to hook function at address: 0x7B6DC550 Error Code: 3
13:46:32 INFO  [Nylon]: KeyboardSetCooperativeLevel -> 6
13:46:32 INFO  [Nylon]: KeyboardSetCooperativeLevel -> 5
13:46:37 INFO  [GH3]: {
13:46:37 INFO  [GH3]:   Unknown(0x69d0dfaf) (QTypeInt) : 0
13:46:37 INFO  [GH3]:   Unknown(0xd4c98794) (QTypeWString) : "CHECKING..."
13:46:37 INFO  [GH3]:   Unknown(0x26bf66f3) (QTypeQbStruct) : 
13:46:37 INFO  [GH3]: 	{
13:46:37 INFO  [GH3]: 	  Unknown(0xc4745838) (QTypeWString) : "Checking storage device..."
13:46:37 INFO  [GH3]: 	}
13:46:37 INFO  [GH3]: }
13:46:37 INFO  [GH3]: {
13:46:37 INFO  [GH3]:   Unknown(0x69d0dfaf) (QTypeInt) : 0
13:46:37 INFO  [GH3]:   Unknown(0x26bf66f3) (QTypeQbStruct) : 
13:46:37 INFO  [GH3]: 	{
13:46:37 INFO  [GH3]: 	  Unknown(0xc4745838) (QTypeWString) : "Game content is damaged and cannot be used. Do you want to delete this content? All progress within this save content will be lost."
13:46:37 INFO  [GH3]: 	  Unknown(0x34a68574) (QTypePair) : (800, 500)
13:46:37 INFO  [GH3]: 	  Unknown(0x7f261953) (QTypePair) : (640, 375)
13:46:37 INFO  [GH3]: 	  Unknown(0x13b9da7b) (QTypeFloat) : 0.5
13:46:37 INFO  [GH3]: 	}
13:46:37 INFO  [GH3]:   Unknown(0xe787d761) (QTypePair) : (640, 465)
13:46:37 INFO  [GH3]:   Unknown(0xad8a5a63) (QTypePair) : (256, 64)
13:46:37 INFO  [GH3]:   Unknown(0x2fca0578) (QTypeQbArray) : Type:"QTypeQbArray" Size:1117301296
13:46:37 INFO  [GH3]: }
13:46:37 INFO  [GH3]: {
13:46:37 INFO  [GH3]:   Unknown(0x69d0dfaf) (QTypeInt) : 0
13:46:37 INFO  [GH3]:   Unknown(0xd4c98794) (QTypeWString) : "SUCCESSFUL"
13:46:37 INFO  [GH3]:   Unknown(0x26bf66f3) (QTypeQbStruct) : 
13:46:37 INFO  [GH3]: 	{
13:46:37 INFO  [GH3]: 	  Unknown(0xc4745838) (QTypeWString) : "Load successful."
13:46:37 INFO  [GH3]: 	}
13:46:37 INFO  [GH3]: }
13:46:40 INFO  [GH3]: {
13:46:40 INFO  [GH3]:   Unknown(0x7323e97c) (QTypeQbArray) : Type:"QTypeQbArray" Size:1121223184
13:46:40 INFO  [GH3]: }
13:46:41 INFO  [GH3]: {
13:46:41 INFO  [GH3]:   Unknown(0xb30d9965) (QTypeInt) : 0
13:46:41 INFO  [GH3]:   Unknown(0x40c698af) (QTypeQbKey) : 0xbfe9092b
13:46:41 INFO  [GH3]: }
13:46:41 INFO  [GH3]: {
13:46:41 INFO  [GH3]:   Unknown(0xb30d9965) (QTypeInt) : 0
13:46:41 INFO  [GH3]:   Unknown(0x40c698af) (QTypeQbKey) : 0x51e76807
13:46:41 INFO  [GH3]: }
13:46:42 INFO  [GH3]: {
13:46:42 INFO  [GH3]:   Unknown(0xb30d9965) (QTypeInt) : 0
13:46:42 INFO  [GH3]:   Unknown(0x40c698af) (QTypeQbKey) : 0xb884cd32
13:46:42 INFO  [GH3]: }
13:46:42 INFO  [GH3]: {
13:46:42 INFO  [GH3]:   Unknown(0xb30d9965) (QTypeInt) : 0
13:46:42 INFO  [GH3]:   Unknown(0x40c698af) (QTypeQbKey) : 0x568aac1e
13:46:42 INFO  [GH3]: }
13:46:42 INFO  [GH3]: {
13:46:42 INFO  [GH3]:   Unknown(0xb30d9965) (QTypeInt) : 0
13:46:42 INFO  [GH3]:   Unknown(0x40c698af) (QTypeQbKey) : 0x568aac1e
13:46:42 INFO  [GH3]: }
13:46:42 INFO  [GH3]: {
13:46:42 INFO  [GH3]:   Unknown(0xb30d9965) (QTypeInt) : 0
13:46:42 INFO  [GH3]:   Unknown(0x40c698af) (QTypeQbKey) : 0x568aac1e
13:46:42 INFO  [GH3]: }
13:46:42 INFO  [GH3]: {
13:46:42 INFO  [GH3]:   Unknown(0xb30d9965) (QTypeInt) : 0
13:46:42 INFO  [GH3]:   Unknown(0x40c698af) (QTypeQbKey) : 0x568aac1e
13:46:42 INFO  [GH3]: }
13:46:42 INFO  [GH3]: {
13:46:42 INFO  [GH3]:   Unknown(0xb30d9965) (QTypeInt) : 0
13:46:42 INFO  [GH3]:   Unknown(0x40c698af) (QTypeQbKey) : 0x218d9c88
13:46:42 INFO  [GH3]: }
13:46:43 INFO  [GH3]: {
13:46:43 INFO  [GH3]:   Unknown(0xb30d9965) (QTypeInt) : 0
13:46:43 INFO  [GH3]:   Unknown(0x40c698af) (QTypeQbKey) : 0xcf83fda4
13:46:43 INFO  [GH3]: }
13:46:43 INFO  [GH3]: {
13:46:43 INFO  [GH3]:   Unknown(0xb30d9965) (QTypeInt) : 0
13:46:43 INFO  [GH3]:   Unknown(0x40c698af) (QTypeQbKey) : 0x26e05891
13:46:43 INFO  [GH3]: }
13:46:43 INFO  [GH3]: {
13:46:43 INFO  [GH3]:   Unknown(0xb30d9965) (QTypeInt) : 0
13:46:43 INFO  [GH3]:   Unknown(0x40c698af) (QTypeQbKey) : 0xc8ee39bd
13:46:43 INFO  [GH3]: }
13:46:43 INFO  [GH3]: {
13:46:43 INFO  [GH3]:   Unknown(0xb30d9965) (QTypeInt) : 0
13:46:43 INFO  [GH3]:   Unknown(0x40c698af) (QTypeQbKey) : 0xc8ee39bd
13:46:43 INFO  [GH3]: }
13:46:44 INFO  [GH3]: {
13:46:44 INFO  [GH3]:   Unknown(0xb30d9965) (QTypeInt) : 0
13:46:44 INFO  [GH3]:   Unknown(0x40c698af) (QTypeQbKey) : 0xbfe9092b
13:46:44 INFO  [GH3]: }
13:46:44 INFO  [GH3]: {
13:46:44 INFO  [GH3]:   Unknown(0xb30d9965) (QTypeInt) : 0
13:46:44 INFO  [GH3]:   Unknown(0x40c698af) (QTypeQbKey) : 0x51e76807
13:46:44 INFO  [GH3]: }
13:46:45 INFO  [GH3]: {
13:46:45 INFO  [GH3]:   Unknown(0xb30d9965) (QTypeInt) : 0
13:46:45 INFO  [GH3]:   Unknown(0x40c698af) (QTypeQbKey) : 0xb884cd32
13:46:45 INFO  [GH3]: }
13:46:45 INFO  [GH3]: {
13:46:45 INFO  [GH3]:   Unknown(0xb30d9965) (QTypeInt) : 0
13:46:45 INFO  [GH3]:   Unknown(0x40c698af) (QTypeQbKey) : 0x568aac1e
13:46:45 INFO  [GH3]: }
13:46:45 INFO  [GH3]: {
13:46:45 INFO  [GH3]:   Unknown(0xb30d9965) (QTypeInt) : 0
13:46:45 INFO  [GH3]:   Unknown(0x40c698af) (QTypeQbKey) : 0x568aac1e
13:46:45 INFO  [GH3]: }
