13:43:01 INFO  [Nylon]: Wine was not detected. Assuming we are running on a Windows NT OS Please report this if this detection is an error.
13:43:01 INFO  [Nylon]: Minhook initialized!
13:43:01 INFO  [Nylon]: Setting up default hooks...
13:43:01 INFO  [Nylon]: Hooked function at address: 0x770689E0
13:43:01 INFO  [Nylon]: Hooked function at address: 0x77068320
13:43:01 INFO  [Nylon]: Hooked function at address: 0x77062520
13:43:01 INFO  [Nylon]: Hooked function at address: 0x00530970
13:43:01 INFO  [Nylon]: Hooked function at address: 0x00530940
13:43:02 INFO  [Nylon]: Hooked function at address: 0x004A1780
13:43:02 INFO  [Nylon]: Hooked function at address: 0x00472B50
13:43:02 INFO  [Nylon]: Hooked function at address: 0x0057B940
13:43:02 INFO  [Nylon]: Hooked function at address: 0x00601D30
13:43:02 INFO  [Nylon]: Hooked function at address: 0x0047DFA0
13:43:02 INFO  [Nylon]: Hooked function at address: 0x0057AE20
13:43:02 INFO  [Nylon]: Hooked function at address: 0x00D94EE8
13:43:02 INFO  [Nylon]: Hooked function at address: 0x004A6820
13:43:02 INFO  [Nylon]: Hooked function at address: 0x0047E5B0
13:43:02 INFO  [Nylon]: Finished setting up default hooks.
13:43:02 INFO  [Nylon]: Loading mods...
13:43:02 INFO  [Nylon]: Loading mods from: "C:\Games\Guitar Hero III\nylon\Mods"
13:43:02 INFO  [Nylon]: Checking for: "C:\Games\Guitar Hero III\nylon\Mods\GH3Deluxe\modinfo.json"...
13:43:02 INFO  [Nylon]: Loading...
13:43:02 INFO  [Nylon]: Found mod: gh3dx
13:43:02 INFO  [Nylon]: Finished loading mods.
13:43:02 INFO  [Nylon]: Finished Core Initialization!
13:43:03 INFO  [Nylon]: Expecting: "GH3Deluxe\pak\gh3dx.pak"
13:43:03 INFO  [Nylon]: Found it! Loading...
13:43:03 INFO  [Nylon]: Done!
13:43:03 INFO  [Nylon]: Hooking DirectX 9...
13:43:03 INFO  [Nylon]: Hooked function at address: 0x5A706500
13:43:03 INFO  [Nylon]: Hooked function at address: 0x5A706120
13:43:03 INFO  [Nylon]: Hooked function at address: 0x7AADB040
13:43:03 ERROR [Nylon]: Failed to hook function at address: 0x7AADB040 Error Code: 3
13:43:03 INFO  [Nylon]: Finished hooking DirectX 9.
13:43:03 INFO  [Nylon]: Hooked function at address: 0x7AADC550
13:43:03 ERROR [Nylon]: Failed to hook function at address: 0x7AADC550 Error Code: 3
13:43:03 INFO  [Nylon]: KeyboardSetCooperativeLevel -> 6
13:43:03 INFO  [Nylon]: KeyboardSetCooperativeLevel -> 5
13:43:07 INFO  [GH3]: {
13:43:07 INFO  [GH3]:   Unknown(0x69d0dfaf) (QTypeInt) : 0
13:43:07 INFO  [GH3]:   Unknown(0xd4c98794) (QTypeWString) : "CHECKING..."
13:43:07 INFO  [GH3]:   Unknown(0x26bf66f3) (QTypeQbStruct) : 
13:43:07 INFO  [GH3]: 	{
13:43:07 INFO  [GH3]: 	  Unknown(0xc4745838) (QTypeWString) : "Checking storage device..."
13:43:07 INFO  [GH3]: 	}
13:43:07 INFO  [GH3]: }
13:43:07 INFO  [GH3]: {
13:43:07 INFO  [GH3]:   Unknown(0x69d0dfaf) (QTypeInt) : 0
13:43:07 INFO  [GH3]:   Unknown(0xd4c98794) (QTypeWString) : "SUCCESSFUL"
13:43:07 INFO  [GH3]:   Unknown(0x26bf66f3) (QTypeQbStruct) : 
13:43:07 INFO  [GH3]: 	{
13:43:07 INFO  [GH3]: 	  Unknown(0xc4745838) (QTypeWString) : "Load successful."
13:43:07 INFO  [GH3]: 	}
13:43:07 INFO  [GH3]: }
13:43:09 INFO  [GH3]: {
13:43:09 INFO  [GH3]:   Unknown(0x7323e97c) (QTypeQbArray) : Type:"QTypeQbArray" Size:1106038336
13:43:09 INFO  [GH3]: }
13:43:11 INFO  [GH3]: {
13:43:11 INFO  [GH3]:   Unknown(0x40c698af) (QTypeQbKey) : 0x9049265a
13:43:11 INFO  [GH3]: }
13:43:11 INFO  [GH3]: {
13:43:11 INFO  [GH3]:   Unknown(0x40c698af) (QTypeQbKey) : 0xed108a91
13:43:11 INFO  [GH3]: }
13:43:13 INFO  [GH3]: {
13:43:13 INFO  [GH3]:   Unknown(0x40c698af) (QTypeQbKey) : 0xed108a91
13:43:13 INFO  [GH3]: }
13:43:13 INFO  [GH3]: {
13:43:13 INFO  [GH3]:   Unknown(0x40c698af) (QTypeQbKey) : 0x31eebbd
13:43:13 INFO  [GH3]: }
13:43:14 INFO  [GH3]: {
13:43:14 INFO  [GH3]:   Unknown(0x40c698af) (QTypeQbKey) : 0xea7d4e88
13:43:14 INFO  [GH3]: }
13:43:14 INFO  [GH3]: {
13:43:14 INFO  [GH3]:   Unknown(0x40c698af) (QTypeQbKey) : 0x4732fa4
13:43:14 INFO  [GH3]: }
13:43:15 INFO  [GH3]: {
13:43:15 INFO  [GH3]:   Unknown(0xb30d9965) (QTypeInt) : 0
13:43:15 INFO  [GH3]:   Unknown(0x40c698af) (QTypeQbKey) : 0x11261af
13:43:15 INFO  [GH3]: }
13:43:15 INFO  [GH3]: {
13:43:15 INFO  [GH3]:   Unknown(0xb30d9965) (QTypeInt) : 0
13:43:15 INFO  [GH3]:   Unknown(0x40c698af) (QTypeQbKey) : 0xe6aa4ca8
13:43:15 INFO  [GH3]: }
13:43:16 INFO  [GH3]: {
13:43:16 INFO  [GH3]:   Unknown(0xb30d9965) (QTypeInt) : 0
13:43:16 INFO  [GH3]:   Unknown(0x40c698af) (QTypeQbKey) : 0xf16af5db
13:43:16 INFO  [GH3]: }
13:43:16 INFO  [GH3]: {
13:43:16 INFO  [GH3]:   Unknown(0xb30d9965) (QTypeInt) : 0
13:43:16 INFO  [GH3]:   Unknown(0x40c698af) (QTypeQbKey) : 0x1f6494f7
13:43:16 INFO  [GH3]: }
13:43:16 INFO  [GH3]: {
13:43:16 INFO  [GH3]:   Unknown(0xb30d9965) (QTypeInt) : 0
13:43:16 INFO  [GH3]:   Unknown(0x40c698af) (QTypeQbKey) : 0xf60731c2
13:43:16 INFO  [GH3]: }
13:43:16 INFO  [GH3]: {
13:43:16 INFO  [GH3]:   Unknown(0xb30d9965) (QTypeInt) : 0
13:43:16 INFO  [GH3]:   Unknown(0x40c698af) (QTypeQbKey) : 0x180950ee
13:43:16 INFO  [GH3]: }
13:43:17 INFO  [GH3]: {
13:43:17 INFO  [GH3]:   Unknown(0xb30d9965) (QTypeInt) : 0
13:43:17 INFO  [GH3]:   Unknown(0x40c698af) (QTypeQbKey) : 0xffb17de9
13:43:17 INFO  [GH3]: }
13:43:17 INFO  [GH3]: {
13:43:17 INFO  [GH3]:   Unknown(0xb30d9965) (QTypeInt) : 0
13:43:17 INFO  [GH3]:   Unknown(0x40c698af) (QTypeQbKey) : 0xbe2b631c
13:43:17 INFO  [GH3]: }
13:43:17 INFO  [GH3]: {
13:43:17 INFO  [GH3]:   Unknown(0xb30d9965) (QTypeInt) : 0
13:43:17 INFO  [GH3]:   Unknown(0x40c698af) (QTypeQbKey) : 0x50250230
13:43:17 INFO  [GH3]: }
13:43:17 INFO  [GH3]: {
13:43:17 INFO  [GH3]:   Unknown(0xb30d9965) (QTypeInt) : 0
13:43:17 INFO  [GH3]:   Unknown(0x40c698af) (QTypeQbKey) : 0xb946a705
13:43:17 INFO  [GH3]: }
13:43:17 INFO  [GH3]: {
13:43:17 INFO  [GH3]:   Unknown(0xb30d9965) (QTypeInt) : 0
13:43:17 INFO  [GH3]:   Unknown(0x40c698af) (QTypeQbKey) : 0x5748c629
13:43:17 INFO  [GH3]: }
13:43:17 INFO  [GH3]: {
13:43:17 INFO  [GH3]:   Unknown(0xb30d9965) (QTypeInt) : 0
13:43:17 INFO  [GH3]:   Unknown(0x40c698af) (QTypeQbKey) : 0xb0f0eb2e
13:43:17 INFO  [GH3]: }
13:43:17 INFO  [GH3]: {
13:43:17 INFO  [GH3]:   Unknown(0xb30d9965) (QTypeInt) : 0
13:43:17 INFO  [GH3]:   Unknown(0x40c698af) (QTypeQbKey) : 0x5748c629
13:43:17 INFO  [GH3]: }
13:43:18 INFO  [GH3]: {
13:43:18 INFO  [GH3]:   Unknown(0xb30d9965) (QTypeInt) : 0
13:43:18 INFO  [GH3]:   Unknown(0x40c698af) (QTypeQbKey) : 0xb946a705
13:43:18 INFO  [GH3]: }
13:43:18 INFO  [GH3]: {
13:43:18 INFO  [GH3]:   Unknown(0xb30d9965) (QTypeInt) : 0
13:43:18 INFO  [GH3]:   Unknown(0x40c698af) (QTypeQbKey) : 0x50250230
13:43:18 INFO  [GH3]: }
13:43:18 INFO  [GH3]: {
13:43:18 INFO  [GH3]:   Unknown(0xb30d9965) (QTypeInt) : 0
13:43:18 INFO  [GH3]:   Unknown(0x40c698af) (QTypeQbKey) : 0xbe2b631c
13:43:18 INFO  [GH3]: }
13:43:18 INFO  [GH3]: {
13:43:18 INFO  [GH3]:   Unknown(0xb30d9965) (QTypeInt) : 0
13:43:18 INFO  [GH3]:   Unknown(0x40c698af) (QTypeQbKey) : 0xffb17de9
13:43:18 INFO  [GH3]: }
13:43:18 INFO  [GH3]: {
13:43:18 INFO  [GH3]:   Unknown(0xb30d9965) (QTypeInt) : 0
13:43:18 INFO  [GH3]:   Unknown(0x40c698af) (QTypeQbKey) : 0x180950ee
13:43:18 INFO  [GH3]: }
13:43:18 INFO  [GH3]: {
13:43:18 INFO  [GH3]:   Unknown(0xb30d9965) (QTypeInt) : 0
13:43:18 INFO  [GH3]:   Unknown(0x40c698af) (QTypeQbKey) : 0xf60731c2
13:43:18 INFO  [GH3]: }
13:43:18 INFO  [GH3]: {
13:43:18 INFO  [GH3]:   Unknown(0xb30d9965) (QTypeInt) : 0
13:43:18 INFO  [GH3]:   Unknown(0x40c698af) (QTypeQbKey) : 0x1f6494f7
13:43:18 INFO  [GH3]: }
13:43:21 INFO  [GH3]: {
13:43:21 INFO  [GH3]:   Unknown(0xb30d9965) (QTypeInt) : 0
13:43:21 INFO  [GH3]:   Unknown(0x40c698af) (QTypeQbKey) : 0xf60731c2
13:43:21 INFO  [GH3]: }
13:43:21 INFO  [GH3]: {
13:43:21 INFO  [GH3]:   Unknown(0xb30d9965) (QTypeInt) : 0
13:43:21 INFO  [GH3]:   Unknown(0x40c698af) (QTypeQbKey) : 0x180950ee
13:43:21 INFO  [GH3]: }
13:43:22 INFO  [GH3]: {
13:43:22 INFO  [GH3]:   Unknown(0xb30d9965) (QTypeInt) : 0
13:43:22 INFO  [GH3]:   Unknown(0x40c698af) (QTypeQbKey) : 0xffb17de9
13:43:22 INFO  [GH3]: }
13:43:22 INFO  [GH3]: {
13:43:22 INFO  [GH3]:   Unknown(0xb30d9965) (QTypeInt) : 0
13:43:22 INFO  [GH3]:   Unknown(0x40c698af) (QTypeQbKey) : 0xbe2b631c
13:43:22 INFO  [GH3]: }
13:43:22 INFO  [GH3]: {
13:43:22 INFO  [GH3]:   Unknown(0xb30d9965) (QTypeInt) : 0
13:43:22 INFO  [GH3]:   Unknown(0x40c698af) (QTypeQbKey) : 0x50250230
13:43:22 INFO  [GH3]: }
13:43:23 INFO  [GH3]: {
13:43:23 INFO  [GH3]:   Unknown(0xb30d9965) (QTypeInt) : 0
13:43:23 INFO  [GH3]:   Unknown(0x40c698af) (QTypeQbKey) : 0xb946a705
13:43:23 INFO  [GH3]: }
13:43:23 INFO  [GH3]: {
13:43:23 INFO  [GH3]:   Unknown(0xb30d9965) (QTypeInt) : 0
13:43:23 INFO  [GH3]:   Unknown(0x40c698af) (QTypeQbKey) : 0x5748c629
13:43:23 INFO  [GH3]: }
13:43:23 INFO  [GH3]: {
13:43:23 INFO  [GH3]:   Unknown(0xb30d9965) (QTypeInt) : 0
13:43:23 INFO  [GH3]:   Unknown(0x40c698af) (QTypeQbKey) : 0xb0f0eb2e
13:43:23 INFO  [GH3]: }
13:43:23 INFO  [GH3]: {
13:43:23 INFO  [GH3]:   Unknown(0xb30d9965) (QTypeInt) : 0
13:43:23 INFO  [GH3]:   Unknown(0x40c698af) (QTypeQbKey) : 0xa730525d
13:43:23 INFO  [GH3]: }
13:43:23 INFO  [GH3]: {
13:43:23 INFO  [GH3]:   Unknown(0xb30d9965) (QTypeInt) : 0
13:43:23 INFO  [GH3]:   Unknown(0x40c698af) (QTypeQbKey) : 0x493e3371
13:43:23 INFO  [GH3]: }
13:43:24 INFO  [GH3]: {
13:43:24 INFO  [GH3]:   Unknown(0xb30d9965) (QTypeInt) : 0
13:43:24 INFO  [GH3]:   Unknown(0x40c698af) (QTypeQbKey) : 0xa730525d
13:43:24 INFO  [GH3]: }
13:43:24 INFO  [GH3]: {
13:43:24 INFO  [GH3]:   Unknown(0xb30d9965) (QTypeInt) : 0
13:43:24 INFO  [GH3]:   Unknown(0x40c698af) (QTypeQbKey) : 0xb0f0eb2e
13:43:24 INFO  [GH3]: }
13:43:25 INFO  [GH3]: {
13:43:25 INFO  [GH3]:   Unknown(0xb30d9965) (QTypeInt) : 0
13:43:25 INFO  [GH3]:   Unknown(0x40c698af) (QTypeQbKey) : 0xb0f0eb2e
13:43:25 INFO  [GH3]: }
13:43:25 INFO  [GH3]: {
13:43:25 INFO  [GH3]:   Unknown(0xb30d9965) (QTypeInt) : 0
13:43:25 INFO  [GH3]:   Unknown(0x40c698af) (QTypeQbKey) : 0xa730525d
13:43:25 INFO  [GH3]: }
13:43:25 INFO  [GH3]: {
13:43:25 INFO  [GH3]:   Unknown(0xb30d9965) (QTypeInt) : 0
13:43:25 INFO  [GH3]:   Unknown(0x40c698af) (QTypeQbKey) : 0x493e3371
13:43:25 INFO  [GH3]: }
13:43:25 INFO  [GH3]: {
13:43:25 INFO  [GH3]:   Unknown(0xb30d9965) (QTypeInt) : 0
13:43:25 INFO  [GH3]:   Unknown(0x40c698af) (QTypeQbKey) : 0xa05d9644
13:43:25 INFO  [GH3]: }
13:43:25 INFO  [GH3]: {
13:43:25 INFO  [GH3]:   Unknown(0xb30d9965) (QTypeInt) : 0
13:43:25 INFO  [GH3]:   Unknown(0x40c698af) (QTypeQbKey) : 0x4e53f768
13:43:25 INFO  [GH3]: }
13:43:26 INFO  [GH3]: {
13:43:26 INFO  [GH3]:   Unknown(0xb30d9965) (QTypeInt) : 0
13:43:26 INFO  [GH3]:   Unknown(0x40c698af) (QTypeQbKey) : 0xa9ebda6f
13:43:26 INFO  [GH3]: }
13:43:26 INFO  [GH3]: {
13:43:26 INFO  [GH3]:   Unknown(0xb30d9965) (QTypeInt) : 0
13:43:26 INFO  [GH3]:   Unknown(0x40c698af) (QTypeQbKey) : 0x8c1d019e
13:43:26 INFO  [GH3]: }
13:43:26 INFO  [GH3]: {
13:43:26 INFO  [GH3]:   Unknown(0xb30d9965) (QTypeInt) : 0
13:43:26 INFO  [GH3]:   Unknown(0x40c698af) (QTypeQbKey) : 0x15145024
13:43:26 INFO  [GH3]: }
13:43:26 INFO  [GH3]: {
13:43:26 INFO  [GH3]:   Unknown(0xb30d9965) (QTypeInt) : 0
13:43:26 INFO  [GH3]:   Unknown(0x40c698af) (QTypeQbKey) : 0x15145024
13:43:26 INFO  [GH3]: }
13:43:26 INFO  [GH3]: {
13:43:26 INFO  [GH3]:   Unknown(0xb30d9965) (QTypeInt) : 0
13:43:26 INFO  [GH3]:   Unknown(0x40c698af) (QTypeQbKey) : 0x15145024
13:43:26 INFO  [GH3]: }
13:43:26 INFO  [GH3]: {
13:43:26 INFO  [GH3]:   Unknown(0xb30d9965) (QTypeInt) : 0
13:43:26 INFO  [GH3]:   Unknown(0x40c698af) (QTypeQbKey) : 0x15145024
13:43:26 INFO  [GH3]: }
13:43:26 INFO  [GH3]: {
13:43:26 INFO  [GH3]:   Unknown(0xb30d9965) (QTypeInt) : 0
13:43:26 INFO  [GH3]:   Unknown(0x40c698af) (QTypeQbKey) : 0x15145024
13:43:26 INFO  [GH3]: }
13:43:27 INFO  [GH3]: {
13:43:27 INFO  [GH3]:   Unknown(0xb30d9965) (QTypeInt) : 0
13:43:27 INFO  [GH3]:   Unknown(0x40c698af) (QTypeQbKey) : 0x8c1d019e
13:43:27 INFO  [GH3]: }
13:43:28 INFO  [GH3]: {
13:43:28 INFO  [GH3]:   Unknown(0xb30d9965) (QTypeInt) : 0
13:43:28 INFO  [GH3]:   Unknown(0x40c698af) (QTypeQbKey) : 0x8c1d019e
13:43:28 INFO  [GH3]: }
13:43:28 INFO  [GH3]: {
13:43:28 INFO  [GH3]:   Unknown(0xb30d9965) (QTypeInt) : 0
13:43:28 INFO  [GH3]:   Unknown(0x40c698af) (QTypeQbKey) : 0x15145024
13:43:28 INFO  [GH3]: }
13:43:32 INFO  [GH3]: {
13:43:32 INFO  [GH3]:   Unknown(0xb30d9965) (QTypeInt) : 0
13:43:32 INFO  [GH3]:   Unknown(0x40c698af) (QTypeQbKey) : 0xfb1a3108
13:43:32 INFO  [GH3]: }
13:43:34 INFO  [GH3]: {
13:43:34 INFO  [GH3]:   Unknown(0xb30d9965) (QTypeInt) : 0
13:43:34 INFO  [GH3]:   Unknown(0x40c698af) (QTypeQbKey) : 0xdeeceaf9
13:43:34 INFO  [GH3]: }
13:43:35 INFO  [GH3]: {
13:43:35 INFO  [GH3]:   Unknown(0xb30d9965) (QTypeInt) : 0
13:43:35 INFO  [GH3]:   Unknown(0x40c698af) (QTypeQbKey) : 0x3954c7fe
13:43:35 INFO  [GH3]: }
13:43:35 INFO  [GH3]: {
13:43:35 INFO  [GH3]:   Unknown(0xb30d9965) (QTypeInt) : 0
13:43:35 INFO  [GH3]:   Unknown(0x40c698af) (QTypeQbKey) : 0xd75aa6d2
13:43:35 INFO  [GH3]: }
13:43:35 INFO  [GH3]: {
13:43:35 INFO  [GH3]:   Unknown(0xb30d9965) (QTypeInt) : 0
13:43:35 INFO  [GH3]:   Unknown(0x40c698af) (QTypeQbKey) : 0x3e3903e7
13:43:35 INFO  [GH3]: }
13:43:51 INFO  [GH3]: {
13:43:51 INFO  [GH3]:   Unknown(0xb30d9965) (QTypeInt) : 0
13:43:51 INFO  [GH3]:   Unknown(0x40c698af) (QTypeQbKey) : 0xd75aa6d2
13:43:51 INFO  [GH3]: }
13:43:51 INFO  [GH3]: {
13:43:51 INFO  [GH3]:   Unknown(0xb30d9965) (QTypeInt) : 0
13:43:51 INFO  [GH3]:   Unknown(0x40c698af) (QTypeQbKey) : 0x3954c7fe
13:43:51 INFO  [GH3]: }
13:43:52 INFO  [GH3]: {
13:43:52 INFO  [GH3]:   Unknown(0xb30d9965) (QTypeInt) : 0
13:43:52 INFO  [GH3]:   Unknown(0x40c698af) (QTypeQbKey) : 0xdeeceaf9
13:43:52 INFO  [GH3]: }
13:43:52 INFO  [GH3]: {
13:43:52 INFO  [GH3]:   Unknown(0xb30d9965) (QTypeInt) : 0
13:43:52 INFO  [GH3]:   Unknown(0x40c698af) (QTypeQbKey) : 0xfb1a3108
13:43:52 INFO  [GH3]: }
13:43:52 INFO  [GH3]: {
13:43:52 INFO  [GH3]:   Unknown(0xb30d9965) (QTypeInt) : 0
13:43:52 INFO  [GH3]:   Unknown(0x40c698af) (QTypeQbKey) : 0x15145024
13:43:52 INFO  [GH3]: }
13:43:52 INFO  [GH3]: {
13:43:52 INFO  [GH3]:   Unknown(0xb30d9965) (QTypeInt) : 0
13:43:52 INFO  [GH3]:   Unknown(0x40c698af) (QTypeQbKey) : 0x15145024
13:43:52 INFO  [GH3]: }
13:43:52 INFO  [GH3]: {
13:43:52 INFO  [GH3]:   Unknown(0xb30d9965) (QTypeInt) : 0
13:43:52 INFO  [GH3]:   Unknown(0x40c698af) (QTypeQbKey) : 0x15145024
13:43:52 INFO  [GH3]: }
13:43:52 INFO  [GH3]: {
13:43:52 INFO  [GH3]:   Unknown(0xb30d9965) (QTypeInt) : 0
13:43:52 INFO  [GH3]:   Unknown(0x40c698af) (QTypeQbKey) : 0x15145024
13:43:52 INFO  [GH3]: }
13:43:53 INFO  [GH3]: {
13:43:53 INFO  [GH3]:   Unknown(0xb30d9965) (QTypeInt) : 0
13:43:53 INFO  [GH3]:   Unknown(0x40c698af) (QTypeQbKey) : 0xfb1a3108
13:43:53 INFO  [GH3]: }
13:43:56 INFO  [GH3]: {
13:43:56 INFO  [GH3]:   Unknown(0x83aaa1a0) (QTypeQbKey) : 0xeb323e20
13:43:56 INFO  [GH3]:   Unknown(0xdb616875) (QTypeInt) : 8
13:43:56 INFO  [GH3]:   Unknown(0xd8f1a5c6) (QTypeQbKey) : 0xce75e130
13:43:56 INFO  [GH3]:   Unknown(0xb7822ed8) (QTypeInt) : 4294967295
13:43:56 INFO  [GH3]:   Unknown(0xcc12115e) (QTypeQbKey) : 0x806fff30
13:43:56 INFO  [GH3]:   Unknown(0x8a4c762d) (QTypeQbKey) : 0x806fff30
13:43:56 INFO  [GH3]: }
13:43:56 INFO  [GH3]: {
13:43:56 INFO  [GH3]:   Unknown(0x00000000) (QTypeQbKey) : 0x6086aa70
13:43:56 INFO  [GH3]:   Unknown(0x520c0c9c) (QTypeQbKey) : 0x806fff30
13:43:56 INFO  [GH3]:   Unknown(0x26861025) (QTypeQbKey) : 0x0000
13:43:56 INFO  [GH3]:   Unknown(0xec953eec) (QTypeInt) : 0
13:43:56 INFO  [GH3]: }
13:43:56 INFO  [GH3]: {
13:43:56 INFO  [GH3]:   Unknown(0x83aaa1a0) (QTypeQbKey) : 0xeb323e20
13:43:56 INFO  [GH3]:   Unknown(0xdb616875) (QTypeInt) : 8
13:43:56 INFO  [GH3]:   Unknown(0xd8f1a5c6) (QTypeQbKey) : 0xce75e130
13:43:56 INFO  [GH3]:   Unknown(0xb7822ed8) (QTypeInt) : 4294967295
13:43:56 INFO  [GH3]:   Unknown(0xcc12115e) (QTypeQbKey) : 0x806fff30
13:43:56 INFO  [GH3]:   Unknown(0x8a4c762d) (QTypeQbKey) : 0x806fff30
13:43:56 INFO  [GH3]: }
13:43:56 INFO  [GH3]: {
13:43:56 INFO  [GH3]:   Unknown(0x00000000) (QTypeQbKey) : 0xff03cc4e
13:43:56 INFO  [GH3]:   Unknown(0x520c0c9c) (QTypeQbKey) : 0x806fff30
13:43:56 INFO  [GH3]:   Unknown(0x26861025) (QTypeQbKey) : 0x0000
13:43:56 INFO  [GH3]:   Unknown(0xec953eec) (QTypeInt) : 0
13:43:56 INFO  [GH3]: }
13:43:56 INFO  [GH3]: {
13:43:56 INFO  [GH3]:   Unknown(0x00000000) (QTypeQbKey) : 0xff03cc4e
13:43:56 INFO  [GH3]:   Unknown(0x520c0c9c) (QTypeQbKey) : 0x806fff30
13:43:56 INFO  [GH3]:   Unknown(0x26861025) (QTypeQbKey) : 0x0000
13:43:56 INFO  [GH3]:   Unknown(0xec953eec) (QTypeInt) : 0
13:43:56 INFO  [GH3]: }
13:43:56 INFO  [GH3]: {
13:43:56 INFO  [GH3]:   Unknown(0x00000000) (QTypeQbKey) : 0xff03cc4e
13:43:56 INFO  [GH3]:   Unknown(0x520c0c9c) (QTypeQbKey) : 0x806fff30
13:43:56 INFO  [GH3]:   Unknown(0x26861025) (QTypeQbKey) : 0x0000
13:43:56 INFO  [GH3]:   Unknown(0xec953eec) (QTypeInt) : 0
13:43:56 INFO  [GH3]: }
13:43:56 INFO  [GH3]: {
13:43:56 INFO  [GH3]:   Unknown(0x00000000) (QTypeQbKey) : 0xff03cc4e
13:43:56 INFO  [GH3]:   Unknown(0x520c0c9c) (QTypeQbKey) : 0x806fff30
13:43:56 INFO  [GH3]:   Unknown(0x26861025) (QTypeQbKey) : 0x0000
13:43:56 INFO  [GH3]:   Unknown(0xec953eec) (QTypeInt) : 0
13:43:56 INFO  [GH3]: }
13:43:56 INFO  [GH3]: {
13:43:56 INFO  [GH3]:   Unknown(0x00000000) (QTypeQbKey) : 0xff03cc4e
13:43:56 INFO  [GH3]:   Unknown(0x520c0c9c) (QTypeQbKey) : 0x806fff30
13:43:56 INFO  [GH3]:   Unknown(0x26861025) (QTypeQbKey) : 0x0000
13:43:56 INFO  [GH3]:   Unknown(0xec953eec) (QTypeInt) : 0
13:43:56 INFO  [GH3]: }
13:43:56 INFO  [GH3]: {
13:43:56 INFO  [GH3]:   Unknown(0x00000000) (QTypeQbKey) : 0xff03cc4e
13:43:56 INFO  [GH3]:   Unknown(0x520c0c9c) (QTypeQbKey) : 0x806fff30
13:43:56 INFO  [GH3]:   Unknown(0x26861025) (QTypeQbKey) : 0x0000
13:43:56 INFO  [GH3]:   Unknown(0xec953eec) (QTypeInt) : 0
13:43:56 INFO  [GH3]: }
13:43:56 INFO  [GH3]: {
13:43:56 INFO  [GH3]:   Unknown(0x00000000) (QTypeQbKey) : 0xff03cc4e
13:43:56 INFO  [GH3]:   Unknown(0x520c0c9c) (QTypeQbKey) : 0x806fff30
13:43:56 INFO  [GH3]:   Unknown(0x26861025) (QTypeQbKey) : 0x0000
13:43:56 INFO  [GH3]:   Unknown(0xec953eec) (QTypeInt) : 0
13:43:56 INFO  [GH3]: }
13:43:56 INFO  [GH3]: {
13:43:56 INFO  [GH3]:   Unknown(0x2e41f796) (QTypeInt) : 8000
13:43:56 INFO  [GH3]: }
13:43:58 INFO  [GH3]: {
13:43:58 INFO  [GH3]:   Unknown(0x83aaa1a0) (QTypeQbKey) : 0xeb323e20
13:43:58 INFO  [GH3]:   Unknown(0xdb616875) (QTypeInt) : 8
13:43:58 INFO  [GH3]:   Unknown(0xd8f1a5c6) (QTypeQbKey) : 0xce75e130
13:43:58 INFO  [GH3]:   Unknown(0xb7822ed8) (QTypeInt) : 4294967295
13:43:58 INFO  [GH3]:   Unknown(0xcc12115e) (QTypeQbKey) : 0x806fff30
13:43:58 INFO  [GH3]:   Unknown(0x8a4c762d) (QTypeQbKey) : 0x806fff30
13:43:58 INFO  [GH3]: }
13:43:58 INFO  [GH3]: {
13:43:58 INFO  [GH3]:   Unknown(0x83aaa1a0) (QTypeQbKey) : 0xeb323e20
13:43:58 INFO  [GH3]:   Unknown(0xdb616875) (QTypeInt) : 8
13:43:58 INFO  [GH3]:   Unknown(0xd8f1a5c6) (QTypeQbKey) : 0xce75e130
13:43:58 INFO  [GH3]:   Unknown(0xb7822ed8) (QTypeInt) : 4294967295
13:43:58 INFO  [GH3]:   Unknown(0xcc12115e) (QTypeQbKey) : 0x806fff30
13:43:58 INFO  [GH3]:   Unknown(0x8a4c762d) (QTypeQbKey) : 0x806fff30
13:43:58 INFO  [GH3]: }
13:43:58 INFO  [GH3]: {
13:43:58 INFO  [GH3]:   Unknown(0x7321a8d6) (QTypeQbKey) : 0xbbda0406
13:43:58 INFO  [GH3]: }
13:44:25 INFO  [GH3]: {
13:44:25 INFO  [GH3]:   Unknown(0x26bf66f3) (QTypeQbStruct) : 
13:44:25 INFO  [GH3]: 	{
13:44:25 INFO  [GH3]: 	  Unknown(0xc4745838) (QTypeWString) : "You will lose all unsaved progress if you quit. Are you sure you want to quit this song?"
13:44:25 INFO  [GH3]: 	  Unknown(0x34a68574) (QTypePair) : (600, 400)
13:44:25 INFO  [GH3]: 	  Unknown(0x13b9da7b) (QTypeFloat) : 0.6
13:44:25 INFO  [GH3]: 	}
13:44:25 INFO  [GH3]:   Unknown(0x69d0dfaf) (QTypeInt) : 0
13:44:25 INFO  [GH3]:   Unknown(0x00000000) (QTypeQbKey) : 0xeafc692e
13:44:25 INFO  [GH3]:   Unknown(0xe787d761) (QTypePair) : (640, 480)
13:44:25 INFO  [GH3]:   Unknown(0xad8a5a63) (QTypePair) : (600, 80)
13:44:25 INFO  [GH3]:   Unknown(0x2fca0578) (QTypeQbArray) : Type:"QTypeQbArray" Size:1385810688
13:44:25 INFO  [GH3]: }
13:44:27 INFO  [GH3]: {
13:44:27 INFO  [GH3]:   Unknown(0x7323e97c) (QTypeQbArray) : Type:"QTypeQbArray" Size:1385820960
13:44:27 INFO  [GH3]: }
