14:07:16 INFO  [Nylon]: Wine was not detected. Assuming we are running on a Windows NT OS Please report this if this detection is an error.
14:07:16 INFO  [Nylon]: Minhook initialized!
14:07:16 INFO  [Nylon]: Setting up default hooks...
14:07:17 INFO  [Nylon]: Hooked function at address: 0x757889E0
14:07:17 INFO  [Nylon]: Hooked function at address: 0x75788320
14:07:17 INFO  [Nylon]: Hooked function at address: 0x75782520
14:07:17 INFO  [Nylon]: Hooked function at address: 0x00530970
14:07:17 INFO  [Nylon]: Hooked function at address: 0x00530940
14:07:17 INFO  [Nylon]: Hooked function at address: 0x004A1780
14:07:17 INFO  [Nylon]: Hooked function at address: 0x00472B50
14:07:17 INFO  [Nylon]: Hooked function at address: 0x0057B940
14:07:17 INFO  [Nylon]: Hooked function at address: 0x00601D30
14:07:17 INFO  [Nylon]: Hooked function at address: 0x0047DFA0
14:07:17 INFO  [Nylon]: Hooked function at address: 0x0057AE20
14:07:17 INFO  [Nylon]: Hooked function at address: 0x00D94EE8
14:07:17 INFO  [Nylon]: Hooked function at address: 0x004A6820
14:07:17 INFO  [Nylon]: Hooked function at address: 0x0047E5B0
14:07:17 INFO  [Nylon]: Finished setting up default hooks.
14:07:17 INFO  [Nylon]: Loading mods...
14:07:17 INFO  [Nylon]: Loading mods from: "C:\Games\Guitar Hero III\nylon\Mods"
14:07:17 INFO  [Nylon]: Checking for: "C:\Games\Guitar Hero III\nylon\Mods\GH3Deluxe\modinfo.json"...
14:07:17 INFO  [Nylon]: Loading...
14:07:17 INFO  [Nylon]: Found mod: gh3dx
14:07:17 INFO  [Nylon]: Finished loading mods.
14:07:17 INFO  [Nylon]: Finished Core Initialization!
14:07:18 INFO  [Nylon]: Expecting: "GH3Deluxe\pak\gh3dx.pak"
14:07:18 INFO  [Nylon]: Found it! Loading...
14:07:18 INFO  [Nylon]: Done!
14:07:18 INFO  [Nylon]: Hooking DirectX 9...
14:07:19 INFO  [Nylon]: Hooked function at address: 0x58706500
14:07:19 INFO  [Nylon]: Hooked function at address: 0x58706120
14:07:19 INFO  [Nylon]: Hooked function at address: 0x7B6DB040
14:07:19 ERROR [Nylon]: Failed to hook function at address: 0x7B6DB040 Error Code: 3
14:07:19 INFO  [Nylon]: Finished hooking DirectX 9.
14:07:19 INFO  [Nylon]: Hooked function at address: 0x7B6DC550
14:07:19 ERROR [Nylon]: Failed to hook function at address: 0x7B6DC550 Error Code: 3
14:07:19 INFO  [Nylon]: KeyboardSetCooperativeLevel -> 6
14:07:19 INFO  [Nylon]: KeyboardSetCooperativeLevel -> 5
14:07:22 INFO  [GH3]: {
14:07:22 INFO  [GH3]:   Unknown(0x69d0dfaf) (QTypeInt) : 0
14:07:22 INFO  [GH3]:   Unknown(0xd4c98794) (QTypeWString) : "CHECKING..."
14:07:22 INFO  [GH3]:   Unknown(0x26bf66f3) (QTypeQbStruct) : 
14:07:22 INFO  [GH3]: 	{
14:07:22 INFO  [GH3]: 	  Unknown(0xc4745838) (QTypeWString) : "Checking storage device..."
14:07:22 INFO  [GH3]: 	}
14:07:22 INFO  [GH3]: }
14:07:22 INFO  [GH3]: {
14:07:22 INFO  [GH3]:   Unknown(0x69d0dfaf) (QTypeInt) : 0
14:07:22 INFO  [GH3]:   Unknown(0x26bf66f3) (QTypeQbStruct) : 
14:07:22 INFO  [GH3]: 	{
14:07:22 INFO  [GH3]: 	  Unknown(0xc4745838) (QTypeWString) : "Game content is damaged and cannot be used. Do you want to delete this content? All progress within this save content will be lost."
14:07:22 INFO  [GH3]: 	  Unknown(0x34a68574) (QTypePair) : (800, 500)
14:07:22 INFO  [GH3]: 	  Unknown(0x7f261953) (QTypePair) : (640, 375)
14:07:22 INFO  [GH3]: 	  Unknown(0x13b9da7b) (QTypeFloat) : 0.5
14:07:22 INFO  [GH3]: 	}
14:07:22 INFO  [GH3]:   Unknown(0xe787d761) (QTypePair) : (640, 465)
14:07:22 INFO  [GH3]:   Unknown(0xad8a5a63) (QTypePair) : (256, 64)
14:07:22 INFO  [GH3]:   Unknown(0x2fca0578) (QTypeQbArray) : Type:"QTypeQbArray" Size:1116878592
14:07:22 INFO  [GH3]: }
14:07:22 INFO  [GH3]: {
14:07:22 INFO  [GH3]:   Unknown(0x69d0dfaf) (QTypeInt) : 0
14:07:22 INFO  [GH3]:   Unknown(0xd4c98794) (QTypeWString) : "SUCCESSFUL"
14:07:22 INFO  [GH3]:   Unknown(0x26bf66f3) (QTypeQbStruct) : 
14:07:22 INFO  [GH3]: 	{
14:07:22 INFO  [GH3]: 	  Unknown(0xc4745838) (QTypeWString) : "Load successful."
14:07:22 INFO  [GH3]: 	}
14:07:22 INFO  [GH3]: }
14:07:25 INFO  [GH3]: {
14:07:25 INFO  [GH3]:   Unknown(0x7323e97c) (QTypeQbArray) : Type:"QTypeQbArray" Size:1120699040
14:07:25 INFO  [GH3]: }
14:07:28 INFO  [GH3]: {
14:07:28 INFO  [GH3]:   Unknown(0xcc12115e) (QTypeQbKey) : 0xaee0dc58
14:07:28 INFO  [GH3]: }
14:07:28 INFO  [GH3]: {
14:07:28 INFO  [GH3]:   Unknown(0xcc12115e) (QTypeQbKey) : 0xb3ae1b7a
14:07:28 INFO  [GH3]: }
14:07:28 INFO  [GH3]: {
14:07:28 INFO  [GH3]:   Unknown(0xcc12115e) (QTypeQbKey) : 0x71b14112
14:07:28 INFO  [GH3]: }
14:07:28 INFO  [GH3]: {
14:07:28 INFO  [GH3]:   Unknown(0xcc12115e) (QTypeQbKey) : 0x51ad6e8c
14:07:28 INFO  [GH3]: }
14:07:28 INFO  [GH3]: {
14:07:28 INFO  [GH3]:   Unknown(0xcc12115e) (QTypeQbKey) : 0x5ca68a94
14:07:28 INFO  [GH3]: }
14:07:28 INFO  [GH3]: {
14:07:28 INFO  [GH3]:   Unknown(0xcc12115e) (QTypeQbKey) : 0x9f667de2
14:07:28 INFO  [GH3]: }
14:07:28 INFO  [GH3]: {
14:07:28 INFO  [GH3]:   Unknown(0xcc12115e) (QTypeQbKey) : 0xa86a21ff
14:07:28 INFO  [GH3]: }
14:07:28 INFO  [GH3]: {
14:07:28 INFO  [GH3]:   Unknown(0xcc12115e) (QTypeQbKey) : 0x4a7d84eb
14:07:28 INFO  [GH3]: }
14:07:28 INFO  [GH3]: {
14:07:28 INFO  [GH3]:   Unknown(0xcc12115e) (QTypeQbKey) : 0xd5e836
14:07:28 INFO  [GH3]: }
14:07:28 INFO  [GH3]: {
14:07:28 INFO  [GH3]:   Unknown(0xcc12115e) (QTypeQbKey) : 0x8cf2b87a
14:07:28 INFO  [GH3]: }
14:07:28 INFO  [GH3]: {
14:07:28 INFO  [GH3]:   Unknown(0xcc12115e) (QTypeQbKey) : 0xddebc0ce
14:07:28 INFO  [GH3]: }
14:07:28 INFO  [GH3]: {
14:07:28 INFO  [GH3]:   Unknown(0xcc12115e) (QTypeQbKey) : 0x52f25c10
14:07:28 INFO  [GH3]: }
14:07:28 INFO  [GH3]: {
14:07:28 INFO  [GH3]:   Unknown(0xcc12115e) (QTypeQbKey) : 0x5a9fd9ae
14:07:28 INFO  [GH3]: }
14:07:28 INFO  [GH3]: {
14:07:28 INFO  [GH3]:   Unknown(0xcc12115e) (QTypeQbKey) : 0x8593790e
14:07:28 INFO  [GH3]: }
14:07:28 INFO  [GH3]: {
14:07:28 INFO  [GH3]:   Unknown(0xcc12115e) (QTypeQbKey) : 0x23fc5b5f
14:07:28 INFO  [GH3]: }
14:07:28 INFO  [GH3]: {
14:07:28 INFO  [GH3]:   Unknown(0xcc12115e) (QTypeQbKey) : 0xd10828c8
14:07:28 INFO  [GH3]: }
14:07:28 INFO  [GH3]: {
14:07:28 INFO  [GH3]:   Unknown(0xcc12115e) (QTypeQbKey) : 0xb2ba98ad
14:07:28 INFO  [GH3]: }
14:07:28 INFO  [GH3]: {
14:07:28 INFO  [GH3]:   Unknown(0xcc12115e) (QTypeQbKey) : 0x24e5e579
14:07:28 INFO  [GH3]: }
14:07:28 INFO  [GH3]: {
14:07:28 INFO  [GH3]:   Unknown(0xcc12115e) (QTypeQbKey) : 0x80d135f1
14:07:28 INFO  [GH3]: }
14:07:28 INFO  [GH3]: {
14:07:28 INFO  [GH3]:   Unknown(0xcc12115e) (QTypeQbKey) : 0x700c4085
14:07:28 INFO  [GH3]: }
14:07:28 INFO  [GH3]: {
14:07:28 INFO  [GH3]:   Unknown(0xcc12115e) (QTypeQbKey) : 0x8ebc7218
14:07:28 INFO  [GH3]: }
14:07:28 INFO  [GH3]: {
14:07:28 INFO  [GH3]:   Unknown(0xcc12115e) (QTypeQbKey) : 0x1cbd9be7
14:07:28 INFO  [GH3]: }
14:07:28 INFO  [GH3]: {
14:07:28 INFO  [GH3]:   Unknown(0xcc12115e) (QTypeQbKey) : 0xfc3db2e8
14:07:28 INFO  [GH3]: }
14:07:28 INFO  [GH3]: {
14:07:28 INFO  [GH3]:   Unknown(0xcc12115e) (QTypeQbKey) : 0xe8baf4e5
14:07:28 INFO  [GH3]: }
14:07:28 INFO  [GH3]: {
14:07:28 INFO  [GH3]:   Unknown(0xcc12115e) (QTypeQbKey) : 0xfc3db2e8
14:07:28 INFO  [GH3]: }
14:07:28 INFO  [GH3]: {
14:07:28 INFO  [GH3]:   Unknown(0xcc12115e) (QTypeQbKey) : 0x80540f4b
14:07:28 INFO  [GH3]: }
14:07:28 INFO  [GH3]: {
14:07:28 INFO  [GH3]:   Unknown(0xcc12115e) (QTypeQbKey) : 0x9ac28451
14:07:28 INFO  [GH3]: }
14:07:28 INFO  [GH3]: {
14:07:28 INFO  [GH3]:   Unknown(0xcc12115e) (QTypeQbKey) : 0x233f951a
14:07:28 INFO  [GH3]: }
14:07:28 INFO  [GH3]: {
14:07:28 INFO  [GH3]:   Unknown(0xcc12115e) (QTypeQbKey) : 0x3ada655d
14:07:28 INFO  [GH3]: }
14:07:28 INFO  [GH3]: {
14:07:28 INFO  [GH3]:   Unknown(0xcc12115e) (QTypeQbKey) : 0x24541776
14:07:28 INFO  [GH3]: }
14:07:28 INFO  [GH3]: {
14:07:28 INFO  [GH3]:   Unknown(0xcc12115e) (QTypeQbKey) : 0xf6a3347d
14:07:28 INFO  [GH3]: }
14:07:28 INFO  [GH3]: {
14:07:28 INFO  [GH3]:   Unknown(0xcc12115e) (QTypeQbKey) : 0x4771da76
14:07:28 INFO  [GH3]: }
14:07:28 INFO  [GH3]: {
14:07:28 INFO  [GH3]:   Unknown(0xcc12115e) (QTypeQbKey) : 0x2d77bc7d
14:07:28 INFO  [GH3]: }
14:07:28 INFO  [GH3]: {
14:07:28 INFO  [GH3]:   Unknown(0xcc12115e) (QTypeQbKey) : 0xa9f17f64
14:07:28 INFO  [GH3]: }
14:07:28 INFO  [GH3]: {
14:07:28 INFO  [GH3]:   Unknown(0xcc12115e) (QTypeQbKey) : 0x54e72043
14:07:28 INFO  [GH3]: }
14:07:28 INFO  [GH3]: {
14:07:28 INFO  [GH3]:   Unknown(0xcc12115e) (QTypeQbKey) : 0x335a5a9f
14:07:28 INFO  [GH3]: }
14:07:28 INFO  [GH3]: {
14:07:28 INFO  [GH3]:   Unknown(0xcc12115e) (QTypeQbKey) : 0x4ee17225
14:07:28 INFO  [GH3]: }
14:07:28 INFO  [GH3]: {
14:07:28 INFO  [GH3]:   Unknown(0xcc12115e) (QTypeQbKey) : 0x5e055837
14:07:28 INFO  [GH3]: }
14:07:28 INFO  [GH3]: {
14:07:28 INFO  [GH3]:   Unknown(0xcc12115e) (QTypeQbKey) : 0x68e8acf5
14:07:28 INFO  [GH3]: }
14:07:28 INFO  [GH3]: {
14:07:28 INFO  [GH3]:   Unknown(0xcc12115e) (QTypeQbKey) : 0xda21ecba
14:07:28 INFO  [GH3]: }
14:07:28 INFO  [GH3]: {
14:07:28 INFO  [GH3]:   Unknown(0xcc12115e) (QTypeQbKey) : 0x9cbfe5e3
14:07:28 INFO  [GH3]: }
14:07:28 INFO  [GH3]: {
14:07:28 INFO  [GH3]:   Unknown(0xcc12115e) (QTypeQbKey) : 0x2b3b8ec0
14:07:28 INFO  [GH3]: }
14:07:28 INFO  [GH3]: {
14:07:28 INFO  [GH3]:   Unknown(0xcc12115e) (QTypeQbKey) : 0xad7c54ba
14:07:28 INFO  [GH3]: }
14:07:28 INFO  [GH3]: {
14:07:28 INFO  [GH3]:   Unknown(0xcc12115e) (QTypeQbKey) : 0xe8ab11e2
14:07:28 INFO  [GH3]: }
14:07:28 INFO  [GH3]: {
14:07:28 INFO  [GH3]:   Unknown(0xcc12115e) (QTypeQbKey) : 0xce75e130
14:07:28 INFO  [GH3]: }
14:07:28 INFO  [GH3]: {
14:07:28 INFO  [GH3]:   Unknown(0xcc12115e) (QTypeQbKey) : 0xaee0dc58
14:07:28 INFO  [GH3]: }
14:07:28 INFO  [GH3]: {
14:07:28 INFO  [GH3]:   Unknown(0xcc12115e) (QTypeQbKey) : 0xb3ae1b7a
14:07:28 INFO  [GH3]: }
14:07:28 INFO  [GH3]: {
14:07:28 INFO  [GH3]:   Unknown(0xcc12115e) (QTypeQbKey) : 0x71b14112
14:07:28 INFO  [GH3]: }
14:07:28 INFO  [GH3]: {
14:07:28 INFO  [GH3]:   Unknown(0xcc12115e) (QTypeQbKey) : 0x51ad6e8c
14:07:28 INFO  [GH3]: }
14:07:28 INFO  [GH3]: {
14:07:28 INFO  [GH3]:   Unknown(0xcc12115e) (QTypeQbKey) : 0x5ca68a94
14:07:28 INFO  [GH3]: }
14:07:28 INFO  [GH3]: {
14:07:28 INFO  [GH3]:   Unknown(0xcc12115e) (QTypeQbKey) : 0x9f667de2
14:07:28 INFO  [GH3]: }
14:07:28 INFO  [GH3]: {
14:07:28 INFO  [GH3]:   Unknown(0xcc12115e) (QTypeQbKey) : 0xa86a21ff
14:07:28 INFO  [GH3]: }
14:07:28 INFO  [GH3]: {
14:07:28 INFO  [GH3]:   Unknown(0xcc12115e) (QTypeQbKey) : 0x4a7d84eb
14:07:28 INFO  [GH3]: }
14:07:28 INFO  [GH3]: {
14:07:28 INFO  [GH3]:   Unknown(0xcc12115e) (QTypeQbKey) : 0xd5e836
14:07:28 INFO  [GH3]: }
14:07:28 INFO  [GH3]: {
14:07:28 INFO  [GH3]:   Unknown(0xcc12115e) (QTypeQbKey) : 0x8cf2b87a
14:07:28 INFO  [GH3]: }
14:07:28 INFO  [GH3]: {
14:07:28 INFO  [GH3]:   Unknown(0xcc12115e) (QTypeQbKey) : 0xddebc0ce
14:07:28 INFO  [GH3]: }
14:07:28 INFO  [GH3]: {
14:07:28 INFO  [GH3]:   Unknown(0xcc12115e) (QTypeQbKey) : 0x52f25c10
14:07:28 INFO  [GH3]: }
14:07:28 INFO  [GH3]: {
14:07:28 INFO  [GH3]:   Unknown(0xcc12115e) (QTypeQbKey) : 0x5a9fd9ae
14:07:28 INFO  [GH3]: }
14:07:28 INFO  [GH3]: {
14:07:28 INFO  [GH3]:   Unknown(0xcc12115e) (QTypeQbKey) : 0x8593790e
14:07:28 INFO  [GH3]: }
14:07:28 INFO  [GH3]: {
14:07:28 INFO  [GH3]:   Unknown(0xcc12115e) (QTypeQbKey) : 0x23fc5b5f
14:07:28 INFO  [GH3]: }
14:07:28 INFO  [GH3]: {
14:07:28 INFO  [GH3]:   Unknown(0xcc12115e) (QTypeQbKey) : 0xd10828c8
14:07:28 INFO  [GH3]: }
14:07:28 INFO  [GH3]: {
14:07:28 INFO  [GH3]:   Unknown(0xcc12115e) (QTypeQbKey) : 0xb2ba98ad
14:07:28 INFO  [GH3]: }
14:07:28 INFO  [GH3]: {
14:07:28 INFO  [GH3]:   Unknown(0xcc12115e) (QTypeQbKey) : 0x24e5e579
14:07:28 INFO  [GH3]: }
14:07:28 INFO  [GH3]: {
14:07:28 INFO  [GH3]:   Unknown(0xcc12115e) (QTypeQbKey) : 0x80d135f1
14:07:28 INFO  [GH3]: }
14:07:28 INFO  [GH3]: {
14:07:28 INFO  [GH3]:   Unknown(0xcc12115e) (QTypeQbKey) : 0x700c4085
14:07:28 INFO  [GH3]: }
14:07:28 INFO  [GH3]: {
14:07:28 INFO  [GH3]:   Unknown(0xcc12115e) (QTypeQbKey) : 0x8ebc7218
14:07:28 INFO  [GH3]: }
14:07:28 INFO  [GH3]: {
14:07:28 INFO  [GH3]:   Unknown(0xcc12115e) (QTypeQbKey) : 0x1cbd9be7
14:07:28 INFO  [GH3]: }
14:07:28 INFO  [GH3]: {
14:07:28 INFO  [GH3]:   Unknown(0xcc12115e) (QTypeQbKey) : 0xfc3db2e8
14:07:28 INFO  [GH3]: }
14:07:28 INFO  [GH3]: {
14:07:28 INFO  [GH3]:   Unknown(0xcc12115e) (QTypeQbKey) : 0xe8baf4e5
14:07:28 INFO  [GH3]: }
14:07:28 INFO  [GH3]: {
14:07:28 INFO  [GH3]:   Unknown(0xcc12115e) (QTypeQbKey) : 0xfc3db2e8
14:07:28 INFO  [GH3]: }
14:07:28 INFO  [GH3]: {
14:07:28 INFO  [GH3]:   Unknown(0xcc12115e) (QTypeQbKey) : 0x80540f4b
14:07:28 INFO  [GH3]: }
14:07:28 INFO  [GH3]: {
14:07:28 INFO  [GH3]:   Unknown(0xcc12115e) (QTypeQbKey) : 0x9ac28451
14:07:28 INFO  [GH3]: }
14:07:28 INFO  [GH3]: {
14:07:28 INFO  [GH3]:   Unknown(0xcc12115e) (QTypeQbKey) : 0x233f951a
14:07:28 INFO  [GH3]: }
14:07:28 INFO  [GH3]: {
14:07:28 INFO  [GH3]:   Unknown(0xcc12115e) (QTypeQbKey) : 0x3ada655d
14:07:28 INFO  [GH3]: }
14:07:28 INFO  [GH3]: {
14:07:28 INFO  [GH3]:   Unknown(0xcc12115e) (QTypeQbKey) : 0x24541776
14:07:28 INFO  [GH3]: }
14:07:28 INFO  [GH3]: {
14:07:28 INFO  [GH3]:   Unknown(0xcc12115e) (QTypeQbKey) : 0xf6a3347d
14:07:28 INFO  [GH3]: }
14:07:28 INFO  [GH3]: {
14:07:28 INFO  [GH3]:   Unknown(0xcc12115e) (QTypeQbKey) : 0x4771da76
14:07:28 INFO  [GH3]: }
14:07:28 INFO  [GH3]: {
14:07:28 INFO  [GH3]:   Unknown(0xcc12115e) (QTypeQbKey) : 0x2d77bc7d
14:07:28 INFO  [GH3]: }
14:07:28 INFO  [GH3]: {
14:07:28 INFO  [GH3]:   Unknown(0xcc12115e) (QTypeQbKey) : 0xa9f17f64
14:07:28 INFO  [GH3]: }
14:07:28 INFO  [GH3]: {
14:07:28 INFO  [GH3]:   Unknown(0xcc12115e) (QTypeQbKey) : 0x54e72043
14:07:28 INFO  [GH3]: }
14:07:28 INFO  [GH3]: {
14:07:28 INFO  [GH3]:   Unknown(0xcc12115e) (QTypeQbKey) : 0x335a5a9f
14:07:28 INFO  [GH3]: }
14:07:28 INFO  [GH3]: {
14:07:28 INFO  [GH3]:   Unknown(0xcc12115e) (QTypeQbKey) : 0x4ee17225
14:07:28 INFO  [GH3]: }
14:07:28 INFO  [GH3]: {
14:07:28 INFO  [GH3]:   Unknown(0xcc12115e) (QTypeQbKey) : 0x5e055837
14:07:28 INFO  [GH3]: }
14:07:28 INFO  [GH3]: {
14:07:28 INFO  [GH3]:   Unknown(0xcc12115e) (QTypeQbKey) : 0x68e8acf5
14:07:28 INFO  [GH3]: }
14:07:28 INFO  [GH3]: {
14:07:28 INFO  [GH3]:   Unknown(0xcc12115e) (QTypeQbKey) : 0xda21ecba
14:07:28 INFO  [GH3]: }
14:07:28 INFO  [GH3]: {
14:07:28 INFO  [GH3]:   Unknown(0xcc12115e) (QTypeQbKey) : 0x9cbfe5e3
14:07:29 INFO  [GH3]: }
14:07:29 INFO  [GH3]: {
14:07:29 INFO  [GH3]:   Unknown(0xcc12115e) (QTypeQbKey) : 0x2b3b8ec0
14:07:29 INFO  [GH3]: }
14:07:29 INFO  [GH3]: {
14:07:29 INFO  [GH3]:   Unknown(0xcc12115e) (QTypeQbKey) : 0xad7c54ba
14:07:29 INFO  [GH3]: }
14:07:29 INFO  [GH3]: {
14:07:29 INFO  [GH3]:   Unknown(0xcc12115e) (QTypeQbKey) : 0xe8ab11e2
14:07:29 INFO  [GH3]: }
14:07:29 INFO  [GH3]: {
14:07:29 INFO  [GH3]:   Unknown(0xcc12115e) (QTypeQbKey) : 0xce75e130
14:07:29 INFO  [GH3]: }
14:07:29 INFO  [GH3]: {
14:07:29 INFO  [GH3]:   Unknown(0xcc12115e) (QTypeQbKey) : 0xaee0dc58
14:07:29 INFO  [GH3]: }
14:07:29 INFO  [GH3]: {
14:07:29 INFO  [GH3]:   Unknown(0xcc12115e) (QTypeQbKey) : 0xb3ae1b7a
14:07:29 INFO  [GH3]: }
14:07:29 INFO  [GH3]: {
14:07:29 INFO  [GH3]:   Unknown(0xcc12115e) (QTypeQbKey) : 0x71b14112
14:07:29 INFO  [GH3]: }
14:07:29 INFO  [GH3]: {
14:07:29 INFO  [GH3]:   Unknown(0xcc12115e) (QTypeQbKey) : 0x51ad6e8c
14:07:29 INFO  [GH3]: }
14:07:29 INFO  [GH3]: {
14:07:29 INFO  [GH3]:   Unknown(0xcc12115e) (QTypeQbKey) : 0x5ca68a94
14:07:29 INFO  [GH3]: }
14:07:29 INFO  [GH3]: {
14:07:29 INFO  [GH3]:   Unknown(0xcc12115e) (QTypeQbKey) : 0x9f667de2
14:07:29 INFO  [GH3]: }
14:07:29 INFO  [GH3]: {
14:07:29 INFO  [GH3]:   Unknown(0xcc12115e) (QTypeQbKey) : 0xa86a21ff
14:07:29 INFO  [GH3]: }
14:07:29 INFO  [GH3]: {
14:07:29 INFO  [GH3]:   Unknown(0xcc12115e) (QTypeQbKey) : 0x4a7d84eb
14:07:29 INFO  [GH3]: }
14:07:29 INFO  [GH3]: {
14:07:29 INFO  [GH3]:   Unknown(0xcc12115e) (QTypeQbKey) : 0xd5e836
14:07:29 INFO  [GH3]: }
14:07:29 INFO  [GH3]: {
14:07:29 INFO  [GH3]:   Unknown(0xcc12115e) (QTypeQbKey) : 0x8cf2b87a
14:07:29 INFO  [GH3]: }
14:07:29 INFO  [GH3]: {
14:07:29 INFO  [GH3]:   Unknown(0xcc12115e) (QTypeQbKey) : 0xddebc0ce
14:07:29 INFO  [GH3]: }
14:07:29 INFO  [GH3]: {
14:07:29 INFO  [GH3]:   Unknown(0xcc12115e) (QTypeQbKey) : 0x52f25c10
14:07:29 INFO  [GH3]: }
14:07:29 INFO  [GH3]: {
14:07:29 INFO  [GH3]:   Unknown(0xcc12115e) (QTypeQbKey) : 0x5a9fd9ae
14:07:29 INFO  [GH3]: }
14:07:29 INFO  [GH3]: {
14:07:29 INFO  [GH3]:   Unknown(0xcc12115e) (QTypeQbKey) : 0x8593790e
14:07:29 INFO  [GH3]: }
14:07:29 INFO  [GH3]: {
14:07:29 INFO  [GH3]:   Unknown(0xcc12115e) (QTypeQbKey) : 0x23fc5b5f
14:07:29 INFO  [GH3]: }
14:07:29 INFO  [GH3]: {
14:07:29 INFO  [GH3]:   Unknown(0xcc12115e) (QTypeQbKey) : 0xd10828c8
14:07:29 INFO  [GH3]: }
14:07:29 INFO  [GH3]: {
14:07:29 INFO  [GH3]:   Unknown(0xcc12115e) (QTypeQbKey) : 0xb2ba98ad
14:07:29 INFO  [GH3]: }
14:07:29 INFO  [GH3]: {
14:07:29 INFO  [GH3]:   Unknown(0xcc12115e) (QTypeQbKey) : 0x24e5e579
14:07:29 INFO  [GH3]: }
14:07:29 INFO  [GH3]: {
14:07:29 INFO  [GH3]:   Unknown(0xcc12115e) (QTypeQbKey) : 0x80d135f1
14:07:29 INFO  [GH3]: }
14:07:29 INFO  [GH3]: {
14:07:29 INFO  [GH3]:   Unknown(0xcc12115e) (QTypeQbKey) : 0x700c4085
14:07:29 INFO  [GH3]: }
14:07:29 INFO  [GH3]: {
14:07:29 INFO  [GH3]:   Unknown(0xcc12115e) (QTypeQbKey) : 0x8ebc7218
14:07:29 INFO  [GH3]: }
14:07:29 INFO  [GH3]: {
14:07:29 INFO  [GH3]:   Unknown(0xcc12115e) (QTypeQbKey) : 0x1cbd9be7
14:07:29 INFO  [GH3]: }
14:07:29 INFO  [GH3]: {
14:07:29 INFO  [GH3]:   Unknown(0xcc12115e) (QTypeQbKey) : 0xfc3db2e8
14:07:29 INFO  [GH3]: }
14:07:29 INFO  [GH3]: {
14:07:29 INFO  [GH3]:   Unknown(0xcc12115e) (QTypeQbKey) : 0x68e8acf5
14:07:29 INFO  [GH3]: }
14:07:29 INFO  [GH3]: {
14:07:29 INFO  [GH3]:   Unknown(0xcc12115e) (QTypeQbKey) : 0xda21ecba
14:07:29 INFO  [GH3]: }
14:07:29 INFO  [GH3]: {
14:07:29 INFO  [GH3]:   Unknown(0xcc12115e) (QTypeQbKey) : 0xb2ba98ad
14:07:29 INFO  [GH3]: }
14:07:29 INFO  [GH3]: {
14:07:29 INFO  [GH3]:   Unknown(0xcc12115e) (QTypeQbKey) : 0x9cbfe5e3
14:07:29 INFO  [GH3]: }
14:07:29 INFO  [GH3]: {
14:07:29 INFO  [GH3]:   Unknown(0xcc12115e) (QTypeQbKey) : 0xb3ae1b7a
14:07:29 INFO  [GH3]: }
14:07:29 INFO  [GH3]: {
14:07:29 INFO  [GH3]:   Unknown(0xcc12115e) (QTypeQbKey) : 0xe8baf4e5
14:07:29 INFO  [GH3]: }
14:07:29 INFO  [GH3]: {
14:07:29 INFO  [GH3]:   Unknown(0xcc12115e) (QTypeQbKey) : 0x5ca68a94
14:07:29 INFO  [GH3]: }
14:07:29 INFO  [GH3]: {
14:07:29 INFO  [GH3]:   Unknown(0xcc12115e) (QTypeQbKey) : 0x614910ae
14:07:29 INFO  [GH3]: }
14:07:29 INFO  [GH3]: {
14:07:29 INFO  [GH3]:   Unknown(0xcc12115e) (QTypeQbKey) : 0x9f667de2
14:07:29 INFO  [GH3]: }
14:07:29 INFO  [GH3]: {
14:07:29 INFO  [GH3]:   Unknown(0xcc12115e) (QTypeQbKey) : 0x51ad6e8c
14:07:29 INFO  [GH3]: }
14:07:29 INFO  [GH3]: {
14:07:29 INFO  [GH3]:   Unknown(0xcc12115e) (QTypeQbKey) : 0x80d135f1
14:07:29 INFO  [GH3]: }
14:07:29 INFO  [GH3]: {
14:07:29 INFO  [GH3]:   Unknown(0xcc12115e) (QTypeQbKey) : 0xf6a3347d
14:07:29 INFO  [GH3]: }
14:07:29 INFO  [GH3]: {
14:07:29 INFO  [GH3]:   Unknown(0xcc12115e) (QTypeQbKey) : 0x4771da76
14:07:29 INFO  [GH3]: }
14:07:29 INFO  [GH3]: {
14:07:29 INFO  [GH3]:   Unknown(0xcc12115e) (QTypeQbKey) : 0x3ada655d
14:07:29 INFO  [GH3]: }
14:07:29 INFO  [GH3]: {
14:07:29 INFO  [GH3]:   Unknown(0xcc12115e) (QTypeQbKey) : 0xd5e836
14:07:29 INFO  [GH3]: }
14:07:29 INFO  [GH3]: {
14:07:29 INFO  [GH3]:   Unknown(0xcc12115e) (QTypeQbKey) : 0xa9f17f64
14:07:29 INFO  [GH3]: }
14:07:29 INFO  [GH3]: {
14:07:29 INFO  [GH3]:   Unknown(0xcc12115e) (QTypeQbKey) : 0x8ebc7218
14:07:29 INFO  [GH3]: }
14:07:29 INFO  [GH3]: {
14:07:29 INFO  [GH3]:   Unknown(0xcc12115e) (QTypeQbKey) : 0xe8ab11e2
14:07:29 INFO  [GH3]: }
14:07:29 INFO  [GH3]: {
14:07:29 INFO  [GH3]:   Unknown(0xcc12115e) (QTypeQbKey) : 0x52f25c10
14:07:29 INFO  [GH3]: }
14:07:29 INFO  [GH3]: {
14:07:29 INFO  [GH3]:   Unknown(0xcc12115e) (QTypeQbKey) : 0x23fc5b5f
14:07:29 INFO  [GH3]: }
14:07:29 INFO  [GH3]: {
14:07:29 INFO  [GH3]:   Unknown(0xcc12115e) (QTypeQbKey) : 0xce75e130
14:07:29 INFO  [GH3]: }
14:07:29 INFO  [GH3]: {
14:07:29 INFO  [GH3]:   Unknown(0xcc12115e) (QTypeQbKey) : 0x8593790e
14:07:29 INFO  [GH3]: }
14:07:29 INFO  [GH3]: {
14:07:29 INFO  [GH3]:   Unknown(0xcc12115e) (QTypeQbKey) : 0xd10828c8
14:07:29 INFO  [GH3]: }
14:07:29 INFO  [GH3]: {
14:07:29 INFO  [GH3]:   Unknown(0xcc12115e) (QTypeQbKey) : 0x24e5e579
14:07:29 INFO  [GH3]: }
14:07:29 INFO  [GH3]: {
14:07:29 INFO  [GH3]:   Unknown(0xcc12115e) (QTypeQbKey) : 0x71b14112
14:07:29 INFO  [GH3]: }
14:07:29 INFO  [GH3]: {
14:07:29 INFO  [GH3]:   Unknown(0xcc12115e) (QTypeQbKey) : 0x80540f4b
14:07:29 INFO  [GH3]: }
14:07:29 INFO  [GH3]: {
14:07:29 INFO  [GH3]:   Unknown(0xcc12115e) (QTypeQbKey) : 0xaee0dc58
14:07:29 INFO  [GH3]: }
14:07:29 INFO  [GH3]: {
14:07:29 INFO  [GH3]:   Unknown(0xcc12115e) (QTypeQbKey) : 0x233f951a
14:07:29 INFO  [GH3]: }
14:07:29 INFO  [GH3]: {
14:07:29 INFO  [GH3]:   Unknown(0xcc12115e) (QTypeQbKey) : 0x9ac28451
14:07:29 INFO  [GH3]: }
14:07:29 INFO  [GH3]: {
14:07:29 INFO  [GH3]:   Unknown(0xcc12115e) (QTypeQbKey) : 0x24541776
14:07:29 INFO  [GH3]: }
14:07:29 INFO  [GH3]: {
14:07:29 INFO  [GH3]:   Unknown(0xcc12115e) (QTypeQbKey) : 0x4a7d84eb
14:07:29 INFO  [GH3]: }
14:07:29 INFO  [GH3]: {
14:07:29 INFO  [GH3]:   Unknown(0xcc12115e) (QTypeQbKey) : 0xa86a21ff
14:07:29 INFO  [GH3]: }
14:07:29 INFO  [GH3]: {
14:07:29 INFO  [GH3]:   Unknown(0xcc12115e) (QTypeQbKey) : 0xddebc0ce
14:07:29 INFO  [GH3]: }
14:07:29 INFO  [GH3]: {
14:07:29 INFO  [GH3]:   Unknown(0xcc12115e) (QTypeQbKey) : 0x2d77bc7d
14:07:29 INFO  [GH3]: }
14:07:29 INFO  [GH3]: {
14:07:29 INFO  [GH3]:   Unknown(0xcc12115e) (QTypeQbKey) : 0x2b3b8ec0
14:07:29 INFO  [GH3]: }
14:07:29 INFO  [GH3]: {
14:07:29 INFO  [GH3]:   Unknown(0xcc12115e) (QTypeQbKey) : 0x700c4085
14:07:29 INFO  [GH3]: }
14:07:29 INFO  [GH3]: {
14:07:29 INFO  [GH3]:   Unknown(0xcc12115e) (QTypeQbKey) : 0x5a9fd9ae
14:07:29 INFO  [GH3]: }
14:07:29 INFO  [GH3]: {
14:07:29 INFO  [GH3]:   Unknown(0xcc12115e) (QTypeQbKey) : 0x8cf2b87a
14:07:29 INFO  [GH3]: }
14:07:29 INFO  [GH3]: {
14:07:29 INFO  [GH3]:   Unknown(0xcc12115e) (QTypeQbKey) : 0x54e72043
14:07:29 INFO  [GH3]: }
14:07:29 INFO  [GH3]: {
14:07:29 INFO  [GH3]:   Unknown(0xcc12115e) (QTypeQbKey) : 0x5e055837
14:07:29 INFO  [GH3]: }
14:07:29 INFO  [GH3]: {
14:07:29 INFO  [GH3]:   Unknown(0xcc12115e) (QTypeQbKey) : 0xad7c54ba
14:07:29 INFO  [GH3]: }
14:07:29 INFO  [GH3]: {
14:07:29 INFO  [GH3]:   Unknown(0xcc12115e) (QTypeQbKey) : 0x335a5a9f
14:07:29 INFO  [GH3]: }
14:07:29 INFO  [GH3]: {
14:07:29 INFO  [GH3]:   Unknown(0xcc12115e) (QTypeQbKey) : 0x1cbd9be7
14:07:29 INFO  [GH3]: }
14:07:29 INFO  [GH3]: {
14:07:29 INFO  [GH3]:   Unknown(0xcc12115e) (QTypeQbKey) : 0x4ee17225
14:07:29 INFO  [GH3]: }
14:07:29 INFO  [GH3]: {
14:07:29 INFO  [GH3]:   Unknown(0xcc12115e) (QTypeQbKey) : 0xfc3db2e8
14:07:29 INFO  [GH3]: }
14:07:29 INFO  [GH3]: {
14:07:29 INFO  [GH3]:   Unknown(0xcc12115e) (QTypeQbKey) : 0xe8baf4e5
14:07:29 INFO  [GH3]: }
14:07:29 INFO  [GH3]: {
14:07:29 INFO  [GH3]:   Unknown(0xcc12115e) (QTypeQbKey) : 0xfc3db2e8
14:07:29 INFO  [GH3]: }
14:07:29 INFO  [GH3]: {
14:07:29 INFO  [GH3]:   Unknown(0xcc12115e) (QTypeQbKey) : 0x80540f4b
14:07:29 INFO  [GH3]: }
14:07:29 INFO  [GH3]: {
14:07:29 INFO  [GH3]:   Unknown(0xcc12115e) (QTypeQbKey) : 0x9ac28451
14:07:29 INFO  [GH3]: }
14:07:29 INFO  [GH3]: {
14:07:29 INFO  [GH3]:   Unknown(0xcc12115e) (QTypeQbKey) : 0x233f951a
14:07:29 INFO  [GH3]: }
14:07:29 INFO  [GH3]: {
14:07:29 INFO  [GH3]:   Unknown(0xcc12115e) (QTypeQbKey) : 0x3ada655d
14:07:29 INFO  [GH3]: }
14:07:29 INFO  [GH3]: {
14:07:29 INFO  [GH3]:   Unknown(0xcc12115e) (QTypeQbKey) : 0x24541776
14:07:29 INFO  [GH3]: }
14:07:29 INFO  [GH3]: {
14:07:29 INFO  [GH3]:   Unknown(0xcc12115e) (QTypeQbKey) : 0xf6a3347d
14:07:29 INFO  [GH3]: }
14:07:29 INFO  [GH3]: {
14:07:29 INFO  [GH3]:   Unknown(0xcc12115e) (QTypeQbKey) : 0x4771da76
14:07:29 INFO  [GH3]: }
14:07:29 INFO  [GH3]: {
14:07:29 INFO  [GH3]:   Unknown(0xcc12115e) (QTypeQbKey) : 0x2d77bc7d
14:07:29 INFO  [GH3]: }
14:07:29 INFO  [GH3]: {
14:07:29 INFO  [GH3]:   Unknown(0xcc12115e) (QTypeQbKey) : 0xa9f17f64
14:07:29 INFO  [GH3]: }
14:07:29 INFO  [GH3]: {
14:07:29 INFO  [GH3]:   Unknown(0xcc12115e) (QTypeQbKey) : 0x54e72043
14:07:29 INFO  [GH3]: }
14:07:29 INFO  [GH3]: {
14:07:29 INFO  [GH3]:   Unknown(0xcc12115e) (QTypeQbKey) : 0x335a5a9f
14:07:29 INFO  [GH3]: }
14:07:29 INFO  [GH3]: {
14:07:29 INFO  [GH3]:   Unknown(0xcc12115e) (QTypeQbKey) : 0x4ee17225
14:07:29 INFO  [GH3]: }
14:07:29 INFO  [GH3]: {
14:07:29 INFO  [GH3]:   Unknown(0xcc12115e) (QTypeQbKey) : 0x5e055837
14:07:29 INFO  [GH3]: }
14:07:29 INFO  [GH3]: {
14:07:29 INFO  [GH3]:   Unknown(0xcc12115e) (QTypeQbKey) : 0x68e8acf5
14:07:29 INFO  [GH3]: }
14:07:29 INFO  [GH3]: {
14:07:29 INFO  [GH3]:   Unknown(0xcc12115e) (QTypeQbKey) : 0xda21ecba
14:07:29 INFO  [GH3]: }
14:07:29 INFO  [GH3]: {
14:07:29 INFO  [GH3]:   Unknown(0xcc12115e) (QTypeQbKey) : 0x9cbfe5e3
14:07:29 INFO  [GH3]: }
14:07:29 INFO  [GH3]: {
14:07:29 INFO  [GH3]:   Unknown(0xcc12115e) (QTypeQbKey) : 0x2b3b8ec0
14:07:29 INFO  [GH3]: }
14:07:29 INFO  [GH3]: {
14:07:29 INFO  [GH3]:   Unknown(0xcc12115e) (QTypeQbKey) : 0xad7c54ba
14:07:29 INFO  [GH3]: }
14:07:29 INFO  [GH3]: {
14:07:29 INFO  [GH3]:   Unknown(0xcc12115e) (QTypeQbKey) : 0xe8ab11e2
14:07:29 INFO  [GH3]: }
14:07:29 INFO  [GH3]: {
14:07:29 INFO  [GH3]:   Unknown(0xcc12115e) (QTypeQbKey) : 0xce75e130
14:07:29 INFO  [GH3]: }
14:07:29 INFO  [GH3]: {
14:07:29 INFO  [GH3]:   Unknown(0xcc12115e) (QTypeQbKey) : 0xaee0dc58
14:07:29 INFO  [GH3]: }
14:07:29 INFO  [GH3]: {
14:07:29 INFO  [GH3]:   Unknown(0xcc12115e) (QTypeQbKey) : 0xb3ae1b7a
14:07:29 INFO  [GH3]: }
14:07:29 INFO  [GH3]: {
14:07:29 INFO  [GH3]:   Unknown(0xcc12115e) (QTypeQbKey) : 0x71b14112
14:07:29 INFO  [GH3]: }
14:07:29 INFO  [GH3]: {
14:07:29 INFO  [GH3]:   Unknown(0xcc12115e) (QTypeQbKey) : 0x51ad6e8c
14:07:29 INFO  [GH3]: }
14:07:29 INFO  [GH3]: {
14:07:29 INFO  [GH3]:   Unknown(0xcc12115e) (QTypeQbKey) : 0x5ca68a94
14:07:29 INFO  [GH3]: }
14:07:29 INFO  [GH3]: {
14:07:29 INFO  [GH3]:   Unknown(0xcc12115e) (QTypeQbKey) : 0x9f667de2
14:07:29 INFO  [GH3]: }
14:07:29 INFO  [GH3]: {
14:07:29 INFO  [GH3]:   Unknown(0xcc12115e) (QTypeQbKey) : 0xa86a21ff
14:07:29 INFO  [GH3]: }
14:07:29 INFO  [GH3]: {
14:07:29 INFO  [GH3]:   Unknown(0xcc12115e) (QTypeQbKey) : 0x4a7d84eb
14:07:29 INFO  [GH3]: }
14:07:29 INFO  [GH3]: {
14:07:29 INFO  [GH3]:   Unknown(0xcc12115e) (QTypeQbKey) : 0xd5e836
14:07:29 INFO  [GH3]: }
14:07:29 INFO  [GH3]: {
14:07:29 INFO  [GH3]:   Unknown(0xcc12115e) (QTypeQbKey) : 0x8cf2b87a
14:07:29 INFO  [GH3]: }
14:07:29 INFO  [GH3]: {
14:07:29 INFO  [GH3]:   Unknown(0xcc12115e) (QTypeQbKey) : 0xddebc0ce
14:07:29 INFO  [GH3]: }
14:07:29 INFO  [GH3]: {
14:07:29 INFO  [GH3]:   Unknown(0xcc12115e) (QTypeQbKey) : 0x52f25c10
14:07:29 INFO  [GH3]: }
14:07:29 INFO  [GH3]: {
14:07:29 INFO  [GH3]:   Unknown(0xcc12115e) (QTypeQbKey) : 0x5a9fd9ae
14:07:29 INFO  [GH3]: }
14:07:29 INFO  [GH3]: {
14:07:29 INFO  [GH3]:   Unknown(0xcc12115e) (QTypeQbKey) : 0x8593790e
14:07:29 INFO  [GH3]: }
14:07:29 INFO  [GH3]: {
14:07:29 INFO  [GH3]:   Unknown(0xcc12115e) (QTypeQbKey) : 0x23fc5b5f
14:07:29 INFO  [GH3]: }
14:07:29 INFO  [GH3]: {
14:07:29 INFO  [GH3]:   Unknown(0xcc12115e) (QTypeQbKey) : 0xd10828c8
14:07:29 INFO  [GH3]: }
14:07:29 INFO  [GH3]: {
14:07:29 INFO  [GH3]:   Unknown(0xcc12115e) (QTypeQbKey) : 0xb2ba98ad
14:07:29 INFO  [GH3]: }
14:07:29 INFO  [GH3]: {
14:07:29 INFO  [GH3]:   Unknown(0xcc12115e) (QTypeQbKey) : 0x24e5e579
14:07:29 INFO  [GH3]: }
14:07:29 INFO  [GH3]: {
14:07:29 INFO  [GH3]:   Unknown(0xcc12115e) (QTypeQbKey) : 0x80d135f1
14:07:29 INFO  [GH3]: }
14:07:29 INFO  [GH3]: {
14:07:29 INFO  [GH3]:   Unknown(0xcc12115e) (QTypeQbKey) : 0x700c4085
14:07:29 INFO  [GH3]: }
14:07:29 INFO  [GH3]: {
14:07:29 INFO  [GH3]:   Unknown(0xcc12115e) (QTypeQbKey) : 0x8ebc7218
14:07:29 INFO  [GH3]: }
14:07:29 INFO  [GH3]: {
14:07:29 INFO  [GH3]:   Unknown(0xcc12115e) (QTypeQbKey) : 0x1cbd9be7
14:07:29 INFO  [GH3]: }
14:07:29 INFO  [GH3]: {
14:07:29 INFO  [GH3]:   Unknown(0xcc12115e) (QTypeQbKey) : 0xfc3db2e8
14:07:29 INFO  [GH3]: }
14:07:29 INFO  [GH3]: {
14:07:29 INFO  [GH3]:   Unknown(0xcc12115e) (QTypeQbKey) : 0xe8baf4e5
14:07:29 INFO  [GH3]: }
14:07:29 INFO  [GH3]: {
14:07:29 INFO  [GH3]:   Unknown(0xcc12115e) (QTypeQbKey) : 0xfc3db2e8
14:07:29 INFO  [GH3]: }
14:07:29 INFO  [GH3]: {
14:07:29 INFO  [GH3]:   Unknown(0xcc12115e) (QTypeQbKey) : 0x80540f4b
14:07:29 INFO  [GH3]: }
14:07:29 INFO  [GH3]: {
14:07:29 INFO  [GH3]:   Unknown(0xcc12115e) (QTypeQbKey) : 0x9ac28451
14:07:29 INFO  [GH3]: }
14:07:29 INFO  [GH3]: {
14:07:29 INFO  [GH3]:   Unknown(0xcc12115e) (QTypeQbKey) : 0x233f951a
14:07:29 INFO  [GH3]: }
14:07:29 INFO  [GH3]: {
14:07:29 INFO  [GH3]:   Unknown(0xcc12115e) (QTypeQbKey) : 0x3ada655d
14:07:29 INFO  [GH3]: }
14:07:29 INFO  [GH3]: {
14:07:29 INFO  [GH3]:   Unknown(0xcc12115e) (QTypeQbKey) : 0x24541776
14:07:29 INFO  [GH3]: }
14:07:29 INFO  [GH3]: {
14:07:29 INFO  [GH3]:   Unknown(0xcc12115e) (QTypeQbKey) : 0xf6a3347d
14:07:29 INFO  [GH3]: }
14:07:29 INFO  [GH3]: {
14:07:29 INFO  [GH3]:   Unknown(0xcc12115e) (QTypeQbKey) : 0x4771da76
14:07:29 INFO  [GH3]: }
14:07:29 INFO  [GH3]: {
14:07:29 INFO  [GH3]:   Unknown(0xcc12115e) (QTypeQbKey) : 0x2d77bc7d
14:07:29 INFO  [GH3]: }
14:07:29 INFO  [GH3]: {
14:07:29 INFO  [GH3]:   Unknown(0xcc12115e) (QTypeQbKey) : 0xa9f17f64
14:07:29 INFO  [GH3]: }
14:07:29 INFO  [GH3]: {
14:07:29 INFO  [GH3]:   Unknown(0xcc12115e) (QTypeQbKey) : 0x54e72043
14:07:29 INFO  [GH3]: }
14:07:29 INFO  [GH3]: {
14:07:29 INFO  [GH3]:   Unknown(0xcc12115e) (QTypeQbKey) : 0x335a5a9f
14:07:29 INFO  [GH3]: }
14:07:29 INFO  [GH3]: {
14:07:29 INFO  [GH3]:   Unknown(0xcc12115e) (QTypeQbKey) : 0x4ee17225
14:07:29 INFO  [GH3]: }
14:07:29 INFO  [GH3]: {
14:07:29 INFO  [GH3]:   Unknown(0xcc12115e) (QTypeQbKey) : 0x5e055837
14:07:29 INFO  [GH3]: }
14:07:29 INFO  [GH3]: {
14:07:29 INFO  [GH3]:   Unknown(0xcc12115e) (QTypeQbKey) : 0x68e8acf5
14:07:29 INFO  [GH3]: }
14:07:29 INFO  [GH3]: {
14:07:29 INFO  [GH3]:   Unknown(0xcc12115e) (QTypeQbKey) : 0xda21ecba
14:07:29 INFO  [GH3]: }
14:07:29 INFO  [GH3]: {
14:07:29 INFO  [GH3]:   Unknown(0xcc12115e) (QTypeQbKey) : 0x9cbfe5e3
14:07:29 INFO  [GH3]: }
14:07:29 INFO  [GH3]: {
14:07:29 INFO  [GH3]:   Unknown(0xcc12115e) (QTypeQbKey) : 0x2b3b8ec0
14:07:29 INFO  [GH3]: }
14:07:29 INFO  [GH3]: {
14:07:29 INFO  [GH3]:   Unknown(0xcc12115e) (QTypeQbKey) : 0xad7c54ba
14:07:29 INFO  [GH3]: }
14:07:29 INFO  [GH3]: {
14:07:29 INFO  [GH3]:   Unknown(0xcc12115e) (QTypeQbKey) : 0xe8ab11e2
14:07:29 INFO  [GH3]: }
14:07:29 INFO  [GH3]: {
14:07:29 INFO  [GH3]:   Unknown(0xcc12115e) (QTypeQbKey) : 0xce75e130
14:07:29 INFO  [GH3]: }
14:07:29 INFO  [GH3]: {
14:07:29 INFO  [GH3]:   Unknown(0xcc12115e) (QTypeQbKey) : 0xaee0dc58
14:07:29 INFO  [GH3]: }
14:07:29 INFO  [GH3]: {
14:07:29 INFO  [GH3]:   Unknown(0xcc12115e) (QTypeQbKey) : 0xb3ae1b7a
14:07:29 INFO  [GH3]: }
14:07:29 INFO  [GH3]: {
14:07:29 INFO  [GH3]:   Unknown(0xcc12115e) (QTypeQbKey) : 0x71b14112
14:07:29 INFO  [GH3]: }
14:07:29 INFO  [GH3]: {
14:07:29 INFO  [GH3]:   Unknown(0xcc12115e) (QTypeQbKey) : 0x51ad6e8c
14:07:29 INFO  [GH3]: }
14:07:29 INFO  [GH3]: {
14:07:29 INFO  [GH3]:   Unknown(0xcc12115e) (QTypeQbKey) : 0x5ca68a94
14:07:29 INFO  [GH3]: }
14:07:29 INFO  [GH3]: {
14:07:29 INFO  [GH3]:   Unknown(0xcc12115e) (QTypeQbKey) : 0x9f667de2
14:07:29 INFO  [GH3]: }
14:07:29 INFO  [GH3]: {
14:07:29 INFO  [GH3]:   Unknown(0xcc12115e) (QTypeQbKey) : 0xa86a21ff
14:07:29 INFO  [GH3]: }
14:07:29 INFO  [GH3]: {
14:07:29 INFO  [GH3]:   Unknown(0xcc12115e) (QTypeQbKey) : 0x4a7d84eb
14:07:29 INFO  [GH3]: }
14:07:29 INFO  [GH3]: {
14:07:29 INFO  [GH3]:   Unknown(0xcc12115e) (QTypeQbKey) : 0xd5e836
14:07:29 INFO  [GH3]: }
14:07:29 INFO  [GH3]: {
14:07:29 INFO  [GH3]:   Unknown(0xcc12115e) (QTypeQbKey) : 0x8cf2b87a
14:07:29 INFO  [GH3]: }
14:07:29 INFO  [GH3]: {
14:07:29 INFO  [GH3]:   Unknown(0xcc12115e) (QTypeQbKey) : 0xddebc0ce
14:07:29 INFO  [GH3]: }
14:07:29 INFO  [GH3]: {
14:07:29 INFO  [GH3]:   Unknown(0xcc12115e) (QTypeQbKey) : 0x52f25c10
14:07:29 INFO  [GH3]: }
14:07:29 INFO  [GH3]: {
14:07:29 INFO  [GH3]:   Unknown(0xcc12115e) (QTypeQbKey) : 0x5a9fd9ae
14:07:29 INFO  [GH3]: }
14:07:29 INFO  [GH3]: {
14:07:29 INFO  [GH3]:   Unknown(0xcc12115e) (QTypeQbKey) : 0x8593790e
14:07:29 INFO  [GH3]: }
14:07:29 INFO  [GH3]: {
14:07:29 INFO  [GH3]:   Unknown(0xcc12115e) (QTypeQbKey) : 0x23fc5b5f
14:07:29 INFO  [GH3]: }
14:07:29 INFO  [GH3]: {
14:07:29 INFO  [GH3]:   Unknown(0xcc12115e) (QTypeQbKey) : 0xd10828c8
14:07:29 INFO  [GH3]: }
14:07:29 INFO  [GH3]: {
14:07:29 INFO  [GH3]:   Unknown(0xcc12115e) (QTypeQbKey) : 0xb2ba98ad
14:07:29 INFO  [GH3]: }
14:07:29 INFO  [GH3]: {
14:07:29 INFO  [GH3]:   Unknown(0xcc12115e) (QTypeQbKey) : 0x24e5e579
14:07:29 INFO  [GH3]: }
14:07:29 INFO  [GH3]: {
14:07:29 INFO  [GH3]:   Unknown(0xcc12115e) (QTypeQbKey) : 0x80d135f1
14:07:29 INFO  [GH3]: }
14:07:29 INFO  [GH3]: {
14:07:29 INFO  [GH3]:   Unknown(0xcc12115e) (QTypeQbKey) : 0x700c4085
14:07:29 INFO  [GH3]: }
14:07:29 INFO  [GH3]: {
14:07:29 INFO  [GH3]:   Unknown(0xcc12115e) (QTypeQbKey) : 0x8ebc7218
14:07:29 INFO  [GH3]: }
14:07:29 INFO  [GH3]: {
14:07:29 INFO  [GH3]:   Unknown(0xcc12115e) (QTypeQbKey) : 0x1cbd9be7
14:07:29 INFO  [GH3]: }
14:07:29 INFO  [GH3]: {
14:07:29 INFO  [GH3]:   Unknown(0xcc12115e) (QTypeQbKey) : 0xfc3db2e8
14:07:29 INFO  [GH3]: }
14:07:29 INFO  [GH3]: {
14:07:29 INFO  [GH3]:   Unknown(0xcc12115e) (QTypeQbKey) : 0xe8baf4e5
14:07:29 INFO  [GH3]: }
14:07:29 INFO  [GH3]: {
14:07:29 INFO  [GH3]:   Unknown(0xcc12115e) (QTypeQbKey) : 0xfc3db2e8
14:07:29 INFO  [GH3]: }
14:07:29 INFO  [GH3]: {
14:07:29 INFO  [GH3]:   Unknown(0xcc12115e) (QTypeQbKey) : 0x80540f4b
14:07:29 INFO  [GH3]: }
14:07:29 INFO  [GH3]: {
14:07:29 INFO  [GH3]:   Unknown(0xcc12115e) (QTypeQbKey) : 0x9ac28451
14:07:29 INFO  [GH3]: }
14:07:29 INFO  [GH3]: {
14:07:29 INFO  [GH3]:   Unknown(0xcc12115e) (QTypeQbKey) : 0x233f951a
14:07:29 INFO  [GH3]: }
14:07:29 INFO  [GH3]: {
14:07:29 INFO  [GH3]:   Unknown(0xcc12115e) (QTypeQbKey) : 0x3ada655d
14:07:29 INFO  [GH3]: }
14:07:29 INFO  [GH3]: {
14:07:29 INFO  [GH3]:   Unknown(0xcc12115e) (QTypeQbKey) : 0x24541776
14:07:29 INFO  [GH3]: }
14:07:29 INFO  [GH3]: {
14:07:29 INFO  [GH3]:   Unknown(0xcc12115e) (QTypeQbKey) : 0xf6a3347d
14:07:29 INFO  [GH3]: }
14:07:29 INFO  [GH3]: {
14:07:29 INFO  [GH3]:   Unknown(0xcc12115e) (QTypeQbKey) : 0x4771da76
14:07:29 INFO  [GH3]: }
14:07:29 INFO  [GH3]: {
14:07:29 INFO  [GH3]:   Unknown(0xcc12115e) (QTypeQbKey) : 0x2d77bc7d
14:07:29 INFO  [GH3]: }
14:07:29 INFO  [GH3]: {
14:07:29 INFO  [GH3]:   Unknown(0xcc12115e) (QTypeQbKey) : 0xa9f17f64
14:07:29 INFO  [GH3]: }
14:07:29 INFO  [GH3]: {
14:07:29 INFO  [GH3]:   Unknown(0xcc12115e) (QTypeQbKey) : 0x54e72043
14:07:29 INFO  [GH3]: }
14:07:29 INFO  [GH3]: {
14:07:29 INFO  [GH3]:   Unknown(0xcc12115e) (QTypeQbKey) : 0x335a5a9f
14:07:29 INFO  [GH3]: }
14:07:29 INFO  [GH3]: {
14:07:29 INFO  [GH3]:   Unknown(0xcc12115e) (QTypeQbKey) : 0x4ee17225
14:07:29 INFO  [GH3]: }
14:07:29 INFO  [GH3]: {
14:07:29 INFO  [GH3]:   Unknown(0xcc12115e) (QTypeQbKey) : 0x5e055837
14:07:29 INFO  [GH3]: }
14:07:29 INFO  [GH3]: {
14:07:29 INFO  [GH3]:   Unknown(0xcc12115e) (QTypeQbKey) : 0x68e8acf5
14:07:29 INFO  [GH3]: }
14:07:29 INFO  [GH3]: {
14:07:29 INFO  [GH3]:   Unknown(0xcc12115e) (QTypeQbKey) : 0xda21ecba
14:07:29 INFO  [GH3]: }
14:07:29 INFO  [GH3]: {
14:07:29 INFO  [GH3]:   Unknown(0xcc12115e) (QTypeQbKey) : 0x9cbfe5e3
14:07:29 INFO  [GH3]: }
14:07:29 INFO  [GH3]: {
14:07:29 INFO  [GH3]:   Unknown(0xcc12115e) (QTypeQbKey) : 0x2b3b8ec0
14:07:29 INFO  [GH3]: }
14:07:29 INFO  [GH3]: {
14:07:29 INFO  [GH3]:   Unknown(0xcc12115e) (QTypeQbKey) : 0xad7c54ba
14:07:29 INFO  [GH3]: }
14:07:29 INFO  [GH3]: {
14:07:29 INFO  [GH3]:   Unknown(0xcc12115e) (QTypeQbKey) : 0xe8ab11e2
14:07:29 INFO  [GH3]: }
14:07:29 INFO  [GH3]: {
14:07:29 INFO  [GH3]:   Unknown(0xcc12115e) (QTypeQbKey) : 0xce75e130
14:07:29 INFO  [GH3]: }
14:07:29 INFO  [GH3]: {
14:07:29 INFO  [GH3]:   Unknown(0xcc12115e) (QTypeQbKey) : 0xd10828c8
14:07:29 INFO  [GH3]: }
14:07:29 INFO  [GH3]: {
14:07:29 INFO  [GH3]:   Unknown(0xcc12115e) (QTypeQbKey) : 0x24e5e579
14:07:29 INFO  [GH3]: }
14:07:29 INFO  [GH3]: {
14:07:29 INFO  [GH3]:   Unknown(0xcc12115e) (QTypeQbKey) : 0x71b14112
14:07:29 INFO  [GH3]: }
14:07:29 INFO  [GH3]: {
14:07:29 INFO  [GH3]:   Unknown(0xcc12115e) (QTypeQbKey) : 0x80540f4b
14:07:29 INFO  [GH3]: }
14:07:29 INFO  [GH3]: {
14:07:29 INFO  [GH3]:   Unknown(0xcc12115e) (QTypeQbKey) : 0xaee0dc58
14:07:29 INFO  [GH3]: }
14:07:29 INFO  [GH3]: {
14:07:29 INFO  [GH3]:   Unknown(0xcc12115e) (QTypeQbKey) : 0x233f951a
14:07:29 INFO  [GH3]: }
14:07:29 INFO  [GH3]: {
14:07:29 INFO  [GH3]:   Unknown(0xcc12115e) (QTypeQbKey) : 0x9ac28451
14:07:29 INFO  [GH3]: }
14:07:29 INFO  [GH3]: {
14:07:29 INFO  [GH3]:   Unknown(0xcc12115e) (QTypeQbKey) : 0x24541776
14:07:29 INFO  [GH3]: }
14:07:29 INFO  [GH3]: {
14:07:29 INFO  [GH3]:   Unknown(0xcc12115e) (QTypeQbKey) : 0x4a7d84eb
14:07:29 INFO  [GH3]: }
14:07:29 INFO  [GH3]: {
14:07:29 INFO  [GH3]:   Unknown(0xcc12115e) (QTypeQbKey) : 0xa86a21ff
14:07:29 INFO  [GH3]: }
14:07:29 INFO  [GH3]: {
14:07:29 INFO  [GH3]:   Unknown(0xcc12115e) (QTypeQbKey) : 0xddebc0ce
14:07:29 INFO  [GH3]: }
14:07:29 INFO  [GH3]: {
14:07:29 INFO  [GH3]:   Unknown(0xcc12115e) (QTypeQbKey) : 0x2d77bc7d
14:07:29 INFO  [GH3]: }
14:07:29 INFO  [GH3]: {
14:07:29 INFO  [GH3]:   Unknown(0xcc12115e) (QTypeQbKey) : 0x2b3b8ec0
14:07:29 INFO  [GH3]: }
14:07:29 INFO  [GH3]: {
14:07:29 INFO  [GH3]:   Unknown(0xcc12115e) (QTypeQbKey) : 0x700c4085
14:07:29 INFO  [GH3]: }
14:07:29 INFO  [GH3]: {
14:07:29 INFO  [GH3]:   Unknown(0xcc12115e) (QTypeQbKey) : 0x5a9fd9ae
14:07:29 INFO  [GH3]: }
14:07:29 INFO  [GH3]: {
14:07:29 INFO  [GH3]:   Unknown(0xcc12115e) (QTypeQbKey) : 0x8cf2b87a
14:07:29 INFO  [GH3]: }
14:07:29 INFO  [GH3]: {
14:07:29 INFO  [GH3]:   Unknown(0xcc12115e) (QTypeQbKey) : 0x54e72043
14:07:29 INFO  [GH3]: }
14:07:30 INFO  [GH3]: {
14:07:30 INFO  [GH3]:   Unknown(0xcc12115e) (QTypeQbKey) : 0x5e055837
14:07:30 INFO  [GH3]: }
14:07:30 INFO  [GH3]: {
14:07:30 INFO  [GH3]:   Unknown(0xcc12115e) (QTypeQbKey) : 0xad7c54ba
14:07:30 INFO  [GH3]: }
14:07:30 INFO  [GH3]: {
14:07:30 INFO  [GH3]:   Unknown(0xcc12115e) (QTypeQbKey) : 0x335a5a9f
14:07:30 INFO  [GH3]: }
14:07:30 INFO  [GH3]: {
14:07:30 INFO  [GH3]:   Unknown(0xcc12115e) (QTypeQbKey) : 0x1cbd9be7
14:07:30 INFO  [GH3]: }
14:07:30 INFO  [GH3]: {
14:07:30 INFO  [GH3]:   Unknown(0xcc12115e) (QTypeQbKey) : 0x4ee17225
14:07:30 INFO  [GH3]: }
14:07:30 INFO  [GH3]: {
14:07:30 INFO  [GH3]:   Unknown(0xcc12115e) (QTypeQbKey) : 0xfc3db2e8
14:07:30 INFO  [GH3]: }
14:07:30 INFO  [GH3]: {
14:07:30 INFO  [GH3]:   Unknown(0xcc12115e) (QTypeQbKey) : 0x68e8acf5
14:07:30 INFO  [GH3]: }
14:07:30 INFO  [GH3]: {
14:07:30 INFO  [GH3]:   Unknown(0xcc12115e) (QTypeQbKey) : 0xda21ecba
14:07:30 INFO  [GH3]: }
14:07:30 INFO  [GH3]: {
14:07:30 INFO  [GH3]:   Unknown(0xcc12115e) (QTypeQbKey) : 0xb2ba98ad
14:07:30 INFO  [GH3]: }
14:07:30 INFO  [GH3]: {
14:07:30 INFO  [GH3]:   Unknown(0xcc12115e) (QTypeQbKey) : 0x9cbfe5e3
14:07:30 INFO  [GH3]: }
14:07:30 INFO  [GH3]: {
14:07:30 INFO  [GH3]:   Unknown(0xcc12115e) (QTypeQbKey) : 0xb3ae1b7a
14:07:30 INFO  [GH3]: }
14:07:30 INFO  [GH3]: {
14:07:30 INFO  [GH3]:   Unknown(0xcc12115e) (QTypeQbKey) : 0xe8baf4e5
14:07:30 INFO  [GH3]: }
14:07:30 INFO  [GH3]: {
14:07:30 INFO  [GH3]:   Unknown(0xcc12115e) (QTypeQbKey) : 0x5ca68a94
14:07:30 INFO  [GH3]: }
14:07:30 INFO  [GH3]: {
14:07:30 INFO  [GH3]:   Unknown(0xcc12115e) (QTypeQbKey) : 0x614910ae
14:07:30 INFO  [GH3]: }
14:07:30 INFO  [GH3]: {
14:07:30 INFO  [GH3]:   Unknown(0xcc12115e) (QTypeQbKey) : 0x9f667de2
14:07:30 INFO  [GH3]: }
14:07:30 INFO  [GH3]: {
14:07:30 INFO  [GH3]:   Unknown(0xcc12115e) (QTypeQbKey) : 0x51ad6e8c
14:07:30 INFO  [GH3]: }
14:07:30 INFO  [GH3]: {
14:07:30 INFO  [GH3]:   Unknown(0xcc12115e) (QTypeQbKey) : 0x80d135f1
14:07:30 INFO  [GH3]: }
14:07:30 INFO  [GH3]: {
14:07:30 INFO  [GH3]:   Unknown(0xcc12115e) (QTypeQbKey) : 0xf6a3347d
14:07:30 INFO  [GH3]: }
14:07:30 INFO  [GH3]: {
14:07:30 INFO  [GH3]:   Unknown(0xcc12115e) (QTypeQbKey) : 0x4771da76
14:07:30 INFO  [GH3]: }
14:07:30 INFO  [GH3]: {
14:07:30 INFO  [GH3]:   Unknown(0xcc12115e) (QTypeQbKey) : 0x3ada655d
14:07:30 INFO  [GH3]: }
14:07:30 INFO  [GH3]: {
14:07:30 INFO  [GH3]:   Unknown(0xcc12115e) (QTypeQbKey) : 0xd5e836
14:07:30 INFO  [GH3]: }
14:07:30 INFO  [GH3]: {
14:07:30 INFO  [GH3]:   Unknown(0xcc12115e) (QTypeQbKey) : 0xa9f17f64
14:07:30 INFO  [GH3]: }
14:07:30 INFO  [GH3]: {
14:07:30 INFO  [GH3]:   Unknown(0xcc12115e) (QTypeQbKey) : 0x8ebc7218
14:07:30 INFO  [GH3]: }
14:07:30 INFO  [GH3]: {
14:07:30 INFO  [GH3]:   Unknown(0xcc12115e) (QTypeQbKey) : 0xe8ab11e2
14:07:30 INFO  [GH3]: }
14:07:30 INFO  [GH3]: {
14:07:30 INFO  [GH3]:   Unknown(0xcc12115e) (QTypeQbKey) : 0x52f25c10
14:07:30 INFO  [GH3]: }
14:07:30 INFO  [GH3]: {
14:07:30 INFO  [GH3]:   Unknown(0xcc12115e) (QTypeQbKey) : 0x23fc5b5f
14:07:30 INFO  [GH3]: }
14:07:30 INFO  [GH3]: {
14:07:30 INFO  [GH3]:   Unknown(0xcc12115e) (QTypeQbKey) : 0xce75e130
14:07:30 INFO  [GH3]: }
14:07:30 INFO  [GH3]: {
14:07:30 INFO  [GH3]:   Unknown(0xcc12115e) (QTypeQbKey) : 0x8593790e
14:07:30 INFO  [GH3]: }
14:07:30 INFO  [GH3]: {
14:07:30 INFO  [GH3]:   Unknown(0xcc12115e) (QTypeQbKey) : 0xaee0dc58
14:07:30 INFO  [GH3]: }
14:07:30 INFO  [GH3]: {
14:07:30 INFO  [GH3]:   Unknown(0xcc12115e) (QTypeQbKey) : 0xb3ae1b7a
14:07:30 INFO  [GH3]: }
14:07:30 INFO  [GH3]: {
14:07:30 INFO  [GH3]:   Unknown(0xcc12115e) (QTypeQbKey) : 0x71b14112
14:07:30 INFO  [GH3]: }
14:07:30 INFO  [GH3]: {
14:07:30 INFO  [GH3]:   Unknown(0xcc12115e) (QTypeQbKey) : 0x51ad6e8c
14:07:30 INFO  [GH3]: }
14:07:30 INFO  [GH3]: {
14:07:30 INFO  [GH3]:   Unknown(0xcc12115e) (QTypeQbKey) : 0x5ca68a94
14:07:30 INFO  [GH3]: }
14:07:30 INFO  [GH3]: {
14:07:30 INFO  [GH3]:   Unknown(0xcc12115e) (QTypeQbKey) : 0x9f667de2
14:07:30 INFO  [GH3]: }
14:07:30 INFO  [GH3]: {
14:07:30 INFO  [GH3]:   Unknown(0xcc12115e) (QTypeQbKey) : 0xa86a21ff
14:07:30 INFO  [GH3]: }
14:07:30 INFO  [GH3]: {
14:07:30 INFO  [GH3]:   Unknown(0xcc12115e) (QTypeQbKey) : 0x4a7d84eb
14:07:30 INFO  [GH3]: }
14:07:30 INFO  [GH3]: {
14:07:30 INFO  [GH3]:   Unknown(0xcc12115e) (QTypeQbKey) : 0xd5e836
14:07:30 INFO  [GH3]: }
14:07:30 INFO  [GH3]: {
14:07:30 INFO  [GH3]:   Unknown(0xcc12115e) (QTypeQbKey) : 0x8cf2b87a
14:07:30 INFO  [GH3]: }
14:07:30 INFO  [GH3]: {
14:07:30 INFO  [GH3]:   Unknown(0xcc12115e) (QTypeQbKey) : 0xddebc0ce
14:07:30 INFO  [GH3]: }
14:07:30 INFO  [GH3]: {
14:07:30 INFO  [GH3]:   Unknown(0xcc12115e) (QTypeQbKey) : 0x52f25c10
14:07:30 INFO  [GH3]: }
14:07:30 INFO  [GH3]: {
14:07:30 INFO  [GH3]:   Unknown(0xcc12115e) (QTypeQbKey) : 0x5a9fd9ae
14:07:30 INFO  [GH3]: }
14:07:30 INFO  [GH3]: {
14:07:30 INFO  [GH3]:   Unknown(0xcc12115e) (QTypeQbKey) : 0x8593790e
14:07:30 INFO  [GH3]: }
14:07:30 INFO  [GH3]: {
14:07:30 INFO  [GH3]:   Unknown(0xcc12115e) (QTypeQbKey) : 0x23fc5b5f
14:07:30 INFO  [GH3]: }
14:07:30 INFO  [GH3]: {
14:07:30 INFO  [GH3]:   Unknown(0xcc12115e) (QTypeQbKey) : 0xd10828c8
14:07:30 INFO  [GH3]: }
14:07:30 INFO  [GH3]: {
14:07:30 INFO  [GH3]:   Unknown(0xcc12115e) (QTypeQbKey) : 0xb2ba98ad
14:07:30 INFO  [GH3]: }
14:07:30 INFO  [GH3]: {
14:07:30 INFO  [GH3]:   Unknown(0xcc12115e) (QTypeQbKey) : 0x24e5e579
14:07:30 INFO  [GH3]: }
14:07:30 INFO  [GH3]: {
14:07:30 INFO  [GH3]:   Unknown(0xcc12115e) (QTypeQbKey) : 0x80d135f1
14:07:30 INFO  [GH3]: }
14:07:30 INFO  [GH3]: {
14:07:30 INFO  [GH3]:   Unknown(0xcc12115e) (QTypeQbKey) : 0x700c4085
14:07:30 INFO  [GH3]: }
14:07:30 INFO  [GH3]: {
14:07:30 INFO  [GH3]:   Unknown(0xcc12115e) (QTypeQbKey) : 0x8ebc7218
14:07:30 INFO  [GH3]: }
14:07:30 INFO  [GH3]: {
14:07:30 INFO  [GH3]:   Unknown(0xcc12115e) (QTypeQbKey) : 0x1cbd9be7
14:07:30 INFO  [GH3]: }
14:07:30 INFO  [GH3]: {
14:07:30 INFO  [GH3]:   Unknown(0xcc12115e) (QTypeQbKey) : 0xfc3db2e8
14:07:30 INFO  [GH3]: }
14:07:30 INFO  [GH3]: {
14:07:30 INFO  [GH3]:   Unknown(0xcc12115e) (QTypeQbKey) : 0xe8baf4e5
14:07:30 INFO  [GH3]: }
14:07:30 INFO  [GH3]: {
14:07:30 INFO  [GH3]:   Unknown(0xcc12115e) (QTypeQbKey) : 0xfc3db2e8
14:07:30 INFO  [GH3]: }
14:07:30 INFO  [GH3]: {
14:07:30 INFO  [GH3]:   Unknown(0xcc12115e) (QTypeQbKey) : 0x80540f4b
14:07:30 INFO  [GH3]: }
14:07:30 INFO  [GH3]: {
14:07:30 INFO  [GH3]:   Unknown(0xcc12115e) (QTypeQbKey) : 0x9ac28451
14:07:30 INFO  [GH3]: }
14:07:30 INFO  [GH3]: {
14:07:30 INFO  [GH3]:   Unknown(0xcc12115e) (QTypeQbKey) : 0x233f951a
14:07:30 INFO  [GH3]: }
14:07:30 INFO  [GH3]: {
14:07:30 INFO  [GH3]:   Unknown(0xcc12115e) (QTypeQbKey) : 0x3ada655d
14:07:30 INFO  [GH3]: }
14:07:30 INFO  [GH3]: {
14:07:30 INFO  [GH3]:   Unknown(0xcc12115e) (QTypeQbKey) : 0x24541776
14:07:30 INFO  [GH3]: }
14:07:30 INFO  [GH3]: {
14:07:30 INFO  [GH3]:   Unknown(0xcc12115e) (QTypeQbKey) : 0xf6a3347d
14:07:30 INFO  [GH3]: }
14:07:30 INFO  [GH3]: {
14:07:30 INFO  [GH3]:   Unknown(0xcc12115e) (QTypeQbKey) : 0x4771da76
14:07:30 INFO  [GH3]: }
14:07:30 INFO  [GH3]: {
14:07:30 INFO  [GH3]:   Unknown(0xcc12115e) (QTypeQbKey) : 0x2d77bc7d
14:07:30 INFO  [GH3]: }
14:07:30 INFO  [GH3]: {
14:07:30 INFO  [GH3]:   Unknown(0xcc12115e) (QTypeQbKey) : 0xa9f17f64
14:07:30 INFO  [GH3]: }
14:07:30 INFO  [GH3]: {
14:07:30 INFO  [GH3]:   Unknown(0xcc12115e) (QTypeQbKey) : 0x54e72043
14:07:30 INFO  [GH3]: }
14:07:30 INFO  [GH3]: {
14:07:30 INFO  [GH3]:   Unknown(0xcc12115e) (QTypeQbKey) : 0x335a5a9f
14:07:30 INFO  [GH3]: }
14:07:30 INFO  [GH3]: {
14:07:30 INFO  [GH3]:   Unknown(0xcc12115e) (QTypeQbKey) : 0x4ee17225
14:07:30 INFO  [GH3]: }
14:07:30 INFO  [GH3]: {
14:07:30 INFO  [GH3]:   Unknown(0xcc12115e) (QTypeQbKey) : 0x5e055837
14:07:30 INFO  [GH3]: }
14:07:30 INFO  [GH3]: {
14:07:30 INFO  [GH3]:   Unknown(0xcc12115e) (QTypeQbKey) : 0x68e8acf5
14:07:30 INFO  [GH3]: }
14:07:30 INFO  [GH3]: {
14:07:30 INFO  [GH3]:   Unknown(0xcc12115e) (QTypeQbKey) : 0xda21ecba
14:07:30 INFO  [GH3]: }
14:07:30 INFO  [GH3]: {
14:07:30 INFO  [GH3]:   Unknown(0xcc12115e) (QTypeQbKey) : 0x9cbfe5e3
14:07:30 INFO  [GH3]: }
14:07:30 INFO  [GH3]: {
14:07:30 INFO  [GH3]:   Unknown(0xcc12115e) (QTypeQbKey) : 0x2b3b8ec0
14:07:30 INFO  [GH3]: }
14:07:30 INFO  [GH3]: {
14:07:30 INFO  [GH3]:   Unknown(0xcc12115e) (QTypeQbKey) : 0xad7c54ba
14:07:30 INFO  [GH3]: }
14:07:30 INFO  [GH3]: {
14:07:30 INFO  [GH3]:   Unknown(0xcc12115e) (QTypeQbKey) : 0xe8ab11e2
14:07:30 INFO  [GH3]: }
14:07:30 INFO  [GH3]: {
14:07:30 INFO  [GH3]:   Unknown(0xcc12115e) (QTypeQbKey) : 0xce75e130
14:07:30 INFO  [GH3]: }
14:07:30 INFO  [GH3]: {
14:07:30 INFO  [GH3]:   Unknown(0xcc12115e) (QTypeQbKey) : 0xaee0dc58
14:07:30 INFO  [GH3]: }
14:07:30 INFO  [GH3]: {
14:07:30 INFO  [GH3]:   Unknown(0xcc12115e) (QTypeQbKey) : 0xb3ae1b7a
14:07:30 INFO  [GH3]: }
14:07:30 INFO  [GH3]: {
14:07:30 INFO  [GH3]:   Unknown(0xcc12115e) (QTypeQbKey) : 0x71b14112
14:07:30 INFO  [GH3]: }
14:07:30 INFO  [GH3]: {
14:07:30 INFO  [GH3]:   Unknown(0xcc12115e) (QTypeQbKey) : 0x51ad6e8c
14:07:30 INFO  [GH3]: }
14:07:30 INFO  [GH3]: {
14:07:30 INFO  [GH3]:   Unknown(0xcc12115e) (QTypeQbKey) : 0x5ca68a94
14:07:30 INFO  [GH3]: }
14:07:30 INFO  [GH3]: {
14:07:30 INFO  [GH3]:   Unknown(0xcc12115e) (QTypeQbKey) : 0x9f667de2
14:07:30 INFO  [GH3]: }
14:07:30 INFO  [GH3]: {
14:07:30 INFO  [GH3]:   Unknown(0xcc12115e) (QTypeQbKey) : 0xa86a21ff
14:07:30 INFO  [GH3]: }
14:07:30 INFO  [GH3]: {
14:07:30 INFO  [GH3]:   Unknown(0xcc12115e) (QTypeQbKey) : 0x4a7d84eb
14:07:30 INFO  [GH3]: }
14:07:30 INFO  [GH3]: {
14:07:30 INFO  [GH3]:   Unknown(0xcc12115e) (QTypeQbKey) : 0xd5e836
14:07:30 INFO  [GH3]: }
14:07:30 INFO  [GH3]: {
14:07:30 INFO  [GH3]:   Unknown(0xcc12115e) (QTypeQbKey) : 0x8cf2b87a
14:07:30 INFO  [GH3]: }
14:07:30 INFO  [GH3]: {
14:07:30 INFO  [GH3]:   Unknown(0xcc12115e) (QTypeQbKey) : 0xddebc0ce
14:07:30 INFO  [GH3]: }
14:07:30 INFO  [GH3]: {
14:07:30 INFO  [GH3]:   Unknown(0xcc12115e) (QTypeQbKey) : 0x52f25c10
14:07:30 INFO  [GH3]: }
14:07:30 INFO  [GH3]: {
14:07:30 INFO  [GH3]:   Unknown(0xcc12115e) (QTypeQbKey) : 0x5a9fd9ae
14:07:30 INFO  [GH3]: }
14:07:30 INFO  [GH3]: {
14:07:30 INFO  [GH3]:   Unknown(0xcc12115e) (QTypeQbKey) : 0x8593790e
14:07:30 INFO  [GH3]: }
14:07:30 INFO  [GH3]: {
14:07:30 INFO  [GH3]:   Unknown(0xcc12115e) (QTypeQbKey) : 0x23fc5b5f
14:07:30 INFO  [GH3]: }
14:07:30 INFO  [GH3]: {
14:07:30 INFO  [GH3]:   Unknown(0xcc12115e) (QTypeQbKey) : 0xd10828c8
14:07:30 INFO  [GH3]: }
14:07:30 INFO  [GH3]: {
14:07:30 INFO  [GH3]:   Unknown(0xcc12115e) (QTypeQbKey) : 0xb2ba98ad
14:07:30 INFO  [GH3]: }
14:07:30 INFO  [GH3]: {
14:07:30 INFO  [GH3]:   Unknown(0xcc12115e) (QTypeQbKey) : 0x24e5e579
14:07:30 INFO  [GH3]: }
14:07:30 INFO  [GH3]: {
14:07:30 INFO  [GH3]:   Unknown(0xcc12115e) (QTypeQbKey) : 0x80d135f1
14:07:30 INFO  [GH3]: }
14:07:30 INFO  [GH3]: {
14:07:30 INFO  [GH3]:   Unknown(0xcc12115e) (QTypeQbKey) : 0x700c4085
14:07:30 INFO  [GH3]: }
14:07:30 INFO  [GH3]: {
14:07:30 INFO  [GH3]:   Unknown(0xcc12115e) (QTypeQbKey) : 0x8ebc7218
14:07:30 INFO  [GH3]: }
14:07:30 INFO  [GH3]: {
14:07:30 INFO  [GH3]:   Unknown(0xcc12115e) (QTypeQbKey) : 0x1cbd9be7
14:07:30 INFO  [GH3]: }
14:07:30 INFO  [GH3]: {
14:07:30 INFO  [GH3]:   Unknown(0xcc12115e) (QTypeQbKey) : 0xfc3db2e8
14:07:30 INFO  [GH3]: }
14:07:30 INFO  [GH3]: {
14:07:30 INFO  [GH3]:   Unknown(0xcc12115e) (QTypeQbKey) : 0xe8baf4e5
14:07:30 INFO  [GH3]: }
14:07:30 INFO  [GH3]: {
14:07:30 INFO  [GH3]:   Unknown(0xcc12115e) (QTypeQbKey) : 0xfc3db2e8
14:07:30 INFO  [GH3]: }
14:07:30 INFO  [GH3]: {
14:07:30 INFO  [GH3]:   Unknown(0xcc12115e) (QTypeQbKey) : 0x80540f4b
14:07:30 INFO  [GH3]: }
14:07:30 INFO  [GH3]: {
14:07:30 INFO  [GH3]:   Unknown(0xcc12115e) (QTypeQbKey) : 0x9ac28451
14:07:30 INFO  [GH3]: }
14:07:30 INFO  [GH3]: {
14:07:30 INFO  [GH3]:   Unknown(0xcc12115e) (QTypeQbKey) : 0x233f951a
14:07:30 INFO  [GH3]: }
14:07:30 INFO  [GH3]: {
14:07:30 INFO  [GH3]:   Unknown(0xcc12115e) (QTypeQbKey) : 0x3ada655d
14:07:30 INFO  [GH3]: }
14:07:30 INFO  [GH3]: {
14:07:30 INFO  [GH3]:   Unknown(0xcc12115e) (QTypeQbKey) : 0x24541776
14:07:30 INFO  [GH3]: }
14:07:30 INFO  [GH3]: {
14:07:30 INFO  [GH3]:   Unknown(0xcc12115e) (QTypeQbKey) : 0xf6a3347d
14:07:30 INFO  [GH3]: }
14:07:30 INFO  [GH3]: {
14:07:30 INFO  [GH3]:   Unknown(0xcc12115e) (QTypeQbKey) : 0x4771da76
14:07:30 INFO  [GH3]: }
14:07:30 INFO  [GH3]: {
14:07:30 INFO  [GH3]:   Unknown(0xcc12115e) (QTypeQbKey) : 0x2d77bc7d
14:07:30 INFO  [GH3]: }
14:07:30 INFO  [GH3]: {
14:07:30 INFO  [GH3]:   Unknown(0xcc12115e) (QTypeQbKey) : 0xa9f17f64
14:07:30 INFO  [GH3]: }
14:07:30 INFO  [GH3]: {
14:07:30 INFO  [GH3]:   Unknown(0xcc12115e) (QTypeQbKey) : 0x54e72043
14:07:30 INFO  [GH3]: }
14:07:30 INFO  [GH3]: {
14:07:30 INFO  [GH3]:   Unknown(0xcc12115e) (QTypeQbKey) : 0x335a5a9f
14:07:30 INFO  [GH3]: }
14:07:30 INFO  [GH3]: {
14:07:30 INFO  [GH3]:   Unknown(0xcc12115e) (QTypeQbKey) : 0x4ee17225
14:07:30 INFO  [GH3]: }
14:07:30 INFO  [GH3]: {
14:07:30 INFO  [GH3]:   Unknown(0xcc12115e) (QTypeQbKey) : 0x5e055837
14:07:30 INFO  [GH3]: }
14:07:30 INFO  [GH3]: {
14:07:30 INFO  [GH3]:   Unknown(0xcc12115e) (QTypeQbKey) : 0x68e8acf5
14:07:30 INFO  [GH3]: }
14:07:30 INFO  [GH3]: {
14:07:30 INFO  [GH3]:   Unknown(0xcc12115e) (QTypeQbKey) : 0xda21ecba
14:07:30 INFO  [GH3]: }
14:07:30 INFO  [GH3]: {
14:07:30 INFO  [GH3]:   Unknown(0xcc12115e) (QTypeQbKey) : 0x9cbfe5e3
14:07:30 INFO  [GH3]: }
14:07:30 INFO  [GH3]: {
14:07:30 INFO  [GH3]:   Unknown(0xcc12115e) (QTypeQbKey) : 0x2b3b8ec0
14:07:30 INFO  [GH3]: }
14:07:30 INFO  [GH3]: {
14:07:30 INFO  [GH3]:   Unknown(0xcc12115e) (QTypeQbKey) : 0xad7c54ba
14:07:30 INFO  [GH3]: }
14:07:30 INFO  [GH3]: {
14:07:30 INFO  [GH3]:   Unknown(0xcc12115e) (QTypeQbKey) : 0xe8ab11e2
14:07:30 INFO  [GH3]: }
14:07:30 INFO  [GH3]: {
14:07:30 INFO  [GH3]:   Unknown(0xcc12115e) (QTypeQbKey) : 0xce75e130
14:07:30 INFO  [GH3]: }
14:07:30 INFO  [GH3]: {
14:07:30 INFO  [GH3]:   Unknown(0xcc12115e) (QTypeQbKey) : 0xaee0dc58
14:07:30 INFO  [GH3]: }
14:07:30 INFO  [GH3]: {
14:07:30 INFO  [GH3]:   Unknown(0xcc12115e) (QTypeQbKey) : 0xb3ae1b7a
14:07:30 INFO  [GH3]: }
14:07:30 INFO  [GH3]: {
14:07:30 INFO  [GH3]:   Unknown(0xcc12115e) (QTypeQbKey) : 0x71b14112
14:07:30 INFO  [GH3]: }
14:07:30 INFO  [GH3]: {
14:07:30 INFO  [GH3]:   Unknown(0xcc12115e) (QTypeQbKey) : 0x51ad6e8c
14:07:30 INFO  [GH3]: }
14:07:30 INFO  [GH3]: {
14:07:30 INFO  [GH3]:   Unknown(0xcc12115e) (QTypeQbKey) : 0x5ca68a94
14:07:30 INFO  [GH3]: }
14:07:30 INFO  [GH3]: {
14:07:30 INFO  [GH3]:   Unknown(0xcc12115e) (QTypeQbKey) : 0x9f667de2
14:07:30 INFO  [GH3]: }
14:07:30 INFO  [GH3]: {
14:07:30 INFO  [GH3]:   Unknown(0xcc12115e) (QTypeQbKey) : 0xa86a21ff
14:07:30 INFO  [GH3]: }
14:07:30 INFO  [GH3]: {
14:07:30 INFO  [GH3]:   Unknown(0xcc12115e) (QTypeQbKey) : 0x4a7d84eb
14:07:30 INFO  [GH3]: }
14:07:30 INFO  [GH3]: {
14:07:30 INFO  [GH3]:   Unknown(0xcc12115e) (QTypeQbKey) : 0xd5e836
14:07:30 INFO  [GH3]: }
14:07:30 INFO  [GH3]: {
14:07:30 INFO  [GH3]:   Unknown(0xcc12115e) (QTypeQbKey) : 0x8cf2b87a
14:07:30 INFO  [GH3]: }
14:07:30 INFO  [GH3]: {
14:07:30 INFO  [GH3]:   Unknown(0xcc12115e) (QTypeQbKey) : 0xddebc0ce
14:07:30 INFO  [GH3]: }
14:07:30 INFO  [GH3]: {
14:07:30 INFO  [GH3]:   Unknown(0xcc12115e) (QTypeQbKey) : 0x52f25c10
14:07:30 INFO  [GH3]: }
14:07:30 INFO  [GH3]: {
14:07:30 INFO  [GH3]:   Unknown(0xcc12115e) (QTypeQbKey) : 0x5a9fd9ae
14:07:30 INFO  [GH3]: }
14:07:30 INFO  [GH3]: {
14:07:30 INFO  [GH3]:   Unknown(0xcc12115e) (QTypeQbKey) : 0x8593790e
14:07:30 INFO  [GH3]: }
14:07:30 INFO  [GH3]: {
14:07:30 INFO  [GH3]:   Unknown(0xcc12115e) (QTypeQbKey) : 0x23fc5b5f
14:07:30 INFO  [GH3]: }
14:07:30 INFO  [GH3]: {
14:07:30 INFO  [GH3]:   Unknown(0xcc12115e) (QTypeQbKey) : 0xd10828c8
14:07:30 INFO  [GH3]: }
14:07:30 INFO  [GH3]: {
14:07:30 INFO  [GH3]:   Unknown(0xcc12115e) (QTypeQbKey) : 0xb2ba98ad
14:07:30 INFO  [GH3]: }
14:07:30 INFO  [GH3]: {
14:07:30 INFO  [GH3]:   Unknown(0xcc12115e) (QTypeQbKey) : 0x24e5e579
14:07:30 INFO  [GH3]: }
14:07:30 INFO  [GH3]: {
14:07:30 INFO  [GH3]:   Unknown(0xcc12115e) (QTypeQbKey) : 0x80d135f1
14:07:30 INFO  [GH3]: }
14:07:30 INFO  [GH3]: {
14:07:30 INFO  [GH3]:   Unknown(0xcc12115e) (QTypeQbKey) : 0x700c4085
14:07:30 INFO  [GH3]: }
14:07:30 INFO  [GH3]: {
14:07:30 INFO  [GH3]:   Unknown(0xcc12115e) (QTypeQbKey) : 0x8ebc7218
14:07:30 INFO  [GH3]: }
14:07:30 INFO  [GH3]: {
14:07:30 INFO  [GH3]:   Unknown(0xcc12115e) (QTypeQbKey) : 0x1cbd9be7
14:07:30 INFO  [GH3]: }
14:07:30 INFO  [GH3]: {
14:07:30 INFO  [GH3]:   Unknown(0xcc12115e) (QTypeQbKey) : 0xfc3db2e8
14:07:30 INFO  [GH3]: }
14:07:30 INFO  [GH3]: {
14:07:30 INFO  [GH3]:   Unknown(0xcc12115e) (QTypeQbKey) : 0x68e8acf5
14:07:30 INFO  [GH3]: }
14:07:30 INFO  [GH3]: {
14:07:30 INFO  [GH3]:   Unknown(0xcc12115e) (QTypeQbKey) : 0xda21ecba
14:07:30 INFO  [GH3]: }
14:07:30 INFO  [GH3]: {
14:07:30 INFO  [GH3]:   Unknown(0xcc12115e) (QTypeQbKey) : 0xb2ba98ad
14:07:30 INFO  [GH3]: }
14:07:30 INFO  [GH3]: {
14:07:30 INFO  [GH3]:   Unknown(0xcc12115e) (QTypeQbKey) : 0x9cbfe5e3
14:07:30 INFO  [GH3]: }
14:07:30 INFO  [GH3]: {
14:07:30 INFO  [GH3]:   Unknown(0xcc12115e) (QTypeQbKey) : 0xb3ae1b7a
14:07:30 INFO  [GH3]: }
14:07:30 INFO  [GH3]: {
14:07:30 INFO  [GH3]:   Unknown(0xcc12115e) (QTypeQbKey) : 0xe8baf4e5
14:07:30 INFO  [GH3]: }
14:07:30 INFO  [GH3]: {
14:07:30 INFO  [GH3]:   Unknown(0xcc12115e) (QTypeQbKey) : 0x5ca68a94
14:07:30 INFO  [GH3]: }
14:07:30 INFO  [GH3]: {
14:07:30 INFO  [GH3]:   Unknown(0xcc12115e) (QTypeQbKey) : 0x614910ae
14:07:30 INFO  [GH3]: }
14:07:30 INFO  [GH3]: {
14:07:30 INFO  [GH3]:   Unknown(0xcc12115e) (QTypeQbKey) : 0x9f667de2
14:07:30 INFO  [GH3]: }
14:07:30 INFO  [GH3]: {
14:07:30 INFO  [GH3]:   Unknown(0xcc12115e) (QTypeQbKey) : 0x51ad6e8c
14:07:30 INFO  [GH3]: }
14:07:30 INFO  [GH3]: {
14:07:30 INFO  [GH3]:   Unknown(0xcc12115e) (QTypeQbKey) : 0x80d135f1
14:07:30 INFO  [GH3]: }
14:07:30 INFO  [GH3]: {
14:07:30 INFO  [GH3]:   Unknown(0xcc12115e) (QTypeQbKey) : 0xf6a3347d
14:07:30 INFO  [GH3]: }
14:07:30 INFO  [GH3]: {
14:07:30 INFO  [GH3]:   Unknown(0xcc12115e) (QTypeQbKey) : 0x4771da76
14:07:30 INFO  [GH3]: }
14:07:30 INFO  [GH3]: {
14:07:30 INFO  [GH3]:   Unknown(0xcc12115e) (QTypeQbKey) : 0x3ada655d
14:07:30 INFO  [GH3]: }
14:07:30 INFO  [GH3]: {
14:07:30 INFO  [GH3]:   Unknown(0xcc12115e) (QTypeQbKey) : 0xd5e836
14:07:30 INFO  [GH3]: }
14:07:30 INFO  [GH3]: {
14:07:30 INFO  [GH3]:   Unknown(0xcc12115e) (QTypeQbKey) : 0xa9f17f64
14:07:30 INFO  [GH3]: }
14:07:30 INFO  [GH3]: {
14:07:30 INFO  [GH3]:   Unknown(0xcc12115e) (QTypeQbKey) : 0x8ebc7218
14:07:30 INFO  [GH3]: }
14:07:30 INFO  [GH3]: {
14:07:30 INFO  [GH3]:   Unknown(0xcc12115e) (QTypeQbKey) : 0xe8ab11e2
14:07:30 INFO  [GH3]: }
14:07:30 INFO  [GH3]: {
14:07:30 INFO  [GH3]:   Unknown(0xcc12115e) (QTypeQbKey) : 0x52f25c10
14:07:30 INFO  [GH3]: }
14:07:30 INFO  [GH3]: {
14:07:30 INFO  [GH3]:   Unknown(0xcc12115e) (QTypeQbKey) : 0x23fc5b5f
14:07:30 INFO  [GH3]: }
14:07:30 INFO  [GH3]: {
14:07:30 INFO  [GH3]:   Unknown(0xcc12115e) (QTypeQbKey) : 0xce75e130
14:07:30 INFO  [GH3]: }
14:07:30 INFO  [GH3]: {
14:07:30 INFO  [GH3]:   Unknown(0xcc12115e) (QTypeQbKey) : 0x8593790e
14:07:30 INFO  [GH3]: }
14:07:30 INFO  [GH3]: {
14:07:30 INFO  [GH3]:   Unknown(0xcc12115e) (QTypeQbKey) : 0xd10828c8
14:07:30 INFO  [GH3]: }
14:07:30 INFO  [GH3]: {
14:07:30 INFO  [GH3]:   Unknown(0xcc12115e) (QTypeQbKey) : 0x24e5e579
14:07:30 INFO  [GH3]: }
14:07:30 INFO  [GH3]: {
14:07:30 INFO  [GH3]:   Unknown(0xcc12115e) (QTypeQbKey) : 0x71b14112
14:07:30 INFO  [GH3]: }
14:07:30 INFO  [GH3]: {
14:07:30 INFO  [GH3]:   Unknown(0xcc12115e) (QTypeQbKey) : 0x80540f4b
14:07:30 INFO  [GH3]: }
14:07:30 INFO  [GH3]: {
14:07:30 INFO  [GH3]:   Unknown(0xcc12115e) (QTypeQbKey) : 0xaee0dc58
14:07:30 INFO  [GH3]: }
14:07:30 INFO  [GH3]: {
14:07:30 INFO  [GH3]:   Unknown(0xcc12115e) (QTypeQbKey) : 0x233f951a
14:07:30 INFO  [GH3]: }
14:07:30 INFO  [GH3]: {
14:07:30 INFO  [GH3]:   Unknown(0xcc12115e) (QTypeQbKey) : 0x9ac28451
14:07:30 INFO  [GH3]: }
14:07:30 INFO  [GH3]: {
14:07:30 INFO  [GH3]:   Unknown(0xcc12115e) (QTypeQbKey) : 0x24541776
14:07:30 INFO  [GH3]: }
14:07:30 INFO  [GH3]: {
14:07:30 INFO  [GH3]:   Unknown(0xcc12115e) (QTypeQbKey) : 0x4a7d84eb
14:07:30 INFO  [GH3]: }
14:07:30 INFO  [GH3]: {
14:07:30 INFO  [GH3]:   Unknown(0xcc12115e) (QTypeQbKey) : 0xa86a21ff
14:07:30 INFO  [GH3]: }
14:07:30 INFO  [GH3]: {
14:07:30 INFO  [GH3]:   Unknown(0xcc12115e) (QTypeQbKey) : 0xddebc0ce
14:07:30 INFO  [GH3]: }
14:07:30 INFO  [GH3]: {
14:07:30 INFO  [GH3]:   Unknown(0xcc12115e) (QTypeQbKey) : 0x2d77bc7d
14:07:30 INFO  [GH3]: }
14:07:30 INFO  [GH3]: {
14:07:30 INFO  [GH3]:   Unknown(0xcc12115e) (QTypeQbKey) : 0x2b3b8ec0
14:07:30 INFO  [GH3]: }
14:07:30 INFO  [GH3]: {
14:07:30 INFO  [GH3]:   Unknown(0xcc12115e) (QTypeQbKey) : 0x700c4085
14:07:30 INFO  [GH3]: }
14:07:30 INFO  [GH3]: {
14:07:30 INFO  [GH3]:   Unknown(0xcc12115e) (QTypeQbKey) : 0x5a9fd9ae
14:07:30 INFO  [GH3]: }
14:07:30 INFO  [GH3]: {
14:07:30 INFO  [GH3]:   Unknown(0xcc12115e) (QTypeQbKey) : 0x8cf2b87a
14:07:30 INFO  [GH3]: }
14:07:30 INFO  [GH3]: {
14:07:30 INFO  [GH3]:   Unknown(0xcc12115e) (QTypeQbKey) : 0x54e72043
14:07:30 INFO  [GH3]: }
14:07:30 INFO  [GH3]: {
14:07:30 INFO  [GH3]:   Unknown(0xcc12115e) (QTypeQbKey) : 0x5e055837
14:07:30 INFO  [GH3]: }
14:07:30 INFO  [GH3]: {
14:07:30 INFO  [GH3]:   Unknown(0xcc12115e) (QTypeQbKey) : 0xad7c54ba
14:07:30 INFO  [GH3]: }
14:07:30 INFO  [GH3]: {
14:07:30 INFO  [GH3]:   Unknown(0xcc12115e) (QTypeQbKey) : 0x335a5a9f
14:07:30 INFO  [GH3]: }
14:07:30 INFO  [GH3]: {
14:07:30 INFO  [GH3]:   Unknown(0xcc12115e) (QTypeQbKey) : 0x1cbd9be7
14:07:30 INFO  [GH3]: }
14:07:30 INFO  [GH3]: {
14:07:30 INFO  [GH3]:   Unknown(0xcc12115e) (QTypeQbKey) : 0x4ee17225
14:07:30 INFO  [GH3]: }
14:07:30 INFO  [GH3]: {
14:07:30 INFO  [GH3]:   Unknown(0xcc12115e) (QTypeQbKey) : 0xfc3db2e8
14:07:30 INFO  [GH3]: }
14:07:30 INFO  [GH3]: {
14:07:30 INFO  [GH3]:   Unknown(0xcc12115e) (QTypeQbKey) : 0xe8baf4e5
14:07:30 INFO  [GH3]: }
14:07:30 INFO  [GH3]: {
14:07:30 INFO  [GH3]:   Unknown(0xcc12115e) (QTypeQbKey) : 0xfc3db2e8
14:07:30 INFO  [GH3]: }
14:07:30 INFO  [GH3]: {
14:07:30 INFO  [GH3]:   Unknown(0xcc12115e) (QTypeQbKey) : 0x80540f4b
14:07:30 INFO  [GH3]: }
14:07:30 INFO  [GH3]: {
14:07:30 INFO  [GH3]:   Unknown(0xcc12115e) (QTypeQbKey) : 0x9ac28451
14:07:30 INFO  [GH3]: }
14:07:30 INFO  [GH3]: {
14:07:30 INFO  [GH3]:   Unknown(0xcc12115e) (QTypeQbKey) : 0x233f951a
14:07:30 INFO  [GH3]: }
14:07:30 INFO  [GH3]: {
14:07:30 INFO  [GH3]:   Unknown(0xcc12115e) (QTypeQbKey) : 0x3ada655d
14:07:30 INFO  [GH3]: }
14:07:30 INFO  [GH3]: {
14:07:30 INFO  [GH3]:   Unknown(0xcc12115e) (QTypeQbKey) : 0x24541776
14:07:30 INFO  [GH3]: }
14:07:30 INFO  [GH3]: {
14:07:30 INFO  [GH3]:   Unknown(0xcc12115e) (QTypeQbKey) : 0xf6a3347d
14:07:30 INFO  [GH3]: }
14:07:30 INFO  [GH3]: {
14:07:30 INFO  [GH3]:   Unknown(0xcc12115e) (QTypeQbKey) : 0x4771da76
14:07:30 INFO  [GH3]: }
14:07:30 INFO  [GH3]: {
14:07:30 INFO  [GH3]:   Unknown(0xcc12115e) (QTypeQbKey) : 0x2d77bc7d
14:07:30 INFO  [GH3]: }
14:07:30 INFO  [GH3]: {
14:07:30 INFO  [GH3]:   Unknown(0xcc12115e) (QTypeQbKey) : 0xa9f17f64
14:07:30 INFO  [GH3]: }
14:07:30 INFO  [GH3]: {
14:07:30 INFO  [GH3]:   Unknown(0xcc12115e) (QTypeQbKey) : 0x54e72043
14:07:30 INFO  [GH3]: }
14:07:30 INFO  [GH3]: {
14:07:30 INFO  [GH3]:   Unknown(0xcc12115e) (QTypeQbKey) : 0x335a5a9f
14:07:30 INFO  [GH3]: }
14:07:30 INFO  [GH3]: {
14:07:30 INFO  [GH3]:   Unknown(0xcc12115e) (QTypeQbKey) : 0x4ee17225
14:07:30 INFO  [GH3]: }
14:07:30 INFO  [GH3]: {
14:07:30 INFO  [GH3]:   Unknown(0xcc12115e) (QTypeQbKey) : 0x5e055837
14:07:30 INFO  [GH3]: }
14:07:31 INFO  [GH3]: {
14:07:31 INFO  [GH3]:   Unknown(0xcc12115e) (QTypeQbKey) : 0x68e8acf5
14:07:31 INFO  [GH3]: }
14:07:31 INFO  [GH3]: {
14:07:31 INFO  [GH3]:   Unknown(0xcc12115e) (QTypeQbKey) : 0xda21ecba
14:07:31 INFO  [GH3]: }
14:07:31 INFO  [GH3]: {
14:07:31 INFO  [GH3]:   Unknown(0xcc12115e) (QTypeQbKey) : 0x9cbfe5e3
14:07:31 INFO  [GH3]: }
14:07:31 INFO  [GH3]: {
14:07:31 INFO  [GH3]:   Unknown(0xcc12115e) (QTypeQbKey) : 0x2b3b8ec0
14:07:31 INFO  [GH3]: }
14:07:31 INFO  [GH3]: {
14:07:31 INFO  [GH3]:   Unknown(0xcc12115e) (QTypeQbKey) : 0xad7c54ba
14:07:31 INFO  [GH3]: }
14:07:31 INFO  [GH3]: {
14:07:31 INFO  [GH3]:   Unknown(0xcc12115e) (QTypeQbKey) : 0xe8ab11e2
14:07:31 INFO  [GH3]: }
14:07:31 INFO  [GH3]: {
14:07:31 INFO  [GH3]:   Unknown(0xcc12115e) (QTypeQbKey) : 0xce75e130
14:07:31 INFO  [GH3]: }
14:07:31 INFO  [GH3]: {
14:07:31 INFO  [GH3]:   Unknown(0xcc12115e) (QTypeQbKey) : 0xaee0dc58
14:07:31 INFO  [GH3]: }
14:07:31 INFO  [GH3]: {
14:07:31 INFO  [GH3]:   Unknown(0xcc12115e) (QTypeQbKey) : 0xb3ae1b7a
14:07:31 INFO  [GH3]: }
14:07:31 INFO  [GH3]: {
14:07:31 INFO  [GH3]:   Unknown(0xcc12115e) (QTypeQbKey) : 0x71b14112
14:07:31 INFO  [GH3]: }
14:07:31 INFO  [GH3]: {
14:07:31 INFO  [GH3]:   Unknown(0xcc12115e) (QTypeQbKey) : 0x51ad6e8c
14:07:31 INFO  [GH3]: }
14:07:31 INFO  [GH3]: {
14:07:31 INFO  [GH3]:   Unknown(0xcc12115e) (QTypeQbKey) : 0x5ca68a94
14:07:31 INFO  [GH3]: }
14:07:31 INFO  [GH3]: {
14:07:31 INFO  [GH3]:   Unknown(0xcc12115e) (QTypeQbKey) : 0x9f667de2
14:07:31 INFO  [GH3]: }
14:07:31 INFO  [GH3]: {
14:07:31 INFO  [GH3]:   Unknown(0xcc12115e) (QTypeQbKey) : 0xa86a21ff
14:07:31 INFO  [GH3]: }
14:07:31 INFO  [GH3]: {
14:07:31 INFO  [GH3]:   Unknown(0xcc12115e) (QTypeQbKey) : 0x4a7d84eb
14:07:31 INFO  [GH3]: }
14:07:31 INFO  [GH3]: {
14:07:31 INFO  [GH3]:   Unknown(0xcc12115e) (QTypeQbKey) : 0xd5e836
14:07:31 INFO  [GH3]: }
14:07:31 INFO  [GH3]: {
14:07:31 INFO  [GH3]:   Unknown(0xcc12115e) (QTypeQbKey) : 0x8cf2b87a
14:07:31 INFO  [GH3]: }
14:07:31 INFO  [GH3]: {
14:07:31 INFO  [GH3]:   Unknown(0xcc12115e) (QTypeQbKey) : 0xddebc0ce
14:07:31 INFO  [GH3]: }
14:07:31 INFO  [GH3]: {
14:07:31 INFO  [GH3]:   Unknown(0xcc12115e) (QTypeQbKey) : 0x52f25c10
14:07:31 INFO  [GH3]: }
14:07:31 INFO  [GH3]: {
14:07:31 INFO  [GH3]:   Unknown(0xcc12115e) (QTypeQbKey) : 0x5a9fd9ae
14:07:31 INFO  [GH3]: }
14:07:31 INFO  [GH3]: {
14:07:31 INFO  [GH3]:   Unknown(0xcc12115e) (QTypeQbKey) : 0x8593790e
14:07:31 INFO  [GH3]: }
14:07:31 INFO  [GH3]: {
14:07:31 INFO  [GH3]:   Unknown(0xcc12115e) (QTypeQbKey) : 0x23fc5b5f
14:07:31 INFO  [GH3]: }
14:07:31 INFO  [GH3]: {
14:07:31 INFO  [GH3]:   Unknown(0xcc12115e) (QTypeQbKey) : 0xd10828c8
14:07:31 INFO  [GH3]: }
14:07:31 INFO  [GH3]: {
14:07:31 INFO  [GH3]:   Unknown(0xcc12115e) (QTypeQbKey) : 0xb2ba98ad
14:07:31 INFO  [GH3]: }
14:07:31 INFO  [GH3]: {
14:07:31 INFO  [GH3]:   Unknown(0xcc12115e) (QTypeQbKey) : 0x24e5e579
14:07:31 INFO  [GH3]: }
14:07:31 INFO  [GH3]: {
14:07:31 INFO  [GH3]:   Unknown(0xcc12115e) (QTypeQbKey) : 0x80d135f1
14:07:31 INFO  [GH3]: }
14:07:31 INFO  [GH3]: {
14:07:31 INFO  [GH3]:   Unknown(0xcc12115e) (QTypeQbKey) : 0x700c4085
14:07:31 INFO  [GH3]: }
14:07:31 INFO  [GH3]: {
14:07:31 INFO  [GH3]:   Unknown(0xcc12115e) (QTypeQbKey) : 0x8ebc7218
14:07:31 INFO  [GH3]: }
14:07:31 INFO  [GH3]: {
14:07:31 INFO  [GH3]:   Unknown(0xcc12115e) (QTypeQbKey) : 0x1cbd9be7
14:07:31 INFO  [GH3]: }
14:07:31 INFO  [GH3]: {
14:07:31 INFO  [GH3]:   Unknown(0xcc12115e) (QTypeQbKey) : 0xfc3db2e8
14:07:31 INFO  [GH3]: }
14:07:31 INFO  [GH3]: {
14:07:31 INFO  [GH3]:   Unknown(0xcc12115e) (QTypeQbKey) : 0xe8baf4e5
14:07:31 INFO  [GH3]: }
14:07:31 INFO  [GH3]: {
14:07:31 INFO  [GH3]:   Unknown(0xcc12115e) (QTypeQbKey) : 0xfc3db2e8
14:07:31 INFO  [GH3]: }
14:07:31 INFO  [GH3]: {
14:07:31 INFO  [GH3]:   Unknown(0xcc12115e) (QTypeQbKey) : 0x80540f4b
14:07:31 INFO  [GH3]: }
14:07:31 INFO  [GH3]: {
14:07:31 INFO  [GH3]:   Unknown(0xcc12115e) (QTypeQbKey) : 0x9ac28451
14:07:31 INFO  [GH3]: }
14:07:31 INFO  [GH3]: {
14:07:31 INFO  [GH3]:   Unknown(0xcc12115e) (QTypeQbKey) : 0x233f951a
14:07:31 INFO  [GH3]: }
14:07:31 INFO  [GH3]: {
14:07:31 INFO  [GH3]:   Unknown(0xcc12115e) (QTypeQbKey) : 0x3ada655d
14:07:31 INFO  [GH3]: }
14:07:31 INFO  [GH3]: {
14:07:31 INFO  [GH3]:   Unknown(0xcc12115e) (QTypeQbKey) : 0x24541776
14:07:31 INFO  [GH3]: }
14:07:31 INFO  [GH3]: {
14:07:31 INFO  [GH3]:   Unknown(0xcc12115e) (QTypeQbKey) : 0xf6a3347d
14:07:31 INFO  [GH3]: }
14:07:31 INFO  [GH3]: {
14:07:31 INFO  [GH3]:   Unknown(0xcc12115e) (QTypeQbKey) : 0x4771da76
14:07:31 INFO  [GH3]: }
14:07:31 INFO  [GH3]: {
14:07:31 INFO  [GH3]:   Unknown(0xcc12115e) (QTypeQbKey) : 0x2d77bc7d
14:07:31 INFO  [GH3]: }
14:07:31 INFO  [GH3]: {
14:07:31 INFO  [GH3]:   Unknown(0xcc12115e) (QTypeQbKey) : 0xa9f17f64
14:07:31 INFO  [GH3]: }
14:07:31 INFO  [GH3]: {
14:07:31 INFO  [GH3]:   Unknown(0xcc12115e) (QTypeQbKey) : 0x54e72043
14:07:31 INFO  [GH3]: }
14:07:31 INFO  [GH3]: {
14:07:31 INFO  [GH3]:   Unknown(0xcc12115e) (QTypeQbKey) : 0x335a5a9f
14:07:31 INFO  [GH3]: }
14:07:31 INFO  [GH3]: {
14:07:31 INFO  [GH3]:   Unknown(0xcc12115e) (QTypeQbKey) : 0x4ee17225
14:07:31 INFO  [GH3]: }
14:07:31 INFO  [GH3]: {
14:07:31 INFO  [GH3]:   Unknown(0xcc12115e) (QTypeQbKey) : 0x5e055837
14:07:31 INFO  [GH3]: }
14:07:31 INFO  [GH3]: {
14:07:31 INFO  [GH3]:   Unknown(0xcc12115e) (QTypeQbKey) : 0x68e8acf5
14:07:31 INFO  [GH3]: }
14:07:31 INFO  [GH3]: {
14:07:31 INFO  [GH3]:   Unknown(0xcc12115e) (QTypeQbKey) : 0xda21ecba
14:07:31 INFO  [GH3]: }
14:07:31 INFO  [GH3]: {
14:07:31 INFO  [GH3]:   Unknown(0xcc12115e) (QTypeQbKey) : 0x9cbfe5e3
14:07:31 INFO  [GH3]: }
14:07:31 INFO  [GH3]: {
14:07:31 INFO  [GH3]:   Unknown(0xcc12115e) (QTypeQbKey) : 0x2b3b8ec0
14:07:31 INFO  [GH3]: }
14:07:31 INFO  [GH3]: {
14:07:31 INFO  [GH3]:   Unknown(0xcc12115e) (QTypeQbKey) : 0xad7c54ba
14:07:31 INFO  [GH3]: }
14:07:31 INFO  [GH3]: {
14:07:31 INFO  [GH3]:   Unknown(0xcc12115e) (QTypeQbKey) : 0xe8ab11e2
14:07:31 INFO  [GH3]: }
14:07:31 INFO  [GH3]: {
14:07:31 INFO  [GH3]:   Unknown(0xcc12115e) (QTypeQbKey) : 0xce75e130
14:07:31 INFO  [GH3]: }
14:07:31 INFO  [GH3]: {
14:07:31 INFO  [GH3]:   Unknown(0xcc12115e) (QTypeQbKey) : 0xaee0dc58
14:07:31 INFO  [GH3]: }
14:07:31 INFO  [GH3]: {
14:07:31 INFO  [GH3]:   Unknown(0xcc12115e) (QTypeQbKey) : 0xb3ae1b7a
14:07:31 INFO  [GH3]: }
14:07:31 INFO  [GH3]: {
14:07:31 INFO  [GH3]:   Unknown(0xcc12115e) (QTypeQbKey) : 0x71b14112
14:07:31 INFO  [GH3]: }
14:07:31 INFO  [GH3]: {
14:07:31 INFO  [GH3]:   Unknown(0xcc12115e) (QTypeQbKey) : 0x51ad6e8c
14:07:31 INFO  [GH3]: }
14:07:31 INFO  [GH3]: {
14:07:31 INFO  [GH3]:   Unknown(0xcc12115e) (QTypeQbKey) : 0x5ca68a94
14:07:31 INFO  [GH3]: }
14:07:31 INFO  [GH3]: {
14:07:31 INFO  [GH3]:   Unknown(0xcc12115e) (QTypeQbKey) : 0x9f667de2
14:07:31 INFO  [GH3]: }
14:07:31 INFO  [GH3]: {
14:07:31 INFO  [GH3]:   Unknown(0xcc12115e) (QTypeQbKey) : 0xa86a21ff
14:07:31 INFO  [GH3]: }
14:07:31 INFO  [GH3]: {
14:07:31 INFO  [GH3]:   Unknown(0xcc12115e) (QTypeQbKey) : 0x4a7d84eb
14:07:31 INFO  [GH3]: }
14:07:31 INFO  [GH3]: {
14:07:31 INFO  [GH3]:   Unknown(0xcc12115e) (QTypeQbKey) : 0xd5e836
14:07:31 INFO  [GH3]: }
14:07:31 INFO  [GH3]: {
14:07:31 INFO  [GH3]:   Unknown(0xcc12115e) (QTypeQbKey) : 0x8cf2b87a
14:07:31 INFO  [GH3]: }
14:07:31 INFO  [GH3]: {
14:07:31 INFO  [GH3]:   Unknown(0xcc12115e) (QTypeQbKey) : 0xddebc0ce
14:07:31 INFO  [GH3]: }
14:07:31 INFO  [GH3]: {
14:07:31 INFO  [GH3]:   Unknown(0xcc12115e) (QTypeQbKey) : 0x52f25c10
14:07:31 INFO  [GH3]: }
14:07:31 INFO  [GH3]: {
14:07:31 INFO  [GH3]:   Unknown(0xcc12115e) (QTypeQbKey) : 0x5a9fd9ae
14:07:31 INFO  [GH3]: }
14:07:31 INFO  [GH3]: {
14:07:31 INFO  [GH3]:   Unknown(0xcc12115e) (QTypeQbKey) : 0x8593790e
14:07:31 INFO  [GH3]: }
14:07:31 INFO  [GH3]: {
14:07:31 INFO  [GH3]:   Unknown(0xcc12115e) (QTypeQbKey) : 0x23fc5b5f
14:07:31 INFO  [GH3]: }
14:07:31 INFO  [GH3]: {
14:07:31 INFO  [GH3]:   Unknown(0xcc12115e) (QTypeQbKey) : 0xd10828c8
14:07:31 INFO  [GH3]: }
14:07:31 INFO  [GH3]: {
14:07:31 INFO  [GH3]:   Unknown(0xcc12115e) (QTypeQbKey) : 0xb2ba98ad
14:07:31 INFO  [GH3]: }
14:07:31 INFO  [GH3]: {
14:07:31 INFO  [GH3]:   Unknown(0xcc12115e) (QTypeQbKey) : 0x24e5e579
14:07:31 INFO  [GH3]: }
14:07:31 INFO  [GH3]: {
14:07:31 INFO  [GH3]:   Unknown(0xcc12115e) (QTypeQbKey) : 0x80d135f1
14:07:31 INFO  [GH3]: }
14:07:31 INFO  [GH3]: {
14:07:31 INFO  [GH3]:   Unknown(0xcc12115e) (QTypeQbKey) : 0x700c4085
14:07:31 INFO  [GH3]: }
14:07:31 INFO  [GH3]: {
14:07:31 INFO  [GH3]:   Unknown(0xcc12115e) (QTypeQbKey) : 0x8ebc7218
14:07:31 INFO  [GH3]: }
14:07:31 INFO  [GH3]: {
14:07:31 INFO  [GH3]:   Unknown(0xcc12115e) (QTypeQbKey) : 0x1cbd9be7
14:07:31 INFO  [GH3]: }
14:07:31 INFO  [GH3]: {
14:07:31 INFO  [GH3]:   Unknown(0xcc12115e) (QTypeQbKey) : 0xfc3db2e8
14:07:31 INFO  [GH3]: }
14:07:31 INFO  [GH3]: {
14:07:31 INFO  [GH3]:   Unknown(0xcc12115e) (QTypeQbKey) : 0xe8baf4e5
14:07:31 INFO  [GH3]: }
14:07:31 INFO  [GH3]: {
14:07:31 INFO  [GH3]:   Unknown(0xcc12115e) (QTypeQbKey) : 0xfc3db2e8
14:07:31 INFO  [GH3]: }
14:07:31 INFO  [GH3]: {
14:07:31 INFO  [GH3]:   Unknown(0xcc12115e) (QTypeQbKey) : 0x80540f4b
14:07:31 INFO  [GH3]: }
14:07:31 INFO  [GH3]: {
14:07:31 INFO  [GH3]:   Unknown(0xcc12115e) (QTypeQbKey) : 0x9ac28451
14:07:31 INFO  [GH3]: }
14:07:31 INFO  [GH3]: {
14:07:31 INFO  [GH3]:   Unknown(0xcc12115e) (QTypeQbKey) : 0x233f951a
14:07:31 INFO  [GH3]: }
14:07:31 INFO  [GH3]: {
14:07:31 INFO  [GH3]:   Unknown(0xcc12115e) (QTypeQbKey) : 0x3ada655d
14:07:31 INFO  [GH3]: }
14:07:31 INFO  [GH3]: {
14:07:31 INFO  [GH3]:   Unknown(0xcc12115e) (QTypeQbKey) : 0x24541776
14:07:31 INFO  [GH3]: }
14:07:31 INFO  [GH3]: {
14:07:31 INFO  [GH3]:   Unknown(0xcc12115e) (QTypeQbKey) : 0xf6a3347d
14:07:31 INFO  [GH3]: }
14:07:31 INFO  [GH3]: {
14:07:31 INFO  [GH3]:   Unknown(0xcc12115e) (QTypeQbKey) : 0x4771da76
14:07:31 INFO  [GH3]: }
14:07:31 INFO  [GH3]: {
14:07:31 INFO  [GH3]:   Unknown(0xcc12115e) (QTypeQbKey) : 0x2d77bc7d
14:07:31 INFO  [GH3]: }
14:07:31 INFO  [GH3]: {
14:07:31 INFO  [GH3]:   Unknown(0xcc12115e) (QTypeQbKey) : 0xa9f17f64
14:07:31 INFO  [GH3]: }
14:07:31 INFO  [GH3]: {
14:07:31 INFO  [GH3]:   Unknown(0xcc12115e) (QTypeQbKey) : 0x54e72043
14:07:31 INFO  [GH3]: }
14:07:31 INFO  [GH3]: {
14:07:31 INFO  [GH3]:   Unknown(0xcc12115e) (QTypeQbKey) : 0x335a5a9f
14:07:31 INFO  [GH3]: }
14:07:31 INFO  [GH3]: {
14:07:31 INFO  [GH3]:   Unknown(0xcc12115e) (QTypeQbKey) : 0x4ee17225
14:07:31 INFO  [GH3]: }
14:07:31 INFO  [GH3]: {
14:07:31 INFO  [GH3]:   Unknown(0xcc12115e) (QTypeQbKey) : 0x5e055837
14:07:31 INFO  [GH3]: }
14:07:31 INFO  [GH3]: {
14:07:31 INFO  [GH3]:   Unknown(0xcc12115e) (QTypeQbKey) : 0x68e8acf5
14:07:31 INFO  [GH3]: }
14:07:31 INFO  [GH3]: {
14:07:31 INFO  [GH3]:   Unknown(0xcc12115e) (QTypeQbKey) : 0xda21ecba
14:07:31 INFO  [GH3]: }
14:07:31 INFO  [GH3]: {
14:07:31 INFO  [GH3]:   Unknown(0xcc12115e) (QTypeQbKey) : 0x9cbfe5e3
14:07:31 INFO  [GH3]: }
14:07:31 INFO  [GH3]: {
14:07:31 INFO  [GH3]:   Unknown(0xcc12115e) (QTypeQbKey) : 0x2b3b8ec0
14:07:31 INFO  [GH3]: }
14:07:31 INFO  [GH3]: {
14:07:31 INFO  [GH3]:   Unknown(0xcc12115e) (QTypeQbKey) : 0xad7c54ba
14:07:31 INFO  [GH3]: }
14:07:31 INFO  [GH3]: {
14:07:31 INFO  [GH3]:   Unknown(0xcc12115e) (QTypeQbKey) : 0xe8ab11e2
14:07:31 INFO  [GH3]: }
14:07:31 INFO  [GH3]: {
14:07:31 INFO  [GH3]:   Unknown(0xcc12115e) (QTypeQbKey) : 0xce75e130
14:07:31 INFO  [GH3]: }
14:07:31 INFO  [GH3]: {
14:07:31 INFO  [GH3]:   Unknown(0xcc12115e) (QTypeQbKey) : 0xd10828c8
14:07:31 INFO  [GH3]: }
14:07:31 INFO  [GH3]: {
14:07:31 INFO  [GH3]:   Unknown(0xcc12115e) (QTypeQbKey) : 0x24e5e579
14:07:31 INFO  [GH3]: }
14:07:31 INFO  [GH3]: {
14:07:31 INFO  [GH3]:   Unknown(0xcc12115e) (QTypeQbKey) : 0x71b14112
14:07:31 INFO  [GH3]: }
14:07:31 INFO  [GH3]: {
14:07:31 INFO  [GH3]:   Unknown(0xcc12115e) (QTypeQbKey) : 0x80540f4b
14:07:31 INFO  [GH3]: }
14:07:31 INFO  [GH3]: {
14:07:31 INFO  [GH3]:   Unknown(0xcc12115e) (QTypeQbKey) : 0xaee0dc58
14:07:31 INFO  [GH3]: }
14:07:31 INFO  [GH3]: {
14:07:31 INFO  [GH3]:   Unknown(0xcc12115e) (QTypeQbKey) : 0x233f951a
14:07:31 INFO  [GH3]: }
14:07:31 INFO  [GH3]: {
14:07:31 INFO  [GH3]:   Unknown(0xcc12115e) (QTypeQbKey) : 0x9ac28451
14:07:31 INFO  [GH3]: }
14:07:31 INFO  [GH3]: {
14:07:31 INFO  [GH3]:   Unknown(0xcc12115e) (QTypeQbKey) : 0x24541776
14:07:31 INFO  [GH3]: }
14:07:31 INFO  [GH3]: {
14:07:31 INFO  [GH3]:   Unknown(0xcc12115e) (QTypeQbKey) : 0x4a7d84eb
14:07:31 INFO  [GH3]: }
14:07:31 INFO  [GH3]: {
14:07:31 INFO  [GH3]:   Unknown(0xcc12115e) (QTypeQbKey) : 0xa86a21ff
14:07:31 INFO  [GH3]: }
14:07:31 INFO  [GH3]: {
14:07:31 INFO  [GH3]:   Unknown(0xcc12115e) (QTypeQbKey) : 0xddebc0ce
14:07:31 INFO  [GH3]: }
14:07:31 INFO  [GH3]: {
14:07:31 INFO  [GH3]:   Unknown(0xcc12115e) (QTypeQbKey) : 0x2d77bc7d
14:07:31 INFO  [GH3]: }
14:07:31 INFO  [GH3]: {
14:07:31 INFO  [GH3]:   Unknown(0xcc12115e) (QTypeQbKey) : 0x2b3b8ec0
14:07:31 INFO  [GH3]: }
14:07:31 INFO  [GH3]: {
14:07:31 INFO  [GH3]:   Unknown(0xcc12115e) (QTypeQbKey) : 0x700c4085
14:07:31 INFO  [GH3]: }
14:07:31 INFO  [GH3]: {
14:07:31 INFO  [GH3]:   Unknown(0xcc12115e) (QTypeQbKey) : 0x5a9fd9ae
14:07:31 INFO  [GH3]: }
14:07:31 INFO  [GH3]: {
14:07:31 INFO  [GH3]:   Unknown(0xcc12115e) (QTypeQbKey) : 0x8cf2b87a
14:07:31 INFO  [GH3]: }
14:07:31 INFO  [GH3]: {
14:07:31 INFO  [GH3]:   Unknown(0xcc12115e) (QTypeQbKey) : 0x54e72043
14:07:31 INFO  [GH3]: }
14:07:31 INFO  [GH3]: {
14:07:31 INFO  [GH3]:   Unknown(0xcc12115e) (QTypeQbKey) : 0x5e055837
14:07:31 INFO  [GH3]: }
14:07:31 INFO  [GH3]: {
14:07:31 INFO  [GH3]:   Unknown(0xcc12115e) (QTypeQbKey) : 0xad7c54ba
14:07:31 INFO  [GH3]: }
14:07:31 INFO  [GH3]: {
14:07:31 INFO  [GH3]:   Unknown(0xcc12115e) (QTypeQbKey) : 0x335a5a9f
14:07:31 INFO  [GH3]: }
14:07:31 INFO  [GH3]: {
14:07:31 INFO  [GH3]:   Unknown(0xcc12115e) (QTypeQbKey) : 0x1cbd9be7
14:07:31 INFO  [GH3]: }
14:07:31 INFO  [GH3]: {
14:07:31 INFO  [GH3]:   Unknown(0xcc12115e) (QTypeQbKey) : 0x4ee17225
14:07:31 INFO  [GH3]: }
14:07:31 INFO  [GH3]: {
14:07:31 INFO  [GH3]:   Unknown(0xcc12115e) (QTypeQbKey) : 0xfc3db2e8
14:07:31 INFO  [GH3]: }
14:07:31 INFO  [GH3]: {
14:07:31 INFO  [GH3]:   Unknown(0xcc12115e) (QTypeQbKey) : 0x68e8acf5
14:07:31 INFO  [GH3]: }
14:07:31 INFO  [GH3]: {
14:07:31 INFO  [GH3]:   Unknown(0xcc12115e) (QTypeQbKey) : 0xda21ecba
14:07:31 INFO  [GH3]: }
14:07:31 INFO  [GH3]: {
14:07:31 INFO  [GH3]:   Unknown(0xcc12115e) (QTypeQbKey) : 0xb2ba98ad
14:07:31 INFO  [GH3]: }
14:07:31 INFO  [GH3]: {
14:07:31 INFO  [GH3]:   Unknown(0xcc12115e) (QTypeQbKey) : 0x9cbfe5e3
14:07:31 INFO  [GH3]: }
14:07:31 INFO  [GH3]: {
14:07:31 INFO  [GH3]:   Unknown(0xcc12115e) (QTypeQbKey) : 0xb3ae1b7a
14:07:31 INFO  [GH3]: }
14:07:31 INFO  [GH3]: {
14:07:31 INFO  [GH3]:   Unknown(0xcc12115e) (QTypeQbKey) : 0xe8baf4e5
14:07:31 INFO  [GH3]: }
14:07:31 INFO  [GH3]: {
14:07:31 INFO  [GH3]:   Unknown(0xcc12115e) (QTypeQbKey) : 0x5ca68a94
14:07:31 INFO  [GH3]: }
14:07:31 INFO  [GH3]: {
14:07:31 INFO  [GH3]:   Unknown(0xcc12115e) (QTypeQbKey) : 0x614910ae
14:07:31 INFO  [GH3]: }
14:07:31 INFO  [GH3]: {
14:07:31 INFO  [GH3]:   Unknown(0xcc12115e) (QTypeQbKey) : 0x9f667de2
14:07:31 INFO  [GH3]: }
14:07:31 INFO  [GH3]: {
14:07:31 INFO  [GH3]:   Unknown(0xcc12115e) (QTypeQbKey) : 0x51ad6e8c
14:07:31 INFO  [GH3]: }
14:07:31 INFO  [GH3]: {
14:07:31 INFO  [GH3]:   Unknown(0xcc12115e) (QTypeQbKey) : 0x80d135f1
14:07:31 INFO  [GH3]: }
14:07:31 INFO  [GH3]: {
14:07:31 INFO  [GH3]:   Unknown(0xcc12115e) (QTypeQbKey) : 0xf6a3347d
14:07:31 INFO  [GH3]: }
14:07:31 INFO  [GH3]: {
14:07:31 INFO  [GH3]:   Unknown(0xcc12115e) (QTypeQbKey) : 0x4771da76
14:07:31 INFO  [GH3]: }
14:07:31 INFO  [GH3]: {
14:07:31 INFO  [GH3]:   Unknown(0xcc12115e) (QTypeQbKey) : 0x3ada655d
14:07:31 INFO  [GH3]: }
14:07:31 INFO  [GH3]: {
14:07:31 INFO  [GH3]:   Unknown(0xcc12115e) (QTypeQbKey) : 0xd5e836
14:07:31 INFO  [GH3]: }
14:07:31 INFO  [GH3]: {
14:07:31 INFO  [GH3]:   Unknown(0xcc12115e) (QTypeQbKey) : 0xa9f17f64
14:07:31 INFO  [GH3]: }
14:07:31 INFO  [GH3]: {
14:07:31 INFO  [GH3]:   Unknown(0xcc12115e) (QTypeQbKey) : 0x8ebc7218
14:07:31 INFO  [GH3]: }
14:07:31 INFO  [GH3]: {
14:07:31 INFO  [GH3]:   Unknown(0xcc12115e) (QTypeQbKey) : 0xe8ab11e2
14:07:31 INFO  [GH3]: }
14:07:31 INFO  [GH3]: {
14:07:31 INFO  [GH3]:   Unknown(0xcc12115e) (QTypeQbKey) : 0x52f25c10
14:07:31 INFO  [GH3]: }
14:07:31 INFO  [GH3]: {
14:07:31 INFO  [GH3]:   Unknown(0xcc12115e) (QTypeQbKey) : 0x23fc5b5f
14:07:31 INFO  [GH3]: }
14:07:31 INFO  [GH3]: {
14:07:31 INFO  [GH3]:   Unknown(0xcc12115e) (QTypeQbKey) : 0xce75e130
14:07:31 INFO  [GH3]: }
14:07:31 INFO  [GH3]: {
14:07:31 INFO  [GH3]:   Unknown(0xcc12115e) (QTypeQbKey) : 0x8593790e
14:07:31 INFO  [GH3]: }
14:07:38 INFO  [GH3]: {
14:07:38 INFO  [GH3]:   Unknown(0x69d0dfaf) (QTypeInt) : 0
14:07:38 INFO  [GH3]:   Unknown(0xd4c98794) (QTypeWString) : "SAVING..."
14:07:38 INFO  [GH3]:   Unknown(0x26bf66f3) (QTypeQbStruct) : 
14:07:38 INFO  [GH3]: 	{
14:07:38 INFO  [GH3]: 	  Unknown(0xc4745838) (QTypeWString) : "Saving Content."
14:07:38 INFO  [GH3]: 	}
14:07:38 INFO  [GH3]: }
14:07:39 INFO  [GH3]: {
14:07:39 INFO  [GH3]:   Unknown(0x7323e97c) (QTypeQbArray) : Type:"QTypeQbArray" Size:1120638000
14:07:39 INFO  [GH3]: }
14:07:40 INFO  [GH3]: {
14:07:40 INFO  [GH3]:   Unknown(0xcc12115e) (QTypeQbKey) : 0xd10828c8
14:07:40 INFO  [GH3]: }
14:07:40 INFO  [GH3]: {
14:07:40 INFO  [GH3]:   Unknown(0xcc12115e) (QTypeQbKey) : 0x24e5e579
14:07:40 INFO  [GH3]: }
14:07:40 INFO  [GH3]: {
14:07:40 INFO  [GH3]:   Unknown(0xcc12115e) (QTypeQbKey) : 0x71b14112
14:07:40 INFO  [GH3]: }
14:07:40 INFO  [GH3]: {
14:07:40 INFO  [GH3]:   Unknown(0xcc12115e) (QTypeQbKey) : 0x80540f4b
14:07:40 INFO  [GH3]: }
14:07:40 INFO  [GH3]: {
14:07:40 INFO  [GH3]:   Unknown(0xcc12115e) (QTypeQbKey) : 0xaee0dc58
14:07:40 INFO  [GH3]: }
14:07:40 INFO  [GH3]: {
14:07:40 INFO  [GH3]:   Unknown(0xcc12115e) (QTypeQbKey) : 0x233f951a
14:07:40 INFO  [GH3]: }
14:07:40 INFO  [GH3]: {
14:07:40 INFO  [GH3]:   Unknown(0xcc12115e) (QTypeQbKey) : 0x9ac28451
14:07:40 INFO  [GH3]: }
14:07:40 INFO  [GH3]: {
14:07:40 INFO  [GH3]:   Unknown(0xcc12115e) (QTypeQbKey) : 0x24541776
14:07:40 INFO  [GH3]: }
14:07:40 INFO  [GH3]: {
14:07:40 INFO  [GH3]:   Unknown(0xcc12115e) (QTypeQbKey) : 0x4a7d84eb
14:07:40 INFO  [GH3]: }
14:07:40 INFO  [GH3]: {
14:07:40 INFO  [GH3]:   Unknown(0xcc12115e) (QTypeQbKey) : 0xa86a21ff
14:07:40 INFO  [GH3]: }
14:07:40 INFO  [GH3]: {
14:07:40 INFO  [GH3]:   Unknown(0xcc12115e) (QTypeQbKey) : 0xddebc0ce
14:07:40 INFO  [GH3]: }
14:07:40 INFO  [GH3]: {
14:07:40 INFO  [GH3]:   Unknown(0xcc12115e) (QTypeQbKey) : 0x2d77bc7d
14:07:40 INFO  [GH3]: }
14:07:40 INFO  [GH3]: {
14:07:40 INFO  [GH3]:   Unknown(0xcc12115e) (QTypeQbKey) : 0x2b3b8ec0
14:07:40 INFO  [GH3]: }
14:07:40 INFO  [GH3]: {
14:07:40 INFO  [GH3]:   Unknown(0xcc12115e) (QTypeQbKey) : 0x700c4085
14:07:40 INFO  [GH3]: }
14:07:40 INFO  [GH3]: {
14:07:40 INFO  [GH3]:   Unknown(0xcc12115e) (QTypeQbKey) : 0x5a9fd9ae
14:07:40 INFO  [GH3]: }
14:07:40 INFO  [GH3]: {
14:07:40 INFO  [GH3]:   Unknown(0xcc12115e) (QTypeQbKey) : 0x8cf2b87a
14:07:40 INFO  [GH3]: }
14:07:40 INFO  [GH3]: {
14:07:40 INFO  [GH3]:   Unknown(0xcc12115e) (QTypeQbKey) : 0x54e72043
14:07:40 INFO  [GH3]: }
14:07:40 INFO  [GH3]: {
14:07:40 INFO  [GH3]:   Unknown(0xcc12115e) (QTypeQbKey) : 0x5e055837
14:07:40 INFO  [GH3]: }
14:07:40 INFO  [GH3]: {
14:07:40 INFO  [GH3]:   Unknown(0xcc12115e) (QTypeQbKey) : 0xad7c54ba
14:07:40 INFO  [GH3]: }
14:07:40 INFO  [GH3]: {
14:07:40 INFO  [GH3]:   Unknown(0xcc12115e) (QTypeQbKey) : 0x335a5a9f
14:07:40 INFO  [GH3]: }
14:07:40 INFO  [GH3]: {
14:07:40 INFO  [GH3]:   Unknown(0xcc12115e) (QTypeQbKey) : 0x1cbd9be7
14:07:40 INFO  [GH3]: }
14:07:40 INFO  [GH3]: {
14:07:40 INFO  [GH3]:   Unknown(0xcc12115e) (QTypeQbKey) : 0x4ee17225
14:07:40 INFO  [GH3]: }
14:07:40 INFO  [GH3]: {
14:07:40 INFO  [GH3]:   Unknown(0xcc12115e) (QTypeQbKey) : 0xfc3db2e8
14:07:40 INFO  [GH3]: }
14:07:40 INFO  [GH3]: {
14:07:40 INFO  [GH3]:   Unknown(0xcc12115e) (QTypeQbKey) : 0x68e8acf5
14:07:40 INFO  [GH3]: }
14:07:40 INFO  [GH3]: {
14:07:40 INFO  [GH3]:   Unknown(0xcc12115e) (QTypeQbKey) : 0xda21ecba
14:07:40 INFO  [GH3]: }
14:07:40 INFO  [GH3]: {
14:07:40 INFO  [GH3]:   Unknown(0xcc12115e) (QTypeQbKey) : 0xb2ba98ad
14:07:40 INFO  [GH3]: }
14:07:40 INFO  [GH3]: {
14:07:40 INFO  [GH3]:   Unknown(0xcc12115e) (QTypeQbKey) : 0x9cbfe5e3
14:07:40 INFO  [GH3]: }
14:07:40 INFO  [GH3]: {
14:07:40 INFO  [GH3]:   Unknown(0xcc12115e) (QTypeQbKey) : 0xb3ae1b7a
14:07:40 INFO  [GH3]: }
14:07:40 INFO  [GH3]: {
14:07:40 INFO  [GH3]:   Unknown(0xcc12115e) (QTypeQbKey) : 0xe8baf4e5
14:07:40 INFO  [GH3]: }
14:07:40 INFO  [GH3]: {
14:07:40 INFO  [GH3]:   Unknown(0xcc12115e) (QTypeQbKey) : 0x5ca68a94
14:07:40 INFO  [GH3]: }
14:07:40 INFO  [GH3]: {
14:07:40 INFO  [GH3]:   Unknown(0xcc12115e) (QTypeQbKey) : 0x614910ae
14:07:40 INFO  [GH3]: }
14:07:40 INFO  [GH3]: {
14:07:40 INFO  [GH3]:   Unknown(0xcc12115e) (QTypeQbKey) : 0x9f667de2
14:07:40 INFO  [GH3]: }
14:07:40 INFO  [GH3]: {
14:07:40 INFO  [GH3]:   Unknown(0xcc12115e) (QTypeQbKey) : 0x51ad6e8c
14:07:40 INFO  [GH3]: }
14:07:40 INFO  [GH3]: {
14:07:40 INFO  [GH3]:   Unknown(0xcc12115e) (QTypeQbKey) : 0x80d135f1
14:07:40 INFO  [GH3]: }
14:07:40 INFO  [GH3]: {
14:07:40 INFO  [GH3]:   Unknown(0xcc12115e) (QTypeQbKey) : 0xf6a3347d
14:07:40 INFO  [GH3]: }
14:07:40 INFO  [GH3]: {
14:07:40 INFO  [GH3]:   Unknown(0xcc12115e) (QTypeQbKey) : 0x4771da76
14:07:40 INFO  [GH3]: }
14:07:40 INFO  [GH3]: {
14:07:40 INFO  [GH3]:   Unknown(0xcc12115e) (QTypeQbKey) : 0x3ada655d
14:07:40 INFO  [GH3]: }
14:07:40 INFO  [GH3]: {
14:07:40 INFO  [GH3]:   Unknown(0xcc12115e) (QTypeQbKey) : 0xd5e836
14:07:40 INFO  [GH3]: }
14:07:40 INFO  [GH3]: {
14:07:40 INFO  [GH3]:   Unknown(0xcc12115e) (QTypeQbKey) : 0xa9f17f64
14:07:40 INFO  [GH3]: }
14:07:40 INFO  [GH3]: {
14:07:40 INFO  [GH3]:   Unknown(0xcc12115e) (QTypeQbKey) : 0x8ebc7218
14:07:40 INFO  [GH3]: }
14:07:40 INFO  [GH3]: {
14:07:40 INFO  [GH3]:   Unknown(0xcc12115e) (QTypeQbKey) : 0xe8ab11e2
14:07:40 INFO  [GH3]: }
14:07:40 INFO  [GH3]: {
14:07:40 INFO  [GH3]:   Unknown(0xcc12115e) (QTypeQbKey) : 0x52f25c10
14:07:40 INFO  [GH3]: }
14:07:40 INFO  [GH3]: {
14:07:40 INFO  [GH3]:   Unknown(0xcc12115e) (QTypeQbKey) : 0x23fc5b5f
14:07:40 INFO  [GH3]: }
14:07:40 INFO  [GH3]: {
14:07:40 INFO  [GH3]:   Unknown(0xcc12115e) (QTypeQbKey) : 0xce75e130
14:07:40 INFO  [GH3]: }
14:07:40 INFO  [GH3]: {
14:07:40 INFO  [GH3]:   Unknown(0xcc12115e) (QTypeQbKey) : 0x8593790e
14:07:40 INFO  [GH3]: }
14:07:40 INFO  [GH3]: {
14:07:40 INFO  [GH3]:   Unknown(0xcc12115e) (QTypeQbKey) : 0xfc3db2e8
14:07:40 INFO  [GH3]: }
14:07:40 INFO  [GH3]: {
14:07:40 INFO  [GH3]:   Unknown(0xcc12115e) (QTypeQbKey) : 0xfc3db2e8
14:07:40 INFO  [GH3]: }
14:07:40 INFO  [GH3]: {
14:07:40 INFO  [GH3]:   Unknown(0xcc12115e) (QTypeQbKey) : 0xd10828c8
14:07:40 INFO  [GH3]: }
14:07:40 INFO  [GH3]: {
14:07:40 INFO  [GH3]:   Unknown(0xcc12115e) (QTypeQbKey) : 0xd10828c8
14:07:40 INFO  [GH3]: }
14:07:40 INFO  [GH3]: {
14:07:40 INFO  [GH3]:   Unknown(0xcc12115e) (QTypeQbKey) : 0x68e8acf5
14:07:40 INFO  [GH3]: }
14:07:40 INFO  [GH3]: {
14:07:40 INFO  [GH3]:   Unknown(0xcc12115e) (QTypeQbKey) : 0x68e8acf5
14:07:40 INFO  [GH3]: }
14:07:40 INFO  [GH3]: {
14:07:40 INFO  [GH3]:   Unknown(0xcc12115e) (QTypeQbKey) : 0x24e5e579
14:07:40 INFO  [GH3]: }
14:07:40 INFO  [GH3]: {
14:07:40 INFO  [GH3]:   Unknown(0xcc12115e) (QTypeQbKey) : 0x24e5e579
14:07:40 INFO  [GH3]: }
14:07:40 INFO  [GH3]: {
14:07:40 INFO  [GH3]:   Unknown(0xcc12115e) (QTypeQbKey) : 0xda21ecba
14:07:40 INFO  [GH3]: }
14:07:40 INFO  [GH3]: {
14:07:40 INFO  [GH3]:   Unknown(0xcc12115e) (QTypeQbKey) : 0xda21ecba
14:07:40 INFO  [GH3]: }
14:07:40 INFO  [GH3]: {
14:07:40 INFO  [GH3]:   Unknown(0xcc12115e) (QTypeQbKey) : 0x71b14112
14:07:40 INFO  [GH3]: }
14:07:40 INFO  [GH3]: {
14:07:40 INFO  [GH3]:   Unknown(0xcc12115e) (QTypeQbKey) : 0x71b14112
14:07:40 INFO  [GH3]: }
14:07:40 INFO  [GH3]: {
14:07:40 INFO  [GH3]:   Unknown(0xcc12115e) (QTypeQbKey) : 0xb2ba98ad
14:07:40 INFO  [GH3]: }
14:07:40 INFO  [GH3]: {
14:07:40 INFO  [GH3]:   Unknown(0xcc12115e) (QTypeQbKey) : 0xb2ba98ad
14:07:40 INFO  [GH3]: }
14:07:40 INFO  [GH3]: {
14:07:40 INFO  [GH3]:   Unknown(0xcc12115e) (QTypeQbKey) : 0x80540f4b
14:07:40 INFO  [GH3]: }
14:07:40 INFO  [GH3]: {
14:07:40 INFO  [GH3]:   Unknown(0xcc12115e) (QTypeQbKey) : 0x80540f4b
14:07:40 INFO  [GH3]: }
14:07:40 INFO  [GH3]: {
14:07:40 INFO  [GH3]:   Unknown(0xcc12115e) (QTypeQbKey) : 0x9cbfe5e3
14:07:40 INFO  [GH3]: }
14:07:40 INFO  [GH3]: {
14:07:40 INFO  [GH3]:   Unknown(0xcc12115e) (QTypeQbKey) : 0x9cbfe5e3
14:07:40 INFO  [GH3]: }
14:07:40 INFO  [GH3]: {
14:07:40 INFO  [GH3]:   Unknown(0xcc12115e) (QTypeQbKey) : 0xaee0dc58
14:07:40 INFO  [GH3]: }
14:07:40 INFO  [GH3]: {
14:07:40 INFO  [GH3]:   Unknown(0xcc12115e) (QTypeQbKey) : 0xaee0dc58
14:07:40 INFO  [GH3]: }
14:07:40 INFO  [GH3]: {
14:07:40 INFO  [GH3]:   Unknown(0xcc12115e) (QTypeQbKey) : 0xb3ae1b7a
14:07:40 INFO  [GH3]: }
14:07:40 INFO  [GH3]: {
14:07:40 INFO  [GH3]:   Unknown(0xcc12115e) (QTypeQbKey) : 0xb3ae1b7a
14:07:40 INFO  [GH3]: }
14:07:40 INFO  [GH3]: {
14:07:40 INFO  [GH3]:   Unknown(0xcc12115e) (QTypeQbKey) : 0x233f951a
14:07:40 INFO  [GH3]: }
14:07:40 INFO  [GH3]: {
14:07:40 INFO  [GH3]:   Unknown(0xcc12115e) (QTypeQbKey) : 0x233f951a
14:07:40 INFO  [GH3]: }
14:07:40 INFO  [GH3]: {
14:07:40 INFO  [GH3]:   Unknown(0xcc12115e) (QTypeQbKey) : 0xe8baf4e5
14:07:40 INFO  [GH3]: }
14:07:40 INFO  [GH3]: {
14:07:40 INFO  [GH3]:   Unknown(0xcc12115e) (QTypeQbKey) : 0xe8baf4e5
14:07:40 INFO  [GH3]: }
14:07:40 INFO  [GH3]: {
14:07:40 INFO  [GH3]:   Unknown(0xcc12115e) (QTypeQbKey) : 0x9ac28451
14:07:40 INFO  [GH3]: }
14:07:40 INFO  [GH3]: {
14:07:40 INFO  [GH3]:   Unknown(0xcc12115e) (QTypeQbKey) : 0x9ac28451
14:07:40 INFO  [GH3]: }
14:07:40 INFO  [GH3]: {
14:07:40 INFO  [GH3]:   Unknown(0xcc12115e) (QTypeQbKey) : 0x5ca68a94
14:07:40 INFO  [GH3]: }
14:07:40 INFO  [GH3]: {
14:07:40 INFO  [GH3]:   Unknown(0xcc12115e) (QTypeQbKey) : 0x5ca68a94
14:07:40 INFO  [GH3]: }
14:07:40 INFO  [GH3]: {
14:07:40 INFO  [GH3]:   Unknown(0xcc12115e) (QTypeQbKey) : 0x24541776
14:07:40 INFO  [GH3]: }
14:07:40 INFO  [GH3]: {
14:07:40 INFO  [GH3]:   Unknown(0xcc12115e) (QTypeQbKey) : 0x24541776
14:07:40 INFO  [GH3]: }
14:07:40 INFO  [GH3]: {
14:07:40 INFO  [GH3]:   Unknown(0xcc12115e) (QTypeQbKey) : 0x614910ae
14:07:40 INFO  [GH3]: }
14:07:40 INFO  [GH3]: {
14:07:40 INFO  [GH3]:   Unknown(0xcc12115e) (QTypeQbKey) : 0x614910ae
14:07:40 INFO  [GH3]: }
14:07:40 INFO  [GH3]: {
14:07:40 INFO  [GH3]:   Unknown(0xcc12115e) (QTypeQbKey) : 0x4a7d84eb
14:07:40 INFO  [GH3]: }
14:07:40 INFO  [GH3]: {
14:07:40 INFO  [GH3]:   Unknown(0xcc12115e) (QTypeQbKey) : 0x4a7d84eb
14:07:40 INFO  [GH3]: }
14:07:40 INFO  [GH3]: {
14:07:40 INFO  [GH3]:   Unknown(0xcc12115e) (QTypeQbKey) : 0x9f667de2
14:07:40 INFO  [GH3]: }
14:07:40 INFO  [GH3]: {
14:07:40 INFO  [GH3]:   Unknown(0xcc12115e) (QTypeQbKey) : 0x9f667de2
14:07:40 INFO  [GH3]: }
14:07:40 INFO  [GH3]: {
14:07:40 INFO  [GH3]:   Unknown(0xcc12115e) (QTypeQbKey) : 0xa86a21ff
14:07:40 INFO  [GH3]: }
14:07:40 INFO  [GH3]: {
14:07:40 INFO  [GH3]:   Unknown(0xcc12115e) (QTypeQbKey) : 0xa86a21ff
14:07:40 INFO  [GH3]: }
14:07:40 INFO  [GH3]: {
14:07:40 INFO  [GH3]:   Unknown(0xcc12115e) (QTypeQbKey) : 0x51ad6e8c
14:07:40 INFO  [GH3]: }
14:07:40 INFO  [GH3]: {
14:07:40 INFO  [GH3]:   Unknown(0xcc12115e) (QTypeQbKey) : 0x51ad6e8c
14:07:40 INFO  [GH3]: }
14:07:40 INFO  [GH3]: {
14:07:40 INFO  [GH3]:   Unknown(0xcc12115e) (QTypeQbKey) : 0xddebc0ce
14:07:40 INFO  [GH3]: }
14:07:40 INFO  [GH3]: {
14:07:40 INFO  [GH3]:   Unknown(0xcc12115e) (QTypeQbKey) : 0xddebc0ce
14:07:40 INFO  [GH3]: }
14:07:40 INFO  [GH3]: {
14:07:40 INFO  [GH3]:   Unknown(0xcc12115e) (QTypeQbKey) : 0x80d135f1
14:07:40 INFO  [GH3]: }
14:07:40 INFO  [GH3]: {
14:07:40 INFO  [GH3]:   Unknown(0xcc12115e) (QTypeQbKey) : 0x80d135f1
14:07:40 INFO  [GH3]: }
14:07:40 INFO  [GH3]: {
14:07:40 INFO  [GH3]:   Unknown(0xcc12115e) (QTypeQbKey) : 0x2d77bc7d
14:07:40 INFO  [GH3]: }
14:07:40 INFO  [GH3]: {
14:07:40 INFO  [GH3]:   Unknown(0xcc12115e) (QTypeQbKey) : 0x2d77bc7d
14:07:40 INFO  [GH3]: }
14:07:40 INFO  [GH3]: {
14:07:40 INFO  [GH3]:   Unknown(0xcc12115e) (QTypeQbKey) : 0xf6a3347d
14:07:40 INFO  [GH3]: }
14:07:40 INFO  [GH3]: {
14:07:40 INFO  [GH3]:   Unknown(0xcc12115e) (QTypeQbKey) : 0xf6a3347d
14:07:40 INFO  [GH3]: }
14:07:40 INFO  [GH3]: {
14:07:40 INFO  [GH3]:   Unknown(0xcc12115e) (QTypeQbKey) : 0x2b3b8ec0
14:07:40 INFO  [GH3]: }
14:07:40 INFO  [GH3]: {
14:07:40 INFO  [GH3]:   Unknown(0xcc12115e) (QTypeQbKey) : 0x2b3b8ec0
14:07:40 INFO  [GH3]: }
14:07:40 INFO  [GH3]: {
14:07:40 INFO  [GH3]:   Unknown(0xcc12115e) (QTypeQbKey) : 0x4771da76
14:07:40 INFO  [GH3]: }
14:07:40 INFO  [GH3]: {
14:07:40 INFO  [GH3]:   Unknown(0xcc12115e) (QTypeQbKey) : 0x4771da76
14:07:40 INFO  [GH3]: }
14:07:40 INFO  [GH3]: {
14:07:40 INFO  [GH3]:   Unknown(0xcc12115e) (QTypeQbKey) : 0x700c4085
14:07:40 INFO  [GH3]: }
14:07:40 INFO  [GH3]: {
14:07:40 INFO  [GH3]:   Unknown(0xcc12115e) (QTypeQbKey) : 0x700c4085
14:07:40 INFO  [GH3]: }
14:07:40 INFO  [GH3]: {
14:07:40 INFO  [GH3]:   Unknown(0xcc12115e) (QTypeQbKey) : 0x3ada655d
14:07:40 INFO  [GH3]: }
14:07:40 INFO  [GH3]: {
14:07:40 INFO  [GH3]:   Unknown(0xcc12115e) (QTypeQbKey) : 0x3ada655d
14:07:40 INFO  [GH3]: }
14:07:40 INFO  [GH3]: {
14:07:40 INFO  [GH3]:   Unknown(0xcc12115e) (QTypeQbKey) : 0x5a9fd9ae
14:07:40 INFO  [GH3]: }
14:07:40 INFO  [GH3]: {
14:07:40 INFO  [GH3]:   Unknown(0xcc12115e) (QTypeQbKey) : 0x5a9fd9ae
14:07:40 INFO  [GH3]: }
14:07:40 INFO  [GH3]: {
14:07:40 INFO  [GH3]:   Unknown(0xcc12115e) (QTypeQbKey) : 0xd5e836
14:07:40 INFO  [GH3]: }
14:07:40 INFO  [GH3]: {
14:07:40 INFO  [GH3]:   Unknown(0xcc12115e) (QTypeQbKey) : 0xd5e836
14:07:40 INFO  [GH3]: }
14:07:40 INFO  [GH3]: {
14:07:40 INFO  [GH3]:   Unknown(0xcc12115e) (QTypeQbKey) : 0x8cf2b87a
14:07:40 INFO  [GH3]: }
14:07:40 INFO  [GH3]: {
14:07:40 INFO  [GH3]:   Unknown(0xcc12115e) (QTypeQbKey) : 0x8cf2b87a
14:07:40 INFO  [GH3]: }
14:07:40 INFO  [GH3]: {
14:07:40 INFO  [GH3]:   Unknown(0xcc12115e) (QTypeQbKey) : 0xa9f17f64
14:07:40 INFO  [GH3]: }
14:07:40 INFO  [GH3]: {
14:07:40 INFO  [GH3]:   Unknown(0xcc12115e) (QTypeQbKey) : 0xa9f17f64
14:07:40 INFO  [GH3]: }
14:07:40 INFO  [GH3]: {
14:07:40 INFO  [GH3]:   Unknown(0xcc12115e) (QTypeQbKey) : 0x54e72043
14:07:40 INFO  [GH3]: }
14:07:40 INFO  [GH3]: {
14:07:40 INFO  [GH3]:   Unknown(0xcc12115e) (QTypeQbKey) : 0x54e72043
14:07:40 INFO  [GH3]: }
14:07:40 INFO  [GH3]: {
14:07:40 INFO  [GH3]:   Unknown(0xcc12115e) (QTypeQbKey) : 0x8ebc7218
14:07:40 INFO  [GH3]: }
14:07:40 INFO  [GH3]: {
14:07:40 INFO  [GH3]:   Unknown(0xcc12115e) (QTypeQbKey) : 0x8ebc7218
14:07:40 INFO  [GH3]: }
14:07:40 INFO  [GH3]: {
14:07:40 INFO  [GH3]:   Unknown(0xcc12115e) (QTypeQbKey) : 0x5e055837
14:07:40 INFO  [GH3]: }
14:07:40 INFO  [GH3]: {
14:07:40 INFO  [GH3]:   Unknown(0xcc12115e) (QTypeQbKey) : 0x5e055837
14:07:40 INFO  [GH3]: }
14:07:40 INFO  [GH3]: {
14:07:40 INFO  [GH3]:   Unknown(0xcc12115e) (QTypeQbKey) : 0xe8ab11e2
14:07:40 INFO  [GH3]: }
14:07:40 INFO  [GH3]: {
14:07:40 INFO  [GH3]:   Unknown(0xcc12115e) (QTypeQbKey) : 0xe8ab11e2
14:07:40 INFO  [GH3]: }
14:07:40 INFO  [GH3]: {
14:07:40 INFO  [GH3]:   Unknown(0xcc12115e) (QTypeQbKey) : 0xad7c54ba
14:07:40 INFO  [GH3]: }
14:07:40 INFO  [GH3]: {
14:07:40 INFO  [GH3]:   Unknown(0xcc12115e) (QTypeQbKey) : 0xad7c54ba
14:07:40 INFO  [GH3]: }
14:07:40 INFO  [GH3]: {
14:07:40 INFO  [GH3]:   Unknown(0xcc12115e) (QTypeQbKey) : 0x52f25c10
14:07:40 INFO  [GH3]: }
14:07:40 INFO  [GH3]: {
14:07:40 INFO  [GH3]:   Unknown(0xcc12115e) (QTypeQbKey) : 0x52f25c10
14:07:40 INFO  [GH3]: }
14:07:40 INFO  [GH3]: {
14:07:40 INFO  [GH3]:   Unknown(0xcc12115e) (QTypeQbKey) : 0x335a5a9f
14:07:40 INFO  [GH3]: }
14:07:40 INFO  [GH3]: {
14:07:40 INFO  [GH3]:   Unknown(0xcc12115e) (QTypeQbKey) : 0x335a5a9f
14:07:40 INFO  [GH3]: }
14:07:40 INFO  [GH3]: {
14:07:40 INFO  [GH3]:   Unknown(0xcc12115e) (QTypeQbKey) : 0x23fc5b5f
14:07:40 INFO  [GH3]: }
14:07:40 INFO  [GH3]: {
14:07:40 INFO  [GH3]:   Unknown(0xcc12115e) (QTypeQbKey) : 0x23fc5b5f
14:07:40 INFO  [GH3]: }
14:07:40 INFO  [GH3]: {
14:07:40 INFO  [GH3]:   Unknown(0xcc12115e) (QTypeQbKey) : 0x1cbd9be7
14:07:40 INFO  [GH3]: }
14:07:40 INFO  [GH3]: {
14:07:40 INFO  [GH3]:   Unknown(0xcc12115e) (QTypeQbKey) : 0x1cbd9be7
14:07:40 INFO  [GH3]: }
14:07:40 INFO  [GH3]: {
14:07:40 INFO  [GH3]:   Unknown(0xcc12115e) (QTypeQbKey) : 0xce75e130
14:07:40 INFO  [GH3]: }
14:07:40 INFO  [GH3]: {
14:07:40 INFO  [GH3]:   Unknown(0xcc12115e) (QTypeQbKey) : 0xce75e130
14:07:40 INFO  [GH3]: }
14:07:40 INFO  [GH3]: {
14:07:40 INFO  [GH3]:   Unknown(0xcc12115e) (QTypeQbKey) : 0x4ee17225
14:07:40 INFO  [GH3]: }
14:07:40 INFO  [GH3]: {
14:07:40 INFO  [GH3]:   Unknown(0xcc12115e) (QTypeQbKey) : 0x4ee17225
14:07:40 INFO  [GH3]: }
14:07:40 INFO  [GH3]: {
14:07:40 INFO  [GH3]:   Unknown(0xcc12115e) (QTypeQbKey) : 0x8593790e
14:07:40 INFO  [GH3]: }
14:07:40 INFO  [GH3]: {
14:07:40 INFO  [GH3]:   Unknown(0xcc12115e) (QTypeQbKey) : 0x8593790e
14:07:40 INFO  [GH3]: }
14:07:40 INFO  [GH3]: {
14:07:40 INFO  [GH3]:   Unknown(0xb30d9965) (QTypeInt) : 0
14:07:40 INFO  [GH3]:   Unknown(0x40c698af) (QTypeQbKey) : 0x8e7c1568
14:07:40 INFO  [GH3]: }
14:07:41 INFO  [GH3]: {
14:07:41 INFO  [GH3]:   Unknown(0xcc12115e) (QTypeQbKey) : 0xfc3db2e8
14:07:41 INFO  [GH3]: }
