14:23:29 INFO  [Nylon]: Wine was not detected. Assuming we are running on a Windows NT OS Please report this if this detection is an error.
14:23:29 INFO  [Nylon]: Minhook initialized!
14:23:29 INFO  [Nylon]: Setting up default hooks...
14:23:29 INFO  [Nylon]: Hooked function at address: 0x770689E0
14:23:29 INFO  [Nylon]: Hooked function at address: 0x77068320
14:23:29 INFO  [Nylon]: Hooked function at address: 0x77062520
14:23:29 INFO  [Nylon]: Hooked function at address: 0x00530970
14:23:29 INFO  [Nylon]: Hooked function at address: 0x00530940
14:23:29 INFO  [Nylon]: Hooked function at address: 0x004A1780
14:23:29 INFO  [Nylon]: Hooked function at address: 0x00472B50
14:23:29 INFO  [Nylon]: Hooked function at address: 0x0057B940
14:23:29 INFO  [Nylon]: Hooked function at address: 0x00601D30
14:23:29 INFO  [Nylon]: Hooked function at address: 0x0047DFA0
14:23:29 INFO  [Nylon]: Hooked function at address: 0x0057AE20
14:23:29 INFO  [Nylon]: Hooked function at address: 0x00D94EE8
14:23:29 INFO  [Nylon]: Hooked function at address: 0x004A6820
14:23:29 INFO  [Nylon]: Hooked function at address: 0x0047E5B0
14:23:29 INFO  [Nylon]: Finished setting up default hooks.
14:23:29 INFO  [Nylon]: Loading mods...
14:23:29 INFO  [Nylon]: Loading mods from: "C:\Games\Guitar Hero III\nylon\Mods"
14:23:29 INFO  [Nylon]: Checking for: "C:\Games\Guitar Hero III\nylon\Mods\GH3Deluxe\modinfo.json"...
14:23:29 INFO  [Nylon]: Loading...
14:23:29 INFO  [Nylon]: Found mod: gh3dx
14:23:29 INFO  [Nylon]: Finished loading mods.
14:23:29 INFO  [Nylon]: Finished Core Initialization!
14:23:30 INFO  [Nylon]: Expecting: "GH3Deluxe\pak\gh3dx.pak"
14:23:30 INFO  [Nylon]: Found it! Loading...
14:23:30 INFO  [Nylon]: Done!
14:23:30 INFO  [Nylon]: Hooking DirectX 9...
14:23:30 INFO  [Nylon]: Hooked function at address: 0x5A706500
14:23:30 INFO  [Nylon]: Hooked function at address: 0x5A706120
14:23:30 INFO  [Nylon]: Hooked function at address: 0x7AADB040
14:23:30 ERROR [Nylon]: Failed to hook function at address: 0x7AADB040 Error Code: 3
14:23:30 INFO  [Nylon]: Finished hooking DirectX 9.
14:23:30 INFO  [Nylon]: Hooked function at address: 0x7AADC550
14:23:30 ERROR [Nylon]: Failed to hook function at address: 0x7AADC550 Error Code: 3
14:23:30 INFO  [Nylon]: KeyboardSetCooperativeLevel -> 6
14:23:30 INFO  [Nylon]: KeyboardSetCooperativeLevel -> 5
14:23:32 INFO  [GH3]: {
14:23:32 INFO  [GH3]:   Unknown(0x69d0dfaf) (QTypeInt) : 0
14:23:32 INFO  [GH3]:   Unknown(0xd4c98794) (QTypeWString) : "CHECKING..."
14:23:32 INFO  [GH3]:   Unknown(0x26bf66f3) (QTypeQbStruct) : 
14:23:32 INFO  [GH3]: 	{
14:23:32 INFO  [GH3]: 	  Unknown(0xc4745838) (QTypeWString) : "Checking storage device..."
14:23:32 INFO  [GH3]: 	}
14:23:32 INFO  [GH3]: }
14:23:32 INFO  [GH3]: {
14:23:32 INFO  [GH3]:   Unknown(0x69d0dfaf) (QTypeInt) : 0
14:23:32 INFO  [GH3]:   Unknown(0xd4c98794) (QTypeWString) : "SUCCESSFUL"
14:23:32 INFO  [GH3]:   Unknown(0x26bf66f3) (QTypeQbStruct) : 
14:23:32 INFO  [GH3]: 	{
14:23:32 INFO  [GH3]: 	  Unknown(0xc4745838) (QTypeWString) : "Save successful."
14:23:32 INFO  [GH3]: 	}
14:23:32 INFO  [GH3]: }
14:23:36 INFO  [GH3]: {
14:23:36 INFO  [GH3]:   Unknown(0x40c698af) (QTypeQbKey) : 0x54b037a4
14:23:36 INFO  [GH3]:   Unknown(0xcce57b1a) (QTypePair) : (512, 93)
14:23:36 INFO  [GH3]:   Unknown(0x3b15bf22) (QTypePair) : (190, 53)
14:23:36 INFO  [GH3]: }
14:23:36 INFO  [GH3]: {
14:23:36 INFO  [GH3]:   Unknown(0x40c698af) (QTypeQbKey) : 0xbabe5688
14:23:36 INFO  [GH3]:   Unknown(0xcce57b1a) (QTypePair) : (508, 178)
14:23:36 INFO  [GH3]:   Unknown(0x3b15bf22) (QTypePair) : (192, 52)
14:23:36 INFO  [GH3]: }
14:23:36 INFO  [GH3]: {
14:23:36 INFO  [GH3]:   Unknown(0x40c698af) (QTypeQbKey) : 0x53ddf3bd
14:23:36 INFO  [GH3]:   Unknown(0xcce57b1a) (QTypePair) : (500, 258)
14:23:36 INFO  [GH3]:   Unknown(0x3b15bf22) (QTypePair) : (186, 38)
14:23:36 INFO  [GH3]: }
14:23:36 INFO  [GH3]: {
14:23:36 INFO  [GH3]:   Unknown(0x40c698af) (QTypeQbKey) : 0xbdd39291
14:23:36 INFO  [GH3]:   Unknown(0xcce57b1a) (QTypePair) : (500, 348)
14:23:36 INFO  [GH3]:   Unknown(0x3b15bf22) (QTypePair) : (190, 50)
14:23:36 INFO  [GH3]: }
14:23:36 INFO  [GH3]: {
14:23:36 INFO  [GH3]:   Unknown(0x40c698af) (QTypeQbKey) : 0x5a6bbf96
14:23:36 INFO  [GH3]:   Unknown(0xcce57b1a) (QTypePair) : (491, 436)
14:23:36 INFO  [GH3]:   Unknown(0x3b15bf22) (QTypePair) : (185, 35)
14:23:36 INFO  [GH3]: }
14:23:37 INFO  [GH3]: {
14:23:37 INFO  [GH3]:   Unknown(0x40c698af) (QTypeQbKey) : 0x8031d7fc
14:23:37 INFO  [GH3]:   Unknown(0xcce57b1a) (QTypePair) : (488, 521)
14:23:37 INFO  [GH3]:   Unknown(0x3b15bf22) (QTypePair) : (185, 40)
14:23:37 INFO  [GH3]: }
14:24:06 INFO  [GH3]: {
14:24:06 INFO  [GH3]:   Unknown(0xcc12115e) (QTypeQbKey) : 0xcffb9719
14:24:06 INFO  [GH3]: }
14:24:06 INFO  [GH3]: {
14:24:06 INFO  [GH3]:   Unknown(0xcc12115e) (QTypeQbKey) : 0xcffb9719
14:24:06 INFO  [GH3]: }
14:24:06 INFO  [GH3]: {
14:24:06 INFO  [GH3]:   Unknown(0xcc12115e) (QTypeQbKey) : 0xcffb9719
14:24:06 INFO  [GH3]: }
14:24:07 INFO  [GH3]: {
14:24:07 INFO  [GH3]:   Unknown(0xcc12115e) (QTypeQbKey) : 0xcffb9719
14:24:07 INFO  [GH3]: }
14:24:07 INFO  [GH3]: {
14:24:07 INFO  [GH3]:   Unknown(0xcc12115e) (QTypeQbKey) : 0xcffb9719
14:24:07 INFO  [GH3]: }
14:24:07 INFO  [GH3]: {
14:24:07 INFO  [GH3]:   Unknown(0xcc12115e) (QTypeQbKey) : 0xcffb9719
14:24:07 INFO  [GH3]: }
14:24:07 INFO  [GH3]: {
14:24:07 INFO  [GH3]:   Unknown(0xcc12115e) (QTypeQbKey) : 0xcffb9719
14:24:07 INFO  [GH3]: }
14:24:07 INFO  [GH3]: {
14:24:07 INFO  [GH3]:   Unknown(0xcc12115e) (QTypeQbKey) : 0xcffb9719
14:24:07 INFO  [GH3]: }
14:24:07 INFO  [GH3]: {
14:24:07 INFO  [GH3]:   Unknown(0xcc12115e) (QTypeQbKey) : 0xcffb9719
14:24:07 INFO  [GH3]: }
14:24:07 INFO  [GH3]: {
14:24:07 INFO  [GH3]:   Unknown(0xcc12115e) (QTypeQbKey) : 0xcffb9719
14:24:07 INFO  [GH3]: }
14:24:08 INFO  [GH3]: {
14:24:08 INFO  [GH3]:   Unknown(0x69d0dfaf) (QTypeInt) : 0
14:24:08 INFO  [GH3]:   Unknown(0xd4c98794) (QTypeWString) : "CHECKING..."
14:24:08 INFO  [GH3]:   Unknown(0x26bf66f3) (QTypeQbStruct) : 
14:24:08 INFO  [GH3]: 	{
14:24:08 INFO  [GH3]: 	  Unknown(0xc4745838) (QTypeWString) : "Checking storage device..."
14:24:08 INFO  [GH3]: 	}
14:24:08 INFO  [GH3]: }
14:24:08 INFO  [GH3]: {
14:24:08 INFO  [GH3]:   Unknown(0x69d0dfaf) (QTypeInt) : 0
14:24:08 INFO  [GH3]:   Unknown(0xd4c98794) (QTypeWString) : "SUCCESSFUL"
14:24:08 INFO  [GH3]:   Unknown(0x26bf66f3) (QTypeQbStruct) : 
14:24:08 INFO  [GH3]: 	{
14:24:08 INFO  [GH3]: 	  Unknown(0xc4745838) (QTypeWString) : "Overwrite successful."
14:24:08 INFO  [GH3]: 	}
14:24:08 INFO  [GH3]: }
14:24:10 INFO  [GH3]: {
14:24:10 INFO  [GH3]:   Unknown(0x40c698af) (QTypeQbKey) : 0x54b037a4
14:24:10 INFO  [GH3]:   Unknown(0xcce57b1a) (QTypePair) : (512, 93)
14:24:10 INFO  [GH3]:   Unknown(0x3b15bf22) (QTypePair) : (190, 53)
14:24:10 INFO  [GH3]: }
14:24:10 INFO  [GH3]: {
14:24:10 INFO  [GH3]:   Unknown(0x40c698af) (QTypeQbKey) : 0xbabe5688
14:24:10 INFO  [GH3]:   Unknown(0xcce57b1a) (QTypePair) : (508, 178)
14:24:10 INFO  [GH3]:   Unknown(0x3b15bf22) (QTypePair) : (192, 52)
14:24:10 INFO  [GH3]: }
14:24:10 INFO  [GH3]: {
14:24:10 INFO  [GH3]:   Unknown(0x40c698af) (QTypeQbKey) : 0x53ddf3bd
14:24:10 INFO  [GH3]:   Unknown(0xcce57b1a) (QTypePair) : (500, 258)
14:24:10 INFO  [GH3]:   Unknown(0x3b15bf22) (QTypePair) : (186, 38)
14:24:10 INFO  [GH3]: }
14:24:11 INFO  [GH3]: {
14:24:11 INFO  [GH3]:   Unknown(0x40c698af) (QTypeQbKey) : 0xbdd39291
14:24:11 INFO  [GH3]:   Unknown(0xcce57b1a) (QTypePair) : (500, 348)
14:24:11 INFO  [GH3]:   Unknown(0x3b15bf22) (QTypePair) : (190, 50)
14:24:11 INFO  [GH3]: }
14:24:11 INFO  [GH3]: {
14:24:11 INFO  [GH3]:   Unknown(0x40c698af) (QTypeQbKey) : 0x5a6bbf96
14:24:11 INFO  [GH3]:   Unknown(0xcce57b1a) (QTypePair) : (491, 436)
14:24:11 INFO  [GH3]:   Unknown(0x3b15bf22) (QTypePair) : (185, 35)
14:24:11 INFO  [GH3]: }
14:24:11 INFO  [GH3]: {
14:24:11 INFO  [GH3]:   Unknown(0x40c698af) (QTypeQbKey) : 0x8031d7fc
14:24:11 INFO  [GH3]:   Unknown(0xcce57b1a) (QTypePair) : (488, 521)
14:24:11 INFO  [GH3]:   Unknown(0x3b15bf22) (QTypePair) : (185, 40)
14:24:11 INFO  [GH3]: }
14:24:15 INFO  [GH3]: {
14:24:15 INFO  [GH3]:   Unknown(0x7323e97c) (QTypeQbArray) : Type:"QTypeQbArray" Size:1100687856
14:24:15 INFO  [GH3]: }
