14:23:05 INFO  [Nylon]: Wine was not detected. Assuming we are running on a Windows NT OS Please report this if this detection is an error.
14:23:05 INFO  [Nylon]: Minhook initialized!
14:23:05 INFO  [Nylon]: Setting up default hooks...
14:23:05 INFO  [Nylon]: Hooked function at address: 0x770689E0
14:23:05 INFO  [Nylon]: Hooked function at address: 0x77068320
14:23:05 INFO  [Nylon]: Hooked function at address: 0x77062520
14:23:05 INFO  [Nylon]: Hooked function at address: 0x00530970
14:23:05 INFO  [Nylon]: Hooked function at address: 0x00530940
14:23:05 INFO  [Nylon]: Hooked function at address: 0x004A1780
14:23:05 INFO  [Nylon]: Hooked function at address: 0x00472B50
14:23:05 INFO  [Nylon]: Hooked function at address: 0x0057B940
14:23:05 INFO  [Nylon]: Hooked function at address: 0x00601D30
14:23:05 INFO  [Nylon]: Hooked function at address: 0x0047DFA0
14:23:05 INFO  [Nylon]: Hooked function at address: 0x0057AE20
14:23:05 INFO  [Nylon]: Hooked function at address: 0x00D94EE8
14:23:05 INFO  [Nylon]: Hooked function at address: 0x004A6820
14:23:05 INFO  [Nylon]: Hooked function at address: 0x0047E5B0
14:23:05 INFO  [Nylon]: Finished setting up default hooks.
14:23:05 INFO  [Nylon]: Loading mods...
14:23:05 INFO  [Nylon]: Loading mods from: "C:\Games\Guitar Hero III\nylon\Mods"
14:23:05 INFO  [Nylon]: Checking for: "C:\Games\Guitar Hero III\nylon\Mods\GH3Deluxe\modinfo.json"...
14:23:05 INFO  [Nylon]: Loading...
14:23:05 INFO  [Nylon]: Found mod: gh3dx
14:23:05 INFO  [Nylon]: Finished loading mods.
14:23:05 INFO  [Nylon]: Finished Core Initialization!
14:23:06 INFO  [Nylon]: Expecting: "GH3Deluxe\pak\gh3dx.pak"
14:23:06 INFO  [Nylon]: Found it! Loading...
14:23:06 INFO  [Nylon]: Done!
14:23:06 INFO  [Nylon]: Hooking DirectX 9...
14:23:06 INFO  [Nylon]: Hooked function at address: 0x5A706500
14:23:06 INFO  [Nylon]: Hooked function at address: 0x5A706120
14:23:07 INFO  [Nylon]: Hooked function at address: 0x7AADB040
14:23:07 ERROR [Nylon]: Failed to hook function at address: 0x7AADB040 Error Code: 3
14:23:07 INFO  [Nylon]: Finished hooking DirectX 9.
14:23:07 INFO  [Nylon]: Hooked function at address: 0x7AADC550
14:23:07 ERROR [Nylon]: Failed to hook function at address: 0x7AADC550 Error Code: 3
14:23:07 INFO  [Nylon]: KeyboardSetCooperativeLevel -> 6
14:23:07 INFO  [Nylon]: KeyboardSetCooperativeLevel -> 5
14:23:09 INFO  [GH3]: {
14:23:09 INFO  [GH3]:   Unknown(0x69d0dfaf) (QTypeInt) : 0
14:23:09 INFO  [GH3]:   Unknown(0xd4c98794) (QTypeWString) : "CHECKING..."
14:23:09 INFO  [GH3]:   Unknown(0x26bf66f3) (QTypeQbStruct) : 
14:23:09 INFO  [GH3]: 	{
14:23:09 INFO  [GH3]: 	  Unknown(0xc4745838) (QTypeWString) : "Checking storage device..."
14:23:09 INFO  [GH3]: 	}
14:23:09 INFO  [GH3]: }
