14:33:18 INFO  [Nylon]: Wine was not detected. Assuming we are running on a Windows NT OS Please report this if this detection is an error.
14:33:18 INFO  [Nylon]: Minhook initialized!
14:33:18 INFO  [Nylon]: Setting up default hooks...
14:33:18 INFO  [Nylon]: Hooked function at address: 0x770689E0
14:33:18 INFO  [Nylon]: Hooked function at address: 0x77068320
14:33:18 INFO  [Nylon]: Hooked function at address: 0x77062520
14:33:18 INFO  [Nylon]: Hooked function at address: 0x00530970
14:33:18 INFO  [Nylon]: Hooked function at address: 0x00530940
14:33:18 INFO  [Nylon]: Hooked function at address: 0x004A1780
14:33:18 INFO  [Nylon]: Hooked function at address: 0x00472B50
14:33:18 INFO  [Nylon]: Hooked function at address: 0x0057B940
14:33:18 INFO  [Nylon]: Hooked function at address: 0x00601D30
14:33:18 INFO  [Nylon]: Hooked function at address: 0x0047DFA0
14:33:18 INFO  [Nylon]: Hooked function at address: 0x0057AE20
14:33:18 INFO  [Nylon]: Hooked function at address: 0x00D94EE8
14:33:18 INFO  [Nylon]: Hooked function at address: 0x004A6820
14:33:18 INFO  [Nylon]: Hooked function at address: 0x0047E5B0
14:33:18 INFO  [Nylon]: Finished setting up default hooks.
14:33:18 INFO  [Nylon]: Loading mods...
14:33:18 INFO  [Nylon]: Loading mods from: "C:\Games\Guitar Hero III\nylon\Mods"
14:33:18 INFO  [Nylon]: Checking for: "C:\Games\Guitar Hero III\nylon\Mods\GH3Deluxe\modinfo.json"...
14:33:18 INFO  [Nylon]: Loading...
14:33:18 INFO  [Nylon]: Found mod: gh3dx
14:33:18 INFO  [Nylon]: Finished loading mods.
14:33:18 INFO  [Nylon]: Finished Core Initialization!
14:33:19 INFO  [Nylon]: Expecting: "GH3Deluxe\pak\gh3dx.pak"
14:33:19 INFO  [Nylon]: Found it! Loading...
14:33:19 INFO  [Nylon]: Done!
14:33:19 INFO  [Nylon]: Hooking DirectX 9...
14:33:19 INFO  [Nylon]: Hooked function at address: 0x5A706500
14:33:19 INFO  [Nylon]: Hooked function at address: 0x5A706120
14:33:19 INFO  [Nylon]: Hooked function at address: 0x5000B040
14:33:19 ERROR [Nylon]: Failed to hook function at address: 0x5000B040 Error Code: 3
14:33:19 INFO  [Nylon]: Finished hooking DirectX 9.
14:33:19 INFO  [Nylon]: Hooked function at address: 0x5000C550
14:33:19 ERROR [Nylon]: Failed to hook function at address: 0x5000C550 Error Code: 3
14:33:19 INFO  [Nylon]: KeyboardSetCooperativeLevel -> 6
14:33:19 INFO  [Nylon]: KeyboardSetCooperativeLevel -> 5
14:33:22 INFO  [GH3]: {
14:33:22 INFO  [GH3]:   Unknown(0x69d0dfaf) (QTypeInt) : 0
14:33:22 INFO  [GH3]:   Unknown(0xd4c98794) (QTypeWString) : "CHECKING..."
14:33:22 INFO  [GH3]:   Unknown(0x26bf66f3) (QTypeQbStruct) : 
14:33:22 INFO  [GH3]: 	{
14:33:22 INFO  [GH3]: 	  Unknown(0xc4745838) (QTypeWString) : "Checking storage device..."
14:33:22 INFO  [GH3]: 	}
14:33:22 INFO  [GH3]: }
14:33:22 INFO  [GH3]: {
14:33:22 INFO  [GH3]:   Unknown(0x69d0dfaf) (QTypeInt) : 0
14:33:22 INFO  [GH3]:   Unknown(0x26bf66f3) (QTypeQbStruct) : 
14:33:22 INFO  [GH3]: 	{
14:33:22 INFO  [GH3]: 	  Unknown(0xc4745838) (QTypeWString) : "Game content is damaged and cannot be used. Do you want to delete this content? All progress within this save content will be lost."
14:33:22 INFO  [GH3]: 	  Unknown(0x34a68574) (QTypePair) : (800, 500)
14:33:22 INFO  [GH3]: 	  Unknown(0x7f261953) (QTypePair) : (640, 375)
14:33:22 INFO  [GH3]: 	  Unknown(0x13b9da7b) (QTypeFloat) : 0.5
14:33:22 INFO  [GH3]: 	}
14:33:22 INFO  [GH3]:   Unknown(0xe787d761) (QTypePair) : (640, 465)
14:33:22 INFO  [GH3]:   Unknown(0xad8a5a63) (QTypePair) : (256, 64)
14:33:22 INFO  [GH3]:   Unknown(0x2fca0578) (QTypeQbArray) : Type:"QTypeQbArray" Size:1100734112
14:33:22 INFO  [GH3]: }
14:33:27 INFO  [GH3]: {
14:33:27 INFO  [GH3]:   Unknown(0x69d0dfaf) (QTypeInt) : 0
14:33:27 INFO  [GH3]:   Unknown(0xd4c98794) (QTypeWString) : "SUCCESSFUL"
14:33:27 INFO  [GH3]:   Unknown(0x26bf66f3) (QTypeQbStruct) : 
14:33:27 INFO  [GH3]: 	{
14:33:27 INFO  [GH3]: 	  Unknown(0xc4745838) (QTypeWString) : "Delete successful."
14:33:27 INFO  [GH3]: 	}
14:33:27 INFO  [GH3]: }
14:33:28 INFO  [GH3]: {
14:33:28 INFO  [GH3]:   Unknown(0x69d0dfaf) (QTypeInt) : 0
14:33:28 INFO  [GH3]:   Unknown(0xd4c98794) (QTypeWString) : "SAVING..."
14:33:28 INFO  [GH3]:   Unknown(0x26bf66f3) (QTypeQbStruct) : 
14:33:28 INFO  [GH3]: 	{
14:33:28 INFO  [GH3]: 	  Unknown(0xc4745838) (QTypeWString) : "Saving Content."
14:33:28 INFO  [GH3]: 	}
14:33:28 INFO  [GH3]: }
14:33:31 INFO  [GH3]: {
14:33:31 INFO  [GH3]:   Unknown(0x7323e97c) (QTypeQbArray) : Type:"QTypeQbArray" Size:1100733104
14:33:31 INFO  [GH3]: }
14:33:34 INFO  [GH3]: {
14:33:34 INFO  [GH3]:   Unknown(0x00000000) (QTypeQbKey) : 0xff03cc4e
14:33:34 INFO  [GH3]:   Unknown(0x520c0c9c) (QTypeQbKey) : 0x806fff30
14:33:34 INFO  [GH3]:   Unknown(0x26861025) (QTypeQbKey) : 0x21f35e50
14:33:34 INFO  [GH3]:   Unknown(0xec953eec) (QTypeInt) : 0
14:33:34 INFO  [GH3]: }
14:33:34 INFO  [GH3]: {
14:33:34 INFO  [GH3]:   Unknown(0x40c698af) (QTypeQbKey) : 0x85e040d7
14:33:34 INFO  [GH3]: }
14:33:35 INFO  [GH3]: {
14:33:35 INFO  [GH3]:   Unknown(0x40c698af) (QTypeQbKey) : 0xcb84040a
14:33:35 INFO  [GH3]: }
14:33:36 INFO  [GH3]: {
14:33:36 INFO  [GH3]:   Unknown(0xb30d9965) (QTypeInt) : 0
14:33:36 INFO  [GH3]:   Unknown(0x40c698af) (QTypeQbKey) : 0x90c3a346
14:33:36 INFO  [GH3]: }
14:33:37 INFO  [GH3]: {
14:33:37 INFO  [GH3]:   Unknown(0xb30d9965) (QTypeInt) : 0
14:33:37 INFO  [GH3]:   Unknown(0x40c698af) (QTypeQbKey) : 0x7ecdc26a
14:33:37 INFO  [GH3]: }
14:33:37 INFO  [GH3]: {
14:33:37 INFO  [GH3]:   Unknown(0xb30d9965) (QTypeInt) : 0
14:33:37 INFO  [GH3]:   Unknown(0x40c698af) (QTypeQbKey) : 0x9caf2fc
14:33:37 INFO  [GH3]: }
14:33:38 INFO  [GH3]: {
14:33:38 INFO  [GH3]:   Unknown(0x40c698af) (QTypeQbKey) : 0x35d8e02
14:33:38 INFO  [GH3]: }
14:33:40 INFO  [GH3]: {
14:33:40 INFO  [GH3]:   Unknown(0x7323e97c) (QTypeQbArray) : Type:"QTypeQbArray" Size:1104326048
14:33:40 INFO  [GH3]: }
14:33:41 INFO  [GH3]: {
14:33:41 INFO  [GH3]:   Unknown(0x40c698af) (QTypeQbKey) : 0xcdb9661e
14:33:41 INFO  [GH3]:   Unknown(0xcce57b1a) (QTypePair) : (510, 135)
14:33:41 INFO  [GH3]:   Unknown(0x3b15bf22) (QTypePair) : (190, 39)
14:33:41 INFO  [GH3]: }
14:33:41 INFO  [GH3]: {
14:33:41 INFO  [GH3]:   Unknown(0x40c698af) (QTypeQbKey) : 0x24dac32b
14:33:41 INFO  [GH3]:   Unknown(0xcce57b1a) (QTypePair) : (505, 221)
14:33:41 INFO  [GH3]:   Unknown(0x3b15bf22) (QTypePair) : (192, 38)
14:33:41 INFO  [GH3]: }
14:33:41 INFO  [GH3]: {
14:33:41 INFO  [GH3]:   Unknown(0x40c698af) (QTypeQbKey) : 0xcad4a207
14:33:41 INFO  [GH3]:   Unknown(0xcce57b1a) (QTypePair) : (502, 302)
14:33:41 INFO  [GH3]:   Unknown(0x3b15bf22) (QTypePair) : (190, 55)
14:33:41 INFO  [GH3]: }
14:33:41 INFO  [GH3]: {
14:33:41 INFO  [GH3]:   Unknown(0x40c698af) (QTypeQbKey) : 0x2d6c8f00
14:33:41 INFO  [GH3]:   Unknown(0xcce57b1a) (QTypePair) : (495, 392)
14:33:41 INFO  [GH3]:   Unknown(0x3b15bf22) (QTypePair) : (190, 50)
14:33:41 INFO  [GH3]: }
14:33:41 INFO  [GH3]: {
14:33:41 INFO  [GH3]:   Unknown(0x40c698af) (QTypeQbKey) : 0xf736e76a
14:33:41 INFO  [GH3]:   Unknown(0xcce57b1a) (QTypePair) : (490, 480)
14:33:41 INFO  [GH3]:   Unknown(0x3b15bf22) (QTypePair) : (190, 50)
14:33:41 INFO  [GH3]: }
14:33:57 INFO  [GH3]: {
14:33:57 INFO  [GH3]:   Unknown(0x69d0dfaf) (QTypeInt) : 0
14:33:57 INFO  [GH3]:   Unknown(0xd4c98794) (QTypeWString) : "CHECKING..."
14:33:57 INFO  [GH3]:   Unknown(0x26bf66f3) (QTypeQbStruct) : 
14:33:57 INFO  [GH3]: 	{
14:33:57 INFO  [GH3]: 	  Unknown(0xc4745838) (QTypeWString) : "Checking storage device..."
14:33:57 INFO  [GH3]: 	}
14:33:57 INFO  [GH3]: }
14:33:57 INFO  [GH3]: {
14:33:57 INFO  [GH3]:   Unknown(0x69d0dfaf) (QTypeInt) : 0
14:33:57 INFO  [GH3]:   Unknown(0xd4c98794) (QTypeWString) : "SUCCESSFUL"
14:33:57 INFO  [GH3]:   Unknown(0x26bf66f3) (QTypeQbStruct) : 
14:33:57 INFO  [GH3]: 	{
14:33:57 INFO  [GH3]: 	  Unknown(0xc4745838) (QTypeWString) : "Overwrite successful."
14:33:57 INFO  [GH3]: 	}
14:33:57 INFO  [GH3]: }
14:33:58 INFO  [GH3]: {
14:33:58 INFO  [GH3]:   Unknown(0x40c698af) (QTypeQbKey) : 0x54b037a4
14:33:58 INFO  [GH3]:   Unknown(0xcce57b1a) (QTypePair) : (512, 93)
14:33:58 INFO  [GH3]:   Unknown(0x3b15bf22) (QTypePair) : (190, 53)
14:33:58 INFO  [GH3]: }
14:33:59 INFO  [GH3]: {
14:33:59 INFO  [GH3]:   Unknown(0x40c698af) (QTypeQbKey) : 0xbabe5688
14:33:59 INFO  [GH3]:   Unknown(0xcce57b1a) (QTypePair) : (508, 178)
14:33:59 INFO  [GH3]:   Unknown(0x3b15bf22) (QTypePair) : (192, 52)
14:33:59 INFO  [GH3]: }
14:33:59 INFO  [GH3]: {
14:33:59 INFO  [GH3]:   Unknown(0x40c698af) (QTypeQbKey) : 0x53ddf3bd
14:33:59 INFO  [GH3]:   Unknown(0xcce57b1a) (QTypePair) : (500, 258)
14:33:59 INFO  [GH3]:   Unknown(0x3b15bf22) (QTypePair) : (186, 38)
14:33:59 INFO  [GH3]: }
14:33:59 INFO  [GH3]: {
14:33:59 INFO  [GH3]:   Unknown(0x40c698af) (QTypeQbKey) : 0xbdd39291
14:33:59 INFO  [GH3]:   Unknown(0xcce57b1a) (QTypePair) : (500, 348)
14:33:59 INFO  [GH3]:   Unknown(0x3b15bf22) (QTypePair) : (190, 50)
14:33:59 INFO  [GH3]: }
14:33:59 INFO  [GH3]: {
14:33:59 INFO  [GH3]:   Unknown(0x40c698af) (QTypeQbKey) : 0x5a6bbf96
14:33:59 INFO  [GH3]:   Unknown(0xcce57b1a) (QTypePair) : (491, 436)
14:33:59 INFO  [GH3]:   Unknown(0x3b15bf22) (QTypePair) : (185, 35)
14:33:59 INFO  [GH3]: }
14:33:59 INFO  [GH3]: {
14:33:59 INFO  [GH3]:   Unknown(0x40c698af) (QTypeQbKey) : 0x8031d7fc
14:33:59 INFO  [GH3]:   Unknown(0xcce57b1a) (QTypePair) : (488, 521)
14:33:59 INFO  [GH3]:   Unknown(0x3b15bf22) (QTypePair) : (185, 40)
14:33:59 INFO  [GH3]: }
14:34:02 INFO  [GH3]: {
14:34:02 INFO  [GH3]:   Unknown(0x7323e97c) (QTypeQbArray) : Type:"QTypeQbArray" Size:1103529776
14:34:02 INFO  [GH3]: }
14:34:04 INFO  [GH3]: {
14:34:04 INFO  [GH3]:   Unknown(0x40c698af) (QTypeQbKey) : 0xadedb93d
14:34:04 INFO  [GH3]: }
14:34:04 INFO  [GH3]: {
14:34:04 INFO  [GH3]:   Unknown(0x40c698af) (QTypeQbKey) : 0xed108a91
14:34:04 INFO  [GH3]: }
14:34:05 INFO  [GH3]: {
14:34:05 INFO  [GH3]:   Unknown(0xb30d9965) (QTypeInt) : 0
14:34:05 INFO  [GH3]:   Unknown(0x40c698af) (QTypeQbKey) : 0x264d7722
14:34:05 INFO  [GH3]: }
14:34:05 INFO  [GH3]: {
14:34:05 INFO  [GH3]:   Unknown(0xb30d9965) (QTypeInt) : 0
14:34:05 INFO  [GH3]:   Unknown(0x40c698af) (QTypeQbKey) : 0xc843160e
14:34:05 INFO  [GH3]: }
14:34:05 INFO  [GH3]: {
14:34:05 INFO  [GH3]:   Unknown(0xb30d9965) (QTypeInt) : 0
14:34:05 INFO  [GH3]:   Unknown(0x40c698af) (QTypeQbKey) : 0x2120b33b
14:34:05 INFO  [GH3]: }
14:34:06 INFO  [GH3]: {
14:34:06 INFO  [GH3]:   Unknown(0xb30d9965) (QTypeInt) : 0
14:34:06 INFO  [GH3]:   Unknown(0x40c698af) (QTypeQbKey) : 0xcf2ed217
14:34:06 INFO  [GH3]: }
14:34:06 INFO  [GH3]: {
14:34:06 INFO  [GH3]:   Unknown(0xb30d9965) (QTypeInt) : 0
14:34:06 INFO  [GH3]:   Unknown(0x40c698af) (QTypeQbKey) : 0x2896ff10
14:34:06 INFO  [GH3]: }
14:34:06 INFO  [GH3]: {
14:34:06 INFO  [GH3]:   Unknown(0xb30d9965) (QTypeInt) : 0
14:34:06 INFO  [GH3]:   Unknown(0x40c698af) (QTypeQbKey) : 0x3f564663
14:34:06 INFO  [GH3]: }
14:34:06 INFO  [GH3]: {
14:34:06 INFO  [GH3]:   Unknown(0xb30d9965) (QTypeInt) : 0
14:34:06 INFO  [GH3]:   Unknown(0x40c698af) (QTypeQbKey) : 0xd158274f
14:34:06 INFO  [GH3]: }
14:34:06 INFO  [GH3]: {
14:34:06 INFO  [GH3]:   Unknown(0xb30d9965) (QTypeInt) : 0
14:34:06 INFO  [GH3]:   Unknown(0x40c698af) (QTypeQbKey) : 0x383b827a
14:34:06 INFO  [GH3]: }
14:34:06 INFO  [GH3]: {
14:34:06 INFO  [GH3]:   Unknown(0xb30d9965) (QTypeInt) : 0
14:34:06 INFO  [GH3]:   Unknown(0x40c698af) (QTypeQbKey) : 0xd635e356
14:34:06 INFO  [GH3]: }
14:34:06 INFO  [GH3]: {
14:34:06 INFO  [GH3]:   Unknown(0xb30d9965) (QTypeInt) : 0
14:34:06 INFO  [GH3]:   Unknown(0x40c698af) (QTypeQbKey) : 0x318dce51
14:34:06 INFO  [GH3]: }
14:34:06 INFO  [GH3]: {
14:34:06 INFO  [GH3]:   Unknown(0xb30d9965) (QTypeInt) : 0
14:34:06 INFO  [GH3]:   Unknown(0x40c698af) (QTypeQbKey) : 0x7017d0a4
14:34:06 INFO  [GH3]: }
14:34:06 INFO  [GH3]: {
14:34:06 INFO  [GH3]:   Unknown(0xb30d9965) (QTypeInt) : 0
14:34:06 INFO  [GH3]:   Unknown(0x40c698af) (QTypeQbKey) : 0x9e19b188
14:34:06 INFO  [GH3]: }
14:34:06 INFO  [GH3]: {
14:34:06 INFO  [GH3]:   Unknown(0xb30d9965) (QTypeInt) : 0
14:34:06 INFO  [GH3]:   Unknown(0x40c698af) (QTypeQbKey) : 0x777a14bd
14:34:06 INFO  [GH3]: }
14:34:07 INFO  [GH3]: {
14:34:07 INFO  [GH3]:   Unknown(0xb30d9965) (QTypeInt) : 0
14:34:07 INFO  [GH3]:   Unknown(0x40c698af) (QTypeQbKey) : 0x99747591
14:34:07 INFO  [GH3]: }
14:34:07 INFO  [GH3]: {
14:34:07 INFO  [GH3]:   Unknown(0xb30d9965) (QTypeInt) : 0
14:34:07 INFO  [GH3]:   Unknown(0x40c698af) (QTypeQbKey) : 0x7ecc5896
14:34:07 INFO  [GH3]: }
14:34:07 INFO  [GH3]: {
14:34:07 INFO  [GH3]:   Unknown(0xb30d9965) (QTypeInt) : 0
14:34:07 INFO  [GH3]:   Unknown(0x40c698af) (QTypeQbKey) : 0x690ce1e5
14:34:07 INFO  [GH3]: }
14:34:07 INFO  [GH3]: {
14:34:07 INFO  [GH3]:   Unknown(0xb30d9965) (QTypeInt) : 0
14:34:07 INFO  [GH3]:   Unknown(0x40c698af) (QTypeQbKey) : 0x870280c9
14:34:07 INFO  [GH3]: }
14:34:07 INFO  [GH3]: {
14:34:07 INFO  [GH3]:   Unknown(0xb30d9965) (QTypeInt) : 0
14:34:07 INFO  [GH3]:   Unknown(0x40c698af) (QTypeQbKey) : 0x6e6125fc
14:34:07 INFO  [GH3]: }
14:34:07 INFO  [GH3]: {
14:34:07 INFO  [GH3]:   Unknown(0xb30d9965) (QTypeInt) : 0
14:34:07 INFO  [GH3]:   Unknown(0x40c698af) (QTypeQbKey) : 0x806f44d0
14:34:07 INFO  [GH3]: }
14:34:07 INFO  [GH3]: {
14:34:07 INFO  [GH3]:   Unknown(0xb30d9965) (QTypeInt) : 0
14:34:07 INFO  [GH3]:   Unknown(0x40c698af) (QTypeQbKey) : 0xf7687446
14:34:07 INFO  [GH3]: }
14:34:07 INFO  [GH3]: {
14:34:07 INFO  [GH3]:   Unknown(0xb30d9965) (QTypeInt) : 0
14:34:07 INFO  [GH3]:   Unknown(0x40c698af) (QTypeQbKey) : 0xf7687446
14:34:07 INFO  [GH3]: }
14:34:07 INFO  [GH3]: {
14:34:07 INFO  [GH3]:   Unknown(0xb30d9965) (QTypeInt) : 0
14:34:07 INFO  [GH3]:   Unknown(0x40c698af) (QTypeQbKey) : 0xf7687446
14:34:07 INFO  [GH3]: }
14:34:07 INFO  [GH3]: {
14:34:07 INFO  [GH3]:   Unknown(0xb30d9965) (QTypeInt) : 0
14:34:07 INFO  [GH3]:   Unknown(0x40c698af) (QTypeQbKey) : 0xf7687446
14:34:07 INFO  [GH3]: }
14:34:18 INFO  [GH3]: {
14:34:18 INFO  [GH3]:   Unknown(0xb30d9965) (QTypeInt) : 0
14:34:18 INFO  [GH3]:   Unknown(0x40c698af) (QTypeQbKey) : 0x1966156a
14:34:18 INFO  [GH3]: }
14:34:18 INFO  [GH3]: {
14:34:18 INFO  [GH3]:   Unknown(0xb30d9965) (QTypeInt) : 0
14:34:18 INFO  [GH3]:   Unknown(0x40c698af) (QTypeQbKey) : 0xf005b05f
14:34:18 INFO  [GH3]: }
14:34:19 INFO  [GH3]: {
14:34:19 INFO  [GH3]:   Unknown(0xb30d9965) (QTypeInt) : 0
14:34:19 INFO  [GH3]:   Unknown(0x40c698af) (QTypeQbKey) : 0x1e0bd173
14:34:19 INFO  [GH3]: }
14:34:19 INFO  [GH3]: {
14:34:19 INFO  [GH3]:   Unknown(0xb30d9965) (QTypeInt) : 0
14:34:19 INFO  [GH3]:   Unknown(0x40c698af) (QTypeQbKey) : 0x9cb6800
14:34:19 INFO  [GH3]: }
14:34:19 INFO  [GH3]: {
14:34:19 INFO  [GH3]:   Unknown(0xb30d9965) (QTypeInt) : 0
14:34:19 INFO  [GH3]:   Unknown(0x40c698af) (QTypeQbKey) : 0xee734507
14:34:19 INFO  [GH3]: }
14:34:20 INFO  [GH3]: {
14:34:20 INFO  [GH3]:   Unknown(0xb30d9965) (QTypeInt) : 0
14:34:20 INFO  [GH3]:   Unknown(0x40c698af) (QTypeQbKey) : 0x7d242b
14:34:20 INFO  [GH3]: }
14:34:20 INFO  [GH3]: {
14:34:20 INFO  [GH3]:   Unknown(0xb30d9965) (QTypeInt) : 0
14:34:20 INFO  [GH3]:   Unknown(0x40c698af) (QTypeQbKey) : 0xe91e811e
14:34:20 INFO  [GH3]: }
14:34:22 INFO  [GH3]: {
14:34:22 INFO  [GH3]:   Unknown(0xb30d9965) (QTypeInt) : 0
14:34:22 INFO  [GH3]:   Unknown(0x40c698af) (QTypeQbKey) : 0x710e032
14:34:22 INFO  [GH3]: }
14:34:23 INFO  [GH3]: {
14:34:23 INFO  [GH3]:   Unknown(0xb30d9965) (QTypeInt) : 0
14:34:23 INFO  [GH3]:   Unknown(0x40c698af) (QTypeQbKey) : 0xe91e811e
14:34:23 INFO  [GH3]: }
14:34:23 INFO  [GH3]: {
14:34:23 INFO  [GH3]:   Unknown(0xb30d9965) (QTypeInt) : 0
14:34:23 INFO  [GH3]:   Unknown(0x40c698af) (QTypeQbKey) : 0x7d242b
14:34:23 INFO  [GH3]: }
14:34:23 INFO  [GH3]: {
14:34:23 INFO  [GH3]:   Unknown(0xb30d9965) (QTypeInt) : 0
14:34:23 INFO  [GH3]:   Unknown(0x40c698af) (QTypeQbKey) : 0xee734507
14:34:23 INFO  [GH3]: }
14:34:24 INFO  [GH3]: {
14:34:24 INFO  [GH3]:   Unknown(0xb30d9965) (QTypeInt) : 0
14:34:24 INFO  [GH3]:   Unknown(0x40c698af) (QTypeQbKey) : 0x9cb6800
14:34:24 INFO  [GH3]: }
14:34:24 INFO  [GH3]: {
14:34:24 INFO  [GH3]:   Unknown(0xb30d9965) (QTypeInt) : 0
14:34:24 INFO  [GH3]:   Unknown(0x40c698af) (QTypeQbKey) : 0x1e0bd173
14:34:24 INFO  [GH3]: }
14:34:24 INFO  [GH3]: {
14:34:24 INFO  [GH3]:   Unknown(0xb30d9965) (QTypeInt) : 0
14:34:24 INFO  [GH3]:   Unknown(0x40c698af) (QTypeQbKey) : 0xf005b05f
14:34:24 INFO  [GH3]: }
14:34:24 INFO  [GH3]: {
14:34:24 INFO  [GH3]:   Unknown(0xb30d9965) (QTypeInt) : 0
14:34:24 INFO  [GH3]:   Unknown(0x40c698af) (QTypeQbKey) : 0x1966156a
14:34:24 INFO  [GH3]: }
14:34:24 INFO  [GH3]: {
14:34:24 INFO  [GH3]:   Unknown(0xb30d9965) (QTypeInt) : 0
14:34:24 INFO  [GH3]:   Unknown(0x40c698af) (QTypeQbKey) : 0xf7687446
14:34:24 INFO  [GH3]: }
14:34:32 INFO  [GH3]: {
14:34:32 INFO  [GH3]:   Unknown(0xb30d9965) (QTypeInt) : 0
14:34:32 INFO  [GH3]:   Unknown(0x40c698af) (QTypeQbKey) : 0x806f44d0
14:34:32 INFO  [GH3]: }
14:34:32 INFO  [GH3]: {
14:34:32 INFO  [GH3]:   Unknown(0xb30d9965) (QTypeInt) : 0
14:34:32 INFO  [GH3]:   Unknown(0x40c698af) (QTypeQbKey) : 0x6e6125fc
14:34:32 INFO  [GH3]: }
14:34:32 INFO  [GH3]: {
14:34:32 INFO  [GH3]:   Unknown(0xb30d9965) (QTypeInt) : 0
14:34:32 INFO  [GH3]:   Unknown(0x40c698af) (QTypeQbKey) : 0x870280c9
14:34:32 INFO  [GH3]: }
14:34:32 INFO  [GH3]: {
14:34:32 INFO  [GH3]:   Unknown(0xb30d9965) (QTypeInt) : 0
14:34:32 INFO  [GH3]:   Unknown(0x40c698af) (QTypeQbKey) : 0x690ce1e5
14:34:32 INFO  [GH3]: }
14:34:32 INFO  [GH3]: {
14:34:32 INFO  [GH3]:   Unknown(0xb30d9965) (QTypeInt) : 0
14:34:32 INFO  [GH3]:   Unknown(0x40c698af) (QTypeQbKey) : 0x7ecc5896
14:34:32 INFO  [GH3]: }
14:34:32 INFO  [GH3]: {
14:34:32 INFO  [GH3]:   Unknown(0xb30d9965) (QTypeInt) : 0
14:34:32 INFO  [GH3]:   Unknown(0x40c698af) (QTypeQbKey) : 0x99747591
14:34:32 INFO  [GH3]: }
14:34:32 INFO  [GH3]: {
14:34:32 INFO  [GH3]:   Unknown(0xb30d9965) (QTypeInt) : 0
14:34:32 INFO  [GH3]:   Unknown(0x40c698af) (QTypeQbKey) : 0x777a14bd
14:34:32 INFO  [GH3]: }
14:34:33 INFO  [GH3]: {
14:34:33 INFO  [GH3]:   Unknown(0xb30d9965) (QTypeInt) : 0
14:34:33 INFO  [GH3]:   Unknown(0x40c698af) (QTypeQbKey) : 0x9e19b188
14:34:33 INFO  [GH3]: }
14:34:33 INFO  [GH3]: {
14:34:33 INFO  [GH3]:   Unknown(0xb30d9965) (QTypeInt) : 0
14:34:33 INFO  [GH3]:   Unknown(0x40c698af) (QTypeQbKey) : 0x7017d0a4
14:34:33 INFO  [GH3]: }
14:34:33 INFO  [GH3]: {
14:34:33 INFO  [GH3]:   Unknown(0xb30d9965) (QTypeInt) : 0
14:34:33 INFO  [GH3]:   Unknown(0x40c698af) (QTypeQbKey) : 0x318dce51
14:34:33 INFO  [GH3]: }
14:34:33 INFO  [GH3]: {
14:34:33 INFO  [GH3]:   Unknown(0xb30d9965) (QTypeInt) : 0
14:34:33 INFO  [GH3]:   Unknown(0x40c698af) (QTypeQbKey) : 0xd635e356
14:34:33 INFO  [GH3]: }
14:34:33 INFO  [GH3]: {
14:34:33 INFO  [GH3]:   Unknown(0xb30d9965) (QTypeInt) : 0
14:34:33 INFO  [GH3]:   Unknown(0x40c698af) (QTypeQbKey) : 0x383b827a
14:34:33 INFO  [GH3]: }
14:34:33 INFO  [GH3]: {
14:34:33 INFO  [GH3]:   Unknown(0xb30d9965) (QTypeInt) : 0
14:34:33 INFO  [GH3]:   Unknown(0x40c698af) (QTypeQbKey) : 0xd158274f
14:34:33 INFO  [GH3]: }
14:34:33 INFO  [GH3]: {
14:34:33 INFO  [GH3]:   Unknown(0xb30d9965) (QTypeInt) : 0
14:34:33 INFO  [GH3]:   Unknown(0x40c698af) (QTypeQbKey) : 0x3f564663
14:34:33 INFO  [GH3]: }
14:34:33 INFO  [GH3]: {
14:34:33 INFO  [GH3]:   Unknown(0xb30d9965) (QTypeInt) : 0
14:34:33 INFO  [GH3]:   Unknown(0x40c698af) (QTypeQbKey) : 0x2896ff10
14:34:33 INFO  [GH3]: }
14:34:33 INFO  [GH3]: {
14:34:33 INFO  [GH3]:   Unknown(0xb30d9965) (QTypeInt) : 0
14:34:33 INFO  [GH3]:   Unknown(0x40c698af) (QTypeQbKey) : 0xcf2ed217
14:34:33 INFO  [GH3]: }
14:34:33 INFO  [GH3]: {
14:34:33 INFO  [GH3]:   Unknown(0xb30d9965) (QTypeInt) : 0
14:34:33 INFO  [GH3]:   Unknown(0x40c698af) (QTypeQbKey) : 0x2120b33b
14:34:33 INFO  [GH3]: }
14:34:34 INFO  [GH3]: {
14:34:34 INFO  [GH3]:   Unknown(0xb30d9965) (QTypeInt) : 0
14:34:34 INFO  [GH3]:   Unknown(0x40c698af) (QTypeQbKey) : 0xc843160e
14:34:34 INFO  [GH3]: }
14:34:34 INFO  [GH3]: {
14:34:34 INFO  [GH3]:   Unknown(0xb30d9965) (QTypeInt) : 0
14:34:34 INFO  [GH3]:   Unknown(0x40c698af) (QTypeQbKey) : 0x264d7722
14:34:34 INFO  [GH3]: }
14:34:34 INFO  [GH3]: {
14:34:34 INFO  [GH3]:   Unknown(0xb30d9965) (QTypeInt) : 0
14:34:34 INFO  [GH3]:   Unknown(0x40c698af) (QTypeQbKey) : 0x3bbacd3
14:34:34 INFO  [GH3]: }
14:34:34 INFO  [GH3]: {
14:34:34 INFO  [GH3]:   Unknown(0xb30d9965) (QTypeInt) : 0
14:34:34 INFO  [GH3]:   Unknown(0x40c698af) (QTypeQbKey) : 0x3bbacd3
14:34:34 INFO  [GH3]: }
14:34:34 INFO  [GH3]: {
14:34:34 INFO  [GH3]:   Unknown(0xb30d9965) (QTypeInt) : 0
14:34:34 INFO  [GH3]:   Unknown(0x40c698af) (QTypeQbKey) : 0x3bbacd3
14:34:34 INFO  [GH3]: }
14:34:34 INFO  [GH3]: {
14:34:34 INFO  [GH3]:   Unknown(0xb30d9965) (QTypeInt) : 0
14:34:34 INFO  [GH3]:   Unknown(0x40c698af) (QTypeQbKey) : 0x3bbacd3
14:34:34 INFO  [GH3]: }
14:34:34 INFO  [GH3]: {
14:34:34 INFO  [GH3]:   Unknown(0xb30d9965) (QTypeInt) : 0
14:34:34 INFO  [GH3]:   Unknown(0x40c698af) (QTypeQbKey) : 0x264d7722
14:34:34 INFO  [GH3]: }
14:34:35 INFO  [GH3]: {
14:34:35 INFO  [GH3]:   Unknown(0xb30d9965) (QTypeInt) : 0
14:34:35 INFO  [GH3]:   Unknown(0x40c698af) (QTypeQbKey) : 0xc843160e
14:34:35 INFO  [GH3]: }
14:34:35 INFO  [GH3]: {
14:34:35 INFO  [GH3]:   Unknown(0xb30d9965) (QTypeInt) : 0
14:34:35 INFO  [GH3]:   Unknown(0x40c698af) (QTypeQbKey) : 0x2120b33b
14:34:35 INFO  [GH3]: }
14:34:36 INFO  [GH3]: {
14:34:36 INFO  [GH3]:   Unknown(0xb30d9965) (QTypeInt) : 0
14:34:36 INFO  [GH3]:   Unknown(0x40c698af) (QTypeQbKey) : 0xcf2ed217
14:34:36 INFO  [GH3]: }
14:34:37 INFO  [GH3]: {
14:34:37 INFO  [GH3]:   Unknown(0xb30d9965) (QTypeInt) : 0
14:34:37 INFO  [GH3]:   Unknown(0x40c698af) (QTypeQbKey) : 0x2896ff10
14:34:37 INFO  [GH3]: }
14:34:37 INFO  [GH3]: {
14:34:37 INFO  [GH3]:   Unknown(0xb30d9965) (QTypeInt) : 0
14:34:37 INFO  [GH3]:   Unknown(0x40c698af) (QTypeQbKey) : 0x3f564663
14:34:37 INFO  [GH3]: }
14:34:37 INFO  [GH3]: {
14:34:37 INFO  [GH3]:   Unknown(0xb30d9965) (QTypeInt) : 0
14:34:37 INFO  [GH3]:   Unknown(0x40c698af) (QTypeQbKey) : 0xd158274f
14:34:37 INFO  [GH3]: }
14:34:38 INFO  [GH3]: {
14:34:38 INFO  [GH3]:   Unknown(0xb30d9965) (QTypeInt) : 0
14:34:38 INFO  [GH3]:   Unknown(0x40c698af) (QTypeQbKey) : 0x383b827a
14:34:38 INFO  [GH3]: }
14:34:38 INFO  [GH3]: {
14:34:38 INFO  [GH3]:   Unknown(0xb30d9965) (QTypeInt) : 0
14:34:38 INFO  [GH3]:   Unknown(0x40c698af) (QTypeQbKey) : 0xd635e356
14:34:38 INFO  [GH3]: }
14:34:38 INFO  [GH3]: {
14:34:38 INFO  [GH3]:   Unknown(0xb30d9965) (QTypeInt) : 0
14:34:38 INFO  [GH3]:   Unknown(0x40c698af) (QTypeQbKey) : 0x318dce51
14:34:38 INFO  [GH3]: }
14:34:40 INFO  [GH3]: {
14:34:40 INFO  [GH3]:   Unknown(0xb30d9965) (QTypeInt) : 0
14:34:40 INFO  [GH3]:   Unknown(0x40c698af) (QTypeQbKey) : 0x7017d0a4
14:34:40 INFO  [GH3]: }
14:34:40 INFO  [GH3]: {
14:34:40 INFO  [GH3]:   Unknown(0xb30d9965) (QTypeInt) : 0
14:34:40 INFO  [GH3]:   Unknown(0x40c698af) (QTypeQbKey) : 0x9e19b188
14:34:40 INFO  [GH3]: }
14:34:40 INFO  [GH3]: {
14:34:40 INFO  [GH3]:   Unknown(0xb30d9965) (QTypeInt) : 0
14:34:40 INFO  [GH3]:   Unknown(0x40c698af) (QTypeQbKey) : 0x777a14bd
14:34:40 INFO  [GH3]: }
14:34:40 INFO  [GH3]: {
14:34:40 INFO  [GH3]:   Unknown(0xb30d9965) (QTypeInt) : 0
14:34:40 INFO  [GH3]:   Unknown(0x40c698af) (QTypeQbKey) : 0x99747591
14:34:40 INFO  [GH3]: }
14:34:40 INFO  [GH3]: {
14:34:40 INFO  [GH3]:   Unknown(0xb30d9965) (QTypeInt) : 0
14:34:40 INFO  [GH3]:   Unknown(0x40c698af) (QTypeQbKey) : 0x7ecc5896
14:34:40 INFO  [GH3]: }
14:34:41 INFO  [GH3]: {
14:34:41 INFO  [GH3]:   Unknown(0xb30d9965) (QTypeInt) : 0
14:34:41 INFO  [GH3]:   Unknown(0x40c698af) (QTypeQbKey) : 0x690ce1e5
14:34:41 INFO  [GH3]: }
14:34:41 INFO  [GH3]: {
14:34:41 INFO  [GH3]:   Unknown(0xb30d9965) (QTypeInt) : 0
14:34:41 INFO  [GH3]:   Unknown(0x40c698af) (QTypeQbKey) : 0x870280c9
14:34:41 INFO  [GH3]: }
14:34:41 INFO  [GH3]: {
14:34:41 INFO  [GH3]:   Unknown(0xb30d9965) (QTypeInt) : 0
14:34:41 INFO  [GH3]:   Unknown(0x40c698af) (QTypeQbKey) : 0x6e6125fc
14:34:41 INFO  [GH3]: }
14:34:41 INFO  [GH3]: {
14:34:41 INFO  [GH3]:   Unknown(0xb30d9965) (QTypeInt) : 0
14:34:41 INFO  [GH3]:   Unknown(0x40c698af) (QTypeQbKey) : 0x806f44d0
14:34:41 INFO  [GH3]: }
14:34:41 INFO  [GH3]: {
14:34:41 INFO  [GH3]:   Unknown(0xb30d9965) (QTypeInt) : 0
14:34:41 INFO  [GH3]:   Unknown(0x40c698af) (QTypeQbKey) : 0xf7687446
14:34:41 INFO  [GH3]: }
14:34:41 INFO  [GH3]: {
14:34:41 INFO  [GH3]:   Unknown(0xb30d9965) (QTypeInt) : 0
14:34:41 INFO  [GH3]:   Unknown(0x40c698af) (QTypeQbKey) : 0xf7687446
14:34:41 INFO  [GH3]: }
14:34:41 INFO  [GH3]: {
14:34:41 INFO  [GH3]:   Unknown(0xb30d9965) (QTypeInt) : 0
14:34:41 INFO  [GH3]:   Unknown(0x40c698af) (QTypeQbKey) : 0xf7687446
14:34:41 INFO  [GH3]: }
14:34:41 INFO  [GH3]: {
14:34:41 INFO  [GH3]:   Unknown(0xb30d9965) (QTypeInt) : 0
14:34:41 INFO  [GH3]:   Unknown(0x40c698af) (QTypeQbKey) : 0xf7687446
14:34:41 INFO  [GH3]: }
14:34:41 INFO  [GH3]: {
14:34:41 INFO  [GH3]:   Unknown(0xb30d9965) (QTypeInt) : 0
14:34:41 INFO  [GH3]:   Unknown(0x40c698af) (QTypeQbKey) : 0xf7687446
14:34:41 INFO  [GH3]: }
14:34:43 INFO  [GH3]: {
14:34:43 INFO  [GH3]:   Unknown(0x40c698af) (QTypeQbKey) : 0x9a17ba07
14:34:43 INFO  [GH3]: }
14:34:43 INFO  [GH3]: {
14:34:43 INFO  [GH3]:   Unknown(0x40c698af) (QTypeQbKey) : 0x96dd1290
14:34:43 INFO  [GH3]: }
14:34:46 INFO  [GH3]: {
14:34:46 INFO  [GH3]:   Unknown(0x69d0dfaf) (QTypeInt) : 0
14:34:46 INFO  [GH3]:   Unknown(0x26bf66f3) (QTypeQbStruct) : 
14:34:46 INFO  [GH3]: 	{
14:34:46 INFO  [GH3]: 	  Unknown(0xc4745838) (QTypeStringPointer) : (not implemented, please report this to Vultu with your code!)
14:34:46 INFO  [GH3]: 	}
14:34:46 INFO  [GH3]:   Unknown(0xe787d761) (QTypePair) : (640, 490)
14:34:46 INFO  [GH3]:   Unknown(0xad8a5a63) (QTypePair) : (288, 64)
14:34:46 INFO  [GH3]:   Unknown(0x2fca0578) (QTypeQbArray) : Type:"QTypeQbArray" Size:1104227424
14:34:46 INFO  [GH3]: }
