14:43:11 INFO  [Nylon]: Wine was not detected. Assuming we are running on a Windows NT OS Please report this if this detection is an error.
14:43:11 INFO  [Nylon]: Minhook initialized!
14:43:11 INFO  [Nylon]: Setting up default hooks...
14:43:11 INFO  [Nylon]: Hooked function at address: 0x770689E0
14:43:11 INFO  [Nylon]: Hooked function at address: 0x77068320
14:43:11 INFO  [Nylon]: Hooked function at address: 0x77062520
14:43:11 INFO  [Nylon]: Hooked function at address: 0x00530970
14:43:12 INFO  [Nylon]: Hooked function at address: 0x00530940
14:43:12 INFO  [Nylon]: Hooked function at address: 0x004A1780
14:43:12 INFO  [Nylon]: Hooked function at address: 0x00472B50
14:43:12 INFO  [Nylon]: Hooked function at address: 0x0057B940
14:43:12 INFO  [Nylon]: Hooked function at address: 0x00601D30
14:43:12 INFO  [Nylon]: Hooked function at address: 0x0047DFA0
14:43:12 INFO  [Nylon]: Hooked function at address: 0x0057AE20
14:43:12 INFO  [Nylon]: Hooked function at address: 0x00D94EE8
14:43:12 INFO  [Nylon]: Hooked function at address: 0x004A6820
14:43:12 INFO  [Nylon]: Hooked function at address: 0x0047E5B0
14:43:12 INFO  [Nylon]: Finished setting up default hooks.
14:43:12 INFO  [Nylon]: Loading mods...
14:43:12 INFO  [Nylon]: Loading mods from: "C:\Games\Guitar Hero III\nylon\Mods"
14:43:12 INFO  [Nylon]: Checking for: "C:\Games\Guitar Hero III\nylon\Mods\GH3Deluxe\modinfo.json"...
14:43:12 INFO  [Nylon]: Loading...
14:43:12 INFO  [Nylon]: Found mod: gh3dx
14:43:12 INFO  [Nylon]: Finished loading mods.
14:43:12 INFO  [Nylon]: Finished Core Initialization!
14:43:13 INFO  [Nylon]: Expecting: "GH3Deluxe\pak\gh3dx.pak"
14:43:13 INFO  [Nylon]: Found it! Loading...
14:43:13 INFO  [Nylon]: Done!
14:43:13 INFO  [Nylon]: Hooking DirectX 9...
14:43:13 INFO  [Nylon]: Hooked function at address: 0x63116500
14:43:13 INFO  [Nylon]: Hooked function at address: 0x63116120
14:43:13 INFO  [Nylon]: Hooked function at address: 0x5935B040
14:43:13 ERROR [Nylon]: Failed to hook function at address: 0x5935B040 Error Code: 3
14:43:13 INFO  [Nylon]: Finished hooking DirectX 9.
14:43:13 INFO  [Nylon]: Hooked function at address: 0x5935C550
14:43:13 ERROR [Nylon]: Failed to hook function at address: 0x5935C550 Error Code: 3
14:43:14 INFO  [Nylon]: KeyboardSetCooperativeLevel -> 6
14:43:14 INFO  [Nylon]: KeyboardSetCooperativeLevel -> 5
14:43:16 INFO  [GH3]: {
14:43:16 INFO  [GH3]:   Unknown(0x69d0dfaf) (QTypeInt) : 0
14:43:16 INFO  [GH3]:   Unknown(0xd4c98794) (QTypeWString) : "CHECKING..."
14:43:16 INFO  [GH3]:   Unknown(0x26bf66f3) (QTypeQbStruct) : 
14:43:16 INFO  [GH3]: 	{
14:43:16 INFO  [GH3]: 	  Unknown(0xc4745838) (QTypeWString) : "Checking storage device..."
14:43:16 INFO  [GH3]: 	}
14:43:16 INFO  [GH3]: }
14:43:16 INFO  [GH3]: {
14:43:16 INFO  [GH3]:   Unknown(0x69d0dfaf) (QTypeInt) : 0
14:43:16 INFO  [GH3]:   Unknown(0xd4c98794) (QTypeWString) : "SUCCESSFUL"
14:43:16 INFO  [GH3]:   Unknown(0x26bf66f3) (QTypeQbStruct) : 
14:43:16 INFO  [GH3]: 	{
14:43:16 INFO  [GH3]: 	  Unknown(0xc4745838) (QTypeWString) : "Load successful."
14:43:16 INFO  [GH3]: 	}
14:43:16 INFO  [GH3]: }
14:43:20 INFO  [GH3]: {
14:43:20 INFO  [GH3]:   Unknown(0x7323e97c) (QTypeQbArray) : Type:"QTypeQbArray" Size:1109265952
14:43:20 INFO  [GH3]: }
14:43:20 INFO  [GH3]: {
14:43:20 INFO  [GH3]:   Unknown(0x40c698af) (QTypeQbKey) : 0x9049265a
14:43:20 INFO  [GH3]: }
14:43:21 INFO  [GH3]: {
14:43:21 INFO  [GH3]:   Unknown(0x00000000) (QTypeQbKey) : 0x6086aa70
14:43:21 INFO  [GH3]:   Unknown(0x520c0c9c) (QTypeQbKey) : 0x806fff30
14:43:21 INFO  [GH3]:   Unknown(0x26861025) (QTypeQbKey) : 0x0000
14:43:21 INFO  [GH3]:   Unknown(0xec953eec) (QTypeInt) : 0
14:43:21 INFO  [GH3]: }
14:43:24 INFO  [GH3]: {
14:43:24 INFO  [GH3]:   Unknown(0x40c698af) (QTypeQbKey) : 0x9eb49e3b
14:43:24 INFO  [GH3]: }
14:43:25 INFO  [GH3]: {
14:43:25 INFO  [GH3]:   Unknown(0x40c698af) (QTypeQbKey) : 0x9a17ba07
14:43:25 INFO  [GH3]: }
14:43:25 INFO  [GH3]: {
14:43:25 INFO  [GH3]:   Unknown(0x40c698af) (QTypeQbKey) : 0x7419db2b
14:43:25 INFO  [GH3]: }
14:43:25 INFO  [GH3]: {
14:43:25 INFO  [GH3]:   Unknown(0x40c698af) (QTypeQbKey) : 0x9d7a7e1e
14:43:25 INFO  [GH3]: }
14:43:25 INFO  [GH3]: {
14:43:25 INFO  [GH3]:   Unknown(0x40c698af) (QTypeQbKey) : 0x73741f32
14:43:25 INFO  [GH3]: }
14:43:26 INFO  [GH3]: {
14:43:26 INFO  [GH3]:   Unknown(0xb30d9965) (QTypeInt) : 0
14:43:26 INFO  [GH3]:   Unknown(0x40c698af) (QTypeQbKey) : 0x3dbdd789
14:43:26 INFO  [GH3]: }
14:43:26 INFO  [GH3]: {
14:43:26 INFO  [GH3]:   Unknown(0xb30d9965) (QTypeInt) : 0
14:43:26 INFO  [GH3]:   Unknown(0x40c698af) (QTypeQbKey) : 0xd4de72bc
14:43:26 INFO  [GH3]: }
14:43:26 INFO  [GH3]: {
14:43:26 INFO  [GH3]:   Unknown(0xb30d9965) (QTypeInt) : 0
14:43:26 INFO  [GH3]:   Unknown(0x40c698af) (QTypeQbKey) : 0x3ad01390
14:43:26 INFO  [GH3]: }
14:43:26 INFO  [GH3]: {
14:43:26 INFO  [GH3]:   Unknown(0xb30d9965) (QTypeInt) : 0
14:43:26 INFO  [GH3]:   Unknown(0x40c698af) (QTypeQbKey) : 0xdd683e97
14:43:26 INFO  [GH3]: }
14:43:26 INFO  [GH3]: {
14:43:26 INFO  [GH3]:   Unknown(0xb30d9965) (QTypeInt) : 0
14:43:26 INFO  [GH3]:   Unknown(0x40c698af) (QTypeQbKey) : 0xf89ee566
14:43:26 INFO  [GH3]: }
14:43:26 INFO  [GH3]: {
14:43:26 INFO  [GH3]:   Unknown(0xb30d9965) (QTypeInt) : 0
14:43:26 INFO  [GH3]:   Unknown(0x40c698af) (QTypeQbKey) : 0x1690844a
14:43:26 INFO  [GH3]: }
14:43:26 INFO  [GH3]: {
14:43:26 INFO  [GH3]:   Unknown(0xb30d9965) (QTypeInt) : 0
14:43:26 INFO  [GH3]:   Unknown(0x40c698af) (QTypeQbKey) : 0xfff3217f
14:43:26 INFO  [GH3]: }
14:43:26 INFO  [GH3]: {
14:43:26 INFO  [GH3]:   Unknown(0xb30d9965) (QTypeInt) : 0
14:43:26 INFO  [GH3]:   Unknown(0x40c698af) (QTypeQbKey) : 0x11fd4053
14:43:26 INFO  [GH3]: }
14:43:26 INFO  [GH3]: {
14:43:26 INFO  [GH3]:   Unknown(0xb30d9965) (QTypeInt) : 0
14:43:26 INFO  [GH3]:   Unknown(0x40c698af) (QTypeQbKey) : 0xf6456d54
14:43:26 INFO  [GH3]: }
14:43:26 INFO  [GH3]: {
14:43:26 INFO  [GH3]:   Unknown(0xb30d9965) (QTypeInt) : 0
14:43:26 INFO  [GH3]:   Unknown(0x40c698af) (QTypeQbKey) : 0xe185d427
14:43:26 INFO  [GH3]: }
14:43:26 INFO  [GH3]: {
14:43:26 INFO  [GH3]:   Unknown(0xb30d9965) (QTypeInt) : 0
14:43:26 INFO  [GH3]:   Unknown(0x40c698af) (QTypeQbKey) : 0xf8bb50b
14:43:26 INFO  [GH3]: }
14:43:26 INFO  [GH3]: {
14:43:26 INFO  [GH3]:   Unknown(0xb30d9965) (QTypeInt) : 0
14:43:26 INFO  [GH3]:   Unknown(0x40c698af) (QTypeQbKey) : 0xe6e8103e
14:43:26 INFO  [GH3]: }
14:43:26 INFO  [GH3]: {
14:43:26 INFO  [GH3]:   Unknown(0xb30d9965) (QTypeInt) : 0
14:43:26 INFO  [GH3]:   Unknown(0x40c698af) (QTypeQbKey) : 0x8e67112
14:43:26 INFO  [GH3]: }
14:43:26 INFO  [GH3]: {
14:43:26 INFO  [GH3]:   Unknown(0xb30d9965) (QTypeInt) : 0
14:43:26 INFO  [GH3]:   Unknown(0x40c698af) (QTypeQbKey) : 0xef5e5c15
14:43:26 INFO  [GH3]: }
14:43:26 INFO  [GH3]: {
14:43:26 INFO  [GH3]:   Unknown(0xb30d9965) (QTypeInt) : 0
14:43:26 INFO  [GH3]:   Unknown(0x40c698af) (QTypeQbKey) : 0x661dc8e8
14:43:26 INFO  [GH3]: }
14:43:26 INFO  [GH3]: {
14:43:26 INFO  [GH3]:   Unknown(0xb30d9965) (QTypeInt) : 0
14:43:26 INFO  [GH3]:   Unknown(0x40c698af) (QTypeQbKey) : 0x8813a9c4
14:43:26 INFO  [GH3]: }
14:43:26 INFO  [GH3]: {
14:43:26 INFO  [GH3]:   Unknown(0xb30d9965) (QTypeInt) : 0
14:43:26 INFO  [GH3]:   Unknown(0x40c698af) (QTypeQbKey) : 0x61700cf1
14:43:26 INFO  [GH3]: }
14:43:26 INFO  [GH3]: {
14:43:26 INFO  [GH3]:   Unknown(0xb30d9965) (QTypeInt) : 0
14:43:26 INFO  [GH3]:   Unknown(0x40c698af) (QTypeQbKey) : 0x8f7e6ddd
14:43:26 INFO  [GH3]: }
14:43:29 INFO  [GH3]: {
14:43:29 INFO  [GH3]:   Unknown(0xb30d9965) (QTypeInt) : 0
14:43:29 INFO  [GH3]:   Unknown(0x40c698af) (QTypeQbKey) : 0x61700cf1
14:43:29 INFO  [GH3]: }
14:43:31 INFO  [GH3]: {
14:43:31 INFO  [GH3]:   Unknown(0xb30d9965) (QTypeInt) : 0
14:43:31 INFO  [GH3]:   Unknown(0x40c698af) (QTypeQbKey) : 0x8813a9c4
14:43:31 INFO  [GH3]: }
14:43:32 INFO  [GH3]: {
14:43:32 INFO  [GH3]:   Unknown(0xb30d9965) (QTypeInt) : 0
14:43:32 INFO  [GH3]:   Unknown(0x40c698af) (QTypeQbKey) : 0x661dc8e8
14:43:32 INFO  [GH3]: }
14:43:35 INFO  [GH3]: {
14:43:35 INFO  [GH3]:   Unknown(0xb30d9965) (QTypeInt) : 0
14:43:35 INFO  [GH3]:   Unknown(0x40c698af) (QTypeQbKey) : 0xef5e5c15
14:43:35 INFO  [GH3]: }
14:43:37 INFO  [GH3]: {
14:43:37 INFO  [GH3]:   Unknown(0x83aaa1a0) (QTypeQbKey) : 0xeb323e20
14:43:37 INFO  [GH3]:   Unknown(0xdb616875) (QTypeInt) : 6
14:43:37 INFO  [GH3]:   Unknown(0xd8f1a5c6) (QTypeQbKey) : 0x10057316
14:43:37 INFO  [GH3]:   Unknown(0xb7822ed8) (QTypeInt) : 4
14:43:37 INFO  [GH3]:   Unknown(0xcc12115e) (QTypeQbKey) : 0x7eb31858
14:43:37 INFO  [GH3]:   Unknown(0x8a4c762d) (QTypeQbKey) : 0xc5fe8c5
14:43:37 INFO  [GH3]: }
14:43:37 INFO  [GH3]: {
14:43:37 INFO  [GH3]:   Unknown(0x00000000) (QTypeQbKey) : 0xff03cc4e
14:43:37 INFO  [GH3]:   Unknown(0x520c0c9c) (QTypeQbKey) : 0x806fff30
14:43:37 INFO  [GH3]:   Unknown(0x26861025) (QTypeQbKey) : 0x0000
14:43:37 INFO  [GH3]:   Unknown(0xec953eec) (QTypeInt) : 0
14:43:37 INFO  [GH3]: }
14:43:37 INFO  [GH3]: {
14:43:37 INFO  [GH3]:   Unknown(0x83aaa1a0) (QTypeQbKey) : 0xeb323e20
14:43:37 INFO  [GH3]:   Unknown(0xdb616875) (QTypeInt) : 6
14:43:37 INFO  [GH3]:   Unknown(0xd8f1a5c6) (QTypeQbKey) : 0x10057316
14:43:37 INFO  [GH3]:   Unknown(0xb7822ed8) (QTypeInt) : 4
14:43:37 INFO  [GH3]:   Unknown(0xcc12115e) (QTypeQbKey) : 0x7eb31858
14:43:37 INFO  [GH3]:   Unknown(0x8a4c762d) (QTypeQbKey) : 0xc5fe8c5
14:43:37 INFO  [GH3]: }
14:43:37 INFO  [GH3]: {
14:43:37 INFO  [GH3]:   Unknown(0x7321a8d6) (QTypeQbKey) : 0xe5fa3adf
14:43:37 INFO  [GH3]: }
14:43:37 INFO  [GH3]: {
14:43:37 INFO  [GH3]:   Unknown(0x00000000) (QTypeQbKey) : 0x6086aa70
14:43:37 INFO  [GH3]:   Unknown(0x520c0c9c) (QTypeQbKey) : 0x806fff30
14:43:37 INFO  [GH3]:   Unknown(0x26861025) (QTypeQbKey) : 0x0000
14:43:37 INFO  [GH3]:   Unknown(0xec953eec) (QTypeInt) : 0
14:43:37 INFO  [GH3]: }
14:43:38 INFO  [GH3]: {
14:43:38 INFO  [GH3]:   Unknown(0x00000000) (QTypeQbKey) : 0x6086aa70
14:43:38 INFO  [GH3]:   Unknown(0x520c0c9c) (QTypeQbKey) : 0x806fff30
14:43:38 INFO  [GH3]:   Unknown(0x26861025) (QTypeQbKey) : 0x0000
14:43:38 INFO  [GH3]:   Unknown(0xec953eec) (QTypeInt) : 0
14:43:38 INFO  [GH3]: }
14:43:38 INFO  [GH3]: {
14:43:38 INFO  [GH3]:   Unknown(0x00000000) (QTypeQbKey) : 0x6086aa70
14:43:38 INFO  [GH3]:   Unknown(0x520c0c9c) (QTypeQbKey) : 0x806fff30
14:43:38 INFO  [GH3]:   Unknown(0x26861025) (QTypeQbKey) : 0x0000
14:43:38 INFO  [GH3]:   Unknown(0xec953eec) (QTypeInt) : 0
14:43:38 INFO  [GH3]: }
14:43:38 INFO  [GH3]: {
14:43:38 INFO  [GH3]:   Unknown(0x00000000) (QTypeQbKey) : 0x6086aa70
14:43:38 INFO  [GH3]:   Unknown(0x520c0c9c) (QTypeQbKey) : 0x806fff30
14:43:38 INFO  [GH3]:   Unknown(0x26861025) (QTypeQbKey) : 0x0000
14:43:38 INFO  [GH3]:   Unknown(0xec953eec) (QTypeInt) : 0
14:43:38 INFO  [GH3]: }
14:43:38 INFO  [GH3]: {
14:43:38 INFO  [GH3]:   Unknown(0x00000000) (QTypeQbKey) : 0x6086aa70
14:43:38 INFO  [GH3]:   Unknown(0x520c0c9c) (QTypeQbKey) : 0x806fff30
14:43:38 INFO  [GH3]:   Unknown(0x26861025) (QTypeQbKey) : 0x0000
14:43:38 INFO  [GH3]:   Unknown(0xec953eec) (QTypeInt) : 0
14:43:38 INFO  [GH3]: }
14:43:38 INFO  [GH3]: {
14:43:38 INFO  [GH3]:   Unknown(0x00000000) (QTypeQbKey) : 0x6086aa70
14:43:38 INFO  [GH3]:   Unknown(0x520c0c9c) (QTypeQbKey) : 0x806fff30
14:43:38 INFO  [GH3]:   Unknown(0x26861025) (QTypeQbKey) : 0x0000
14:43:38 INFO  [GH3]:   Unknown(0xec953eec) (QTypeInt) : 0
14:43:38 INFO  [GH3]: }
14:43:38 INFO  [GH3]: {
14:43:38 INFO  [GH3]:   Unknown(0x00000000) (QTypeQbKey) : 0x6086aa70
14:43:38 INFO  [GH3]:   Unknown(0x520c0c9c) (QTypeQbKey) : 0x806fff30
14:43:38 INFO  [GH3]:   Unknown(0x26861025) (QTypeQbKey) : 0x0000
14:43:38 INFO  [GH3]:   Unknown(0xec953eec) (QTypeInt) : 0
14:43:38 INFO  [GH3]: }
14:43:38 INFO  [GH3]: {
14:43:38 INFO  [GH3]:   Unknown(0x00000000) (QTypeQbKey) : 0x6086aa70
14:43:38 INFO  [GH3]:   Unknown(0x520c0c9c) (QTypeQbKey) : 0x806fff30
14:43:38 INFO  [GH3]:   Unknown(0x26861025) (QTypeQbKey) : 0x0000
14:43:38 INFO  [GH3]:   Unknown(0xec953eec) (QTypeInt) : 0
14:43:38 INFO  [GH3]: }
14:43:38 INFO  [GH3]: {
14:43:38 INFO  [GH3]:   Unknown(0x00000000) (QTypeQbKey) : 0x6086aa70
14:43:38 INFO  [GH3]:   Unknown(0x520c0c9c) (QTypeQbKey) : 0x806fff30
14:43:38 INFO  [GH3]:   Unknown(0x26861025) (QTypeQbKey) : 0x0000
14:43:38 INFO  [GH3]:   Unknown(0xec953eec) (QTypeInt) : 0
14:43:38 INFO  [GH3]: }
14:43:38 INFO  [GH3]: {
14:43:38 INFO  [GH3]:   Unknown(0x00000000) (QTypeQbKey) : 0x6086aa70
14:43:38 INFO  [GH3]:   Unknown(0x520c0c9c) (QTypeQbKey) : 0x806fff30
14:43:38 INFO  [GH3]:   Unknown(0x26861025) (QTypeQbKey) : 0x0000
14:43:38 INFO  [GH3]:   Unknown(0xec953eec) (QTypeInt) : 0
14:43:38 INFO  [GH3]: }
14:43:40 INFO  [GH3]: {
14:43:40 INFO  [GH3]:   Unknown(0x26bf66f3) (QTypeQbStruct) : 
14:43:40 INFO  [GH3]: 	{
14:43:40 INFO  [GH3]: 	  Unknown(0xc4745838) (QTypeWString) : "Your progress in this song will be lost if you exit to Practice now. Exit?"
14:43:40 INFO  [GH3]: 	  Unknown(0x34a68574) (QTypePair) : (600, 400)
14:43:40 INFO  [GH3]: 	  Unknown(0x13b9da7b) (QTypeFloat) : 0.6
14:43:40 INFO  [GH3]: 	}
14:43:40 INFO  [GH3]:   Unknown(0x69d0dfaf) (QTypeInt) : 0
14:43:40 INFO  [GH3]:   Unknown(0x00000000) (QTypeQbKey) : 0xeafc692e
14:43:40 INFO  [GH3]:   Unknown(0xe787d761) (QTypePair) : (640, 480)
14:43:40 INFO  [GH3]:   Unknown(0xad8a5a63) (QTypePair) : (600, 80)
14:43:40 INFO  [GH3]:   Unknown(0x2fca0578) (QTypeQbArray) : Type:"QTypeQbArray" Size:1376137200
14:43:40 INFO  [GH3]: }
14:43:47 INFO  [GH3]: {
14:43:47 INFO  [GH3]:   Unknown(0x83aaa1a0) (QTypeQbKey) : 0xeb323e20
14:43:47 INFO  [GH3]:   Unknown(0xdb616875) (QTypeInt) : 6
14:43:47 INFO  [GH3]:   Unknown(0xd8f1a5c6) (QTypeQbKey) : 0x10057316
14:43:47 INFO  [GH3]:   Unknown(0xb7822ed8) (QTypeInt) : 4
14:43:47 INFO  [GH3]:   Unknown(0xcc12115e) (QTypeQbKey) : 0x7eb31858
14:43:47 INFO  [GH3]:   Unknown(0x8a4c762d) (QTypeQbKey) : 0xc5fe8c5
14:43:47 INFO  [GH3]: }
14:43:47 INFO  [GH3]: {
14:43:47 INFO  [GH3]:   Unknown(0x83aaa1a0) (QTypeQbKey) : 0xeb323e20
14:43:47 INFO  [GH3]:   Unknown(0xdb616875) (QTypeInt) : 6
14:43:47 INFO  [GH3]:   Unknown(0xd8f1a5c6) (QTypeQbKey) : 0x10057316
14:43:47 INFO  [GH3]:   Unknown(0xb7822ed8) (QTypeInt) : 4
14:43:47 INFO  [GH3]:   Unknown(0xcc12115e) (QTypeQbKey) : 0x7eb31858
14:43:47 INFO  [GH3]:   Unknown(0x8a4c762d) (QTypeQbKey) : 0xc5fe8c5
14:43:47 INFO  [GH3]: }
14:43:47 INFO  [GH3]: {
14:43:47 INFO  [GH3]:   Unknown(0x7321a8d6) (QTypeQbKey) : 0xbbda0406
14:43:47 INFO  [GH3]: }
14:44:32 INFO  [GH3]: {
14:44:32 INFO  [GH3]:   Unknown(0x26bf66f3) (QTypeQbStruct) : 
14:44:32 INFO  [GH3]: 	{
14:44:32 INFO  [GH3]: 	  Unknown(0xc4745838) (QTypeWString) : "You will lose all unsaved progress if you quit. Are you sure you want to quit this song?"
14:44:32 INFO  [GH3]: 	  Unknown(0x34a68574) (QTypePair) : (600, 400)
14:44:32 INFO  [GH3]: 	  Unknown(0x13b9da7b) (QTypeFloat) : 0.6
14:44:32 INFO  [GH3]: 	}
14:44:32 INFO  [GH3]:   Unknown(0x69d0dfaf) (QTypeInt) : 0
14:44:32 INFO  [GH3]:   Unknown(0x00000000) (QTypeQbKey) : 0xeafc692e
14:44:32 INFO  [GH3]:   Unknown(0xe787d761) (QTypePair) : (640, 480)
14:44:32 INFO  [GH3]:   Unknown(0xad8a5a63) (QTypePair) : (600, 80)
14:44:32 INFO  [GH3]:   Unknown(0x2fca0578) (QTypeQbArray) : Type:"QTypeQbArray" Size:1376152080
14:44:32 INFO  [GH3]: }
