16:00:15 INFO  [Nylon]: Wine was not detected. Assuming we are running on a Windows NT OS Please report this if this detection is an error.
16:00:15 INFO  [Nylon]: Minhook initialized!
16:00:15 INFO  [Nylon]: Setting up default hooks...
16:00:15 INFO  [Nylon]: Hooked function at address: 0x770689E0
16:00:15 INFO  [Nylon]: Hooked function at address: 0x77068320
16:00:15 INFO  [Nylon]: Hooked function at address: 0x77062520
16:00:15 INFO  [Nylon]: Hooked function at address: 0x00530970
16:00:15 INFO  [Nylon]: Hooked function at address: 0x00530940
16:00:15 INFO  [Nylon]: Hooked function at address: 0x004A1780
16:00:15 INFO  [Nylon]: Hooked function at address: 0x00472B50
16:00:15 INFO  [Nylon]: Hooked function at address: 0x0057B940
16:00:16 INFO  [Nylon]: Hooked function at address: 0x00601D30
16:00:16 INFO  [Nylon]: Hooked function at address: 0x0047DFA0
16:00:16 INFO  [Nylon]: Hooked function at address: 0x0057AE20
16:00:16 INFO  [Nylon]: Hooked function at address: 0x00D94EE8
16:00:16 INFO  [Nylon]: Hooked function at address: 0x004A6820
16:00:16 INFO  [Nylon]: Hooked function at address: 0x0047E5B0
16:00:16 INFO  [Nylon]: Finished setting up default hooks.
16:00:16 INFO  [Nylon]: Loading mods...
16:00:16 INFO  [Nylon]: Loading mods from: "C:\Games\Guitar Hero III\nylon\Mods"
16:00:16 INFO  [Nylon]: Checking for: "C:\Games\Guitar Hero III\nylon\Mods\GH3Deluxe\modinfo.json"...
16:00:16 INFO  [Nylon]: Loading...
16:00:16 INFO  [Nylon]: Found mod: gh3dx
16:00:16 INFO  [Nylon]: Finished loading mods.
16:00:16 INFO  [Nylon]: Finished Core Initialization!
16:00:17 INFO  [Nylon]: Expecting: "GH3Deluxe\pak\gh3dx.pak"
16:00:17 INFO  [Nylon]: Found it! Loading...
16:00:17 INFO  [Nylon]: Done!
16:00:17 INFO  [Nylon]: Hooking DirectX 9...
16:00:17 INFO  [Nylon]: Hooked function at address: 0x5A706500
16:00:17 INFO  [Nylon]: Hooked function at address: 0x5A706120
16:00:17 INFO  [Nylon]: Hooked function at address: 0x7B1AB040
16:00:17 ERROR [Nylon]: Failed to hook function at address: 0x7B1AB040 Error Code: 3
16:00:17 INFO  [Nylon]: Finished hooking DirectX 9.
16:00:17 INFO  [Nylon]: Hooked function at address: 0x7B1AC550
16:00:17 ERROR [Nylon]: Failed to hook function at address: 0x7B1AC550 Error Code: 3
16:00:18 INFO  [Nylon]: KeyboardSetCooperativeLevel -> 6
16:00:18 INFO  [Nylon]: KeyboardSetCooperativeLevel -> 5
16:00:20 INFO  [GH3]: {
16:00:20 INFO  [GH3]:   Unknown(0x69d0dfaf) (QTypeInt) : 0
16:00:20 INFO  [GH3]:   Unknown(0xd4c98794) (QTypeWString) : "CHECKING..."
16:00:20 INFO  [GH3]:   Unknown(0x26bf66f3) (QTypeQbStruct) : 
16:00:20 INFO  [GH3]: 	{
16:00:20 INFO  [GH3]: 	  Unknown(0xc4745838) (QTypeWString) : "Checking storage device..."
16:00:20 INFO  [GH3]: 	}
16:00:20 INFO  [GH3]: }
16:00:20 INFO  [GH3]: {
16:00:20 INFO  [GH3]:   Unknown(0x69d0dfaf) (QTypeInt) : 0
16:00:20 INFO  [GH3]:   Unknown(0x26bf66f3) (QTypeQbStruct) : 
16:00:20 INFO  [GH3]: 	{
16:00:20 INFO  [GH3]: 	  Unknown(0xc4745838) (QTypeWString) : "Game content is damaged and cannot be used. Do you want to delete this content? All progress within this save content will be lost."
16:00:20 INFO  [GH3]: 	  Unknown(0x34a68574) (QTypePair) : (800, 500)
16:00:20 INFO  [GH3]: 	  Unknown(0x7f261953) (QTypePair) : (640, 375)
16:00:20 INFO  [GH3]: 	  Unknown(0x13b9da7b) (QTypeFloat) : 0.5
16:00:20 INFO  [GH3]: 	}
16:00:20 INFO  [GH3]:   Unknown(0xe787d761) (QTypePair) : (640, 465)
16:00:20 INFO  [GH3]:   Unknown(0xad8a5a63) (QTypePair) : (256, 64)
16:00:20 INFO  [GH3]:   Unknown(0x2fca0578) (QTypeQbArray) : Type:"QTypeQbArray" Size:1099481632
16:00:20 INFO  [GH3]: }
16:00:20 INFO  [GH3]: {
16:00:20 INFO  [GH3]:   Unknown(0x69d0dfaf) (QTypeInt) : 0
16:00:20 INFO  [GH3]:   Unknown(0xd4c98794) (QTypeWString) : "SUCCESSFUL"
16:00:20 INFO  [GH3]:   Unknown(0x26bf66f3) (QTypeQbStruct) : 
16:00:20 INFO  [GH3]: 	{
16:00:20 INFO  [GH3]: 	  Unknown(0xc4745838) (QTypeWString) : "Load successful."
16:00:20 INFO  [GH3]: 	}
16:00:20 INFO  [GH3]: }
16:00:23 INFO  [GH3]: {
16:00:23 INFO  [GH3]:   Unknown(0x7323e97c) (QTypeQbArray) : Type:"QTypeQbArray" Size:1102156896
16:00:23 INFO  [GH3]: }
16:00:25 INFO  [GH3]: {
16:00:25 INFO  [GH3]:   Unknown(0x40c698af) (QTypeQbKey) : 0x739bcfc2
16:00:25 INFO  [GH3]: }
16:00:25 INFO  [GH3]: {
16:00:25 INFO  [GH3]:   Unknown(0x40c698af) (QTypeQbKey) : 0xed108a91
16:00:25 INFO  [GH3]: }
16:00:25 INFO  [GH3]: {
16:00:25 INFO  [GH3]:   Unknown(0xb30d9965) (QTypeInt) : 0
16:00:25 INFO  [GH3]:   Unknown(0x40c698af) (QTypeQbKey) : 0x3ad01390
16:00:25 INFO  [GH3]: }
16:00:25 INFO  [GH3]: {
16:00:25 INFO  [GH3]:   Unknown(0xb30d9965) (QTypeInt) : 0
16:00:25 INFO  [GH3]:   Unknown(0x40c698af) (QTypeQbKey) : 0xdd683e97
16:00:25 INFO  [GH3]: }
16:00:26 INFO  [GH3]: {
16:00:26 INFO  [GH3]:   Unknown(0xb30d9965) (QTypeInt) : 0
16:00:26 INFO  [GH3]:   Unknown(0x40c698af) (QTypeQbKey) : 0xf89ee566
16:00:26 INFO  [GH3]: }
16:00:26 INFO  [GH3]: {
16:00:26 INFO  [GH3]:   Unknown(0xb30d9965) (QTypeInt) : 0
16:00:26 INFO  [GH3]:   Unknown(0x40c698af) (QTypeQbKey) : 0x1690844a
16:00:26 INFO  [GH3]: }
16:00:26 INFO  [GH3]: {
16:00:26 INFO  [GH3]:   Unknown(0xb30d9965) (QTypeInt) : 0
16:00:26 INFO  [GH3]:   Unknown(0x40c698af) (QTypeQbKey) : 0xfff3217f
16:00:26 INFO  [GH3]: }
16:00:26 INFO  [GH3]: {
16:00:26 INFO  [GH3]:   Unknown(0xb30d9965) (QTypeInt) : 0
16:00:26 INFO  [GH3]:   Unknown(0x40c698af) (QTypeQbKey) : 0x11fd4053
16:00:26 INFO  [GH3]: }
16:00:27 INFO  [GH3]: {
16:00:27 INFO  [GH3]:   Unknown(0xb30d9965) (QTypeInt) : 0
16:00:27 INFO  [GH3]:   Unknown(0x40c698af) (QTypeQbKey) : 0xf6456d54
16:00:27 INFO  [GH3]: }
16:00:27 INFO  [GH3]: {
16:00:27 INFO  [GH3]:   Unknown(0xb30d9965) (QTypeInt) : 0
16:00:27 INFO  [GH3]:   Unknown(0x40c698af) (QTypeQbKey) : 0xe185d427
16:00:27 INFO  [GH3]: }
16:00:27 INFO  [GH3]: {
16:00:27 INFO  [GH3]:   Unknown(0xb30d9965) (QTypeInt) : 0
16:00:27 INFO  [GH3]:   Unknown(0x40c698af) (QTypeQbKey) : 0xf8bb50b
16:00:27 INFO  [GH3]: }
16:00:27 INFO  [GH3]: {
16:00:27 INFO  [GH3]:   Unknown(0xb30d9965) (QTypeInt) : 0
16:00:27 INFO  [GH3]:   Unknown(0x40c698af) (QTypeQbKey) : 0xe6e8103e
16:00:27 INFO  [GH3]: }
16:00:27 INFO  [GH3]: {
16:00:27 INFO  [GH3]:   Unknown(0xb30d9965) (QTypeInt) : 0
16:00:27 INFO  [GH3]:   Unknown(0x40c698af) (QTypeQbKey) : 0x8e67112
16:00:27 INFO  [GH3]: }
16:00:27 INFO  [GH3]: {
16:00:27 INFO  [GH3]:   Unknown(0xb30d9965) (QTypeInt) : 0
16:00:27 INFO  [GH3]:   Unknown(0x40c698af) (QTypeQbKey) : 0xef5e5c15
16:00:27 INFO  [GH3]: }
16:00:27 INFO  [GH3]: {
16:00:27 INFO  [GH3]:   Unknown(0xb30d9965) (QTypeInt) : 0
16:00:27 INFO  [GH3]:   Unknown(0x40c698af) (QTypeQbKey) : 0x661dc8e8
16:00:27 INFO  [GH3]: }
16:00:27 INFO  [GH3]: {
16:00:27 INFO  [GH3]:   Unknown(0xb30d9965) (QTypeInt) : 0
16:00:27 INFO  [GH3]:   Unknown(0x40c698af) (QTypeQbKey) : 0x8813a9c4
16:00:27 INFO  [GH3]: }
16:00:27 INFO  [GH3]: {
16:00:27 INFO  [GH3]:   Unknown(0xb30d9965) (QTypeInt) : 0
16:00:27 INFO  [GH3]:   Unknown(0x40c698af) (QTypeQbKey) : 0x61700cf1
16:00:27 INFO  [GH3]: }
16:00:28 INFO  [GH3]: {
16:00:28 INFO  [GH3]:   Unknown(0xb30d9965) (QTypeInt) : 0
16:00:28 INFO  [GH3]:   Unknown(0x40c698af) (QTypeQbKey) : 0x8f7e6ddd
16:00:28 INFO  [GH3]: }
16:00:28 INFO  [GH3]: {
16:00:28 INFO  [GH3]:   Unknown(0xb30d9965) (QTypeInt) : 0
16:00:28 INFO  [GH3]:   Unknown(0x40c698af) (QTypeQbKey) : 0x68c640da
16:00:28 INFO  [GH3]: }
16:00:28 INFO  [GH3]: {
16:00:28 INFO  [GH3]:   Unknown(0xb30d9965) (QTypeInt) : 0
16:00:28 INFO  [GH3]:   Unknown(0x40c698af) (QTypeQbKey) : 0x7f06f9a9
16:00:28 INFO  [GH3]: }
16:00:28 INFO  [GH3]: {
16:00:28 INFO  [GH3]:   Unknown(0xb30d9965) (QTypeInt) : 0
16:00:28 INFO  [GH3]:   Unknown(0x40c698af) (QTypeQbKey) : 0x91089885
16:00:28 INFO  [GH3]: }
16:00:28 INFO  [GH3]: {
16:00:28 INFO  [GH3]:   Unknown(0xb30d9965) (QTypeInt) : 0
16:00:28 INFO  [GH3]:   Unknown(0x40c698af) (QTypeQbKey) : 0xe60fa813
16:00:28 INFO  [GH3]: }
16:00:28 INFO  [GH3]: {
16:00:28 INFO  [GH3]:   Unknown(0xb30d9965) (QTypeInt) : 0
16:00:28 INFO  [GH3]:   Unknown(0x40c698af) (QTypeQbKey) : 0xe60fa813
16:00:28 INFO  [GH3]: }
16:00:28 INFO  [GH3]: {
16:00:28 INFO  [GH3]:   Unknown(0xb30d9965) (QTypeInt) : 0
16:00:28 INFO  [GH3]:   Unknown(0x40c698af) (QTypeQbKey) : 0xe60fa813
16:00:28 INFO  [GH3]: }
16:00:33 INFO  [GH3]: {
16:00:33 INFO  [GH3]:   Unknown(0x00000000) (QTypeQbKey) : 0xff03cc4e
16:00:33 INFO  [GH3]:   Unknown(0x520c0c9c) (QTypeQbKey) : 0x806fff30
16:00:33 INFO  [GH3]:   Unknown(0x26861025) (QTypeQbKey) : 0x0000
16:00:33 INFO  [GH3]:   Unknown(0xec953eec) (QTypeInt) : 0
16:00:33 INFO  [GH3]: }
16:00:33 INFO  [GH3]: {
16:00:33 INFO  [GH3]:   Unknown(0x83aaa1a0) (QTypeQbKey) : 0xeb323e20
16:00:33 INFO  [GH3]:   Unknown(0xdb616875) (QTypeInt) : 8
16:00:33 INFO  [GH3]:   Unknown(0xd8f1a5c6) (QTypeQbKey) : 0xf2937a7e
16:00:33 INFO  [GH3]:   Unknown(0xb7822ed8) (QTypeInt) : 4294967295
16:00:33 INFO  [GH3]:   Unknown(0xcc12115e) (QTypeQbKey) : 0x806fff30
16:00:33 INFO  [GH3]:   Unknown(0x8a4c762d) (QTypeQbKey) : 0x806fff30
16:00:33 INFO  [GH3]: }
16:00:33 INFO  [GH3]: {
16:00:33 INFO  [GH3]:   Unknown(0x7321a8d6) (QTypeQbKey) : 0xbbda0406
16:00:33 INFO  [GH3]: }
16:00:33 INFO  [GH3]: {
16:00:33 INFO  [GH3]:   Unknown(0x00000000) (QTypeQbKey) : 0x6086aa70
16:00:33 INFO  [GH3]:   Unknown(0x520c0c9c) (QTypeQbKey) : 0x806fff30
16:00:33 INFO  [GH3]:   Unknown(0x26861025) (QTypeQbKey) : 0x0000
16:00:33 INFO  [GH3]:   Unknown(0xec953eec) (QTypeInt) : 0
16:00:33 INFO  [GH3]: }
16:00:33 INFO  [GH3]: {
16:00:33 INFO  [GH3]:   Unknown(0x00000000) (QTypeQbKey) : 0x6086aa70
16:00:33 INFO  [GH3]:   Unknown(0x520c0c9c) (QTypeQbKey) : 0x806fff30
16:00:33 INFO  [GH3]:   Unknown(0x26861025) (QTypeQbKey) : 0x0000
16:00:33 INFO  [GH3]:   Unknown(0xec953eec) (QTypeInt) : 0
16:00:33 INFO  [GH3]: }
16:00:33 INFO  [GH3]: {
16:00:33 INFO  [GH3]:   Unknown(0x00000000) (QTypeQbKey) : 0x6086aa70
16:00:33 INFO  [GH3]:   Unknown(0x520c0c9c) (QTypeQbKey) : 0x806fff30
16:00:33 INFO  [GH3]:   Unknown(0x26861025) (QTypeQbKey) : 0x0000
16:00:33 INFO  [GH3]:   Unknown(0xec953eec) (QTypeInt) : 0
16:00:33 INFO  [GH3]: }
16:00:33 INFO  [GH3]: {
16:00:33 INFO  [GH3]:   Unknown(0x00000000) (QTypeQbKey) : 0x6086aa70
16:00:33 INFO  [GH3]:   Unknown(0x520c0c9c) (QTypeQbKey) : 0x806fff30
16:00:33 INFO  [GH3]:   Unknown(0x26861025) (QTypeQbKey) : 0x0000
16:00:33 INFO  [GH3]:   Unknown(0xec953eec) (QTypeInt) : 0
16:00:33 INFO  [GH3]: }
16:00:34 INFO  [GH3]: {
16:00:34 INFO  [GH3]:   Unknown(0x00000000) (QTypeQbKey) : 0x6086aa70
16:00:34 INFO  [GH3]:   Unknown(0x520c0c9c) (QTypeQbKey) : 0x806fff30
16:00:34 INFO  [GH3]:   Unknown(0x26861025) (QTypeQbKey) : 0x0000
16:00:34 INFO  [GH3]:   Unknown(0xec953eec) (QTypeInt) : 0
16:00:34 INFO  [GH3]: }
16:00:34 INFO  [GH3]: {
16:00:34 INFO  [GH3]:   Unknown(0x00000000) (QTypeQbKey) : 0x6086aa70
16:00:34 INFO  [GH3]:   Unknown(0x520c0c9c) (QTypeQbKey) : 0x806fff30
16:00:34 INFO  [GH3]:   Unknown(0x26861025) (QTypeQbKey) : 0x0000
16:00:34 INFO  [GH3]:   Unknown(0xec953eec) (QTypeInt) : 0
16:00:34 INFO  [GH3]: }
16:00:34 INFO  [GH3]: {
16:00:34 INFO  [GH3]:   Unknown(0x00000000) (QTypeQbKey) : 0x6086aa70
16:00:34 INFO  [GH3]:   Unknown(0x520c0c9c) (QTypeQbKey) : 0x806fff30
16:00:34 INFO  [GH3]:   Unknown(0x26861025) (QTypeQbKey) : 0x0000
16:00:34 INFO  [GH3]:   Unknown(0xec953eec) (QTypeInt) : 0
16:00:34 INFO  [GH3]: }
16:00:36 INFO  [GH3]: {
16:00:36 INFO  [GH3]:   Unknown(0x26bf66f3) (QTypeQbStruct) : 
16:00:36 INFO  [GH3]: 	{
16:00:36 INFO  [GH3]: 	  Unknown(0xc4745838) (QTypeWString) : "You will lose all unsaved progress if you restart. Are you sure you want to restart this song?"
16:00:36 INFO  [GH3]: 	  Unknown(0x34a68574) (QTypePair) : (600, 400)
16:00:36 INFO  [GH3]: 	  Unknown(0x13b9da7b) (QTypeFloat) : 0.6
16:00:36 INFO  [GH3]: 	}
16:00:36 INFO  [GH3]:   Unknown(0x69d0dfaf) (QTypeInt) : 0
16:00:36 INFO  [GH3]:   Unknown(0x00000000) (QTypeQbKey) : 0xeafc692e
16:00:36 INFO  [GH3]:   Unknown(0xe787d761) (QTypePair) : (640, 480)
16:00:36 INFO  [GH3]:   Unknown(0xad8a5a63) (QTypePair) : (600, 80)
16:00:36 INFO  [GH3]:   Unknown(0x2fca0578) (QTypeQbArray) : Type:"QTypeQbArray" Size:1729413584
16:00:36 INFO  [GH3]: }
16:00:36 INFO  [GH3]: {
16:00:36 INFO  [GH3]:   Unknown(0x83aaa1a0) (QTypeQbKey) : 0xeb323e20
16:00:36 INFO  [GH3]:   Unknown(0xdb616875) (QTypeInt) : 8
16:00:36 INFO  [GH3]:   Unknown(0xd8f1a5c6) (QTypeQbKey) : 0xf2937a7e
16:00:36 INFO  [GH3]:   Unknown(0xb7822ed8) (QTypeInt) : 4294967295
16:00:36 INFO  [GH3]:   Unknown(0xcc12115e) (QTypeQbKey) : 0x806fff30
16:00:36 INFO  [GH3]:   Unknown(0x8a4c762d) (QTypeQbKey) : 0x806fff30
16:00:36 INFO  [GH3]: }
16:00:36 INFO  [GH3]: {
16:00:36 INFO  [GH3]:   Unknown(0x83aaa1a0) (QTypeQbKey) : 0xeb323e20
16:00:36 INFO  [GH3]:   Unknown(0xdb616875) (QTypeInt) : 8
16:00:36 INFO  [GH3]:   Unknown(0xd8f1a5c6) (QTypeQbKey) : 0xf2937a7e
16:00:36 INFO  [GH3]:   Unknown(0xb7822ed8) (QTypeInt) : 4294967295
16:00:36 INFO  [GH3]:   Unknown(0xcc12115e) (QTypeQbKey) : 0x806fff30
16:00:36 INFO  [GH3]:   Unknown(0x8a4c762d) (QTypeQbKey) : 0x806fff30
16:00:36 INFO  [GH3]: }
16:00:36 INFO  [GH3]: {
16:00:36 INFO  [GH3]:   Unknown(0x2e41f796) (QTypeInt) : 3000
16:00:36 INFO  [GH3]:   Unknown(0x00000000) (QTypeQbKey) : 0xda99b63b
16:00:36 INFO  [GH3]: }
16:00:43 INFO  [GH3]: {
16:00:43 INFO  [GH3]:   Unknown(0x7323e97c) (QTypeQbArray) : Type:"QTypeQbArray" Size:1729439744
16:00:43 INFO  [GH3]: }
16:00:47 INFO  [GH3]: {
16:00:47 INFO  [GH3]:   Unknown(0x40c698af) (QTypeQbKey) : 0x54b037a4
16:00:47 INFO  [GH3]:   Unknown(0xcce57b1a) (QTypePair) : (512, 93)
16:00:47 INFO  [GH3]:   Unknown(0x3b15bf22) (QTypePair) : (190, 53)
16:00:47 INFO  [GH3]: }
16:00:48 INFO  [GH3]: {
16:00:48 INFO  [GH3]:   Unknown(0x40c698af) (QTypeQbKey) : 0xbabe5688
16:00:48 INFO  [GH3]:   Unknown(0xcce57b1a) (QTypePair) : (508, 178)
16:00:48 INFO  [GH3]:   Unknown(0x3b15bf22) (QTypePair) : (192, 52)
16:00:48 INFO  [GH3]: }
16:00:48 INFO  [GH3]: {
16:00:48 INFO  [GH3]:   Unknown(0x40c698af) (QTypeQbKey) : 0x53ddf3bd
16:00:48 INFO  [GH3]:   Unknown(0xcce57b1a) (QTypePair) : (500, 258)
16:00:48 INFO  [GH3]:   Unknown(0x3b15bf22) (QTypePair) : (186, 38)
16:00:48 INFO  [GH3]: }
16:00:48 INFO  [GH3]: {
16:00:48 INFO  [GH3]:   Unknown(0x40c698af) (QTypeQbKey) : 0xbdd39291
16:00:48 INFO  [GH3]:   Unknown(0xcce57b1a) (QTypePair) : (500, 348)
16:00:48 INFO  [GH3]:   Unknown(0x3b15bf22) (QTypePair) : (190, 50)
16:00:48 INFO  [GH3]: }
16:00:48 INFO  [GH3]: {
16:00:48 INFO  [GH3]:   Unknown(0x40c698af) (QTypeQbKey) : 0x5a6bbf96
16:00:48 INFO  [GH3]:   Unknown(0xcce57b1a) (QTypePair) : (491, 436)
16:00:48 INFO  [GH3]:   Unknown(0x3b15bf22) (QTypePair) : (185, 35)
16:00:48 INFO  [GH3]: }
16:00:49 INFO  [GH3]: {
16:00:49 INFO  [GH3]:   Unknown(0x40c698af) (QTypeQbKey) : 0x8031d7fc
16:00:49 INFO  [GH3]:   Unknown(0xcce57b1a) (QTypePair) : (488, 521)
16:00:49 INFO  [GH3]:   Unknown(0x3b15bf22) (QTypePair) : (185, 40)
16:00:49 INFO  [GH3]: }
16:00:51 INFO  [GH3]: {
16:00:51 INFO  [GH3]:   Unknown(0x7323e97c) (QTypeQbArray) : Type:"QTypeQbArray" Size:1729445232
16:00:51 INFO  [GH3]: }
16:00:52 INFO  [GH3]: {
16:00:52 INFO  [GH3]:   Unknown(0x40c698af) (QTypeQbKey) : 0x78f543ef
16:00:52 INFO  [GH3]: }
16:00:53 INFO  [GH3]: {
16:00:53 INFO  [GH3]:   Unknown(0x40c698af) (QTypeQbKey) : 0xed108a91
16:00:53 INFO  [GH3]: }
16:00:53 INFO  [GH3]: {
16:00:53 INFO  [GH3]:   Unknown(0xb30d9965) (QTypeInt) : 0
16:00:53 INFO  [GH3]:   Unknown(0x40c698af) (QTypeQbKey) : 0xfe6ebd69
16:00:53 INFO  [GH3]: }
16:00:53 INFO  [GH3]: {
16:00:53 INFO  [GH3]:   Unknown(0xb30d9965) (QTypeInt) : 0
16:00:53 INFO  [GH3]:   Unknown(0x40c698af) (QTypeQbKey) : 0x19d6906e
16:00:53 INFO  [GH3]: }
16:00:54 INFO  [GH3]: {
16:00:54 INFO  [GH3]:   Unknown(0xb30d9965) (QTypeInt) : 0
16:00:54 INFO  [GH3]:   Unknown(0x40c698af) (QTypeQbKey) : 0x3c204b9f
16:00:54 INFO  [GH3]: }
16:00:54 INFO  [GH3]: {
16:00:54 INFO  [GH3]:   Unknown(0xb30d9965) (QTypeInt) : 0
16:00:54 INFO  [GH3]:   Unknown(0x40c698af) (QTypeQbKey) : 0xd22e2ab3
16:00:54 INFO  [GH3]: }
16:00:54 INFO  [GH3]: {
16:00:54 INFO  [GH3]:   Unknown(0xb30d9965) (QTypeInt) : 0
16:00:54 INFO  [GH3]:   Unknown(0x40c698af) (QTypeQbKey) : 0x3b4d8f86
16:00:54 INFO  [GH3]: }
16:00:54 INFO  [GH3]: {
16:00:54 INFO  [GH3]:   Unknown(0xb30d9965) (QTypeInt) : 0
16:00:54 INFO  [GH3]:   Unknown(0x40c698af) (QTypeQbKey) : 0xd543eeaa
16:00:54 INFO  [GH3]: }
16:00:54 INFO  [GH3]: {
16:00:54 INFO  [GH3]:   Unknown(0xb30d9965) (QTypeInt) : 0
16:00:54 INFO  [GH3]:   Unknown(0x40c698af) (QTypeQbKey) : 0x32fbc3ad
16:00:54 INFO  [GH3]: }
16:00:54 INFO  [GH3]: {
16:00:54 INFO  [GH3]:   Unknown(0xb30d9965) (QTypeInt) : 0
16:00:54 INFO  [GH3]:   Unknown(0x40c698af) (QTypeQbKey) : 0x253b7ade
16:00:54 INFO  [GH3]: }
16:00:54 INFO  [GH3]: {
16:00:54 INFO  [GH3]:   Unknown(0xb30d9965) (QTypeInt) : 0
16:00:54 INFO  [GH3]:   Unknown(0x40c698af) (QTypeQbKey) : 0xcb351bf2
16:00:54 INFO  [GH3]: }
16:00:55 INFO  [GH3]: {
16:00:55 INFO  [GH3]:   Unknown(0xb30d9965) (QTypeInt) : 0
16:00:55 INFO  [GH3]:   Unknown(0x40c698af) (QTypeQbKey) : 0x2256bec7
16:00:55 INFO  [GH3]: }
16:00:55 INFO  [GH3]: {
16:00:55 INFO  [GH3]:   Unknown(0xb30d9965) (QTypeInt) : 0
16:00:55 INFO  [GH3]:   Unknown(0x40c698af) (QTypeQbKey) : 0xcc58dfeb
16:00:55 INFO  [GH3]: }
16:00:55 INFO  [GH3]: {
16:00:55 INFO  [GH3]:   Unknown(0xb30d9965) (QTypeInt) : 0
16:00:55 INFO  [GH3]:   Unknown(0x40c698af) (QTypeQbKey) : 0x2be0f2ec
16:00:55 INFO  [GH3]: }
16:00:55 INFO  [GH3]: {
16:00:55 INFO  [GH3]:   Unknown(0xb30d9965) (QTypeInt) : 0
16:00:55 INFO  [GH3]:   Unknown(0x40c698af) (QTypeQbKey) : 0x6a7aec19
16:00:55 INFO  [GH3]: }
16:00:55 INFO  [GH3]: {
16:00:55 INFO  [GH3]:   Unknown(0xb30d9965) (QTypeInt) : 0
16:00:55 INFO  [GH3]:   Unknown(0x40c698af) (QTypeQbKey) : 0x84748d35
16:00:55 INFO  [GH3]: }
16:00:55 INFO  [GH3]: {
16:00:55 INFO  [GH3]:   Unknown(0xb30d9965) (QTypeInt) : 0
16:00:55 INFO  [GH3]:   Unknown(0x40c698af) (QTypeQbKey) : 0x6d172800
16:00:55 INFO  [GH3]: }
16:00:55 INFO  [GH3]: {
16:00:55 INFO  [GH3]:   Unknown(0xb30d9965) (QTypeInt) : 0
16:00:55 INFO  [GH3]:   Unknown(0x40c698af) (QTypeQbKey) : 0x8319492c
16:00:55 INFO  [GH3]: }
16:00:55 INFO  [GH3]: {
16:00:55 INFO  [GH3]:   Unknown(0xb30d9965) (QTypeInt) : 0
16:00:55 INFO  [GH3]:   Unknown(0x40c698af) (QTypeQbKey) : 0x64a1642b
16:00:55 INFO  [GH3]: }
16:00:55 INFO  [GH3]: {
16:00:55 INFO  [GH3]:   Unknown(0xb30d9965) (QTypeInt) : 0
16:00:55 INFO  [GH3]:   Unknown(0x40c698af) (QTypeQbKey) : 0x7361dd58
16:00:55 INFO  [GH3]: }
16:00:55 INFO  [GH3]: {
16:00:55 INFO  [GH3]:   Unknown(0xb30d9965) (QTypeInt) : 0
16:00:55 INFO  [GH3]:   Unknown(0x40c698af) (QTypeQbKey) : 0x9d6fbc74
16:00:55 INFO  [GH3]: }
16:00:56 INFO  [GH3]: {
16:00:56 INFO  [GH3]:   Unknown(0xb30d9965) (QTypeInt) : 0
16:00:56 INFO  [GH3]:   Unknown(0x40c698af) (QTypeQbKey) : 0xea688ce2
16:00:56 INFO  [GH3]: }
16:00:56 INFO  [GH3]: {
16:00:56 INFO  [GH3]:   Unknown(0xb30d9965) (QTypeInt) : 0
16:00:56 INFO  [GH3]:   Unknown(0x40c698af) (QTypeQbKey) : 0xea688ce2
16:00:56 INFO  [GH3]: }
16:00:57 INFO  [GH3]: {
16:00:57 INFO  [GH3]:   Unknown(0x83aaa1a0) (QTypeQbKey) : 0xeb323e20
16:00:57 INFO  [GH3]:   Unknown(0xdb616875) (QTypeInt) : 8
16:00:57 INFO  [GH3]:   Unknown(0xd8f1a5c6) (QTypeQbKey) : 0xf2937a7e
16:00:57 INFO  [GH3]:   Unknown(0xb7822ed8) (QTypeInt) : 4294967295
16:00:57 INFO  [GH3]:   Unknown(0xcc12115e) (QTypeQbKey) : 0x806fff30
16:00:57 INFO  [GH3]:   Unknown(0x8a4c762d) (QTypeQbKey) : 0x806fff30
16:00:57 INFO  [GH3]: }
16:00:57 INFO  [GH3]: {
16:00:57 INFO  [GH3]:   Unknown(0x7321a8d6) (QTypeQbKey) : 0xbbda0406
16:00:57 INFO  [GH3]: }
16:00:57 INFO  [GH3]: {
16:00:57 INFO  [GH3]:   Unknown(0x00000000) (QTypeQbKey) : 0x6086aa70
16:00:57 INFO  [GH3]:   Unknown(0x520c0c9c) (QTypeQbKey) : 0x806fff30
16:00:57 INFO  [GH3]:   Unknown(0x26861025) (QTypeQbKey) : 0x0000
16:00:57 INFO  [GH3]:   Unknown(0xec953eec) (QTypeInt) : 0
16:00:57 INFO  [GH3]: }
16:00:57 INFO  [GH3]: {
16:00:57 INFO  [GH3]:   Unknown(0x00000000) (QTypeQbKey) : 0x6086aa70
16:00:57 INFO  [GH3]:   Unknown(0x520c0c9c) (QTypeQbKey) : 0x806fff30
16:00:57 INFO  [GH3]:   Unknown(0x26861025) (QTypeQbKey) : 0x0000
16:00:57 INFO  [GH3]:   Unknown(0xec953eec) (QTypeInt) : 0
16:00:57 INFO  [GH3]: }
16:00:59 INFO  [GH3]: {
16:00:59 INFO  [GH3]:   Unknown(0x26bf66f3) (QTypeQbStruct) : 
16:00:59 INFO  [GH3]: 	{
16:00:59 INFO  [GH3]: 	  Unknown(0xc4745838) (QTypeWString) : "You will lose all unsaved progress if you restart. Are you sure you want to restart this song?"
16:00:59 INFO  [GH3]: 	  Unknown(0x34a68574) (QTypePair) : (600, 400)
16:00:59 INFO  [GH3]: 	  Unknown(0x13b9da7b) (QTypeFloat) : 0.6
16:00:59 INFO  [GH3]: 	}
16:00:59 INFO  [GH3]:   Unknown(0x69d0dfaf) (QTypeInt) : 0
16:00:59 INFO  [GH3]:   Unknown(0x00000000) (QTypeQbKey) : 0xeafc692e
16:00:59 INFO  [GH3]:   Unknown(0xe787d761) (QTypePair) : (640, 480)
16:00:59 INFO  [GH3]:   Unknown(0xad8a5a63) (QTypePair) : (600, 80)
16:00:59 INFO  [GH3]:   Unknown(0x2fca0578) (QTypeQbArray) : Type:"QTypeQbArray" Size:1099483792
16:00:59 INFO  [GH3]: }
16:00:59 INFO  [GH3]: {
16:00:59 INFO  [GH3]:   Unknown(0x83aaa1a0) (QTypeQbKey) : 0xeb323e20
16:00:59 INFO  [GH3]:   Unknown(0xdb616875) (QTypeInt) : 8
16:00:59 INFO  [GH3]:   Unknown(0xd8f1a5c6) (QTypeQbKey) : 0xf2937a7e
16:00:59 INFO  [GH3]:   Unknown(0xb7822ed8) (QTypeInt) : 4294967295
16:00:59 INFO  [GH3]:   Unknown(0xcc12115e) (QTypeQbKey) : 0x806fff30
16:00:59 INFO  [GH3]:   Unknown(0x8a4c762d) (QTypeQbKey) : 0x806fff30
16:00:59 INFO  [GH3]: }
16:00:59 INFO  [GH3]: {
16:00:59 INFO  [GH3]:   Unknown(0x83aaa1a0) (QTypeQbKey) : 0xeb323e20
16:00:59 INFO  [GH3]:   Unknown(0xdb616875) (QTypeInt) : 8
16:00:59 INFO  [GH3]:   Unknown(0xd8f1a5c6) (QTypeQbKey) : 0xf2937a7e
16:00:59 INFO  [GH3]:   Unknown(0xb7822ed8) (QTypeInt) : 4294967295
16:00:59 INFO  [GH3]:   Unknown(0xcc12115e) (QTypeQbKey) : 0x806fff30
16:00:59 INFO  [GH3]:   Unknown(0x8a4c762d) (QTypeQbKey) : 0x806fff30
16:00:59 INFO  [GH3]: }
16:00:59 INFO  [GH3]: {
16:00:59 INFO  [GH3]:   Unknown(0x2e41f796) (QTypeInt) : 3000
16:00:59 INFO  [GH3]:   Unknown(0x00000000) (QTypeQbKey) : 0xda99b63b
16:00:59 INFO  [GH3]: }
16:02:25 INFO  [GH3]: {
16:02:25 INFO  [GH3]:   Unknown(0x69d0dfaf) (QTypeInt) : 0
16:02:25 INFO  [GH3]:   Unknown(0x26bf66f3) (QTypeQbStruct) : 
16:02:25 INFO  [GH3]: 	{
16:02:25 INFO  [GH3]: 	  Unknown(0xc4745838) (QTypeStringPointer) : (not implemented, please report this to Vultu with your code!)
16:02:25 INFO  [GH3]: 	}
16:02:25 INFO  [GH3]:   Unknown(0xe787d761) (QTypePair) : (640, 490)
16:02:25 INFO  [GH3]:   Unknown(0xad8a5a63) (QTypePair) : (288, 64)
16:02:25 INFO  [GH3]:   Unknown(0x2fca0578) (QTypeQbArray) : Type:"QTypeQbArray" Size:1102167056
16:02:25 INFO  [GH3]: }
