16:20:53 INFO  [Nylon]: Wine was not detected. Assuming we are running on a Windows NT OS Please report this if this detection is an error.
16:20:53 INFO  [Nylon]: Minhook initialized!
16:20:53 INFO  [Nylon]: Setting up default hooks...
16:20:53 INFO  [Nylon]: Hooked function at address: 0x770689E0
16:20:53 INFO  [Nylon]: Hooked function at address: 0x77068320
16:20:53 INFO  [Nylon]: Hooked function at address: 0x77062520
16:20:53 INFO  [Nylon]: Hooked function at address: 0x00530970
16:20:53 INFO  [Nylon]: Hooked function at address: 0x00530940
16:20:53 INFO  [Nylon]: Hooked function at address: 0x004A1780
16:20:53 INFO  [Nylon]: Hooked function at address: 0x00472B50
16:20:53 INFO  [Nylon]: Hooked function at address: 0x0057B940
16:20:53 INFO  [Nylon]: Hooked function at address: 0x00601D30
16:20:54 INFO  [Nylon]: Hooked function at address: 0x0047DFA0
16:20:54 INFO  [Nylon]: Hooked function at address: 0x0057AE20
16:20:54 INFO  [Nylon]: Hooked function at address: 0x00D94EE8
16:20:54 INFO  [Nylon]: Hooked function at address: 0x004A6820
16:20:54 INFO  [Nylon]: Hooked function at address: 0x0047E5B0
16:20:54 INFO  [Nylon]: Finished setting up default hooks.
16:20:54 INFO  [Nylon]: Loading mods...
16:20:54 INFO  [Nylon]: Loading mods from: "C:\Games\Guitar Hero III\nylon\Mods"
16:20:54 INFO  [Nylon]: Checking for: "C:\Games\Guitar Hero III\nylon\Mods\GH3Deluxe\modinfo.json"...
16:20:54 INFO  [Nylon]: Loading...
16:20:54 INFO  [Nylon]: Found mod: gh3dx
16:20:54 INFO  [Nylon]: Finished loading mods.
16:20:54 INFO  [Nylon]: Finished Core Initialization!
16:20:54 INFO  [Nylon]: Expecting: "GH3Deluxe\pak\gh3dx.pak"
16:20:54 INFO  [Nylon]: Found it! Loading...
16:20:54 INFO  [Nylon]: Done!
16:20:55 INFO  [Nylon]: Hooking DirectX 9...
16:20:55 INFO  [Nylon]: Hooked function at address: 0x5A706500
16:20:55 INFO  [Nylon]: Hooked function at address: 0x5A706120
16:20:55 INFO  [Nylon]: Hooked function at address: 0x7B97B040
16:20:55 ERROR [Nylon]: Failed to hook function at address: 0x7B97B040 Error Code: 3
16:20:55 INFO  [Nylon]: Finished hooking DirectX 9.
16:20:55 INFO  [Nylon]: Hooked function at address: 0x7B97C550
16:20:55 ERROR [Nylon]: Failed to hook function at address: 0x7B97C550 Error Code: 3
16:20:55 INFO  [Nylon]: KeyboardSetCooperativeLevel -> 6
16:20:55 INFO  [Nylon]: KeyboardSetCooperativeLevel -> 5
16:20:57 INFO  [GH3]: {
16:20:57 INFO  [GH3]:   Unknown(0x69d0dfaf) (QTypeInt) : 0
16:20:57 INFO  [GH3]:   Unknown(0xd4c98794) (QTypeWString) : "CHECKING..."
16:20:57 INFO  [GH3]:   Unknown(0x26bf66f3) (QTypeQbStruct) : 
16:20:57 INFO  [GH3]: 	{
16:20:57 INFO  [GH3]: 	  Unknown(0xc4745838) (QTypeWString) : "Checking storage device..."
16:20:57 INFO  [GH3]: 	}
16:20:57 INFO  [GH3]: }
16:20:57 INFO  [GH3]: {
16:20:57 INFO  [GH3]:   Unknown(0x69d0dfaf) (QTypeInt) : 0
16:20:57 INFO  [GH3]:   Unknown(0x26bf66f3) (QTypeQbStruct) : 
16:20:57 INFO  [GH3]: 	{
16:20:57 INFO  [GH3]: 	  Unknown(0xc4745838) (QTypeWString) : "Game content is damaged and cannot be used. Do you want to delete this content? All progress within this save content will be lost."
16:20:57 INFO  [GH3]: 	  Unknown(0x34a68574) (QTypePair) : (800, 500)
16:20:57 INFO  [GH3]: 	  Unknown(0x7f261953) (QTypePair) : (640, 375)
16:20:57 INFO  [GH3]: 	  Unknown(0x13b9da7b) (QTypeFloat) : 0.5
16:20:57 INFO  [GH3]: 	}
16:20:57 INFO  [GH3]:   Unknown(0xe787d761) (QTypePair) : (640, 465)
16:20:57 INFO  [GH3]:   Unknown(0xad8a5a63) (QTypePair) : (256, 64)
16:20:57 INFO  [GH3]:   Unknown(0x2fca0578) (QTypeQbArray) : Type:"QTypeQbArray" Size:1099421232
16:20:57 INFO  [GH3]: }
