16:21:22 INFO  [Nylon]: Wine was not detected. Assuming we are running on a Windows NT OS Please report this if this detection is an error.
16:21:22 INFO  [Nylon]: Minhook initialized!
16:21:22 INFO  [Nylon]: Setting up default hooks...
16:21:22 INFO  [Nylon]: Hooked function at address: 0x770689E0
16:21:22 INFO  [Nylon]: Hooked function at address: 0x77068320
16:21:22 INFO  [Nylon]: Hooked function at address: 0x77062520
16:21:22 INFO  [Nylon]: Hooked function at address: 0x00530970
16:21:22 INFO  [Nylon]: Hooked function at address: 0x00530940
16:21:22 INFO  [Nylon]: Hooked function at address: 0x004A1780
16:21:22 INFO  [Nylon]: Hooked function at address: 0x00472B50
16:21:22 INFO  [Nylon]: Hooked function at address: 0x0057B940
16:21:22 INFO  [Nylon]: Hooked function at address: 0x00601D30
16:21:22 INFO  [Nylon]: Hooked function at address: 0x0047DFA0
16:21:22 INFO  [Nylon]: Hooked function at address: 0x0057AE20
16:21:22 INFO  [Nylon]: Hooked function at address: 0x00D94EE8
16:21:22 INFO  [Nylon]: Hooked function at address: 0x004A6820
16:21:22 INFO  [Nylon]: Hooked function at address: 0x0047E5B0
16:21:22 INFO  [Nylon]: Finished setting up default hooks.
16:21:22 INFO  [Nylon]: Loading mods...
16:21:22 INFO  [Nylon]: Loading mods from: "C:\Games\Guitar Hero III\nylon\Mods"
16:21:22 INFO  [Nylon]: Checking for: "C:\Games\Guitar Hero III\nylon\Mods\GH3Deluxe\modinfo.json"...
16:21:22 INFO  [Nylon]: Loading...
16:21:22 INFO  [Nylon]: Found mod: gh3dx
16:21:22 INFO  [Nylon]: Finished loading mods.
16:21:22 INFO  [Nylon]: Finished Core Initialization!
16:21:23 INFO  [Nylon]: Expecting: "GH3Deluxe\pak\gh3dx.pak"
16:21:23 INFO  [Nylon]: Found it! Loading...
16:21:23 INFO  [Nylon]: Done!
16:21:23 INFO  [Nylon]: Hooking DirectX 9...
16:21:23 INFO  [Nylon]: Hooked function at address: 0x5A706500
16:21:23 INFO  [Nylon]: Hooked function at address: 0x5A706120
16:21:23 INFO  [Nylon]: Hooked function at address: 0x7B97B040
16:21:23 ERROR [Nylon]: Failed to hook function at address: 0x7B97B040 Error Code: 3
16:21:23 INFO  [Nylon]: Finished hooking DirectX 9.
16:21:23 INFO  [Nylon]: Hooked function at address: 0x7B97C550
16:21:23 ERROR [Nylon]: Failed to hook function at address: 0x7B97C550 Error Code: 3
16:21:23 INFO  [Nylon]: KeyboardSetCooperativeLevel -> 6
16:21:23 INFO  [Nylon]: KeyboardSetCooperativeLevel -> 5
16:21:25 INFO  [GH3]: {
16:21:25 INFO  [GH3]:   Unknown(0x69d0dfaf) (QTypeInt) : 0
16:21:25 INFO  [GH3]:   Unknown(0xd4c98794) (QTypeWString) : "CHECKING..."
16:21:25 INFO  [GH3]:   Unknown(0x26bf66f3) (QTypeQbStruct) : 
16:21:25 INFO  [GH3]: 	{
16:21:25 INFO  [GH3]: 	  Unknown(0xc4745838) (QTypeWString) : "Checking storage device..."
16:21:25 INFO  [GH3]: 	}
16:21:25 INFO  [GH3]: }
16:21:25 INFO  [GH3]: {
16:21:25 INFO  [GH3]:   Unknown(0x69d0dfaf) (QTypeInt) : 0
16:21:25 INFO  [GH3]:   Unknown(0xd4c98794) (QTypeWString) : "SUCCESSFUL"
16:21:25 INFO  [GH3]:   Unknown(0x26bf66f3) (QTypeQbStruct) : 
16:21:25 INFO  [GH3]: 	{
16:21:25 INFO  [GH3]: 	  Unknown(0xc4745838) (QTypeWString) : "Save successful."
16:21:25 INFO  [GH3]: 	}
16:21:25 INFO  [GH3]: }
16:21:43 INFO  [GH3]: {
16:21:43 INFO  [GH3]:   Unknown(0x69d0dfaf) (QTypeInt) : 0
16:21:43 INFO  [GH3]:   Unknown(0xd4c98794) (QTypeWString) : "CHECKING..."
16:21:43 INFO  [GH3]:   Unknown(0x26bf66f3) (QTypeQbStruct) : 
16:21:43 INFO  [GH3]: 	{
16:21:43 INFO  [GH3]: 	  Unknown(0xc4745838) (QTypeWString) : "Checking storage device..."
16:21:43 INFO  [GH3]: 	}
16:21:43 INFO  [GH3]: }
16:21:43 INFO  [GH3]: {
16:21:43 INFO  [GH3]:   Unknown(0x69d0dfaf) (QTypeInt) : 0
16:21:43 INFO  [GH3]:   Unknown(0xd4c98794) (QTypeWString) : "SUCCESSFUL"
16:21:43 INFO  [GH3]:   Unknown(0x26bf66f3) (QTypeQbStruct) : 
16:21:43 INFO  [GH3]: 	{
16:21:43 INFO  [GH3]: 	  Unknown(0xc4745838) (QTypeWString) : "Overwrite successful."
16:21:43 INFO  [GH3]: 	}
16:21:43 INFO  [GH3]: }
16:21:44 INFO  [GH3]: {
16:21:44 INFO  [GH3]:   Unknown(0x40c698af) (QTypeQbKey) : 0x54b037a4
16:21:44 INFO  [GH3]:   Unknown(0xcce57b1a) (QTypePair) : (512, 93)
16:21:44 INFO  [GH3]:   Unknown(0x3b15bf22) (QTypePair) : (190, 53)
16:21:44 INFO  [GH3]: }
16:21:45 INFO  [GH3]: {
16:21:45 INFO  [GH3]:   Unknown(0x40c698af) (QTypeQbKey) : 0xbabe5688
16:21:45 INFO  [GH3]:   Unknown(0xcce57b1a) (QTypePair) : (508, 178)
16:21:45 INFO  [GH3]:   Unknown(0x3b15bf22) (QTypePair) : (192, 52)
16:21:45 INFO  [GH3]: }
16:21:45 INFO  [GH3]: {
16:21:45 INFO  [GH3]:   Unknown(0x40c698af) (QTypeQbKey) : 0x53ddf3bd
16:21:45 INFO  [GH3]:   Unknown(0xcce57b1a) (QTypePair) : (500, 258)
16:21:45 INFO  [GH3]:   Unknown(0x3b15bf22) (QTypePair) : (186, 38)
16:21:45 INFO  [GH3]: }
16:21:45 INFO  [GH3]: {
16:21:45 INFO  [GH3]:   Unknown(0x40c698af) (QTypeQbKey) : 0xbdd39291
16:21:45 INFO  [GH3]:   Unknown(0xcce57b1a) (QTypePair) : (500, 348)
16:21:45 INFO  [GH3]:   Unknown(0x3b15bf22) (QTypePair) : (190, 50)
16:21:45 INFO  [GH3]: }
16:21:45 INFO  [GH3]: {
16:21:45 INFO  [GH3]:   Unknown(0x40c698af) (QTypeQbKey) : 0x5a6bbf96
16:21:45 INFO  [GH3]:   Unknown(0xcce57b1a) (QTypePair) : (491, 436)
16:21:45 INFO  [GH3]:   Unknown(0x3b15bf22) (QTypePair) : (185, 35)
16:21:45 INFO  [GH3]: }
16:21:46 INFO  [GH3]: {
16:21:46 INFO  [GH3]:   Unknown(0x40c698af) (QTypeQbKey) : 0x8031d7fc
16:21:46 INFO  [GH3]:   Unknown(0xcce57b1a) (QTypePair) : (488, 521)
16:21:46 INFO  [GH3]:   Unknown(0x3b15bf22) (QTypePair) : (185, 40)
16:21:46 INFO  [GH3]: }
16:21:48 INFO  [GH3]: {
16:21:48 INFO  [GH3]:   Unknown(0x7323e97c) (QTypeQbArray) : Type:"QTypeQbArray" Size:1100604080
16:21:48 INFO  [GH3]: }
16:21:51 INFO  [GH3]: {
16:21:51 INFO  [GH3]:   Unknown(0x00000000) (QTypeQbKey) : 0xff03cc4e
16:21:51 INFO  [GH3]:   Unknown(0x520c0c9c) (QTypeQbKey) : 0x806fff30
16:21:51 INFO  [GH3]:   Unknown(0x26861025) (QTypeQbKey) : 0x21e263b0
16:21:51 INFO  [GH3]:   Unknown(0xec953eec) (QTypeInt) : 0
16:21:51 INFO  [GH3]: }
16:21:51 INFO  [GH3]: {
16:21:51 INFO  [GH3]:   Unknown(0x40c698af) (QTypeQbKey) : 0x4899af7f
16:21:51 INFO  [GH3]: }
16:21:52 INFO  [GH3]: {
16:21:52 INFO  [GH3]:   Unknown(0x40c698af) (QTypeQbKey) : 0xed108a91
16:21:52 INFO  [GH3]: }
16:21:52 INFO  [GH3]: {
16:21:52 INFO  [GH3]:   Unknown(0x40c698af) (QTypeQbKey) : 0x31eebbd
16:21:52 INFO  [GH3]: }
16:21:52 INFO  [GH3]: {
16:21:52 INFO  [GH3]:   Unknown(0x40c698af) (QTypeQbKey) : 0xea7d4e88
16:21:52 INFO  [GH3]: }
16:21:52 INFO  [GH3]: {
16:21:52 INFO  [GH3]:   Unknown(0x40c698af) (QTypeQbKey) : 0x4732fa4
16:21:52 INFO  [GH3]: }
16:21:53 INFO  [GH3]: {
16:21:53 INFO  [GH3]:   Unknown(0x40c698af) (QTypeQbKey) : 0x4732fa4
16:21:53 INFO  [GH3]: }
16:21:53 INFO  [GH3]: {
16:21:53 INFO  [GH3]:   Unknown(0xb30d9965) (QTypeInt) : 0
16:21:53 INFO  [GH3]:   Unknown(0x40c698af) (QTypeQbKey) : 0xb27647f5
16:21:53 INFO  [GH3]: }
16:21:53 INFO  [GH3]: {
16:21:53 INFO  [GH3]:   Unknown(0xb30d9965) (QTypeInt) : 0
16:21:53 INFO  [GH3]:   Unknown(0x40c698af) (QTypeQbKey) : 0x6f29cad7
16:21:53 INFO  [GH3]: }
16:21:53 INFO  [GH3]: {
16:21:53 INFO  [GH3]:   Unknown(0xb30d9965) (QTypeInt) : 0
16:21:53 INFO  [GH3]:   Unknown(0x40c698af) (QTypeQbKey) : 0x8127abfb
16:21:53 INFO  [GH3]: }
16:21:53 INFO  [GH3]: {
16:21:53 INFO  [GH3]:   Unknown(0xb30d9965) (QTypeInt) : 0
16:21:53 INFO  [GH3]:   Unknown(0x40c698af) (QTypeQbKey) : 0x68440ece
16:21:53 INFO  [GH3]: }
16:21:53 INFO  [GH3]: {
16:21:53 INFO  [GH3]:   Unknown(0xb30d9965) (QTypeInt) : 0
16:21:53 INFO  [GH3]:   Unknown(0x40c698af) (QTypeQbKey) : 0x864a6fe2
16:21:53 INFO  [GH3]: }
16:21:53 INFO  [GH3]: {
16:21:53 INFO  [GH3]:   Unknown(0xb30d9965) (QTypeInt) : 0
16:21:53 INFO  [GH3]:   Unknown(0x40c698af) (QTypeQbKey) : 0x61f242e5
16:21:53 INFO  [GH3]: }
16:21:53 INFO  [GH3]: {
16:21:53 INFO  [GH3]:   Unknown(0xb30d9965) (QTypeInt) : 0
16:21:53 INFO  [GH3]:   Unknown(0x40c698af) (QTypeQbKey) : 0x7632fb96
16:21:53 INFO  [GH3]: }
16:21:53 INFO  [GH3]: {
16:21:53 INFO  [GH3]:   Unknown(0xb30d9965) (QTypeInt) : 0
16:21:53 INFO  [GH3]:   Unknown(0x40c698af) (QTypeQbKey) : 0x983c9aba
16:21:53 INFO  [GH3]: }
16:21:53 INFO  [GH3]: {
16:21:53 INFO  [GH3]:   Unknown(0xb30d9965) (QTypeInt) : 0
16:21:53 INFO  [GH3]:   Unknown(0x40c698af) (QTypeQbKey) : 0x715f3f8f
16:21:53 INFO  [GH3]: }
16:21:53 INFO  [GH3]: {
16:21:53 INFO  [GH3]:   Unknown(0xb30d9965) (QTypeInt) : 0
16:21:53 INFO  [GH3]:   Unknown(0x40c698af) (QTypeQbKey) : 0x9f515ea3
16:21:53 INFO  [GH3]: }
16:21:53 INFO  [GH3]: {
16:21:53 INFO  [GH3]:   Unknown(0xb30d9965) (QTypeInt) : 0
16:21:53 INFO  [GH3]:   Unknown(0x40c698af) (QTypeQbKey) : 0x78e973a4
16:21:53 INFO  [GH3]: }
16:21:53 INFO  [GH3]: {
16:21:53 INFO  [GH3]:   Unknown(0xb30d9965) (QTypeInt) : 0
16:21:53 INFO  [GH3]:   Unknown(0x40c698af) (QTypeQbKey) : 0x5d1fa855
16:21:53 INFO  [GH3]: }
16:21:53 INFO  [GH3]: {
16:21:53 INFO  [GH3]:   Unknown(0xb30d9965) (QTypeInt) : 0
16:21:53 INFO  [GH3]:   Unknown(0x40c698af) (QTypeQbKey) : 0xb311c979
16:21:53 INFO  [GH3]: }
16:21:53 INFO  [GH3]: {
16:21:53 INFO  [GH3]:   Unknown(0xb30d9965) (QTypeInt) : 0
16:21:53 INFO  [GH3]:   Unknown(0x40c698af) (QTypeQbKey) : 0x5a726c4c
16:21:53 INFO  [GH3]: }
16:21:53 INFO  [GH3]: {
16:21:53 INFO  [GH3]:   Unknown(0xb30d9965) (QTypeInt) : 0
16:21:53 INFO  [GH3]:   Unknown(0x40c698af) (QTypeQbKey) : 0xb47c0d60
16:21:53 INFO  [GH3]: }
16:21:53 INFO  [GH3]: {
16:21:53 INFO  [GH3]:   Unknown(0xb30d9965) (QTypeInt) : 0
16:21:53 INFO  [GH3]:   Unknown(0x40c698af) (QTypeQbKey) : 0x53c42067
16:21:53 INFO  [GH3]: }
16:21:53 INFO  [GH3]: {
16:21:53 INFO  [GH3]:   Unknown(0xb30d9965) (QTypeInt) : 0
16:21:53 INFO  [GH3]:   Unknown(0x40c698af) (QTypeQbKey) : 0x44049914
16:21:53 INFO  [GH3]: }
16:21:53 INFO  [GH3]: {
16:21:53 INFO  [GH3]:   Unknown(0xb30d9965) (QTypeInt) : 0
16:21:53 INFO  [GH3]:   Unknown(0x40c698af) (QTypeQbKey) : 0xaa0af838
16:21:53 INFO  [GH3]: }
16:21:53 INFO  [GH3]: {
16:21:53 INFO  [GH3]:   Unknown(0xb30d9965) (QTypeInt) : 0
16:21:53 INFO  [GH3]:   Unknown(0x40c698af) (QTypeQbKey) : 0x43695d0d
16:21:53 INFO  [GH3]: }
16:21:53 INFO  [GH3]: {
16:21:53 INFO  [GH3]:   Unknown(0xb30d9965) (QTypeInt) : 0
16:21:53 INFO  [GH3]:   Unknown(0x40c698af) (QTypeQbKey) : 0xad673c21
16:21:53 INFO  [GH3]: }
16:21:56 INFO  [GH3]: {
16:21:56 INFO  [GH3]:   Unknown(0x00000000) (QTypeQbKey) : 0xff03cc4e
16:21:56 INFO  [GH3]:   Unknown(0x520c0c9c) (QTypeQbKey) : 0x806fff30
16:21:56 INFO  [GH3]:   Unknown(0x26861025) (QTypeQbKey) : 0x0000
16:21:56 INFO  [GH3]:   Unknown(0xec953eec) (QTypeInt) : 0
16:21:56 INFO  [GH3]: }
16:21:56 INFO  [GH3]: {
16:21:56 INFO  [GH3]:   Unknown(0x83aaa1a0) (QTypeQbKey) : 0xeb323e20
16:21:56 INFO  [GH3]:   Unknown(0xdb616875) (QTypeInt) : 8
16:21:56 INFO  [GH3]:   Unknown(0xd8f1a5c6) (QTypeQbKey) : 0xf2937a7e
16:21:56 INFO  [GH3]:   Unknown(0xb7822ed8) (QTypeInt) : 4294967295
16:21:56 INFO  [GH3]:   Unknown(0xcc12115e) (QTypeQbKey) : 0x806fff30
16:21:56 INFO  [GH3]:   Unknown(0x8a4c762d) (QTypeQbKey) : 0x806fff30
16:21:56 INFO  [GH3]: }
16:21:56 INFO  [GH3]: {
16:21:56 INFO  [GH3]:   Unknown(0x7321a8d6) (QTypeQbKey) : 0xbbda0406
16:21:56 INFO  [GH3]: }
16:21:56 INFO  [GH3]: {
16:21:56 INFO  [GH3]:   Unknown(0x00000000) (QTypeQbKey) : 0x6086aa70
16:21:56 INFO  [GH3]:   Unknown(0x520c0c9c) (QTypeQbKey) : 0x806fff30
16:21:56 INFO  [GH3]:   Unknown(0x26861025) (QTypeQbKey) : 0x0000
16:21:56 INFO  [GH3]:   Unknown(0xec953eec) (QTypeInt) : 0
16:21:56 INFO  [GH3]: }
16:21:56 INFO  [GH3]: {
16:21:56 INFO  [GH3]:   Unknown(0x00000000) (QTypeQbKey) : 0x6086aa70
16:21:56 INFO  [GH3]:   Unknown(0x520c0c9c) (QTypeQbKey) : 0x806fff30
16:21:56 INFO  [GH3]:   Unknown(0x26861025) (QTypeQbKey) : 0x0000
16:21:56 INFO  [GH3]:   Unknown(0xec953eec) (QTypeInt) : 0
16:21:56 INFO  [GH3]: }
16:21:56 INFO  [GH3]: {
16:21:56 INFO  [GH3]:   Unknown(0x00000000) (QTypeQbKey) : 0x6086aa70
16:21:56 INFO  [GH3]:   Unknown(0x520c0c9c) (QTypeQbKey) : 0x806fff30
16:21:56 INFO  [GH3]:   Unknown(0x26861025) (QTypeQbKey) : 0x0000
16:21:56 INFO  [GH3]:   Unknown(0xec953eec) (QTypeInt) : 0
16:21:56 INFO  [GH3]: }
16:21:56 INFO  [GH3]: {
16:21:56 INFO  [GH3]:   Unknown(0x00000000) (QTypeQbKey) : 0x6086aa70
16:21:56 INFO  [GH3]:   Unknown(0x520c0c9c) (QTypeQbKey) : 0x806fff30
16:21:56 INFO  [GH3]:   Unknown(0x26861025) (QTypeQbKey) : 0x0000
16:21:56 INFO  [GH3]:   Unknown(0xec953eec) (QTypeInt) : 0
16:21:56 INFO  [GH3]: }
16:21:56 INFO  [GH3]: {
16:21:56 INFO  [GH3]:   Unknown(0x00000000) (QTypeQbKey) : 0x6086aa70
16:21:56 INFO  [GH3]:   Unknown(0x520c0c9c) (QTypeQbKey) : 0x806fff30
16:21:56 INFO  [GH3]:   Unknown(0x26861025) (QTypeQbKey) : 0x0000
16:21:56 INFO  [GH3]:   Unknown(0xec953eec) (QTypeInt) : 0
16:21:56 INFO  [GH3]: }
16:21:56 INFO  [GH3]: {
16:21:56 INFO  [GH3]:   Unknown(0x00000000) (QTypeQbKey) : 0x6086aa70
16:21:56 INFO  [GH3]:   Unknown(0x520c0c9c) (QTypeQbKey) : 0x806fff30
16:21:56 INFO  [GH3]:   Unknown(0x26861025) (QTypeQbKey) : 0x0000
16:21:56 INFO  [GH3]:   Unknown(0xec953eec) (QTypeInt) : 0
16:21:56 INFO  [GH3]: }
16:21:56 INFO  [GH3]: {
16:21:56 INFO  [GH3]:   Unknown(0x00000000) (QTypeQbKey) : 0x6086aa70
16:21:56 INFO  [GH3]:   Unknown(0x520c0c9c) (QTypeQbKey) : 0x806fff30
16:21:56 INFO  [GH3]:   Unknown(0x26861025) (QTypeQbKey) : 0x0000
16:21:56 INFO  [GH3]:   Unknown(0xec953eec) (QTypeInt) : 0
16:21:56 INFO  [GH3]: }
16:21:56 INFO  [GH3]: {
16:21:56 INFO  [GH3]:   Unknown(0x00000000) (QTypeQbKey) : 0x6086aa70
16:21:56 INFO  [GH3]:   Unknown(0x520c0c9c) (QTypeQbKey) : 0x806fff30
16:21:56 INFO  [GH3]:   Unknown(0x26861025) (QTypeQbKey) : 0x0000
16:21:56 INFO  [GH3]:   Unknown(0xec953eec) (QTypeInt) : 0
16:21:56 INFO  [GH3]: }
16:21:56 INFO  [GH3]: {
16:21:56 INFO  [GH3]:   Unknown(0x00000000) (QTypeQbKey) : 0x6086aa70
16:21:56 INFO  [GH3]:   Unknown(0x520c0c9c) (QTypeQbKey) : 0x806fff30
16:21:56 INFO  [GH3]:   Unknown(0x26861025) (QTypeQbKey) : 0x0000
16:21:56 INFO  [GH3]:   Unknown(0xec953eec) (QTypeInt) : 0
16:21:56 INFO  [GH3]: }
16:21:56 INFO  [GH3]: {
16:21:56 INFO  [GH3]:   Unknown(0x00000000) (QTypeQbKey) : 0x6086aa70
16:21:56 INFO  [GH3]:   Unknown(0x520c0c9c) (QTypeQbKey) : 0x806fff30
16:21:56 INFO  [GH3]:   Unknown(0x26861025) (QTypeQbKey) : 0x0000
16:21:56 INFO  [GH3]:   Unknown(0xec953eec) (QTypeInt) : 0
16:21:56 INFO  [GH3]: }
16:22:00 INFO  [GH3]: {
16:22:00 INFO  [GH3]:   Unknown(0x26bf66f3) (QTypeQbStruct) : 
16:22:00 INFO  [GH3]: 	{
16:22:00 INFO  [GH3]: 	  Unknown(0xc4745838) (QTypeWString) : "You will lose all unsaved progress if you quit. Are you sure you want to quit this song?"
16:22:00 INFO  [GH3]: 	  Unknown(0x34a68574) (QTypePair) : (600, 400)
16:22:00 INFO  [GH3]: 	  Unknown(0x13b9da7b) (QTypeFloat) : 0.6
16:22:00 INFO  [GH3]: 	}
16:22:00 INFO  [GH3]:   Unknown(0x69d0dfaf) (QTypeInt) : 0
16:22:00 INFO  [GH3]:   Unknown(0x00000000) (QTypeQbKey) : 0xeafc692e
16:22:00 INFO  [GH3]:   Unknown(0xe787d761) (QTypePair) : (640, 480)
16:22:00 INFO  [GH3]:   Unknown(0xad8a5a63) (QTypePair) : (600, 80)
16:22:00 INFO  [GH3]:   Unknown(0x2fca0578) (QTypeQbArray) : Type:"QTypeQbArray" Size:1463636288
16:22:00 INFO  [GH3]: }
16:22:03 INFO  [GH3]: {
16:22:03 INFO  [GH3]:   Unknown(0x7323e97c) (QTypeQbArray) : Type:"QTypeQbArray" Size:1463634000
16:22:03 INFO  [GH3]: }
