16:23:16 INFO  [Nylon]: Wine was not detected. Assuming we are running on a Windows NT OS Please report this if this detection is an error.
16:23:16 INFO  [Nylon]: Minhook initialized!
16:23:16 INFO  [Nylon]: Setting up default hooks...
16:23:16 INFO  [Nylon]: Hooked function at address: 0x770689E0
16:23:16 INFO  [Nylon]: Hooked function at address: 0x77068320
16:23:16 INFO  [Nylon]: Hooked function at address: 0x77062520
16:23:16 INFO  [Nylon]: Hooked function at address: 0x00530970
16:23:16 INFO  [Nylon]: Hooked function at address: 0x00530940
16:23:16 INFO  [Nylon]: Hooked function at address: 0x004A1780
16:23:16 INFO  [Nylon]: Hooked function at address: 0x00472B50
16:23:16 INFO  [Nylon]: Hooked function at address: 0x0057B940
16:23:16 INFO  [Nylon]: Hooked function at address: 0x00601D30
16:23:16 INFO  [Nylon]: Hooked function at address: 0x0047DFA0
16:23:16 INFO  [Nylon]: Hooked function at address: 0x0057AE20
16:23:16 INFO  [Nylon]: Hooked function at address: 0x00D94EE8
16:23:16 INFO  [Nylon]: Hooked function at address: 0x004A6820
16:23:16 INFO  [Nylon]: Hooked function at address: 0x0047E5B0
16:23:16 INFO  [Nylon]: Finished setting up default hooks.
16:23:16 INFO  [Nylon]: Loading mods...
16:23:16 INFO  [Nylon]: Loading mods from: "C:\Games\Guitar Hero III\nylon\Mods"
16:23:16 INFO  [Nylon]: Checking for: "C:\Games\Guitar Hero III\nylon\Mods\GH3Deluxe\modinfo.json"...
16:23:16 INFO  [Nylon]: Loading...
16:23:16 INFO  [Nylon]: Found mod: gh3dx
16:23:16 INFO  [Nylon]: Finished loading mods.
16:23:16 INFO  [Nylon]: Finished Core Initialization!
16:23:17 INFO  [Nylon]: Expecting: "GH3Deluxe\pak\gh3dx.pak"
16:23:17 INFO  [Nylon]: Found it! Loading...
16:23:17 INFO  [Nylon]: Done!
16:23:17 INFO  [Nylon]: Hooking DirectX 9...
16:23:17 INFO  [Nylon]: Hooked function at address: 0x5A706500
16:23:17 INFO  [Nylon]: Hooked function at address: 0x5A706120
16:23:17 INFO  [Nylon]: Hooked function at address: 0x7B97B040
16:23:17 ERROR [Nylon]: Failed to hook function at address: 0x7B97B040 Error Code: 3
16:23:17 INFO  [Nylon]: Finished hooking DirectX 9.
16:23:17 INFO  [Nylon]: Hooked function at address: 0x7B97C550
16:23:17 ERROR [Nylon]: Failed to hook function at address: 0x7B97C550 Error Code: 3
16:23:17 INFO  [Nylon]: KeyboardSetCooperativeLevel -> 6
16:23:17 INFO  [Nylon]: KeyboardSetCooperativeLevel -> 5
16:23:20 INFO  [GH3]: {
16:23:20 INFO  [GH3]:   Unknown(0x69d0dfaf) (QTypeInt) : 0
16:23:20 INFO  [GH3]:   Unknown(0xd4c98794) (QTypeWString) : "CHECKING..."
16:23:20 INFO  [GH3]:   Unknown(0x26bf66f3) (QTypeQbStruct) : 
16:23:20 INFO  [GH3]: 	{
16:23:20 INFO  [GH3]: 	  Unknown(0xc4745838) (QTypeWString) : "Checking storage device..."
16:23:20 INFO  [GH3]: 	}
16:23:20 INFO  [GH3]: }
16:23:21 INFO  [GH3]: {
16:23:21 INFO  [GH3]:   Unknown(0x69d0dfaf) (QTypeInt) : 0
16:23:21 INFO  [GH3]:   Unknown(0xd4c98794) (QTypeWString) : "DELETING..."
16:23:21 INFO  [GH3]:   Unknown(0x26bf66f3) (QTypeQbStruct) : 
16:23:21 INFO  [GH3]: 	{
16:23:21 INFO  [GH3]: 	  Unknown(0xc4745838) (QTypeWString) : "Deleting Content."
16:23:21 INFO  [GH3]: 	}
16:23:21 INFO  [GH3]: }
16:23:25 INFO  [GH3]: {
16:23:25 INFO  [GH3]:   Unknown(0x69d0dfaf) (QTypeInt) : 0
16:23:25 INFO  [GH3]:   Unknown(0xd4c98794) (QTypeWString) : "CHECKING..."
16:23:25 INFO  [GH3]:   Unknown(0x26bf66f3) (QTypeQbStruct) : 
16:23:25 INFO  [GH3]: 	{
16:23:25 INFO  [GH3]: 	  Unknown(0xc4745838) (QTypeWString) : "Checking storage device..."
16:23:25 INFO  [GH3]: 	}
16:23:25 INFO  [GH3]: }
16:23:25 INFO  [GH3]: {
16:23:25 INFO  [GH3]:   Unknown(0x69d0dfaf) (QTypeInt) : 0
16:23:25 INFO  [GH3]:   Unknown(0xd4c98794) (QTypeWString) : "SUCCESSFUL"
16:23:25 INFO  [GH3]:   Unknown(0x26bf66f3) (QTypeQbStruct) : 
16:23:25 INFO  [GH3]: 	{
16:23:25 INFO  [GH3]: 	  Unknown(0xc4745838) (QTypeWString) : "Save successful."
16:23:25 INFO  [GH3]: 	}
16:23:25 INFO  [GH3]: }
16:23:28 INFO  [GH3]: {
16:23:28 INFO  [GH3]:   Unknown(0x40c698af) (QTypeQbKey) : 0x54b037a4
16:23:28 INFO  [GH3]:   Unknown(0xcce57b1a) (QTypePair) : (512, 93)
16:23:28 INFO  [GH3]:   Unknown(0x3b15bf22) (QTypePair) : (190, 53)
16:23:28 INFO  [GH3]: }
16:23:28 INFO  [GH3]: {
16:23:28 INFO  [GH3]:   Unknown(0x40c698af) (QTypeQbKey) : 0xbabe5688
16:23:28 INFO  [GH3]:   Unknown(0xcce57b1a) (QTypePair) : (508, 178)
16:23:28 INFO  [GH3]:   Unknown(0x3b15bf22) (QTypePair) : (192, 52)
16:23:28 INFO  [GH3]: }
16:23:28 INFO  [GH3]: {
16:23:28 INFO  [GH3]:   Unknown(0x40c698af) (QTypeQbKey) : 0x53ddf3bd
16:23:28 INFO  [GH3]:   Unknown(0xcce57b1a) (QTypePair) : (500, 258)
16:23:28 INFO  [GH3]:   Unknown(0x3b15bf22) (QTypePair) : (186, 38)
16:23:28 INFO  [GH3]: }
16:23:28 INFO  [GH3]: {
16:23:28 INFO  [GH3]:   Unknown(0x40c698af) (QTypeQbKey) : 0xbdd39291
16:23:28 INFO  [GH3]:   Unknown(0xcce57b1a) (QTypePair) : (500, 348)
16:23:28 INFO  [GH3]:   Unknown(0x3b15bf22) (QTypePair) : (190, 50)
16:23:28 INFO  [GH3]: }
16:23:29 INFO  [GH3]: {
16:23:29 INFO  [GH3]:   Unknown(0x40c698af) (QTypeQbKey) : 0x5a6bbf96
16:23:29 INFO  [GH3]:   Unknown(0xcce57b1a) (QTypePair) : (491, 436)
16:23:29 INFO  [GH3]:   Unknown(0x3b15bf22) (QTypePair) : (185, 35)
16:23:29 INFO  [GH3]: }
16:23:29 INFO  [GH3]: {
16:23:29 INFO  [GH3]:   Unknown(0x40c698af) (QTypeQbKey) : 0x8031d7fc
16:23:29 INFO  [GH3]:   Unknown(0xcce57b1a) (QTypePair) : (488, 521)
16:23:29 INFO  [GH3]:   Unknown(0x3b15bf22) (QTypePair) : (185, 40)
16:23:29 INFO  [GH3]: }
16:23:32 INFO  [GH3]: {
16:23:32 INFO  [GH3]:   Unknown(0x40c698af) (QTypeQbKey) : 0x54b037a4
16:23:32 INFO  [GH3]:   Unknown(0xcce57b1a) (QTypePair) : (512, 93)
16:23:32 INFO  [GH3]:   Unknown(0x3b15bf22) (QTypePair) : (190, 53)
16:23:32 INFO  [GH3]: }
16:23:32 INFO  [GH3]: {
16:23:32 INFO  [GH3]:   Unknown(0x40c698af) (QTypeQbKey) : 0xbabe5688
16:23:32 INFO  [GH3]:   Unknown(0xcce57b1a) (QTypePair) : (508, 178)
16:23:32 INFO  [GH3]:   Unknown(0x3b15bf22) (QTypePair) : (192, 52)
16:23:32 INFO  [GH3]: }
16:23:32 INFO  [GH3]: {
16:23:32 INFO  [GH3]:   Unknown(0x40c698af) (QTypeQbKey) : 0x53ddf3bd
16:23:32 INFO  [GH3]:   Unknown(0xcce57b1a) (QTypePair) : (500, 258)
16:23:32 INFO  [GH3]:   Unknown(0x3b15bf22) (QTypePair) : (186, 38)
16:23:32 INFO  [GH3]: }
16:23:33 INFO  [GH3]: {
16:23:33 INFO  [GH3]:   Unknown(0x40c698af) (QTypeQbKey) : 0xbdd39291
16:23:33 INFO  [GH3]:   Unknown(0xcce57b1a) (QTypePair) : (500, 348)
16:23:33 INFO  [GH3]:   Unknown(0x3b15bf22) (QTypePair) : (190, 50)
16:23:33 INFO  [GH3]: }
16:23:33 INFO  [GH3]: {
16:23:33 INFO  [GH3]:   Unknown(0x40c698af) (QTypeQbKey) : 0x5a6bbf96
16:23:33 INFO  [GH3]:   Unknown(0xcce57b1a) (QTypePair) : (491, 436)
16:23:33 INFO  [GH3]:   Unknown(0x3b15bf22) (QTypePair) : (185, 35)
16:23:33 INFO  [GH3]: }
16:23:33 INFO  [GH3]: {
16:23:33 INFO  [GH3]:   Unknown(0x40c698af) (QTypeQbKey) : 0x8031d7fc
16:23:33 INFO  [GH3]:   Unknown(0xcce57b1a) (QTypePair) : (488, 521)
16:23:33 INFO  [GH3]:   Unknown(0x3b15bf22) (QTypePair) : (185, 40)
16:23:33 INFO  [GH3]: }
16:23:34 INFO  [GH3]: {
16:23:34 INFO  [GH3]:   Unknown(0x40c698af) (QTypeQbKey) : 0xcdb9661e
16:23:34 INFO  [GH3]:   Unknown(0xcce57b1a) (QTypePair) : (510, 135)
16:23:34 INFO  [GH3]:   Unknown(0x3b15bf22) (QTypePair) : (190, 39)
16:23:34 INFO  [GH3]: }
16:23:34 INFO  [GH3]: {
16:23:34 INFO  [GH3]:   Unknown(0x40c698af) (QTypeQbKey) : 0x24dac32b
16:23:35 INFO  [GH3]:   Unknown(0xcce57b1a) (QTypePair) : (505, 221)
16:23:35 INFO  [GH3]:   Unknown(0x3b15bf22) (QTypePair) : (192, 38)
16:23:35 INFO  [GH3]: }
16:23:35 INFO  [GH3]: {
16:23:35 INFO  [GH3]:   Unknown(0x40c698af) (QTypeQbKey) : 0xcad4a207
16:23:35 INFO  [GH3]:   Unknown(0xcce57b1a) (QTypePair) : (502, 302)
16:23:35 INFO  [GH3]:   Unknown(0x3b15bf22) (QTypePair) : (190, 55)
16:23:35 INFO  [GH3]: }
16:23:37 INFO  [GH3]: {
16:23:37 INFO  [GH3]:   Unknown(0x7323e97c) (QTypeQbArray) : Type:"QTypeQbArray" Size:1100321520
16:23:37 INFO  [GH3]: }
16:23:47 INFO  [GH3]: {
16:23:47 INFO  [GH3]:   Unknown(0x69d0dfaf) (QTypeInt) : 0
16:23:47 INFO  [GH3]:   Unknown(0xd4c98794) (QTypeWString) : "SAVING..."
16:23:47 INFO  [GH3]:   Unknown(0x26bf66f3) (QTypeQbStruct) : 
16:23:47 INFO  [GH3]: 	{
16:23:47 INFO  [GH3]: 	  Unknown(0xc4745838) (QTypeWString) : "Saving Content."
16:23:47 INFO  [GH3]: 	}
16:23:47 INFO  [GH3]: }
16:23:48 INFO  [GH3]: {
16:23:48 INFO  [GH3]:   Unknown(0x7323e97c) (QTypeQbArray) : Type:"QTypeQbArray" Size:1100317408
16:23:48 INFO  [GH3]: }
16:23:48 INFO  [GH3]: {
16:23:48 INFO  [GH3]:   Unknown(0x40c698af) (QTypeQbKey) : 0xcdb9661e
16:23:48 INFO  [GH3]:   Unknown(0xcce57b1a) (QTypePair) : (510, 135)
16:23:48 INFO  [GH3]:   Unknown(0x3b15bf22) (QTypePair) : (190, 39)
16:23:48 INFO  [GH3]: }
16:23:49 INFO  [GH3]: {
16:23:49 INFO  [GH3]:   Unknown(0x40c698af) (QTypeQbKey) : 0x24dac32b
16:23:49 INFO  [GH3]:   Unknown(0xcce57b1a) (QTypePair) : (505, 221)
16:23:49 INFO  [GH3]:   Unknown(0x3b15bf22) (QTypePair) : (192, 38)
16:23:49 INFO  [GH3]: }
16:23:49 INFO  [GH3]: {
16:23:49 INFO  [GH3]:   Unknown(0x40c698af) (QTypeQbKey) : 0xcad4a207
16:23:49 INFO  [GH3]:   Unknown(0xcce57b1a) (QTypePair) : (502, 302)
16:23:49 INFO  [GH3]:   Unknown(0x3b15bf22) (QTypePair) : (190, 55)
16:23:49 INFO  [GH3]: }
16:23:49 INFO  [GH3]: {
16:23:49 INFO  [GH3]:   Unknown(0x40c698af) (QTypeQbKey) : 0x2d6c8f00
16:23:49 INFO  [GH3]:   Unknown(0xcce57b1a) (QTypePair) : (495, 392)
16:23:49 INFO  [GH3]:   Unknown(0x3b15bf22) (QTypePair) : (190, 50)
16:23:49 INFO  [GH3]: }
16:23:49 INFO  [GH3]: {
16:23:49 INFO  [GH3]:   Unknown(0x40c698af) (QTypeQbKey) : 0xf736e76a
16:23:49 INFO  [GH3]:   Unknown(0xcce57b1a) (QTypePair) : (490, 480)
16:23:49 INFO  [GH3]:   Unknown(0x3b15bf22) (QTypePair) : (190, 50)
16:23:49 INFO  [GH3]: }
16:23:51 INFO  [GH3]: {
16:23:51 INFO  [GH3]:   Unknown(0x40c698af) (QTypeQbKey) : 0x54b037a4
16:23:51 INFO  [GH3]:   Unknown(0xcce57b1a) (QTypePair) : (512, 93)
16:23:51 INFO  [GH3]:   Unknown(0x3b15bf22) (QTypePair) : (190, 53)
16:23:51 INFO  [GH3]: }
16:23:53 INFO  [GH3]: {
16:23:53 INFO  [GH3]:   Unknown(0x00000000) (QTypeQbKey) : 0x43cde9c9
16:23:53 INFO  [GH3]:   Unknown(0x8d53f1a8) (QTypeCString) : "p1_career"
16:23:53 INFO  [GH3]:   Unknown(0x6f402ef3) (QTypeQbKey) : 0x27e6b559
16:23:53 INFO  [GH3]:   Unknown(0xf9461a46) (QTypeInt) : 0
16:23:53 INFO  [GH3]:   Unknown(0x56849e71) (QTypeInt) : 1
16:23:53 INFO  [GH3]:   Unknown(0x68e4ef11) (QTypeInt) : 1
16:23:53 INFO  [GH3]:   Unknown(0x06afff1e) (QTypeInt) : 0
16:23:53 INFO  [GH3]:   Unknown(0xfc2cdee3) (QTypeQbKey) : 0x6840922f
16:23:53 INFO  [GH3]:   Unknown(0x1fbdbe71) (QTypeInt) : 4294967295
16:23:53 INFO  [GH3]:   Unknown(0xb38db12c) (QTypeInt) : 4294967295
16:23:53 INFO  [GH3]:   Unknown(0x97ca3b34) (QTypeInt) : 4294967295
16:23:53 INFO  [GH3]:   Unknown(0x3ae567d9) (QTypeInt) : 4294967295
16:23:53 INFO  [GH3]:   Unknown(0xa1dc81f9) (QTypeWString) : "AA"
16:23:53 INFO  [GH3]:   Unknown(0xb65414e8) (QTypeQbKey) : 0x6840922f
16:23:53 INFO  [GH3]:   Unknown(0xfaea61a2) (QTypeCString) : "AA"
16:23:53 INFO  [GH3]:   Unknown(0x95e7b7e0) (QTypeInt) : 0
16:23:53 INFO  [GH3]:   Unknown(0x2f2a8266) (QTypeInt) : 0
16:23:53 INFO  [GH3]:   Unknown(0xa1519d6d) (QTypeInt) : 0
16:23:53 INFO  [GH3]:   Unknown(0xfddc5ce1) (QTypeInt) : 0
16:23:53 INFO  [GH3]:   Unknown(0x94fa81cd) (QTypeInt) : 0
16:23:53 INFO  [GH3]:   Unknown(0x47da89ec) (QTypeInt) : 0
16:23:53 INFO  [GH3]:   Unknown(0x841fb3b4) (QTypeInt) : 0
16:23:53 INFO  [GH3]:   Unknown(0x1a2c461f) (QTypeInt) : 0
16:23:53 INFO  [GH3]:   Unknown(0x4eac7a14) (QTypeInt) : 0
16:23:53 INFO  [GH3]:   Unknown(0x41a5caa6) (QTypeInt) : 0
16:23:53 INFO  [GH3]:   Unknown(0x20dd76c7) (QTypeInt) : 0
16:23:53 INFO  [GH3]:   Unknown(0xb9d4f601) (QTypeInt) : 0
16:23:53 INFO  [GH3]:   Unknown(0xf646cb13) (QTypeInt) : 0
16:23:53 INFO  [GH3]:   Unknown(0xfa991675) (QTypeInt) : 0
16:23:53 INFO  [GH3]:   Unknown(0x8ab4f025) (QTypeInt) : 0
16:23:53 INFO  [GH3]:   Unknown(0xfc3ed0e2) (QTypeInt) : 0
16:23:53 INFO  [GH3]:   Unknown(0x02c37560) (QTypeInt) : 0
16:23:53 INFO  [GH3]:   Unknown(0x75560617) (QTypeInt) : 0
16:23:53 INFO  [GH3]:   Unknown(0xb9131cee) (QTypeInt) : 0
16:23:53 INFO  [GH3]:   Unknown(0x2b039206) (QTypeInt) : 0
16:23:53 INFO  [GH3]: }
16:23:55 INFO  [GH3]: {
16:23:55 INFO  [GH3]:   Unknown(0x00000000) (QTypeQbKey) : 0x6086aa70
16:23:55 INFO  [GH3]:   Unknown(0x520c0c9c) (QTypeQbKey) : 0x806fff30
16:23:55 INFO  [GH3]:   Unknown(0x26861025) (QTypeQbKey) : 0x0000
16:23:55 INFO  [GH3]:   Unknown(0xec953eec) (QTypeInt) : 0
16:23:55 INFO  [GH3]: }
16:23:56 INFO  [GH3]: {
16:23:56 INFO  [GH3]:   Unknown(0x40c698af) (QTypeQbKey) : 0x9a17ba07
16:23:56 INFO  [GH3]: }
16:23:56 INFO  [GH3]: {
16:23:56 INFO  [GH3]:   Unknown(0x40c698af) (QTypeQbKey) : 0x7419db2b
16:23:56 INFO  [GH3]: }
16:23:56 INFO  [GH3]: {
16:23:56 INFO  [GH3]:   Unknown(0x40c698af) (QTypeQbKey) : 0x9d7a7e1e
16:23:56 INFO  [GH3]: }
16:23:56 INFO  [GH3]: {
16:23:56 INFO  [GH3]:   Unknown(0x40c698af) (QTypeQbKey) : 0x73741f32
16:23:56 INFO  [GH3]: }
16:23:56 INFO  [GH3]: {
16:23:56 INFO  [GH3]:   Unknown(0xb30d9965) (QTypeInt) : 0
16:23:56 INFO  [GH3]:   Unknown(0x40c698af) (QTypeQbKey) : 0x6d4944dd
16:23:56 INFO  [GH3]: }
16:23:56 INFO  [GH3]: {
16:23:56 INFO  [GH3]:   Unknown(0xb30d9965) (QTypeInt) : 0
16:23:56 INFO  [GH3]:   Unknown(0x40c698af) (QTypeQbKey) : 0x48bf9f2c
16:23:56 INFO  [GH3]: }
16:23:56 INFO  [GH3]: {
16:23:56 INFO  [GH3]:   Unknown(0xb30d9965) (QTypeInt) : 0
16:23:56 INFO  [GH3]:   Unknown(0x40c698af) (QTypeQbKey) : 0xa6b1fe00
16:23:56 INFO  [GH3]: }
16:23:56 INFO  [GH3]: {
16:23:56 INFO  [GH3]:   Unknown(0xb30d9965) (QTypeInt) : 0
16:23:56 INFO  [GH3]:   Unknown(0x40c698af) (QTypeQbKey) : 0x4fd25b35
16:23:56 INFO  [GH3]: }
16:23:56 INFO  [GH3]: {
16:23:56 INFO  [GH3]:   Unknown(0xb30d9965) (QTypeInt) : 0
16:23:56 INFO  [GH3]:   Unknown(0x40c698af) (QTypeQbKey) : 0xa1dc3a19
16:23:56 INFO  [GH3]: }
16:23:56 INFO  [GH3]: {
16:23:56 INFO  [GH3]:   Unknown(0xb30d9965) (QTypeInt) : 0
16:23:56 INFO  [GH3]:   Unknown(0x40c698af) (QTypeQbKey) : 0x4664171e
16:23:56 INFO  [GH3]: }
16:23:56 INFO  [GH3]: {
16:23:56 INFO  [GH3]:   Unknown(0xb30d9965) (QTypeInt) : 0
16:23:56 INFO  [GH3]:   Unknown(0x40c698af) (QTypeQbKey) : 0x51a4ae6d
16:23:56 INFO  [GH3]: }
16:23:56 INFO  [GH3]: {
16:23:56 INFO  [GH3]:   Unknown(0xb30d9965) (QTypeInt) : 0
16:23:56 INFO  [GH3]:   Unknown(0x40c698af) (QTypeQbKey) : 0xbfaacf41
16:23:57 INFO  [GH3]: }
16:23:57 INFO  [GH3]: {
16:23:57 INFO  [GH3]:   Unknown(0xb30d9965) (QTypeInt) : 0
16:23:57 INFO  [GH3]:   Unknown(0x40c698af) (QTypeQbKey) : 0x56c96a74
16:23:57 INFO  [GH3]: }
16:23:57 INFO  [GH3]: {
16:23:57 INFO  [GH3]:   Unknown(0xb30d9965) (QTypeInt) : 0
16:23:57 INFO  [GH3]:   Unknown(0x40c698af) (QTypeQbKey) : 0xb8c70b58
16:23:57 INFO  [GH3]: }
16:23:57 INFO  [GH3]: {
16:23:57 INFO  [GH3]:   Unknown(0xb30d9965) (QTypeInt) : 0
16:23:57 INFO  [GH3]:   Unknown(0x40c698af) (QTypeQbKey) : 0x5f7f265f
16:23:57 INFO  [GH3]: }
16:23:57 INFO  [GH3]: {
16:23:57 INFO  [GH3]:   Unknown(0xb30d9965) (QTypeInt) : 0
16:23:57 INFO  [GH3]:   Unknown(0x40c698af) (QTypeQbKey) : 0xd63cb2a2
16:23:57 INFO  [GH3]: }
16:23:57 INFO  [GH3]: {
16:23:57 INFO  [GH3]:   Unknown(0xb30d9965) (QTypeInt) : 0
16:23:57 INFO  [GH3]:   Unknown(0x40c698af) (QTypeQbKey) : 0x3832d38e
16:23:57 INFO  [GH3]: }
16:23:57 INFO  [GH3]: {
16:23:57 INFO  [GH3]:   Unknown(0xb30d9965) (QTypeInt) : 0
16:23:57 INFO  [GH3]:   Unknown(0x40c698af) (QTypeQbKey) : 0xd15176bb
16:23:57 INFO  [GH3]: }
16:23:57 INFO  [GH3]: {
16:23:57 INFO  [GH3]:   Unknown(0xb30d9965) (QTypeInt) : 0
16:23:57 INFO  [GH3]:   Unknown(0x40c698af) (QTypeQbKey) : 0x3f5f1797
16:23:57 INFO  [GH3]: }
16:23:57 INFO  [GH3]: {
16:23:57 INFO  [GH3]:   Unknown(0xb30d9965) (QTypeInt) : 0
16:23:57 INFO  [GH3]:   Unknown(0x40c698af) (QTypeQbKey) : 0xd8e73a90
16:23:57 INFO  [GH3]: }
16:23:57 INFO  [GH3]: {
16:23:57 INFO  [GH3]:   Unknown(0xb30d9965) (QTypeInt) : 0
16:23:57 INFO  [GH3]:   Unknown(0x40c698af) (QTypeQbKey) : 0xcf2783e3
16:23:57 INFO  [GH3]: }
16:23:57 INFO  [GH3]: {
16:23:57 INFO  [GH3]:   Unknown(0xb30d9965) (QTypeInt) : 0
16:23:57 INFO  [GH3]:   Unknown(0x40c698af) (QTypeQbKey) : 0x2129e2cf
16:23:57 INFO  [GH3]: }
16:23:57 INFO  [GH3]: {
16:23:57 INFO  [GH3]:   Unknown(0xb30d9965) (QTypeInt) : 0
16:23:57 INFO  [GH3]:   Unknown(0x40c698af) (QTypeQbKey) : 0xc84a47fa
16:23:57 INFO  [GH3]: }
16:23:57 INFO  [GH3]: {
16:23:57 INFO  [GH3]:   Unknown(0xb30d9965) (QTypeInt) : 0
16:23:57 INFO  [GH3]:   Unknown(0x40c698af) (QTypeQbKey) : 0x264426d6
16:23:57 INFO  [GH3]: }
16:23:57 INFO  [GH3]: {
16:23:57 INFO  [GH3]:   Unknown(0xb30d9965) (QTypeInt) : 0
16:23:57 INFO  [GH3]:   Unknown(0x40c698af) (QTypeQbKey) : 0xc1fc0bd1
16:23:57 INFO  [GH3]: }
16:24:00 INFO  [GH3]: {
16:24:00 INFO  [GH3]:   Unknown(0x00000000) (QTypeQbKey) : 0x6086aa70
16:24:00 INFO  [GH3]:   Unknown(0x520c0c9c) (QTypeQbKey) : 0x806fff30
16:24:00 INFO  [GH3]:   Unknown(0x26861025) (QTypeQbKey) : 0x0000
16:24:00 INFO  [GH3]:   Unknown(0xec953eec) (QTypeInt) : 0
16:24:00 INFO  [GH3]: }
16:24:00 INFO  [GH3]: {
16:24:00 INFO  [GH3]:   Unknown(0x83aaa1a0) (QTypeQbKey) : 0xeb323e20
16:24:00 INFO  [GH3]:   Unknown(0xdb616875) (QTypeInt) : 8
16:24:00 INFO  [GH3]:   Unknown(0xd8f1a5c6) (QTypeQbKey) : 0xf2937a7e
16:24:00 INFO  [GH3]:   Unknown(0xb7822ed8) (QTypeInt) : 4294967295
16:24:00 INFO  [GH3]:   Unknown(0xcc12115e) (QTypeQbKey) : 0x806fff30
16:24:00 INFO  [GH3]:   Unknown(0x8a4c762d) (QTypeQbKey) : 0x806fff30
16:24:00 INFO  [GH3]: }
16:24:00 INFO  [GH3]: {
16:24:00 INFO  [GH3]:   Unknown(0x00000000) (QTypeQbKey) : 0xff03cc4e
16:24:00 INFO  [GH3]:   Unknown(0x520c0c9c) (QTypeQbKey) : 0x806fff30
16:24:00 INFO  [GH3]:   Unknown(0x26861025) (QTypeQbKey) : 0x0000
16:24:00 INFO  [GH3]:   Unknown(0xec953eec) (QTypeInt) : 0
16:24:00 INFO  [GH3]: }
16:24:00 INFO  [GH3]: {
16:24:00 INFO  [GH3]:   Unknown(0x00000000) (QTypeQbKey) : 0xff03cc4e
16:24:00 INFO  [GH3]:   Unknown(0x520c0c9c) (QTypeQbKey) : 0x806fff30
16:24:00 INFO  [GH3]:   Unknown(0x26861025) (QTypeQbKey) : 0x0000
16:24:00 INFO  [GH3]:   Unknown(0xec953eec) (QTypeInt) : 0
16:24:00 INFO  [GH3]: }
16:24:00 INFO  [GH3]: {
16:24:00 INFO  [GH3]:   Unknown(0x00000000) (QTypeQbKey) : 0xff03cc4e
16:24:00 INFO  [GH3]:   Unknown(0x520c0c9c) (QTypeQbKey) : 0x806fff30
16:24:00 INFO  [GH3]:   Unknown(0x26861025) (QTypeQbKey) : 0x0000
16:24:00 INFO  [GH3]:   Unknown(0xec953eec) (QTypeInt) : 0
16:24:00 INFO  [GH3]: }
16:24:00 INFO  [GH3]: {
16:24:00 INFO  [GH3]:   Unknown(0x00000000) (QTypeQbKey) : 0xff03cc4e
16:24:00 INFO  [GH3]:   Unknown(0x520c0c9c) (QTypeQbKey) : 0x806fff30
16:24:00 INFO  [GH3]:   Unknown(0x26861025) (QTypeQbKey) : 0x0000
16:24:00 INFO  [GH3]:   Unknown(0xec953eec) (QTypeInt) : 0
16:24:00 INFO  [GH3]: }
16:24:00 INFO  [GH3]: {
16:24:00 INFO  [GH3]:   Unknown(0x00000000) (QTypeQbKey) : 0xff03cc4e
16:24:00 INFO  [GH3]:   Unknown(0x520c0c9c) (QTypeQbKey) : 0x806fff30
16:24:00 INFO  [GH3]:   Unknown(0x26861025) (QTypeQbKey) : 0x0000
16:24:00 INFO  [GH3]:   Unknown(0xec953eec) (QTypeInt) : 0
16:24:00 INFO  [GH3]: }
16:24:00 INFO  [GH3]: {
16:24:00 INFO  [GH3]:   Unknown(0x00000000) (QTypeQbKey) : 0xff03cc4e
16:24:00 INFO  [GH3]:   Unknown(0x520c0c9c) (QTypeQbKey) : 0x806fff30
16:24:00 INFO  [GH3]:   Unknown(0x26861025) (QTypeQbKey) : 0x0000
16:24:00 INFO  [GH3]:   Unknown(0xec953eec) (QTypeInt) : 0
16:24:00 INFO  [GH3]: }
16:24:00 INFO  [GH3]: {
16:24:00 INFO  [GH3]:   Unknown(0x00000000) (QTypeQbKey) : 0xff03cc4e
16:24:00 INFO  [GH3]:   Unknown(0x520c0c9c) (QTypeQbKey) : 0x806fff30
16:24:00 INFO  [GH3]:   Unknown(0x26861025) (QTypeQbKey) : 0x0000
16:24:00 INFO  [GH3]:   Unknown(0xec953eec) (QTypeInt) : 0
16:24:00 INFO  [GH3]: }
16:24:00 INFO  [GH3]: {
16:24:00 INFO  [GH3]:   Unknown(0x00000000) (QTypeQbKey) : 0xff03cc4e
16:24:00 INFO  [GH3]:   Unknown(0x520c0c9c) (QTypeQbKey) : 0x806fff30
16:24:00 INFO  [GH3]:   Unknown(0x26861025) (QTypeQbKey) : 0x0000
16:24:00 INFO  [GH3]:   Unknown(0xec953eec) (QTypeInt) : 0
16:24:00 INFO  [GH3]: }
16:24:00 INFO  [GH3]: {
16:24:00 INFO  [GH3]:   Unknown(0x00000000) (QTypeQbKey) : 0xff03cc4e
16:24:00 INFO  [GH3]:   Unknown(0x520c0c9c) (QTypeQbKey) : 0x806fff30
16:24:00 INFO  [GH3]:   Unknown(0x26861025) (QTypeQbKey) : 0x0000
16:24:00 INFO  [GH3]:   Unknown(0xec953eec) (QTypeInt) : 0
16:24:00 INFO  [GH3]: }
16:24:00 INFO  [GH3]: {
16:24:00 INFO  [GH3]:   Unknown(0x00000000) (QTypeQbKey) : 0xff03cc4e
16:24:00 INFO  [GH3]:   Unknown(0x520c0c9c) (QTypeQbKey) : 0x806fff30
16:24:00 INFO  [GH3]:   Unknown(0x26861025) (QTypeQbKey) : 0x0000
16:24:00 INFO  [GH3]:   Unknown(0xec953eec) (QTypeInt) : 0
16:24:00 INFO  [GH3]: }
16:24:00 INFO  [GH3]: {
16:24:00 INFO  [GH3]:   Unknown(0x2e41f796) (QTypeInt) : 3000
16:24:00 INFO  [GH3]:   Unknown(0x00000000) (QTypeQbKey) : 0xda99b63b
16:24:00 INFO  [GH3]: }
16:24:04 INFO  [GH3]: {
16:24:04 INFO  [GH3]:   Unknown(0x69d0dfaf) (QTypeInt) : 0
16:24:04 INFO  [GH3]:   Unknown(0x26bf66f3) (QTypeQbStruct) : 
16:24:04 INFO  [GH3]: 	{
16:24:04 INFO  [GH3]: 	  Unknown(0xc4745838) (QTypeStringPointer) : (not implemented, please report this to Vultu with your code!)
16:24:04 INFO  [GH3]: 	}
16:24:04 INFO  [GH3]:   Unknown(0xe787d761) (QTypePair) : (640, 490)
16:24:04 INFO  [GH3]:   Unknown(0xad8a5a63) (QTypePair) : (288, 64)
16:24:04 INFO  [GH3]:   Unknown(0x2fca0578) (QTypeQbArray) : Type:"QTypeQbArray" Size:1496621952
16:24:04 INFO  [GH3]: }
