16:33:45 INFO  [Nylon]: Wine was not detected. Assuming we are running on a Windows NT OS Please report this if this detection is an error.
16:33:45 INFO  [Nylon]: Minhook initialized!
16:33:45 INFO  [Nylon]: Setting up default hooks...
16:33:45 INFO  [Nylon]: Hooked function at address: 0x770689E0
16:33:45 INFO  [Nylon]: Hooked function at address: 0x77068320
16:33:45 INFO  [Nylon]: Hooked function at address: 0x77062520
16:33:45 INFO  [Nylon]: Hooked function at address: 0x00530970
16:33:45 INFO  [Nylon]: Hooked function at address: 0x00530940
16:33:45 INFO  [Nylon]: Hooked function at address: 0x004A1780
16:33:45 INFO  [Nylon]: Hooked function at address: 0x00472B50
16:33:45 INFO  [Nylon]: Hooked function at address: 0x0057B940
16:33:45 INFO  [Nylon]: Hooked function at address: 0x00601D30
16:33:45 INFO  [Nylon]: Hooked function at address: 0x0047DFA0
16:33:45 INFO  [Nylon]: Hooked function at address: 0x0057AE20
16:33:45 INFO  [Nylon]: Hooked function at address: 0x00D94EE8
16:33:45 INFO  [Nylon]: Hooked function at address: 0x004A6820
16:33:45 INFO  [Nylon]: Hooked function at address: 0x0047E5B0
16:33:45 INFO  [Nylon]: Finished setting up default hooks.
16:33:45 INFO  [Nylon]: Loading mods...
16:33:45 INFO  [Nylon]: Loading mods from: "C:\Games\Guitar Hero III\nylon\Mods"
16:33:45 INFO  [Nylon]: Checking for: "C:\Games\Guitar Hero III\nylon\Mods\GH3Deluxe\modinfo.json"...
16:33:45 INFO  [Nylon]: Loading...
16:33:45 INFO  [Nylon]: Found mod: gh3dx
16:33:45 INFO  [Nylon]: Finished loading mods.
16:33:45 INFO  [Nylon]: Finished Core Initialization!
16:33:46 INFO  [Nylon]: Expecting: "GH3Deluxe\pak\gh3dx.pak"
16:33:46 INFO  [Nylon]: Found it! Loading...
16:33:46 INFO  [Nylon]: Done!
16:33:46 INFO  [Nylon]: Hooking DirectX 9...
16:33:46 INFO  [Nylon]: Hooked function at address: 0x63116500
16:33:46 INFO  [Nylon]: Hooked function at address: 0x63116120
16:33:46 INFO  [Nylon]: Hooked function at address: 0x594DB040
16:33:46 ERROR [Nylon]: Failed to hook function at address: 0x594DB040 Error Code: 3
16:33:46 INFO  [Nylon]: Finished hooking DirectX 9.
16:33:46 INFO  [Nylon]: Hooked function at address: 0x594DC550
16:33:46 ERROR [Nylon]: Failed to hook function at address: 0x594DC550 Error Code: 3
16:33:47 INFO  [Nylon]: KeyboardSetCooperativeLevel -> 6
16:33:47 INFO  [Nylon]: KeyboardSetCooperativeLevel -> 5
16:33:49 INFO  [GH3]: {
16:33:49 INFO  [GH3]:   Unknown(0x69d0dfaf) (QTypeInt) : 0
16:33:49 INFO  [GH3]:   Unknown(0xd4c98794) (QTypeWString) : "CHECKING..."
16:33:49 INFO  [GH3]:   Unknown(0x26bf66f3) (QTypeQbStruct) : 
16:33:49 INFO  [GH3]: 	{
16:33:49 INFO  [GH3]: 	  Unknown(0xc4745838) (QTypeWString) : "Checking storage device..."
16:33:49 INFO  [GH3]: 	}
16:33:49 INFO  [GH3]: }
16:33:49 INFO  [GH3]: {
16:33:49 INFO  [GH3]:   Unknown(0x69d0dfaf) (QTypeInt) : 0
16:33:49 INFO  [GH3]:   Unknown(0x26bf66f3) (QTypeQbStruct) : 
16:33:49 INFO  [GH3]: 	{
16:33:49 INFO  [GH3]: 	  Unknown(0xc4745838) (QTypeWString) : "Game content is damaged and cannot be used. Do you want to delete this content? All progress within this save content will be lost."
16:33:49 INFO  [GH3]: 	  Unknown(0x34a68574) (QTypePair) : (800, 500)
16:33:49 INFO  [GH3]: 	  Unknown(0x7f261953) (QTypePair) : (640, 375)
16:33:49 INFO  [GH3]: 	  Unknown(0x13b9da7b) (QTypeFloat) : 0.5
16:33:49 INFO  [GH3]: 	}
16:33:49 INFO  [GH3]:   Unknown(0xe787d761) (QTypePair) : (640, 465)
16:33:49 INFO  [GH3]:   Unknown(0xad8a5a63) (QTypePair) : (256, 64)
16:33:49 INFO  [GH3]:   Unknown(0x2fca0578) (QTypeQbArray) : Type:"QTypeQbArray" Size:1105375824
16:33:49 INFO  [GH3]: }
16:33:49 INFO  [GH3]: {
16:33:49 INFO  [GH3]:   Unknown(0x69d0dfaf) (QTypeInt) : 0
16:33:49 INFO  [GH3]:   Unknown(0xd4c98794) (QTypeWString) : "SUCCESSFUL"
16:33:49 INFO  [GH3]:   Unknown(0x26bf66f3) (QTypeQbStruct) : 
16:33:49 INFO  [GH3]: 	{
16:33:49 INFO  [GH3]: 	  Unknown(0xc4745838) (QTypeWString) : "Load successful."
16:33:49 INFO  [GH3]: 	}
16:33:49 INFO  [GH3]: }
16:33:51 INFO  [GH3]: {
16:33:51 INFO  [GH3]:   Unknown(0x7323e97c) (QTypeQbArray) : Type:"QTypeQbArray" Size:1109209488
16:33:51 INFO  [GH3]: }
16:33:52 INFO  [GH3]: {
16:33:52 INFO  [GH3]:   Unknown(0x7323e97c) (QTypeQbArray) : Type:"QTypeQbArray" Size:1109212208
16:33:52 INFO  [GH3]: }
16:33:53 INFO  [GH3]: {
16:33:53 INFO  [GH3]:   Unknown(0x40c698af) (QTypeQbKey) : 0x8d38d384
16:33:53 INFO  [GH3]: }
16:33:53 INFO  [GH3]: {
16:33:53 INFO  [GH3]:   Unknown(0x40c698af) (QTypeQbKey) : 0xed108a91
16:33:53 INFO  [GH3]: }
16:33:53 INFO  [GH3]: {
16:33:53 INFO  [GH3]:   Unknown(0x40c698af) (QTypeQbKey) : 0x31eebbd
16:33:53 INFO  [GH3]: }
16:33:53 INFO  [GH3]: {
16:33:53 INFO  [GH3]:   Unknown(0x40c698af) (QTypeQbKey) : 0xea7d4e88
16:33:53 INFO  [GH3]: }
16:33:53 INFO  [GH3]: {
16:33:53 INFO  [GH3]:   Unknown(0x40c698af) (QTypeQbKey) : 0x4732fa4
16:33:53 INFO  [GH3]: }
16:33:54 INFO  [GH3]: {
16:33:54 INFO  [GH3]:   Unknown(0xb30d9965) (QTypeInt) : 0
16:33:54 INFO  [GH3]:   Unknown(0x40c698af) (QTypeQbKey) : 0x53a1d65e
16:33:54 INFO  [GH3]: }
16:33:54 INFO  [GH3]: {
16:33:54 INFO  [GH3]:   Unknown(0xb30d9965) (QTypeInt) : 0
16:33:54 INFO  [GH3]:   Unknown(0x40c698af) (QTypeQbKey) : 0xbac2736b
16:33:54 INFO  [GH3]: }
16:33:54 INFO  [GH3]: {
16:33:54 INFO  [GH3]:   Unknown(0xb30d9965) (QTypeInt) : 0
16:33:54 INFO  [GH3]:   Unknown(0x40c698af) (QTypeQbKey) : 0x54cc1247
16:33:54 INFO  [GH3]: }
16:33:54 INFO  [GH3]: {
16:33:54 INFO  [GH3]:   Unknown(0xb30d9965) (QTypeInt) : 0
16:33:54 INFO  [GH3]:   Unknown(0x40c698af) (QTypeQbKey) : 0xb3743f40
16:33:54 INFO  [GH3]: }
16:33:54 INFO  [GH3]: {
16:33:54 INFO  [GH3]:   Unknown(0xb30d9965) (QTypeInt) : 0
16:33:54 INFO  [GH3]:   Unknown(0x40c698af) (QTypeQbKey) : 0xa4b48633
16:33:54 INFO  [GH3]: }
16:33:54 INFO  [GH3]: {
16:33:54 INFO  [GH3]:   Unknown(0xb30d9965) (QTypeInt) : 0
16:33:54 INFO  [GH3]:   Unknown(0x40c698af) (QTypeQbKey) : 0x4abae71f
16:33:54 INFO  [GH3]: }
16:33:54 INFO  [GH3]: {
16:33:54 INFO  [GH3]:   Unknown(0xb30d9965) (QTypeInt) : 0
16:33:54 INFO  [GH3]:   Unknown(0x40c698af) (QTypeQbKey) : 0xa3d9422a
16:33:54 INFO  [GH3]: }
16:33:54 INFO  [GH3]: {
16:33:54 INFO  [GH3]:   Unknown(0xb30d9965) (QTypeInt) : 0
16:33:54 INFO  [GH3]:   Unknown(0x40c698af) (QTypeQbKey) : 0x4dd72306
16:33:54 INFO  [GH3]: }
16:33:54 INFO  [GH3]: {
16:33:54 INFO  [GH3]:   Unknown(0xb30d9965) (QTypeInt) : 0
16:33:54 INFO  [GH3]:   Unknown(0x40c698af) (QTypeQbKey) : 0xaa6f0e01
16:33:54 INFO  [GH3]: }
16:33:54 INFO  [GH3]: {
16:33:54 INFO  [GH3]:   Unknown(0xb30d9965) (QTypeInt) : 0
16:33:54 INFO  [GH3]:   Unknown(0x40c698af) (QTypeQbKey) : 0x8f99d5f0
16:33:54 INFO  [GH3]: }
16:33:54 INFO  [GH3]: {
16:33:54 INFO  [GH3]:   Unknown(0xb30d9965) (QTypeInt) : 0
16:33:54 INFO  [GH3]:   Unknown(0x40c698af) (QTypeQbKey) : 0x6197b4dc
16:33:54 INFO  [GH3]: }
16:33:54 INFO  [GH3]: {
16:33:54 INFO  [GH3]:   Unknown(0xb30d9965) (QTypeInt) : 0
16:33:54 INFO  [GH3]:   Unknown(0x40c698af) (QTypeQbKey) : 0x88f411e9
16:33:54 INFO  [GH3]: }
16:33:54 INFO  [GH3]: {
16:33:54 INFO  [GH3]:   Unknown(0xb30d9965) (QTypeInt) : 0
16:33:54 INFO  [GH3]:   Unknown(0x40c698af) (QTypeQbKey) : 0x66fa70c5
16:33:54 INFO  [GH3]: }
16:33:54 INFO  [GH3]: {
16:33:54 INFO  [GH3]:   Unknown(0xb30d9965) (QTypeInt) : 0
16:33:54 INFO  [GH3]:   Unknown(0x40c698af) (QTypeQbKey) : 0x81425dc2
16:33:54 INFO  [GH3]: }
16:33:54 INFO  [GH3]: {
16:33:54 INFO  [GH3]:   Unknown(0xb30d9965) (QTypeInt) : 0
16:33:54 INFO  [GH3]:   Unknown(0x40c698af) (QTypeQbKey) : 0x9682e4b1
16:33:54 INFO  [GH3]: }
16:33:54 INFO  [GH3]: {
16:33:54 INFO  [GH3]:   Unknown(0xb30d9965) (QTypeInt) : 0
16:33:54 INFO  [GH3]:   Unknown(0x40c698af) (QTypeQbKey) : 0x788c859d
16:33:54 INFO  [GH3]: }
16:33:54 INFO  [GH3]: {
16:33:54 INFO  [GH3]:   Unknown(0xb30d9965) (QTypeInt) : 0
16:33:54 INFO  [GH3]:   Unknown(0x40c698af) (QTypeQbKey) : 0x91ef20a8
16:33:54 INFO  [GH3]: }
16:33:55 INFO  [GH3]: {
16:33:55 INFO  [GH3]:   Unknown(0xb30d9965) (QTypeInt) : 0
16:33:55 INFO  [GH3]:   Unknown(0x40c698af) (QTypeQbKey) : 0x91ef20a8
16:33:55 INFO  [GH3]: }
16:33:55 INFO  [GH3]: {
16:33:55 INFO  [GH3]:   Unknown(0xb30d9965) (QTypeInt) : 0
16:33:55 INFO  [GH3]:   Unknown(0x40c698af) (QTypeQbKey) : 0x788c859d
16:33:55 INFO  [GH3]: }
16:33:56 INFO  [GH3]: {
16:33:56 INFO  [GH3]:   Unknown(0xb30d9965) (QTypeInt) : 0
16:33:56 INFO  [GH3]:   Unknown(0x40c698af) (QTypeQbKey) : 0x9682e4b1
16:33:56 INFO  [GH3]: }
16:33:56 INFO  [GH3]: {
16:33:56 INFO  [GH3]:   Unknown(0xb30d9965) (QTypeInt) : 0
16:33:56 INFO  [GH3]:   Unknown(0x40c698af) (QTypeQbKey) : 0x81425dc2
16:33:56 INFO  [GH3]: }
16:33:57 INFO  [GH3]: {
16:33:57 INFO  [GH3]:   Unknown(0xb30d9965) (QTypeInt) : 0
16:33:57 INFO  [GH3]:   Unknown(0x40c698af) (QTypeQbKey) : 0x66fa70c5
16:33:57 INFO  [GH3]: }
16:33:58 INFO  [GH3]: {
16:33:58 INFO  [GH3]:   Unknown(0x83aaa1a0) (QTypeQbKey) : 0xeb323e20
16:33:58 INFO  [GH3]:   Unknown(0xdb616875) (QTypeInt) : 6
16:33:58 INFO  [GH3]:   Unknown(0xd8f1a5c6) (QTypeQbKey) : 0xf1b7a54b
16:33:58 INFO  [GH3]:   Unknown(0xb7822ed8) (QTypeInt) : 4
16:33:58 INFO  [GH3]:   Unknown(0xcc12115e) (QTypeQbKey) : 0x7eb31858
16:33:58 INFO  [GH3]:   Unknown(0x8a4c762d) (QTypeQbKey) : 0xc5fe8c5
16:33:58 INFO  [GH3]: }
16:33:58 INFO  [GH3]: {
16:33:58 INFO  [GH3]:   Unknown(0x00000000) (QTypeQbKey) : 0xff03cc4e
16:33:58 INFO  [GH3]:   Unknown(0x520c0c9c) (QTypeQbKey) : 0x806fff30
16:33:58 INFO  [GH3]:   Unknown(0x26861025) (QTypeQbKey) : 0x0000
16:33:58 INFO  [GH3]:   Unknown(0xec953eec) (QTypeInt) : 0
16:33:58 INFO  [GH3]: }
16:33:58 INFO  [GH3]: {
16:33:58 INFO  [GH3]:   Unknown(0x83aaa1a0) (QTypeQbKey) : 0xeb323e20
16:33:58 INFO  [GH3]:   Unknown(0xdb616875) (QTypeInt) : 6
16:33:58 INFO  [GH3]:   Unknown(0xd8f1a5c6) (QTypeQbKey) : 0xf1b7a54b
16:33:58 INFO  [GH3]:   Unknown(0xb7822ed8) (QTypeInt) : 4
16:33:58 INFO  [GH3]:   Unknown(0xcc12115e) (QTypeQbKey) : 0x7eb31858
16:33:58 INFO  [GH3]:   Unknown(0x8a4c762d) (QTypeQbKey) : 0xc5fe8c5
16:33:58 INFO  [GH3]: }
16:33:58 INFO  [GH3]: {
16:33:58 INFO  [GH3]:   Unknown(0x7321a8d6) (QTypeQbKey) : 0xe5fa3adf
16:33:58 INFO  [GH3]: }
16:33:58 INFO  [GH3]: {
16:33:58 INFO  [GH3]:   Unknown(0x00000000) (QTypeQbKey) : 0x6086aa70
16:33:58 INFO  [GH3]:   Unknown(0x520c0c9c) (QTypeQbKey) : 0x806fff30
16:33:58 INFO  [GH3]:   Unknown(0x26861025) (QTypeQbKey) : 0x0000
16:33:58 INFO  [GH3]:   Unknown(0xec953eec) (QTypeInt) : 0
16:33:58 INFO  [GH3]: }
16:33:58 INFO  [GH3]: {
16:33:58 INFO  [GH3]:   Unknown(0x00000000) (QTypeQbKey) : 0x6086aa70
16:33:58 INFO  [GH3]:   Unknown(0x520c0c9c) (QTypeQbKey) : 0x806fff30
16:33:58 INFO  [GH3]:   Unknown(0x26861025) (QTypeQbKey) : 0x0000
16:33:58 INFO  [GH3]:   Unknown(0xec953eec) (QTypeInt) : 0
16:33:58 INFO  [GH3]: }
16:33:58 INFO  [GH3]: {
16:33:58 INFO  [GH3]:   Unknown(0x00000000) (QTypeQbKey) : 0x6086aa70
16:33:58 INFO  [GH3]:   Unknown(0x520c0c9c) (QTypeQbKey) : 0x806fff30
16:33:58 INFO  [GH3]:   Unknown(0x26861025) (QTypeQbKey) : 0x0000
16:33:58 INFO  [GH3]:   Unknown(0xec953eec) (QTypeInt) : 0
16:33:58 INFO  [GH3]: }
16:33:58 INFO  [GH3]: {
16:33:58 INFO  [GH3]:   Unknown(0x00000000) (QTypeQbKey) : 0x6086aa70
16:33:58 INFO  [GH3]:   Unknown(0x520c0c9c) (QTypeQbKey) : 0x806fff30
16:33:58 INFO  [GH3]:   Unknown(0x26861025) (QTypeQbKey) : 0x0000
16:33:58 INFO  [GH3]:   Unknown(0xec953eec) (QTypeInt) : 0
16:33:58 INFO  [GH3]: }
16:33:59 INFO  [GH3]: {
16:33:59 INFO  [GH3]:   Unknown(0x00000000) (QTypeQbKey) : 0x6086aa70
16:33:59 INFO  [GH3]:   Unknown(0x520c0c9c) (QTypeQbKey) : 0x806fff30
16:33:59 INFO  [GH3]:   Unknown(0x26861025) (QTypeQbKey) : 0x0000
16:33:59 INFO  [GH3]:   Unknown(0xec953eec) (QTypeInt) : 0
16:33:59 INFO  [GH3]: }
16:33:59 INFO  [GH3]: {
16:33:59 INFO  [GH3]:   Unknown(0x00000000) (QTypeQbKey) : 0x6086aa70
16:33:59 INFO  [GH3]:   Unknown(0x520c0c9c) (QTypeQbKey) : 0x806fff30
16:33:59 INFO  [GH3]:   Unknown(0x26861025) (QTypeQbKey) : 0x0000
16:33:59 INFO  [GH3]:   Unknown(0xec953eec) (QTypeInt) : 0
16:33:59 INFO  [GH3]: }
16:33:59 INFO  [GH3]: {
16:33:59 INFO  [GH3]:   Unknown(0x00000000) (QTypeQbKey) : 0x6086aa70
16:33:59 INFO  [GH3]:   Unknown(0x520c0c9c) (QTypeQbKey) : 0x806fff30
16:33:59 INFO  [GH3]:   Unknown(0x26861025) (QTypeQbKey) : 0x0000
16:33:59 INFO  [GH3]:   Unknown(0xec953eec) (QTypeInt) : 0
16:33:59 INFO  [GH3]: }
16:33:59 INFO  [GH3]: {
16:33:59 INFO  [GH3]:   Unknown(0x00000000) (QTypeQbKey) : 0x6086aa70
16:33:59 INFO  [GH3]:   Unknown(0x520c0c9c) (QTypeQbKey) : 0x806fff30
16:33:59 INFO  [GH3]:   Unknown(0x26861025) (QTypeQbKey) : 0x0000
16:33:59 INFO  [GH3]:   Unknown(0xec953eec) (QTypeInt) : 0
16:33:59 INFO  [GH3]: }
16:33:59 INFO  [GH3]: {
16:33:59 INFO  [GH3]:   Unknown(0x00000000) (QTypeQbKey) : 0x6086aa70
16:33:59 INFO  [GH3]:   Unknown(0x520c0c9c) (QTypeQbKey) : 0x806fff30
16:33:59 INFO  [GH3]:   Unknown(0x26861025) (QTypeQbKey) : 0x0000
16:33:59 INFO  [GH3]:   Unknown(0xec953eec) (QTypeInt) : 0
16:33:59 INFO  [GH3]: }
16:33:59 INFO  [GH3]: {
16:33:59 INFO  [GH3]:   Unknown(0x00000000) (QTypeQbKey) : 0x6086aa70
16:33:59 INFO  [GH3]:   Unknown(0x520c0c9c) (QTypeQbKey) : 0x806fff30
16:33:59 INFO  [GH3]:   Unknown(0x26861025) (QTypeQbKey) : 0x0000
16:33:59 INFO  [GH3]:   Unknown(0xec953eec) (QTypeInt) : 0
16:33:59 INFO  [GH3]: }
16:34:00 INFO  [GH3]: {
16:34:00 INFO  [GH3]:   Unknown(0x26bf66f3) (QTypeQbStruct) : 
16:34:00 INFO  [GH3]: 	{
16:34:00 INFO  [GH3]: 	  Unknown(0xc4745838) (QTypeWString) : "Your progress in this song will be lost if you exit to Practice now. Exit?"
16:34:00 INFO  [GH3]: 	  Unknown(0x34a68574) (QTypePair) : (600, 400)
16:34:00 INFO  [GH3]: 	  Unknown(0x13b9da7b) (QTypeFloat) : 0.6
16:34:00 INFO  [GH3]: 	}
16:34:00 INFO  [GH3]:   Unknown(0x69d0dfaf) (QTypeInt) : 0
16:34:00 INFO  [GH3]:   Unknown(0x00000000) (QTypeQbKey) : 0xeafc692e
16:34:00 INFO  [GH3]:   Unknown(0xe787d761) (QTypePair) : (640, 480)
16:34:00 INFO  [GH3]:   Unknown(0xad8a5a63) (QTypePair) : (600, 80)
16:34:00 INFO  [GH3]:   Unknown(0x2fca0578) (QTypeQbArray) : Type:"QTypeQbArray" Size:1388222928
16:34:00 INFO  [GH3]: }
16:34:04 INFO  [GH3]: {
16:34:04 INFO  [GH3]:   Unknown(0x2e41f796) (QTypeInt) : 5000
16:34:04 INFO  [GH3]:   Unknown(0x00000000) (QTypeQbKey) : 0x8013cbb1
16:34:04 INFO  [GH3]: }
16:34:26 INFO  [GH3]: {
16:34:26 INFO  [GH3]:   Unknown(0xb30d9965) (QTypeInt) : 0
16:34:26 INFO  [GH3]:   Unknown(0x40c698af) (QTypeQbKey) : 0xdd69a46b
16:34:26 INFO  [GH3]: }
16:34:30 INFO  [GH3]: {
16:34:30 INFO  [GH3]:   Unknown(0x7321a8d6) (QTypeQbKey) : 0x8013cbb1
16:34:30 INFO  [GH3]: }
16:34:30 INFO  [GH3]: {
16:34:30 INFO  [GH3]:   Unknown(0xd24f570c) (QTypeQbKey) : 0xf1b7a54b
16:34:30 INFO  [GH3]:   Unknown(0xff037ad9) (QTypeInt) : 100
16:34:30 INFO  [GH3]:   Unknown(0x006485e7) (QTypeInt) : 0
16:34:30 INFO  [GH3]:   Unknown(0x6a3568fb) (QTypeCString) : "avengedsevenfold-batcountry"
16:34:30 INFO  [GH3]:   Unknown(0x1fe8a064) (QTypeQbKey) : 0x9bf652fe
16:34:30 INFO  [GH3]:   Unknown(0xdcd6cb13) (QTypeCString) : "z_soundcheck"
16:34:30 INFO  [GH3]:   Unknown(0x77f45f83) (QTypeQbKey) : 0xba851c4
16:34:30 INFO  [GH3]:   Unknown(0x5f995af1) (QTypeQbKey) : 0x520dfcc4
16:34:30 INFO  [GH3]:   Unknown(0xc90bb972) (QTypeQbKey) : 0xfefc4c0f
16:34:30 INFO  [GH3]: }
16:34:32 INFO  [GH3]: {
16:34:32 INFO  [GH3]:   Unknown(0xb30d9965) (QTypeInt) : 0
16:34:32 INFO  [GH3]:   Unknown(0x40c698af) (QTypeQbKey) : 0xbda77c7a
16:34:32 INFO  [GH3]: }
16:34:32 INFO  [GH3]: {
16:34:32 INFO  [GH3]:   Unknown(0xb30d9965) (QTypeInt) : 0
16:34:32 INFO  [GH3]:   Unknown(0x40c698af) (QTypeQbKey) : 0x637c2536
16:34:32 INFO  [GH3]: }
16:34:32 INFO  [GH3]: {
16:34:32 INFO  [GH3]:   Unknown(0xb30d9965) (QTypeInt) : 0
16:34:32 INFO  [GH3]:   Unknown(0x40c698af) (QTypeQbKey) : 0x8d72441a
16:34:32 INFO  [GH3]: }
16:34:32 INFO  [GH3]: {
16:34:32 INFO  [GH3]:   Unknown(0xb30d9965) (QTypeInt) : 0
16:34:32 INFO  [GH3]:   Unknown(0x40c698af) (QTypeQbKey) : 0x6411e12f
16:34:32 INFO  [GH3]: }
16:34:32 INFO  [GH3]: {
16:34:32 INFO  [GH3]:   Unknown(0xb30d9965) (QTypeInt) : 0
16:34:32 INFO  [GH3]:   Unknown(0x40c698af) (QTypeQbKey) : 0x8a1f8003
16:34:32 INFO  [GH3]: }
16:34:32 INFO  [GH3]: {
16:34:32 INFO  [GH3]:   Unknown(0xb30d9965) (QTypeInt) : 0
16:34:32 INFO  [GH3]:   Unknown(0x40c698af) (QTypeQbKey) : 0x6da7ad04
16:34:32 INFO  [GH3]: }
16:34:32 INFO  [GH3]: {
16:34:32 INFO  [GH3]:   Unknown(0xb30d9965) (QTypeInt) : 0
16:34:32 INFO  [GH3]:   Unknown(0x40c698af) (QTypeQbKey) : 0x7a671477
16:34:32 INFO  [GH3]: }
16:34:32 INFO  [GH3]: {
16:34:32 INFO  [GH3]:   Unknown(0xb30d9965) (QTypeInt) : 0
16:34:32 INFO  [GH3]:   Unknown(0x40c698af) (QTypeQbKey) : 0x9469755b
16:34:32 INFO  [GH3]: }
16:34:32 INFO  [GH3]: {
16:34:32 INFO  [GH3]:   Unknown(0xb30d9965) (QTypeInt) : 0
16:34:32 INFO  [GH3]:   Unknown(0x40c698af) (QTypeQbKey) : 0x7d0ad06e
16:34:32 INFO  [GH3]: }
16:34:32 INFO  [GH3]: {
16:34:32 INFO  [GH3]:   Unknown(0xb30d9965) (QTypeInt) : 0
16:34:32 INFO  [GH3]:   Unknown(0x40c698af) (QTypeQbKey) : 0x9304b142
16:34:32 INFO  [GH3]: }
16:34:32 INFO  [GH3]: {
16:34:32 INFO  [GH3]:   Unknown(0xb30d9965) (QTypeInt) : 0
16:34:32 INFO  [GH3]:   Unknown(0x40c698af) (QTypeQbKey) : 0x74bc9c45
16:34:32 INFO  [GH3]: }
16:34:32 INFO  [GH3]: {
16:34:32 INFO  [GH3]:   Unknown(0xb30d9965) (QTypeInt) : 0
16:34:32 INFO  [GH3]:   Unknown(0x40c698af) (QTypeQbKey) : 0x514a47b4
16:34:32 INFO  [GH3]: }
16:34:32 INFO  [GH3]: {
16:34:32 INFO  [GH3]:   Unknown(0xb30d9965) (QTypeInt) : 0
16:34:32 INFO  [GH3]:   Unknown(0x40c698af) (QTypeQbKey) : 0xbf442698
16:34:32 INFO  [GH3]: }
16:34:33 INFO  [GH3]: {
16:34:33 INFO  [GH3]:   Unknown(0xb30d9965) (QTypeInt) : 0
16:34:33 INFO  [GH3]:   Unknown(0x40c698af) (QTypeQbKey) : 0x562783ad
16:34:33 INFO  [GH3]: }
16:34:33 INFO  [GH3]: {
16:34:33 INFO  [GH3]:   Unknown(0x40c698af) (QTypeQbKey) : 0xed108a91
16:34:33 INFO  [GH3]: }
16:34:33 INFO  [GH3]: {
16:34:33 INFO  [GH3]:   Unknown(0x40c698af) (QTypeQbKey) : 0x31eebbd
16:34:33 INFO  [GH3]: }
16:34:33 INFO  [GH3]: {
16:34:33 INFO  [GH3]:   Unknown(0x40c698af) (QTypeQbKey) : 0xea7d4e88
16:34:33 INFO  [GH3]: }
16:34:33 INFO  [GH3]: {
16:34:33 INFO  [GH3]:   Unknown(0x40c698af) (QTypeQbKey) : 0x4732fa4
16:34:33 INFO  [GH3]: }
16:34:34 INFO  [GH3]: {
16:34:34 INFO  [GH3]:   Unknown(0x00000000) (QTypeQbKey) : 0xff03cc4e
16:34:34 INFO  [GH3]:   Unknown(0x520c0c9c) (QTypeQbKey) : 0x806fff30
16:34:34 INFO  [GH3]:   Unknown(0x26861025) (QTypeQbKey) : 0x41ead750
16:34:34 INFO  [GH3]:   Unknown(0xec953eec) (QTypeInt) : 0
16:34:34 INFO  [GH3]: }
16:34:34 INFO  [GH3]: {
16:34:34 INFO  [GH3]:   Unknown(0xb30d9965) (QTypeInt) : 0
16:34:34 INFO  [GH3]:   Unknown(0x40c698af) (QTypeQbKey) : 0xfd4432a
16:34:34 INFO  [GH3]: }
16:34:36 INFO  [GH3]: {
16:34:36 INFO  [GH3]:   Unknown(0x7323e97c) (QTypeQbArray) : Type:"QTypeQbArray" Size:1388255040
16:34:36 INFO  [GH3]: }
