17:02:20 INFO  [Nylon]: Wine was not detected. Assuming we are running on a Windows NT OS Please report this if this detection is an error.
17:02:20 INFO  [Nylon]: Minhook initialized!
17:02:20 INFO  [Nylon]: Setting up default hooks...
17:02:20 INFO  [Nylon]: Hooked function at address: 0x770689E0
17:02:20 INFO  [Nylon]: Hooked function at address: 0x77068320
17:02:20 INFO  [Nylon]: Hooked function at address: 0x77062520
17:02:20 INFO  [Nylon]: Hooked function at address: 0x00530970
17:02:20 INFO  [Nylon]: Hooked function at address: 0x00530940
17:02:20 INFO  [Nylon]: Hooked function at address: 0x004A1780
17:02:20 INFO  [Nylon]: Hooked function at address: 0x00472B50
17:02:20 INFO  [Nylon]: Hooked function at address: 0x0057B940
17:02:20 INFO  [Nylon]: Hooked function at address: 0x00601D30
17:02:21 INFO  [Nylon]: Hooked function at address: 0x0047DFA0
17:02:21 INFO  [Nylon]: Hooked function at address: 0x0057AE20
17:02:21 INFO  [Nylon]: Hooked function at address: 0x00D94EE8
17:02:21 INFO  [Nylon]: Hooked function at address: 0x004A6820
17:02:21 INFO  [Nylon]: Hooked function at address: 0x0047E5B0
17:02:21 INFO  [Nylon]: Finished setting up default hooks.
17:02:21 INFO  [Nylon]: Loading mods...
17:02:21 INFO  [Nylon]: Loading mods from: "C:\Games\Guitar Hero III\nylon\Mods"
17:02:21 INFO  [Nylon]: Checking for: "C:\Games\Guitar Hero III\nylon\Mods\GH3Deluxe\modinfo.json"...
17:02:21 INFO  [Nylon]: Loading...
17:02:21 INFO  [Nylon]: Found mod: gh3dx
17:02:21 INFO  [Nylon]: Finished loading mods.
17:02:21 INFO  [Nylon]: Finished Core Initialization!
17:02:21 INFO  [Nylon]: Expecting: "GH3Deluxe\pak\gh3dx.pak"
17:02:21 INFO  [Nylon]: Found it! Loading...
17:02:21 INFO  [Nylon]: Done!
17:02:21 INFO  [Nylon]: Hooking DirectX 9...
17:02:21 INFO  [Nylon]: Hooked function at address: 0x5A706500
17:02:21 INFO  [Nylon]: Hooked function at address: 0x5A706120
17:02:21 INFO  [Nylon]: Hooked function at address: 0x7BCCB040
17:02:21 ERROR [Nylon]: Failed to hook function at address: 0x7BCCB040 Error Code: 3
17:02:21 INFO  [Nylon]: Finished hooking DirectX 9.
17:02:22 INFO  [Nylon]: Hooked function at address: 0x7BCCC550
17:02:22 ERROR [Nylon]: Failed to hook function at address: 0x7BCCC550 Error Code: 3
17:02:22 INFO  [Nylon]: KeyboardSetCooperativeLevel -> 6
17:02:22 INFO  [Nylon]: KeyboardSetCooperativeLevel -> 5
