19:12:56 INFO  [Nylon]: Wine was not detected. Assuming we are running on a Windows NT OS Please report this if this detection is an error.
19:12:56 INFO  [Nylon]: Minhook initialized!
19:12:56 INFO  [Nylon]: Setting up default hooks...
19:12:57 INFO  [Nylon]: Hooked function at address: 0x770689E0
19:12:57 INFO  [Nylon]: Hooked function at address: 0x77068320
19:12:57 INFO  [Nylon]: Hooked function at address: 0x77062520
19:12:57 INFO  [Nylon]: Hooked function at address: 0x00530970
19:12:57 INFO  [Nylon]: Hooked function at address: 0x00530940
19:12:57 INFO  [Nylon]: Hooked function at address: 0x004A1780
19:12:57 INFO  [Nylon]: Hooked function at address: 0x00472B50
19:12:57 INFO  [Nylon]: Hooked function at address: 0x0057B940
19:12:57 INFO  [Nylon]: Hooked function at address: 0x00601D30
19:12:57 INFO  [Nylon]: Hooked function at address: 0x0047DFA0
19:12:57 INFO  [Nylon]: Hooked function at address: 0x0057AE20
19:12:57 INFO  [Nylon]: Hooked function at address: 0x00D94EE8
19:12:57 INFO  [Nylon]: Hooked function at address: 0x004A6820
19:12:57 INFO  [Nylon]: Hooked function at address: 0x0047E5B0
19:12:57 INFO  [Nylon]: Finished setting up default hooks.
19:12:57 INFO  [Nylon]: Loading mods...
19:12:57 INFO  [Nylon]: Loading mods from: "C:\Games\Guitar Hero III\nylon\Mods"
19:12:57 INFO  [Nylon]: Checking for: "C:\Games\Guitar Hero III\nylon\Mods\GH3Deluxe\modinfo.json"...
19:12:57 INFO  [Nylon]: Loading...
19:12:57 INFO  [Nylon]: Found mod: gh3dx
19:12:57 INFO  [Nylon]: Finished loading mods.
19:12:57 INFO  [Nylon]: Finished Core Initialization!
19:12:58 INFO  [Nylon]: Expecting: "GH3Deluxe\pak\gh3dx.pak"
19:12:58 INFO  [Nylon]: Found it! Loading...
19:12:58 INFO  [Nylon]: Done!
19:12:58 INFO  [Nylon]: Hooking DirectX 9...
19:12:59 INFO  [Nylon]: Hooked function at address: 0x63116500
19:12:59 INFO  [Nylon]: Hooked function at address: 0x63116120
19:12:59 INFO  [Nylon]: Hooked function at address: 0x5935B040
19:12:59 ERROR [Nylon]: Failed to hook function at address: 0x5935B040 Error Code: 3
19:12:59 INFO  [Nylon]: Finished hooking DirectX 9.
19:12:59 INFO  [Nylon]: Hooked function at address: 0x5935C550
19:12:59 ERROR [Nylon]: Failed to hook function at address: 0x5935C550 Error Code: 3
19:12:59 INFO  [Nylon]: KeyboardSetCooperativeLevel -> 6
19:12:59 INFO  [Nylon]: KeyboardSetCooperativeLevel -> 5
19:13:01 INFO  [GH3]: {
19:13:01 INFO  [GH3]:   Unknown(0x69d0dfaf) (QTypeInt) : 0
19:13:01 INFO  [GH3]:   Unknown(0xd4c98794) (QTypeWString) : "CHECKING..."
19:13:01 INFO  [GH3]:   Unknown(0x26bf66f3) (QTypeQbStruct) : 
19:13:01 INFO  [GH3]: 	{
19:13:01 INFO  [GH3]: 	  Unknown(0xc4745838) (QTypeWString) : "Checking storage device..."
19:13:01 INFO  [GH3]: 	}
19:13:01 INFO  [GH3]: }
19:13:01 INFO  [GH3]: {
19:13:01 INFO  [GH3]:   Unknown(0x69d0dfaf) (QTypeInt) : 0
19:13:01 INFO  [GH3]:   Unknown(0x26bf66f3) (QTypeQbStruct) : 
19:13:01 INFO  [GH3]: 	{
19:13:01 INFO  [GH3]: 	  Unknown(0xc4745838) (QTypeWString) : "Game content is damaged and cannot be used. Do you want to delete this content? All progress within this save content will be lost."
19:13:01 INFO  [GH3]: 	  Unknown(0x34a68574) (QTypePair) : (800, 500)
19:13:01 INFO  [GH3]: 	  Unknown(0x7f261953) (QTypePair) : (640, 375)
19:13:01 INFO  [GH3]: 	  Unknown(0x13b9da7b) (QTypeFloat) : 0.5
19:13:01 INFO  [GH3]: 	}
19:13:01 INFO  [GH3]:   Unknown(0xe787d761) (QTypePair) : (640, 465)
19:13:01 INFO  [GH3]:   Unknown(0xad8a5a63) (QTypePair) : (256, 64)
19:13:01 INFO  [GH3]:   Unknown(0x2fca0578) (QTypeQbArray) : Type:"QTypeQbArray" Size:1106294480
19:13:01 INFO  [GH3]: }
19:13:02 INFO  [GH3]: {
19:13:02 INFO  [GH3]:   Unknown(0x69d0dfaf) (QTypeInt) : 0
19:13:02 INFO  [GH3]:   Unknown(0xd4c98794) (QTypeWString) : "SUCCESSFUL"
19:13:02 INFO  [GH3]:   Unknown(0x26bf66f3) (QTypeQbStruct) : 
19:13:02 INFO  [GH3]: 	{
19:13:02 INFO  [GH3]: 	  Unknown(0xc4745838) (QTypeWString) : "Load successful."
19:13:02 INFO  [GH3]: 	}
19:13:02 INFO  [GH3]: }
19:13:03 INFO  [GH3]: {
19:13:03 INFO  [GH3]:   Unknown(0x7323e97c) (QTypeQbArray) : Type:"QTypeQbArray" Size:1109885392
19:13:03 INFO  [GH3]: }
19:13:05 INFO  [GH3]: {
19:13:05 INFO  [GH3]:   Unknown(0x40c698af) (QTypeQbKey) : 0x14d63a13
19:13:05 INFO  [GH3]: }
19:13:06 INFO  [GH3]: {
19:13:06 INFO  [GH3]:   Unknown(0x40c698af) (QTypeQbKey) : 0xed108a91
19:13:06 INFO  [GH3]: }
19:13:06 INFO  [GH3]: {
19:13:06 INFO  [GH3]:   Unknown(0x40c698af) (QTypeQbKey) : 0x31eebbd
19:13:06 INFO  [GH3]: }
19:13:06 INFO  [GH3]: {
19:13:06 INFO  [GH3]:   Unknown(0x40c698af) (QTypeQbKey) : 0xea7d4e88
19:13:06 INFO  [GH3]: }
19:13:06 INFO  [GH3]: {
19:13:06 INFO  [GH3]:   Unknown(0x40c698af) (QTypeQbKey) : 0x4732fa4
19:13:06 INFO  [GH3]: }
19:13:06 INFO  [GH3]: {
19:13:06 INFO  [GH3]:   Unknown(0xb30d9965) (QTypeInt) : 0
19:13:06 INFO  [GH3]:   Unknown(0x40c698af) (QTypeQbKey) : 0xce03cb05
19:13:06 INFO  [GH3]: }
19:13:06 INFO  [GH3]: {
19:13:06 INFO  [GH3]:   Unknown(0xb30d9965) (QTypeInt) : 0
19:13:06 INFO  [GH3]:   Unknown(0x40c698af) (QTypeQbKey) : 0xebf510f4
19:13:06 INFO  [GH3]: }
19:13:06 INFO  [GH3]: {
19:13:06 INFO  [GH3]:   Unknown(0xb30d9965) (QTypeInt) : 0
19:13:06 INFO  [GH3]:   Unknown(0x40c698af) (QTypeQbKey) : 0x5fb71d8
19:13:06 INFO  [GH3]: }
19:13:06 INFO  [GH3]: {
19:13:06 INFO  [GH3]:   Unknown(0xb30d9965) (QTypeInt) : 0
19:13:06 INFO  [GH3]:   Unknown(0x40c698af) (QTypeQbKey) : 0xec98d4ed
19:13:06 INFO  [GH3]: }
19:13:06 INFO  [GH3]: {
19:13:06 INFO  [GH3]:   Unknown(0xb30d9965) (QTypeInt) : 0
19:13:06 INFO  [GH3]:   Unknown(0x40c698af) (QTypeQbKey) : 0x296b5c1
19:13:06 INFO  [GH3]: }
19:13:06 INFO  [GH3]: {
19:13:06 INFO  [GH3]:   Unknown(0xb30d9965) (QTypeInt) : 0
19:13:06 INFO  [GH3]:   Unknown(0x40c698af) (QTypeQbKey) : 0xe52e98c6
19:13:06 INFO  [GH3]: }
19:13:06 INFO  [GH3]: {
19:13:06 INFO  [GH3]:   Unknown(0xb30d9965) (QTypeInt) : 0
19:13:06 INFO  [GH3]:   Unknown(0x40c698af) (QTypeQbKey) : 0xf2ee21b5
19:13:06 INFO  [GH3]: }
19:13:06 INFO  [GH3]: {
19:13:06 INFO  [GH3]:   Unknown(0xb30d9965) (QTypeInt) : 0
19:13:06 INFO  [GH3]:   Unknown(0x40c698af) (QTypeQbKey) : 0x1ce04099
19:13:06 INFO  [GH3]: }
19:13:06 INFO  [GH3]: {
19:13:06 INFO  [GH3]:   Unknown(0xb30d9965) (QTypeInt) : 0
19:13:06 INFO  [GH3]:   Unknown(0x40c698af) (QTypeQbKey) : 0xf583e5ac
19:13:06 INFO  [GH3]: }
19:13:06 INFO  [GH3]: {
19:13:06 INFO  [GH3]:   Unknown(0xb30d9965) (QTypeInt) : 0
19:13:06 INFO  [GH3]:   Unknown(0x40c698af) (QTypeQbKey) : 0x1b8d8480
19:13:06 INFO  [GH3]: }
19:13:06 INFO  [GH3]: {
19:13:06 INFO  [GH3]:   Unknown(0xb30d9965) (QTypeInt) : 0
19:13:06 INFO  [GH3]:   Unknown(0x40c698af) (QTypeQbKey) : 0xfc35a987
19:13:06 INFO  [GH3]: }
19:13:06 INFO  [GH3]: {
19:13:06 INFO  [GH3]:   Unknown(0xb30d9965) (QTypeInt) : 0
19:13:06 INFO  [GH3]:   Unknown(0x40c698af) (QTypeQbKey) : 0xbdafb772
19:13:06 INFO  [GH3]: }
19:13:06 INFO  [GH3]: {
19:13:06 INFO  [GH3]:   Unknown(0xb30d9965) (QTypeInt) : 0
19:13:06 INFO  [GH3]:   Unknown(0x40c698af) (QTypeQbKey) : 0x53a1d65e
19:13:06 INFO  [GH3]: }
19:13:06 INFO  [GH3]: {
19:13:06 INFO  [GH3]:   Unknown(0xb30d9965) (QTypeInt) : 0
19:13:06 INFO  [GH3]:   Unknown(0x40c698af) (QTypeQbKey) : 0xbac2736b
19:13:06 INFO  [GH3]: }
19:13:06 INFO  [GH3]: {
19:13:06 INFO  [GH3]:   Unknown(0xb30d9965) (QTypeInt) : 0
19:13:06 INFO  [GH3]:   Unknown(0x40c698af) (QTypeQbKey) : 0x54cc1247
19:13:06 INFO  [GH3]: }
19:13:06 INFO  [GH3]: {
19:13:06 INFO  [GH3]:   Unknown(0xb30d9965) (QTypeInt) : 0
19:13:06 INFO  [GH3]:   Unknown(0x40c698af) (QTypeQbKey) : 0xb3743f40
19:13:06 INFO  [GH3]: }
19:13:06 INFO  [GH3]: {
19:13:06 INFO  [GH3]:   Unknown(0xb30d9965) (QTypeInt) : 0
19:13:06 INFO  [GH3]:   Unknown(0x40c698af) (QTypeQbKey) : 0xa4b48633
19:13:06 INFO  [GH3]: }
19:13:07 INFO  [GH3]: {
19:13:07 INFO  [GH3]:   Unknown(0xb30d9965) (QTypeInt) : 0
19:13:07 INFO  [GH3]:   Unknown(0x40c698af) (QTypeQbKey) : 0x4abae71f
19:13:07 INFO  [GH3]: }
19:13:08 INFO  [GH3]: {
19:13:08 INFO  [GH3]:   Unknown(0xb30d9965) (QTypeInt) : 0
19:13:08 INFO  [GH3]:   Unknown(0x40c698af) (QTypeQbKey) : 0xa4b48633
19:13:08 INFO  [GH3]: }
19:13:08 INFO  [GH3]: {
19:13:08 INFO  [GH3]:   Unknown(0xb30d9965) (QTypeInt) : 0
19:13:08 INFO  [GH3]:   Unknown(0x40c698af) (QTypeQbKey) : 0xb3743f40
19:13:08 INFO  [GH3]: }
19:13:09 INFO  [GH3]: {
19:13:09 INFO  [GH3]:   Unknown(0xb30d9965) (QTypeInt) : 0
19:13:09 INFO  [GH3]:   Unknown(0x40c698af) (QTypeQbKey) : 0x35ee5b3a
19:13:09 INFO  [GH3]: }
19:13:09 INFO  [GH3]: {
19:13:09 INFO  [GH3]:   Unknown(0xb30d9965) (QTypeInt) : 0
19:13:09 INFO  [GH3]:   Unknown(0x40c698af) (QTypeQbKey) : 0x222ee249
19:13:09 INFO  [GH3]: }
19:13:09 INFO  [GH3]: {
19:13:09 INFO  [GH3]:   Unknown(0xb30d9965) (QTypeInt) : 0
19:13:09 INFO  [GH3]:   Unknown(0x40c698af) (QTypeQbKey) : 0xcc208365
19:13:09 INFO  [GH3]: }
19:13:10 INFO  [GH3]: {
19:13:10 INFO  [GH3]:   Unknown(0xb30d9965) (QTypeInt) : 0
19:13:10 INFO  [GH3]:   Unknown(0x40c698af) (QTypeQbKey) : 0x25432650
19:13:10 INFO  [GH3]: }
19:13:10 INFO  [GH3]: {
19:13:10 INFO  [GH3]:   Unknown(0xb30d9965) (QTypeInt) : 0
19:13:10 INFO  [GH3]:   Unknown(0x40c698af) (QTypeQbKey) : 0xcb4d477c
19:13:10 INFO  [GH3]: }
19:13:10 INFO  [GH3]: {
19:13:10 INFO  [GH3]:   Unknown(0xb30d9965) (QTypeInt) : 0
19:13:10 INFO  [GH3]:   Unknown(0x40c698af) (QTypeQbKey) : 0x2cf56a7b
19:13:10 INFO  [GH3]: }
19:13:11 INFO  [GH3]: {
19:13:11 INFO  [GH3]:   Unknown(0xb30d9965) (QTypeInt) : 0
19:13:11 INFO  [GH3]:   Unknown(0x40c698af) (QTypeQbKey) : 0xa5b6fe86
19:13:11 INFO  [GH3]: }
19:13:11 INFO  [GH3]: {
19:13:11 INFO  [GH3]:   Unknown(0xb30d9965) (QTypeInt) : 0
19:13:11 INFO  [GH3]:   Unknown(0x40c698af) (QTypeQbKey) : 0x4bb89faa
19:13:11 INFO  [GH3]: }
19:13:12 INFO  [GH3]: {
19:13:12 INFO  [GH3]:   Unknown(0xb30d9965) (QTypeInt) : 0
19:13:12 INFO  [GH3]:   Unknown(0x40c698af) (QTypeQbKey) : 0xa2db3a9f
19:13:12 INFO  [GH3]: }
19:13:12 INFO  [GH3]: {
19:13:12 INFO  [GH3]:   Unknown(0xb30d9965) (QTypeInt) : 0
19:13:12 INFO  [GH3]:   Unknown(0x40c698af) (QTypeQbKey) : 0x4cd55bb3
19:13:12 INFO  [GH3]: }
19:13:13 INFO  [GH3]: {
19:13:13 INFO  [GH3]:   Unknown(0xb30d9965) (QTypeInt) : 0
19:13:13 INFO  [GH3]:   Unknown(0x40c698af) (QTypeQbKey) : 0xab6d76b4
19:13:13 INFO  [GH3]: }
19:13:13 INFO  [GH3]: {
19:13:13 INFO  [GH3]:   Unknown(0xb30d9965) (QTypeInt) : 0
19:13:13 INFO  [GH3]:   Unknown(0x40c698af) (QTypeQbKey) : 0xbcadcfc7
19:13:13 INFO  [GH3]: }
19:13:14 INFO  [GH3]: {
19:13:14 INFO  [GH3]:   Unknown(0xb30d9965) (QTypeInt) : 0
19:13:14 INFO  [GH3]:   Unknown(0x40c698af) (QTypeQbKey) : 0xbcadcfc7
19:13:14 INFO  [GH3]: }
19:13:14 INFO  [GH3]: {
19:13:14 INFO  [GH3]:   Unknown(0xb30d9965) (QTypeInt) : 0
19:13:14 INFO  [GH3]:   Unknown(0x40c698af) (QTypeQbKey) : 0xab6d76b4
19:13:14 INFO  [GH3]: }
19:13:14 INFO  [GH3]: {
19:13:14 INFO  [GH3]:   Unknown(0xb30d9965) (QTypeInt) : 0
19:13:14 INFO  [GH3]:   Unknown(0x40c698af) (QTypeQbKey) : 0x4cd55bb3
19:13:14 INFO  [GH3]: }
19:13:14 INFO  [GH3]: {
19:13:14 INFO  [GH3]:   Unknown(0xb30d9965) (QTypeInt) : 0
19:13:14 INFO  [GH3]:   Unknown(0x40c698af) (QTypeQbKey) : 0xa2db3a9f
19:13:14 INFO  [GH3]: }
19:13:14 INFO  [GH3]: {
19:13:14 INFO  [GH3]:   Unknown(0xb30d9965) (QTypeInt) : 0
19:13:14 INFO  [GH3]:   Unknown(0x40c698af) (QTypeQbKey) : 0x4bb89faa
19:13:14 INFO  [GH3]: }
19:13:14 INFO  [GH3]: {
19:13:14 INFO  [GH3]:   Unknown(0xb30d9965) (QTypeInt) : 0
19:13:14 INFO  [GH3]:   Unknown(0x40c698af) (QTypeQbKey) : 0xa5b6fe86
19:13:14 INFO  [GH3]: }
19:13:14 INFO  [GH3]: {
19:13:14 INFO  [GH3]:   Unknown(0xb30d9965) (QTypeInt) : 0
19:13:14 INFO  [GH3]:   Unknown(0x40c698af) (QTypeQbKey) : 0x2cf56a7b
19:13:14 INFO  [GH3]: }
19:13:15 INFO  [GH3]: {
19:13:15 INFO  [GH3]:   Unknown(0xb30d9965) (QTypeInt) : 0
19:13:15 INFO  [GH3]:   Unknown(0x40c698af) (QTypeQbKey) : 0xcb4d477c
19:13:15 INFO  [GH3]: }
19:13:15 INFO  [GH3]: {
19:13:15 INFO  [GH3]:   Unknown(0xb30d9965) (QTypeInt) : 0
19:13:15 INFO  [GH3]:   Unknown(0x40c698af) (QTypeQbKey) : 0x25432650
19:13:15 INFO  [GH3]: }
19:13:16 INFO  [GH3]: {
19:13:16 INFO  [GH3]:   Unknown(0xb30d9965) (QTypeInt) : 0
19:13:16 INFO  [GH3]:   Unknown(0x40c698af) (QTypeQbKey) : 0xcc208365
19:13:16 INFO  [GH3]: }
19:13:16 INFO  [GH3]: {
19:13:16 INFO  [GH3]:   Unknown(0xb30d9965) (QTypeInt) : 0
19:13:16 INFO  [GH3]:   Unknown(0x40c698af) (QTypeQbKey) : 0xa92bc8ed
19:13:16 INFO  [GH3]: }
19:13:17 INFO  [GH3]: {
19:13:17 INFO  [GH3]:   Unknown(0xb30d9965) (QTypeInt) : 0
19:13:17 INFO  [GH3]:   Unknown(0x40c698af) (QTypeQbKey) : 0xbeeb719e
19:13:17 INFO  [GH3]: }
19:13:21 INFO  [GH3]: {
19:13:21 INFO  [GH3]:   Unknown(0xb30d9965) (QTypeInt) : 0
19:13:21 INFO  [GH3]:   Unknown(0x40c698af) (QTypeQbKey) : 0xbeeb719e
19:13:21 INFO  [GH3]: }
19:13:22 INFO  [GH3]: {
19:13:22 INFO  [GH3]:   Unknown(0x83aaa1a0) (QTypeQbKey) : 0xeb323e20
19:13:22 INFO  [GH3]:   Unknown(0xdb616875) (QTypeInt) : 1
19:13:22 INFO  [GH3]:   Unknown(0xd8f1a5c6) (QTypeQbKey) : 0xc075a328
19:13:22 INFO  [GH3]:   Unknown(0xb7822ed8) (QTypeInt) : 4294967295
19:13:22 INFO  [GH3]:   Unknown(0xcc12115e) (QTypeQbKey) : 0x806fff30
19:13:22 INFO  [GH3]:   Unknown(0x8a4c762d) (QTypeQbKey) : 0x806fff30
19:13:22 INFO  [GH3]: }
19:13:22 INFO  [GH3]: {
19:13:22 INFO  [GH3]:   Unknown(0x00000000) (QTypeQbKey) : 0x6086aa70
19:13:22 INFO  [GH3]:   Unknown(0x520c0c9c) (QTypeQbKey) : 0x806fff30
19:13:22 INFO  [GH3]:   Unknown(0x26861025) (QTypeQbKey) : 0x0000
19:13:22 INFO  [GH3]:   Unknown(0xec953eec) (QTypeInt) : 0
19:13:22 INFO  [GH3]: }
19:13:22 INFO  [GH3]: {
19:13:22 INFO  [GH3]:   Unknown(0x83aaa1a0) (QTypeQbKey) : 0xeb323e20
19:13:22 INFO  [GH3]:   Unknown(0xdb616875) (QTypeInt) : 1
19:13:22 INFO  [GH3]:   Unknown(0xd8f1a5c6) (QTypeQbKey) : 0xc075a328
19:13:22 INFO  [GH3]:   Unknown(0xb7822ed8) (QTypeInt) : 4294967295
19:13:22 INFO  [GH3]:   Unknown(0xcc12115e) (QTypeQbKey) : 0x806fff30
19:13:22 INFO  [GH3]:   Unknown(0x8a4c762d) (QTypeQbKey) : 0x806fff30
19:13:22 INFO  [GH3]: }
19:13:22 INFO  [GH3]: {
19:13:22 INFO  [GH3]:   Unknown(0x00000000) (QTypeQbKey) : 0xff03cc4e
19:13:22 INFO  [GH3]:   Unknown(0x520c0c9c) (QTypeQbKey) : 0x806fff30
19:13:22 INFO  [GH3]:   Unknown(0x26861025) (QTypeQbKey) : 0x0000
19:13:22 INFO  [GH3]:   Unknown(0xec953eec) (QTypeInt) : 0
19:13:22 INFO  [GH3]: }
19:13:22 INFO  [GH3]: {
19:13:22 INFO  [GH3]:   Unknown(0x00000000) (QTypeQbKey) : 0xff03cc4e
19:13:22 INFO  [GH3]:   Unknown(0x520c0c9c) (QTypeQbKey) : 0x806fff30
19:13:22 INFO  [GH3]:   Unknown(0x26861025) (QTypeQbKey) : 0x0000
19:13:22 INFO  [GH3]:   Unknown(0xec953eec) (QTypeInt) : 0
19:13:22 INFO  [GH3]: }
19:13:23 INFO  [GH3]: {
19:13:23 INFO  [GH3]:   Unknown(0x00000000) (QTypeQbKey) : 0xff03cc4e
19:13:23 INFO  [GH3]:   Unknown(0x520c0c9c) (QTypeQbKey) : 0x806fff30
19:13:23 INFO  [GH3]:   Unknown(0x26861025) (QTypeQbKey) : 0x0000
19:13:23 INFO  [GH3]:   Unknown(0xec953eec) (QTypeInt) : 0
19:13:23 INFO  [GH3]: }
19:13:23 INFO  [GH3]: {
19:13:23 INFO  [GH3]:   Unknown(0x00000000) (QTypeQbKey) : 0xff03cc4e
19:13:23 INFO  [GH3]:   Unknown(0x520c0c9c) (QTypeQbKey) : 0x806fff30
19:13:23 INFO  [GH3]:   Unknown(0x26861025) (QTypeQbKey) : 0x0000
19:13:23 INFO  [GH3]:   Unknown(0xec953eec) (QTypeInt) : 0
19:13:23 INFO  [GH3]: }
19:13:23 INFO  [GH3]: {
19:13:23 INFO  [GH3]:   Unknown(0x00000000) (QTypeQbKey) : 0xff03cc4e
19:13:23 INFO  [GH3]:   Unknown(0x520c0c9c) (QTypeQbKey) : 0x806fff30
19:13:23 INFO  [GH3]:   Unknown(0x26861025) (QTypeQbKey) : 0x0000
19:13:23 INFO  [GH3]:   Unknown(0xec953eec) (QTypeInt) : 0
19:13:23 INFO  [GH3]: }
19:13:23 INFO  [GH3]: {
19:13:23 INFO  [GH3]:   Unknown(0x00000000) (QTypeQbKey) : 0xff03cc4e
19:13:23 INFO  [GH3]:   Unknown(0x520c0c9c) (QTypeQbKey) : 0x806fff30
19:13:23 INFO  [GH3]:   Unknown(0x26861025) (QTypeQbKey) : 0x0000
19:13:23 INFO  [GH3]:   Unknown(0xec953eec) (QTypeInt) : 0
19:13:23 INFO  [GH3]: }
19:13:23 INFO  [GH3]: {
19:13:23 INFO  [GH3]:   Unknown(0x00000000) (QTypeQbKey) : 0xff03cc4e
19:13:23 INFO  [GH3]:   Unknown(0x520c0c9c) (QTypeQbKey) : 0x806fff30
19:13:23 INFO  [GH3]:   Unknown(0x26861025) (QTypeQbKey) : 0x0000
19:13:23 INFO  [GH3]:   Unknown(0xec953eec) (QTypeInt) : 0
19:13:23 INFO  [GH3]: }
19:13:23 INFO  [GH3]: {
19:13:23 INFO  [GH3]:   Unknown(0x00000000) (QTypeQbKey) : 0xff03cc4e
19:13:23 INFO  [GH3]:   Unknown(0x520c0c9c) (QTypeQbKey) : 0x806fff30
19:13:23 INFO  [GH3]:   Unknown(0x26861025) (QTypeQbKey) : 0x0000
19:13:23 INFO  [GH3]:   Unknown(0xec953eec) (QTypeInt) : 0
19:13:23 INFO  [GH3]: }
19:13:23 INFO  [GH3]: {
19:13:23 INFO  [GH3]:   Unknown(0x00000000) (QTypeQbKey) : 0xff03cc4e
19:13:23 INFO  [GH3]:   Unknown(0x520c0c9c) (QTypeQbKey) : 0x806fff30
19:13:23 INFO  [GH3]:   Unknown(0x26861025) (QTypeQbKey) : 0x0000
19:13:23 INFO  [GH3]:   Unknown(0xec953eec) (QTypeInt) : 0
19:13:23 INFO  [GH3]: }
19:13:23 INFO  [GH3]: {
19:13:23 INFO  [GH3]:   Unknown(0x00000000) (QTypeQbKey) : 0xff03cc4e
19:13:23 INFO  [GH3]:   Unknown(0x520c0c9c) (QTypeQbKey) : 0x806fff30
19:13:23 INFO  [GH3]:   Unknown(0x26861025) (QTypeQbKey) : 0x0000
19:13:23 INFO  [GH3]:   Unknown(0xec953eec) (QTypeInt) : 0
19:13:23 INFO  [GH3]: }
19:13:24 INFO  [GH3]: {
19:13:24 INFO  [GH3]:   Unknown(0x2e41f796) (QTypeInt) : 8000
19:13:24 INFO  [GH3]: }
19:13:27 INFO  [GH3]: {
19:13:27 INFO  [GH3]:   Unknown(0x83aaa1a0) (QTypeQbKey) : 0xeb323e20
19:13:27 INFO  [GH3]:   Unknown(0xdb616875) (QTypeInt) : 1
19:13:27 INFO  [GH3]:   Unknown(0xd8f1a5c6) (QTypeQbKey) : 0xc075a328
19:13:27 INFO  [GH3]:   Unknown(0xb7822ed8) (QTypeInt) : 4
19:13:27 INFO  [GH3]:   Unknown(0xcc12115e) (QTypeQbKey) : 0x846455dc
19:13:27 INFO  [GH3]:   Unknown(0x8a4c762d) (QTypeQbKey) : 0x923b7d66
19:13:27 INFO  [GH3]: }
19:13:27 INFO  [GH3]: {
19:13:27 INFO  [GH3]:   Unknown(0x83aaa1a0) (QTypeQbKey) : 0xeb323e20
19:13:27 INFO  [GH3]:   Unknown(0xdb616875) (QTypeInt) : 1
19:13:27 INFO  [GH3]:   Unknown(0xd8f1a5c6) (QTypeQbKey) : 0xc075a328
19:13:27 INFO  [GH3]:   Unknown(0xb7822ed8) (QTypeInt) : 4
19:13:27 INFO  [GH3]:   Unknown(0xcc12115e) (QTypeQbKey) : 0x846455dc
19:13:27 INFO  [GH3]:   Unknown(0x8a4c762d) (QTypeQbKey) : 0x923b7d66
19:13:27 INFO  [GH3]: }
19:13:27 INFO  [GH3]: {
19:13:27 INFO  [GH3]:   Unknown(0x7321a8d6) (QTypeQbKey) : 0xbbda0406
19:13:27 INFO  [GH3]: }
19:18:28 INFO  [GH3]: {
19:18:28 INFO  [GH3]:   Unknown(0x26bf66f3) (QTypeQbStruct) : 
19:18:28 INFO  [GH3]: 	{
19:18:28 INFO  [GH3]: 	  Unknown(0xc4745838) (QTypeWString) : "You will lose all unsaved progress if you quit. Are you sure you want to quit this song?"
19:18:28 INFO  [GH3]: 	  Unknown(0x34a68574) (QTypePair) : (600, 400)
19:18:28 INFO  [GH3]: 	  Unknown(0x13b9da7b) (QTypeFloat) : 0.6
19:18:28 INFO  [GH3]: 	}
19:18:28 INFO  [GH3]:   Unknown(0x69d0dfaf) (QTypeInt) : 0
19:18:28 INFO  [GH3]:   Unknown(0x00000000) (QTypeQbKey) : 0xeafc692e
19:18:28 INFO  [GH3]:   Unknown(0xe787d761) (QTypePair) : (640, 480)
19:18:28 INFO  [GH3]:   Unknown(0xad8a5a63) (QTypePair) : (600, 80)
19:18:28 INFO  [GH3]:   Unknown(0x2fca0578) (QTypeQbArray) : Type:"QTypeQbArray" Size:1109894432
19:18:28 INFO  [GH3]: }
19:18:31 INFO  [GH3]: {
19:18:31 INFO  [GH3]:   Unknown(0x7323e97c) (QTypeQbArray) : Type:"QTypeQbArray" Size:1109914720
19:18:31 INFO  [GH3]: }
