19:49:56 INFO  [Nylon]: Wine was not detected. Assuming we are running on a Windows NT OS Please report this if this detection is an error.
19:49:56 INFO  [Nylon]: Minhook initialized!
19:49:56 INFO  [Nylon]: Setting up default hooks...
19:49:56 INFO  [Nylon]: Hooked function at address: 0x770689E0
19:49:57 INFO  [Nylon]: Hooked function at address: 0x77068320
19:49:57 INFO  [Nylon]: Hooked function at address: 0x77062520
19:49:57 INFO  [Nylon]: Hooked function at address: 0x00530970
19:49:57 INFO  [Nylon]: Hooked function at address: 0x00530940
19:49:57 INFO  [Nylon]: Hooked function at address: 0x004A1780
19:49:57 INFO  [Nylon]: Hooked function at address: 0x00472B50
19:49:57 INFO  [Nylon]: Hooked function at address: 0x0057B940
19:49:57 INFO  [Nylon]: Hooked function at address: 0x00601D30
19:49:57 INFO  [Nylon]: Hooked function at address: 0x0047DFA0
19:49:57 INFO  [Nylon]: Hooked function at address: 0x0057AE20
19:49:57 INFO  [Nylon]: Hooked function at address: 0x00D94EE8
19:49:57 INFO  [Nylon]: Hooked function at address: 0x004A6820
19:49:57 INFO  [Nylon]: Hooked function at address: 0x0047E5B0
19:49:57 INFO  [Nylon]: Finished setting up default hooks.
19:49:57 INFO  [Nylon]: Loading mods...
19:49:57 INFO  [Nylon]: Loading mods from: "C:\Games\Guitar Hero III\nylon\Mods"
19:49:57 INFO  [Nylon]: Checking for: "C:\Games\Guitar Hero III\nylon\Mods\GH3Deluxe\modinfo.json"...
19:49:57 INFO  [Nylon]: Loading...
19:49:57 INFO  [Nylon]: Found mod: gh3dx
19:49:57 INFO  [Nylon]: Finished loading mods.
19:49:57 INFO  [Nylon]: Finished Core Initialization!
19:49:58 INFO  [Nylon]: Expecting: "GH3Deluxe\pak\gh3dx.pak"
19:49:58 INFO  [Nylon]: Found it! Loading...
19:49:58 INFO  [Nylon]: Done!
19:49:58 INFO  [Nylon]: Hooking DirectX 9...
19:49:58 INFO  [Nylon]: Hooked function at address: 0x5A706500
19:49:58 INFO  [Nylon]: Hooked function at address: 0x5A706120
19:49:58 INFO  [Nylon]: Hooked function at address: 0x7BCCB040
19:49:58 ERROR [Nylon]: Failed to hook function at address: 0x7BCCB040 Error Code: 3
19:49:58 INFO  [Nylon]: Finished hooking DirectX 9.
19:49:58 INFO  [Nylon]: Hooked function at address: 0x7BCCC550
19:49:58 ERROR [Nylon]: Failed to hook function at address: 0x7BCCC550 Error Code: 3
19:49:58 INFO  [Nylon]: KeyboardSetCooperativeLevel -> 6
19:49:58 INFO  [Nylon]: KeyboardSetCooperativeLevel -> 5
19:50:01 INFO  [GH3]: {
19:50:01 INFO  [GH3]:   Unknown(0x69d0dfaf) (QTypeInt) : 0
19:50:01 INFO  [GH3]:   Unknown(0xd4c98794) (QTypeWString) : "CHECKING..."
19:50:01 INFO  [GH3]:   Unknown(0x26bf66f3) (QTypeQbStruct) : 
19:50:01 INFO  [GH3]: 	{
19:50:01 INFO  [GH3]: 	  Unknown(0xc4745838) (QTypeWString) : "Checking storage device..."
19:50:01 INFO  [GH3]: 	}
19:50:01 INFO  [GH3]: }
19:50:01 INFO  [GH3]: {
19:50:01 INFO  [GH3]:   Unknown(0x69d0dfaf) (QTypeInt) : 0
19:50:01 INFO  [GH3]:   Unknown(0xd4c98794) (QTypeWString) : "DELETING..."
19:50:01 INFO  [GH3]:   Unknown(0x26bf66f3) (QTypeQbStruct) : 
19:50:01 INFO  [GH3]: 	{
19:50:01 INFO  [GH3]: 	  Unknown(0xc4745838) (QTypeWString) : "Deleting Content."
19:50:01 INFO  [GH3]: 	}
19:50:01 INFO  [GH3]: }
19:50:05 INFO  [GH3]: {
19:50:05 INFO  [GH3]:   Unknown(0x69d0dfaf) (QTypeInt) : 0
19:50:05 INFO  [GH3]:   Unknown(0xd4c98794) (QTypeWString) : "CHECKING..."
19:50:05 INFO  [GH3]:   Unknown(0x26bf66f3) (QTypeQbStruct) : 
19:50:05 INFO  [GH3]: 	{
19:50:05 INFO  [GH3]: 	  Unknown(0xc4745838) (QTypeWString) : "Checking storage device..."
19:50:05 INFO  [GH3]: 	}
19:50:05 INFO  [GH3]: }
19:50:05 INFO  [GH3]: {
19:50:05 INFO  [GH3]:   Unknown(0x69d0dfaf) (QTypeInt) : 0
19:50:05 INFO  [GH3]:   Unknown(0xd4c98794) (QTypeWString) : "SUCCESSFUL"
19:50:05 INFO  [GH3]:   Unknown(0x26bf66f3) (QTypeQbStruct) : 
19:50:05 INFO  [GH3]: 	{
19:50:05 INFO  [GH3]: 	  Unknown(0xc4745838) (QTypeWString) : "Save successful."
19:50:05 INFO  [GH3]: 	}
19:50:05 INFO  [GH3]: }
19:50:19 INFO  [GH3]: {
19:50:19 INFO  [GH3]:   Unknown(0x69d0dfaf) (QTypeInt) : 0
19:50:19 INFO  [GH3]:   Unknown(0xd4c98794) (QTypeWString) : "CHECKING..."
19:50:19 INFO  [GH3]:   Unknown(0x26bf66f3) (QTypeQbStruct) : 
19:50:19 INFO  [GH3]: 	{
19:50:19 INFO  [GH3]: 	  Unknown(0xc4745838) (QTypeWString) : "Checking storage device..."
19:50:19 INFO  [GH3]: 	}
19:50:19 INFO  [GH3]: }
19:50:19 INFO  [GH3]: {
19:50:19 INFO  [GH3]:   Unknown(0x69d0dfaf) (QTypeInt) : 0
19:50:19 INFO  [GH3]:   Unknown(0xd4c98794) (QTypeWString) : "SUCCESSFUL"
19:50:19 INFO  [GH3]:   Unknown(0x26bf66f3) (QTypeQbStruct) : 
19:50:19 INFO  [GH3]: 	{
19:50:19 INFO  [GH3]: 	  Unknown(0xc4745838) (QTypeWString) : "Overwrite successful."
19:50:19 INFO  [GH3]: 	}
19:50:19 INFO  [GH3]: }
19:50:20 INFO  [GH3]: {
19:50:20 INFO  [GH3]:   Unknown(0x40c698af) (QTypeQbKey) : 0x54b037a4
19:50:20 INFO  [GH3]:   Unknown(0xcce57b1a) (QTypePair) : (512, 93)
19:50:20 INFO  [GH3]:   Unknown(0x3b15bf22) (QTypePair) : (190, 53)
19:50:20 INFO  [GH3]: }
19:50:21 INFO  [GH3]: {
19:50:21 INFO  [GH3]:   Unknown(0x40c698af) (QTypeQbKey) : 0xbabe5688
19:50:21 INFO  [GH3]:   Unknown(0xcce57b1a) (QTypePair) : (508, 178)
19:50:21 INFO  [GH3]:   Unknown(0x3b15bf22) (QTypePair) : (192, 52)
19:50:21 INFO  [GH3]: }
19:50:21 INFO  [GH3]: {
19:50:21 INFO  [GH3]:   Unknown(0x40c698af) (QTypeQbKey) : 0x53ddf3bd
19:50:21 INFO  [GH3]:   Unknown(0xcce57b1a) (QTypePair) : (500, 258)
19:50:21 INFO  [GH3]:   Unknown(0x3b15bf22) (QTypePair) : (186, 38)
19:50:21 INFO  [GH3]: }
19:50:21 INFO  [GH3]: {
19:50:21 INFO  [GH3]:   Unknown(0x40c698af) (QTypeQbKey) : 0xbdd39291
19:50:21 INFO  [GH3]:   Unknown(0xcce57b1a) (QTypePair) : (500, 348)
19:50:21 INFO  [GH3]:   Unknown(0x3b15bf22) (QTypePair) : (190, 50)
19:50:21 INFO  [GH3]: }
19:50:21 INFO  [GH3]: {
19:50:21 INFO  [GH3]:   Unknown(0x40c698af) (QTypeQbKey) : 0x5a6bbf96
19:50:21 INFO  [GH3]:   Unknown(0xcce57b1a) (QTypePair) : (491, 436)
19:50:21 INFO  [GH3]:   Unknown(0x3b15bf22) (QTypePair) : (185, 35)
19:50:21 INFO  [GH3]: }
19:50:21 INFO  [GH3]: {
19:50:21 INFO  [GH3]:   Unknown(0x40c698af) (QTypeQbKey) : 0x8031d7fc
19:50:21 INFO  [GH3]:   Unknown(0xcce57b1a) (QTypePair) : (488, 521)
19:50:21 INFO  [GH3]:   Unknown(0x3b15bf22) (QTypePair) : (185, 40)
19:50:21 INFO  [GH3]: }
19:50:24 INFO  [GH3]: {
19:50:24 INFO  [GH3]:   Unknown(0x7323e97c) (QTypeQbArray) : Type:"QTypeQbArray" Size:1100451104
19:50:24 INFO  [GH3]: }
19:50:27 INFO  [GH3]: {
19:50:27 INFO  [GH3]:   Unknown(0x00000000) (QTypeQbKey) : 0xff03cc4e
19:50:27 INFO  [GH3]:   Unknown(0x520c0c9c) (QTypeQbKey) : 0x806fff30
19:50:27 INFO  [GH3]:   Unknown(0x26861025) (QTypeQbKey) : 0x221c6ad0
19:50:27 INFO  [GH3]:   Unknown(0xec953eec) (QTypeInt) : 0
19:50:27 INFO  [GH3]: }
19:50:27 INFO  [GH3]: {
19:50:27 INFO  [GH3]:   Unknown(0x40c698af) (QTypeQbKey) : 0x7fa287ee
19:50:27 INFO  [GH3]: }
19:50:28 INFO  [GH3]: {
19:50:28 INFO  [GH3]:   Unknown(0x40c698af) (QTypeQbKey) : 0xed108a91
19:50:28 INFO  [GH3]: }
19:50:30 INFO  [GH3]: {
19:50:30 INFO  [GH3]:   Unknown(0x40c698af) (QTypeQbKey) : 0xed108a91
19:50:30 INFO  [GH3]: }
19:50:31 INFO  [GH3]: {
19:50:31 INFO  [GH3]:   Unknown(0x40c698af) (QTypeQbKey) : 0x31eebbd
19:50:31 INFO  [GH3]: }
19:50:31 INFO  [GH3]: {
19:50:31 INFO  [GH3]:   Unknown(0x40c698af) (QTypeQbKey) : 0xea7d4e88
19:50:31 INFO  [GH3]: }
19:50:32 INFO  [GH3]: {
19:50:32 INFO  [GH3]:   Unknown(0x40c698af) (QTypeQbKey) : 0x4732fa4
19:50:32 INFO  [GH3]: }
19:50:32 INFO  [GH3]: {
19:50:32 INFO  [GH3]:   Unknown(0xb30d9965) (QTypeInt) : 0
19:50:32 INFO  [GH3]:   Unknown(0x40c698af) (QTypeQbKey) : 0xf36f8de8
19:50:32 INFO  [GH3]: }
19:50:32 INFO  [GH3]: {
19:50:32 INFO  [GH3]:   Unknown(0xb30d9965) (QTypeInt) : 0
19:50:32 INFO  [GH3]:   Unknown(0x40c698af) (QTypeQbKey) : 0x1a0c28dd
19:50:32 INFO  [GH3]: }
19:50:33 INFO  [GH3]: {
19:50:33 INFO  [GH3]:   Unknown(0xb30d9965) (QTypeInt) : 0
19:50:33 INFO  [GH3]:   Unknown(0x40c698af) (QTypeQbKey) : 0xf40249f1
19:50:33 INFO  [GH3]: }
19:50:33 INFO  [GH3]: {
19:50:33 INFO  [GH3]:   Unknown(0xb30d9965) (QTypeInt) : 0
19:50:33 INFO  [GH3]:   Unknown(0x40c698af) (QTypeQbKey) : 0x13ba64f6
19:50:33 INFO  [GH3]: }
19:50:34 INFO  [GH3]: {
19:50:34 INFO  [GH3]:   Unknown(0xb30d9965) (QTypeInt) : 0
19:50:34 INFO  [GH3]:   Unknown(0x40c698af) (QTypeQbKey) : 0x47add85
19:50:34 INFO  [GH3]: }
19:50:34 INFO  [GH3]: {
19:50:34 INFO  [GH3]:   Unknown(0xb30d9965) (QTypeInt) : 0
19:50:34 INFO  [GH3]:   Unknown(0x40c698af) (QTypeQbKey) : 0xea74bca9
19:50:34 INFO  [GH3]: }
19:50:34 INFO  [GH3]: {
19:50:34 INFO  [GH3]:   Unknown(0xb30d9965) (QTypeInt) : 0
19:50:34 INFO  [GH3]:   Unknown(0x40c698af) (QTypeQbKey) : 0x317199c
19:50:34 INFO  [GH3]: }
19:50:34 INFO  [GH3]: {
19:50:34 INFO  [GH3]:   Unknown(0xb30d9965) (QTypeInt) : 0
19:50:34 INFO  [GH3]:   Unknown(0x40c698af) (QTypeQbKey) : 0xed1978b0
19:50:34 INFO  [GH3]: }
19:50:34 INFO  [GH3]: {
19:50:34 INFO  [GH3]:   Unknown(0xb30d9965) (QTypeInt) : 0
19:50:34 INFO  [GH3]:   Unknown(0x40c698af) (QTypeQbKey) : 0xaa155b7
19:50:34 INFO  [GH3]: }
19:50:34 INFO  [GH3]: {
19:50:34 INFO  [GH3]:   Unknown(0xb30d9965) (QTypeInt) : 0
19:50:34 INFO  [GH3]:   Unknown(0x40c698af) (QTypeQbKey) : 0x2f578e46
19:50:34 INFO  [GH3]: }
19:50:34 INFO  [GH3]: {
19:50:34 INFO  [GH3]:   Unknown(0xb30d9965) (QTypeInt) : 0
19:50:34 INFO  [GH3]:   Unknown(0x40c698af) (QTypeQbKey) : 0xc159ef6a
19:50:34 INFO  [GH3]: }
19:50:34 INFO  [GH3]: {
19:50:34 INFO  [GH3]:   Unknown(0xb30d9965) (QTypeInt) : 0
19:50:34 INFO  [GH3]:   Unknown(0x40c698af) (QTypeQbKey) : 0x283a4a5f
19:50:34 INFO  [GH3]: }
19:50:34 INFO  [GH3]: {
19:50:34 INFO  [GH3]:   Unknown(0xb30d9965) (QTypeInt) : 0
19:50:34 INFO  [GH3]:   Unknown(0x40c698af) (QTypeQbKey) : 0xc6342b73
19:50:34 INFO  [GH3]: }
19:50:34 INFO  [GH3]: {
19:50:34 INFO  [GH3]:   Unknown(0xb30d9965) (QTypeInt) : 0
19:50:34 INFO  [GH3]:   Unknown(0x40c698af) (QTypeQbKey) : 0x218c0674
19:50:34 INFO  [GH3]: }
19:50:35 INFO  [GH3]: {
19:50:35 INFO  [GH3]:   Unknown(0xb30d9965) (QTypeInt) : 0
19:50:35 INFO  [GH3]:   Unknown(0x40c698af) (QTypeQbKey) : 0x364cbf07
19:50:35 INFO  [GH3]: }
19:50:35 INFO  [GH3]: {
19:50:35 INFO  [GH3]:   Unknown(0xb30d9965) (QTypeInt) : 0
19:50:35 INFO  [GH3]:   Unknown(0x40c698af) (QTypeQbKey) : 0xd842de2b
19:50:35 INFO  [GH3]: }
19:50:35 INFO  [GH3]: {
19:50:35 INFO  [GH3]:   Unknown(0xb30d9965) (QTypeInt) : 0
19:50:35 INFO  [GH3]:   Unknown(0x40c698af) (QTypeQbKey) : 0x31217b1e
19:50:35 INFO  [GH3]: }
19:50:35 INFO  [GH3]: {
19:50:35 INFO  [GH3]:   Unknown(0xb30d9965) (QTypeInt) : 0
19:50:35 INFO  [GH3]:   Unknown(0x40c698af) (QTypeQbKey) : 0xdf2f1a32
19:50:35 INFO  [GH3]: }
19:50:35 INFO  [GH3]: {
19:50:35 INFO  [GH3]:   Unknown(0xb30d9965) (QTypeInt) : 0
19:50:35 INFO  [GH3]:   Unknown(0x40c698af) (QTypeQbKey) : 0x38973735
19:50:35 INFO  [GH3]: }
19:50:35 INFO  [GH3]: {
19:50:35 INFO  [GH3]:   Unknown(0xb30d9965) (QTypeInt) : 0
19:50:35 INFO  [GH3]:   Unknown(0x40c698af) (QTypeQbKey) : 0x4f9007a3
19:50:35 INFO  [GH3]: }
19:50:35 INFO  [GH3]: {
19:50:35 INFO  [GH3]:   Unknown(0xb30d9965) (QTypeInt) : 0
19:50:35 INFO  [GH3]:   Unknown(0x40c698af) (QTypeQbKey) : 0x4f9007a3
19:50:35 INFO  [GH3]: }
19:50:35 INFO  [GH3]: {
19:50:35 INFO  [GH3]:   Unknown(0xb30d9965) (QTypeInt) : 0
19:50:35 INFO  [GH3]:   Unknown(0x40c698af) (QTypeQbKey) : 0x4f9007a3
19:50:35 INFO  [GH3]: }
19:50:35 INFO  [GH3]: {
19:50:35 INFO  [GH3]:   Unknown(0xb30d9965) (QTypeInt) : 0
19:50:35 INFO  [GH3]:   Unknown(0x40c698af) (QTypeQbKey) : 0x4f9007a3
19:50:35 INFO  [GH3]: }
19:50:38 INFO  [GH3]: {
19:50:38 INFO  [GH3]:   Unknown(0x00000000) (QTypeQbKey) : 0x6086aa70
19:50:38 INFO  [GH3]:   Unknown(0x520c0c9c) (QTypeQbKey) : 0x806fff30
19:50:38 INFO  [GH3]:   Unknown(0x26861025) (QTypeQbKey) : 0x0000
19:50:38 INFO  [GH3]:   Unknown(0xec953eec) (QTypeInt) : 0
19:50:38 INFO  [GH3]: }
19:50:38 INFO  [GH3]: {
19:50:38 INFO  [GH3]:   Unknown(0x83aaa1a0) (QTypeQbKey) : 0xeb323e20
19:50:38 INFO  [GH3]:   Unknown(0xdb616875) (QTypeInt) : 8
19:50:38 INFO  [GH3]:   Unknown(0xd8f1a5c6) (QTypeQbKey) : 0xf2937a7e
19:50:38 INFO  [GH3]:   Unknown(0xb7822ed8) (QTypeInt) : 4294967295
19:50:38 INFO  [GH3]:   Unknown(0xcc12115e) (QTypeQbKey) : 0x806fff30
19:50:38 INFO  [GH3]:   Unknown(0x8a4c762d) (QTypeQbKey) : 0x806fff30
19:50:38 INFO  [GH3]: }
19:50:38 INFO  [GH3]: {
19:50:38 INFO  [GH3]:   Unknown(0x00000000) (QTypeQbKey) : 0xff03cc4e
19:50:38 INFO  [GH3]:   Unknown(0x520c0c9c) (QTypeQbKey) : 0x806fff30
19:50:38 INFO  [GH3]:   Unknown(0x26861025) (QTypeQbKey) : 0x0000
19:50:38 INFO  [GH3]:   Unknown(0xec953eec) (QTypeInt) : 0
19:50:38 INFO  [GH3]: }
19:50:38 INFO  [GH3]: {
19:50:38 INFO  [GH3]:   Unknown(0x00000000) (QTypeQbKey) : 0xff03cc4e
19:50:38 INFO  [GH3]:   Unknown(0x520c0c9c) (QTypeQbKey) : 0x806fff30
19:50:38 INFO  [GH3]:   Unknown(0x26861025) (QTypeQbKey) : 0x41b177c0
19:50:38 INFO  [GH3]:   Unknown(0xec953eec) (QTypeInt) : 0
19:50:38 INFO  [GH3]: }
19:50:38 INFO  [GH3]: {
19:50:38 INFO  [GH3]:   Unknown(0x00000000) (QTypeQbKey) : 0xff03cc4e
19:50:38 INFO  [GH3]:   Unknown(0x520c0c9c) (QTypeQbKey) : 0x806fff30
19:50:38 INFO  [GH3]:   Unknown(0x26861025) (QTypeQbKey) : 0x0000
19:50:38 INFO  [GH3]:   Unknown(0xec953eec) (QTypeInt) : 0
19:50:38 INFO  [GH3]: }
19:50:38 INFO  [GH3]: {
19:50:38 INFO  [GH3]:   Unknown(0x00000000) (QTypeQbKey) : 0xff03cc4e
19:50:38 INFO  [GH3]:   Unknown(0x520c0c9c) (QTypeQbKey) : 0x806fff30
19:50:38 INFO  [GH3]:   Unknown(0x26861025) (QTypeQbKey) : 0x0000
19:50:38 INFO  [GH3]:   Unknown(0xec953eec) (QTypeInt) : 0
19:50:38 INFO  [GH3]: }
19:50:38 INFO  [GH3]: {
19:50:38 INFO  [GH3]:   Unknown(0x00000000) (QTypeQbKey) : 0xff03cc4e
19:50:38 INFO  [GH3]:   Unknown(0x520c0c9c) (QTypeQbKey) : 0x806fff30
19:50:38 INFO  [GH3]:   Unknown(0x26861025) (QTypeQbKey) : 0x0000
19:50:38 INFO  [GH3]:   Unknown(0xec953eec) (QTypeInt) : 0
19:50:38 INFO  [GH3]: }
19:50:38 INFO  [GH3]: {
19:50:38 INFO  [GH3]:   Unknown(0x00000000) (QTypeQbKey) : 0xff03cc4e
19:50:38 INFO  [GH3]:   Unknown(0x520c0c9c) (QTypeQbKey) : 0x806fff30
19:50:38 INFO  [GH3]:   Unknown(0x26861025) (QTypeQbKey) : 0x0000
19:50:38 INFO  [GH3]:   Unknown(0xec953eec) (QTypeInt) : 0
19:50:38 INFO  [GH3]: }
19:50:38 INFO  [GH3]: {
19:50:38 INFO  [GH3]:   Unknown(0x00000000) (QTypeQbKey) : 0xff03cc4e
19:50:38 INFO  [GH3]:   Unknown(0x520c0c9c) (QTypeQbKey) : 0x806fff30
19:50:38 INFO  [GH3]:   Unknown(0x26861025) (QTypeQbKey) : 0x0000
19:50:38 INFO  [GH3]:   Unknown(0xec953eec) (QTypeInt) : 0
19:50:38 INFO  [GH3]: }
19:50:39 INFO  [GH3]: {
19:50:39 INFO  [GH3]:   Unknown(0x2e41f796) (QTypeInt) : 3000
19:50:39 INFO  [GH3]:   Unknown(0x00000000) (QTypeQbKey) : 0xda99b63b
19:50:39 INFO  [GH3]: }
19:52:18 INFO  [GH3]: {
19:52:18 INFO  [GH3]:   Unknown(0x69d0dfaf) (QTypeInt) : 0
19:52:18 INFO  [GH3]:   Unknown(0x26bf66f3) (QTypeQbStruct) : 
19:52:18 INFO  [GH3]: 	{
19:52:18 INFO  [GH3]: 	  Unknown(0xc4745838) (QTypeStringPointer) : (not implemented, please report this to Vultu with your code!)
19:52:18 INFO  [GH3]: 	}
19:52:18 INFO  [GH3]:   Unknown(0xe787d761) (QTypePair) : (640, 490)
19:52:18 INFO  [GH3]:   Unknown(0xad8a5a63) (QTypePair) : (288, 64)
19:52:18 INFO  [GH3]:   Unknown(0x2fca0578) (QTypeQbArray) : Type:"QTypeQbArray" Size:1730337264
19:52:18 INFO  [GH3]: }
