19:58:22 INFO  [Nylon]: Wine was not detected. Assuming we are running on a Windows NT OS Please report this if this detection is an error.
19:58:22 INFO  [Nylon]: Minhook initialized!
19:58:22 INFO  [Nylon]: Setting up default hooks...
19:58:22 INFO  [Nylon]: Hooked function at address: 0x770689E0
19:58:22 INFO  [Nylon]: Hooked function at address: 0x77068320
19:58:22 INFO  [Nylon]: Hooked function at address: 0x77062520
19:58:22 INFO  [Nylon]: Hooked function at address: 0x00530970
19:58:22 INFO  [Nylon]: Hooked function at address: 0x00530940
19:58:22 INFO  [Nylon]: Hooked function at address: 0x004A1780
19:58:22 INFO  [Nylon]: Hooked function at address: 0x00472B50
19:58:22 INFO  [Nylon]: Hooked function at address: 0x0057B940
19:58:22 INFO  [Nylon]: Hooked function at address: 0x00601D30
19:58:22 INFO  [Nylon]: Hooked function at address: 0x0047DFA0
19:58:22 INFO  [Nylon]: Hooked function at address: 0x0057AE20
19:58:22 INFO  [Nylon]: Hooked function at address: 0x00D94EE8
19:58:23 INFO  [Nylon]: Hooked function at address: 0x004A6820
19:58:23 INFO  [Nylon]: Hooked function at address: 0x0047E5B0
19:58:23 INFO  [Nylon]: Finished setting up default hooks.
19:58:23 INFO  [Nylon]: Loading mods...
19:58:23 INFO  [Nylon]: Loading mods from: "C:\Games\Guitar Hero III\nylon\Mods"
19:58:23 INFO  [Nylon]: Checking for: "C:\Games\Guitar Hero III\nylon\Mods\GH3Deluxe\modinfo.json"...
19:58:23 INFO  [Nylon]: Loading...
19:58:23 INFO  [Nylon]: Found mod: gh3dx
19:58:23 INFO  [Nylon]: Finished loading mods.
19:58:23 INFO  [Nylon]: Finished Core Initialization!
19:58:23 INFO  [Nylon]: Expecting: "GH3Deluxe\pak\gh3dx.pak"
19:58:23 INFO  [Nylon]: Found it! Loading...
19:58:23 INFO  [Nylon]: Done!
19:58:24 INFO  [Nylon]: Hooking DirectX 9...
19:58:24 INFO  [Nylon]: Hooked function at address: 0x5A706500
19:58:24 INFO  [Nylon]: Hooked function at address: 0x5A706120
19:58:24 INFO  [Nylon]: Hooked function at address: 0x7BCCB040
19:58:24 ERROR [Nylon]: Failed to hook function at address: 0x7BCCB040 Error Code: 3
19:58:24 INFO  [Nylon]: Finished hooking DirectX 9.
19:58:24 INFO  [Nylon]: Hooked function at address: 0x7BCCC550
19:58:24 ERROR [Nylon]: Failed to hook function at address: 0x7BCCC550 Error Code: 3
19:58:24 INFO  [Nylon]: KeyboardSetCooperativeLevel -> 6
19:58:24 INFO  [Nylon]: KeyboardSetCooperativeLevel -> 5
19:58:27 INFO  [GH3]: {
19:58:27 INFO  [GH3]:   Unknown(0x69d0dfaf) (QTypeInt) : 0
19:58:27 INFO  [GH3]:   Unknown(0xd4c98794) (QTypeWString) : "CHECKING..."
19:58:27 INFO  [GH3]:   Unknown(0x26bf66f3) (QTypeQbStruct) : 
19:58:27 INFO  [GH3]: 	{
19:58:27 INFO  [GH3]: 	  Unknown(0xc4745838) (QTypeWString) : "Checking storage device..."
19:58:27 INFO  [GH3]: 	}
19:58:27 INFO  [GH3]: }
19:58:28 INFO  [GH3]: {
19:58:28 INFO  [GH3]:   Unknown(0x69d0dfaf) (QTypeInt) : 0
19:58:28 INFO  [GH3]:   Unknown(0xd4c98794) (QTypeWString) : "DELETING..."
19:58:28 INFO  [GH3]:   Unknown(0x26bf66f3) (QTypeQbStruct) : 
19:58:28 INFO  [GH3]: 	{
19:58:28 INFO  [GH3]: 	  Unknown(0xc4745838) (QTypeWString) : "Deleting Content."
19:58:28 INFO  [GH3]: 	}
19:58:28 INFO  [GH3]: }
19:58:32 INFO  [GH3]: {
19:58:32 INFO  [GH3]:   Unknown(0x69d0dfaf) (QTypeInt) : 0
19:58:32 INFO  [GH3]:   Unknown(0xd4c98794) (QTypeWString) : "CHECKING..."
19:58:32 INFO  [GH3]:   Unknown(0x26bf66f3) (QTypeQbStruct) : 
19:58:32 INFO  [GH3]: 	{
19:58:32 INFO  [GH3]: 	  Unknown(0xc4745838) (QTypeWString) : "Checking storage device..."
19:58:32 INFO  [GH3]: 	}
19:58:32 INFO  [GH3]: }
19:58:32 INFO  [GH3]: {
19:58:32 INFO  [GH3]:   Unknown(0x69d0dfaf) (QTypeInt) : 0
19:58:32 INFO  [GH3]:   Unknown(0xd4c98794) (QTypeWString) : "SUCCESSFUL"
19:58:32 INFO  [GH3]:   Unknown(0x26bf66f3) (QTypeQbStruct) : 
19:58:32 INFO  [GH3]: 	{
19:58:32 INFO  [GH3]: 	  Unknown(0xc4745838) (QTypeWString) : "Save successful."
19:58:32 INFO  [GH3]: 	}
19:58:32 INFO  [GH3]: }
19:58:44 INFO  [GH3]: {
19:58:44 INFO  [GH3]:   Unknown(0x69d0dfaf) (QTypeInt) : 0
19:58:44 INFO  [GH3]:   Unknown(0xd4c98794) (QTypeWString) : "CHECKING..."
19:58:44 INFO  [GH3]:   Unknown(0x26bf66f3) (QTypeQbStruct) : 
19:58:44 INFO  [GH3]: 	{
19:58:44 INFO  [GH3]: 	  Unknown(0xc4745838) (QTypeWString) : "Checking storage device..."
19:58:44 INFO  [GH3]: 	}
19:58:44 INFO  [GH3]: }
19:58:44 INFO  [GH3]: {
19:58:44 INFO  [GH3]:   Unknown(0x69d0dfaf) (QTypeInt) : 0
19:58:44 INFO  [GH3]:   Unknown(0xd4c98794) (QTypeWString) : "SUCCESSFUL"
19:58:44 INFO  [GH3]:   Unknown(0x26bf66f3) (QTypeQbStruct) : 
19:58:44 INFO  [GH3]: 	{
19:58:44 INFO  [GH3]: 	  Unknown(0xc4745838) (QTypeWString) : "Overwrite successful."
19:58:44 INFO  [GH3]: 	}
19:58:44 INFO  [GH3]: }
19:58:45 INFO  [GH3]: {
19:58:45 INFO  [GH3]:   Unknown(0x40c698af) (QTypeQbKey) : 0x54b037a4
19:58:45 INFO  [GH3]:   Unknown(0xcce57b1a) (QTypePair) : (512, 93)
19:58:45 INFO  [GH3]:   Unknown(0x3b15bf22) (QTypePair) : (190, 53)
19:58:45 INFO  [GH3]: }
19:58:46 INFO  [GH3]: {
19:58:46 INFO  [GH3]:   Unknown(0x40c698af) (QTypeQbKey) : 0xbabe5688
19:58:46 INFO  [GH3]:   Unknown(0xcce57b1a) (QTypePair) : (508, 178)
19:58:46 INFO  [GH3]:   Unknown(0x3b15bf22) (QTypePair) : (192, 52)
19:58:46 INFO  [GH3]: }
19:58:46 INFO  [GH3]: {
19:58:46 INFO  [GH3]:   Unknown(0x40c698af) (QTypeQbKey) : 0x53ddf3bd
19:58:46 INFO  [GH3]:   Unknown(0xcce57b1a) (QTypePair) : (500, 258)
19:58:46 INFO  [GH3]:   Unknown(0x3b15bf22) (QTypePair) : (186, 38)
19:58:46 INFO  [GH3]: }
19:58:46 INFO  [GH3]: {
19:58:46 INFO  [GH3]:   Unknown(0x40c698af) (QTypeQbKey) : 0xbdd39291
19:58:46 INFO  [GH3]:   Unknown(0xcce57b1a) (QTypePair) : (500, 348)
19:58:46 INFO  [GH3]:   Unknown(0x3b15bf22) (QTypePair) : (190, 50)
19:58:46 INFO  [GH3]: }
19:58:46 INFO  [GH3]: {
19:58:46 INFO  [GH3]:   Unknown(0x40c698af) (QTypeQbKey) : 0x5a6bbf96
19:58:46 INFO  [GH3]:   Unknown(0xcce57b1a) (QTypePair) : (491, 436)
19:58:46 INFO  [GH3]:   Unknown(0x3b15bf22) (QTypePair) : (185, 35)
19:58:46 INFO  [GH3]: }
19:58:46 INFO  [GH3]: {
19:58:47 INFO  [GH3]:   Unknown(0x40c698af) (QTypeQbKey) : 0x8031d7fc
19:58:47 INFO  [GH3]:   Unknown(0xcce57b1a) (QTypePair) : (488, 521)
19:58:47 INFO  [GH3]:   Unknown(0x3b15bf22) (QTypePair) : (185, 40)
19:58:47 INFO  [GH3]: }
19:58:49 INFO  [GH3]: {
19:58:49 INFO  [GH3]:   Unknown(0x40c698af) (QTypeQbKey) : 0xcdb9661e
19:58:49 INFO  [GH3]:   Unknown(0xcce57b1a) (QTypePair) : (510, 135)
19:58:49 INFO  [GH3]:   Unknown(0x3b15bf22) (QTypePair) : (190, 39)
19:58:49 INFO  [GH3]: }
19:58:50 INFO  [GH3]: {
19:58:50 INFO  [GH3]:   Unknown(0x40c698af) (QTypeQbKey) : 0x24dac32b
19:58:50 INFO  [GH3]:   Unknown(0xcce57b1a) (QTypePair) : (505, 221)
19:58:50 INFO  [GH3]:   Unknown(0x3b15bf22) (QTypePair) : (192, 38)
19:58:50 INFO  [GH3]: }
19:58:50 INFO  [GH3]: {
19:58:50 INFO  [GH3]:   Unknown(0x40c698af) (QTypeQbKey) : 0xcad4a207
19:58:50 INFO  [GH3]:   Unknown(0xcce57b1a) (QTypePair) : (502, 302)
19:58:50 INFO  [GH3]:   Unknown(0x3b15bf22) (QTypePair) : (190, 55)
19:58:50 INFO  [GH3]: }
19:58:50 INFO  [GH3]: {
19:58:50 INFO  [GH3]:   Unknown(0x40c698af) (QTypeQbKey) : 0x2d6c8f00
19:58:50 INFO  [GH3]:   Unknown(0xcce57b1a) (QTypePair) : (495, 392)
19:58:50 INFO  [GH3]:   Unknown(0x3b15bf22) (QTypePair) : (190, 50)
19:58:50 INFO  [GH3]: }
19:58:50 INFO  [GH3]: {
19:58:50 INFO  [GH3]:   Unknown(0x40c698af) (QTypeQbKey) : 0xf736e76a
19:58:50 INFO  [GH3]:   Unknown(0xcce57b1a) (QTypePair) : (490, 480)
19:58:50 INFO  [GH3]:   Unknown(0x3b15bf22) (QTypePair) : (190, 50)
19:58:50 INFO  [GH3]: }
19:58:53 INFO  [GH3]: {
19:58:53 INFO  [GH3]:   Unknown(0x40c698af) (QTypeQbKey) : 0x54b037a4
19:58:53 INFO  [GH3]:   Unknown(0xcce57b1a) (QTypePair) : (512, 93)
19:58:53 INFO  [GH3]:   Unknown(0x3b15bf22) (QTypePair) : (190, 53)
19:58:53 INFO  [GH3]: }
19:58:54 INFO  [GH3]: {
19:58:54 INFO  [GH3]:   Unknown(0x00000000) (QTypeQbKey) : 0x43cde9c9
19:58:54 INFO  [GH3]:   Unknown(0x8d53f1a8) (QTypeCString) : "p1_career"
19:58:54 INFO  [GH3]:   Unknown(0x6f402ef3) (QTypeQbKey) : 0x27e6b559
19:58:54 INFO  [GH3]:   Unknown(0xf9461a46) (QTypeInt) : 0
19:58:54 INFO  [GH3]:   Unknown(0x56849e71) (QTypeInt) : 1
19:58:54 INFO  [GH3]:   Unknown(0x68e4ef11) (QTypeInt) : 1
19:58:54 INFO  [GH3]:   Unknown(0x06afff1e) (QTypeInt) : 0
19:58:54 INFO  [GH3]:   Unknown(0xfc2cdee3) (QTypeQbKey) : 0x6840922f
19:58:54 INFO  [GH3]:   Unknown(0x1fbdbe71) (QTypeInt) : 4294967295
19:58:54 INFO  [GH3]:   Unknown(0xb38db12c) (QTypeInt) : 4294967295
19:58:54 INFO  [GH3]:   Unknown(0x97ca3b34) (QTypeInt) : 4294967295
19:58:54 INFO  [GH3]:   Unknown(0x3ae567d9) (QTypeInt) : 4294967295
19:58:54 INFO  [GH3]:   Unknown(0xa1dc81f9) (QTypeWString) : "A"
19:58:54 INFO  [GH3]:   Unknown(0xb65414e8) (QTypeQbKey) : 0x6840922f
19:58:54 INFO  [GH3]:   Unknown(0xfaea61a2) (QTypeCString) : "A"
19:58:54 INFO  [GH3]:   Unknown(0x95e7b7e0) (QTypeInt) : 0
19:58:54 INFO  [GH3]:   Unknown(0x2f2a8266) (QTypeInt) : 0
19:58:54 INFO  [GH3]:   Unknown(0xa1519d6d) (QTypeInt) : 0
19:58:54 INFO  [GH3]:   Unknown(0xfddc5ce1) (QTypeInt) : 0
19:58:54 INFO  [GH3]:   Unknown(0x94fa81cd) (QTypeInt) : 0
19:58:54 INFO  [GH3]:   Unknown(0x47da89ec) (QTypeInt) : 0
19:58:54 INFO  [GH3]:   Unknown(0x841fb3b4) (QTypeInt) : 0
19:58:54 INFO  [GH3]:   Unknown(0x1a2c461f) (QTypeInt) : 0
19:58:54 INFO  [GH3]:   Unknown(0x4eac7a14) (QTypeInt) : 0
19:58:54 INFO  [GH3]:   Unknown(0x41a5caa6) (QTypeInt) : 0
19:58:54 INFO  [GH3]:   Unknown(0x20dd76c7) (QTypeInt) : 0
19:58:54 INFO  [GH3]:   Unknown(0xb9d4f601) (QTypeInt) : 0
19:58:54 INFO  [GH3]:   Unknown(0xf646cb13) (QTypeInt) : 0
19:58:54 INFO  [GH3]:   Unknown(0xfa991675) (QTypeInt) : 0
19:58:54 INFO  [GH3]:   Unknown(0x8ab4f025) (QTypeInt) : 0
19:58:54 INFO  [GH3]:   Unknown(0xfc3ed0e2) (QTypeInt) : 0
19:58:54 INFO  [GH3]:   Unknown(0x02c37560) (QTypeInt) : 0
19:58:54 INFO  [GH3]:   Unknown(0x75560617) (QTypeInt) : 0
19:58:54 INFO  [GH3]:   Unknown(0xb9131cee) (QTypeInt) : 0
19:58:54 INFO  [GH3]:   Unknown(0x2b039206) (QTypeInt) : 0
19:58:54 INFO  [GH3]: }
19:58:56 INFO  [GH3]: {
19:58:56 INFO  [GH3]:   Unknown(0x00000000) (QTypeQbKey) : 0xff03cc4e
19:58:56 INFO  [GH3]:   Unknown(0x520c0c9c) (QTypeQbKey) : 0x806fff30
19:58:56 INFO  [GH3]:   Unknown(0x26861025) (QTypeQbKey) : 0x21f55dc0
19:58:56 INFO  [GH3]:   Unknown(0xec953eec) (QTypeInt) : 0
19:58:56 INFO  [GH3]: }
19:58:56 INFO  [GH3]: {
19:58:56 INFO  [GH3]:   Unknown(0x40c698af) (QTypeQbKey) : 0x9a1e4826
19:58:56 INFO  [GH3]: }
19:58:57 INFO  [GH3]: {
19:58:57 INFO  [GH3]:   Unknown(0x40c698af) (QTypeQbKey) : 0xed108a91
19:58:57 INFO  [GH3]: }
19:58:57 INFO  [GH3]: {
19:58:57 INFO  [GH3]:   Unknown(0xb30d9965) (QTypeInt) : 0
19:58:57 INFO  [GH3]:   Unknown(0x40c698af) (QTypeQbKey) : 0x224a8e8c
19:58:57 INFO  [GH3]: }
19:58:57 INFO  [GH3]: {
19:58:57 INFO  [GH3]:   Unknown(0xb30d9965) (QTypeInt) : 0
19:58:57 INFO  [GH3]:   Unknown(0x40c698af) (QTypeQbKey) : 0xcc44efa0
19:58:57 INFO  [GH3]: }
19:58:58 INFO  [GH3]: {
19:58:58 INFO  [GH3]:   Unknown(0xb30d9965) (QTypeInt) : 0
19:58:58 INFO  [GH3]:   Unknown(0x40c698af) (QTypeQbKey) : 0x2bfcc2a7
19:58:58 INFO  [GH3]: }
19:58:58 INFO  [GH3]: {
19:58:58 INFO  [GH3]:   Unknown(0xb30d9965) (QTypeInt) : 0
19:58:58 INFO  [GH3]:   Unknown(0x40c698af) (QTypeQbKey) : 0xa2bf565a
19:58:58 INFO  [GH3]: }
19:58:58 INFO  [GH3]: {
19:58:58 INFO  [GH3]:   Unknown(0xb30d9965) (QTypeInt) : 0
19:58:58 INFO  [GH3]:   Unknown(0x40c698af) (QTypeQbKey) : 0x4cb13776
19:58:58 INFO  [GH3]: }
19:58:58 INFO  [GH3]: {
19:58:58 INFO  [GH3]:   Unknown(0xb30d9965) (QTypeInt) : 0
19:58:58 INFO  [GH3]:   Unknown(0x40c698af) (QTypeQbKey) : 0xa5d29243
19:58:58 INFO  [GH3]: }
19:58:58 INFO  [GH3]: {
19:58:58 INFO  [GH3]:   Unknown(0xb30d9965) (QTypeInt) : 0
19:58:58 INFO  [GH3]:   Unknown(0x40c698af) (QTypeQbKey) : 0x4bdcf36f
19:58:58 INFO  [GH3]: }
19:58:58 INFO  [GH3]: {
19:58:58 INFO  [GH3]:   Unknown(0xb30d9965) (QTypeInt) : 0
19:58:58 INFO  [GH3]:   Unknown(0x40c698af) (QTypeQbKey) : 0xac64de68
19:58:58 INFO  [GH3]: }
19:58:58 INFO  [GH3]: {
19:58:58 INFO  [GH3]:   Unknown(0xb30d9965) (QTypeInt) : 0
19:58:58 INFO  [GH3]:   Unknown(0x40c698af) (QTypeQbKey) : 0xbba4671b
19:58:58 INFO  [GH3]: }
19:58:59 INFO  [GH3]: {
19:58:59 INFO  [GH3]:   Unknown(0xb30d9965) (QTypeInt) : 0
19:58:59 INFO  [GH3]:   Unknown(0x40c698af) (QTypeQbKey) : 0x55aa0637
19:58:59 INFO  [GH3]: }
19:58:59 INFO  [GH3]: {
19:58:59 INFO  [GH3]:   Unknown(0xb30d9965) (QTypeInt) : 0
19:58:59 INFO  [GH3]:   Unknown(0x40c698af) (QTypeQbKey) : 0xbcc9a302
19:58:59 INFO  [GH3]: }
19:58:59 INFO  [GH3]: {
19:58:59 INFO  [GH3]:   Unknown(0xb30d9965) (QTypeInt) : 0
19:58:59 INFO  [GH3]:   Unknown(0x40c698af) (QTypeQbKey) : 0x52c7c22e
19:58:59 INFO  [GH3]: }
19:58:59 INFO  [GH3]: {
19:58:59 INFO  [GH3]:   Unknown(0xb30d9965) (QTypeInt) : 0
19:58:59 INFO  [GH3]:   Unknown(0x40c698af) (QTypeQbKey) : 0xb57fef29
19:58:59 INFO  [GH3]: }
19:58:59 INFO  [GH3]: {
19:58:59 INFO  [GH3]:   Unknown(0xb30d9965) (QTypeInt) : 0
19:58:59 INFO  [GH3]:   Unknown(0x40c698af) (QTypeQbKey) : 0x6820620b
19:58:59 INFO  [GH3]: }
19:58:59 INFO  [GH3]: {
19:58:59 INFO  [GH3]:   Unknown(0xb30d9965) (QTypeInt) : 0
19:58:59 INFO  [GH3]:   Unknown(0x40c698af) (QTypeQbKey) : 0x862e0327
19:58:59 INFO  [GH3]: }
19:58:59 INFO  [GH3]: {
19:58:59 INFO  [GH3]:   Unknown(0xb30d9965) (QTypeInt) : 0
19:58:59 INFO  [GH3]:   Unknown(0x40c698af) (QTypeQbKey) : 0x6f4da612
19:58:59 INFO  [GH3]: }
19:58:59 INFO  [GH3]: {
19:58:59 INFO  [GH3]:   Unknown(0xb30d9965) (QTypeInt) : 0
19:58:59 INFO  [GH3]:   Unknown(0x40c698af) (QTypeQbKey) : 0x8143c73e
19:58:59 INFO  [GH3]: }
19:58:59 INFO  [GH3]: {
19:58:59 INFO  [GH3]:   Unknown(0xb30d9965) (QTypeInt) : 0
19:58:59 INFO  [GH3]:   Unknown(0x40c698af) (QTypeQbKey) : 0x66fbea39
19:58:59 INFO  [GH3]: }
19:58:59 INFO  [GH3]: {
19:58:59 INFO  [GH3]:   Unknown(0xb30d9965) (QTypeInt) : 0
19:58:59 INFO  [GH3]:   Unknown(0x40c698af) (QTypeQbKey) : 0x713b534a
19:58:59 INFO  [GH3]: }
19:59:00 INFO  [GH3]: {
19:59:00 INFO  [GH3]:   Unknown(0xb30d9965) (QTypeInt) : 0
19:59:00 INFO  [GH3]:   Unknown(0x40c698af) (QTypeQbKey) : 0xe83202f0
19:59:00 INFO  [GH3]: }
19:59:00 INFO  [GH3]: {
19:59:00 INFO  [GH3]:   Unknown(0xb30d9965) (QTypeInt) : 0
19:59:00 INFO  [GH3]:   Unknown(0x40c698af) (QTypeQbKey) : 0xe83202f0
19:59:00 INFO  [GH3]: }
19:59:00 INFO  [GH3]: {
19:59:00 INFO  [GH3]:   Unknown(0xb30d9965) (QTypeInt) : 0
19:59:00 INFO  [GH3]:   Unknown(0x40c698af) (QTypeQbKey) : 0xe83202f0
19:59:00 INFO  [GH3]: }
19:59:03 INFO  [GH3]: {
19:59:03 INFO  [GH3]:   Unknown(0x00000000) (QTypeQbKey) : 0x6086aa70
19:59:03 INFO  [GH3]:   Unknown(0x520c0c9c) (QTypeQbKey) : 0x806fff30
19:59:03 INFO  [GH3]:   Unknown(0x26861025) (QTypeQbKey) : 0x0000
19:59:03 INFO  [GH3]:   Unknown(0xec953eec) (QTypeInt) : 0
19:59:03 INFO  [GH3]: }
19:59:03 INFO  [GH3]: {
19:59:03 INFO  [GH3]:   Unknown(0x83aaa1a0) (QTypeQbKey) : 0xeb323e20
19:59:03 INFO  [GH3]:   Unknown(0xdb616875) (QTypeInt) : 8
19:59:03 INFO  [GH3]:   Unknown(0xd8f1a5c6) (QTypeQbKey) : 0xf2937a7e
19:59:03 INFO  [GH3]:   Unknown(0xb7822ed8) (QTypeInt) : 4294967295
19:59:03 INFO  [GH3]:   Unknown(0xcc12115e) (QTypeQbKey) : 0x806fff30
19:59:03 INFO  [GH3]:   Unknown(0x8a4c762d) (QTypeQbKey) : 0x806fff30
19:59:03 INFO  [GH3]: }
19:59:03 INFO  [GH3]: {
19:59:03 INFO  [GH3]:   Unknown(0x00000000) (QTypeQbKey) : 0xff03cc4e
19:59:03 INFO  [GH3]:   Unknown(0x520c0c9c) (QTypeQbKey) : 0x806fff30
19:59:03 INFO  [GH3]:   Unknown(0x26861025) (QTypeQbKey) : 0x0000
19:59:03 INFO  [GH3]:   Unknown(0xec953eec) (QTypeInt) : 0
19:59:03 INFO  [GH3]: }
19:59:03 INFO  [GH3]: {
19:59:03 INFO  [GH3]:   Unknown(0x00000000) (QTypeQbKey) : 0xff03cc4e
19:59:03 INFO  [GH3]:   Unknown(0x520c0c9c) (QTypeQbKey) : 0x806fff30
19:59:03 INFO  [GH3]:   Unknown(0x26861025) (QTypeQbKey) : 0x21f56310
19:59:03 INFO  [GH3]:   Unknown(0xec953eec) (QTypeInt) : 0
19:59:03 INFO  [GH3]: }
19:59:03 INFO  [GH3]: {
19:59:03 INFO  [GH3]:   Unknown(0x00000000) (QTypeQbKey) : 0xff03cc4e
19:59:03 INFO  [GH3]:   Unknown(0x520c0c9c) (QTypeQbKey) : 0x806fff30
19:59:03 INFO  [GH3]:   Unknown(0x26861025) (QTypeQbKey) : 0x0000
19:59:03 INFO  [GH3]:   Unknown(0xec953eec) (QTypeInt) : 0
19:59:03 INFO  [GH3]: }
19:59:03 INFO  [GH3]: {
19:59:03 INFO  [GH3]:   Unknown(0x00000000) (QTypeQbKey) : 0xff03cc4e
19:59:03 INFO  [GH3]:   Unknown(0x520c0c9c) (QTypeQbKey) : 0x806fff30
19:59:03 INFO  [GH3]:   Unknown(0x26861025) (QTypeQbKey) : 0x0000
19:59:03 INFO  [GH3]:   Unknown(0xec953eec) (QTypeInt) : 0
19:59:03 INFO  [GH3]: }
19:59:03 INFO  [GH3]: {
19:59:03 INFO  [GH3]:   Unknown(0x00000000) (QTypeQbKey) : 0xff03cc4e
19:59:03 INFO  [GH3]:   Unknown(0x520c0c9c) (QTypeQbKey) : 0x806fff30
19:59:03 INFO  [GH3]:   Unknown(0x26861025) (QTypeQbKey) : 0x0000
19:59:03 INFO  [GH3]:   Unknown(0xec953eec) (QTypeInt) : 0
19:59:03 INFO  [GH3]: }
19:59:03 INFO  [GH3]: {
19:59:03 INFO  [GH3]:   Unknown(0x00000000) (QTypeQbKey) : 0xff03cc4e
19:59:03 INFO  [GH3]:   Unknown(0x520c0c9c) (QTypeQbKey) : 0x806fff30
19:59:03 INFO  [GH3]:   Unknown(0x26861025) (QTypeQbKey) : 0x0000
19:59:03 INFO  [GH3]:   Unknown(0xec953eec) (QTypeInt) : 0
19:59:03 INFO  [GH3]: }
19:59:03 INFO  [GH3]: {
19:59:03 INFO  [GH3]:   Unknown(0x00000000) (QTypeQbKey) : 0xff03cc4e
19:59:03 INFO  [GH3]:   Unknown(0x520c0c9c) (QTypeQbKey) : 0x806fff30
19:59:03 INFO  [GH3]:   Unknown(0x26861025) (QTypeQbKey) : 0x0000
19:59:03 INFO  [GH3]:   Unknown(0xec953eec) (QTypeInt) : 0
19:59:03 INFO  [GH3]: }
19:59:04 INFO  [GH3]: {
19:59:04 INFO  [GH3]:   Unknown(0x2e41f796) (QTypeInt) : 3000
19:59:04 INFO  [GH3]:   Unknown(0x00000000) (QTypeQbKey) : 0xda99b63b
19:59:04 INFO  [GH3]: }
19:59:17 INFO  [GH3]: {
19:59:17 INFO  [GH3]:   Unknown(0x69d0dfaf) (QTypeInt) : 0
19:59:17 INFO  [GH3]:   Unknown(0x26bf66f3) (QTypeQbStruct) : 
19:59:17 INFO  [GH3]: 	{
19:59:17 INFO  [GH3]: 	  Unknown(0xc4745838) (QTypeStringPointer) : (not implemented, please report this to Vultu with your code!)
19:59:17 INFO  [GH3]: 	}
19:59:17 INFO  [GH3]:   Unknown(0xe787d761) (QTypePair) : (640, 490)
19:59:17 INFO  [GH3]:   Unknown(0xad8a5a63) (QTypePair) : (288, 64)
19:59:17 INFO  [GH3]:   Unknown(0x2fca0578) (QTypeQbArray) : Type:"QTypeQbArray" Size:1729595984
19:59:17 INFO  [GH3]: }
