20:42:36 INFO  [Nylon]: Wine was not detected. Assuming we are running on a Windows NT OS Please report this if this detection is an error.
20:42:36 INFO  [Nylon]: Minhook initialized!
20:42:36 INFO  [Nylon]: Setting up default hooks...
20:42:36 INFO  [Nylon]: Hooked function at address: 0x770689E0
20:42:36 INFO  [Nylon]: Hooked function at address: 0x77068320
20:42:36 INFO  [Nylon]: Hooked function at address: 0x77062520
20:42:36 INFO  [Nylon]: Hooked function at address: 0x00530970
20:42:36 INFO  [Nylon]: Hooked function at address: 0x00530940
20:42:36 INFO  [Nylon]: Hooked function at address: 0x004A1780
20:42:36 INFO  [Nylon]: Hooked function at address: 0x00472B50
20:42:37 INFO  [Nylon]: Hooked function at address: 0x0057B940
20:42:37 INFO  [Nylon]: Hooked function at address: 0x00601D30
20:42:37 INFO  [Nylon]: Hooked function at address: 0x0047DFA0
20:42:37 INFO  [Nylon]: Hooked function at address: 0x0057AE20
20:42:37 INFO  [Nylon]: Hooked function at address: 0x00D94EE8
20:42:37 INFO  [Nylon]: Hooked function at address: 0x004A6820
20:42:37 INFO  [Nylon]: Hooked function at address: 0x0047E5B0
20:42:37 INFO  [Nylon]: Finished setting up default hooks.
20:42:37 INFO  [Nylon]: Loading mods...
20:42:37 INFO  [Nylon]: Loading mods from: "C:\Games\Guitar Hero III\nylon\Mods"
20:42:37 INFO  [Nylon]: Checking for: "C:\Games\Guitar Hero III\nylon\Mods\GH3Deluxe\modinfo.json"...
20:42:37 INFO  [Nylon]: Loading...
20:42:37 INFO  [Nylon]: Found mod: gh3dx
20:42:37 INFO  [Nylon]: Finished loading mods.
20:42:37 INFO  [Nylon]: Finished Core Initialization!
20:42:37 INFO  [Nylon]: Expecting: "GH3Deluxe\pak\gh3dx.pak"
20:42:37 INFO  [Nylon]: Found it! Loading...
20:42:37 INFO  [Nylon]: Done!
20:42:37 INFO  [Nylon]: Hooking DirectX 9...
20:42:38 INFO  [Nylon]: Hooked function at address: 0x63116500
20:42:38 INFO  [Nylon]: Hooked function at address: 0x63116120
20:42:38 INFO  [Nylon]: Hooked function at address: 0x5951B040
20:42:38 ERROR [Nylon]: Failed to hook function at address: 0x5951B040 Error Code: 3
20:42:38 INFO  [Nylon]: Finished hooking DirectX 9.
20:42:38 INFO  [Nylon]: Hooked function at address: 0x5951C550
20:42:38 ERROR [Nylon]: Failed to hook function at address: 0x5951C550 Error Code: 3
20:42:38 INFO  [Nylon]: KeyboardSetCooperativeLevel -> 6
20:42:38 INFO  [Nylon]: KeyboardSetCooperativeLevel -> 5
20:44:28 INFO  [GH3]: {
20:44:28 INFO  [GH3]:   Unknown(0x00000000) (QTypeQbKey) : 0xff03cc4e
20:44:28 INFO  [GH3]:   Unknown(0x520c0c9c) (QTypeQbKey) : 0x806fff30
20:44:28 INFO  [GH3]:   Unknown(0x26861025) (QTypeQbKey) : 0x0000
20:44:28 INFO  [GH3]:   Unknown(0xec953eec) (QTypeInt) : 0
20:44:28 INFO  [GH3]: }
20:44:28 INFO  [GH3]: {
20:44:28 INFO  [GH3]:   Unknown(0x7321a8d6) (QTypeQbKey) : 0xbbda0406
20:44:28 INFO  [GH3]: }
20:44:28 INFO  [GH3]: {
20:44:28 INFO  [GH3]:   Unknown(0x00000000) (QTypeQbKey) : 0x6086aa70
20:44:28 INFO  [GH3]:   Unknown(0x520c0c9c) (QTypeQbKey) : 0x806fff30
20:44:28 INFO  [GH3]:   Unknown(0x26861025) (QTypeQbKey) : 0x0000
20:44:28 INFO  [GH3]:   Unknown(0xec953eec) (QTypeInt) : 0
20:44:28 INFO  [GH3]: }
20:44:28 INFO  [GH3]: {
20:44:28 INFO  [GH3]:   Unknown(0x00000000) (QTypeQbKey) : 0x6086aa70
20:44:28 INFO  [GH3]:   Unknown(0x520c0c9c) (QTypeQbKey) : 0x806fff30
20:44:28 INFO  [GH3]:   Unknown(0x26861025) (QTypeQbKey) : 0x0000
20:44:28 INFO  [GH3]:   Unknown(0xec953eec) (QTypeInt) : 0
20:44:28 INFO  [GH3]: }
20:44:28 INFO  [GH3]: {
20:44:28 INFO  [GH3]:   Unknown(0x00000000) (QTypeQbKey) : 0x6086aa70
20:44:28 INFO  [GH3]:   Unknown(0x520c0c9c) (QTypeQbKey) : 0x806fff30
20:44:28 INFO  [GH3]:   Unknown(0x26861025) (QTypeQbKey) : 0x0000
20:44:28 INFO  [GH3]:   Unknown(0xec953eec) (QTypeInt) : 0
20:44:28 INFO  [GH3]: }
20:44:29 INFO  [GH3]: {
20:44:29 INFO  [GH3]:   Unknown(0x00000000) (QTypeQbKey) : 0x6086aa70
20:44:29 INFO  [GH3]:   Unknown(0x520c0c9c) (QTypeQbKey) : 0x806fff30
20:44:29 INFO  [GH3]:   Unknown(0x26861025) (QTypeQbKey) : 0x0000
20:44:29 INFO  [GH3]:   Unknown(0xec953eec) (QTypeInt) : 0
20:44:29 INFO  [GH3]: }
20:44:29 INFO  [GH3]: {
20:44:29 INFO  [GH3]:   Unknown(0x00000000) (QTypeQbKey) : 0x6086aa70
20:44:29 INFO  [GH3]:   Unknown(0x520c0c9c) (QTypeQbKey) : 0x806fff30
20:44:29 INFO  [GH3]:   Unknown(0x26861025) (QTypeQbKey) : 0x0000
20:44:29 INFO  [GH3]:   Unknown(0xec953eec) (QTypeInt) : 0
20:44:29 INFO  [GH3]: }
20:44:29 INFO  [GH3]: {
20:44:29 INFO  [GH3]:   Unknown(0x00000000) (QTypeQbKey) : 0x6086aa70
20:44:29 INFO  [GH3]:   Unknown(0x520c0c9c) (QTypeQbKey) : 0x806fff30
20:44:29 INFO  [GH3]:   Unknown(0x26861025) (QTypeQbKey) : 0x0000
20:44:29 INFO  [GH3]:   Unknown(0xec953eec) (QTypeInt) : 0
20:44:29 INFO  [GH3]: }
20:44:29 INFO  [GH3]: {
20:44:29 INFO  [GH3]:   Unknown(0x00000000) (QTypeQbKey) : 0x6086aa70
20:44:29 INFO  [GH3]:   Unknown(0x520c0c9c) (QTypeQbKey) : 0x806fff30
20:44:29 INFO  [GH3]:   Unknown(0x26861025) (QTypeQbKey) : 0x0000
20:44:29 INFO  [GH3]:   Unknown(0xec953eec) (QTypeInt) : 0
20:44:29 INFO  [GH3]: }
20:44:29 INFO  [GH3]: {
20:44:29 INFO  [GH3]:   Unknown(0x00000000) (QTypeQbKey) : 0x6086aa70
20:44:29 INFO  [GH3]:   Unknown(0x520c0c9c) (QTypeQbKey) : 0x806fff30
20:44:29 INFO  [GH3]:   Unknown(0x26861025) (QTypeQbKey) : 0x0000
20:44:29 INFO  [GH3]:   Unknown(0xec953eec) (QTypeInt) : 0
20:44:29 INFO  [GH3]: }
20:44:29 INFO  [GH3]: {
20:44:29 INFO  [GH3]:   Unknown(0x00000000) (QTypeQbKey) : 0x6086aa70
20:44:29 INFO  [GH3]:   Unknown(0x520c0c9c) (QTypeQbKey) : 0x806fff30
20:44:29 INFO  [GH3]:   Unknown(0x26861025) (QTypeQbKey) : 0x0000
20:44:29 INFO  [GH3]:   Unknown(0xec953eec) (QTypeInt) : 0
20:44:29 INFO  [GH3]: }
20:44:29 INFO  [GH3]: {
20:44:29 INFO  [GH3]:   Unknown(0x00000000) (QTypeQbKey) : 0x6086aa70
20:44:29 INFO  [GH3]:   Unknown(0x520c0c9c) (QTypeQbKey) : 0x806fff30
20:44:29 INFO  [GH3]:   Unknown(0x26861025) (QTypeQbKey) : 0x0000
20:44:29 INFO  [GH3]:   Unknown(0xec953eec) (QTypeInt) : 0
20:44:29 INFO  [GH3]: }
20:44:29 INFO  [GH3]: {
20:44:29 INFO  [GH3]:   Unknown(0x00000000) (QTypeQbKey) : 0x6086aa70
20:44:29 INFO  [GH3]:   Unknown(0x520c0c9c) (QTypeQbKey) : 0x806fff30
20:44:29 INFO  [GH3]:   Unknown(0x26861025) (QTypeQbKey) : 0x0000
20:44:29 INFO  [GH3]:   Unknown(0xec953eec) (QTypeInt) : 0
20:44:29 INFO  [GH3]: }
20:44:30 INFO  [GH3]: {
20:44:30 INFO  [GH3]:   Unknown(0x00000000) (QTypeQbKey) : 0x6086aa70
20:44:30 INFO  [GH3]:   Unknown(0x520c0c9c) (QTypeQbKey) : 0x806fff30
20:44:30 INFO  [GH3]:   Unknown(0x26861025) (QTypeQbKey) : 0x0000
20:44:30 INFO  [GH3]:   Unknown(0xec953eec) (QTypeInt) : 0
20:44:30 INFO  [GH3]: }
