18:36:07 DEBUG[Nylon]: Finished creating log file.
18:36:07 INFO [Nylon]: Assigning Exception Handler...
18:36:07 INFO [Nylon]: Starting Task: Initializing Nylon
18:36:07 INFO [Nylon]: Wine was not detected. Assuming we are running on a Windows NT OS Please report this if this detection is an error.
18:36:07 INFO [Nylon]: Starting Task: Reading Config
18:36:07 INFO [Nylon]: Finished Task: Reading Config
18:36:07 INFO [Nylon]: Starting Task: Determing Game
18:36:07 INFO [Nylon]: Finished Task: Determing Game
18:36:07 INFO [Nylon]: Is Aerosmith? False
18:36:07 INFO [Nylon]: Checking "C:\Games\Guitar Hero III\nylon\Resources" for keys...
18:36:07 INFO [Nylon]: Found "C:\Games\Guitar Hero III\nylon\Resources\QBKeys.txt" 
18:36:07 INFO [Nylon]: Successfully parsed "C:\Games\Guitar Hero III\nylon\Resources\QBKeys.txt"
18:36:07 INFO [Nylon]: Minhook initialized!
18:36:07 INFO [Nylon]: Starting Task: Setting up default hooks
18:36:07 INFO [Nylon]: Hooked function at address: 0x75CB89E0
18:36:07 INFO [Nylon]: Hooked function at address: 0x75CB8320
18:36:07 INFO [Nylon]: Hooked function at address: 0x75CB2520
18:36:07 INFO [Nylon]: Starting Task: Creating CFunc hooks
18:36:07 INFO [Nylon]: Hooked function at address: 0x00530970
18:36:07 INFO [Nylon]: Hooked function at address: 0x00530940
18:36:07 INFO [Nylon]: Hooked function at address: 0x004A1780
18:36:07 INFO [Nylon]: Hooked function at address: 0x00541F40
18:36:07 INFO [Nylon]: Hooked function at address: 0x0041B930
18:36:07 INFO [Nylon]: Finished Task: Creating CFunc hooks
18:36:08 INFO [Nylon]: Hooked function at address: 0x0057B940
18:36:08 INFO [Nylon]: Hooked function at address: 0x00D94EE8
18:36:08 INFO [Nylon]: Hooked function at address: 0x00601D30
18:36:08 INFO [Nylon]: Hooked function at address: 0x0047DFA0
18:36:08 INFO [Nylon]: Hooked function at address: 0x0057AE20
18:36:08 INFO [Nylon]: Hooked function at address: 0x004A6820
18:36:08 INFO [Nylon]: Hooked function at address: 0x0047E5B0
18:36:08 INFO [Nylon]: Hooked function at address: 0x004A69A0
18:36:08 INFO [Nylon]: Hooked function at address: 0x00596280
18:36:08 INFO [Nylon]: Hooked function at address: 0x00DA54C5
18:36:08 INFO [Nylon]: Finished Task: Setting up default hooks
18:36:08 INFO [Nylon]: Starting Task: Creating DirectX hooks
18:36:08 INFO [Nylon]: Hooked function at address: 0x59424B20
18:36:08 INFO [Nylon]: Finished Task: Creating DirectX hooks
18:36:08 INFO [Nylon]: Setting up Nx::CEngine Hooks...
18:36:08 INFO [Nylon]: Hooked function at address: 0x0058C4C0
18:36:08 INFO [Nylon]: Finished setting up Nx::CEngine hooks.
18:36:08 INFO [Nylon]: Setting up GuitarFuncs Hooks...
18:36:08 INFO [Nylon]: Finished setting up GuitarFuncs hooks.
18:36:08 INFO [Nylon]: Starting Task: Creating Gfx::CScreenFXManager hooks
18:36:08 INFO [Nylon]: Hooked function at address: 0x005F7490
18:36:08 INFO [Nylon]: Finished Task: Creating Gfx::CScreenFXManager hooks
18:36:08 INFO [Nylon]: Starting Task: Loading Mods
18:36:08 INFO [Nylon]: Loading mods from: "C:\Games\Guitar Hero III\nylon\Mods"
18:36:08 INFO [Nylon]: Checking for: "C:\Games\Guitar Hero III\nylon\Mods\GH3Deluxe\modinfo.json"...
18:36:08 INFO [Nylon]: Loading...
18:36:08 INFO [Nylon]: Found mod: gh3dx
18:36:08 INFO [Nylon]: Checking "C:\Games\Guitar Hero III\nylon\Mods\GH3Deluxe" for keys...
18:36:08 WARN [Nylon]: Did not find "C:\Games\Guitar Hero III\nylon\Mods\GH3Deluxe\QBKeys.txt"
18:36:08 INFO [Nylon]: Finished Task: Loading Mods
18:36:08 INFO [Nylon]: Finished Task: Initializing Nylon
18:36:08 INFO [Nylon]: Starting Task: Creating DirectX9
18:36:08 INFO [Nylon]: Hooked function at address: 0x5942F750
18:36:08 INFO [Nylon]: Finished Task: Creating DirectX9
18:36:08 INFO [Nylon]: Loading Pak: "pak/dbgq.pak"
18:36:08 INFO [Nylon]: Loading Pak: "pak/qb.pak"
18:36:08 INFO [Nylon]: Expecting: "GH3Deluxe\pak\gh3dx.pak"
18:36:08 INFO [Nylon]: Found it! Loading...
18:36:08 INFO [Nylon]: Loading Pak: "..\nylon\Mods\GH3Deluxe\pak\gh3dx.pak"
18:36:08 INFO [Nylon]: Done!
18:36:08 INFO [Nylon]: Starting Task: Creating DirectX9
18:36:09 INFO [Nylon]: Finished Task: Creating DirectX9
18:36:09 INFO [Nylon]: Starting Task: Creating DirectX9 Device
18:36:09 INFO [Nylon]: Starting Task: Creating DirectX9 Device
18:36:09 INFO [Nylon]: Finished Task: Creating DirectX9 Device
18:36:09 INFO [Nylon]: Finished Task: Creating DirectX9 Device
18:36:09 INFO [Nylon]: Starting Task: Creating DirectX Virtual Function hooks
18:36:09 INFO [Nylon]: Hooked function at address: 0x594A6500
18:36:09 INFO [Nylon]: Hooked function at address: 0x594A6120
18:36:09 INFO [Nylon]: Finished Task: Creating DirectX Virtual Function hooks
18:36:09 INFO [Nylon]: Loading Texutre "LoadingScreens/boot_legal"
18:36:09 INFO [Nylon]: Loading Texutre "LoadingScreens/load_wheel"
18:36:11 INFO [GH3]: {
18:36:11 INFO [GH3]: 	player_device (QTypeInt) : 0
18:36:11 INFO [GH3]: 	Title (QTypeWString) : "CHECKING..."
18:36:11 INFO [GH3]: 	textblock (QTypeQbStruct) : 
18:36:11 INFO [GH3]: 	{
18:36:11 INFO [GH3]: 		Text (QTypeWString) : "Checking storage device..."
18:36:11 INFO [GH3]: 	}
18:36:11 INFO [GH3]: }
18:36:11 INFO [GH3]: {
18:36:11 INFO [GH3]: 	player_device (QTypeInt) : 0
18:36:11 INFO [GH3]: 	textblock (QTypeQbStruct) : 
18:36:11 INFO [GH3]: 	{
18:36:11 INFO [GH3]: 		Text (QTypeWString) : "Game content is damaged and cannot be used. Do you want to delete this content? All progress within this save content will be lost."
18:36:11 INFO [GH3]: 		dims (QTypePair) : (800, 500)
18:36:11 INFO [GH3]: 		pos (QTypePair) : (640, 375)
18:36:11 INFO [GH3]: 		scale (QTypeFloat) : 0.5
18:36:11 INFO [GH3]: 	}
18:36:11 INFO [GH3]: 	menu_pos (QTypePair) : (640, 465)
18:36:11 INFO [GH3]: 	dialog_dims (QTypePair) : (256, 64)
18:36:11 INFO [GH3]: 	options (QTypeQbArray) : Type:"QTypeQbArray" Size:2
18:36:11 INFO [GH3]: }
18:36:11 INFO [GH3]: {
18:36:11 INFO [GH3]: 	player_device (QTypeInt) : 0
18:36:11 INFO [GH3]: 	Title (QTypeWString) : "SUCCESSFUL"
18:36:11 INFO [GH3]: 	textblock (QTypeQbStruct) : 
18:36:11 INFO [GH3]: 	{
18:36:11 INFO [GH3]: 		Text (QTypeWString) : "Load successful."
18:36:11 INFO [GH3]: 	}
18:36:11 INFO [GH3]: }
18:36:13 INFO [GH3]: {
18:36:13 INFO [GH3]: 	x (QTypeQbArray) : Type:"QTypeQbArray" Size:2
18:36:13 INFO [GH3]: }
18:36:26 INFO [GH3]: {
18:36:26 INFO [GH3]: 	x (QTypeQbArray) : Type:"QTypeQbArray" Size:2
18:36:26 INFO [GH3]: }
18:36:30 INFO [GH3]: {
18:36:30 INFO [GH3]: 	end
18:36:30 INFO [GH3]: 	none
18:36:30 INFO [GH3]: 	Unknown(0x1c0c8ef0)
18:36:30 INFO [GH3]: 	result (QTypeInt) : 0
18:36:30 INFO [GH3]: }
18:36:30 INFO [GH3]: {
18:36:30 INFO [GH3]: 	Unknown(0x2ffaa1f5)
18:36:30 INFO [GH3]: }
18:36:31 INFO [GH3]: {
18:36:31 INFO [GH3]: 	Unknown(0xed108a91)
18:36:31 INFO [GH3]: }
18:36:31 INFO [GH3]: {
18:36:31 INFO [GH3]: 	Unknown(0x031eebbd)
18:36:31 INFO [GH3]: }
18:36:31 INFO [GH3]: {
18:36:31 INFO [GH3]: 	Unknown(0xea7d4e88)
18:36:31 INFO [GH3]: }
18:36:31 INFO [GH3]: {
18:36:31 INFO [GH3]: 	Unknown(0x04732fa4)
18:36:31 INFO [GH3]: }
18:36:31 INFO [GH3]: {
18:36:31 INFO [GH3]: 	controller (QTypeInt) : 0
18:36:31 INFO [GH3]: 	Unknown(0xf5a44f03)
18:36:31 INFO [GH3]: }
18:36:31 INFO [GH3]: {
18:36:31 INFO [GH3]: 	controller (QTypeInt) : 0
18:36:31 INFO [GH3]: 	Unknown(0x1cc7ea36)
18:36:31 INFO [GH3]: }
18:36:31 INFO [GH3]: {
18:36:31 INFO [GH3]: 	controller (QTypeInt) : 0
18:36:31 INFO [GH3]: 	Unknown(0xf2c98b1a)
18:36:31 INFO [GH3]: }
18:36:31 INFO [GH3]: {
18:36:31 INFO [GH3]: 	controller (QTypeInt) : 0
18:36:31 INFO [GH3]: 	Unknown(0x1571a61d)
18:36:31 INFO [GH3]: }
18:36:31 INFO [GH3]: {
18:36:31 INFO [GH3]: 	controller (QTypeInt) : 0
18:36:31 INFO [GH3]: 	Unknown(0x02b11f6e)
18:36:31 INFO [GH3]: }
18:36:31 INFO [GH3]: {
18:36:31 INFO [GH3]: 	controller (QTypeInt) : 0
18:36:31 INFO [GH3]: 	Unknown(0xecbf7e42)
18:36:31 INFO [GH3]: }
18:36:31 INFO [GH3]: {
18:36:31 INFO [GH3]: 	controller (QTypeInt) : 0
18:36:31 INFO [GH3]: 	Unknown(0x05dcdb77)
18:36:31 INFO [GH3]: }
18:36:31 INFO [GH3]: {
18:36:31 INFO [GH3]: 	controller (QTypeInt) : 0
18:36:31 INFO [GH3]: 	Unknown(0xebd2ba5b)
18:36:31 INFO [GH3]: }
18:36:31 INFO [GH3]: {
18:36:31 INFO [GH3]: 	controller (QTypeInt) : 0
18:36:31 INFO [GH3]: 	Unknown(0x0c6a975c)
18:36:31 INFO [GH3]: }
18:36:31 INFO [GH3]: {
18:36:31 INFO [GH3]: 	controller (QTypeInt) : 0
18:36:31 INFO [GH3]: 	Unknown(0x299c4cad)
18:36:31 INFO [GH3]: }
18:36:31 INFO [GH3]: {
18:36:31 INFO [GH3]: 	controller (QTypeInt) : 0
18:36:31 INFO [GH3]: 	Unknown(0xc7922d81)
18:36:31 INFO [GH3]: }
18:36:31 INFO [GH3]: {
18:36:31 INFO [GH3]: 	controller (QTypeInt) : 0
18:36:31 INFO [GH3]: 	Unknown(0x2ef188b4)
18:36:31 INFO [GH3]: }
18:36:31 INFO [GH3]: {
18:36:31 INFO [GH3]: 	controller (QTypeInt) : 0
18:36:31 INFO [GH3]: 	Unknown(0xc0ffe998)
18:36:31 INFO [GH3]: }
18:36:31 INFO [GH3]: {
18:36:31 INFO [GH3]: 	controller (QTypeInt) : 0
18:36:31 INFO [GH3]: 	Unknown(0x2747c49f)
18:36:31 INFO [GH3]: }
18:36:31 INFO [GH3]: {
18:36:31 INFO [GH3]: 	controller (QTypeInt) : 0
18:36:31 INFO [GH3]: 	Unknown(0x30877dec)
18:36:31 INFO [GH3]: }
18:36:31 INFO [GH3]: {
18:36:31 INFO [GH3]: 	controller (QTypeInt) : 0
18:36:31 INFO [GH3]: 	Unknown(0xde891cc0)
18:36:31 INFO [GH3]: }
18:36:31 INFO [GH3]: {
18:36:31 INFO [GH3]: 	controller (QTypeInt) : 0
18:36:31 INFO [GH3]: 	Unknown(0x37eab9f5)
18:36:31 INFO [GH3]: }
18:36:31 INFO [GH3]: {
18:36:31 INFO [GH3]: 	controller (QTypeInt) : 0
18:36:31 INFO [GH3]: 	Unknown(0xd9e4d8d9)
18:36:31 INFO [GH3]: }
18:36:31 INFO [GH3]: {
18:36:31 INFO [GH3]: 	controller (QTypeInt) : 0
18:36:31 INFO [GH3]: 	Unknown(0x3e5cf5de)
18:36:32 INFO [GH3]: }
18:36:32 INFO [GH3]: {
18:36:32 INFO [GH3]: 	controller (QTypeInt) : 0
18:36:32 INFO [GH3]: 	Unknown(0x7fc6eb2b)
18:36:32 INFO [GH3]: }
18:36:33 INFO [GH3]: {
18:36:33 INFO [GH3]: 	controller (QTypeInt) : 0
18:36:33 INFO [GH3]: 	Unknown(0x7fc6eb2b)
18:36:33 INFO [GH3]: }
18:36:34 INFO [GH3]: {
18:36:34 INFO [GH3]: 	controller (QTypeInt) : 0
18:36:34 INFO [GH3]: 	Unknown(0x3e5cf5de)
18:36:34 INFO [GH3]: }
18:36:36 INFO [GH3]: {
18:36:36 INFO [GH3]: 	controller (QTypeInt) : 0
18:36:36 INFO [GH3]: 	Unknown(0xd9e4d8d9)
18:36:36 INFO [GH3]: }
18:36:37 INFO [GH3]: {
18:36:37 INFO [GH3]: 	controller (QTypeInt) : 0
18:36:37 INFO [GH3]: 	Unknown(0x3e5cf5de)
18:36:37 INFO [GH3]: }
18:36:38 INFO [GH3]: {
18:36:38 INFO [GH3]: 	controller (QTypeInt) : 0
18:36:38 INFO [GH3]: 	Unknown(0x3e5cf5de)
18:36:38 INFO [GH3]: }
18:36:38 INFO [GH3]: {
18:36:38 INFO [GH3]: 	GH3_Career_Songs
18:36:38 INFO [GH3]: 	tier (QTypeInt) : 8
18:36:38 INFO [GH3]: 	cliffsofdover
18:36:38 INFO [GH3]: 	song_count (QTypeInt) : 4294967295
18:36:38 INFO [GH3]: 	none
18:36:38 INFO [GH3]: 	none
18:36:38 INFO [GH3]: }
18:36:38 INFO [GH3]: {
18:36:38 INFO [GH3]: 	start
18:36:38 INFO [GH3]: 	none
18:36:38 INFO [GH3]: 	Unknown(0x00000000)
18:36:38 INFO [GH3]: 	result (QTypeInt) : 0
18:36:38 INFO [GH3]: }
18:36:38 INFO [GH3]: {
18:36:38 INFO [GH3]: 	GH3_Career_Songs
18:36:38 INFO [GH3]: 	tier (QTypeInt) : 8
18:36:38 INFO [GH3]: 	cliffsofdover
18:36:38 INFO [GH3]: 	song_count (QTypeInt) : 4294967295
18:36:38 INFO [GH3]: 	none
18:36:38 INFO [GH3]: 	none
18:36:38 INFO [GH3]: }
18:36:38 INFO [GH3]: {
18:36:38 INFO [GH3]: 	end
18:36:38 INFO [GH3]: 	none
18:36:38 INFO [GH3]: 	Unknown(0x00000000)
18:36:38 INFO [GH3]: 	result (QTypeInt) : 0
18:36:38 INFO [GH3]: }
18:36:38 INFO [GH3]: {
18:36:38 INFO [GH3]: 	end
18:36:38 INFO [GH3]: 	none
18:36:38 INFO [GH3]: 	Unknown(0x00000000)
18:36:38 INFO [GH3]: 	result (QTypeInt) : 0
18:36:38 INFO [GH3]: }
18:36:38 INFO [GH3]: {
18:36:38 INFO [GH3]: 	end
18:36:38 INFO [GH3]: 	none
18:36:38 INFO [GH3]: 	Unknown(0x00000000)
18:36:38 INFO [GH3]: 	result (QTypeInt) : 0
18:36:38 INFO [GH3]: }
18:36:38 INFO [GH3]: {
18:36:38 INFO [GH3]: 	end
18:36:38 INFO [GH3]: 	none
18:36:38 INFO [GH3]: 	Unknown(0x00000000)
18:36:38 INFO [GH3]: 	result (QTypeInt) : 0
18:36:38 INFO [GH3]: }
18:36:38 INFO [GH3]: {
18:36:38 INFO [GH3]: 	end
18:36:38 INFO [GH3]: 	none
18:36:38 INFO [GH3]: 	Unknown(0x00000000)
18:36:38 INFO [GH3]: 	result (QTypeInt) : 0
18:36:38 INFO [GH3]: }
18:36:38 INFO [GH3]: {
18:36:38 INFO [GH3]: 	end
18:36:38 INFO [GH3]: 	none
18:36:38 INFO [GH3]: 	Unknown(0x00000000)
18:36:38 INFO [GH3]: 	result (QTypeInt) : 0
18:36:38 INFO [GH3]: }
18:36:38 INFO [GH3]: {
18:36:38 INFO [GH3]: 	end
18:36:38 INFO [GH3]: 	none
18:36:38 INFO [GH3]: 	Unknown(0x00000000)
18:36:38 INFO [GH3]: 	result (QTypeInt) : 0
18:36:38 INFO [GH3]: }
18:36:38 INFO [GH3]: {
18:36:38 INFO [GH3]: 	transition_time (QTypeInt) : 8000
18:36:38 INFO [GH3]: }
18:36:41 INFO [GH3]: {
18:36:41 INFO [GH3]: 	GH3_Career_Songs
18:36:41 INFO [GH3]: 	tier (QTypeInt) : 8
18:36:41 INFO [GH3]: 	cliffsofdover
18:36:41 INFO [GH3]: 	song_count (QTypeInt) : 4294967295
18:36:41 INFO [GH3]: 	none
18:36:41 INFO [GH3]: 	none
18:36:41 INFO [GH3]: }
18:36:41 INFO [GH3]: {
18:36:41 INFO [GH3]: 	GH3_Career_Songs
18:36:41 INFO [GH3]: 	tier (QTypeInt) : 8
18:36:41 INFO [GH3]: 	cliffsofdover
18:36:41 INFO [GH3]: 	song_count (QTypeInt) : 4294967295
18:36:41 INFO [GH3]: 	none
18:36:41 INFO [GH3]: 	none
18:36:41 INFO [GH3]: }
18:36:41 INFO [GH3]: {
18:36:41 INFO [GH3]: 	fastintro
18:36:41 INFO [GH3]: }
18:36:50 INFO [GH3]: {
18:36:50 INFO [GH3]: 	controller (QTypeInt) : 0
18:36:50 INFO [GH3]: 	Unknown(0xa48f1cd7)
18:36:50 INFO [GH3]: }
18:36:52 INFO [GH3]: {
18:36:52 INFO [GH3]: 	controller (QTypeInt) : 0
18:36:52 INFO [GH3]: 	toggle_playermode_menuitem
18:36:52 INFO [GH3]: }
18:36:55 INFO [GH3]: {
18:36:55 INFO [GH3]: 	textblock (QTypeQbStruct) : 
18:36:55 INFO [GH3]: 	{
18:36:55 INFO [GH3]: 		Text (QTypeWString) : "You will lose all unsaved progress if you quit. Are you sure you want to quit this song?"
18:36:55 INFO [GH3]: 		dims (QTypePair) : (600, 400)
18:36:55 INFO [GH3]: 		scale (QTypeFloat) : 0.6
18:36:55 INFO [GH3]: 	}
18:36:55 INFO [GH3]: 	player_device (QTypeInt) : 0
18:36:55 INFO [GH3]: 	no_background
18:36:55 INFO [GH3]: 	menu_pos (QTypePair) : (640, 480)
18:36:55 INFO [GH3]: 	dialog_dims (QTypePair) : (600, 80)
18:36:55 INFO [GH3]: 	options (QTypeQbArray) : Type:"QTypeQbArray" Size:2
18:36:55 INFO [GH3]: }
18:36:56 INFO [GH3]: {
18:36:56 INFO [GH3]: 	player_device (QTypeInt) : 0
18:36:56 INFO [GH3]: 	Title (QTypeWString) : "SAVING..."
18:36:56 INFO [GH3]: 	textblock (QTypeQbStruct) : 
18:36:56 INFO [GH3]: 	{
18:36:56 INFO [GH3]: 		Text (QTypeWString) : "Saving Content."
18:36:56 INFO [GH3]: 	}
18:36:56 INFO [GH3]: }
18:36:56 INFO [GH3]: {
18:36:56 INFO [GH3]: 	controller (QTypeInt) : 0
18:36:56 INFO [GH3]: 	Unknown(0xd70550f3)
18:36:56 INFO [GH3]: }
18:36:56 INFO [GH3]: {
18:36:56 INFO [GH3]: 	controller (QTypeInt) : 0
18:36:56 INFO [GH3]: 	Unknown(0x30bd7df4)
18:36:56 INFO [GH3]: }
18:36:56 INFO [GH3]: {
18:36:56 INFO [GH3]: 	controller (QTypeInt) : 0
18:36:56 INFO [GH3]: 	Unknown(0x277dc487)
18:36:56 INFO [GH3]: }
18:36:56 INFO [GH3]: {
18:36:56 INFO [GH3]: 	controller (QTypeInt) : 0
18:36:56 INFO [GH3]: 	Unknown(0xc973a5ab)
18:36:56 INFO [GH3]: }
18:36:56 INFO [GH3]: {
18:36:56 INFO [GH3]: 	controller (QTypeInt) : 0
18:36:56 INFO [GH3]: 	Unknown(0x2010009e)
18:36:56 INFO [GH3]: }
18:36:56 INFO [GH3]: {
18:36:56 INFO [GH3]: 	controller (QTypeInt) : 0
18:36:56 INFO [GH3]: 	Unknown(0xce1e61b2)
18:36:56 INFO [GH3]: }
18:36:56 INFO [GH3]: {
18:36:56 INFO [GH3]: 	controller (QTypeInt) : 0
18:36:56 INFO [GH3]: 	Unknown(0x29a64cb5)
18:36:56 INFO [GH3]: }
18:36:56 INFO [GH3]: {
18:36:56 INFO [GH3]: 	controller (QTypeInt) : 0
18:36:56 INFO [GH3]: 	Unknown(0x683c5240)
18:36:56 INFO [GH3]: }
18:36:56 INFO [GH3]: {
18:36:56 INFO [GH3]: 	controller (QTypeInt) : 0
18:36:56 INFO [GH3]: 	Unknown(0x8632336c)
18:36:56 INFO [GH3]: }
18:36:56 INFO [GH3]: {
18:36:56 INFO [GH3]: 	controller (QTypeInt) : 0
18:36:56 INFO [GH3]: 	Unknown(0x6f519659)
18:36:56 INFO [GH3]: }
18:36:56 INFO [GH3]: {
18:36:56 INFO [GH3]: 	controller (QTypeInt) : 0
18:36:56 INFO [GH3]: 	Unknown(0x815ff775)
18:36:56 INFO [GH3]: }
18:36:56 INFO [GH3]: {
18:36:56 INFO [GH3]: 	controller (QTypeInt) : 0
18:36:56 INFO [GH3]: 	Unknown(0x66e7da72)
18:36:56 INFO [GH3]: }
18:36:56 INFO [GH3]: {
18:36:56 INFO [GH3]: 	controller (QTypeInt) : 0
18:36:56 INFO [GH3]: 	Unknown(0x71276301)
18:36:56 INFO [GH3]: }
18:36:56 INFO [GH3]: {
18:36:56 INFO [GH3]: 	controller (QTypeInt) : 0
18:36:56 INFO [GH3]: 	Unknown(0x9f29022d)
18:36:56 INFO [GH3]: }
18:36:56 INFO [GH3]: {
18:36:56 INFO [GH3]: 	controller (QTypeInt) : 0
18:36:56 INFO [GH3]: 	Unknown(0x764aa718)
18:36:56 INFO [GH3]: }
18:36:56 INFO [GH3]: {
18:36:56 INFO [GH3]: 	controller (QTypeInt) : 0
18:36:56 INFO [GH3]: 	Unknown(0x9844c634)
18:36:56 INFO [GH3]: }
18:36:56 INFO [GH3]: {
18:36:56 INFO [GH3]: 	controller (QTypeInt) : 0
18:36:56 INFO [GH3]: 	Unknown(0x7ffceb33)
18:36:56 INFO [GH3]: }
18:36:56 INFO [GH3]: {
18:36:56 INFO [GH3]: 	controller (QTypeInt) : 0
18:36:56 INFO [GH3]: 	Unknown(0x5a0a30c2)
18:36:56 INFO [GH3]: }
18:36:56 INFO [GH3]: {
18:36:56 INFO [GH3]: 	controller (QTypeInt) : 0
18:36:56 INFO [GH3]: 	Unknown(0xb40451ee)
18:36:56 INFO [GH3]: }
18:36:57 INFO [GH3]: {
18:36:57 INFO [GH3]: 	controller (QTypeInt) : 0
18:36:57 INFO [GH3]: 	Unknown(0x5d67f4db)
18:36:57 INFO [GH3]: }
18:36:57 INFO [GH3]: {
18:36:57 INFO [GH3]: 	Unknown(0x9a17ba07)
18:36:57 INFO [GH3]: }
18:36:57 INFO [GH3]: {
18:36:57 INFO [GH3]: 	Unknown(0x7419db2b)
18:36:57 INFO [GH3]: }
18:36:57 INFO [GH3]: {
18:36:57 INFO [GH3]: 	Unknown(0x9d7a7e1e)
18:36:57 INFO [GH3]: }
18:36:57 INFO [GH3]: {
18:36:57 INFO [GH3]: 	Unknown(0x73741f32)
18:36:57 INFO [GH3]: }
18:36:58 INFO [GH3]: {
18:36:58 INFO [GH3]: 	Unknown(0x8ba3feac)
18:36:58 INFO [GH3]: }
18:36:59 INFO [GH3]: {
18:36:59 INFO [GH3]: 	end
18:36:59 INFO [GH3]: 	none
18:36:59 INFO [GH3]: 	Unknown(0x3c289f80)
18:36:59 INFO [GH3]: 	result (QTypeInt) : 0
18:36:59 INFO [GH3]: }
18:36:59 INFO [GH3]: {
18:36:59 INFO [GH3]: 	controller (QTypeInt) : 0
18:36:59 INFO [GH3]: 	Unknown(0xd2c68b7c)
18:36:59 INFO [GH3]: }
18:37:02 INFO [GH3]: {
18:37:02 INFO [GH3]: 	om_text_1
18:37:02 INFO [GH3]: 	bg_pos (QTypePair) : (512, 93)
18:37:02 INFO [GH3]: 	bg_dims (QTypePair) : (190, 53)
18:37:02 INFO [GH3]: }
18:37:02 INFO [GH3]: {
18:37:02 INFO [GH3]: 	om_text_3
18:37:02 INFO [GH3]: 	bg_pos (QTypePair) : (508, 178)
18:37:02 INFO [GH3]: 	bg_dims (QTypePair) : (192, 52)
18:37:02 INFO [GH3]: }
18:37:02 INFO [GH3]: {
18:37:02 INFO [GH3]: 	om_text_5
18:37:02 INFO [GH3]: 	bg_pos (QTypePair) : (500, 258)
18:37:02 INFO [GH3]: 	bg_dims (QTypePair) : (186, 38)
18:37:02 INFO [GH3]: }
18:37:02 INFO [GH3]: {
18:37:02 INFO [GH3]: 	om_text_7
18:37:02 INFO [GH3]: 	bg_pos (QTypePair) : (500, 348)
18:37:02 INFO [GH3]: 	bg_dims (QTypePair) : (190, 50)
18:37:02 INFO [GH3]: }
18:37:03 INFO [GH3]: {
18:37:03 INFO [GH3]: 	om_text_9
18:37:03 INFO [GH3]: 	bg_pos (QTypePair) : (491, 436)
18:37:03 INFO [GH3]: 	bg_dims (QTypePair) : (185, 35)
18:37:03 INFO [GH3]: }
18:37:03 INFO [GH3]: {
18:37:03 INFO [GH3]: 	om_text_11
18:37:03 INFO [GH3]: 	bg_pos (QTypePair) : (488, 521)
18:37:03 INFO [GH3]: 	bg_dims (QTypePair) : (185, 40)
18:37:03 INFO [GH3]: }
18:37:08 INFO [GH3]: {
18:37:08 INFO [GH3]: 	x (QTypeQbArray) : Type:"QTypeQbArray" Size:2
18:37:08 INFO [GH3]: }
18:37:18 INFO [GH3]: {
18:37:18 INFO [GH3]: 	player_device (QTypeInt) : 0
18:37:18 INFO [GH3]: 	Title (QTypeWString) : "SAVING..."
18:37:18 INFO [GH3]: 	textblock (QTypeQbStruct) : 
18:37:18 INFO [GH3]: 	{
18:37:18 INFO [GH3]: 		Text (QTypeWString) : "Saving Content."
18:37:18 INFO [GH3]: 	}
18:37:18 INFO [GH3]: }
18:37:20 INFO [GH3]: {
18:37:20 INFO [GH3]: 	x (QTypeQbArray) : Type:"QTypeQbArray" Size:2
18:37:20 INFO [GH3]: }
18:37:20 INFO [GH3]: {
18:37:20 INFO [GH3]: 	om_text_2
18:37:20 INFO [GH3]: 	bg_pos (QTypePair) : (510, 135)
18:37:20 INFO [GH3]: 	bg_dims (QTypePair) : (190, 39)
18:37:20 INFO [GH3]: }
18:37:21 INFO [GH3]: {
18:37:21 INFO [GH3]: 	om_text_4
18:37:21 INFO [GH3]: 	bg_pos (QTypePair) : (505, 221)
18:37:21 INFO [GH3]: 	bg_dims (QTypePair) : (192, 38)
18:37:21 INFO [GH3]: }
18:37:21 INFO [GH3]: {
18:37:21 INFO [GH3]: 	om_text_6
18:37:21 INFO [GH3]: 	bg_pos (QTypePair) : (502, 302)
18:37:21 INFO [GH3]: 	bg_dims (QTypePair) : (190, 55)
18:37:21 INFO [GH3]: }
18:37:22 INFO [GH3]: {
18:37:22 INFO [GH3]: 	player_device (QTypeInt) : 0
18:37:22 INFO [GH3]: 	Title (QTypeWString) : "CHECKING..."
18:37:22 INFO [GH3]: 	textblock (QTypeQbStruct) : 
18:37:22 INFO [GH3]: 	{
18:37:22 INFO [GH3]: 		Text (QTypeWString) : "Checking storage device..."
18:37:22 INFO [GH3]: 	}
18:37:22 INFO [GH3]: }
18:37:23 INFO [GH3]: {
18:37:23 INFO [GH3]: 	player_device (QTypeInt) : 0
18:37:23 INFO [GH3]: 	Title (QTypeWString) : "SAVING..."
18:37:23 INFO [GH3]: 	textblock (QTypeQbStruct) : 
18:37:23 INFO [GH3]: 	{
18:37:23 INFO [GH3]: 		Text (QTypeWString) : "Saving Content."
18:37:23 INFO [GH3]: 	}
18:37:23 INFO [GH3]: }
18:37:23 INFO [GH3]: {
18:37:23 INFO [GH3]: 	om_text_1
18:37:23 INFO [GH3]: 	bg_pos (QTypePair) : (512, 93)
18:37:23 INFO [GH3]: 	bg_dims (QTypePair) : (190, 53)
18:37:23 INFO [GH3]: }
18:37:25 INFO [GH3]: {
18:37:25 INFO [GH3]: 	controller (QTypeInt) : 0
18:37:25 INFO [GH3]: 	Unknown(0x59513c17)
18:37:25 INFO [GH3]: }
18:37:27 INFO [GH3]: {
18:37:27 INFO [GH3]: 	start
18:37:27 INFO [GH3]: 	none
18:37:27 INFO [GH3]: 	Unknown(0x00000000)
18:37:27 INFO [GH3]: 	result (QTypeInt) : 0
18:37:27 INFO [GH3]: }
18:37:27 INFO [GH3]: {
18:37:27 INFO [GH3]: 	start
18:37:27 INFO [GH3]: 	none
18:37:27 INFO [GH3]: 	Unknown(0x00000000)
18:37:27 INFO [GH3]: 	result (QTypeInt) : 0
18:37:27 INFO [GH3]: }
18:37:27 INFO [GH3]: {
18:37:27 INFO [GH3]: 	start
18:37:27 INFO [GH3]: 	none
18:37:27 INFO [GH3]: 	Unknown(0x00000000)
18:37:27 INFO [GH3]: 	result (QTypeInt) : 0
18:37:27 INFO [GH3]: }
18:37:28 INFO [GH3]: {
18:37:28 INFO [GH3]: 	Unknown(0x9a17ba07)
18:37:28 INFO [GH3]: }
18:37:28 INFO [GH3]: {
18:37:28 INFO [GH3]: 	Unknown(0x7419db2b)
18:37:28 INFO [GH3]: }
18:37:28 INFO [GH3]: {
18:37:28 INFO [GH3]: 	Unknown(0x9d7a7e1e)
18:37:28 INFO [GH3]: }
18:37:28 INFO [GH3]: {
18:37:28 INFO [GH3]: 	Unknown(0x73741f32)
18:37:28 INFO [GH3]: }
18:37:28 INFO [GH3]: {
18:37:28 INFO [GH3]: 	controller (QTypeInt) : 0
18:37:28 INFO [GH3]: 	Unknown(0x8445bc57)
18:37:28 INFO [GH3]: }
18:37:28 INFO [GH3]: {
18:37:28 INFO [GH3]: 	controller (QTypeInt) : 0
18:37:28 INFO [GH3]: 	Unknown(0x63fd9150)
18:37:28 INFO [GH3]: }
18:37:28 INFO [GH3]: {
18:37:28 INFO [GH3]: 	controller (QTypeInt) : 0
18:37:28 INFO [GH3]: 	Unknown(0xeabe05ad)
18:37:28 INFO [GH3]: }
18:37:28 INFO [GH3]: {
18:37:28 INFO [GH3]: 	controller (QTypeInt) : 0
18:37:28 INFO [GH3]: 	Unknown(0x04b06481)
18:37:28 INFO [GH3]: }
18:37:28 INFO [GH3]: {
18:37:28 INFO [GH3]: 	controller (QTypeInt) : 0
18:37:28 INFO [GH3]: 	Unknown(0xedd3c1b4)
18:37:28 INFO [GH3]: }
18:37:28 INFO [GH3]: {
18:37:28 INFO [GH3]: 	controller (QTypeInt) : 0
18:37:28 INFO [GH3]: 	Unknown(0x03dda098)
18:37:28 INFO [GH3]: }
18:37:28 INFO [GH3]: {
18:37:28 INFO [GH3]: 	controller (QTypeInt) : 0
18:37:28 INFO [GH3]: 	Unknown(0xe4658d9f)
18:37:28 INFO [GH3]: }
18:37:28 INFO [GH3]: {
18:37:28 INFO [GH3]: 	controller (QTypeInt) : 0
18:37:28 INFO [GH3]: 	Unknown(0xf3a534ec)
18:37:28 INFO [GH3]: }
18:37:28 INFO [GH3]: {
18:37:28 INFO [GH3]: 	controller (QTypeInt) : 0
18:37:28 INFO [GH3]: 	Unknown(0x1dab55c0)
18:37:28 INFO [GH3]: }
18:37:28 INFO [GH3]: {
18:37:28 INFO [GH3]: 	controller (QTypeInt) : 0
18:37:28 INFO [GH3]: 	Unknown(0xf4c8f0f5)
18:37:28 INFO [GH3]: }
18:37:28 INFO [GH3]: {
18:37:28 INFO [GH3]: 	controller (QTypeInt) : 0
18:37:28 INFO [GH3]: 	Unknown(0x1ac691d9)
18:37:28 INFO [GH3]: }
18:37:28 INFO [GH3]: {
18:37:28 INFO [GH3]: 	controller (QTypeInt) : 0
18:37:28 INFO [GH3]: 	Unknown(0xfd7ebcde)
18:37:28 INFO [GH3]: }
18:37:28 INFO [GH3]: {
18:37:28 INFO [GH3]: 	controller (QTypeInt) : 0
18:37:28 INFO [GH3]: 	Unknown(0x23a5e592)
18:37:28 INFO [GH3]: }
18:37:28 INFO [GH3]: {
18:37:28 INFO [GH3]: 	controller (QTypeInt) : 0
18:37:28 INFO [GH3]: 	Unknown(0xcdab84be)
18:37:28 INFO [GH3]: }
18:37:28 INFO [GH3]: {
18:37:28 INFO [GH3]: 	controller (QTypeInt) : 0
18:37:28 INFO [GH3]: 	Unknown(0x24c8218b)
18:37:28 INFO [GH3]: }
18:37:28 INFO [GH3]: {
18:37:28 INFO [GH3]: 	controller (QTypeInt) : 0
18:37:28 INFO [GH3]: 	Unknown(0xcac640a7)
18:37:28 INFO [GH3]: }
18:37:28 INFO [GH3]: {
18:37:28 INFO [GH3]: 	controller (QTypeInt) : 0
18:37:28 INFO [GH3]: 	Unknown(0x2d7e6da0)
18:37:28 INFO [GH3]: }
18:37:28 INFO [GH3]: {
18:37:28 INFO [GH3]: 	controller (QTypeInt) : 0
18:37:28 INFO [GH3]: 	Unknown(0x3abed4d3)
18:37:28 INFO [GH3]: }
18:37:28 INFO [GH3]: {
18:37:28 INFO [GH3]: 	controller (QTypeInt) : 0
18:37:28 INFO [GH3]: 	Unknown(0xd4b0b5ff)
18:37:28 INFO [GH3]: }
18:37:28 INFO [GH3]: {
18:37:28 INFO [GH3]: 	controller (QTypeInt) : 0
18:37:28 INFO [GH3]: 	Unknown(0x3dd310ca)
18:37:28 INFO [GH3]: }
18:37:28 INFO [GH3]: {
18:37:28 INFO [GH3]: 	controller (QTypeInt) : 0
18:37:28 INFO [GH3]: 	Unknown(0xd3dd71e6)
18:37:28 INFO [GH3]: }
18:37:29 INFO [GH3]: {
18:37:29 INFO [GH3]: 	controller (QTypeInt) : 0
18:37:29 INFO [GH3]: 	Unknown(0x3dd310ca)
18:37:29 INFO [GH3]: }
18:37:30 INFO [GH3]: {
18:37:30 INFO [GH3]: 	Unknown(0xed108a91)
18:37:30 INFO [GH3]: }
18:37:30 INFO [GH3]: {
18:37:30 INFO [GH3]: 	Unknown(0x031eebbd)
18:37:30 INFO [GH3]: }
18:37:30 INFO [GH3]: {
18:37:30 INFO [GH3]: 	Unknown(0xea7d4e88)
18:37:30 INFO [GH3]: }
18:37:30 INFO [GH3]: {
18:37:30 INFO [GH3]: 	Unknown(0x04732fa4)
18:37:30 INFO [GH3]: }
18:37:32 INFO [GH3]: {
18:37:32 INFO [GH3]: 	controller (QTypeInt) : 0
18:37:32 INFO [GH3]: 	Unknown(0x81688e01)
18:37:32 INFO [GH3]: }
18:37:35 INFO [GH3]: {
18:37:35 INFO [GH3]: 	x (QTypeQbArray) : Type:"QTypeQbArray" Size:2
18:37:35 INFO [GH3]: }
18:37:35 ERROR[Nylon]:  ***** AN UNHANDLED EXCEPTION OCCURED! ***** 
Exception occured at: 0x762a20c2
UNKNOWN EXCEPTION: 0x0006ba-- STACK FRAME --
EAX: 0x12aa7a8
SBX: 0x43efa220
ECX: 0x000000
EDX: 0x2f7000
EBP: 0x12aa804
EDI: 0x12aa844
ESP: 0x12aa7a8
18:37:35 ERROR[Nylon]:  ***** AN UNHANDLED EXCEPTION OCCURED! ***** 
Exception occured at: 0x769a4822
UNKNOWN EXCEPTION: 0xc0020043-- STACK FRAME --
EAX: 0x12aa7a4
SBX: 0x43efa220
ECX: 0x96b73917
EDX: 0x2f7000
EBP: 0x12aa80c
EDI: 0x12aa844
ESP: 0x12aa794
