18:34:45 DEBUG[Nylon]: Finished creating log file.
18:34:45 INFO [Nylon]: Assigning Exception Handler...
18:34:45 INFO [Nylon]: Starting Task: Initializing Nylon
18:34:45 INFO [Nylon]: Wine was not detected. Assuming we are running on a Windows NT OS Please report this if this detection is an error.
18:34:45 INFO [Nylon]: Starting Task: Reading Config
18:34:45 INFO [Nylon]: Finished Task: Reading Config
18:34:45 INFO [Nylon]: Starting Task: Determing Game
18:34:45 INFO [Nylon]: Finished Task: Determing Game
18:34:45 INFO [Nylon]: Is Aerosmith? False
18:34:45 INFO [Nylon]: Checking "C:\Games\Guitar Hero III\nylon\Resources" for keys...
18:34:45 INFO [Nylon]: Found "C:\Games\Guitar Hero III\nylon\Resources\QBKeys.txt" 
18:34:45 INFO [Nylon]: Successfully parsed "C:\Games\Guitar Hero III\nylon\Resources\QBKeys.txt"
18:34:45 INFO [Nylon]: Minhook initialized!
18:34:45 INFO [Nylon]: Starting Task: Setting up default hooks
18:34:45 INFO [Nylon]: Hooked function at address: 0x75CB89E0
18:34:45 INFO [Nylon]: Hooked function at address: 0x75CB8320
18:34:45 INFO [Nylon]: Hooked function at address: 0x75CB2520
18:34:45 INFO [Nylon]: Starting Task: Creating CFunc hooks
18:34:45 INFO [Nylon]: Hooked function at address: 0x00530970
18:34:45 INFO [Nylon]: Hooked function at address: 0x00530940
18:34:45 INFO [Nylon]: Hooked function at address: 0x004A1780
18:34:45 INFO [Nylon]: Hooked function at address: 0x00541F40
18:34:45 INFO [Nylon]: Hooked function at address: 0x0041B930
18:34:45 INFO [Nylon]: Finished Task: Creating CFunc hooks
18:34:45 INFO [Nylon]: Hooked function at address: 0x0057B940
18:34:45 INFO [Nylon]: Hooked function at address: 0x00D94EE8
18:34:45 INFO [Nylon]: Hooked function at address: 0x00601D30
18:34:45 INFO [Nylon]: Hooked function at address: 0x0047DFA0
18:34:45 INFO [Nylon]: Hooked function at address: 0x0057AE20
18:34:46 INFO [Nylon]: Hooked function at address: 0x004A6820
18:34:46 INFO [Nylon]: Hooked function at address: 0x0047E5B0
18:34:46 INFO [Nylon]: Hooked function at address: 0x004A69A0
18:34:46 INFO [Nylon]: Hooked function at address: 0x00596280
18:34:46 INFO [Nylon]: Hooked function at address: 0x00DA54C5
18:34:46 INFO [Nylon]: Finished Task: Setting up default hooks
18:34:46 INFO [Nylon]: Starting Task: Creating DirectX hooks
18:34:46 INFO [Nylon]: Hooked function at address: 0x59424B20
18:34:46 INFO [Nylon]: Finished Task: Creating DirectX hooks
18:34:46 INFO [Nylon]: Setting up Nx::CEngine Hooks...
18:34:46 INFO [Nylon]: Hooked function at address: 0x0058C4C0
18:34:46 INFO [Nylon]: Finished setting up Nx::CEngine hooks.
18:34:46 INFO [Nylon]: Setting up GuitarFuncs Hooks...
18:34:46 INFO [Nylon]: Finished setting up GuitarFuncs hooks.
18:34:46 INFO [Nylon]: Starting Task: Creating Gfx::CScreenFXManager hooks
18:34:46 INFO [Nylon]: Hooked function at address: 0x005F7490
18:34:46 INFO [Nylon]: Finished Task: Creating Gfx::CScreenFXManager hooks
18:34:46 INFO [Nylon]: Starting Task: Loading Mods
18:34:46 INFO [Nylon]: Loading mods from: "C:\Games\Guitar Hero III\nylon\Mods"
18:34:46 INFO [Nylon]: Checking for: "C:\Games\Guitar Hero III\nylon\Mods\GH3Deluxe\modinfo.json"...
18:34:46 INFO [Nylon]: Loading...
18:34:46 INFO [Nylon]: Found mod: gh3dx
18:34:46 INFO [Nylon]: Checking "C:\Games\Guitar Hero III\nylon\Mods\GH3Deluxe" for keys...
18:34:46 WARN [Nylon]: Did not find "C:\Games\Guitar Hero III\nylon\Mods\GH3Deluxe\QBKeys.txt"
18:34:46 INFO [Nylon]: Finished Task: Loading Mods
18:34:46 INFO [Nylon]: Finished Task: Initializing Nylon
18:34:46 INFO [Nylon]: Starting Task: Creating DirectX9
18:34:46 INFO [Nylon]: Hooked function at address: 0x5942F750
18:34:46 INFO [Nylon]: Finished Task: Creating DirectX9
18:34:46 INFO [Nylon]: Loading Pak: "pak/dbgq.pak"
18:34:46 INFO [Nylon]: Loading Pak: "pak/qb.pak"
18:34:46 INFO [Nylon]: Expecting: "GH3Deluxe\pak\gh3dx.pak"
18:34:46 INFO [Nylon]: Found it! Loading...
18:34:46 INFO [Nylon]: Loading Pak: "..\nylon\Mods\GH3Deluxe\pak\gh3dx.pak"
18:34:46 INFO [Nylon]: Done!
18:34:46 INFO [Nylon]: Starting Task: Creating DirectX9
18:34:46 INFO [Nylon]: Finished Task: Creating DirectX9
18:34:46 INFO [Nylon]: Starting Task: Creating DirectX9 Device
18:34:46 INFO [Nylon]: Starting Task: Creating DirectX9 Device
18:34:47 INFO [Nylon]: Finished Task: Creating DirectX9 Device
18:34:47 INFO [Nylon]: Finished Task: Creating DirectX9 Device
18:34:47 INFO [Nylon]: Starting Task: Creating DirectX Virtual Function hooks
18:34:47 INFO [Nylon]: Hooked function at address: 0x594A6500
18:34:47 INFO [Nylon]: Hooked function at address: 0x594A6120
18:34:47 INFO [Nylon]: Finished Task: Creating DirectX Virtual Function hooks
18:34:47 INFO [Nylon]: Loading Texutre "LoadingScreens/boot_legal"
18:34:47 INFO [Nylon]: Loading Texutre "LoadingScreens/load_wheel"
18:34:49 INFO [GH3]: {
18:34:49 INFO [GH3]: 	player_device (QTypeInt) : 0
18:34:49 INFO [GH3]: 	Title (QTypeWString) : "CHECKING..."
18:34:49 INFO [GH3]: 	textblock (QTypeQbStruct) : 
18:34:49 INFO [GH3]: 	{
18:34:49 INFO [GH3]: 		Text (QTypeWString) : "Checking storage device..."
18:34:49 INFO [GH3]: 	}
18:34:49 INFO [GH3]: }
18:34:49 INFO [GH3]: {
18:34:49 INFO [GH3]: 	player_device (QTypeInt) : 0
18:34:49 INFO [GH3]: 	Title (QTypeWString) : "SUCCESSFUL"
18:34:49 INFO [GH3]: 	textblock (QTypeQbStruct) : 
18:34:49 INFO [GH3]: 	{
18:34:49 INFO [GH3]: 		Text (QTypeWString) : "Save successful."
18:34:49 INFO [GH3]: 	}
18:34:49 INFO [GH3]: }
18:34:55 INFO [GH3]: {
18:34:55 INFO [GH3]: 	om_text_1
18:34:55 INFO [GH3]: 	bg_pos (QTypePair) : (512, 93)
18:34:55 INFO [GH3]: 	bg_dims (QTypePair) : (190, 53)
18:34:55 INFO [GH3]: }
18:34:55 INFO [GH3]: {
18:34:55 INFO [GH3]: 	om_text_3
18:34:55 INFO [GH3]: 	bg_pos (QTypePair) : (508, 178)
18:34:55 INFO [GH3]: 	bg_dims (QTypePair) : (192, 52)
18:34:55 INFO [GH3]: }
18:34:55 INFO [GH3]: {
18:34:55 INFO [GH3]: 	om_text_5
18:34:55 INFO [GH3]: 	bg_pos (QTypePair) : (500, 258)
18:34:55 INFO [GH3]: 	bg_dims (QTypePair) : (186, 38)
18:34:55 INFO [GH3]: }
18:35:38 INFO [GH3]: {
18:35:38 INFO [GH3]: 	player_device (QTypeInt) : 0
18:35:38 INFO [GH3]: 	Title (QTypeWString) : "CHECKING..."
18:35:38 INFO [GH3]: 	textblock (QTypeQbStruct) : 
18:35:38 INFO [GH3]: 	{
18:35:38 INFO [GH3]: 		Text (QTypeWString) : "Checking storage device..."
18:35:38 INFO [GH3]: 	}
18:35:38 INFO [GH3]: }
18:35:38 INFO [GH3]: {
18:35:38 INFO [GH3]: 	player_device (QTypeInt) : 0
18:35:38 INFO [GH3]: 	Title (QTypeWString) : "SUCCESSFUL"
18:35:38 INFO [GH3]: 	textblock (QTypeQbStruct) : 
18:35:38 INFO [GH3]: 	{
18:35:38 INFO [GH3]: 		Text (QTypeWString) : "Overwrite successful."
18:35:38 INFO [GH3]: 	}
18:35:38 INFO [GH3]: }
18:35:40 INFO [GH3]: {
18:35:40 INFO [GH3]: 	om_text_1
18:35:40 INFO [GH3]: 	bg_pos (QTypePair) : (512, 93)
18:35:40 INFO [GH3]: 	bg_dims (QTypePair) : (190, 53)
18:35:40 INFO [GH3]: }
18:35:40 INFO [GH3]: {
18:35:40 INFO [GH3]: 	om_text_3
18:35:40 INFO [GH3]: 	bg_pos (QTypePair) : (508, 178)
18:35:40 INFO [GH3]: 	bg_dims (QTypePair) : (192, 52)
18:35:40 INFO [GH3]: }
18:35:40 INFO [GH3]: {
18:35:40 INFO [GH3]: 	om_text_5
18:35:40 INFO [GH3]: 	bg_pos (QTypePair) : (500, 258)
18:35:40 INFO [GH3]: 	bg_dims (QTypePair) : (186, 38)
18:35:40 INFO [GH3]: }
18:35:40 INFO [GH3]: {
18:35:40 INFO [GH3]: 	om_text_7
18:35:40 INFO [GH3]: 	bg_pos (QTypePair) : (500, 348)
18:35:40 INFO [GH3]: 	bg_dims (QTypePair) : (190, 50)
18:35:40 INFO [GH3]: }
18:35:40 INFO [GH3]: {
18:35:40 INFO [GH3]: 	om_text_9
18:35:40 INFO [GH3]: 	bg_pos (QTypePair) : (491, 436)
18:35:40 INFO [GH3]: 	bg_dims (QTypePair) : (185, 35)
18:35:40 INFO [GH3]: }
18:35:41 INFO [GH3]: {
18:35:41 INFO [GH3]: 	om_text_11
18:35:41 INFO [GH3]: 	bg_pos (QTypePair) : (488, 521)
18:35:41 INFO [GH3]: 	bg_dims (QTypePair) : (185, 40)
18:35:41 INFO [GH3]: }
18:35:44 INFO [GH3]: {
18:35:44 INFO [GH3]: 	om_text_2
18:35:44 INFO [GH3]: 	bg_pos (QTypePair) : (510, 135)
18:35:44 INFO [GH3]: 	bg_dims (QTypePair) : (190, 39)
18:35:44 INFO [GH3]: }
18:35:44 INFO [GH3]: {
18:35:44 INFO [GH3]: 	om_text_4
18:35:44 INFO [GH3]: 	bg_pos (QTypePair) : (505, 221)
18:35:44 INFO [GH3]: 	bg_dims (QTypePair) : (192, 38)
18:35:44 INFO [GH3]: }
18:35:44 INFO [GH3]: {
18:35:44 INFO [GH3]: 	om_text_6
18:35:44 INFO [GH3]: 	bg_pos (QTypePair) : (502, 302)
18:35:44 INFO [GH3]: 	bg_dims (QTypePair) : (190, 55)
18:35:44 INFO [GH3]: }
18:35:45 INFO [GH3]: {
18:35:45 INFO [GH3]: 	om_text_8
18:35:45 INFO [GH3]: 	bg_pos (QTypePair) : (495, 392)
18:35:45 INFO [GH3]: 	bg_dims (QTypePair) : (190, 50)
18:35:45 INFO [GH3]: }
18:35:45 INFO [GH3]: {
18:35:45 INFO [GH3]: 	om_text_10
18:35:45 INFO [GH3]: 	bg_pos (QTypePair) : (490, 480)
18:35:45 INFO [GH3]: 	bg_dims (QTypePair) : (190, 50)
18:35:45 INFO [GH3]: }
18:35:46 INFO [GH3]: {
18:35:46 INFO [GH3]: 	om_text_1
18:35:46 INFO [GH3]: 	bg_pos (QTypePair) : (512, 93)
18:35:46 INFO [GH3]: 	bg_dims (QTypePair) : (190, 53)
18:35:46 INFO [GH3]: }
18:35:49 INFO [GH3]: {
18:35:49 INFO [GH3]: 	x (QTypeQbArray) : Type:"QTypeQbArray" Size:2
18:35:49 INFO [GH3]: }
18:35:50 ERROR[Nylon]:  ***** AN UNHANDLED EXCEPTION OCCURED! ***** 
Exception occured at: 0x762a20c2
UNKNOWN EXCEPTION: 0x0006ba-- STACK FRAME --
EAX: 0x12aa7a8
SBX: 0x4231888
ECX: 0x000000
EDX: 0x2e6000
EBP: 0x12aa804
EDI: 0x12aa844
ESP: 0x12aa7a8
18:35:50 ERROR[Nylon]:  ***** AN UNHANDLED EXCEPTION OCCURED! ***** 
Exception occured at: 0x769a4822
UNKNOWN EXCEPTION: 0xc0020043-- STACK FRAME --
EAX: 0x12aa7a4
SBX: 0x4231888
ECX: 0xe64a7717
EDX: 0x2e6000
EBP: 0x12aa80c
EDI: 0x12aa844
ESP: 0x12aa794
