21:07:36 INFO  [Nylon]: Wine was not detected. Assuming we are running on a Windows NT OS Please report this if this detection is an error.
21:07:36 INFO  [Nylon]: Minhook initialized!
21:07:36 INFO  [Nylon]: Setting up default hooks...
21:07:36 INFO  [Nylon]: Hooked function at address: 0x764E89E0
21:07:37 INFO  [Nylon]: Hooked function at address: 0x764E8320
21:07:37 INFO  [Nylon]: Hooked function at address: 0x764E2520
21:07:37 INFO  [Nylon]: Hooked function at address: 0x00530970
21:07:37 INFO  [Nylon]: Hooked function at address: 0x00530940
21:07:37 INFO  [Nylon]: Hooked function at address: 0x004A1780
21:07:37 INFO  [Nylon]: Hooked function at address: 0x00472B50
21:07:37 INFO  [Nylon]: Hooked function at address: 0x0057B940
21:07:37 INFO  [Nylon]: Hooked function at address: 0x00601D30
21:07:37 INFO  [Nylon]: Hooked function at address: 0x0047DFA0
21:07:37 INFO  [Nylon]: Hooked function at address: 0x0057AE20
21:07:37 INFO  [Nylon]: Hooked function at address: 0x00D94EE8
21:07:37 INFO  [Nylon]: Hooked function at address: 0x004A6820
21:07:37 INFO  [Nylon]: Hooked function at address: 0x0047E5B0
21:07:37 INFO  [Nylon]: Finished setting up default hooks.
21:07:37 INFO  [Nylon]: Loading mods...
21:07:37 INFO  [Nylon]: Loading mods from: "C:\Games\Guitar Hero III\nylon\Mods"
21:07:37 INFO  [Nylon]: Checking for: "C:\Games\Guitar Hero III\nylon\Mods\GH3Deluxe\modinfo.json"...
21:07:37 INFO  [Nylon]: Loading...
21:07:37 INFO  [Nylon]: Found mod: gh3dx
21:07:37 INFO  [Nylon]: Finished loading mods.
21:07:37 INFO  [Nylon]: Finished Core Initialization!
21:07:38 INFO  [Nylon]: Expecting: "GH3Deluxe\pak\gh3dx.pak"
21:07:38 INFO  [Nylon]: Found it! Loading...
21:07:38 INFO  [Nylon]: Done!
21:07:38 INFO  [Nylon]: Hooking DirectX 9...
21:07:38 INFO  [Nylon]: Hooked function at address: 0x58906500
21:07:38 INFO  [Nylon]: Hooked function at address: 0x58906120
21:07:38 INFO  [Nylon]: Hooked function at address: 0x7849B040
21:07:38 ERROR [Nylon]: Failed to hook function at address: 0x7849B040 Error Code: 3
21:07:38 INFO  [Nylon]: Finished hooking DirectX 9.
21:07:38 INFO  [Nylon]: Hooked function at address: 0x7849C550
21:07:38 ERROR [Nylon]: Failed to hook function at address: 0x7849C550 Error Code: 3
21:07:38 INFO  [Nylon]: KeyboardSetCooperativeLevel -> 6
21:07:38 INFO  [Nylon]: KeyboardSetCooperativeLevel -> 5
21:07:48 INFO  [GH3]: {
21:07:48 INFO  [GH3]:   Unknown(0x69d0dfaf) (QTypeInt) : 3
21:07:48 INFO  [GH3]:   Unknown(0xd4c98794) (QTypeWString) : "CHECKING..."
21:07:48 INFO  [GH3]:   Unknown(0x26bf66f3) (QTypeQbStruct) : 
21:07:48 INFO  [GH3]: 	{
21:07:48 INFO  [GH3]: 	  Unknown(0xc4745838) (QTypeWString) : "Checking storage device..."
21:07:48 INFO  [GH3]: 	}
21:07:48 INFO  [GH3]: }
21:07:48 INFO  [GH3]: {
21:07:48 INFO  [GH3]:   Unknown(0x69d0dfaf) (QTypeInt) : 3
21:07:48 INFO  [GH3]:   Unknown(0x26bf66f3) (QTypeQbStruct) : 
21:07:48 INFO  [GH3]: 	{
21:07:48 INFO  [GH3]: 	  Unknown(0xc4745838) (QTypeWString) : "Game content is damaged and cannot be used. Do you want to delete this content? All progress within this save content will be lost."
21:07:48 INFO  [GH3]: 	  Unknown(0x34a68574) (QTypePair) : (800, 500)
21:07:48 INFO  [GH3]: 	  Unknown(0x7f261953) (QTypePair) : (640, 375)
21:07:48 INFO  [GH3]: 	  Unknown(0x13b9da7b) (QTypeFloat) : 0.5
21:07:48 INFO  [GH3]: 	}
21:07:48 INFO  [GH3]:   Unknown(0xe787d761) (QTypePair) : (640, 465)
21:07:48 INFO  [GH3]:   Unknown(0xad8a5a63) (QTypePair) : (256, 64)
21:07:48 INFO  [GH3]:   Unknown(0x2fca0578) (QTypeQbArray) : Type:"QTypeQbArray" Size:1111703344
21:07:48 INFO  [GH3]: }
21:07:48 INFO  [GH3]: {
21:07:48 INFO  [GH3]:   Unknown(0x69d0dfaf) (QTypeInt) : 3
21:07:48 INFO  [GH3]:   Unknown(0xd4c98794) (QTypeWString) : "SUCCESSFUL"
21:07:48 INFO  [GH3]:   Unknown(0x26bf66f3) (QTypeQbStruct) : 
21:07:48 INFO  [GH3]: 	{
21:07:48 INFO  [GH3]: 	  Unknown(0xc4745838) (QTypeWString) : "Load successful."
21:07:48 INFO  [GH3]: 	}
21:07:48 INFO  [GH3]: }
