21:17:42 INFO  [Nylon]: Wine was not detected. Assuming we are running on a Windows NT OS Please report this if this detection is an error.
21:17:42 INFO  [Nylon]: Minhook initialized!
21:17:42 INFO  [Nylon]: Setting up default hooks...
21:17:42 INFO  [Nylon]: Hooked function at address: 0x764E89E0
21:17:42 INFO  [Nylon]: Hooked function at address: 0x764E8320
21:17:42 INFO  [Nylon]: Hooked function at address: 0x764E2520
21:17:42 INFO  [Nylon]: Hooked function at address: 0x00530970
21:17:43 INFO  [Nylon]: Hooked function at address: 0x00530940
21:17:43 INFO  [Nylon]: Hooked function at address: 0x004A1780
21:17:43 INFO  [Nylon]: Hooked function at address: 0x00472B50
21:17:43 INFO  [Nylon]: Hooked function at address: 0x0057B940
21:17:43 INFO  [Nylon]: Hooked function at address: 0x00601D30
21:17:43 INFO  [Nylon]: Hooked function at address: 0x0047DFA0
21:17:43 INFO  [Nylon]: Hooked function at address: 0x0057AE20
21:17:43 INFO  [Nylon]: Hooked function at address: 0x00D94EE8
21:17:43 INFO  [Nylon]: Hooked function at address: 0x004A6820
21:17:43 INFO  [Nylon]: Hooked function at address: 0x0047E5B0
21:17:43 INFO  [Nylon]: Finished setting up default hooks.
21:17:43 INFO  [Nylon]: Loading mods...
21:17:43 INFO  [Nylon]: Loading mods from: "C:\Games\Guitar Hero III\nylon\Mods"
21:17:43 INFO  [Nylon]: Checking for: "C:\Games\Guitar Hero III\nylon\Mods\GH3Deluxe\modinfo.json"...
21:17:43 INFO  [Nylon]: Loading...
21:17:43 INFO  [Nylon]: Found mod: gh3dx
21:17:43 INFO  [Nylon]: Finished loading mods.
21:17:43 INFO  [Nylon]: Finished Core Initialization!
21:17:44 INFO  [Nylon]: Expecting: "GH3Deluxe\pak\gh3dx.pak"
21:17:44 INFO  [Nylon]: Found it! Loading...
21:17:44 INFO  [Nylon]: Done!
21:17:44 INFO  [Nylon]: Hooking DirectX 9...
21:17:44 INFO  [Nylon]: Hooked function at address: 0x58906500
21:17:44 INFO  [Nylon]: Hooked function at address: 0x58906120
21:17:44 INFO  [Nylon]: Hooked function at address: 0x7849B040
21:17:44 ERROR [Nylon]: Failed to hook function at address: 0x7849B040 Error Code: 3
21:17:44 INFO  [Nylon]: Finished hooking DirectX 9.
21:17:44 INFO  [Nylon]: Hooked function at address: 0x7849C550
21:17:44 ERROR [Nylon]: Failed to hook function at address: 0x7849C550 Error Code: 3
21:17:44 INFO  [Nylon]: KeyboardSetCooperativeLevel -> 6
21:17:44 INFO  [Nylon]: KeyboardSetCooperativeLevel -> 5
21:17:47 INFO  [GH3]: {
21:17:47 INFO  [GH3]:   Unknown(0x69d0dfaf) (QTypeInt) : 3
21:17:47 INFO  [GH3]:   Unknown(0xd4c98794) (QTypeWString) : "CHECKING..."
21:17:47 INFO  [GH3]:   Unknown(0x26bf66f3) (QTypeQbStruct) : 
21:17:47 INFO  [GH3]: 	{
21:17:47 INFO  [GH3]: 	  Unknown(0xc4745838) (QTypeWString) : "Checking storage device..."
21:17:47 INFO  [GH3]: 	}
21:17:47 INFO  [GH3]: }
21:17:47 INFO  [GH3]: {
21:17:47 INFO  [GH3]:   Unknown(0x69d0dfaf) (QTypeInt) : 3
21:17:47 INFO  [GH3]:   Unknown(0x26bf66f3) (QTypeQbStruct) : 
21:17:47 INFO  [GH3]: 	{
21:17:47 INFO  [GH3]: 	  Unknown(0xc4745838) (QTypeWString) : "Game content is damaged and cannot be used. Do you want to delete this content? All progress within this save content will be lost."
21:17:47 INFO  [GH3]: 	  Unknown(0x34a68574) (QTypePair) : (800, 500)
21:17:47 INFO  [GH3]: 	  Unknown(0x7f261953) (QTypePair) : (640, 375)
21:17:47 INFO  [GH3]: 	  Unknown(0x13b9da7b) (QTypeFloat) : 0.5
21:17:47 INFO  [GH3]: 	}
21:17:47 INFO  [GH3]:   Unknown(0xe787d761) (QTypePair) : (640, 465)
21:17:47 INFO  [GH3]:   Unknown(0xad8a5a63) (QTypePair) : (256, 64)
21:17:47 INFO  [GH3]:   Unknown(0x2fca0578) (QTypeQbArray) : Type:"QTypeQbArray" Size:1117533632
21:17:47 INFO  [GH3]: }
21:17:47 INFO  [GH3]: {
21:17:47 INFO  [GH3]:   Unknown(0x69d0dfaf) (QTypeInt) : 3
21:17:47 INFO  [GH3]:   Unknown(0xd4c98794) (QTypeWString) : "SUCCESSFUL"
21:17:47 INFO  [GH3]:   Unknown(0x26bf66f3) (QTypeQbStruct) : 
21:17:47 INFO  [GH3]: 	{
21:17:47 INFO  [GH3]: 	  Unknown(0xc4745838) (QTypeWString) : "Load successful."
21:17:47 INFO  [GH3]: 	}
21:17:47 INFO  [GH3]: }
21:17:50 INFO  [GH3]: {
21:17:50 INFO  [GH3]:   Unknown(0x7323e97c) (QTypeQbArray) : Type:"QTypeQbArray" Size:1120837856
21:17:50 INFO  [GH3]: }
21:18:00 INFO  [GH3]: {
21:18:00 INFO  [GH3]:   Unknown(0xb30d9965) (QTypeInt) : 0
21:18:00 INFO  [GH3]:   Unknown(0x40c698af) (QTypeQbKey) : 0xd00b98
21:18:00 INFO  [GH3]: }
21:18:00 INFO  [GH3]: {
21:18:00 INFO  [GH3]:   Unknown(0xb30d9965) (QTypeInt) : 0
21:18:00 INFO  [GH3]:   Unknown(0x40c698af) (QTypeQbKey) : 0xe768269f
21:18:00 INFO  [GH3]: }
21:18:00 INFO  [GH3]: {
21:18:00 INFO  [GH3]:   Unknown(0xb30d9965) (QTypeInt) : 0
21:18:00 INFO  [GH3]:   Unknown(0x40c698af) (QTypeQbKey) : 0x77d73b0e
21:18:00 INFO  [GH3]: }
21:18:00 INFO  [GH3]: {
21:18:00 INFO  [GH3]:   Unknown(0xb30d9965) (QTypeInt) : 0
21:18:00 INFO  [GH3]:   Unknown(0x40c698af) (QTypeQbKey) : 0x906f1609
21:18:00 INFO  [GH3]: }
21:18:00 INFO  [GH3]: {
21:18:00 INFO  [GH3]:   Unknown(0xb30d9965) (QTypeInt) : 0
21:18:00 INFO  [GH3]:   Unknown(0x40c698af) (QTypeQbKey) : 0x87afaf7a
21:18:00 INFO  [GH3]: }
21:18:01 INFO  [GH3]: {
21:18:01 INFO  [GH3]:   Unknown(0xb30d9965) (QTypeInt) : 0
21:18:01 INFO  [GH3]:   Unknown(0x40c698af) (QTypeQbKey) : 0xd00b98
21:18:01 INFO  [GH3]: }
21:18:01 INFO  [GH3]: {
21:18:01 INFO  [GH3]:   Unknown(0xb30d9965) (QTypeInt) : 0
21:18:01 INFO  [GH3]:   Unknown(0x40c698af) (QTypeQbKey) : 0xe768269f
21:18:01 INFO  [GH3]: }
21:18:01 INFO  [GH3]: {
21:18:01 INFO  [GH3]:   Unknown(0xb30d9965) (QTypeInt) : 0
21:18:01 INFO  [GH3]:   Unknown(0x40c698af) (QTypeQbKey) : 0x77d73b0e
21:18:01 INFO  [GH3]: }
21:18:01 INFO  [GH3]: {
21:18:01 INFO  [GH3]:   Unknown(0xb30d9965) (QTypeInt) : 0
21:18:01 INFO  [GH3]:   Unknown(0x40c698af) (QTypeQbKey) : 0x906f1609
21:18:01 INFO  [GH3]: }
21:18:01 INFO  [GH3]: {
21:18:01 INFO  [GH3]:   Unknown(0xb30d9965) (QTypeInt) : 0
21:18:01 INFO  [GH3]:   Unknown(0x40c698af) (QTypeQbKey) : 0x87afaf7a
21:18:01 INFO  [GH3]: }
21:18:01 INFO  [GH3]: {
21:18:01 INFO  [GH3]:   Unknown(0xb30d9965) (QTypeInt) : 0
21:18:01 INFO  [GH3]:   Unknown(0x40c698af) (QTypeQbKey) : 0xd00b98
21:18:01 INFO  [GH3]: }
21:18:01 INFO  [GH3]: {
21:18:01 INFO  [GH3]:   Unknown(0xb30d9965) (QTypeInt) : 0
21:18:01 INFO  [GH3]:   Unknown(0x40c698af) (QTypeQbKey) : 0xe768269f
21:18:01 INFO  [GH3]: }
21:18:01 INFO  [GH3]: {
21:18:01 INFO  [GH3]:   Unknown(0xb30d9965) (QTypeInt) : 0
21:18:01 INFO  [GH3]:   Unknown(0x40c698af) (QTypeQbKey) : 0x77d73b0e
21:18:01 INFO  [GH3]: }
21:18:01 INFO  [GH3]: {
21:18:01 INFO  [GH3]:   Unknown(0xb30d9965) (QTypeInt) : 0
21:18:01 INFO  [GH3]:   Unknown(0x40c698af) (QTypeQbKey) : 0x906f1609
21:18:01 INFO  [GH3]: }
21:18:01 INFO  [GH3]: {
21:18:01 INFO  [GH3]:   Unknown(0xb30d9965) (QTypeInt) : 0
21:18:01 INFO  [GH3]:   Unknown(0x40c698af) (QTypeQbKey) : 0x87afaf7a
21:18:01 INFO  [GH3]: }
21:18:02 INFO  [GH3]: {
21:18:02 INFO  [GH3]:   Unknown(0xb30d9965) (QTypeInt) : 0
21:18:02 INFO  [GH3]:   Unknown(0x40c698af) (QTypeQbKey) : 0xd00b98
21:18:02 INFO  [GH3]: }
21:18:02 INFO  [GH3]: {
21:18:02 INFO  [GH3]:   Unknown(0xb30d9965) (QTypeInt) : 0
21:18:02 INFO  [GH3]:   Unknown(0x40c698af) (QTypeQbKey) : 0xe768269f
21:18:02 INFO  [GH3]: }
21:18:02 INFO  [GH3]: {
21:18:02 INFO  [GH3]:   Unknown(0xb30d9965) (QTypeInt) : 0
21:18:02 INFO  [GH3]:   Unknown(0x40c698af) (QTypeQbKey) : 0x77d73b0e
21:18:02 INFO  [GH3]: }
21:18:02 INFO  [GH3]: {
21:18:02 INFO  [GH3]:   Unknown(0xb30d9965) (QTypeInt) : 0
21:18:02 INFO  [GH3]:   Unknown(0x40c698af) (QTypeQbKey) : 0x906f1609
21:18:02 INFO  [GH3]: }
21:18:02 INFO  [GH3]: {
21:18:02 INFO  [GH3]:   Unknown(0xb30d9965) (QTypeInt) : 0
21:18:02 INFO  [GH3]:   Unknown(0x40c698af) (QTypeQbKey) : 0x87afaf7a
21:18:02 INFO  [GH3]: }
21:18:02 INFO  [GH3]: {
21:18:02 INFO  [GH3]:   Unknown(0xb30d9965) (QTypeInt) : 0
21:18:02 INFO  [GH3]:   Unknown(0x40c698af) (QTypeQbKey) : 0xd00b98
21:18:02 INFO  [GH3]: }
21:18:02 INFO  [GH3]: {
21:18:02 INFO  [GH3]:   Unknown(0xb30d9965) (QTypeInt) : 0
21:18:02 INFO  [GH3]:   Unknown(0x40c698af) (QTypeQbKey) : 0xe768269f
21:18:02 INFO  [GH3]: }
21:18:02 INFO  [GH3]: {
21:18:02 INFO  [GH3]:   Unknown(0xb30d9965) (QTypeInt) : 0
21:18:02 INFO  [GH3]:   Unknown(0x40c698af) (QTypeQbKey) : 0x77d73b0e
21:18:02 INFO  [GH3]: }
21:18:02 INFO  [GH3]: {
21:18:02 INFO  [GH3]:   Unknown(0xb30d9965) (QTypeInt) : 0
21:18:02 INFO  [GH3]:   Unknown(0x40c698af) (QTypeQbKey) : 0x906f1609
21:18:02 INFO  [GH3]: }
21:18:02 INFO  [GH3]: {
21:18:02 INFO  [GH3]:   Unknown(0xb30d9965) (QTypeInt) : 0
21:18:02 INFO  [GH3]:   Unknown(0x40c698af) (QTypeQbKey) : 0x87afaf7a
21:18:02 INFO  [GH3]: }
21:18:03 INFO  [GH3]: {
21:18:03 INFO  [GH3]:   Unknown(0xb30d9965) (QTypeInt) : 0
21:18:03 INFO  [GH3]:   Unknown(0x40c698af) (QTypeQbKey) : 0xd00b98
21:18:03 INFO  [GH3]: }
21:18:03 INFO  [GH3]: {
21:18:03 INFO  [GH3]:   Unknown(0xb30d9965) (QTypeInt) : 0
21:18:03 INFO  [GH3]:   Unknown(0x40c698af) (QTypeQbKey) : 0xe768269f
21:18:03 INFO  [GH3]: }
21:18:03 INFO  [GH3]: {
21:18:03 INFO  [GH3]:   Unknown(0xb30d9965) (QTypeInt) : 0
21:18:03 INFO  [GH3]:   Unknown(0x40c698af) (QTypeQbKey) : 0x77d73b0e
21:18:03 INFO  [GH3]: }
21:18:03 INFO  [GH3]: {
21:18:03 INFO  [GH3]:   Unknown(0xb30d9965) (QTypeInt) : 0
21:18:03 INFO  [GH3]:   Unknown(0x40c698af) (QTypeQbKey) : 0x906f1609
21:18:03 INFO  [GH3]: }
21:18:03 INFO  [GH3]: {
21:18:03 INFO  [GH3]:   Unknown(0xb30d9965) (QTypeInt) : 0
21:18:03 INFO  [GH3]:   Unknown(0x40c698af) (QTypeQbKey) : 0x87afaf7a
21:18:03 INFO  [GH3]: }
21:18:03 INFO  [GH3]: {
21:18:03 INFO  [GH3]:   Unknown(0xb30d9965) (QTypeInt) : 0
21:18:03 INFO  [GH3]:   Unknown(0x40c698af) (QTypeQbKey) : 0xd00b98
21:18:03 INFO  [GH3]: }
21:18:03 INFO  [GH3]: {
21:18:03 INFO  [GH3]:   Unknown(0xb30d9965) (QTypeInt) : 0
21:18:03 INFO  [GH3]:   Unknown(0x40c698af) (QTypeQbKey) : 0xe768269f
21:18:03 INFO  [GH3]: }
21:18:03 INFO  [GH3]: {
21:18:03 INFO  [GH3]:   Unknown(0xb30d9965) (QTypeInt) : 0
21:18:03 INFO  [GH3]:   Unknown(0x40c698af) (QTypeQbKey) : 0x77d73b0e
21:18:03 INFO  [GH3]: }
21:18:04 INFO  [GH3]: {
21:18:04 INFO  [GH3]:   Unknown(0xb30d9965) (QTypeInt) : 0
21:18:04 INFO  [GH3]:   Unknown(0x40c698af) (QTypeQbKey) : 0x906f1609
21:18:04 INFO  [GH3]: }
21:18:05 INFO  [GH3]: {
21:18:05 INFO  [GH3]:   Unknown(0xb30d9965) (QTypeInt) : 0
21:18:05 INFO  [GH3]:   Unknown(0x40c698af) (QTypeQbKey) : 0x87afaf7a
21:18:05 INFO  [GH3]: }
21:18:05 INFO  [GH3]: {
21:18:05 INFO  [GH3]:   Unknown(0xb30d9965) (QTypeInt) : 0
21:18:05 INFO  [GH3]:   Unknown(0x40c698af) (QTypeQbKey) : 0xd00b98
21:18:05 INFO  [GH3]: }
21:18:06 INFO  [GH3]: {
21:18:06 INFO  [GH3]:   Unknown(0xb30d9965) (QTypeInt) : 0
21:18:06 INFO  [GH3]:   Unknown(0x40c698af) (QTypeQbKey) : 0xe768269f
21:18:06 INFO  [GH3]: }
21:18:06 INFO  [GH3]: {
21:18:06 INFO  [GH3]:   Unknown(0xb30d9965) (QTypeInt) : 0
21:18:06 INFO  [GH3]:   Unknown(0x40c698af) (QTypeQbKey) : 0x77d73b0e
21:18:06 INFO  [GH3]: }
21:18:06 INFO  [GH3]: {
21:18:06 INFO  [GH3]:   Unknown(0xb30d9965) (QTypeInt) : 0
21:18:06 INFO  [GH3]:   Unknown(0x40c698af) (QTypeQbKey) : 0x906f1609
21:18:06 INFO  [GH3]: }
21:18:06 INFO  [GH3]: {
21:18:06 INFO  [GH3]:   Unknown(0xb30d9965) (QTypeInt) : 0
21:18:06 INFO  [GH3]:   Unknown(0x40c698af) (QTypeQbKey) : 0x87afaf7a
21:18:06 INFO  [GH3]: }
21:18:06 INFO  [GH3]: {
21:18:06 INFO  [GH3]:   Unknown(0xb30d9965) (QTypeInt) : 0
21:18:06 INFO  [GH3]:   Unknown(0x40c698af) (QTypeQbKey) : 0xd00b98
21:18:06 INFO  [GH3]: }
21:18:06 INFO  [GH3]: {
21:18:06 INFO  [GH3]:   Unknown(0xb30d9965) (QTypeInt) : 0
21:18:06 INFO  [GH3]:   Unknown(0x40c698af) (QTypeQbKey) : 0xe768269f
21:18:06 INFO  [GH3]: }
21:18:07 INFO  [GH3]: {
21:18:07 INFO  [GH3]:   Unknown(0xb30d9965) (QTypeInt) : 0
21:18:07 INFO  [GH3]:   Unknown(0x40c698af) (QTypeQbKey) : 0x77d73b0e
21:18:07 INFO  [GH3]: }
21:18:07 INFO  [GH3]: {
21:18:07 INFO  [GH3]:   Unknown(0xb30d9965) (QTypeInt) : 0
21:18:07 INFO  [GH3]:   Unknown(0x40c698af) (QTypeQbKey) : 0x906f1609
21:18:07 INFO  [GH3]: }
21:18:07 INFO  [GH3]: {
21:18:07 INFO  [GH3]:   Unknown(0xb30d9965) (QTypeInt) : 0
21:18:07 INFO  [GH3]:   Unknown(0x40c698af) (QTypeQbKey) : 0x87afaf7a
21:18:07 INFO  [GH3]: }
21:18:07 INFO  [GH3]: {
21:18:07 INFO  [GH3]:   Unknown(0xb30d9965) (QTypeInt) : 0
21:18:07 INFO  [GH3]:   Unknown(0x40c698af) (QTypeQbKey) : 0xd00b98
21:18:07 INFO  [GH3]: }
21:18:07 INFO  [GH3]: {
21:18:07 INFO  [GH3]:   Unknown(0xb30d9965) (QTypeInt) : 0
21:18:07 INFO  [GH3]:   Unknown(0x40c698af) (QTypeQbKey) : 0xe768269f
21:18:07 INFO  [GH3]: }
21:18:07 INFO  [GH3]: {
21:18:07 INFO  [GH3]:   Unknown(0xb30d9965) (QTypeInt) : 0
21:18:07 INFO  [GH3]:   Unknown(0x40c698af) (QTypeQbKey) : 0x77d73b0e
21:18:07 INFO  [GH3]: }
21:18:07 INFO  [GH3]: {
21:18:07 INFO  [GH3]:   Unknown(0xb30d9965) (QTypeInt) : 0
21:18:07 INFO  [GH3]:   Unknown(0x40c698af) (QTypeQbKey) : 0x906f1609
21:18:07 INFO  [GH3]: }
21:18:07 INFO  [GH3]: {
21:18:07 INFO  [GH3]:   Unknown(0xb30d9965) (QTypeInt) : 0
21:18:07 INFO  [GH3]:   Unknown(0x40c698af) (QTypeQbKey) : 0x87afaf7a
21:18:07 INFO  [GH3]: }
21:18:07 INFO  [GH3]: {
21:18:07 INFO  [GH3]:   Unknown(0xb30d9965) (QTypeInt) : 0
21:18:07 INFO  [GH3]:   Unknown(0x40c698af) (QTypeQbKey) : 0xd00b98
21:18:07 INFO  [GH3]: }
21:18:07 INFO  [GH3]: {
21:18:07 INFO  [GH3]:   Unknown(0xb30d9965) (QTypeInt) : 0
21:18:07 INFO  [GH3]:   Unknown(0x40c698af) (QTypeQbKey) : 0xe768269f
21:18:07 INFO  [GH3]: }
21:18:08 INFO  [GH3]: {
21:18:08 INFO  [GH3]:   Unknown(0xb30d9965) (QTypeInt) : 0
21:18:08 INFO  [GH3]:   Unknown(0x40c698af) (QTypeQbKey) : 0x77d73b0e
21:18:08 INFO  [GH3]: }
21:18:08 INFO  [GH3]: {
21:18:08 INFO  [GH3]:   Unknown(0xb30d9965) (QTypeInt) : 0
21:18:08 INFO  [GH3]:   Unknown(0x40c698af) (QTypeQbKey) : 0x906f1609
21:18:08 INFO  [GH3]: }
21:18:11 INFO  [GH3]: {
21:18:11 INFO  [GH3]:   Unknown(0xb30d9965) (QTypeInt) : 0
21:18:11 INFO  [GH3]:   Unknown(0x40c698af) (QTypeQbKey) : 0x906f1609
21:18:11 INFO  [GH3]: }
21:18:12 INFO  [GH3]: {
21:18:12 INFO  [GH3]:   Unknown(0xb30d9965) (QTypeInt) : 0
21:18:12 INFO  [GH3]:   Unknown(0x40c698af) (QTypeQbKey) : 0x77d73b0e
21:18:12 INFO  [GH3]: }
21:18:15 INFO  [GH3]: {
21:18:15 INFO  [GH3]:   Unknown(0x40c698af) (QTypeQbKey) : 0x9a17ba07
21:18:15 INFO  [GH3]: }
21:18:15 INFO  [GH3]: {
21:18:15 INFO  [GH3]:   Unknown(0x40c698af) (QTypeQbKey) : 0x7419db2b
21:18:15 INFO  [GH3]: }
21:18:16 INFO  [GH3]: {
21:18:16 INFO  [GH3]:   Unknown(0x40c698af) (QTypeQbKey) : 0x7419db2b
21:18:16 INFO  [GH3]: }
21:18:16 INFO  [GH3]: {
21:18:16 INFO  [GH3]:   Unknown(0xb30d9965) (QTypeInt) : 0
21:18:16 INFO  [GH3]:   Unknown(0x40c698af) (QTypeQbKey) : 0xfa3fe312
21:18:16 INFO  [GH3]: }
21:18:16 INFO  [GH3]: {
21:18:16 INFO  [GH3]:   Unknown(0xb30d9965) (QTypeInt) : 0
21:18:16 INFO  [GH3]:   Unknown(0x40c698af) (QTypeQbKey) : 0x1d87ce15
21:18:16 INFO  [GH3]: }
21:18:16 INFO  [GH3]: {
21:18:16 INFO  [GH3]:   Unknown(0xb30d9965) (QTypeInt) : 0
21:18:16 INFO  [GH3]:   Unknown(0x40c698af) (QTypeQbKey) : 0xa477766
21:18:16 INFO  [GH3]: }
21:18:16 INFO  [GH3]: {
21:18:16 INFO  [GH3]:   Unknown(0xb30d9965) (QTypeInt) : 0
21:18:16 INFO  [GH3]:   Unknown(0x40c698af) (QTypeQbKey) : 0xe449164a
21:18:16 INFO  [GH3]: }
21:18:16 INFO  [GH3]: {
21:18:16 INFO  [GH3]:   Unknown(0xb30d9965) (QTypeInt) : 0
21:18:16 INFO  [GH3]:   Unknown(0x40c698af) (QTypeQbKey) : 0xd2ab37f
21:18:16 INFO  [GH3]: }
21:18:21 INFO  [GH3]: {
21:18:21 INFO  [GH3]:   Unknown(0xb30d9965) (QTypeInt) : 0
21:18:21 INFO  [GH3]:   Unknown(0x40c698af) (QTypeQbKey) : 0xd2ab37f
21:18:21 INFO  [GH3]: }
21:18:22 INFO  [GH3]: {
21:18:22 INFO  [GH3]:   Unknown(0xb30d9965) (QTypeInt) : 0
21:18:22 INFO  [GH3]:   Unknown(0x40c698af) (QTypeQbKey) : 0xe449164a
21:18:22 INFO  [GH3]: }
21:18:22 INFO  [GH3]: {
21:18:22 INFO  [GH3]:   Unknown(0xb30d9965) (QTypeInt) : 0
21:18:22 INFO  [GH3]:   Unknown(0x40c698af) (QTypeQbKey) : 0xa477766
21:18:22 INFO  [GH3]: }
21:18:22 INFO  [GH3]: {
21:18:22 INFO  [GH3]:   Unknown(0xb30d9965) (QTypeInt) : 0
21:18:22 INFO  [GH3]:   Unknown(0x40c698af) (QTypeQbKey) : 0x1d87ce15
21:18:22 INFO  [GH3]: }
21:18:22 INFO  [GH3]: {
21:18:22 INFO  [GH3]:   Unknown(0xb30d9965) (QTypeInt) : 0
21:18:22 INFO  [GH3]:   Unknown(0x40c698af) (QTypeQbKey) : 0xfa3fe312
21:18:22 INFO  [GH3]: }
21:18:22 INFO  [GH3]: {
21:18:22 INFO  [GH3]:   Unknown(0xb30d9965) (QTypeInt) : 0
21:18:22 INFO  [GH3]:   Unknown(0x40c698af) (QTypeQbKey) : 0x1431823e
21:18:22 INFO  [GH3]: }
21:18:22 INFO  [GH3]: {
21:18:22 INFO  [GH3]:   Unknown(0xb30d9965) (QTypeInt) : 0
21:18:22 INFO  [GH3]:   Unknown(0x40c698af) (QTypeQbKey) : 0x1431823e
21:18:22 INFO  [GH3]: }
21:18:22 INFO  [GH3]: {
21:18:22 INFO  [GH3]:   Unknown(0xb30d9965) (QTypeInt) : 0
21:18:22 INFO  [GH3]:   Unknown(0x40c698af) (QTypeQbKey) : 0x1431823e
21:18:22 INFO  [GH3]: }
21:18:22 INFO  [GH3]: {
21:18:22 INFO  [GH3]:   Unknown(0xb30d9965) (QTypeInt) : 0
21:18:22 INFO  [GH3]:   Unknown(0x40c698af) (QTypeQbKey) : 0x1431823e
21:18:22 INFO  [GH3]: }
21:18:23 INFO  [GH3]: {
21:18:23 INFO  [GH3]:   Unknown(0xb30d9965) (QTypeInt) : 0
21:18:23 INFO  [GH3]:   Unknown(0x40c698af) (QTypeQbKey) : 0xfa3fe312
21:18:23 INFO  [GH3]: }
21:18:23 INFO  [GH3]: {
21:18:23 INFO  [GH3]:   Unknown(0xb30d9965) (QTypeInt) : 0
21:18:23 INFO  [GH3]:   Unknown(0x40c698af) (QTypeQbKey) : 0x1d87ce15
21:18:23 INFO  [GH3]: }
21:18:24 INFO  [GH3]: {
21:18:24 INFO  [GH3]:   Unknown(0xb30d9965) (QTypeInt) : 0
21:18:24 INFO  [GH3]:   Unknown(0x40c698af) (QTypeQbKey) : 0xa477766
21:18:24 INFO  [GH3]: }
21:18:24 INFO  [GH3]: {
21:18:24 INFO  [GH3]:   Unknown(0xb30d9965) (QTypeInt) : 0
21:18:24 INFO  [GH3]:   Unknown(0x40c698af) (QTypeQbKey) : 0xe449164a
21:18:24 INFO  [GH3]: }
21:18:24 INFO  [GH3]: {
21:18:24 INFO  [GH3]:   Unknown(0xb30d9965) (QTypeInt) : 0
21:18:24 INFO  [GH3]:   Unknown(0x40c698af) (QTypeQbKey) : 0xd2ab37f
21:18:24 INFO  [GH3]: }
21:18:24 INFO  [GH3]: {
21:18:24 INFO  [GH3]:   Unknown(0xb30d9965) (QTypeInt) : 0
21:18:24 INFO  [GH3]:   Unknown(0x40c698af) (QTypeQbKey) : 0xe324d253
21:18:24 INFO  [GH3]: }
21:18:24 INFO  [GH3]: {
21:18:24 INFO  [GH3]:   Unknown(0xb30d9965) (QTypeInt) : 0
21:18:24 INFO  [GH3]:   Unknown(0x40c698af) (QTypeQbKey) : 0x739bcfc2
21:18:24 INFO  [GH3]: }
21:18:24 INFO  [GH3]: {
21:18:24 INFO  [GH3]:   Unknown(0xb30d9965) (QTypeInt) : 0
21:18:24 INFO  [GH3]:   Unknown(0x40c698af) (QTypeQbKey) : 0x739bcfc2
21:18:24 INFO  [GH3]: }
21:18:24 INFO  [GH3]: {
21:18:24 INFO  [GH3]:   Unknown(0xb30d9965) (QTypeInt) : 0
21:18:24 INFO  [GH3]:   Unknown(0x40c698af) (QTypeQbKey) : 0x739bcfc2
21:18:24 INFO  [GH3]: }
21:18:24 INFO  [GH3]: {
21:18:24 INFO  [GH3]:   Unknown(0xb30d9965) (QTypeInt) : 0
21:18:24 INFO  [GH3]:   Unknown(0x40c698af) (QTypeQbKey) : 0x739bcfc2
21:18:24 INFO  [GH3]: }
21:18:24 INFO  [GH3]: {
21:18:24 INFO  [GH3]:   Unknown(0xb30d9965) (QTypeInt) : 0
21:18:24 INFO  [GH3]:   Unknown(0x40c698af) (QTypeQbKey) : 0x739bcfc2
21:18:24 INFO  [GH3]: }
21:18:32 INFO  [GH3]: {
21:18:32 INFO  [GH3]:   Unknown(0xb30d9965) (QTypeInt) : 0
21:18:32 INFO  [GH3]:   Unknown(0x40c698af) (QTypeQbKey) : 0x9423e2c5
21:18:32 INFO  [GH3]: }
21:18:33 INFO  [GH3]: {
21:18:33 INFO  [GH3]:   Unknown(0xb30d9965) (QTypeInt) : 0
21:18:33 INFO  [GH3]:   Unknown(0x40c698af) (QTypeQbKey) : 0x7a2d83e9
21:18:33 INFO  [GH3]: }
21:18:34 INFO  [GH3]: {
21:18:34 INFO  [GH3]:   Unknown(0xb30d9965) (QTypeInt) : 0
21:18:34 INFO  [GH3]:   Unknown(0x40c698af) (QTypeQbKey) : 0x934e26dc
21:18:34 INFO  [GH3]: }
21:18:35 INFO  [GH3]: {
21:18:35 INFO  [GH3]:   Unknown(0xb30d9965) (QTypeInt) : 0
21:18:35 INFO  [GH3]:   Unknown(0x40c698af) (QTypeQbKey) : 0x7d4047f0
21:18:35 INFO  [GH3]: }
21:18:36 INFO  [GH3]: {
21:18:36 INFO  [GH3]:   Unknown(0xb30d9965) (QTypeInt) : 0
21:18:36 INFO  [GH3]:   Unknown(0x40c698af) (QTypeQbKey) : 0x6a80fe83
21:18:36 INFO  [GH3]: }
21:18:37 INFO  [GH3]: {
21:18:37 INFO  [GH3]:   Unknown(0xb30d9965) (QTypeInt) : 0
21:18:37 INFO  [GH3]:   Unknown(0x40c698af) (QTypeQbKey) : 0x8d38d384
21:18:37 INFO  [GH3]: }
21:18:38 INFO  [GH3]: {
21:18:38 INFO  [GH3]:   Unknown(0xb30d9965) (QTypeInt) : 0
21:18:38 INFO  [GH3]:   Unknown(0x40c698af) (QTypeQbKey) : 0x1431823e
21:18:38 INFO  [GH3]: }
21:18:38 INFO  [GH3]: {
21:18:38 INFO  [GH3]:   Unknown(0xb30d9965) (QTypeInt) : 0
21:18:38 INFO  [GH3]:   Unknown(0x40c698af) (QTypeQbKey) : 0xfa3fe312
21:18:38 INFO  [GH3]: }
21:18:38 INFO  [GH3]: {
21:18:38 INFO  [GH3]:   Unknown(0xb30d9965) (QTypeInt) : 0
21:18:38 INFO  [GH3]:   Unknown(0x40c698af) (QTypeQbKey) : 0x1d87ce15
21:18:38 INFO  [GH3]: }
21:18:39 INFO  [GH3]: {
21:18:39 INFO  [GH3]:   Unknown(0xb30d9965) (QTypeInt) : 0
21:18:39 INFO  [GH3]:   Unknown(0x40c698af) (QTypeQbKey) : 0xa477766
21:18:39 INFO  [GH3]: }
21:18:39 INFO  [GH3]: {
21:18:39 INFO  [GH3]:   Unknown(0xb30d9965) (QTypeInt) : 0
21:18:39 INFO  [GH3]:   Unknown(0x40c698af) (QTypeQbKey) : 0xe449164a
21:18:39 INFO  [GH3]: }
21:18:39 INFO  [GH3]: {
21:18:39 INFO  [GH3]:   Unknown(0xb30d9965) (QTypeInt) : 0
21:18:39 INFO  [GH3]:   Unknown(0x40c698af) (QTypeQbKey) : 0xd2ab37f
21:18:39 INFO  [GH3]: }
21:18:39 INFO  [GH3]: {
21:18:39 INFO  [GH3]:   Unknown(0xb30d9965) (QTypeInt) : 0
21:18:39 INFO  [GH3]:   Unknown(0x40c698af) (QTypeQbKey) : 0xe324d253
21:18:39 INFO  [GH3]: }
21:18:39 INFO  [GH3]: {
21:18:39 INFO  [GH3]:   Unknown(0xb30d9965) (QTypeInt) : 0
21:18:39 INFO  [GH3]:   Unknown(0x40c698af) (QTypeQbKey) : 0x739bcfc2
21:18:39 INFO  [GH3]: }
21:18:39 INFO  [GH3]: {
21:18:39 INFO  [GH3]:   Unknown(0xb30d9965) (QTypeInt) : 0
21:18:39 INFO  [GH3]:   Unknown(0x40c698af) (QTypeQbKey) : 0x739bcfc2
21:18:39 INFO  [GH3]: }
21:18:39 INFO  [GH3]: {
21:18:39 INFO  [GH3]:   Unknown(0xb30d9965) (QTypeInt) : 0
21:18:39 INFO  [GH3]:   Unknown(0x40c698af) (QTypeQbKey) : 0x739bcfc2
21:18:39 INFO  [GH3]: }
21:18:39 INFO  [GH3]: {
21:18:39 INFO  [GH3]:   Unknown(0xb30d9965) (QTypeInt) : 0
21:18:39 INFO  [GH3]:   Unknown(0x40c698af) (QTypeQbKey) : 0x739bcfc2
21:18:39 INFO  [GH3]: }
21:18:39 INFO  [GH3]: {
21:18:39 INFO  [GH3]:   Unknown(0xb30d9965) (QTypeInt) : 0
21:18:39 INFO  [GH3]:   Unknown(0x40c698af) (QTypeQbKey) : 0x739bcfc2
21:18:39 INFO  [GH3]: }
21:18:47 INFO  [GH3]: {
21:18:47 INFO  [GH3]:   Unknown(0xb30d9965) (QTypeInt) : 0
21:18:47 INFO  [GH3]:   Unknown(0x40c698af) (QTypeQbKey) : 0x9423e2c5
21:18:47 INFO  [GH3]: }
