21:24:00 INFO  [Nylon]: Wine was not detected. Assuming we are running on a Windows NT OS Please report this if this detection is an error.
21:24:00 INFO  [Nylon]: Minhook initialized!
21:24:00 INFO  [Nylon]: Setting up default hooks...
21:24:00 INFO  [Nylon]: Hooked function at address: 0x764E89E0
21:24:01 INFO  [Nylon]: Hooked function at address: 0x764E8320
21:24:01 INFO  [Nylon]: Hooked function at address: 0x764E2520
21:24:01 INFO  [Nylon]: Hooked function at address: 0x00530970
21:24:01 INFO  [Nylon]: Hooked function at address: 0x00530940
21:24:01 INFO  [Nylon]: Hooked function at address: 0x004A1780
21:24:01 INFO  [Nylon]: Hooked function at address: 0x00472B50
21:24:01 INFO  [Nylon]: Hooked function at address: 0x0057B940
21:24:01 INFO  [Nylon]: Hooked function at address: 0x00601D30
21:24:01 INFO  [Nylon]: Hooked function at address: 0x0047DFA0
21:24:01 INFO  [Nylon]: Hooked function at address: 0x0057AE20
21:24:01 INFO  [Nylon]: Hooked function at address: 0x00D94EE8
21:24:01 INFO  [Nylon]: Hooked function at address: 0x004A6820
21:24:01 INFO  [Nylon]: Hooked function at address: 0x0047E5B0
21:24:01 INFO  [Nylon]: Finished setting up default hooks.
21:24:01 INFO  [Nylon]: Loading mods...
21:24:01 INFO  [Nylon]: Loading mods from: "C:\Games\Guitar Hero III\nylon\Mods"
21:24:01 INFO  [Nylon]: Checking for: "C:\Games\Guitar Hero III\nylon\Mods\GH3Deluxe\modinfo.json"...
21:24:01 INFO  [Nylon]: Loading...
21:24:01 INFO  [Nylon]: Found mod: gh3dx
21:24:01 INFO  [Nylon]: Finished loading mods.
21:24:01 INFO  [Nylon]: Finished Core Initialization!
21:24:02 INFO  [Nylon]: Expecting: "GH3Deluxe\pak\gh3dx.pak"
21:24:02 INFO  [Nylon]: Found it! Loading...
21:24:02 INFO  [Nylon]: Done!
21:24:02 INFO  [Nylon]: Hooking DirectX 9...
21:24:02 INFO  [Nylon]: Hooked function at address: 0x58906500
21:24:02 INFO  [Nylon]: Hooked function at address: 0x58906120
21:24:02 INFO  [Nylon]: Hooked function at address: 0x7849B040
21:24:02 ERROR [Nylon]: Failed to hook function at address: 0x7849B040 Error Code: 3
21:24:02 INFO  [Nylon]: Finished hooking DirectX 9.
21:24:02 INFO  [Nylon]: Hooked function at address: 0x7849C550
21:24:02 ERROR [Nylon]: Failed to hook function at address: 0x7849C550 Error Code: 3
21:24:03 INFO  [Nylon]: KeyboardSetCooperativeLevel -> 6
21:24:03 INFO  [Nylon]: KeyboardSetCooperativeLevel -> 5
21:24:10 INFO  [GH3]: {
21:24:10 INFO  [GH3]:   Unknown(0x69d0dfaf) (QTypeInt) : 0
21:24:10 INFO  [GH3]:   Unknown(0xd4c98794) (QTypeWString) : "CHECKING..."
21:24:10 INFO  [GH3]:   Unknown(0x26bf66f3) (QTypeQbStruct) : 
21:24:10 INFO  [GH3]: 	{
21:24:10 INFO  [GH3]: 	  Unknown(0xc4745838) (QTypeWString) : "Checking storage device..."
21:24:10 INFO  [GH3]: 	}
21:24:10 INFO  [GH3]: }
21:24:10 INFO  [GH3]: {
21:24:10 INFO  [GH3]:   Unknown(0x69d0dfaf) (QTypeInt) : 0
21:24:10 INFO  [GH3]:   Unknown(0x26bf66f3) (QTypeQbStruct) : 
21:24:10 INFO  [GH3]: 	{
21:24:10 INFO  [GH3]: 	  Unknown(0xc4745838) (QTypeWString) : "Game content is damaged and cannot be used. Do you want to delete this content? All progress within this save content will be lost."
21:24:10 INFO  [GH3]: 	  Unknown(0x34a68574) (QTypePair) : (800, 500)
21:24:10 INFO  [GH3]: 	  Unknown(0x7f261953) (QTypePair) : (640, 375)
21:24:10 INFO  [GH3]: 	  Unknown(0x13b9da7b) (QTypeFloat) : 0.5
21:24:10 INFO  [GH3]: 	}
21:24:10 INFO  [GH3]:   Unknown(0xe787d761) (QTypePair) : (640, 465)
21:24:10 INFO  [GH3]:   Unknown(0xad8a5a63) (QTypePair) : (256, 64)
21:24:10 INFO  [GH3]:   Unknown(0x2fca0578) (QTypeQbArray) : Type:"QTypeQbArray" Size:1117468304
21:24:10 INFO  [GH3]: }
21:24:10 INFO  [GH3]: {
21:24:10 INFO  [GH3]:   Unknown(0x69d0dfaf) (QTypeInt) : 0
21:24:10 INFO  [GH3]:   Unknown(0xd4c98794) (QTypeWString) : "SUCCESSFUL"
21:24:10 INFO  [GH3]:   Unknown(0x26bf66f3) (QTypeQbStruct) : 
21:24:10 INFO  [GH3]: 	{
21:24:10 INFO  [GH3]: 	  Unknown(0xc4745838) (QTypeWString) : "Load successful."
21:24:10 INFO  [GH3]: 	}
21:24:10 INFO  [GH3]: }
21:24:14 INFO  [GH3]: {
21:24:14 INFO  [GH3]:   Unknown(0x7323e97c) (QTypeQbArray) : Type:"QTypeQbArray" Size:1121039984
21:24:14 INFO  [GH3]: }
21:24:18 INFO  [GH3]: {
21:24:18 INFO  [GH3]:   Unknown(0xb30d9965) (QTypeInt) : 0
21:24:18 INFO  [GH3]:   Unknown(0x40c698af) (QTypeQbKey) : 0x218d9c88
21:24:18 INFO  [GH3]: }
21:24:23 INFO  [GH3]: {
21:24:23 INFO  [GH3]:   Unknown(0x40c698af) (QTypeQbKey) : 0x9a17ba07
21:24:23 INFO  [GH3]: }
21:24:23 INFO  [GH3]: {
21:24:23 INFO  [GH3]:   Unknown(0x40c698af) (QTypeQbKey) : 0x7419db2b
21:24:23 INFO  [GH3]: }
21:24:25 INFO  [GH3]: {
21:24:25 INFO  [GH3]:   Unknown(0x40c698af) (QTypeQbKey) : 0x7419db2b
21:24:25 INFO  [GH3]: }
21:24:27 INFO  [GH3]: {
21:24:27 INFO  [GH3]:   Unknown(0xb30d9965) (QTypeInt) : 0
21:24:27 INFO  [GH3]:   Unknown(0x40c698af) (QTypeQbKey) : 0x30a0d743
21:24:27 INFO  [GH3]: }
21:24:27 INFO  [GH3]: {
21:24:27 INFO  [GH3]:   Unknown(0xb30d9965) (QTypeInt) : 0
21:24:27 INFO  [GH3]:   Unknown(0x40c698af) (QTypeQbKey) : 0xd718fa44
21:24:27 INFO  [GH3]: }
21:24:27 INFO  [GH3]: {
21:24:27 INFO  [GH3]:   Unknown(0xb30d9965) (QTypeInt) : 0
21:24:27 INFO  [GH3]:   Unknown(0x40c698af) (QTypeQbKey) : 0xc0d84337
21:24:27 INFO  [GH3]: }
21:24:27 INFO  [GH3]: {
21:24:27 INFO  [GH3]:   Unknown(0xb30d9965) (QTypeInt) : 0
21:24:27 INFO  [GH3]:   Unknown(0x40c698af) (QTypeQbKey) : 0x2ed6221b
21:24:27 INFO  [GH3]: }
21:24:27 INFO  [GH3]: {
21:24:27 INFO  [GH3]:   Unknown(0xb30d9965) (QTypeInt) : 0
21:24:27 INFO  [GH3]:   Unknown(0x40c698af) (QTypeQbKey) : 0xc7b5872e
21:24:27 INFO  [GH3]: }
21:24:28 INFO  [GH3]: {
21:24:28 INFO  [GH3]:   Unknown(0xb30d9965) (QTypeInt) : 0
21:24:28 INFO  [GH3]:   Unknown(0x40c698af) (QTypeQbKey) : 0x29bbe602
21:24:28 INFO  [GH3]: }
21:24:29 INFO  [GH3]: {
21:24:29 INFO  [GH3]:   Unknown(0x83aaa1a0) (QTypeQbKey) : 0xeb323e20
21:24:29 INFO  [GH3]:   Unknown(0xdb616875) (QTypeInt) : 3
21:24:29 INFO  [GH3]:   Unknown(0xd8f1a5c6) (QTypeQbKey) : 0xf4d389d0
21:24:29 INFO  [GH3]:   Unknown(0xb7822ed8) (QTypeInt) : 4294967295
21:24:29 INFO  [GH3]:   Unknown(0xcc12115e) (QTypeQbKey) : 0x806fff30
21:24:29 INFO  [GH3]:   Unknown(0x8a4c762d) (QTypeQbKey) : 0x806fff30
21:24:29 INFO  [GH3]: }
21:24:29 INFO  [GH3]: {
21:24:29 INFO  [GH3]:   Unknown(0x00000000) (QTypeQbKey) : 0x6086aa70
21:24:29 INFO  [GH3]:   Unknown(0x520c0c9c) (QTypeQbKey) : 0x806fff30
21:24:29 INFO  [GH3]:   Unknown(0x26861025) (QTypeQbKey) : 0x0000
21:24:29 INFO  [GH3]:   Unknown(0xec953eec) (QTypeInt) : 0
21:24:29 INFO  [GH3]: }
21:24:29 INFO  [GH3]: {
21:24:29 INFO  [GH3]:   Unknown(0x83aaa1a0) (QTypeQbKey) : 0xeb323e20
21:24:29 INFO  [GH3]:   Unknown(0xdb616875) (QTypeInt) : 3
21:24:29 INFO  [GH3]:   Unknown(0xd8f1a5c6) (QTypeQbKey) : 0xf4d389d0
21:24:29 INFO  [GH3]:   Unknown(0xb7822ed8) (QTypeInt) : 4294967295
21:24:29 INFO  [GH3]:   Unknown(0xcc12115e) (QTypeQbKey) : 0x806fff30
21:24:29 INFO  [GH3]:   Unknown(0x8a4c762d) (QTypeQbKey) : 0x806fff30
21:24:29 INFO  [GH3]: }
21:24:29 INFO  [GH3]: {
21:24:29 INFO  [GH3]:   Unknown(0x00000000) (QTypeQbKey) : 0xff03cc4e
21:24:29 INFO  [GH3]:   Unknown(0x520c0c9c) (QTypeQbKey) : 0x806fff30
21:24:29 INFO  [GH3]:   Unknown(0x26861025) (QTypeQbKey) : 0x0000
21:24:29 INFO  [GH3]:   Unknown(0xec953eec) (QTypeInt) : 0
21:24:29 INFO  [GH3]: }
21:24:29 INFO  [GH3]: {
21:24:29 INFO  [GH3]:   Unknown(0x00000000) (QTypeQbKey) : 0xff03cc4e
21:24:29 INFO  [GH3]:   Unknown(0x520c0c9c) (QTypeQbKey) : 0x806fff30
21:24:29 INFO  [GH3]:   Unknown(0x26861025) (QTypeQbKey) : 0x0000
21:24:29 INFO  [GH3]:   Unknown(0xec953eec) (QTypeInt) : 0
21:24:29 INFO  [GH3]: }
21:24:29 INFO  [GH3]: {
21:24:29 INFO  [GH3]:   Unknown(0x00000000) (QTypeQbKey) : 0xff03cc4e
21:24:29 INFO  [GH3]:   Unknown(0x520c0c9c) (QTypeQbKey) : 0x806fff30
21:24:29 INFO  [GH3]:   Unknown(0x26861025) (QTypeQbKey) : 0x0000
21:24:29 INFO  [GH3]:   Unknown(0xec953eec) (QTypeInt) : 0
21:24:29 INFO  [GH3]: }
21:24:29 INFO  [GH3]: {
21:24:29 INFO  [GH3]:   Unknown(0x00000000) (QTypeQbKey) : 0xff03cc4e
21:24:29 INFO  [GH3]:   Unknown(0x520c0c9c) (QTypeQbKey) : 0x806fff30
21:24:30 INFO  [GH3]:   Unknown(0x26861025) (QTypeQbKey) : 0x0000
21:24:30 INFO  [GH3]:   Unknown(0xec953eec) (QTypeInt) : 0
21:24:30 INFO  [GH3]: }
21:24:30 INFO  [GH3]: {
21:24:30 INFO  [GH3]:   Unknown(0x00000000) (QTypeQbKey) : 0xff03cc4e
21:24:30 INFO  [GH3]:   Unknown(0x520c0c9c) (QTypeQbKey) : 0x806fff30
21:24:30 INFO  [GH3]:   Unknown(0x26861025) (QTypeQbKey) : 0x0000
21:24:30 INFO  [GH3]:   Unknown(0xec953eec) (QTypeInt) : 0
21:24:30 INFO  [GH3]: }
21:24:30 INFO  [GH3]: {
21:24:30 INFO  [GH3]:   Unknown(0x00000000) (QTypeQbKey) : 0xff03cc4e
21:24:30 INFO  [GH3]:   Unknown(0x520c0c9c) (QTypeQbKey) : 0x806fff30
21:24:30 INFO  [GH3]:   Unknown(0x26861025) (QTypeQbKey) : 0x0000
21:24:30 INFO  [GH3]:   Unknown(0xec953eec) (QTypeInt) : 0
21:24:30 INFO  [GH3]: }
21:24:30 INFO  [GH3]: {
21:24:30 INFO  [GH3]:   Unknown(0x00000000) (QTypeQbKey) : 0xff03cc4e
21:24:30 INFO  [GH3]:   Unknown(0x520c0c9c) (QTypeQbKey) : 0x806fff30
21:24:30 INFO  [GH3]:   Unknown(0x26861025) (QTypeQbKey) : 0x0000
21:24:30 INFO  [GH3]:   Unknown(0xec953eec) (QTypeInt) : 0
21:24:30 INFO  [GH3]: }
21:24:30 INFO  [GH3]: {
21:24:30 INFO  [GH3]:   Unknown(0x00000000) (QTypeQbKey) : 0xff03cc4e
21:24:30 INFO  [GH3]:   Unknown(0x520c0c9c) (QTypeQbKey) : 0x806fff30
21:24:30 INFO  [GH3]:   Unknown(0x26861025) (QTypeQbKey) : 0x0000
21:24:30 INFO  [GH3]:   Unknown(0xec953eec) (QTypeInt) : 0
21:24:30 INFO  [GH3]: }
21:24:30 INFO  [GH3]: {
21:24:30 INFO  [GH3]:   Unknown(0x00000000) (QTypeQbKey) : 0xff03cc4e
21:24:30 INFO  [GH3]:   Unknown(0x520c0c9c) (QTypeQbKey) : 0x806fff30
21:24:30 INFO  [GH3]:   Unknown(0x26861025) (QTypeQbKey) : 0x0000
21:24:30 INFO  [GH3]:   Unknown(0xec953eec) (QTypeInt) : 0
21:24:30 INFO  [GH3]: }
21:24:30 INFO  [GH3]: {
21:24:30 INFO  [GH3]:   Unknown(0x00000000) (QTypeQbKey) : 0xff03cc4e
21:24:30 INFO  [GH3]:   Unknown(0x520c0c9c) (QTypeQbKey) : 0x806fff30
21:24:30 INFO  [GH3]:   Unknown(0x26861025) (QTypeQbKey) : 0x0000
21:24:30 INFO  [GH3]:   Unknown(0xec953eec) (QTypeInt) : 0
21:24:30 INFO  [GH3]: }
21:24:30 INFO  [GH3]: {
21:24:30 INFO  [GH3]:   Unknown(0x2e41f796) (QTypeInt) : 8000
21:24:30 INFO  [GH3]: }
21:31:40 INFO  [GH3]: {
21:31:40 INFO  [GH3]:   Unknown(0x8d53f1a8) (QTypeCString) : "p1_career"
21:31:40 INFO  [GH3]:   Unknown(0x6f402ef3) (QTypeQbKey) : 0x27e6b559
21:31:40 INFO  [GH3]:   Unknown(0x68e4ef11) (QTypeInt) : 1
21:31:40 INFO  [GH3]:   Unknown(0xfc2cdee3) (QTypeQbKey) : 0x6840922f
21:31:40 INFO  [GH3]:   Unknown(0x1fbdbe71) (QTypeInt) : 4294967295
21:31:40 INFO  [GH3]:   Unknown(0xb38db12c) (QTypeInt) : 4294967295
21:31:40 INFO  [GH3]:   Unknown(0x97ca3b34) (QTypeInt) : 4294967295
21:31:40 INFO  [GH3]:   Unknown(0xa1dc81f9) (QTypeWString) : "AAA"
21:31:40 INFO  [GH3]:   Unknown(0x06afff1e) (QTypeInt) : 1
21:31:40 INFO  [GH3]:   Unknown(0x3ae567d9) (QTypeInt) : 0
21:31:40 INFO  [GH3]:   Unknown(0x56849e71) (QTypeInt) : 0
21:31:40 INFO  [GH3]:   Unknown(0xf9461a46) (QTypeInt) : 25530
21:31:40 INFO  [GH3]:   Unknown(0xb65414e8) (QTypeQbKey) : 0x6840922f
21:31:40 INFO  [GH3]:   Unknown(0xfaea61a2) (QTypeCString) : "AAA"
21:31:40 INFO  [GH3]:   Unknown(0x818af862) (QTypeCString) : "expert"
21:31:40 INFO  [GH3]:   Unknown(0x4fe8ccfa) (QTypeCString) : "expert"
21:31:40 INFO  [GH3]:   Unknown(0x28f07394) (QTypeQbArray) : Type:"QTypeQbArray" Size:1121214960
21:31:40 INFO  [GH3]:   Unknown(0xcbc90a15) (QTypeInt) : 8
21:31:40 INFO  [GH3]:   Unknown(0xd495ab7b) (QTypeQbArray) : Type:"QTypeQbArray" Size:1121214528
21:31:40 INFO  [GH3]:   Unknown(0xe926d35f) (QTypeInt) : 0
21:31:40 INFO  [GH3]:   Unknown(0x011baaf9) (QTypeInt) : 0
21:31:40 INFO  [GH3]:   Unknown(0x8b89537e) (QTypeInt) : 0
21:31:40 INFO  [GH3]:   Unknown(0x5a0d69b4) (QTypeInt) : 0
21:31:40 INFO  [GH3]:   Unknown(0x6151561a) (QTypeInt) : 0
21:31:40 INFO  [GH3]:   Unknown(0x896c2fbc) (QTypeInt) : 0
21:31:40 INFO  [GH3]:   Unknown(0x02e1858b) (QTypeInt) : 32
21:31:40 INFO  [GH3]:   Unknown(0xd365bf41) (QTypeInt) : 3335232
21:31:40 INFO  [GH3]:   Unknown(0x95e7b7e0) (QTypeInt) : 0
21:31:40 INFO  [GH3]:   Unknown(0x2f2a8266) (QTypeInt) : 0
21:31:40 INFO  [GH3]:   Unknown(0xa1519d6d) (QTypeInt) : 0
21:31:40 INFO  [GH3]:   Unknown(0xfddc5ce1) (QTypeInt) : 0
21:31:40 INFO  [GH3]:   Unknown(0x94fa81cd) (QTypeInt) : 0
21:31:40 INFO  [GH3]:   Unknown(0x47da89ec) (QTypeInt) : 0
21:31:40 INFO  [GH3]:   Unknown(0x841fb3b4) (QTypeInt) : 0
21:31:40 INFO  [GH3]:   Unknown(0x1a2c461f) (QTypeInt) : 0
21:31:40 INFO  [GH3]:   Unknown(0x4eac7a14) (QTypeInt) : 0
21:31:40 INFO  [GH3]:   Unknown(0x41a5caa6) (QTypeInt) : 0
21:31:40 INFO  [GH3]:   Unknown(0x20dd76c7) (QTypeInt) : 0
21:31:40 INFO  [GH3]:   Unknown(0x8ab4f025) (QTypeInt) : 0
21:31:40 INFO  [GH3]:   Unknown(0xfc3ed0e2) (QTypeInt) : 0
21:31:40 INFO  [GH3]:   Unknown(0x02c37560) (QTypeInt) : 0
21:31:40 INFO  [GH3]:   Unknown(0xb9131cee) (QTypeInt) : 0
21:31:40 INFO  [GH3]:   Unknown(0x2b039206) (QTypeInt) : 0
21:31:40 INFO  [GH3]:   Unknown(0xf646cb13) (QTypeInt) : 25530
21:31:40 INFO  [GH3]:   Unknown(0xb9d4f601) (QTypeInt) : 10774
21:31:40 INFO  [GH3]:   Unknown(0xfa991675) (QTypeFloat) : 3335232
21:31:40 INFO  [GH3]:   Unknown(0x75560617) (QTypeFloat) : 3335232
21:31:40 INFO  [GH3]: }
21:31:41 INFO  [GH3]: {
21:31:41 INFO  [GH3]:   Unknown(0x69d0dfaf) (QTypeInt) : 0
21:31:41 INFO  [GH3]:   Unknown(0xd4c98794) (QTypeWString) : "CHECKING..."
21:31:41 INFO  [GH3]:   Unknown(0x26bf66f3) (QTypeQbStruct) : 
21:31:41 INFO  [GH3]: 	{
21:31:41 INFO  [GH3]: 	  Unknown(0xc4745838) (QTypeWString) : "Checking storage device..."
21:31:41 INFO  [GH3]: 	}
21:31:41 INFO  [GH3]: }
21:31:41 INFO  [GH3]: {
21:31:41 INFO  [GH3]:   Unknown(0x69d0dfaf) (QTypeInt) : 0
21:31:41 INFO  [GH3]:   Unknown(0xd4c98794) (QTypeWString) : "SUCCESSFUL"
21:31:41 INFO  [GH3]:   Unknown(0x26bf66f3) (QTypeQbStruct) : 
21:31:41 INFO  [GH3]: 	{
21:31:41 INFO  [GH3]: 	  Unknown(0xc4745838) (QTypeWString) : "Overwrite successful."
21:31:41 INFO  [GH3]: 	}
21:31:41 INFO  [GH3]: }
21:31:41 INFO  [GH3]: {
21:31:41 INFO  [GH3]:   Unknown(0xb30d9965) (QTypeInt) : 0
21:31:41 INFO  [GH3]:   Unknown(0x40c698af) (QTypeQbKey) : 0xb633f80
21:31:41 INFO  [GH3]: }
21:31:41 INFO  [GH3]: {
21:31:41 INFO  [GH3]:   Unknown(0xb30d9965) (QTypeInt) : 0
21:31:41 INFO  [GH3]:   Unknown(0x40c698af) (QTypeQbKey) : 0x2e95e471
21:31:41 INFO  [GH3]: }
21:31:41 INFO  [GH3]: {
21:31:41 INFO  [GH3]:   Unknown(0xb30d9965) (QTypeInt) : 0
21:31:41 INFO  [GH3]:   Unknown(0x40c698af) (QTypeQbKey) : 0xc09b855d
21:31:41 INFO  [GH3]: }
21:31:41 INFO  [GH3]: {
21:31:41 INFO  [GH3]:   Unknown(0xb30d9965) (QTypeInt) : 0
21:31:41 INFO  [GH3]:   Unknown(0x40c698af) (QTypeQbKey) : 0x29f82068
21:31:41 INFO  [GH3]: }
21:31:41 INFO  [GH3]: {
21:31:41 INFO  [GH3]:   Unknown(0xb30d9965) (QTypeInt) : 0
21:31:41 INFO  [GH3]:   Unknown(0x40c698af) (QTypeQbKey) : 0xc7f64144
21:31:41 INFO  [GH3]: }
21:31:41 INFO  [GH3]: {
21:31:41 INFO  [GH3]:   Unknown(0xb30d9965) (QTypeInt) : 0
21:31:41 INFO  [GH3]:   Unknown(0x40c698af) (QTypeQbKey) : 0x204e6c43
21:31:41 INFO  [GH3]: }
21:31:43 INFO  [GH3]: {
21:31:43 INFO  [GH3]:   Unknown(0x83aaa1a0) (QTypeQbKey) : 0xeb323e20
21:31:43 INFO  [GH3]:   Unknown(0xdb616875) (QTypeInt) : 3
21:31:43 INFO  [GH3]:   Unknown(0xd8f1a5c6) (QTypeQbKey) : 0xe08518c4
21:31:43 INFO  [GH3]:   Unknown(0xb7822ed8) (QTypeInt) : 4
21:31:43 INFO  [GH3]:   Unknown(0xcc12115e) (QTypeQbKey) : 0x2fd14a88
21:31:43 INFO  [GH3]:   Unknown(0x8a4c762d) (QTypeQbKey) : 0x7c351c4a
21:31:43 INFO  [GH3]: }
21:31:43 INFO  [GH3]: {
21:31:43 INFO  [GH3]:   Unknown(0x00000000) (QTypeQbKey) : 0xff03cc4e
21:31:43 INFO  [GH3]:   Unknown(0x520c0c9c) (QTypeQbKey) : 0x806fff30
21:31:43 INFO  [GH3]:   Unknown(0x26861025) (QTypeQbKey) : 0x0000
21:31:43 INFO  [GH3]:   Unknown(0xec953eec) (QTypeInt) : 0
21:31:43 INFO  [GH3]: }
21:31:43 INFO  [GH3]: {
21:31:43 INFO  [GH3]:   Unknown(0x83aaa1a0) (QTypeQbKey) : 0xeb323e20
21:31:43 INFO  [GH3]:   Unknown(0xdb616875) (QTypeInt) : 3
21:31:43 INFO  [GH3]:   Unknown(0xd8f1a5c6) (QTypeQbKey) : 0xe08518c4
21:31:43 INFO  [GH3]:   Unknown(0xb7822ed8) (QTypeInt) : 4
21:31:43 INFO  [GH3]:   Unknown(0xcc12115e) (QTypeQbKey) : 0x2fd14a88
21:31:43 INFO  [GH3]:   Unknown(0x8a4c762d) (QTypeQbKey) : 0x7c351c4a
21:31:43 INFO  [GH3]: }
21:31:43 INFO  [GH3]: {
21:31:43 INFO  [GH3]:   Unknown(0x7321a8d6) (QTypeQbKey) : 0xe5fa3adf
21:31:43 INFO  [GH3]: }
21:43:32 INFO  [GH3]: {
21:43:32 INFO  [GH3]:   Unknown(0x8d53f1a8) (QTypeCString) : "p1_career"
21:43:32 INFO  [GH3]:   Unknown(0x6f402ef3) (QTypeQbKey) : 0x27e6b559
21:43:32 INFO  [GH3]:   Unknown(0x68e4ef11) (QTypeInt) : 1
21:43:32 INFO  [GH3]:   Unknown(0xfc2cdee3) (QTypeQbKey) : 0x6840922f
21:43:32 INFO  [GH3]:   Unknown(0x1fbdbe71) (QTypeInt) : 4294967295
21:43:32 INFO  [GH3]:   Unknown(0xb38db12c) (QTypeInt) : 4294967295
21:43:32 INFO  [GH3]:   Unknown(0x97ca3b34) (QTypeInt) : 4294967295
21:43:32 INFO  [GH3]:   Unknown(0xa1dc81f9) (QTypeWString) : "AAA"
21:43:32 INFO  [GH3]:   Unknown(0x06afff1e) (QTypeInt) : 1
21:43:32 INFO  [GH3]:   Unknown(0x3ae567d9) (QTypeInt) : 0
21:43:32 INFO  [GH3]:   Unknown(0x56849e71) (QTypeInt) : 0
21:43:32 INFO  [GH3]:   Unknown(0xf9461a46) (QTypeInt) : 27330
21:43:32 INFO  [GH3]:   Unknown(0xb65414e8) (QTypeQbKey) : 0x6840922f
21:43:32 INFO  [GH3]:   Unknown(0xfaea61a2) (QTypeCString) : "AAA"
21:43:32 INFO  [GH3]:   Unknown(0x818af862) (QTypeCString) : "expert"
21:43:32 INFO  [GH3]:   Unknown(0x4fe8ccfa) (QTypeCString) : "expert"
21:43:32 INFO  [GH3]:   Unknown(0x28f07394) (QTypeQbArray) : Type:"QTypeQbArray" Size:1121154832
21:43:32 INFO  [GH3]:   Unknown(0xcbc90a15) (QTypeInt) : 8
21:43:32 INFO  [GH3]:   Unknown(0xd495ab7b) (QTypeQbArray) : Type:"QTypeQbArray" Size:1121154880
21:43:32 INFO  [GH3]:   Unknown(0xe926d35f) (QTypeInt) : 0
21:43:32 INFO  [GH3]:   Unknown(0x011baaf9) (QTypeInt) : 0
21:43:32 INFO  [GH3]:   Unknown(0x8b89537e) (QTypeInt) : 0
21:43:32 INFO  [GH3]:   Unknown(0x5a0d69b4) (QTypeInt) : 0
21:43:32 INFO  [GH3]:   Unknown(0x6151561a) (QTypeInt) : 0
21:43:32 INFO  [GH3]:   Unknown(0x896c2fbc) (QTypeInt) : 0
21:43:32 INFO  [GH3]:   Unknown(0x02e1858b) (QTypeInt) : 35
21:43:32 INFO  [GH3]:   Unknown(0xd365bf41) (QTypeInt) : 3557627
21:43:32 INFO  [GH3]:   Unknown(0x95e7b7e0) (QTypeInt) : 0
21:43:32 INFO  [GH3]:   Unknown(0x2f2a8266) (QTypeInt) : 0
21:43:32 INFO  [GH3]:   Unknown(0xa1519d6d) (QTypeInt) : 0
21:43:32 INFO  [GH3]:   Unknown(0xfddc5ce1) (QTypeInt) : 0
21:43:32 INFO  [GH3]:   Unknown(0x94fa81cd) (QTypeInt) : 0
21:43:32 INFO  [GH3]:   Unknown(0x47da89ec) (QTypeInt) : 0
21:43:32 INFO  [GH3]:   Unknown(0x841fb3b4) (QTypeInt) : 0
21:43:32 INFO  [GH3]:   Unknown(0x1a2c461f) (QTypeInt) : 0
21:43:32 INFO  [GH3]:   Unknown(0x4eac7a14) (QTypeInt) : 0
21:43:32 INFO  [GH3]:   Unknown(0x41a5caa6) (QTypeInt) : 0
21:43:32 INFO  [GH3]:   Unknown(0x20dd76c7) (QTypeInt) : 0
21:43:32 INFO  [GH3]:   Unknown(0x8ab4f025) (QTypeInt) : 0
21:43:32 INFO  [GH3]:   Unknown(0xfc3ed0e2) (QTypeInt) : 0
21:43:32 INFO  [GH3]:   Unknown(0x02c37560) (QTypeInt) : 0
21:43:32 INFO  [GH3]:   Unknown(0xb9131cee) (QTypeInt) : 0
21:43:32 INFO  [GH3]:   Unknown(0x2b039206) (QTypeInt) : 0
21:43:32 INFO  [GH3]:   Unknown(0xf646cb13) (QTypeInt) : 27330
21:43:32 INFO  [GH3]:   Unknown(0xb9d4f601) (QTypeInt) : 11403
21:43:32 INFO  [GH3]:   Unknown(0xfa991675) (QTypeFloat) : 3557627
21:43:32 INFO  [GH3]:   Unknown(0x75560617) (QTypeFloat) : 3557627
21:43:32 INFO  [GH3]: }
22:11:18 INFO  [GH3]: {
22:11:18 INFO  [GH3]:   Unknown(0xb30d9965) (QTypeInt) : 0
22:11:18 INFO  [GH3]:   Unknown(0x40c698af) (QTypeQbKey) : 0x72c7dbaa
22:11:18 INFO  [GH3]: }
22:11:19 INFO  [GH3]: {
22:11:19 INFO  [GH3]:   Unknown(0x69d0dfaf) (QTypeInt) : 0
22:11:19 INFO  [GH3]:   Unknown(0xd4c98794) (QTypeWString) : "SAVING..."
22:11:19 INFO  [GH3]:   Unknown(0x26bf66f3) (QTypeQbStruct) : 
22:11:19 INFO  [GH3]: 	{
22:11:19 INFO  [GH3]: 	  Unknown(0xc4745838) (QTypeWString) : "Saving Content."
22:11:19 INFO  [GH3]: 	}
22:11:19 INFO  [GH3]: }
22:11:19 INFO  [GH3]: {
22:11:19 INFO  [GH3]:   Unknown(0xb30d9965) (QTypeInt) : 0
22:11:19 INFO  [GH3]:   Unknown(0x40c698af) (QTypeQbKey) : 0x523c4a48
22:11:19 INFO  [GH3]: }
22:11:19 INFO  [GH3]: {
22:11:19 INFO  [GH3]:   Unknown(0xb30d9965) (QTypeInt) : 0
22:11:19 INFO  [GH3]:   Unknown(0x40c698af) (QTypeQbKey) : 0xbc322b64
22:11:19 INFO  [GH3]: }
22:11:19 INFO  [GH3]: {
22:11:19 INFO  [GH3]:   Unknown(0xb30d9965) (QTypeInt) : 0
22:11:19 INFO  [GH3]:   Unknown(0x40c698af) (QTypeQbKey) : 0x55518e51
22:11:19 INFO  [GH3]: }
22:11:19 INFO  [GH3]: {
22:11:19 INFO  [GH3]:   Unknown(0xb30d9965) (QTypeInt) : 0
22:11:19 INFO  [GH3]:   Unknown(0x40c698af) (QTypeQbKey) : 0xbb5fef7d
22:11:19 INFO  [GH3]: }
22:11:19 INFO  [GH3]: {
22:11:19 INFO  [GH3]:   Unknown(0xb30d9965) (QTypeInt) : 0
22:11:19 INFO  [GH3]:   Unknown(0x40c698af) (QTypeQbKey) : 0x5ce7c27a
22:11:19 INFO  [GH3]: }
22:11:19 INFO  [GH3]: {
22:11:19 INFO  [GH3]:   Unknown(0xb30d9965) (QTypeInt) : 0
22:11:19 INFO  [GH3]:   Unknown(0x40c698af) (QTypeQbKey) : 0x1d7ddc8f
22:11:19 INFO  [GH3]: }
22:11:19 INFO  [GH3]: {
22:11:19 INFO  [GH3]:   Unknown(0xb30d9965) (QTypeInt) : 0
22:11:19 INFO  [GH3]:   Unknown(0x40c698af) (QTypeQbKey) : 0xf373bda3
22:11:19 INFO  [GH3]: }
22:11:20 INFO  [GH3]: {
22:11:20 INFO  [GH3]:   Unknown(0x40c698af) (QTypeQbKey) : 0x9a17ba07
22:11:20 INFO  [GH3]: }
22:11:20 INFO  [GH3]: {
22:11:20 INFO  [GH3]:   Unknown(0x40c698af) (QTypeQbKey) : 0x7419db2b
22:11:20 INFO  [GH3]: }
22:11:21 INFO  [GH3]: {
22:11:21 INFO  [GH3]:   Unknown(0xb30d9965) (QTypeInt) : 0
22:11:21 INFO  [GH3]:   Unknown(0x40c698af) (QTypeQbKey) : 0xc46ea561
22:11:21 INFO  [GH3]: }
22:11:23 INFO  [GH3]: {
22:11:23 INFO  [GH3]:   Unknown(0x7323e97c) (QTypeQbArray) : Type:"QTypeQbArray" Size:1528983200
22:11:23 INFO  [GH3]: }
