22:00:16 INFO  [Nylon]: Wine was not detected. Assuming we are running on a Windows NT OS Please report this if this detection is an error.
22:00:16 INFO  [Nylon]: Minhook initialized!
22:00:16 INFO  [Nylon]: Setting up default hooks...
22:00:17 INFO  [Nylon]: Hooked function at address: 0x770689E0
22:00:17 INFO  [Nylon]: Hooked function at address: 0x77068320
22:00:17 INFO  [Nylon]: Hooked function at address: 0x77062520
22:00:17 INFO  [Nylon]: Hooked function at address: 0x00530970
22:00:17 INFO  [Nylon]: Hooked function at address: 0x00530940
22:00:17 INFO  [Nylon]: Hooked function at address: 0x004A1780
22:00:17 INFO  [Nylon]: Hooked function at address: 0x00472B50
22:00:17 INFO  [Nylon]: Hooked function at address: 0x0057B940
22:00:17 INFO  [Nylon]: Hooked function at address: 0x00601D30
22:00:17 INFO  [Nylon]: Hooked function at address: 0x0047DFA0
22:00:17 INFO  [Nylon]: Hooked function at address: 0x0057AE20
22:00:17 INFO  [Nylon]: Hooked function at address: 0x00D94EE8
22:00:17 INFO  [Nylon]: Hooked function at address: 0x004A6820
22:00:17 INFO  [Nylon]: Hooked function at address: 0x0047E5B0
22:00:17 INFO  [Nylon]: Finished setting up default hooks.
22:00:17 INFO  [Nylon]: Loading mods...
22:00:17 INFO  [Nylon]: Loading mods from: "C:\Games\Guitar Hero III\nylon\Mods"
22:00:17 INFO  [Nylon]: Checking for: "C:\Games\Guitar Hero III\nylon\Mods\GH3Deluxe\modinfo.json"...
22:00:17 INFO  [Nylon]: Loading...
22:00:17 INFO  [Nylon]: Found mod: gh3dx
22:00:17 INFO  [Nylon]: Finished loading mods.
22:00:17 INFO  [Nylon]: Finished Core Initialization!
22:00:18 INFO  [Nylon]: Expecting: "GH3Deluxe\pak\gh3dx.pak"
22:00:18 INFO  [Nylon]: Found it! Loading...
22:00:18 INFO  [Nylon]: Done!
22:00:19 INFO  [Nylon]: Hooking DirectX 9...
22:00:19 INFO  [Nylon]: Hooked function at address: 0x63116500
22:00:19 INFO  [Nylon]: Hooked function at address: 0x63116120
22:00:19 INFO  [Nylon]: Hooked function at address: 0x5918B040
22:00:19 ERROR [Nylon]: Failed to hook function at address: 0x5918B040 Error Code: 3
22:00:19 INFO  [Nylon]: Finished hooking DirectX 9.
22:00:19 INFO  [Nylon]: Hooked function at address: 0x5918C550
22:00:19 ERROR [Nylon]: Failed to hook function at address: 0x5918C550 Error Code: 3
22:00:19 INFO  [Nylon]: KeyboardSetCooperativeLevel -> 6
22:00:19 INFO  [Nylon]: KeyboardSetCooperativeLevel -> 5
22:00:23 INFO  [GH3]: {
22:00:23 INFO  [GH3]:   Unknown(0x69d0dfaf) (QTypeInt) : 3
22:00:23 INFO  [GH3]:   Unknown(0xd4c98794) (QTypeWString) : "CHECKING..."
22:00:23 INFO  [GH3]:   Unknown(0x26bf66f3) (QTypeQbStruct) : 
22:00:23 INFO  [GH3]: 	{
22:00:23 INFO  [GH3]: 	  Unknown(0xc4745838) (QTypeWString) : "Checking storage device..."
22:00:23 INFO  [GH3]: 	}
22:00:23 INFO  [GH3]: }
22:00:23 INFO  [GH3]: {
22:00:23 INFO  [GH3]:   Unknown(0x69d0dfaf) (QTypeInt) : 3
22:00:23 INFO  [GH3]:   Unknown(0x26bf66f3) (QTypeQbStruct) : 
22:00:23 INFO  [GH3]: 	{
22:00:23 INFO  [GH3]: 	  Unknown(0xc4745838) (QTypeWString) : "Game content is damaged and cannot be used. Do you want to delete this content? All progress within this save content will be lost."
22:00:23 INFO  [GH3]: 	  Unknown(0x34a68574) (QTypePair) : (800, 500)
22:00:23 INFO  [GH3]: 	  Unknown(0x7f261953) (QTypePair) : (640, 375)
22:00:23 INFO  [GH3]: 	  Unknown(0x13b9da7b) (QTypeFloat) : 0.5
22:00:23 INFO  [GH3]: 	}
22:00:23 INFO  [GH3]:   Unknown(0xe787d761) (QTypePair) : (640, 465)
22:00:23 INFO  [GH3]:   Unknown(0xad8a5a63) (QTypePair) : (256, 64)
22:00:23 INFO  [GH3]:   Unknown(0x2fca0578) (QTypeQbArray) : Type:"QTypeQbArray" Size:1108917200
22:00:23 INFO  [GH3]: }
22:00:23 INFO  [GH3]: {
22:00:23 INFO  [GH3]:   Unknown(0x69d0dfaf) (QTypeInt) : 3
22:00:23 INFO  [GH3]:   Unknown(0xd4c98794) (QTypeWString) : "SUCCESSFUL"
22:00:23 INFO  [GH3]:   Unknown(0x26bf66f3) (QTypeQbStruct) : 
22:00:23 INFO  [GH3]: 	{
22:00:23 INFO  [GH3]: 	  Unknown(0xc4745838) (QTypeWString) : "Load successful."
22:00:23 INFO  [GH3]: 	}
22:00:23 INFO  [GH3]: }
22:00:28 INFO  [GH3]: {
22:00:28 INFO  [GH3]:   Unknown(0x7323e97c) (QTypeQbArray) : Type:"QTypeQbArray" Size:1112533360
22:00:28 INFO  [GH3]: }
22:00:28 INFO  [GH3]: {
22:00:28 INFO  [GH3]:   Unknown(0x40c698af) (QTypeQbKey) : 0xcdb9661e
22:00:28 INFO  [GH3]:   Unknown(0xcce57b1a) (QTypePair) : (510, 135)
22:00:28 INFO  [GH3]:   Unknown(0x3b15bf22) (QTypePair) : (190, 39)
22:00:28 INFO  [GH3]: }
22:00:29 INFO  [GH3]: {
22:00:29 INFO  [GH3]:   Unknown(0x40c698af) (QTypeQbKey) : 0x24dac32b
22:00:29 INFO  [GH3]:   Unknown(0xcce57b1a) (QTypePair) : (505, 221)
22:00:29 INFO  [GH3]:   Unknown(0x3b15bf22) (QTypePair) : (192, 38)
22:00:29 INFO  [GH3]: }
22:00:29 INFO  [GH3]: {
22:00:29 INFO  [GH3]:   Unknown(0x40c698af) (QTypeQbKey) : 0xcad4a207
22:00:29 INFO  [GH3]:   Unknown(0xcce57b1a) (QTypePair) : (502, 302)
22:00:29 INFO  [GH3]:   Unknown(0x3b15bf22) (QTypePair) : (190, 55)
22:00:29 INFO  [GH3]: }
22:00:29 INFO  [GH3]: {
22:00:29 INFO  [GH3]:   Unknown(0x40c698af) (QTypeQbKey) : 0x2d6c8f00
22:00:29 INFO  [GH3]:   Unknown(0xcce57b1a) (QTypePair) : (495, 392)
22:00:29 INFO  [GH3]:   Unknown(0x3b15bf22) (QTypePair) : (190, 50)
22:00:29 INFO  [GH3]: }
22:00:29 INFO  [GH3]: {
22:00:29 INFO  [GH3]:   Unknown(0x40c698af) (QTypeQbKey) : 0xf736e76a
22:00:29 INFO  [GH3]:   Unknown(0xcce57b1a) (QTypePair) : (490, 480)
22:00:29 INFO  [GH3]:   Unknown(0x3b15bf22) (QTypePair) : (190, 50)
22:00:29 INFO  [GH3]: }
22:00:31 INFO  [GH3]: {
22:00:31 INFO  [GH3]:   Unknown(0x40c698af) (QTypeQbKey) : 0x54b037a4
22:00:31 INFO  [GH3]:   Unknown(0xcce57b1a) (QTypePair) : (512, 93)
22:00:31 INFO  [GH3]:   Unknown(0x3b15bf22) (QTypePair) : (190, 53)
22:00:31 INFO  [GH3]: }
