22:08:43 INFO  [Nylon]: Wine was not detected. Assuming we are running on a Windows NT OS Please report this if this detection is an error.
22:08:43 INFO  [Nylon]: Minhook initialized!
22:08:43 INFO  [Nylon]: Setting up default hooks...
22:08:43 INFO  [Nylon]: Hooked function at address: 0x770689E0
22:08:43 INFO  [Nylon]: Hooked function at address: 0x77068320
22:08:43 INFO  [Nylon]: Hooked function at address: 0x77062520
22:08:43 INFO  [Nylon]: Hooked function at address: 0x00530970
22:08:44 INFO  [Nylon]: Hooked function at address: 0x00530940
22:08:44 INFO  [Nylon]: Hooked function at address: 0x004A1780
22:08:44 INFO  [Nylon]: Hooked function at address: 0x00472B50
22:08:44 INFO  [Nylon]: Hooked function at address: 0x0057B940
22:08:44 INFO  [Nylon]: Hooked function at address: 0x00601D30
22:08:44 INFO  [Nylon]: Hooked function at address: 0x0047DFA0
22:08:44 INFO  [Nylon]: Hooked function at address: 0x0057AE20
22:08:44 INFO  [Nylon]: Hooked function at address: 0x00D94EE8
22:08:44 INFO  [Nylon]: Hooked function at address: 0x004A6820
22:08:44 INFO  [Nylon]: Hooked function at address: 0x0047E5B0
22:08:44 INFO  [Nylon]: Finished setting up default hooks.
22:08:44 INFO  [Nylon]: Loading mods...
22:08:44 INFO  [Nylon]: Loading mods from: "C:\Games\Guitar Hero III\nylon\Mods"
22:08:44 INFO  [Nylon]: Checking for: "C:\Games\Guitar Hero III\nylon\Mods\GH3Deluxe\modinfo.json"...
22:08:44 INFO  [Nylon]: Loading...
22:08:44 INFO  [Nylon]: Found mod: gh3dx
22:08:44 INFO  [Nylon]: Finished loading mods.
22:08:44 INFO  [Nylon]: Finished Core Initialization!
22:08:45 INFO  [Nylon]: Expecting: "GH3Deluxe\pak\gh3dx.pak"
22:08:45 INFO  [Nylon]: Found it! Loading...
22:08:45 INFO  [Nylon]: Done!
22:08:45 INFO  [Nylon]: Hooking DirectX 9...
22:08:45 INFO  [Nylon]: Hooked function at address: 0x63116500
22:08:45 INFO  [Nylon]: Hooked function at address: 0x63116120
22:08:45 INFO  [Nylon]: Hooked function at address: 0x599DB040
22:08:45 ERROR [Nylon]: Failed to hook function at address: 0x599DB040 Error Code: 3
22:08:45 INFO  [Nylon]: Finished hooking DirectX 9.
22:08:45 INFO  [Nylon]: Hooked function at address: 0x599DC550
22:08:45 ERROR [Nylon]: Failed to hook function at address: 0x599DC550 Error Code: 3
22:08:45 INFO  [Nylon]: KeyboardSetCooperativeLevel -> 6
22:08:45 INFO  [Nylon]: KeyboardSetCooperativeLevel -> 5
22:08:48 INFO  [GH3]: {
22:08:48 INFO  [GH3]:   Unknown(0x69d0dfaf) (QTypeInt) : 3
22:08:48 INFO  [GH3]:   Unknown(0xd4c98794) (QTypeWString) : "CHECKING..."
22:08:48 INFO  [GH3]:   Unknown(0x26bf66f3) (QTypeQbStruct) : 
22:08:48 INFO  [GH3]: 	{
22:08:48 INFO  [GH3]: 	  Unknown(0xc4745838) (QTypeWString) : "Checking storage device..."
22:08:48 INFO  [GH3]: 	}
22:08:48 INFO  [GH3]: }
22:08:48 INFO  [GH3]: {
22:08:48 INFO  [GH3]:   Unknown(0x69d0dfaf) (QTypeInt) : 3
22:08:48 INFO  [GH3]:   Unknown(0x26bf66f3) (QTypeQbStruct) : 
22:08:48 INFO  [GH3]: 	{
22:08:48 INFO  [GH3]: 	  Unknown(0xc4745838) (QTypeWString) : "Game content is damaged and cannot be used. Do you want to delete this content? All progress within this save content will be lost."
22:08:48 INFO  [GH3]: 	  Unknown(0x34a68574) (QTypePair) : (800, 500)
22:08:48 INFO  [GH3]: 	  Unknown(0x7f261953) (QTypePair) : (640, 375)
22:08:48 INFO  [GH3]: 	  Unknown(0x13b9da7b) (QTypeFloat) : 0.5
22:08:48 INFO  [GH3]: 	}
22:08:48 INFO  [GH3]:   Unknown(0xe787d761) (QTypePair) : (640, 465)
22:08:48 INFO  [GH3]:   Unknown(0xad8a5a63) (QTypePair) : (256, 64)
22:08:48 INFO  [GH3]:   Unknown(0x2fca0578) (QTypeQbArray) : Type:"QTypeQbArray" Size:1105115040
22:08:48 INFO  [GH3]: }
22:08:48 INFO  [GH3]: {
22:08:48 INFO  [GH3]:   Unknown(0x69d0dfaf) (QTypeInt) : 3
22:08:48 INFO  [GH3]:   Unknown(0xd4c98794) (QTypeWString) : "SUCCESSFUL"
22:08:48 INFO  [GH3]:   Unknown(0x26bf66f3) (QTypeQbStruct) : 
22:08:48 INFO  [GH3]: 	{
22:08:48 INFO  [GH3]: 	  Unknown(0xc4745838) (QTypeWString) : "Load successful."
22:08:48 INFO  [GH3]: 	}
22:08:48 INFO  [GH3]: }
22:09:08 INFO  [GH3]: {
22:09:08 INFO  [GH3]:   Unknown(0x69d0dfaf) (QTypeInt) : 3
22:09:08 INFO  [GH3]:   Unknown(0x26bf66f3) (QTypeQbStruct) : 
22:09:08 INFO  [GH3]: 	{
22:09:08 INFO  [GH3]: 	  Unknown(0xc4745838) (QTypeStringPointer) : (not implemented, please report this to Vultu with your code!)
22:09:08 INFO  [GH3]: 	}
22:09:08 INFO  [GH3]:   Unknown(0xe787d761) (QTypePair) : (640, 490)
22:09:08 INFO  [GH3]:   Unknown(0xad8a5a63) (QTypePair) : (288, 64)
22:09:08 INFO  [GH3]:   Unknown(0x2fca0578) (QTypeQbArray) : Type:"QTypeQbArray" Size:1108713856
22:09:08 INFO  [GH3]: }
