22:03:45 INFO  [Nylon]: Wine was not detected. Assuming we are running on a Windows NT OS Please report this if this detection is an error.
22:03:45 INFO  [Nylon]: Minhook initialized!
22:03:45 INFO  [Nylon]: Setting up default hooks...
22:03:45 INFO  [Nylon]: Hooked function at address: 0x770689E0
22:03:45 INFO  [Nylon]: Hooked function at address: 0x77068320
22:03:45 INFO  [Nylon]: Hooked function at address: 0x77062520
22:03:45 INFO  [Nylon]: Hooked function at address: 0x00530970
22:03:45 INFO  [Nylon]: Hooked function at address: 0x00530940
22:03:45 INFO  [Nylon]: Hooked function at address: 0x004A1780
22:03:45 INFO  [Nylon]: Hooked function at address: 0x00472B50
22:03:45 INFO  [Nylon]: Hooked function at address: 0x0057B940
22:03:45 INFO  [Nylon]: Hooked function at address: 0x00601D30
22:03:45 INFO  [Nylon]: Hooked function at address: 0x0047DFA0
22:03:45 INFO  [Nylon]: Hooked function at address: 0x0057AE20
22:03:45 INFO  [Nylon]: Hooked function at address: 0x00D94EE8
22:03:45 INFO  [Nylon]: Hooked function at address: 0x004A6820
22:03:45 INFO  [Nylon]: Hooked function at address: 0x0047E5B0
22:03:45 INFO  [Nylon]: Finished setting up default hooks.
22:03:45 INFO  [Nylon]: Loading mods...
22:03:45 INFO  [Nylon]: Loading mods from: "C:\Games\Guitar Hero III\nylon\Mods"
22:03:45 INFO  [Nylon]: Checking for: "C:\Games\Guitar Hero III\nylon\Mods\GH3Deluxe\modinfo.json"...
22:03:45 INFO  [Nylon]: Loading...
22:03:45 INFO  [Nylon]: Found mod: gh3dx
22:03:45 INFO  [Nylon]: Finished loading mods.
22:03:45 INFO  [Nylon]: Finished Core Initialization!
22:03:46 INFO  [Nylon]: Expecting: "GH3Deluxe\pak\gh3dx.pak"
22:03:46 INFO  [Nylon]: Found it! Loading...
22:03:46 INFO  [Nylon]: Done!
22:03:46 INFO  [Nylon]: Hooking DirectX 9...
22:03:46 INFO  [Nylon]: Hooked function at address: 0x63116500
22:03:46 INFO  [Nylon]: Hooked function at address: 0x63116120
22:03:46 INFO  [Nylon]: Hooked function at address: 0x5918B040
22:03:46 ERROR [Nylon]: Failed to hook function at address: 0x5918B040 Error Code: 3
22:03:46 INFO  [Nylon]: Finished hooking DirectX 9.
22:03:46 INFO  [Nylon]: Hooked function at address: 0x5918C550
22:03:46 ERROR [Nylon]: Failed to hook function at address: 0x5918C550 Error Code: 3
22:03:46 INFO  [Nylon]: KeyboardSetCooperativeLevel -> 6
22:03:46 INFO  [Nylon]: KeyboardSetCooperativeLevel -> 5
22:03:49 INFO  [GH3]: {
22:03:49 INFO  [GH3]:   Unknown(0x69d0dfaf) (QTypeInt) : 3
22:03:49 INFO  [GH3]:   Unknown(0xd4c98794) (QTypeWString) : "CHECKING..."
22:03:49 INFO  [GH3]:   Unknown(0x26bf66f3) (QTypeQbStruct) : 
22:03:49 INFO  [GH3]: 	{
22:03:49 INFO  [GH3]: 	  Unknown(0xc4745838) (QTypeWString) : "Checking storage device..."
22:03:49 INFO  [GH3]: 	}
22:03:49 INFO  [GH3]: }
22:03:49 INFO  [GH3]: {
22:03:49 INFO  [GH3]:   Unknown(0x69d0dfaf) (QTypeInt) : 3
22:03:49 INFO  [GH3]:   Unknown(0xd4c98794) (QTypeWString) : "SUCCESSFUL"
22:03:49 INFO  [GH3]:   Unknown(0x26bf66f3) (QTypeQbStruct) : 
22:03:49 INFO  [GH3]: 	{
22:03:49 INFO  [GH3]: 	  Unknown(0xc4745838) (QTypeWString) : "Load successful."
22:03:49 INFO  [GH3]: 	}
22:03:49 INFO  [GH3]: }
