22:22:33 INFO  [Nylon]: Wine was not detected. Assuming we are running on a Windows NT OS Please report this if this detection is an error.
22:22:33 INFO  [Nylon]: Minhook initialized!
22:22:33 INFO  [Nylon]: Setting up default hooks...
22:22:33 INFO  [Nylon]: Hooked function at address: 0x770689E0
22:22:33 INFO  [Nylon]: Hooked function at address: 0x77068320
22:22:33 INFO  [Nylon]: Hooked function at address: 0x77062520
22:22:33 INFO  [Nylon]: Hooked function at address: 0x00530970
22:22:33 INFO  [Nylon]: Hooked function at address: 0x00530940
22:22:33 INFO  [Nylon]: Hooked function at address: 0x004A1780
22:22:33 INFO  [Nylon]: Hooked function at address: 0x00472B50
22:22:33 INFO  [Nylon]: Hooked function at address: 0x0057B940
22:22:33 INFO  [Nylon]: Hooked function at address: 0x00601D30
22:22:33 INFO  [Nylon]: Hooked function at address: 0x0047DFA0
22:22:33 INFO  [Nylon]: Hooked function at address: 0x0057AE20
22:22:34 INFO  [Nylon]: Hooked function at address: 0x00D94EE8
22:22:34 INFO  [Nylon]: Hooked function at address: 0x004A6820
22:22:34 INFO  [Nylon]: Hooked function at address: 0x0047E5B0
22:22:34 INFO  [Nylon]: Finished setting up default hooks.
22:22:34 INFO  [Nylon]: Loading mods...
22:22:34 INFO  [Nylon]: Loading mods from: "C:\Games\Guitar Hero III\nylon\Mods"
22:22:34 INFO  [Nylon]: Checking for: "C:\Games\Guitar Hero III\nylon\Mods\GH3Deluxe\modinfo.json"...
22:22:34 INFO  [Nylon]: Loading...
22:22:34 INFO  [Nylon]: Found mod: gh3dx
22:22:34 INFO  [Nylon]: Finished loading mods.
22:22:34 INFO  [Nylon]: Finished Core Initialization!
22:22:35 INFO  [Nylon]: Expecting: "GH3Deluxe\pak\gh3dx.pak"
22:22:35 INFO  [Nylon]: Found it! Loading...
22:22:35 INFO  [Nylon]: Done!
22:22:35 INFO  [Nylon]: Hooking DirectX 9...
22:22:35 INFO  [Nylon]: Hooked function at address: 0x599D6500
22:22:35 INFO  [Nylon]: Hooked function at address: 0x599D6120
22:22:35 INFO  [Nylon]: Hooked function at address: 0x77C1B040
22:22:35 ERROR [Nylon]: Failed to hook function at address: 0x77C1B040 Error Code: 3
22:22:35 INFO  [Nylon]: Finished hooking DirectX 9.
22:22:35 INFO  [Nylon]: Hooked function at address: 0x77C1C550
22:22:35 ERROR [Nylon]: Failed to hook function at address: 0x77C1C550 Error Code: 3
22:22:36 INFO  [Nylon]: KeyboardSetCooperativeLevel -> 6
22:22:36 INFO  [Nylon]: KeyboardSetCooperativeLevel -> 5
22:22:39 INFO  [GH3]: {
22:22:39 INFO  [GH3]:   Unknown(0x69d0dfaf) (QTypeInt) : 0
22:22:39 INFO  [GH3]:   Unknown(0xd4c98794) (QTypeWString) : "CHECKING..."
22:22:39 INFO  [GH3]:   Unknown(0x26bf66f3) (QTypeQbStruct) : 
22:22:39 INFO  [GH3]: 	{
22:22:39 INFO  [GH3]: 	  Unknown(0xc4745838) (QTypeWString) : "Checking storage device..."
22:22:39 INFO  [GH3]: 	}
22:22:39 INFO  [GH3]: }
22:22:39 INFO  [GH3]: {
22:22:39 INFO  [GH3]:   Unknown(0x69d0dfaf) (QTypeInt) : 0
22:22:39 INFO  [GH3]:   Unknown(0xd4c98794) (QTypeWString) : "SUCCESSFUL"
22:22:39 INFO  [GH3]:   Unknown(0x26bf66f3) (QTypeQbStruct) : 
22:22:39 INFO  [GH3]: 	{
22:22:39 INFO  [GH3]: 	  Unknown(0xc4745838) (QTypeWString) : "Save successful."
22:22:39 INFO  [GH3]: 	}
22:22:39 INFO  [GH3]: }
22:22:44 INFO  [GH3]: {
22:22:44 INFO  [GH3]:   Unknown(0x00000000) (QTypeQbKey) : 0x43cde9c9
22:22:44 INFO  [GH3]:   Unknown(0x8d53f1a8) (QTypeCString) : "p1_career"
22:22:44 INFO  [GH3]:   Unknown(0x6f402ef3) (QTypeQbKey) : 0x27e6b559
22:22:44 INFO  [GH3]:   Unknown(0xf9461a46) (QTypeInt) : 0
22:22:44 INFO  [GH3]:   Unknown(0x56849e71) (QTypeInt) : 1
22:22:44 INFO  [GH3]:   Unknown(0x68e4ef11) (QTypeInt) : 1
22:22:44 INFO  [GH3]:   Unknown(0x06afff1e) (QTypeInt) : 0
22:22:44 INFO  [GH3]:   Unknown(0xfc2cdee3) (QTypeQbKey) : 0x6840922f
22:22:44 INFO  [GH3]:   Unknown(0x1fbdbe71) (QTypeInt) : 4294967295
22:22:44 INFO  [GH3]:   Unknown(0xb38db12c) (QTypeInt) : 4294967295
22:22:44 INFO  [GH3]:   Unknown(0x97ca3b34) (QTypeInt) : 4294967295
22:22:44 INFO  [GH3]:   Unknown(0x3ae567d9) (QTypeInt) : 4294967295
22:22:44 INFO  [GH3]:   Unknown(0xa1dc81f9) (QTypeWString) : "A"
22:22:44 INFO  [GH3]:   Unknown(0xb65414e8) (QTypeQbKey) : 0x6840922f
22:22:44 INFO  [GH3]:   Unknown(0xfaea61a2) (QTypeCString) : "A"
22:22:44 INFO  [GH3]:   Unknown(0x95e7b7e0) (QTypeInt) : 0
22:22:44 INFO  [GH3]:   Unknown(0x2f2a8266) (QTypeInt) : 0
22:22:44 INFO  [GH3]:   Unknown(0xa1519d6d) (QTypeInt) : 0
22:22:44 INFO  [GH3]:   Unknown(0xfddc5ce1) (QTypeInt) : 0
22:22:44 INFO  [GH3]:   Unknown(0x94fa81cd) (QTypeInt) : 0
22:22:44 INFO  [GH3]:   Unknown(0x47da89ec) (QTypeInt) : 0
22:22:44 INFO  [GH3]:   Unknown(0x841fb3b4) (QTypeInt) : 0
22:22:44 INFO  [GH3]:   Unknown(0x1a2c461f) (QTypeInt) : 0
22:22:44 INFO  [GH3]:   Unknown(0x4eac7a14) (QTypeInt) : 0
22:22:44 INFO  [GH3]:   Unknown(0x41a5caa6) (QTypeInt) : 0
22:22:44 INFO  [GH3]:   Unknown(0x20dd76c7) (QTypeInt) : 0
22:22:44 INFO  [GH3]:   Unknown(0xb9d4f601) (QTypeInt) : 0
22:22:44 INFO  [GH3]:   Unknown(0xf646cb13) (QTypeInt) : 0
22:22:44 INFO  [GH3]:   Unknown(0xfa991675) (QTypeInt) : 0
22:22:44 INFO  [GH3]:   Unknown(0x8ab4f025) (QTypeInt) : 0
22:22:44 INFO  [GH3]:   Unknown(0xfc3ed0e2) (QTypeInt) : 0
22:22:44 INFO  [GH3]:   Unknown(0x02c37560) (QTypeInt) : 0
22:22:44 INFO  [GH3]:   Unknown(0x75560617) (QTypeInt) : 0
22:22:44 INFO  [GH3]:   Unknown(0xb9131cee) (QTypeInt) : 0
22:22:44 INFO  [GH3]:   Unknown(0x2b039206) (QTypeInt) : 0
22:22:44 INFO  [GH3]: }
22:22:45 INFO  [GH3]: {
22:22:45 INFO  [GH3]:   Unknown(0x00000000) (QTypeQbKey) : 0x6086aa70
22:22:45 INFO  [GH3]:   Unknown(0x520c0c9c) (QTypeQbKey) : 0x806fff30
22:22:45 INFO  [GH3]:   Unknown(0x26861025) (QTypeQbKey) : 0x0000
22:22:45 INFO  [GH3]:   Unknown(0xec953eec) (QTypeInt) : 0
22:22:45 INFO  [GH3]: }
22:22:46 INFO  [GH3]: {
22:22:46 INFO  [GH3]:   Unknown(0x40c698af) (QTypeQbKey) : 0x9a17ba07
22:22:46 INFO  [GH3]: }
22:22:47 INFO  [GH3]: {
22:22:47 INFO  [GH3]:   Unknown(0x40c698af) (QTypeQbKey) : 0x9a17ba07
22:22:47 INFO  [GH3]: }
22:22:49 INFO  [GH3]: {
22:22:49 INFO  [GH3]:   Unknown(0x40c698af) (QTypeQbKey) : 0x9a17ba07
22:22:49 INFO  [GH3]: }
22:22:50 INFO  [GH3]: {
22:22:50 INFO  [GH3]:   Unknown(0x40c698af) (QTypeQbKey) : 0x7d4047f0
22:22:50 INFO  [GH3]: }
22:22:50 INFO  [GH3]: {
22:22:50 INFO  [GH3]:   Unknown(0x40c698af) (QTypeQbKey) : 0x934e26dc
22:22:50 INFO  [GH3]: }
22:22:51 INFO  [GH3]: {
22:22:51 INFO  [GH3]:   Unknown(0x40c698af) (QTypeQbKey) : 0xa9a986f9
22:22:51 INFO  [GH3]: }
22:22:52 INFO  [GH3]: {
22:22:52 INFO  [GH3]:   Unknown(0x40c698af) (QTypeQbKey) : 0x47a7e7d5
22:22:52 INFO  [GH3]: }
22:22:58 INFO  [GH3]: {
22:22:58 INFO  [GH3]:   Unknown(0x00000000) (QTypeQbKey) : 0xff03cc4e
22:22:58 INFO  [GH3]:   Unknown(0x520c0c9c) (QTypeQbKey) : 0x806fff30
22:22:58 INFO  [GH3]:   Unknown(0x26861025) (QTypeQbKey) : 0x0000
22:22:58 INFO  [GH3]:   Unknown(0xec953eec) (QTypeInt) : 0
22:22:58 INFO  [GH3]: }
22:22:58 INFO  [GH3]: {
22:22:58 INFO  [GH3]:   Unknown(0x00000000) (QTypeQbKey) : 0xff03cc4e
22:22:58 INFO  [GH3]:   Unknown(0x520c0c9c) (QTypeQbKey) : 0x806fff30
22:22:58 INFO  [GH3]:   Unknown(0x26861025) (QTypeQbKey) : 0x1292e740
22:22:58 INFO  [GH3]:   Unknown(0xec953eec) (QTypeInt) : 0
22:22:58 INFO  [GH3]: }
22:22:58 INFO  [GH3]: {
22:22:58 INFO  [GH3]:   Unknown(0x40c698af) (QTypeQbKey) : 0xcf2f48eb
22:22:58 INFO  [GH3]: }
22:23:02 INFO  [GH3]: {
22:23:02 INFO  [GH3]:   Unknown(0x7323e97c) (QTypeQbArray) : Type:"QTypeQbArray" Size:1111845872
22:23:02 INFO  [GH3]: }
22:23:09 INFO  [GH3]: {
22:23:09 INFO  [GH3]:   Unknown(0x69d0dfaf) (QTypeInt) : 0
22:23:09 INFO  [GH3]:   Unknown(0xd4c98794) (QTypeWString) : "SAVING..."
22:23:09 INFO  [GH3]:   Unknown(0x26bf66f3) (QTypeQbStruct) : 
22:23:09 INFO  [GH3]: 	{
22:23:09 INFO  [GH3]: 	  Unknown(0xc4745838) (QTypeWString) : "Saving Content."
22:23:09 INFO  [GH3]: 	}
22:23:09 INFO  [GH3]: }
22:23:14 INFO  [GH3]: {
22:23:14 INFO  [GH3]:   Unknown(0x7323e97c) (QTypeQbArray) : Type:"QTypeQbArray" Size:1111849600
22:23:14 INFO  [GH3]: }
22:23:15 INFO  [GH3]: {
22:23:15 INFO  [GH3]:   Unknown(0x40c698af) (QTypeQbKey) : 0x29ba7cfe
22:23:15 INFO  [GH3]: }
22:23:17 INFO  [GH3]: {
22:23:17 INFO  [GH3]:   Unknown(0xb30d9965) (QTypeInt) : 0
22:23:17 INFO  [GH3]:   Unknown(0x40c698af) (QTypeQbKey) : 0x3b13e35b
22:23:17 INFO  [GH3]: }
22:23:18 INFO  [GH3]: {
22:23:18 INFO  [GH3]:   Unknown(0x7323e97c) (QTypeQbArray) : Type:"QTypeQbArray" Size:1108002816
22:23:18 INFO  [GH3]: }
22:23:18 INFO  [GH3]: {
22:23:18 INFO  [GH3]:   Unknown(0x40c698af) (QTypeQbKey) : 0xcdb9661e
22:23:18 INFO  [GH3]:   Unknown(0xcce57b1a) (QTypePair) : (510, 135)
22:23:18 INFO  [GH3]:   Unknown(0x3b15bf22) (QTypePair) : (190, 39)
22:23:18 INFO  [GH3]: }
22:23:19 INFO  [GH3]: {
22:23:19 INFO  [GH3]:   Unknown(0x40c698af) (QTypeQbKey) : 0x24dac32b
22:23:19 INFO  [GH3]:   Unknown(0xcce57b1a) (QTypePair) : (505, 221)
22:23:19 INFO  [GH3]:   Unknown(0x3b15bf22) (QTypePair) : (192, 38)
22:23:19 INFO  [GH3]: }
22:23:19 INFO  [GH3]: {
22:23:19 INFO  [GH3]:   Unknown(0x40c698af) (QTypeQbKey) : 0xcad4a207
22:23:19 INFO  [GH3]:   Unknown(0xcce57b1a) (QTypePair) : (502, 302)
22:23:19 INFO  [GH3]:   Unknown(0x3b15bf22) (QTypePair) : (190, 55)
22:23:19 INFO  [GH3]: }
22:23:19 INFO  [GH3]: {
22:23:19 INFO  [GH3]:   Unknown(0x40c698af) (QTypeQbKey) : 0x2d6c8f00
22:23:19 INFO  [GH3]:   Unknown(0xcce57b1a) (QTypePair) : (495, 392)
22:23:19 INFO  [GH3]:   Unknown(0x3b15bf22) (QTypePair) : (190, 50)
22:23:19 INFO  [GH3]: }
22:23:19 INFO  [GH3]: {
22:23:19 INFO  [GH3]:   Unknown(0x40c698af) (QTypeQbKey) : 0xf736e76a
22:23:19 INFO  [GH3]:   Unknown(0xcce57b1a) (QTypePair) : (490, 480)
22:23:19 INFO  [GH3]:   Unknown(0x3b15bf22) (QTypePair) : (190, 50)
22:23:19 INFO  [GH3]: }
22:23:21 INFO  [GH3]: {
22:23:21 INFO  [GH3]:   Unknown(0x40c698af) (QTypeQbKey) : 0x54b037a4
22:23:21 INFO  [GH3]:   Unknown(0xcce57b1a) (QTypePair) : (512, 93)
22:23:21 INFO  [GH3]:   Unknown(0x3b15bf22) (QTypePair) : (190, 53)
22:23:21 INFO  [GH3]: }
22:23:32 INFO  [GH3]: {
22:23:32 INFO  [GH3]:   Unknown(0x69d0dfaf) (QTypeInt) : 0
22:23:32 INFO  [GH3]:   Unknown(0xd4c98794) (QTypeWString) : "CHECKING..."
22:23:32 INFO  [GH3]:   Unknown(0x26bf66f3) (QTypeQbStruct) : 
22:23:32 INFO  [GH3]: 	{
22:23:32 INFO  [GH3]: 	  Unknown(0xc4745838) (QTypeWString) : "Checking storage device..."
22:23:32 INFO  [GH3]: 	}
22:23:32 INFO  [GH3]: }
22:23:32 INFO  [GH3]: {
22:23:32 INFO  [GH3]:   Unknown(0x69d0dfaf) (QTypeInt) : 0
22:23:32 INFO  [GH3]:   Unknown(0xd4c98794) (QTypeWString) : "SUCCESSFUL"
22:23:32 INFO  [GH3]:   Unknown(0x26bf66f3) (QTypeQbStruct) : 
22:23:32 INFO  [GH3]: 	{
22:23:32 INFO  [GH3]: 	  Unknown(0xc4745838) (QTypeWString) : "Overwrite successful."
22:23:32 INFO  [GH3]: 	}
22:23:32 INFO  [GH3]: }
22:23:34 INFO  [GH3]: {
22:23:34 INFO  [GH3]:   Unknown(0xb30d9965) (QTypeInt) : 0
22:23:34 INFO  [GH3]:   Unknown(0x40c698af) (QTypeQbKey) : 0xda9b84d1
22:23:34 INFO  [GH3]: }
22:23:35 INFO  [GH3]: {
22:23:35 INFO  [GH3]:   Unknown(0xb30d9965) (QTypeInt) : 0
22:23:35 INFO  [GH3]:   Unknown(0x40c698af) (QTypeQbKey) : 0xbc322b64
22:23:35 INFO  [GH3]: }
22:23:37 INFO  [GH3]: {
22:23:37 INFO  [GH3]:   Unknown(0xb30d9965) (QTypeInt) : 0
22:23:37 INFO  [GH3]:   Unknown(0x40c698af) (QTypeQbKey) : 0x55518e51
22:23:37 INFO  [GH3]: }
22:23:37 INFO  [GH3]: {
22:23:37 INFO  [GH3]:   Unknown(0xb30d9965) (QTypeInt) : 0
22:23:37 INFO  [GH3]:   Unknown(0x40c698af) (QTypeQbKey) : 0xbb5fef7d
22:23:37 INFO  [GH3]: }
22:23:39 INFO  [GH3]: {
22:23:39 INFO  [GH3]:   Unknown(0xb30d9965) (QTypeInt) : 0
22:23:39 INFO  [GH3]:   Unknown(0x40c698af) (QTypeQbKey) : 0xbb5fef7d
22:23:39 INFO  [GH3]: }
22:23:40 INFO  [GH3]: {
22:23:40 INFO  [GH3]:   Unknown(0x00000000) (QTypeQbKey) : 0x6086aa70
22:23:40 INFO  [GH3]:   Unknown(0x520c0c9c) (QTypeQbKey) : 0x806fff30
22:23:40 INFO  [GH3]:   Unknown(0x26861025) (QTypeQbKey) : 0x0000
22:23:40 INFO  [GH3]:   Unknown(0xec953eec) (QTypeInt) : 0
22:23:40 INFO  [GH3]: }
22:23:41 INFO  [GH3]: {
22:23:41 INFO  [GH3]:   Unknown(0x00000000) (QTypeQbKey) : 0xff03cc4e
22:23:41 INFO  [GH3]:   Unknown(0x520c0c9c) (QTypeQbKey) : 0x806fff30
22:23:41 INFO  [GH3]:   Unknown(0x26861025) (QTypeQbKey) : 0x42052a30
22:23:41 INFO  [GH3]:   Unknown(0xec953eec) (QTypeInt) : 0
22:23:41 INFO  [GH3]: }
22:23:41 INFO  [GH3]: {
22:23:41 INFO  [GH3]:   Unknown(0x00000000) (QTypeQbKey) : 0xff03cc4e
22:23:41 INFO  [GH3]:   Unknown(0x520c0c9c) (QTypeQbKey) : 0x806fff30
22:23:41 INFO  [GH3]:   Unknown(0x26861025) (QTypeQbKey) : 0x0000
22:23:41 INFO  [GH3]:   Unknown(0xec953eec) (QTypeInt) : 0
22:23:41 INFO  [GH3]: }
22:23:41 INFO  [GH3]: {
22:23:41 INFO  [GH3]:   Unknown(0x00000000) (QTypeQbKey) : 0xff03cc4e
22:23:41 INFO  [GH3]:   Unknown(0x520c0c9c) (QTypeQbKey) : 0x806fff30
22:23:41 INFO  [GH3]:   Unknown(0x26861025) (QTypeQbKey) : 0x0000
22:23:41 INFO  [GH3]:   Unknown(0xec953eec) (QTypeInt) : 0
22:23:41 INFO  [GH3]: }
22:23:41 INFO  [GH3]: {
22:23:41 INFO  [GH3]:   Unknown(0x00000000) (QTypeQbKey) : 0xff03cc4e
22:23:41 INFO  [GH3]:   Unknown(0x520c0c9c) (QTypeQbKey) : 0x806fff30
22:23:41 INFO  [GH3]:   Unknown(0x26861025) (QTypeQbKey) : 0x0000
22:23:41 INFO  [GH3]:   Unknown(0xec953eec) (QTypeInt) : 0
22:23:41 INFO  [GH3]: }
22:23:41 INFO  [GH3]: {
22:23:41 INFO  [GH3]:   Unknown(0x00000000) (QTypeQbKey) : 0xff03cc4e
22:23:41 INFO  [GH3]:   Unknown(0x520c0c9c) (QTypeQbKey) : 0x806fff30
22:23:41 INFO  [GH3]:   Unknown(0x26861025) (QTypeQbKey) : 0x0000
22:23:41 INFO  [GH3]:   Unknown(0xec953eec) (QTypeInt) : 0
22:23:41 INFO  [GH3]: }
22:23:41 INFO  [GH3]: {
22:23:41 INFO  [GH3]:   Unknown(0x00000000) (QTypeQbKey) : 0xff03cc4e
22:23:41 INFO  [GH3]:   Unknown(0x520c0c9c) (QTypeQbKey) : 0x806fff30
22:23:41 INFO  [GH3]:   Unknown(0x26861025) (QTypeQbKey) : 0x0000
22:23:41 INFO  [GH3]:   Unknown(0xec953eec) (QTypeInt) : 0
22:23:41 INFO  [GH3]: }
22:23:41 INFO  [GH3]: {
22:23:41 INFO  [GH3]:   Unknown(0x00000000) (QTypeQbKey) : 0xff03cc4e
22:23:41 INFO  [GH3]:   Unknown(0x520c0c9c) (QTypeQbKey) : 0x806fff30
22:23:41 INFO  [GH3]:   Unknown(0x26861025) (QTypeQbKey) : 0x0000
22:23:41 INFO  [GH3]:   Unknown(0xec953eec) (QTypeInt) : 0
22:23:41 INFO  [GH3]: }
22:23:41 INFO  [GH3]: {
22:23:41 INFO  [GH3]:   Unknown(0x00000000) (QTypeQbKey) : 0xff03cc4e
22:23:41 INFO  [GH3]:   Unknown(0x520c0c9c) (QTypeQbKey) : 0x806fff30
22:23:41 INFO  [GH3]:   Unknown(0x26861025) (QTypeQbKey) : 0x0000
22:23:41 INFO  [GH3]:   Unknown(0xec953eec) (QTypeInt) : 0
22:23:41 INFO  [GH3]: }
22:23:41 INFO  [GH3]: {
22:23:41 INFO  [GH3]:   Unknown(0x00000000) (QTypeQbKey) : 0xff03cc4e
22:23:41 INFO  [GH3]:   Unknown(0x520c0c9c) (QTypeQbKey) : 0x806fff30
22:23:41 INFO  [GH3]:   Unknown(0x26861025) (QTypeQbKey) : 0x0000
22:23:41 INFO  [GH3]:   Unknown(0xec953eec) (QTypeInt) : 0
22:23:41 INFO  [GH3]: }
22:23:41 INFO  [GH3]: {
22:23:41 INFO  [GH3]:   Unknown(0x00000000) (QTypeQbKey) : 0xff03cc4e
22:23:41 INFO  [GH3]:   Unknown(0x520c0c9c) (QTypeQbKey) : 0x806fff30
22:23:41 INFO  [GH3]:   Unknown(0x26861025) (QTypeQbKey) : 0x0000
22:23:41 INFO  [GH3]:   Unknown(0xec953eec) (QTypeInt) : 0
22:23:41 INFO  [GH3]: }
22:23:41 INFO  [GH3]: {
22:23:41 INFO  [GH3]:   Unknown(0x00000000) (QTypeQbKey) : 0xff03cc4e
22:23:41 INFO  [GH3]:   Unknown(0x520c0c9c) (QTypeQbKey) : 0x806fff30
22:23:41 INFO  [GH3]:   Unknown(0x26861025) (QTypeQbKey) : 0x0000
22:23:41 INFO  [GH3]:   Unknown(0xec953eec) (QTypeInt) : 0
22:23:41 INFO  [GH3]: }
22:23:41 INFO  [GH3]: {
22:23:41 INFO  [GH3]:   Unknown(0x00000000) (QTypeQbKey) : 0xff03cc4e
22:23:41 INFO  [GH3]:   Unknown(0x520c0c9c) (QTypeQbKey) : 0x806fff30
22:23:41 INFO  [GH3]:   Unknown(0x26861025) (QTypeQbKey) : 0x0000
22:23:41 INFO  [GH3]:   Unknown(0xec953eec) (QTypeInt) : 0
22:23:41 INFO  [GH3]: }
22:23:41 INFO  [GH3]: {
22:23:41 INFO  [GH3]:   Unknown(0x2e41f796) (QTypeInt) : 8000
22:23:41 INFO  [GH3]: }
22:23:44 INFO  [GH3]: {
22:23:44 INFO  [GH3]:   Unknown(0x7321a8d6) (QTypeQbKey) : 0xbbda0406
22:23:44 INFO  [GH3]: }
22:23:49 INFO  [GH3]: {
22:23:49 INFO  [GH3]:   Unknown(0x26bf66f3) (QTypeQbStruct) : 
22:23:49 INFO  [GH3]: 	{
22:23:49 INFO  [GH3]: 	  Unknown(0xc4745838) (QTypeWString) : "You will lose all unsaved progress if you quit. Are you sure you want to quit this song?"
22:23:49 INFO  [GH3]: 	  Unknown(0x34a68574) (QTypePair) : (600, 400)
22:23:49 INFO  [GH3]: 	  Unknown(0x13b9da7b) (QTypeFloat) : 0.6
22:23:49 INFO  [GH3]: 	}
22:23:49 INFO  [GH3]:   Unknown(0x69d0dfaf) (QTypeInt) : 0
22:23:49 INFO  [GH3]:   Unknown(0x00000000) (QTypeQbKey) : 0xeafc692e
22:23:49 INFO  [GH3]:   Unknown(0xe787d761) (QTypePair) : (640, 480)
22:23:49 INFO  [GH3]:   Unknown(0xad8a5a63) (QTypePair) : (600, 80)
22:23:49 INFO  [GH3]:   Unknown(0x2fca0578) (QTypeQbArray) : Type:"QTypeQbArray" Size:1698725552
22:23:49 INFO  [GH3]: }
22:23:51 INFO  [GH3]: {
22:23:51 INFO  [GH3]:   Unknown(0xb30d9965) (QTypeInt) : 0
22:23:51 INFO  [GH3]:   Unknown(0x40c698af) (QTypeQbKey) : 0x86fca2f0
22:23:51 INFO  [GH3]: }
22:23:53 INFO  [GH3]: {
22:23:53 INFO  [GH3]:   Unknown(0x40c698af) (QTypeQbKey) : 0x9a17ba07
22:23:53 INFO  [GH3]: }
22:23:53 INFO  [GH3]: {
22:23:53 INFO  [GH3]:   Unknown(0x40c698af) (QTypeQbKey) : 0x7419db2b
22:23:53 INFO  [GH3]: }
22:23:53 INFO  [GH3]: {
22:23:53 INFO  [GH3]:   Unknown(0x40c698af) (QTypeQbKey) : 0x9d7a7e1e
22:23:53 INFO  [GH3]: }
22:23:53 INFO  [GH3]: {
22:23:53 INFO  [GH3]:   Unknown(0x40c698af) (QTypeQbKey) : 0x73741f32
22:23:53 INFO  [GH3]: }
22:23:53 INFO  [GH3]: {
22:23:53 INFO  [GH3]:   Unknown(0xb30d9965) (QTypeInt) : 0
22:23:53 INFO  [GH3]:   Unknown(0x40c698af) (QTypeQbKey) : 0x5a86fdc8
22:23:53 INFO  [GH3]: }
22:23:53 INFO  [GH3]: {
22:23:53 INFO  [GH3]:   Unknown(0xb30d9965) (QTypeInt) : 0
22:23:53 INFO  [GH3]:   Unknown(0x40c698af) (QTypeQbKey) : 0xbd3ed0cf
22:23:53 INFO  [GH3]: }
22:23:53 INFO  [GH3]: {
22:23:53 INFO  [GH3]:   Unknown(0xb30d9965) (QTypeInt) : 0
22:23:53 INFO  [GH3]:   Unknown(0x40c698af) (QTypeQbKey) : 0xaafe69bc
22:23:53 INFO  [GH3]: }
22:23:53 INFO  [GH3]: {
22:23:53 INFO  [GH3]:   Unknown(0xb30d9965) (QTypeInt) : 0
22:23:53 INFO  [GH3]:   Unknown(0x40c698af) (QTypeQbKey) : 0x44f00890
22:23:53 INFO  [GH3]: }
22:23:53 INFO  [GH3]: {
22:23:53 INFO  [GH3]:   Unknown(0xb30d9965) (QTypeInt) : 0
22:23:53 INFO  [GH3]:   Unknown(0x40c698af) (QTypeQbKey) : 0xad93ada5
22:23:53 INFO  [GH3]: }
22:23:53 INFO  [GH3]: {
22:23:53 INFO  [GH3]:   Unknown(0xb30d9965) (QTypeInt) : 0
22:23:53 INFO  [GH3]:   Unknown(0x40c698af) (QTypeQbKey) : 0x439dcc89
22:23:53 INFO  [GH3]: }
22:23:53 INFO  [GH3]: {
22:23:53 INFO  [GH3]:   Unknown(0xb30d9965) (QTypeInt) : 0
22:23:53 INFO  [GH3]:   Unknown(0x40c698af) (QTypeQbKey) : 0xa425e18e
22:23:53 INFO  [GH3]: }
22:23:53 INFO  [GH3]: {
22:23:53 INFO  [GH3]:   Unknown(0xb30d9965) (QTypeInt) : 0
22:23:53 INFO  [GH3]:   Unknown(0x40c698af) (QTypeQbKey) : 0x81d33a7f
22:23:53 INFO  [GH3]: }
22:23:53 INFO  [GH3]: {
22:23:53 INFO  [GH3]:   Unknown(0xb30d9965) (QTypeInt) : 0
22:23:53 INFO  [GH3]:   Unknown(0x40c698af) (QTypeQbKey) : 0x6fdd5b53
22:23:53 INFO  [GH3]: }
22:23:53 INFO  [GH3]: {
22:23:53 INFO  [GH3]:   Unknown(0xb30d9965) (QTypeInt) : 0
22:23:53 INFO  [GH3]:   Unknown(0x40c698af) (QTypeQbKey) : 0x86befe66
22:23:53 INFO  [GH3]: }
22:23:53 INFO  [GH3]: {
22:23:53 INFO  [GH3]:   Unknown(0xb30d9965) (QTypeInt) : 0
22:23:53 INFO  [GH3]:   Unknown(0x40c698af) (QTypeQbKey) : 0x68b09f4a
22:23:53 INFO  [GH3]: }
22:23:53 INFO  [GH3]: {
22:23:53 INFO  [GH3]:   Unknown(0xb30d9965) (QTypeInt) : 0
22:23:53 INFO  [GH3]:   Unknown(0x40c698af) (QTypeQbKey) : 0x8f08b24d
22:23:53 INFO  [GH3]: }
22:23:53 INFO  [GH3]: {
22:23:53 INFO  [GH3]:   Unknown(0xb30d9965) (QTypeInt) : 0
22:23:53 INFO  [GH3]:   Unknown(0x40c698af) (QTypeQbKey) : 0x98c80b3e
22:23:53 INFO  [GH3]: }
22:23:53 INFO  [GH3]: {
22:23:53 INFO  [GH3]:   Unknown(0xb30d9965) (QTypeInt) : 0
22:23:53 INFO  [GH3]:   Unknown(0x40c698af) (QTypeQbKey) : 0x76c66a12
22:23:53 INFO  [GH3]: }
22:23:53 INFO  [GH3]: {
22:23:53 INFO  [GH3]:   Unknown(0xb30d9965) (QTypeInt) : 0
22:23:53 INFO  [GH3]:   Unknown(0x40c698af) (QTypeQbKey) : 0x9fa5cf27
22:23:53 INFO  [GH3]: }
22:23:53 INFO  [GH3]: {
22:23:53 INFO  [GH3]:   Unknown(0xb30d9965) (QTypeInt) : 0
22:23:53 INFO  [GH3]:   Unknown(0x40c698af) (QTypeQbKey) : 0x71abae0b
22:23:53 INFO  [GH3]: }
22:23:53 INFO  [GH3]: {
22:23:53 INFO  [GH3]:   Unknown(0xb30d9965) (QTypeInt) : 0
22:23:53 INFO  [GH3]:   Unknown(0x40c698af) (QTypeQbKey) : 0x9613830c
22:23:53 INFO  [GH3]: }
22:23:53 INFO  [GH3]: {
22:23:53 INFO  [GH3]:   Unknown(0xb30d9965) (QTypeInt) : 0
22:23:53 INFO  [GH3]:   Unknown(0x40c698af) (QTypeQbKey) : 0xd7899df9
22:23:53 INFO  [GH3]: }
22:23:55 INFO  [GH3]: {
22:23:55 INFO  [GH3]:   Unknown(0xb30d9965) (QTypeInt) : 0
22:23:55 INFO  [GH3]:   Unknown(0x40c698af) (QTypeQbKey) : 0x32bfd72d
22:23:55 INFO  [GH3]: }
22:23:56 INFO  [GH3]: {
22:23:56 INFO  [GH3]:   Unknown(0xb30d9965) (QTypeInt) : 0
22:23:56 INFO  [GH3]:   Unknown(0x40c698af) (QTypeQbKey) : 0xd507fa2a
22:23:56 INFO  [GH3]: }
22:23:56 INFO  [GH3]: {
22:23:56 INFO  [GH3]:   Unknown(0xb30d9965) (QTypeInt) : 0
22:23:56 INFO  [GH3]:   Unknown(0x40c698af) (QTypeQbKey) : 0xc2c74359
22:23:56 INFO  [GH3]: }
22:23:56 INFO  [GH3]: {
22:23:56 INFO  [GH3]:   Unknown(0x83aaa1a0) (QTypeQbKey) : 0xeb323e20
22:23:56 INFO  [GH3]:   Unknown(0xdb616875) (QTypeInt) : 1
22:23:56 INFO  [GH3]:   Unknown(0xd8f1a5c6) (QTypeQbKey) : 0x1ac92355
22:23:56 INFO  [GH3]:   Unknown(0xb7822ed8) (QTypeInt) : 4294967295
22:23:56 INFO  [GH3]:   Unknown(0xcc12115e) (QTypeQbKey) : 0x806fff30
22:23:56 INFO  [GH3]:   Unknown(0x8a4c762d) (QTypeQbKey) : 0x806fff30
22:23:56 INFO  [GH3]: }
22:23:56 INFO  [GH3]: {
22:23:56 INFO  [GH3]:   Unknown(0x83aaa1a0) (QTypeQbKey) : 0xeb323e20
22:23:56 INFO  [GH3]:   Unknown(0xdb616875) (QTypeInt) : 1
22:23:56 INFO  [GH3]:   Unknown(0xd8f1a5c6) (QTypeQbKey) : 0x1ac92355
22:23:56 INFO  [GH3]:   Unknown(0xb7822ed8) (QTypeInt) : 4294967295
22:23:56 INFO  [GH3]:   Unknown(0xcc12115e) (QTypeQbKey) : 0x806fff30
22:23:56 INFO  [GH3]:   Unknown(0x8a4c762d) (QTypeQbKey) : 0x806fff30
22:23:56 INFO  [GH3]: }
22:23:56 INFO  [GH3]: {
22:23:56 INFO  [GH3]:   Unknown(0x00000000) (QTypeQbKey) : 0xff03cc4e
22:23:56 INFO  [GH3]:   Unknown(0x520c0c9c) (QTypeQbKey) : 0x806fff30
22:23:56 INFO  [GH3]:   Unknown(0x26861025) (QTypeQbKey) : 0x0000
22:23:56 INFO  [GH3]:   Unknown(0xec953eec) (QTypeInt) : 0
22:23:56 INFO  [GH3]: }
22:23:57 INFO  [GH3]: {
22:23:57 INFO  [GH3]:   Unknown(0x00000000) (QTypeQbKey) : 0xff03cc4e
22:23:57 INFO  [GH3]:   Unknown(0x520c0c9c) (QTypeQbKey) : 0x806fff30
22:23:57 INFO  [GH3]:   Unknown(0x26861025) (QTypeQbKey) : 0x0000
22:23:57 INFO  [GH3]:   Unknown(0xec953eec) (QTypeInt) : 0
22:23:57 INFO  [GH3]: }
22:23:57 INFO  [GH3]: {
22:23:57 INFO  [GH3]:   Unknown(0x00000000) (QTypeQbKey) : 0xff03cc4e
22:23:57 INFO  [GH3]:   Unknown(0x520c0c9c) (QTypeQbKey) : 0x806fff30
22:23:57 INFO  [GH3]:   Unknown(0x26861025) (QTypeQbKey) : 0x0000
22:23:57 INFO  [GH3]:   Unknown(0xec953eec) (QTypeInt) : 0
22:23:57 INFO  [GH3]: }
22:23:57 INFO  [GH3]: {
22:23:57 INFO  [GH3]:   Unknown(0x2e41f796) (QTypeInt) : 8000
22:23:57 INFO  [GH3]: }
22:25:28 INFO  [GH3]: {
22:25:28 INFO  [GH3]:   Unknown(0x69d0dfaf) (QTypeInt) : 0
22:25:28 INFO  [GH3]:   Unknown(0xd4c98794) (QTypeWString) : "CHECKING..."
22:25:28 INFO  [GH3]:   Unknown(0x26bf66f3) (QTypeQbStruct) : 
22:25:28 INFO  [GH3]: 	{
22:25:28 INFO  [GH3]: 	  Unknown(0xc4745838) (QTypeWString) : "Checking storage device..."
22:25:28 INFO  [GH3]: 	}
22:25:28 INFO  [GH3]: }
22:25:28 INFO  [GH3]: {
22:25:28 INFO  [GH3]:   Unknown(0x69d0dfaf) (QTypeInt) : 0
22:25:28 INFO  [GH3]:   Unknown(0xd4c98794) (QTypeWString) : "SUCCESSFUL"
22:25:28 INFO  [GH3]:   Unknown(0x26bf66f3) (QTypeQbStruct) : 
22:25:28 INFO  [GH3]: 	{
22:25:28 INFO  [GH3]: 	  Unknown(0xc4745838) (QTypeWString) : "Overwrite successful."
22:25:28 INFO  [GH3]: 	}
22:25:28 INFO  [GH3]: }
22:25:28 INFO  [GH3]: {
22:25:28 INFO  [GH3]:   Unknown(0xb30d9965) (QTypeInt) : 0
22:25:28 INFO  [GH3]:   Unknown(0x40c698af) (QTypeQbKey) : 0x3cff9324
22:25:28 INFO  [GH3]: }
22:25:28 INFO  [GH3]: {
22:25:28 INFO  [GH3]:   Unknown(0xb30d9965) (QTypeInt) : 0
22:25:28 INFO  [GH3]:   Unknown(0x40c698af) (QTypeQbKey) : 0xd2f1f208
22:25:28 INFO  [GH3]: }
22:25:29 INFO  [GH3]: {
22:25:29 INFO  [GH3]:   Unknown(0xb30d9965) (QTypeInt) : 0
22:25:29 INFO  [GH3]:   Unknown(0x40c698af) (QTypeQbKey) : 0x3549df0f
22:25:29 INFO  [GH3]: }
22:25:29 INFO  [GH3]: {
22:25:29 INFO  [GH3]:   Unknown(0xb30d9965) (QTypeInt) : 0
22:25:29 INFO  [GH3]:   Unknown(0x40c698af) (QTypeQbKey) : 0x3549df0f
22:25:29 INFO  [GH3]: }
22:25:30 INFO  [GH3]: {
22:25:30 INFO  [GH3]:   Unknown(0xb30d9965) (QTypeInt) : 0
22:25:30 INFO  [GH3]:   Unknown(0x40c698af) (QTypeQbKey) : 0xd2f1f208
22:25:30 INFO  [GH3]: }
22:25:30 INFO  [GH3]: {
22:25:30 INFO  [GH3]:   Unknown(0xb30d9965) (QTypeInt) : 0
22:25:30 INFO  [GH3]:   Unknown(0x40c698af) (QTypeQbKey) : 0x3cff9324
22:25:30 INFO  [GH3]: }
22:25:30 INFO  [GH3]: {
22:25:30 INFO  [GH3]:   Unknown(0xb30d9965) (QTypeInt) : 0
22:25:30 INFO  [GH3]:   Unknown(0x40c698af) (QTypeQbKey) : 0xd59c3611
22:25:30 INFO  [GH3]: }
22:25:30 INFO  [GH3]: {
22:25:30 INFO  [GH3]:   Unknown(0xb30d9965) (QTypeInt) : 0
22:25:30 INFO  [GH3]:   Unknown(0x40c698af) (QTypeQbKey) : 0xd59c3611
22:25:30 INFO  [GH3]: }
22:25:31 INFO  [GH3]: {
22:25:31 INFO  [GH3]:   Unknown(0xb30d9965) (QTypeInt) : 0
22:25:31 INFO  [GH3]:   Unknown(0x40c698af) (QTypeQbKey) : 0xf26e0f2f
22:25:31 INFO  [GH3]: }
22:25:35 INFO  [GH3]: {
22:25:35 INFO  [GH3]:   Unknown(0x83aaa1a0) (QTypeQbKey) : 0xeb323e20
22:25:35 INFO  [GH3]:   Unknown(0xdb616875) (QTypeInt) : 1
22:25:35 INFO  [GH3]:   Unknown(0xd8f1a5c6) (QTypeQbKey) : 0x77b5ed9
22:25:35 INFO  [GH3]:   Unknown(0xb7822ed8) (QTypeInt) : 4294967295
22:25:35 INFO  [GH3]:   Unknown(0xcc12115e) (QTypeQbKey) : 0x806fff30
22:25:35 INFO  [GH3]:   Unknown(0x8a4c762d) (QTypeQbKey) : 0x806fff30
22:25:35 INFO  [GH3]: }
22:25:35 INFO  [GH3]: {
22:25:35 INFO  [GH3]:   Unknown(0x00000000) (QTypeQbKey) : 0x6086aa70
22:25:35 INFO  [GH3]:   Unknown(0x520c0c9c) (QTypeQbKey) : 0x806fff30
22:25:35 INFO  [GH3]:   Unknown(0x26861025) (QTypeQbKey) : 0x0000
22:25:35 INFO  [GH3]:   Unknown(0xec953eec) (QTypeInt) : 0
22:25:35 INFO  [GH3]: }
22:25:35 INFO  [GH3]: {
22:25:35 INFO  [GH3]:   Unknown(0x83aaa1a0) (QTypeQbKey) : 0xeb323e20
22:25:35 INFO  [GH3]:   Unknown(0xdb616875) (QTypeInt) : 1
22:25:35 INFO  [GH3]:   Unknown(0xd8f1a5c6) (QTypeQbKey) : 0x77b5ed9
22:25:35 INFO  [GH3]:   Unknown(0xb7822ed8) (QTypeInt) : 4294967295
22:25:35 INFO  [GH3]:   Unknown(0xcc12115e) (QTypeQbKey) : 0x806fff30
22:25:35 INFO  [GH3]:   Unknown(0x8a4c762d) (QTypeQbKey) : 0x806fff30
22:25:35 INFO  [GH3]: }
22:25:35 INFO  [GH3]: {
22:25:35 INFO  [GH3]:   Unknown(0x2e41f796) (QTypeInt) : 8000
22:25:35 INFO  [GH3]: }
22:25:59 INFO  [GH3]: {
22:25:59 INFO  [GH3]:   Unknown(0x83aaa1a0) (QTypeQbKey) : 0xeb323e20
22:25:59 INFO  [GH3]:   Unknown(0xdb616875) (QTypeInt) : 1
22:25:59 INFO  [GH3]:   Unknown(0xd8f1a5c6) (QTypeQbKey) : 0x77b5ed9
22:25:59 INFO  [GH3]:   Unknown(0xb7822ed8) (QTypeInt) : 4
22:25:59 INFO  [GH3]:   Unknown(0xcc12115e) (QTypeQbKey) : 0x846455dc
22:25:59 INFO  [GH3]:   Unknown(0x8a4c762d) (QTypeQbKey) : 0x923b7d66
22:25:59 INFO  [GH3]: }
22:25:59 INFO  [GH3]: {
22:25:59 INFO  [GH3]:   Unknown(0x83aaa1a0) (QTypeQbKey) : 0xeb323e20
22:25:59 INFO  [GH3]:   Unknown(0xdb616875) (QTypeInt) : 1
22:25:59 INFO  [GH3]:   Unknown(0xd8f1a5c6) (QTypeQbKey) : 0x77b5ed9
22:25:59 INFO  [GH3]:   Unknown(0xb7822ed8) (QTypeInt) : 4
22:25:59 INFO  [GH3]:   Unknown(0xcc12115e) (QTypeQbKey) : 0x846455dc
22:25:59 INFO  [GH3]:   Unknown(0x8a4c762d) (QTypeQbKey) : 0x923b7d66
22:25:59 INFO  [GH3]: }
22:25:59 INFO  [GH3]: {
22:25:59 INFO  [GH3]:   Unknown(0x7321a8d6) (QTypeQbKey) : 0xbbda0406
22:25:59 INFO  [GH3]: }
22:32:51 INFO  [GH3]: {
22:32:51 INFO  [GH3]:   Unknown(0x8b60022f) (QTypeQbKey) : 0xbf0f14db
22:32:51 INFO  [GH3]:   Unknown(0x0c853a87) (QTypeInt) : 0
22:32:51 INFO  [GH3]:   Unknown(0x40c698af) (QTypeQbKey) : 0xad504555
22:32:51 INFO  [GH3]:   Unknown(0x34a68574) (QTypePair) : (100, 100)
22:32:51 INFO  [GH3]:   Unknown(0x7b820a11) (QTypeInt) : 1
22:32:51 INFO  [GH3]:   Unknown(0x2cfbddad) (QTypeInt) : 1
22:32:51 INFO  [GH3]:   Unknown(0x9a6d8aa5) (QTypeFloat) : 0.7
22:32:51 INFO  [GH3]:   Unknown(0x3c1a8111) (QTypeFloat) : 0.6
22:32:51 INFO  [GH3]:   Unknown(0x00000000) (QTypeQbKey) : 0x4f660a71
22:32:51 INFO  [GH3]:   Unknown(0x73e5bad0) (QTypeInt) : 77
22:32:51 INFO  [GH3]:   Unknown(0x0ab21af0) (QTypeInt) : 39
22:32:51 INFO  [GH3]:   Unknown(0xabf312ef) (QTypeFloat) : 100
22:32:51 INFO  [GH3]:   Unknown(0x96933b5f) (QTypeFloat) : 100
22:32:51 INFO  [GH3]:   Unknown(0x6aa8d676) (QTypeFloat) : 1.2987013
22:32:51 INFO  [GH3]:   Unknown(0xccdfddc2) (QTypeFloat) : 1.2987013
22:32:51 INFO  [GH3]: }
22:32:51 INFO  [GH3]: {
22:32:51 INFO  [GH3]:   Unknown(0xb30d9965) (QTypeInt) : 0
22:32:51 INFO  [GH3]:   Unknown(0x40c698af) (QTypeQbKey) : 0x4433e060
22:32:51 INFO  [GH3]: }
