23:06:07 INFO  [Nylon]: Wine was not detected. Assuming we are running on a Windows NT OS Please report this if this detection is an error.
23:06:07 INFO  [Nylon]: Minhook initialized!
23:06:07 INFO  [Nylon]: Setting up default hooks...
23:06:08 INFO  [Nylon]: Hooked function at address: 0x770689E0
23:06:08 INFO  [Nylon]: Hooked function at address: 0x77068320
23:06:08 INFO  [Nylon]: Hooked function at address: 0x77062520
23:06:08 INFO  [Nylon]: Hooked function at address: 0x00530970
23:06:08 INFO  [Nylon]: Hooked function at address: 0x00530940
23:06:08 INFO  [Nylon]: Hooked function at address: 0x004A1780
23:06:08 INFO  [Nylon]: Hooked function at address: 0x00472B50
23:06:08 INFO  [Nylon]: Hooked function at address: 0x0057B940
23:06:08 INFO  [Nylon]: Hooked function at address: 0x00601D30
23:06:08 INFO  [Nylon]: Hooked function at address: 0x0047DFA0
23:06:08 INFO  [Nylon]: Hooked function at address: 0x0057AE20
23:06:08 INFO  [Nylon]: Hooked function at address: 0x00D94EE8
23:06:08 INFO  [Nylon]: Hooked function at address: 0x004A6820
23:06:08 INFO  [Nylon]: Hooked function at address: 0x0047E5B0
23:06:08 INFO  [Nylon]: Finished setting up default hooks.
23:06:08 INFO  [Nylon]: Loading mods...
23:06:08 INFO  [Nylon]: Loading mods from: "C:\Games\Guitar Hero III\nylon\Mods"
23:06:08 INFO  [Nylon]: Checking for: "C:\Games\Guitar Hero III\nylon\Mods\GH3Deluxe\modinfo.json"...
23:06:08 INFO  [Nylon]: Loading...
23:06:08 INFO  [Nylon]: Found mod: gh3dx
23:06:08 INFO  [Nylon]: Finished loading mods.
23:06:08 INFO  [Nylon]: Finished Core Initialization!
23:06:09 INFO  [Nylon]: Expecting: "GH3Deluxe\pak\gh3dx.pak"
23:06:09 INFO  [Nylon]: Found it! Loading...
23:06:09 INFO  [Nylon]: Done!
23:06:09 INFO  [Nylon]: Hooking DirectX 9...
23:06:09 INFO  [Nylon]: Hooked function at address: 0x63116500
23:06:09 INFO  [Nylon]: Hooked function at address: 0x63116120
23:06:10 INFO  [Nylon]: Hooked function at address: 0x5997B040
23:06:10 ERROR [Nylon]: Failed to hook function at address: 0x5997B040 Error Code: 3
23:06:10 INFO  [Nylon]: Finished hooking DirectX 9.
23:06:10 INFO  [Nylon]: Hooked function at address: 0x5997C550
23:06:10 ERROR [Nylon]: Failed to hook function at address: 0x5997C550 Error Code: 3
23:06:10 INFO  [Nylon]: KeyboardSetCooperativeLevel -> 6
23:06:10 INFO  [Nylon]: KeyboardSetCooperativeLevel -> 5
23:06:12 INFO  [GH3]: {
23:06:12 INFO  [GH3]:   Unknown(0x69d0dfaf) (QTypeInt) : 3
23:06:12 INFO  [GH3]:   Unknown(0xd4c98794) (QTypeWString) : "CHECKING..."
23:06:12 INFO  [GH3]:   Unknown(0x26bf66f3) (QTypeQbStruct) : 
23:06:12 INFO  [GH3]: 	{
23:06:12 INFO  [GH3]: 	  Unknown(0xc4745838) (QTypeWString) : "Checking storage device..."
23:06:12 INFO  [GH3]: 	}
23:06:12 INFO  [GH3]: }
23:06:12 INFO  [GH3]: {
23:06:12 INFO  [GH3]:   Unknown(0x69d0dfaf) (QTypeInt) : 3
23:06:12 INFO  [GH3]:   Unknown(0xd4c98794) (QTypeWString) : "SUCCESSFUL"
23:06:12 INFO  [GH3]:   Unknown(0x26bf66f3) (QTypeQbStruct) : 
23:06:12 INFO  [GH3]: 	{
23:06:12 INFO  [GH3]: 	  Unknown(0xc4745838) (QTypeWString) : "Save successful."
23:06:12 INFO  [GH3]: 	}
23:06:12 INFO  [GH3]: }
23:06:20 INFO  [GH3]: {
23:06:20 INFO  [GH3]:   Unknown(0x7323e97c) (QTypeQbArray) : Type:"QTypeQbArray" Size:1114354112
23:06:20 INFO  [GH3]: }
