23:21:26 INFO  [Nylon]: Wine was not detected. Assuming we are running on a Windows NT OS Please report this if this detection is an error.
23:21:26 INFO  [Nylon]: Minhook initialized!
23:21:26 INFO  [Nylon]: Setting up default hooks...
23:21:26 INFO  [Nylon]: Hooked function at address: 0x770689E0
23:21:26 INFO  [Nylon]: Hooked function at address: 0x77068320
23:21:26 INFO  [Nylon]: Hooked function at address: 0x77062520
23:21:26 INFO  [Nylon]: Hooked function at address: 0x00530970
23:21:26 INFO  [Nylon]: Hooked function at address: 0x00530940
23:21:26 INFO  [Nylon]: Hooked function at address: 0x004A1780
23:21:26 INFO  [Nylon]: Hooked function at address: 0x00472B50
23:21:26 INFO  [Nylon]: Hooked function at address: 0x0057B940
23:21:26 INFO  [Nylon]: Hooked function at address: 0x00601D30
23:21:26 INFO  [Nylon]: Hooked function at address: 0x0047DFA0
23:21:26 INFO  [Nylon]: Hooked function at address: 0x0057AE20
23:21:26 INFO  [Nylon]: Hooked function at address: 0x00D94EE8
23:21:26 INFO  [Nylon]: Hooked function at address: 0x004A6820
23:21:27 INFO  [Nylon]: Hooked function at address: 0x0047E5B0
23:21:27 INFO  [Nylon]: Finished setting up default hooks.
23:21:27 INFO  [Nylon]: Loading mods...
23:21:27 INFO  [Nylon]: Loading mods from: "C:\Games\Guitar Hero III\nylon\Mods"
23:21:27 INFO  [Nylon]: Checking for: "C:\Games\Guitar Hero III\nylon\Mods\GH3Deluxe\modinfo.json"...
23:21:27 INFO  [Nylon]: Loading...
23:21:27 INFO  [Nylon]: Found mod: gh3dx
23:21:27 INFO  [Nylon]: Finished loading mods.
23:21:27 INFO  [Nylon]: Finished Core Initialization!
23:21:27 INFO  [Nylon]: Expecting: "GH3Deluxe\pak\gh3dx.pak"
23:21:27 INFO  [Nylon]: Found it! Loading...
23:21:27 INFO  [Nylon]: Done!
23:21:27 INFO  [Nylon]: Hooking DirectX 9...
23:21:27 INFO  [Nylon]: Hooked function at address: 0x63116500
23:21:27 INFO  [Nylon]: Hooked function at address: 0x63116120
23:21:27 INFO  [Nylon]: Hooked function at address: 0x5912B040
23:21:27 ERROR [Nylon]: Failed to hook function at address: 0x5912B040 Error Code: 3
23:21:27 INFO  [Nylon]: Finished hooking DirectX 9.
23:21:27 INFO  [Nylon]: Hooked function at address: 0x5912C550
23:21:27 ERROR [Nylon]: Failed to hook function at address: 0x5912C550 Error Code: 3
23:21:28 INFO  [Nylon]: KeyboardSetCooperativeLevel -> 6
23:21:28 INFO  [Nylon]: KeyboardSetCooperativeLevel -> 5
23:21:37 INFO  [GH3]: {
23:21:37 INFO  [GH3]:   Unknown(0x69d0dfaf) (QTypeInt) : 0
23:21:37 INFO  [GH3]:   Unknown(0xd4c98794) (QTypeWString) : "CHECKING..."
23:21:37 INFO  [GH3]:   Unknown(0x26bf66f3) (QTypeQbStruct) : 
23:21:37 INFO  [GH3]: 	{
23:21:37 INFO  [GH3]: 	  Unknown(0xc4745838) (QTypeWString) : "Checking storage device..."
23:21:37 INFO  [GH3]: 	}
23:21:37 INFO  [GH3]: }
23:21:37 INFO  [GH3]: {
23:21:37 INFO  [GH3]:   Unknown(0x69d0dfaf) (QTypeInt) : 0
23:21:37 INFO  [GH3]:   Unknown(0x26bf66f3) (QTypeQbStruct) : 
23:21:37 INFO  [GH3]: 	{
23:21:37 INFO  [GH3]: 	  Unknown(0xc4745838) (QTypeWString) : "Game content is damaged and cannot be used. Do you want to delete this content? All progress within this save content will be lost."
23:21:37 INFO  [GH3]: 	  Unknown(0x34a68574) (QTypePair) : (800, 500)
23:21:37 INFO  [GH3]: 	  Unknown(0x7f261953) (QTypePair) : (640, 375)
23:21:37 INFO  [GH3]: 	  Unknown(0x13b9da7b) (QTypeFloat) : 0.5
23:21:37 INFO  [GH3]: 	}
23:21:37 INFO  [GH3]:   Unknown(0xe787d761) (QTypePair) : (640, 465)
23:21:37 INFO  [GH3]:   Unknown(0xad8a5a63) (QTypePair) : (256, 64)
23:21:37 INFO  [GH3]:   Unknown(0x2fca0578) (QTypeQbArray) : Type:"QTypeQbArray" Size:1117231344
23:21:37 INFO  [GH3]: }
23:21:37 INFO  [GH3]: {
23:21:37 INFO  [GH3]:   Unknown(0x69d0dfaf) (QTypeInt) : 0
23:21:37 INFO  [GH3]:   Unknown(0xd4c98794) (QTypeWString) : "SUCCESSFUL"
23:21:37 INFO  [GH3]:   Unknown(0x26bf66f3) (QTypeQbStruct) : 
23:21:37 INFO  [GH3]: 	{
23:21:37 INFO  [GH3]: 	  Unknown(0xc4745838) (QTypeWString) : "Load successful."
23:21:37 INFO  [GH3]: 	}
23:21:37 INFO  [GH3]: }
23:21:47 INFO  [GH3]: {
23:21:47 INFO  [GH3]:   Unknown(0x7323e97c) (QTypeQbArray) : Type:"QTypeQbArray" Size:1121274112
23:21:47 INFO  [GH3]: }
23:21:50 INFO  [GH3]: {
23:21:50 INFO  [GH3]:   Unknown(0x00000000) (QTypeQbKey) : 0xff03cc4e
23:21:50 INFO  [GH3]:   Unknown(0x520c0c9c) (QTypeQbKey) : 0x806fff30
23:21:50 INFO  [GH3]:   Unknown(0x26861025) (QTypeQbKey) : 0x1280ca90
23:21:50 INFO  [GH3]:   Unknown(0xec953eec) (QTypeInt) : 0
23:21:50 INFO  [GH3]: }
23:21:51 INFO  [GH3]: {
23:21:51 INFO  [GH3]:   Unknown(0x40c698af) (QTypeQbKey) : 0xd718fa44
23:21:51 INFO  [GH3]: }
23:21:53 INFO  [GH3]: {
23:21:53 INFO  [GH3]:   Unknown(0xb30d9965) (QTypeInt) : 0
23:21:53 INFO  [GH3]:   Unknown(0x40c698af) (QTypeQbKey) : 0x72fc414e
23:21:53 INFO  [GH3]: }
23:21:54 INFO  [GH3]: {
23:21:54 INFO  [GH3]:   Unknown(0xb30d9965) (QTypeInt) : 0
23:21:54 INFO  [GH3]:   Unknown(0x40c698af) (QTypeQbKey) : 0x9b9fe47b
23:21:54 INFO  [GH3]: }
23:21:54 INFO  [GH3]: {
23:21:54 INFO  [GH3]:   Unknown(0xb30d9965) (QTypeInt) : 0
23:21:54 INFO  [GH3]:   Unknown(0x40c698af) (QTypeQbKey) : 0xec98d4ed
23:21:54 INFO  [GH3]: }
23:21:54 INFO  [GH3]: {
23:21:54 INFO  [GH3]:   Unknown(0xb30d9965) (QTypeInt) : 0
23:21:54 INFO  [GH3]:   Unknown(0x40c698af) (QTypeQbKey) : 0xec98d4ed
23:21:54 INFO  [GH3]: }
23:21:55 INFO  [GH3]: {
23:21:55 INFO  [GH3]:   Unknown(0x40c698af) (QTypeQbKey) : 0x9a17ba07
23:21:55 INFO  [GH3]: }
23:21:56 INFO  [GH3]: {
23:21:56 INFO  [GH3]:   Unknown(0x40c698af) (QTypeQbKey) : 0x9d304a55
23:21:56 INFO  [GH3]: }
23:21:57 INFO  [GH3]: {
23:21:57 INFO  [GH3]:   Unknown(0x00000000) (QTypeQbKey) : 0xff03cc4e
23:21:57 INFO  [GH3]:   Unknown(0x520c0c9c) (QTypeQbKey) : 0x806fff30
23:21:57 INFO  [GH3]:   Unknown(0x26861025) (QTypeQbKey) : 0x1280c070
23:21:57 INFO  [GH3]:   Unknown(0xec953eec) (QTypeInt) : 0
23:21:57 INFO  [GH3]: }
23:21:58 INFO  [GH3]: {
23:21:58 INFO  [GH3]:   Unknown(0xb30d9965) (QTypeInt) : 0
23:21:58 INFO  [GH3]:   Unknown(0x40c698af) (QTypeQbKey) : 0xcd2baa24
23:21:58 INFO  [GH3]: }
23:21:58 INFO  [GH3]: {
23:21:58 INFO  [GH3]:   Unknown(0xb30d9965) (QTypeInt) : 0
23:21:58 INFO  [GH3]:   Unknown(0x40c698af) (QTypeQbKey) : 0x2325cb08
23:21:58 INFO  [GH3]: }
23:22:11 INFO  [GH3]: {
23:22:11 INFO  [GH3]:   Unknown(0x69d0dfaf) (QTypeInt) : 0
23:22:11 INFO  [GH3]:   Unknown(0x26bf66f3) (QTypeQbStruct) : 
23:22:11 INFO  [GH3]: 	{
23:22:11 INFO  [GH3]: 	  Unknown(0xc4745838) (QTypeStringPointer) : (not implemented, please report this to Vultu with your code!)
23:22:11 INFO  [GH3]: 	}
23:22:11 INFO  [GH3]:   Unknown(0xe787d761) (QTypePair) : (640, 490)
23:22:11 INFO  [GH3]:   Unknown(0xad8a5a63) (QTypePair) : (288, 64)
23:22:11 INFO  [GH3]:   Unknown(0x2fca0578) (QTypeQbArray) : Type:"QTypeQbArray" Size:1121293664
23:22:11 INFO  [GH3]: }
