23:20:23 INFO  [Nylon]: Wine was not detected. Assuming we are running on a Windows NT OS Please report this if this detection is an error.
23:20:23 INFO  [Nylon]: Minhook initialized!
23:20:23 INFO  [Nylon]: Setting up default hooks...
23:20:23 INFO  [Nylon]: Hooked function at address: 0x770689E0
23:20:23 INFO  [Nylon]: Hooked function at address: 0x77068320
23:20:23 INFO  [Nylon]: Hooked function at address: 0x77062520
23:20:23 INFO  [Nylon]: Hooked function at address: 0x00530970
23:20:23 INFO  [Nylon]: Hooked function at address: 0x00530940
23:20:24 INFO  [Nylon]: Hooked function at address: 0x004A1780
23:20:24 INFO  [Nylon]: Hooked function at address: 0x00472B50
23:20:24 INFO  [Nylon]: Hooked function at address: 0x0057B940
23:20:24 INFO  [Nylon]: Hooked function at address: 0x00601D30
23:20:24 INFO  [Nylon]: Hooked function at address: 0x0047DFA0
23:20:24 INFO  [Nylon]: Hooked function at address: 0x0057AE20
23:20:24 INFO  [Nylon]: Hooked function at address: 0x00D94EE8
23:20:24 INFO  [Nylon]: Hooked function at address: 0x004A6820
23:20:24 INFO  [Nylon]: Hooked function at address: 0x0047E5B0
23:20:24 INFO  [Nylon]: Finished setting up default hooks.
23:20:24 INFO  [Nylon]: Loading mods...
23:20:24 INFO  [Nylon]: Loading mods from: "C:\Games\Guitar Hero III\nylon\Mods"
23:20:24 INFO  [Nylon]: Checking for: "C:\Games\Guitar Hero III\nylon\Mods\GH3Deluxe\modinfo.json"...
23:20:24 INFO  [Nylon]: Loading...
23:20:24 INFO  [Nylon]: Found mod: gh3dx
23:20:24 INFO  [Nylon]: Finished loading mods.
23:20:24 INFO  [Nylon]: Finished Core Initialization!
23:20:25 INFO  [Nylon]: Expecting: "GH3Deluxe\pak\gh3dx.pak"
23:20:25 INFO  [Nylon]: Found it! Loading...
23:20:25 INFO  [Nylon]: Done!
23:20:25 INFO  [Nylon]: Hooking DirectX 9...
23:20:25 INFO  [Nylon]: Hooked function at address: 0x63116500
23:20:25 INFO  [Nylon]: Hooked function at address: 0x63116120
23:20:25 INFO  [Nylon]: Hooked function at address: 0x5912B040
23:20:25 ERROR [Nylon]: Failed to hook function at address: 0x5912B040 Error Code: 3
23:20:25 INFO  [Nylon]: Finished hooking DirectX 9.
23:20:25 INFO  [Nylon]: Hooked function at address: 0x5912C550
23:20:25 ERROR [Nylon]: Failed to hook function at address: 0x5912C550 Error Code: 3
23:20:26 INFO  [Nylon]: KeyboardSetCooperativeLevel -> 6
23:20:26 INFO  [Nylon]: KeyboardSetCooperativeLevel -> 5
