23:49:04 INFO  [Nylon]: Wine was not detected. Assuming we are running on a Windows NT OS Please report this if this detection is an error.
23:49:04 INFO  [Nylon]: Minhook initialized!
23:49:04 INFO  [Nylon]: Setting up default hooks...
23:49:04 INFO  [Nylon]: Hooked function at address: 0x770689E0
23:49:04 INFO  [Nylon]: Hooked function at address: 0x77068320
23:49:05 INFO  [Nylon]: Hooked function at address: 0x77062520
23:49:05 INFO  [Nylon]: Hooked function at address: 0x00530970
23:49:05 INFO  [Nylon]: Hooked function at address: 0x00530940
23:49:05 INFO  [Nylon]: Hooked function at address: 0x004A1780
23:49:05 INFO  [Nylon]: Hooked function at address: 0x00472B50
23:49:05 INFO  [Nylon]: Hooked function at address: 0x0057B940
23:49:05 INFO  [Nylon]: Hooked function at address: 0x00601D30
23:49:05 INFO  [Nylon]: Hooked function at address: 0x0047DFA0
23:49:05 INFO  [Nylon]: Hooked function at address: 0x0057AE20
23:49:05 INFO  [Nylon]: Hooked function at address: 0x00D94EE8
23:49:05 INFO  [Nylon]: Hooked function at address: 0x004A6820
23:49:05 INFO  [Nylon]: Hooked function at address: 0x0047E5B0
23:49:05 INFO  [Nylon]: Finished setting up default hooks.
23:49:05 INFO  [Nylon]: Loading mods...
23:49:05 INFO  [Nylon]: Loading mods from: "C:\Games\Guitar Hero III\nylon\Mods"
23:49:05 INFO  [Nylon]: Checking for: "C:\Games\Guitar Hero III\nylon\Mods\GH3Deluxe\modinfo.json"...
23:49:05 INFO  [Nylon]: Loading...
23:49:05 INFO  [Nylon]: Found mod: gh3dx
23:49:05 INFO  [Nylon]: Finished loading mods.
23:49:05 INFO  [Nylon]: Finished Core Initialization!
23:49:05 INFO  [Nylon]: Expecting: "GH3Deluxe\pak\gh3dx.pak"
23:49:05 INFO  [Nylon]: Found it! Loading...
23:49:05 INFO  [Nylon]: Done!
23:49:06 INFO  [Nylon]: Hooking DirectX 9...
23:49:06 INFO  [Nylon]: Hooked function at address: 0x599D6500
23:49:06 INFO  [Nylon]: Hooked function at address: 0x599D6120
23:49:06 INFO  [Nylon]: Hooked function at address: 0x7AB0B040
23:49:06 ERROR [Nylon]: Failed to hook function at address: 0x7AB0B040 Error Code: 3
23:49:06 INFO  [Nylon]: Finished hooking DirectX 9.
23:49:06 INFO  [Nylon]: Hooked function at address: 0x7AB0C550
23:49:06 ERROR [Nylon]: Failed to hook function at address: 0x7AB0C550 Error Code: 3
23:49:06 INFO  [Nylon]: KeyboardSetCooperativeLevel -> 6
23:49:06 INFO  [Nylon]: KeyboardSetCooperativeLevel -> 5
23:49:09 INFO  [GH3]: {
23:49:09 INFO  [GH3]:   Unknown(0x69d0dfaf) (QTypeInt) : 3
23:49:09 INFO  [GH3]:   Unknown(0xd4c98794) (QTypeWString) : "CHECKING..."
23:49:09 INFO  [GH3]:   Unknown(0x26bf66f3) (QTypeQbStruct) : 
23:49:09 INFO  [GH3]: 	{
23:49:09 INFO  [GH3]: 	  Unknown(0xc4745838) (QTypeWString) : "Checking storage device..."
23:49:09 INFO  [GH3]: 	}
23:49:09 INFO  [GH3]: }
23:49:09 INFO  [GH3]: {
23:49:09 INFO  [GH3]:   Unknown(0x69d0dfaf) (QTypeInt) : 3
23:49:09 INFO  [GH3]:   Unknown(0x26bf66f3) (QTypeQbStruct) : 
23:49:09 INFO  [GH3]: 	{
23:49:09 INFO  [GH3]: 	  Unknown(0xc4745838) (QTypeWString) : "Game content is damaged and cannot be used. Do you want to delete this content? All progress within this save content will be lost."
23:49:09 INFO  [GH3]: 	  Unknown(0x34a68574) (QTypePair) : (800, 500)
23:49:09 INFO  [GH3]: 	  Unknown(0x7f261953) (QTypePair) : (640, 375)
23:49:09 INFO  [GH3]: 	  Unknown(0x13b9da7b) (QTypeFloat) : 0.5
23:49:09 INFO  [GH3]: 	}
23:49:09 INFO  [GH3]:   Unknown(0xe787d761) (QTypePair) : (640, 465)
23:49:09 INFO  [GH3]:   Unknown(0xad8a5a63) (QTypePair) : (256, 64)
23:49:09 INFO  [GH3]:   Unknown(0x2fca0578) (QTypeQbArray) : Type:"QTypeQbArray" Size:1089258384
23:49:09 INFO  [GH3]: }
23:49:09 INFO  [GH3]: {
23:49:09 INFO  [GH3]:   Unknown(0x69d0dfaf) (QTypeInt) : 3
23:49:09 INFO  [GH3]:   Unknown(0xd4c98794) (QTypeWString) : "SUCCESSFUL"
23:49:09 INFO  [GH3]:   Unknown(0x26bf66f3) (QTypeQbStruct) : 
23:49:09 INFO  [GH3]: 	{
23:49:09 INFO  [GH3]: 	  Unknown(0xc4745838) (QTypeWString) : "Load successful."
23:49:09 INFO  [GH3]: 	}
23:49:09 INFO  [GH3]: }
23:49:11 INFO  [GH3]: {
23:49:11 INFO  [GH3]:   Unknown(0x7323e97c) (QTypeQbArray) : Type:"QTypeQbArray" Size:1092871600
23:49:11 INFO  [GH3]: }
